[2024-09-24T04:10:20.027+0000] {processor.py:157} INFO - Started process (PID=47) to work on /home/airflow/.local/lib/python3.8/site-packages/airflow/example_dags/example_kubernetes_executor.py
[2024-09-24T04:10:20.029+0000] {processor.py:829} INFO - Processing file /home/airflow/.local/lib/python3.8/site-packages/airflow/example_dags/example_kubernetes_executor.py for tasks to queue
[2024-09-24T04:10:20.036+0000] {logging_mixin.py:151} INFO - [2024-09-24T04:10:20.035+0000] {dagbag.py:539} INFO - Filling up the DagBag from /home/airflow/.local/lib/python3.8/site-packages/airflow/example_dags/example_kubernetes_executor.py
[2024-09-24T04:10:22.809+0000] {processor.py:839} INFO - DAG(s) dict_keys(['example_kubernetes_executor']) retrieved from /home/airflow/.local/lib/python3.8/site-packages/airflow/example_dags/example_kubernetes_executor.py
[2024-09-24T04:10:22.949+0000] {logging_mixin.py:151} INFO - [2024-09-24T04:10:22.948+0000] {dag.py:2907} INFO - Sync 1 DAGs
[2024-09-24T04:10:22.977+0000] {logging_mixin.py:151} INFO - [2024-09-24T04:10:22.977+0000] {dag.py:3677} INFO - Setting next_dagrun for example_kubernetes_executor to None, run_after=None
[2024-09-24T04:10:23.041+0000] {processor.py:179} INFO - Processing /home/airflow/.local/lib/python3.8/site-packages/airflow/example_dags/example_kubernetes_executor.py took 3.022 seconds
[2024-09-24T05:05:28.314+0000] {processor.py:157} INFO - Started process (PID=81) to work on /home/airflow/.local/lib/python3.8/site-packages/airflow/example_dags/example_kubernetes_executor.py
[2024-09-24T05:05:28.317+0000] {processor.py:829} INFO - Processing file /home/airflow/.local/lib/python3.8/site-packages/airflow/example_dags/example_kubernetes_executor.py for tasks to queue
[2024-09-24T05:05:28.322+0000] {logging_mixin.py:151} INFO - [2024-09-24T05:05:28.321+0000] {dagbag.py:539} INFO - Filling up the DagBag from /home/airflow/.local/lib/python3.8/site-packages/airflow/example_dags/example_kubernetes_executor.py
[2024-09-24T05:05:35.345+0000] {processor.py:839} INFO - DAG(s) dict_keys(['example_kubernetes_executor']) retrieved from /home/airflow/.local/lib/python3.8/site-packages/airflow/example_dags/example_kubernetes_executor.py
[2024-09-24T05:05:35.538+0000] {logging_mixin.py:151} INFO - [2024-09-24T05:05:35.535+0000] {dag.py:2907} INFO - Sync 1 DAGs
[2024-09-24T05:05:35.597+0000] {logging_mixin.py:151} INFO - [2024-09-24T05:05:35.597+0000] {dag.py:3677} INFO - Setting next_dagrun for example_kubernetes_executor to None, run_after=None
[2024-09-24T05:05:35.654+0000] {processor.py:179} INFO - Processing /home/airflow/.local/lib/python3.8/site-packages/airflow/example_dags/example_kubernetes_executor.py took 7.346 seconds
[2024-09-24T05:06:06.348+0000] {processor.py:157} INFO - Started process (PID=139) to work on /home/airflow/.local/lib/python3.8/site-packages/airflow/example_dags/example_kubernetes_executor.py
[2024-09-24T05:06:06.383+0000] {processor.py:829} INFO - Processing file /home/airflow/.local/lib/python3.8/site-packages/airflow/example_dags/example_kubernetes_executor.py for tasks to queue
[2024-09-24T05:06:07.163+0000] {logging_mixin.py:151} INFO - [2024-09-24T05:06:06.428+0000] {dagbag.py:539} INFO - Filling up the DagBag from /home/airflow/.local/lib/python3.8/site-packages/airflow/example_dags/example_kubernetes_executor.py
[2024-09-24T05:06:07.971+0000] {processor.py:839} INFO - DAG(s) dict_keys(['example_kubernetes_executor']) retrieved from /home/airflow/.local/lib/python3.8/site-packages/airflow/example_dags/example_kubernetes_executor.py
[2024-09-24T05:06:08.066+0000] {logging_mixin.py:151} INFO - [2024-09-24T05:06:08.065+0000] {dag.py:2907} INFO - Sync 1 DAGs
[2024-09-24T05:06:08.085+0000] {logging_mixin.py:151} INFO - [2024-09-24T05:06:08.085+0000] {dag.py:3677} INFO - Setting next_dagrun for example_kubernetes_executor to None, run_after=None
[2024-09-24T05:06:08.113+0000] {processor.py:179} INFO - Processing /home/airflow/.local/lib/python3.8/site-packages/airflow/example_dags/example_kubernetes_executor.py took 1.855 seconds
[2024-09-24T05:06:38.740+0000] {processor.py:157} INFO - Started process (PID=196) to work on /home/airflow/.local/lib/python3.8/site-packages/airflow/example_dags/example_kubernetes_executor.py
[2024-09-24T05:06:38.742+0000] {processor.py:829} INFO - Processing file /home/airflow/.local/lib/python3.8/site-packages/airflow/example_dags/example_kubernetes_executor.py for tasks to queue
[2024-09-24T05:06:38.745+0000] {logging_mixin.py:151} INFO - [2024-09-24T05:06:38.745+0000] {dagbag.py:539} INFO - Filling up the DagBag from /home/airflow/.local/lib/python3.8/site-packages/airflow/example_dags/example_kubernetes_executor.py
[2024-09-24T05:06:39.067+0000] {processor.py:839} INFO - DAG(s) dict_keys(['example_kubernetes_executor']) retrieved from /home/airflow/.local/lib/python3.8/site-packages/airflow/example_dags/example_kubernetes_executor.py
[2024-09-24T05:06:39.123+0000] {logging_mixin.py:151} INFO - [2024-09-24T05:06:39.122+0000] {dag.py:2907} INFO - Sync 1 DAGs
[2024-09-24T05:06:39.138+0000] {logging_mixin.py:151} INFO - [2024-09-24T05:06:39.137+0000] {dag.py:3677} INFO - Setting next_dagrun for example_kubernetes_executor to None, run_after=None
[2024-09-24T05:06:39.162+0000] {processor.py:179} INFO - Processing /home/airflow/.local/lib/python3.8/site-packages/airflow/example_dags/example_kubernetes_executor.py took 0.427 seconds
[2024-09-24T05:07:09.407+0000] {processor.py:157} INFO - Started process (PID=252) to work on /home/airflow/.local/lib/python3.8/site-packages/airflow/example_dags/example_kubernetes_executor.py
[2024-09-24T05:07:09.409+0000] {processor.py:829} INFO - Processing file /home/airflow/.local/lib/python3.8/site-packages/airflow/example_dags/example_kubernetes_executor.py for tasks to queue
[2024-09-24T05:07:09.411+0000] {logging_mixin.py:151} INFO - [2024-09-24T05:07:09.411+0000] {dagbag.py:539} INFO - Filling up the DagBag from /home/airflow/.local/lib/python3.8/site-packages/airflow/example_dags/example_kubernetes_executor.py
[2024-09-24T05:07:09.698+0000] {processor.py:839} INFO - DAG(s) dict_keys(['example_kubernetes_executor']) retrieved from /home/airflow/.local/lib/python3.8/site-packages/airflow/example_dags/example_kubernetes_executor.py
[2024-09-24T05:07:09.749+0000] {logging_mixin.py:151} INFO - [2024-09-24T05:07:09.748+0000] {dag.py:2907} INFO - Sync 1 DAGs
[2024-09-24T05:07:09.764+0000] {logging_mixin.py:151} INFO - [2024-09-24T05:07:09.764+0000] {dag.py:3677} INFO - Setting next_dagrun for example_kubernetes_executor to None, run_after=None
[2024-09-24T05:07:09.799+0000] {processor.py:179} INFO - Processing /home/airflow/.local/lib/python3.8/site-packages/airflow/example_dags/example_kubernetes_executor.py took 0.396 seconds
[2024-09-24T05:07:40.268+0000] {processor.py:157} INFO - Started process (PID=310) to work on /home/airflow/.local/lib/python3.8/site-packages/airflow/example_dags/example_kubernetes_executor.py
[2024-09-24T05:07:40.270+0000] {processor.py:829} INFO - Processing file /home/airflow/.local/lib/python3.8/site-packages/airflow/example_dags/example_kubernetes_executor.py for tasks to queue
[2024-09-24T05:07:40.273+0000] {logging_mixin.py:151} INFO - [2024-09-24T05:07:40.273+0000] {dagbag.py:539} INFO - Filling up the DagBag from /home/airflow/.local/lib/python3.8/site-packages/airflow/example_dags/example_kubernetes_executor.py
[2024-09-24T05:07:40.544+0000] {processor.py:839} INFO - DAG(s) dict_keys(['example_kubernetes_executor']) retrieved from /home/airflow/.local/lib/python3.8/site-packages/airflow/example_dags/example_kubernetes_executor.py
[2024-09-24T05:07:40.590+0000] {logging_mixin.py:151} INFO - [2024-09-24T05:07:40.589+0000] {dag.py:2907} INFO - Sync 1 DAGs
[2024-09-24T05:07:40.604+0000] {logging_mixin.py:151} INFO - [2024-09-24T05:07:40.604+0000] {dag.py:3677} INFO - Setting next_dagrun for example_kubernetes_executor to None, run_after=None
[2024-09-24T05:07:40.629+0000] {processor.py:179} INFO - Processing /home/airflow/.local/lib/python3.8/site-packages/airflow/example_dags/example_kubernetes_executor.py took 0.364 seconds
[2024-09-24T05:08:11.504+0000] {processor.py:157} INFO - Started process (PID=366) to work on /home/airflow/.local/lib/python3.8/site-packages/airflow/example_dags/example_kubernetes_executor.py
[2024-09-24T05:08:11.505+0000] {processor.py:829} INFO - Processing file /home/airflow/.local/lib/python3.8/site-packages/airflow/example_dags/example_kubernetes_executor.py for tasks to queue
[2024-09-24T05:08:11.508+0000] {logging_mixin.py:151} INFO - [2024-09-24T05:08:11.507+0000] {dagbag.py:539} INFO - Filling up the DagBag from /home/airflow/.local/lib/python3.8/site-packages/airflow/example_dags/example_kubernetes_executor.py
[2024-09-24T05:08:11.772+0000] {processor.py:839} INFO - DAG(s) dict_keys(['example_kubernetes_executor']) retrieved from /home/airflow/.local/lib/python3.8/site-packages/airflow/example_dags/example_kubernetes_executor.py
[2024-09-24T05:08:11.813+0000] {logging_mixin.py:151} INFO - [2024-09-24T05:08:11.813+0000] {dag.py:2907} INFO - Sync 1 DAGs
[2024-09-24T05:08:11.937+0000] {logging_mixin.py:151} INFO - [2024-09-24T05:08:11.937+0000] {dag.py:3677} INFO - Setting next_dagrun for example_kubernetes_executor to None, run_after=None
[2024-09-24T05:08:12.504+0000] {processor.py:179} INFO - Processing /home/airflow/.local/lib/python3.8/site-packages/airflow/example_dags/example_kubernetes_executor.py took 1.003 seconds
[2024-09-24T05:08:42.929+0000] {processor.py:157} INFO - Started process (PID=422) to work on /home/airflow/.local/lib/python3.8/site-packages/airflow/example_dags/example_kubernetes_executor.py
[2024-09-24T05:08:42.932+0000] {processor.py:829} INFO - Processing file /home/airflow/.local/lib/python3.8/site-packages/airflow/example_dags/example_kubernetes_executor.py for tasks to queue
[2024-09-24T05:08:42.936+0000] {logging_mixin.py:151} INFO - [2024-09-24T05:08:42.935+0000] {dagbag.py:539} INFO - Filling up the DagBag from /home/airflow/.local/lib/python3.8/site-packages/airflow/example_dags/example_kubernetes_executor.py
[2024-09-24T05:08:43.216+0000] {processor.py:839} INFO - DAG(s) dict_keys(['example_kubernetes_executor']) retrieved from /home/airflow/.local/lib/python3.8/site-packages/airflow/example_dags/example_kubernetes_executor.py
[2024-09-24T05:08:43.262+0000] {logging_mixin.py:151} INFO - [2024-09-24T05:08:43.261+0000] {dag.py:2907} INFO - Sync 1 DAGs
[2024-09-24T05:08:43.277+0000] {logging_mixin.py:151} INFO - [2024-09-24T05:08:43.277+0000] {dag.py:3677} INFO - Setting next_dagrun for example_kubernetes_executor to None, run_after=None
[2024-09-24T05:08:43.306+0000] {processor.py:179} INFO - Processing /home/airflow/.local/lib/python3.8/site-packages/airflow/example_dags/example_kubernetes_executor.py took 0.380 seconds
[2024-09-24T05:09:13.719+0000] {processor.py:157} INFO - Started process (PID=478) to work on /home/airflow/.local/lib/python3.8/site-packages/airflow/example_dags/example_kubernetes_executor.py
[2024-09-24T05:09:13.814+0000] {processor.py:829} INFO - Processing file /home/airflow/.local/lib/python3.8/site-packages/airflow/example_dags/example_kubernetes_executor.py for tasks to queue
[2024-09-24T05:09:13.822+0000] {logging_mixin.py:151} INFO - [2024-09-24T05:09:13.821+0000] {dagbag.py:539} INFO - Filling up the DagBag from /home/airflow/.local/lib/python3.8/site-packages/airflow/example_dags/example_kubernetes_executor.py
[2024-09-24T05:09:14.276+0000] {processor.py:839} INFO - DAG(s) dict_keys(['example_kubernetes_executor']) retrieved from /home/airflow/.local/lib/python3.8/site-packages/airflow/example_dags/example_kubernetes_executor.py
[2024-09-24T05:09:14.327+0000] {logging_mixin.py:151} INFO - [2024-09-24T05:09:14.327+0000] {dag.py:2907} INFO - Sync 1 DAGs
[2024-09-24T05:09:14.344+0000] {logging_mixin.py:151} INFO - [2024-09-24T05:09:14.344+0000] {dag.py:3677} INFO - Setting next_dagrun for example_kubernetes_executor to None, run_after=None
[2024-09-24T05:09:14.369+0000] {processor.py:179} INFO - Processing /home/airflow/.local/lib/python3.8/site-packages/airflow/example_dags/example_kubernetes_executor.py took 0.831 seconds
[2024-09-24T05:09:44.926+0000] {processor.py:157} INFO - Started process (PID=534) to work on /home/airflow/.local/lib/python3.8/site-packages/airflow/example_dags/example_kubernetes_executor.py
[2024-09-24T05:09:44.928+0000] {processor.py:829} INFO - Processing file /home/airflow/.local/lib/python3.8/site-packages/airflow/example_dags/example_kubernetes_executor.py for tasks to queue
[2024-09-24T05:09:44.931+0000] {logging_mixin.py:151} INFO - [2024-09-24T05:09:44.931+0000] {dagbag.py:539} INFO - Filling up the DagBag from /home/airflow/.local/lib/python3.8/site-packages/airflow/example_dags/example_kubernetes_executor.py
[2024-09-24T05:09:45.240+0000] {processor.py:839} INFO - DAG(s) dict_keys(['example_kubernetes_executor']) retrieved from /home/airflow/.local/lib/python3.8/site-packages/airflow/example_dags/example_kubernetes_executor.py
[2024-09-24T05:09:45.337+0000] {logging_mixin.py:151} INFO - [2024-09-24T05:09:45.337+0000] {dag.py:2907} INFO - Sync 1 DAGs
[2024-09-24T05:09:45.366+0000] {logging_mixin.py:151} INFO - [2024-09-24T05:09:45.366+0000] {dag.py:3677} INFO - Setting next_dagrun for example_kubernetes_executor to None, run_after=None
[2024-09-24T05:09:45.410+0000] {processor.py:179} INFO - Processing /home/airflow/.local/lib/python3.8/site-packages/airflow/example_dags/example_kubernetes_executor.py took 0.489 seconds
[2024-09-24T05:10:15.522+0000] {processor.py:157} INFO - Started process (PID=590) to work on /home/airflow/.local/lib/python3.8/site-packages/airflow/example_dags/example_kubernetes_executor.py
[2024-09-24T05:10:15.524+0000] {processor.py:829} INFO - Processing file /home/airflow/.local/lib/python3.8/site-packages/airflow/example_dags/example_kubernetes_executor.py for tasks to queue
[2024-09-24T05:10:15.536+0000] {logging_mixin.py:151} INFO - [2024-09-24T05:10:15.535+0000] {dagbag.py:539} INFO - Filling up the DagBag from /home/airflow/.local/lib/python3.8/site-packages/airflow/example_dags/example_kubernetes_executor.py
[2024-09-24T05:10:16.014+0000] {processor.py:839} INFO - DAG(s) dict_keys(['example_kubernetes_executor']) retrieved from /home/airflow/.local/lib/python3.8/site-packages/airflow/example_dags/example_kubernetes_executor.py
[2024-09-24T05:10:16.085+0000] {logging_mixin.py:151} INFO - [2024-09-24T05:10:16.085+0000] {dag.py:2907} INFO - Sync 1 DAGs
[2024-09-24T05:10:16.121+0000] {logging_mixin.py:151} INFO - [2024-09-24T05:10:16.120+0000] {dag.py:3677} INFO - Setting next_dagrun for example_kubernetes_executor to None, run_after=None
[2024-09-24T05:10:16.170+0000] {processor.py:179} INFO - Processing /home/airflow/.local/lib/python3.8/site-packages/airflow/example_dags/example_kubernetes_executor.py took 0.662 seconds
[2024-09-24T05:10:47.028+0000] {processor.py:157} INFO - Started process (PID=648) to work on /home/airflow/.local/lib/python3.8/site-packages/airflow/example_dags/example_kubernetes_executor.py
[2024-09-24T05:10:47.030+0000] {processor.py:829} INFO - Processing file /home/airflow/.local/lib/python3.8/site-packages/airflow/example_dags/example_kubernetes_executor.py for tasks to queue
[2024-09-24T05:10:47.035+0000] {logging_mixin.py:151} INFO - [2024-09-24T05:10:47.035+0000] {dagbag.py:539} INFO - Filling up the DagBag from /home/airflow/.local/lib/python3.8/site-packages/airflow/example_dags/example_kubernetes_executor.py
[2024-09-24T05:10:47.449+0000] {processor.py:839} INFO - DAG(s) dict_keys(['example_kubernetes_executor']) retrieved from /home/airflow/.local/lib/python3.8/site-packages/airflow/example_dags/example_kubernetes_executor.py
[2024-09-24T05:10:47.494+0000] {logging_mixin.py:151} INFO - [2024-09-24T05:10:47.493+0000] {dag.py:2907} INFO - Sync 1 DAGs
[2024-09-24T05:10:47.509+0000] {logging_mixin.py:151} INFO - [2024-09-24T05:10:47.508+0000] {dag.py:3677} INFO - Setting next_dagrun for example_kubernetes_executor to None, run_after=None
[2024-09-24T05:10:47.571+0000] {processor.py:179} INFO - Processing /home/airflow/.local/lib/python3.8/site-packages/airflow/example_dags/example_kubernetes_executor.py took 0.548 seconds
[2024-09-24T05:11:18.515+0000] {processor.py:157} INFO - Started process (PID=704) to work on /home/airflow/.local/lib/python3.8/site-packages/airflow/example_dags/example_kubernetes_executor.py
[2024-09-24T05:11:18.517+0000] {processor.py:829} INFO - Processing file /home/airflow/.local/lib/python3.8/site-packages/airflow/example_dags/example_kubernetes_executor.py for tasks to queue
[2024-09-24T05:11:18.520+0000] {logging_mixin.py:151} INFO - [2024-09-24T05:11:18.520+0000] {dagbag.py:539} INFO - Filling up the DagBag from /home/airflow/.local/lib/python3.8/site-packages/airflow/example_dags/example_kubernetes_executor.py
[2024-09-24T05:11:18.827+0000] {processor.py:839} INFO - DAG(s) dict_keys(['example_kubernetes_executor']) retrieved from /home/airflow/.local/lib/python3.8/site-packages/airflow/example_dags/example_kubernetes_executor.py
[2024-09-24T05:11:18.873+0000] {logging_mixin.py:151} INFO - [2024-09-24T05:11:18.872+0000] {dag.py:2907} INFO - Sync 1 DAGs
[2024-09-24T05:11:18.892+0000] {logging_mixin.py:151} INFO - [2024-09-24T05:11:18.892+0000] {dag.py:3677} INFO - Setting next_dagrun for example_kubernetes_executor to None, run_after=None
[2024-09-24T05:11:18.921+0000] {processor.py:179} INFO - Processing /home/airflow/.local/lib/python3.8/site-packages/airflow/example_dags/example_kubernetes_executor.py took 0.409 seconds
[2024-09-24T05:11:49.711+0000] {processor.py:157} INFO - Started process (PID=760) to work on /home/airflow/.local/lib/python3.8/site-packages/airflow/example_dags/example_kubernetes_executor.py
[2024-09-24T05:11:49.713+0000] {processor.py:829} INFO - Processing file /home/airflow/.local/lib/python3.8/site-packages/airflow/example_dags/example_kubernetes_executor.py for tasks to queue
[2024-09-24T05:11:49.717+0000] {logging_mixin.py:151} INFO - [2024-09-24T05:11:49.716+0000] {dagbag.py:539} INFO - Filling up the DagBag from /home/airflow/.local/lib/python3.8/site-packages/airflow/example_dags/example_kubernetes_executor.py
[2024-09-24T05:11:50.032+0000] {processor.py:839} INFO - DAG(s) dict_keys(['example_kubernetes_executor']) retrieved from /home/airflow/.local/lib/python3.8/site-packages/airflow/example_dags/example_kubernetes_executor.py
[2024-09-24T05:11:50.077+0000] {logging_mixin.py:151} INFO - [2024-09-24T05:11:50.076+0000] {dag.py:2907} INFO - Sync 1 DAGs
[2024-09-24T05:11:50.090+0000] {logging_mixin.py:151} INFO - [2024-09-24T05:11:50.090+0000] {dag.py:3677} INFO - Setting next_dagrun for example_kubernetes_executor to None, run_after=None
[2024-09-24T05:11:50.118+0000] {processor.py:179} INFO - Processing /home/airflow/.local/lib/python3.8/site-packages/airflow/example_dags/example_kubernetes_executor.py took 0.413 seconds
[2024-09-24T05:12:20.444+0000] {processor.py:157} INFO - Started process (PID=816) to work on /home/airflow/.local/lib/python3.8/site-packages/airflow/example_dags/example_kubernetes_executor.py
[2024-09-24T05:12:20.446+0000] {processor.py:829} INFO - Processing file /home/airflow/.local/lib/python3.8/site-packages/airflow/example_dags/example_kubernetes_executor.py for tasks to queue
[2024-09-24T05:12:20.449+0000] {logging_mixin.py:151} INFO - [2024-09-24T05:12:20.449+0000] {dagbag.py:539} INFO - Filling up the DagBag from /home/airflow/.local/lib/python3.8/site-packages/airflow/example_dags/example_kubernetes_executor.py
[2024-09-24T05:12:20.719+0000] {processor.py:839} INFO - DAG(s) dict_keys(['example_kubernetes_executor']) retrieved from /home/airflow/.local/lib/python3.8/site-packages/airflow/example_dags/example_kubernetes_executor.py
[2024-09-24T05:12:20.760+0000] {logging_mixin.py:151} INFO - [2024-09-24T05:12:20.759+0000] {dag.py:2907} INFO - Sync 1 DAGs
[2024-09-24T05:12:20.773+0000] {logging_mixin.py:151} INFO - [2024-09-24T05:12:20.773+0000] {dag.py:3677} INFO - Setting next_dagrun for example_kubernetes_executor to None, run_after=None
[2024-09-24T05:12:20.799+0000] {processor.py:179} INFO - Processing /home/airflow/.local/lib/python3.8/site-packages/airflow/example_dags/example_kubernetes_executor.py took 0.360 seconds
[2024-09-24T05:12:50.859+0000] {processor.py:157} INFO - Started process (PID=878) to work on /home/airflow/.local/lib/python3.8/site-packages/airflow/example_dags/example_kubernetes_executor.py
[2024-09-24T05:12:50.860+0000] {processor.py:829} INFO - Processing file /home/airflow/.local/lib/python3.8/site-packages/airflow/example_dags/example_kubernetes_executor.py for tasks to queue
[2024-09-24T05:12:50.863+0000] {logging_mixin.py:151} INFO - [2024-09-24T05:12:50.863+0000] {dagbag.py:539} INFO - Filling up the DagBag from /home/airflow/.local/lib/python3.8/site-packages/airflow/example_dags/example_kubernetes_executor.py
[2024-09-24T05:12:51.226+0000] {processor.py:839} INFO - DAG(s) dict_keys(['example_kubernetes_executor']) retrieved from /home/airflow/.local/lib/python3.8/site-packages/airflow/example_dags/example_kubernetes_executor.py
[2024-09-24T05:12:51.272+0000] {logging_mixin.py:151} INFO - [2024-09-24T05:12:51.272+0000] {dag.py:2907} INFO - Sync 1 DAGs
[2024-09-24T05:12:51.286+0000] {logging_mixin.py:151} INFO - [2024-09-24T05:12:51.286+0000] {dag.py:3677} INFO - Setting next_dagrun for example_kubernetes_executor to None, run_after=None
[2024-09-24T05:12:51.310+0000] {processor.py:179} INFO - Processing /home/airflow/.local/lib/python3.8/site-packages/airflow/example_dags/example_kubernetes_executor.py took 0.454 seconds
[2024-09-24T05:13:21.912+0000] {processor.py:157} INFO - Started process (PID=935) to work on /home/airflow/.local/lib/python3.8/site-packages/airflow/example_dags/example_kubernetes_executor.py
[2024-09-24T05:13:21.914+0000] {processor.py:829} INFO - Processing file /home/airflow/.local/lib/python3.8/site-packages/airflow/example_dags/example_kubernetes_executor.py for tasks to queue
[2024-09-24T05:13:21.916+0000] {logging_mixin.py:151} INFO - [2024-09-24T05:13:21.916+0000] {dagbag.py:539} INFO - Filling up the DagBag from /home/airflow/.local/lib/python3.8/site-packages/airflow/example_dags/example_kubernetes_executor.py
[2024-09-24T05:13:22.162+0000] {processor.py:839} INFO - DAG(s) dict_keys(['example_kubernetes_executor']) retrieved from /home/airflow/.local/lib/python3.8/site-packages/airflow/example_dags/example_kubernetes_executor.py
[2024-09-24T05:13:22.209+0000] {logging_mixin.py:151} INFO - [2024-09-24T05:13:22.209+0000] {dag.py:2907} INFO - Sync 1 DAGs
[2024-09-24T05:13:22.223+0000] {logging_mixin.py:151} INFO - [2024-09-24T05:13:22.223+0000] {dag.py:3677} INFO - Setting next_dagrun for example_kubernetes_executor to None, run_after=None
[2024-09-24T05:13:22.251+0000] {processor.py:179} INFO - Processing /home/airflow/.local/lib/python3.8/site-packages/airflow/example_dags/example_kubernetes_executor.py took 0.342 seconds
[2024-09-24T05:13:52.360+0000] {processor.py:157} INFO - Started process (PID=991) to work on /home/airflow/.local/lib/python3.8/site-packages/airflow/example_dags/example_kubernetes_executor.py
[2024-09-24T05:13:52.363+0000] {processor.py:829} INFO - Processing file /home/airflow/.local/lib/python3.8/site-packages/airflow/example_dags/example_kubernetes_executor.py for tasks to queue
[2024-09-24T05:13:52.367+0000] {logging_mixin.py:151} INFO - [2024-09-24T05:13:52.367+0000] {dagbag.py:539} INFO - Filling up the DagBag from /home/airflow/.local/lib/python3.8/site-packages/airflow/example_dags/example_kubernetes_executor.py
[2024-09-24T05:13:52.748+0000] {processor.py:839} INFO - DAG(s) dict_keys(['example_kubernetes_executor']) retrieved from /home/airflow/.local/lib/python3.8/site-packages/airflow/example_dags/example_kubernetes_executor.py
[2024-09-24T05:13:52.789+0000] {logging_mixin.py:151} INFO - [2024-09-24T05:13:52.789+0000] {dag.py:2907} INFO - Sync 1 DAGs
[2024-09-24T05:13:52.810+0000] {logging_mixin.py:151} INFO - [2024-09-24T05:13:52.810+0000] {dag.py:3677} INFO - Setting next_dagrun for example_kubernetes_executor to None, run_after=None
[2024-09-24T05:13:52.839+0000] {processor.py:179} INFO - Processing /home/airflow/.local/lib/python3.8/site-packages/airflow/example_dags/example_kubernetes_executor.py took 0.485 seconds
[2024-09-24T05:14:22.987+0000] {processor.py:157} INFO - Started process (PID=1047) to work on /home/airflow/.local/lib/python3.8/site-packages/airflow/example_dags/example_kubernetes_executor.py
[2024-09-24T05:14:22.988+0000] {processor.py:829} INFO - Processing file /home/airflow/.local/lib/python3.8/site-packages/airflow/example_dags/example_kubernetes_executor.py for tasks to queue
[2024-09-24T05:14:22.991+0000] {logging_mixin.py:151} INFO - [2024-09-24T05:14:22.991+0000] {dagbag.py:539} INFO - Filling up the DagBag from /home/airflow/.local/lib/python3.8/site-packages/airflow/example_dags/example_kubernetes_executor.py
[2024-09-24T05:14:23.280+0000] {processor.py:839} INFO - DAG(s) dict_keys(['example_kubernetes_executor']) retrieved from /home/airflow/.local/lib/python3.8/site-packages/airflow/example_dags/example_kubernetes_executor.py
[2024-09-24T05:14:23.351+0000] {logging_mixin.py:151} INFO - [2024-09-24T05:14:23.350+0000] {dag.py:2907} INFO - Sync 1 DAGs
[2024-09-24T05:14:23.368+0000] {logging_mixin.py:151} INFO - [2024-09-24T05:14:23.368+0000] {dag.py:3677} INFO - Setting next_dagrun for example_kubernetes_executor to None, run_after=None
[2024-09-24T05:14:23.395+0000] {processor.py:179} INFO - Processing /home/airflow/.local/lib/python3.8/site-packages/airflow/example_dags/example_kubernetes_executor.py took 0.411 seconds
[2024-09-24T05:14:54.294+0000] {processor.py:157} INFO - Started process (PID=1103) to work on /home/airflow/.local/lib/python3.8/site-packages/airflow/example_dags/example_kubernetes_executor.py
[2024-09-24T05:14:54.295+0000] {processor.py:829} INFO - Processing file /home/airflow/.local/lib/python3.8/site-packages/airflow/example_dags/example_kubernetes_executor.py for tasks to queue
[2024-09-24T05:14:54.298+0000] {logging_mixin.py:151} INFO - [2024-09-24T05:14:54.298+0000] {dagbag.py:539} INFO - Filling up the DagBag from /home/airflow/.local/lib/python3.8/site-packages/airflow/example_dags/example_kubernetes_executor.py
[2024-09-24T05:14:54.580+0000] {processor.py:839} INFO - DAG(s) dict_keys(['example_kubernetes_executor']) retrieved from /home/airflow/.local/lib/python3.8/site-packages/airflow/example_dags/example_kubernetes_executor.py
[2024-09-24T05:14:54.624+0000] {logging_mixin.py:151} INFO - [2024-09-24T05:14:54.624+0000] {dag.py:2907} INFO - Sync 1 DAGs
[2024-09-24T05:14:54.638+0000] {logging_mixin.py:151} INFO - [2024-09-24T05:14:54.637+0000] {dag.py:3677} INFO - Setting next_dagrun for example_kubernetes_executor to None, run_after=None
[2024-09-24T05:14:54.666+0000] {processor.py:179} INFO - Processing /home/airflow/.local/lib/python3.8/site-packages/airflow/example_dags/example_kubernetes_executor.py took 0.376 seconds
