[2024-09-24T04:10:28.846+0000] {processor.py:157} INFO - Started process (PID=69) to work on /home/airflow/.local/lib/python3.8/site-packages/airflow/example_dags/example_task_group.py
[2024-09-24T04:10:28.848+0000] {processor.py:829} INFO - Processing file /home/airflow/.local/lib/python3.8/site-packages/airflow/example_dags/example_task_group.py for tasks to queue
[2024-09-24T04:10:28.851+0000] {logging_mixin.py:151} INFO - [2024-09-24T04:10:28.851+0000] {dagbag.py:539} INFO - Filling up the DagBag from /home/airflow/.local/lib/python3.8/site-packages/airflow/example_dags/example_task_group.py
[2024-09-24T04:10:28.864+0000] {processor.py:839} INFO - DAG(s) dict_keys(['example_task_group']) retrieved from /home/airflow/.local/lib/python3.8/site-packages/airflow/example_dags/example_task_group.py
[2024-09-24T04:10:28.922+0000] {logging_mixin.py:151} INFO - [2024-09-24T04:10:28.921+0000] {dag.py:2907} INFO - Sync 1 DAGs
[2024-09-24T04:10:28.955+0000] {logging_mixin.py:151} INFO - [2024-09-24T04:10:28.954+0000] {dag.py:3677} INFO - Setting next_dagrun for example_task_group to 2024-09-23T04:10:28.954489+00:00, run_after=2024-09-24T04:10:28.954489+00:00
[2024-09-24T04:10:29.304+0000] {processor.py:179} INFO - Processing /home/airflow/.local/lib/python3.8/site-packages/airflow/example_dags/example_task_group.py took 0.464 seconds
[2024-09-24T05:05:49.877+0000] {processor.py:157} INFO - Started process (PID=99) to work on /home/airflow/.local/lib/python3.8/site-packages/airflow/example_dags/example_task_group.py
[2024-09-24T05:05:49.879+0000] {processor.py:829} INFO - Processing file /home/airflow/.local/lib/python3.8/site-packages/airflow/example_dags/example_task_group.py for tasks to queue
[2024-09-24T05:05:49.893+0000] {logging_mixin.py:151} INFO - [2024-09-24T05:05:49.892+0000] {dagbag.py:539} INFO - Filling up the DagBag from /home/airflow/.local/lib/python3.8/site-packages/airflow/example_dags/example_task_group.py
[2024-09-24T05:05:49.905+0000] {processor.py:839} INFO - DAG(s) dict_keys(['example_task_group']) retrieved from /home/airflow/.local/lib/python3.8/site-packages/airflow/example_dags/example_task_group.py
[2024-09-24T05:05:50.021+0000] {logging_mixin.py:151} INFO - [2024-09-24T05:05:50.020+0000] {dag.py:2907} INFO - Sync 1 DAGs
[2024-09-24T05:05:50.140+0000] {logging_mixin.py:151} INFO - [2024-09-24T05:05:50.139+0000] {dag.py:3677} INFO - Setting next_dagrun for example_task_group to 2024-09-23T05:05:50.136426+00:00, run_after=2024-09-24T05:05:50.136426+00:00
[2024-09-24T05:05:50.237+0000] {processor.py:179} INFO - Processing /home/airflow/.local/lib/python3.8/site-packages/airflow/example_dags/example_task_group.py took 0.366 seconds
[2024-09-24T05:06:20.334+0000] {processor.py:157} INFO - Started process (PID=154) to work on /home/airflow/.local/lib/python3.8/site-packages/airflow/example_dags/example_task_group.py
[2024-09-24T05:06:20.335+0000] {processor.py:829} INFO - Processing file /home/airflow/.local/lib/python3.8/site-packages/airflow/example_dags/example_task_group.py for tasks to queue
[2024-09-24T05:06:20.338+0000] {logging_mixin.py:151} INFO - [2024-09-24T05:06:20.338+0000] {dagbag.py:539} INFO - Filling up the DagBag from /home/airflow/.local/lib/python3.8/site-packages/airflow/example_dags/example_task_group.py
[2024-09-24T05:06:20.346+0000] {processor.py:839} INFO - DAG(s) dict_keys(['example_task_group']) retrieved from /home/airflow/.local/lib/python3.8/site-packages/airflow/example_dags/example_task_group.py
[2024-09-24T05:06:20.371+0000] {logging_mixin.py:151} INFO - [2024-09-24T05:06:20.371+0000] {dag.py:2907} INFO - Sync 1 DAGs
[2024-09-24T05:06:20.395+0000] {logging_mixin.py:151} INFO - [2024-09-24T05:06:20.394+0000] {dag.py:3677} INFO - Setting next_dagrun for example_task_group to 2024-09-23T05:06:20.394562+00:00, run_after=2024-09-24T05:06:20.394562+00:00
[2024-09-24T05:06:20.422+0000] {processor.py:179} INFO - Processing /home/airflow/.local/lib/python3.8/site-packages/airflow/example_dags/example_task_group.py took 0.091 seconds
[2024-09-24T05:06:50.879+0000] {processor.py:157} INFO - Started process (PID=210) to work on /home/airflow/.local/lib/python3.8/site-packages/airflow/example_dags/example_task_group.py
[2024-09-24T05:06:50.881+0000] {processor.py:829} INFO - Processing file /home/airflow/.local/lib/python3.8/site-packages/airflow/example_dags/example_task_group.py for tasks to queue
[2024-09-24T05:06:50.885+0000] {logging_mixin.py:151} INFO - [2024-09-24T05:06:50.884+0000] {dagbag.py:539} INFO - Filling up the DagBag from /home/airflow/.local/lib/python3.8/site-packages/airflow/example_dags/example_task_group.py
[2024-09-24T05:06:50.892+0000] {processor.py:839} INFO - DAG(s) dict_keys(['example_task_group']) retrieved from /home/airflow/.local/lib/python3.8/site-packages/airflow/example_dags/example_task_group.py
[2024-09-24T05:06:50.920+0000] {logging_mixin.py:151} INFO - [2024-09-24T05:06:50.920+0000] {dag.py:2907} INFO - Sync 1 DAGs
[2024-09-24T05:06:50.944+0000] {logging_mixin.py:151} INFO - [2024-09-24T05:06:50.943+0000] {dag.py:3677} INFO - Setting next_dagrun for example_task_group to 2024-09-23T05:06:50.943729+00:00, run_after=2024-09-24T05:06:50.943729+00:00
[2024-09-24T05:06:50.967+0000] {processor.py:179} INFO - Processing /home/airflow/.local/lib/python3.8/site-packages/airflow/example_dags/example_task_group.py took 0.092 seconds
[2024-09-24T05:07:21.528+0000] {processor.py:157} INFO - Started process (PID=266) to work on /home/airflow/.local/lib/python3.8/site-packages/airflow/example_dags/example_task_group.py
[2024-09-24T05:07:21.529+0000] {processor.py:829} INFO - Processing file /home/airflow/.local/lib/python3.8/site-packages/airflow/example_dags/example_task_group.py for tasks to queue
[2024-09-24T05:07:21.532+0000] {logging_mixin.py:151} INFO - [2024-09-24T05:07:21.531+0000] {dagbag.py:539} INFO - Filling up the DagBag from /home/airflow/.local/lib/python3.8/site-packages/airflow/example_dags/example_task_group.py
[2024-09-24T05:07:21.539+0000] {processor.py:839} INFO - DAG(s) dict_keys(['example_task_group']) retrieved from /home/airflow/.local/lib/python3.8/site-packages/airflow/example_dags/example_task_group.py
[2024-09-24T05:07:21.565+0000] {logging_mixin.py:151} INFO - [2024-09-24T05:07:21.564+0000] {dag.py:2907} INFO - Sync 1 DAGs
[2024-09-24T05:07:21.591+0000] {logging_mixin.py:151} INFO - [2024-09-24T05:07:21.591+0000] {dag.py:3677} INFO - Setting next_dagrun for example_task_group to 2024-09-23T05:07:21.591193+00:00, run_after=2024-09-24T05:07:21.591193+00:00
[2024-09-24T05:07:21.618+0000] {processor.py:179} INFO - Processing /home/airflow/.local/lib/python3.8/site-packages/airflow/example_dags/example_task_group.py took 0.094 seconds
[2024-09-24T05:07:52.018+0000] {processor.py:157} INFO - Started process (PID=322) to work on /home/airflow/.local/lib/python3.8/site-packages/airflow/example_dags/example_task_group.py
[2024-09-24T05:07:52.020+0000] {processor.py:829} INFO - Processing file /home/airflow/.local/lib/python3.8/site-packages/airflow/example_dags/example_task_group.py for tasks to queue
[2024-09-24T05:07:52.024+0000] {logging_mixin.py:151} INFO - [2024-09-24T05:07:52.023+0000] {dagbag.py:539} INFO - Filling up the DagBag from /home/airflow/.local/lib/python3.8/site-packages/airflow/example_dags/example_task_group.py
[2024-09-24T05:07:52.032+0000] {processor.py:839} INFO - DAG(s) dict_keys(['example_task_group']) retrieved from /home/airflow/.local/lib/python3.8/site-packages/airflow/example_dags/example_task_group.py
[2024-09-24T05:07:52.060+0000] {logging_mixin.py:151} INFO - [2024-09-24T05:07:52.059+0000] {dag.py:2907} INFO - Sync 1 DAGs
[2024-09-24T05:07:52.085+0000] {logging_mixin.py:151} INFO - [2024-09-24T05:07:52.085+0000] {dag.py:3677} INFO - Setting next_dagrun for example_task_group to 2024-09-23T05:07:52.084807+00:00, run_after=2024-09-24T05:07:52.084807+00:00
[2024-09-24T05:07:52.114+0000] {processor.py:179} INFO - Processing /home/airflow/.local/lib/python3.8/site-packages/airflow/example_dags/example_task_group.py took 0.099 seconds
[2024-09-24T05:08:22.423+0000] {processor.py:157} INFO - Started process (PID=378) to work on /home/airflow/.local/lib/python3.8/site-packages/airflow/example_dags/example_task_group.py
[2024-09-24T05:08:22.424+0000] {processor.py:829} INFO - Processing file /home/airflow/.local/lib/python3.8/site-packages/airflow/example_dags/example_task_group.py for tasks to queue
[2024-09-24T05:08:22.427+0000] {logging_mixin.py:151} INFO - [2024-09-24T05:08:22.427+0000] {dagbag.py:539} INFO - Filling up the DagBag from /home/airflow/.local/lib/python3.8/site-packages/airflow/example_dags/example_task_group.py
[2024-09-24T05:08:22.435+0000] {processor.py:839} INFO - DAG(s) dict_keys(['example_task_group']) retrieved from /home/airflow/.local/lib/python3.8/site-packages/airflow/example_dags/example_task_group.py
[2024-09-24T05:08:22.459+0000] {logging_mixin.py:151} INFO - [2024-09-24T05:08:22.458+0000] {dag.py:2907} INFO - Sync 1 DAGs
[2024-09-24T05:08:22.482+0000] {logging_mixin.py:151} INFO - [2024-09-24T05:08:22.482+0000] {dag.py:3677} INFO - Setting next_dagrun for example_task_group to 2024-09-23T05:08:22.482427+00:00, run_after=2024-09-24T05:08:22.482427+00:00
[2024-09-24T05:08:22.506+0000] {processor.py:179} INFO - Processing /home/airflow/.local/lib/python3.8/site-packages/airflow/example_dags/example_task_group.py took 0.086 seconds
[2024-09-24T05:08:54.218+0000] {processor.py:157} INFO - Started process (PID=441) to work on /home/airflow/.local/lib/python3.8/site-packages/airflow/example_dags/example_task_group.py
[2024-09-24T05:08:54.223+0000] {processor.py:829} INFO - Processing file /home/airflow/.local/lib/python3.8/site-packages/airflow/example_dags/example_task_group.py for tasks to queue
[2024-09-24T05:08:54.230+0000] {logging_mixin.py:151} INFO - [2024-09-24T05:08:54.228+0000] {dagbag.py:539} INFO - Filling up the DagBag from /home/airflow/.local/lib/python3.8/site-packages/airflow/example_dags/example_task_group.py
[2024-09-24T05:08:54.251+0000] {processor.py:839} INFO - DAG(s) dict_keys(['example_task_group']) retrieved from /home/airflow/.local/lib/python3.8/site-packages/airflow/example_dags/example_task_group.py
[2024-09-24T05:08:54.331+0000] {logging_mixin.py:151} INFO - [2024-09-24T05:08:54.330+0000] {dag.py:2907} INFO - Sync 1 DAGs
[2024-09-24T05:08:54.421+0000] {logging_mixin.py:151} INFO - [2024-09-24T05:08:54.420+0000] {dag.py:3677} INFO - Setting next_dagrun for example_task_group to 2024-09-23T05:08:54.420212+00:00, run_after=2024-09-24T05:08:54.420212+00:00
[2024-09-24T05:08:54.501+0000] {processor.py:179} INFO - Processing /home/airflow/.local/lib/python3.8/site-packages/airflow/example_dags/example_task_group.py took 0.294 seconds
[2024-09-24T05:09:25.144+0000] {processor.py:157} INFO - Started process (PID=497) to work on /home/airflow/.local/lib/python3.8/site-packages/airflow/example_dags/example_task_group.py
[2024-09-24T05:09:25.145+0000] {processor.py:829} INFO - Processing file /home/airflow/.local/lib/python3.8/site-packages/airflow/example_dags/example_task_group.py for tasks to queue
[2024-09-24T05:09:25.148+0000] {logging_mixin.py:151} INFO - [2024-09-24T05:09:25.148+0000] {dagbag.py:539} INFO - Filling up the DagBag from /home/airflow/.local/lib/python3.8/site-packages/airflow/example_dags/example_task_group.py
[2024-09-24T05:09:25.158+0000] {processor.py:839} INFO - DAG(s) dict_keys(['example_task_group']) retrieved from /home/airflow/.local/lib/python3.8/site-packages/airflow/example_dags/example_task_group.py
[2024-09-24T05:09:25.184+0000] {logging_mixin.py:151} INFO - [2024-09-24T05:09:25.184+0000] {dag.py:2907} INFO - Sync 1 DAGs
[2024-09-24T05:09:25.211+0000] {logging_mixin.py:151} INFO - [2024-09-24T05:09:25.211+0000] {dag.py:3677} INFO - Setting next_dagrun for example_task_group to 2024-09-23T05:09:25.211058+00:00, run_after=2024-09-24T05:09:25.211058+00:00
[2024-09-24T05:09:25.242+0000] {processor.py:179} INFO - Processing /home/airflow/.local/lib/python3.8/site-packages/airflow/example_dags/example_task_group.py took 0.103 seconds
[2024-09-24T05:09:55.897+0000] {processor.py:157} INFO - Started process (PID=553) to work on /home/airflow/.local/lib/python3.8/site-packages/airflow/example_dags/example_task_group.py
[2024-09-24T05:09:55.901+0000] {processor.py:829} INFO - Processing file /home/airflow/.local/lib/python3.8/site-packages/airflow/example_dags/example_task_group.py for tasks to queue
[2024-09-24T05:09:55.907+0000] {logging_mixin.py:151} INFO - [2024-09-24T05:09:55.906+0000] {dagbag.py:539} INFO - Filling up the DagBag from /home/airflow/.local/lib/python3.8/site-packages/airflow/example_dags/example_task_group.py
[2024-09-24T05:09:55.924+0000] {processor.py:839} INFO - DAG(s) dict_keys(['example_task_group']) retrieved from /home/airflow/.local/lib/python3.8/site-packages/airflow/example_dags/example_task_group.py
[2024-09-24T05:09:55.960+0000] {logging_mixin.py:151} INFO - [2024-09-24T05:09:55.959+0000] {dag.py:2907} INFO - Sync 1 DAGs
[2024-09-24T05:09:55.992+0000] {logging_mixin.py:151} INFO - [2024-09-24T05:09:55.991+0000] {dag.py:3677} INFO - Setting next_dagrun for example_task_group to 2024-09-23T05:09:55.991391+00:00, run_after=2024-09-24T05:09:55.991391+00:00
[2024-09-24T05:09:56.020+0000] {processor.py:179} INFO - Processing /home/airflow/.local/lib/python3.8/site-packages/airflow/example_dags/example_task_group.py took 0.138 seconds
[2024-09-24T05:10:26.765+0000] {processor.py:157} INFO - Started process (PID=609) to work on /home/airflow/.local/lib/python3.8/site-packages/airflow/example_dags/example_task_group.py
[2024-09-24T05:10:26.768+0000] {processor.py:829} INFO - Processing file /home/airflow/.local/lib/python3.8/site-packages/airflow/example_dags/example_task_group.py for tasks to queue
[2024-09-24T05:10:26.772+0000] {logging_mixin.py:151} INFO - [2024-09-24T05:10:26.771+0000] {dagbag.py:539} INFO - Filling up the DagBag from /home/airflow/.local/lib/python3.8/site-packages/airflow/example_dags/example_task_group.py
[2024-09-24T05:10:26.784+0000] {processor.py:839} INFO - DAG(s) dict_keys(['example_task_group']) retrieved from /home/airflow/.local/lib/python3.8/site-packages/airflow/example_dags/example_task_group.py
[2024-09-24T05:10:26.835+0000] {logging_mixin.py:151} INFO - [2024-09-24T05:10:26.834+0000] {dag.py:2907} INFO - Sync 1 DAGs
[2024-09-24T05:10:26.879+0000] {logging_mixin.py:151} INFO - [2024-09-24T05:10:26.878+0000] {dag.py:3677} INFO - Setting next_dagrun for example_task_group to 2024-09-23T05:10:26.878108+00:00, run_after=2024-09-24T05:10:26.878108+00:00
[2024-09-24T05:10:26.932+0000] {processor.py:179} INFO - Processing /home/airflow/.local/lib/python3.8/site-packages/airflow/example_dags/example_task_group.py took 0.175 seconds
[2024-09-24T05:10:57.397+0000] {processor.py:157} INFO - Started process (PID=665) to work on /home/airflow/.local/lib/python3.8/site-packages/airflow/example_dags/example_task_group.py
[2024-09-24T05:10:57.400+0000] {processor.py:829} INFO - Processing file /home/airflow/.local/lib/python3.8/site-packages/airflow/example_dags/example_task_group.py for tasks to queue
[2024-09-24T05:10:57.403+0000] {logging_mixin.py:151} INFO - [2024-09-24T05:10:57.403+0000] {dagbag.py:539} INFO - Filling up the DagBag from /home/airflow/.local/lib/python3.8/site-packages/airflow/example_dags/example_task_group.py
[2024-09-24T05:10:57.414+0000] {processor.py:839} INFO - DAG(s) dict_keys(['example_task_group']) retrieved from /home/airflow/.local/lib/python3.8/site-packages/airflow/example_dags/example_task_group.py
[2024-09-24T05:10:57.444+0000] {logging_mixin.py:151} INFO - [2024-09-24T05:10:57.444+0000] {dag.py:2907} INFO - Sync 1 DAGs
[2024-09-24T05:10:57.473+0000] {logging_mixin.py:151} INFO - [2024-09-24T05:10:57.473+0000] {dag.py:3677} INFO - Setting next_dagrun for example_task_group to 2024-09-23T05:10:57.473179+00:00, run_after=2024-09-24T05:10:57.473179+00:00
[2024-09-24T05:10:57.506+0000] {processor.py:179} INFO - Processing /home/airflow/.local/lib/python3.8/site-packages/airflow/example_dags/example_task_group.py took 0.113 seconds
[2024-09-24T05:11:27.613+0000] {processor.py:157} INFO - Started process (PID=721) to work on /home/airflow/.local/lib/python3.8/site-packages/airflow/example_dags/example_task_group.py
[2024-09-24T05:11:27.615+0000] {processor.py:829} INFO - Processing file /home/airflow/.local/lib/python3.8/site-packages/airflow/example_dags/example_task_group.py for tasks to queue
[2024-09-24T05:11:27.619+0000] {logging_mixin.py:151} INFO - [2024-09-24T05:11:27.618+0000] {dagbag.py:539} INFO - Filling up the DagBag from /home/airflow/.local/lib/python3.8/site-packages/airflow/example_dags/example_task_group.py
[2024-09-24T05:11:27.627+0000] {processor.py:839} INFO - DAG(s) dict_keys(['example_task_group']) retrieved from /home/airflow/.local/lib/python3.8/site-packages/airflow/example_dags/example_task_group.py
[2024-09-24T05:11:27.659+0000] {logging_mixin.py:151} INFO - [2024-09-24T05:11:27.658+0000] {dag.py:2907} INFO - Sync 1 DAGs
[2024-09-24T05:11:27.691+0000] {logging_mixin.py:151} INFO - [2024-09-24T05:11:27.691+0000] {dag.py:3677} INFO - Setting next_dagrun for example_task_group to 2024-09-23T05:11:27.690758+00:00, run_after=2024-09-24T05:11:27.690758+00:00
[2024-09-24T05:11:27.724+0000] {processor.py:179} INFO - Processing /home/airflow/.local/lib/python3.8/site-packages/airflow/example_dags/example_task_group.py took 0.114 seconds
[2024-09-24T05:11:58.357+0000] {processor.py:157} INFO - Started process (PID=777) to work on /home/airflow/.local/lib/python3.8/site-packages/airflow/example_dags/example_task_group.py
[2024-09-24T05:11:58.362+0000] {processor.py:829} INFO - Processing file /home/airflow/.local/lib/python3.8/site-packages/airflow/example_dags/example_task_group.py for tasks to queue
[2024-09-24T05:11:58.370+0000] {logging_mixin.py:151} INFO - [2024-09-24T05:11:58.369+0000] {dagbag.py:539} INFO - Filling up the DagBag from /home/airflow/.local/lib/python3.8/site-packages/airflow/example_dags/example_task_group.py
[2024-09-24T05:11:58.388+0000] {processor.py:839} INFO - DAG(s) dict_keys(['example_task_group']) retrieved from /home/airflow/.local/lib/python3.8/site-packages/airflow/example_dags/example_task_group.py
[2024-09-24T05:11:58.485+0000] {logging_mixin.py:151} INFO - [2024-09-24T05:11:58.484+0000] {dag.py:2907} INFO - Sync 1 DAGs
[2024-09-24T05:11:58.555+0000] {logging_mixin.py:151} INFO - [2024-09-24T05:11:58.554+0000] {dag.py:3677} INFO - Setting next_dagrun for example_task_group to 2024-09-23T05:11:58.552419+00:00, run_after=2024-09-24T05:11:58.552419+00:00
[2024-09-24T05:11:58.618+0000] {processor.py:179} INFO - Processing /home/airflow/.local/lib/python3.8/site-packages/airflow/example_dags/example_task_group.py took 0.275 seconds
[2024-09-24T05:12:29.321+0000] {processor.py:157} INFO - Started process (PID=837) to work on /home/airflow/.local/lib/python3.8/site-packages/airflow/example_dags/example_task_group.py
[2024-09-24T05:12:29.322+0000] {processor.py:829} INFO - Processing file /home/airflow/.local/lib/python3.8/site-packages/airflow/example_dags/example_task_group.py for tasks to queue
[2024-09-24T05:12:29.326+0000] {logging_mixin.py:151} INFO - [2024-09-24T05:12:29.325+0000] {dagbag.py:539} INFO - Filling up the DagBag from /home/airflow/.local/lib/python3.8/site-packages/airflow/example_dags/example_task_group.py
[2024-09-24T05:12:29.334+0000] {processor.py:839} INFO - DAG(s) dict_keys(['example_task_group']) retrieved from /home/airflow/.local/lib/python3.8/site-packages/airflow/example_dags/example_task_group.py
[2024-09-24T05:12:29.361+0000] {logging_mixin.py:151} INFO - [2024-09-24T05:12:29.360+0000] {dag.py:2907} INFO - Sync 1 DAGs
[2024-09-24T05:12:29.388+0000] {logging_mixin.py:151} INFO - [2024-09-24T05:12:29.388+0000] {dag.py:3677} INFO - Setting next_dagrun for example_task_group to 2024-09-23T05:12:29.387800+00:00, run_after=2024-09-24T05:12:29.387800+00:00
[2024-09-24T05:12:29.417+0000] {processor.py:179} INFO - Processing /home/airflow/.local/lib/python3.8/site-packages/airflow/example_dags/example_task_group.py took 0.101 seconds
[2024-09-24T05:12:59.709+0000] {processor.py:157} INFO - Started process (PID=894) to work on /home/airflow/.local/lib/python3.8/site-packages/airflow/example_dags/example_task_group.py
[2024-09-24T05:12:59.711+0000] {processor.py:829} INFO - Processing file /home/airflow/.local/lib/python3.8/site-packages/airflow/example_dags/example_task_group.py for tasks to queue
[2024-09-24T05:12:59.713+0000] {logging_mixin.py:151} INFO - [2024-09-24T05:12:59.713+0000] {dagbag.py:539} INFO - Filling up the DagBag from /home/airflow/.local/lib/python3.8/site-packages/airflow/example_dags/example_task_group.py
[2024-09-24T05:12:59.722+0000] {processor.py:839} INFO - DAG(s) dict_keys(['example_task_group']) retrieved from /home/airflow/.local/lib/python3.8/site-packages/airflow/example_dags/example_task_group.py
[2024-09-24T05:12:59.750+0000] {logging_mixin.py:151} INFO - [2024-09-24T05:12:59.750+0000] {dag.py:2907} INFO - Sync 1 DAGs
[2024-09-24T05:12:59.779+0000] {logging_mixin.py:151} INFO - [2024-09-24T05:12:59.778+0000] {dag.py:3677} INFO - Setting next_dagrun for example_task_group to 2024-09-23T05:12:59.778188+00:00, run_after=2024-09-24T05:12:59.778188+00:00
[2024-09-24T05:12:59.807+0000] {processor.py:179} INFO - Processing /home/airflow/.local/lib/python3.8/site-packages/airflow/example_dags/example_task_group.py took 0.101 seconds
[2024-09-24T05:13:30.552+0000] {processor.py:157} INFO - Started process (PID=950) to work on /home/airflow/.local/lib/python3.8/site-packages/airflow/example_dags/example_task_group.py
[2024-09-24T05:13:30.553+0000] {processor.py:829} INFO - Processing file /home/airflow/.local/lib/python3.8/site-packages/airflow/example_dags/example_task_group.py for tasks to queue
[2024-09-24T05:13:30.556+0000] {logging_mixin.py:151} INFO - [2024-09-24T05:13:30.556+0000] {dagbag.py:539} INFO - Filling up the DagBag from /home/airflow/.local/lib/python3.8/site-packages/airflow/example_dags/example_task_group.py
[2024-09-24T05:13:30.564+0000] {processor.py:839} INFO - DAG(s) dict_keys(['example_task_group']) retrieved from /home/airflow/.local/lib/python3.8/site-packages/airflow/example_dags/example_task_group.py
[2024-09-24T05:13:30.592+0000] {logging_mixin.py:151} INFO - [2024-09-24T05:13:30.591+0000] {dag.py:2907} INFO - Sync 1 DAGs
[2024-09-24T05:13:30.617+0000] {logging_mixin.py:151} INFO - [2024-09-24T05:13:30.616+0000] {dag.py:3677} INFO - Setting next_dagrun for example_task_group to 2024-09-23T05:13:30.616305+00:00, run_after=2024-09-24T05:13:30.616305+00:00
[2024-09-24T05:13:30.643+0000] {processor.py:179} INFO - Processing /home/airflow/.local/lib/python3.8/site-packages/airflow/example_dags/example_task_group.py took 0.095 seconds
[2024-09-24T05:14:01.098+0000] {processor.py:157} INFO - Started process (PID=1006) to work on /home/airflow/.local/lib/python3.8/site-packages/airflow/example_dags/example_task_group.py
[2024-09-24T05:14:01.099+0000] {processor.py:829} INFO - Processing file /home/airflow/.local/lib/python3.8/site-packages/airflow/example_dags/example_task_group.py for tasks to queue
[2024-09-24T05:14:01.102+0000] {logging_mixin.py:151} INFO - [2024-09-24T05:14:01.101+0000] {dagbag.py:539} INFO - Filling up the DagBag from /home/airflow/.local/lib/python3.8/site-packages/airflow/example_dags/example_task_group.py
[2024-09-24T05:14:01.110+0000] {processor.py:839} INFO - DAG(s) dict_keys(['example_task_group']) retrieved from /home/airflow/.local/lib/python3.8/site-packages/airflow/example_dags/example_task_group.py
[2024-09-24T05:14:01.137+0000] {logging_mixin.py:151} INFO - [2024-09-24T05:14:01.137+0000] {dag.py:2907} INFO - Sync 1 DAGs
[2024-09-24T05:14:01.164+0000] {logging_mixin.py:151} INFO - [2024-09-24T05:14:01.164+0000] {dag.py:3677} INFO - Setting next_dagrun for example_task_group to 2024-09-23T05:14:01.164303+00:00, run_after=2024-09-24T05:14:01.164303+00:00
[2024-09-24T05:14:01.191+0000] {processor.py:179} INFO - Processing /home/airflow/.local/lib/python3.8/site-packages/airflow/example_dags/example_task_group.py took 0.096 seconds
[2024-09-24T05:14:31.411+0000] {processor.py:157} INFO - Started process (PID=1062) to work on /home/airflow/.local/lib/python3.8/site-packages/airflow/example_dags/example_task_group.py
[2024-09-24T05:14:31.413+0000] {processor.py:829} INFO - Processing file /home/airflow/.local/lib/python3.8/site-packages/airflow/example_dags/example_task_group.py for tasks to queue
[2024-09-24T05:14:31.415+0000] {logging_mixin.py:151} INFO - [2024-09-24T05:14:31.415+0000] {dagbag.py:539} INFO - Filling up the DagBag from /home/airflow/.local/lib/python3.8/site-packages/airflow/example_dags/example_task_group.py
[2024-09-24T05:14:31.422+0000] {processor.py:839} INFO - DAG(s) dict_keys(['example_task_group']) retrieved from /home/airflow/.local/lib/python3.8/site-packages/airflow/example_dags/example_task_group.py
[2024-09-24T05:14:31.448+0000] {logging_mixin.py:151} INFO - [2024-09-24T05:14:31.448+0000] {dag.py:2907} INFO - Sync 1 DAGs
[2024-09-24T05:14:31.471+0000] {logging_mixin.py:151} INFO - [2024-09-24T05:14:31.471+0000] {dag.py:3677} INFO - Setting next_dagrun for example_task_group to 2024-09-23T05:14:31.470944+00:00, run_after=2024-09-24T05:14:31.470944+00:00
[2024-09-24T05:14:31.497+0000] {processor.py:179} INFO - Processing /home/airflow/.local/lib/python3.8/site-packages/airflow/example_dags/example_task_group.py took 0.089 seconds
[2024-09-24T05:15:01.872+0000] {processor.py:157} INFO - Started process (PID=1118) to work on /home/airflow/.local/lib/python3.8/site-packages/airflow/example_dags/example_task_group.py
[2024-09-24T05:15:01.873+0000] {processor.py:829} INFO - Processing file /home/airflow/.local/lib/python3.8/site-packages/airflow/example_dags/example_task_group.py for tasks to queue
[2024-09-24T05:15:01.876+0000] {logging_mixin.py:151} INFO - [2024-09-24T05:15:01.876+0000] {dagbag.py:539} INFO - Filling up the DagBag from /home/airflow/.local/lib/python3.8/site-packages/airflow/example_dags/example_task_group.py
[2024-09-24T05:15:01.884+0000] {processor.py:839} INFO - DAG(s) dict_keys(['example_task_group']) retrieved from /home/airflow/.local/lib/python3.8/site-packages/airflow/example_dags/example_task_group.py
[2024-09-24T05:15:01.910+0000] {logging_mixin.py:151} INFO - [2024-09-24T05:15:01.909+0000] {dag.py:2907} INFO - Sync 1 DAGs
[2024-09-24T05:15:01.936+0000] {logging_mixin.py:151} INFO - [2024-09-24T05:15:01.936+0000] {dag.py:3677} INFO - Setting next_dagrun for example_task_group to 2024-09-23T05:15:01.935794+00:00, run_after=2024-09-24T05:15:01.935794+00:00
[2024-09-24T05:15:01.963+0000] {processor.py:179} INFO - Processing /home/airflow/.local/lib/python3.8/site-packages/airflow/example_dags/example_task_group.py took 0.095 seconds
