[2024-09-24T04:10:27.556+0000] {processor.py:157} INFO - Started process (PID=67) to work on /home/airflow/.local/lib/python3.8/site-packages/airflow/example_dags/example_short_circuit_operator.py
[2024-09-24T04:10:27.559+0000] {processor.py:829} INFO - Processing file /home/airflow/.local/lib/python3.8/site-packages/airflow/example_dags/example_short_circuit_operator.py for tasks to queue
[2024-09-24T04:10:27.562+0000] {logging_mixin.py:151} INFO - [2024-09-24T04:10:27.561+0000] {dagbag.py:539} INFO - Filling up the DagBag from /home/airflow/.local/lib/python3.8/site-packages/airflow/example_dags/example_short_circuit_operator.py
[2024-09-24T04:10:27.572+0000] {processor.py:839} INFO - DAG(s) dict_keys(['example_short_circuit_operator']) retrieved from /home/airflow/.local/lib/python3.8/site-packages/airflow/example_dags/example_short_circuit_operator.py
[2024-09-24T04:10:27.617+0000] {logging_mixin.py:151} INFO - [2024-09-24T04:10:27.616+0000] {dag.py:2907} INFO - Sync 1 DAGs
[2024-09-24T04:10:27.687+0000] {logging_mixin.py:151} INFO - [2024-09-24T04:10:27.687+0000] {dag.py:3677} INFO - Setting next_dagrun for example_short_circuit_operator to 2024-09-23T04:10:27.687072+00:00, run_after=2024-09-24T04:10:27.687072+00:00
[2024-09-24T04:10:28.666+0000] {processor.py:179} INFO - Processing /home/airflow/.local/lib/python3.8/site-packages/airflow/example_dags/example_short_circuit_operator.py took 1.114 seconds
[2024-09-24T05:05:49.095+0000] {processor.py:157} INFO - Started process (PID=97) to work on /home/airflow/.local/lib/python3.8/site-packages/airflow/example_dags/example_short_circuit_operator.py
[2024-09-24T05:05:49.113+0000] {processor.py:829} INFO - Processing file /home/airflow/.local/lib/python3.8/site-packages/airflow/example_dags/example_short_circuit_operator.py for tasks to queue
[2024-09-24T05:05:49.124+0000] {logging_mixin.py:151} INFO - [2024-09-24T05:05:49.123+0000] {dagbag.py:539} INFO - Filling up the DagBag from /home/airflow/.local/lib/python3.8/site-packages/airflow/example_dags/example_short_circuit_operator.py
[2024-09-24T05:05:49.154+0000] {processor.py:839} INFO - DAG(s) dict_keys(['example_short_circuit_operator']) retrieved from /home/airflow/.local/lib/python3.8/site-packages/airflow/example_dags/example_short_circuit_operator.py
[2024-09-24T05:05:49.264+0000] {logging_mixin.py:151} INFO - [2024-09-24T05:05:49.263+0000] {dag.py:2907} INFO - Sync 1 DAGs
[2024-09-24T05:05:49.376+0000] {logging_mixin.py:151} INFO - [2024-09-24T05:05:49.376+0000] {dag.py:3677} INFO - Setting next_dagrun for example_short_circuit_operator to 2024-09-23T05:05:49.369999+00:00, run_after=2024-09-24T05:05:49.369999+00:00
[2024-09-24T05:05:49.461+0000] {processor.py:179} INFO - Processing /home/airflow/.local/lib/python3.8/site-packages/airflow/example_dags/example_short_circuit_operator.py took 0.385 seconds
[2024-09-24T05:06:20.194+0000] {processor.py:157} INFO - Started process (PID=152) to work on /home/airflow/.local/lib/python3.8/site-packages/airflow/example_dags/example_short_circuit_operator.py
[2024-09-24T05:06:20.196+0000] {processor.py:829} INFO - Processing file /home/airflow/.local/lib/python3.8/site-packages/airflow/example_dags/example_short_circuit_operator.py for tasks to queue
[2024-09-24T05:06:20.199+0000] {logging_mixin.py:151} INFO - [2024-09-24T05:06:20.198+0000] {dagbag.py:539} INFO - Filling up the DagBag from /home/airflow/.local/lib/python3.8/site-packages/airflow/example_dags/example_short_circuit_operator.py
[2024-09-24T05:06:20.208+0000] {processor.py:839} INFO - DAG(s) dict_keys(['example_short_circuit_operator']) retrieved from /home/airflow/.local/lib/python3.8/site-packages/airflow/example_dags/example_short_circuit_operator.py
[2024-09-24T05:06:20.234+0000] {logging_mixin.py:151} INFO - [2024-09-24T05:06:20.234+0000] {dag.py:2907} INFO - Sync 1 DAGs
[2024-09-24T05:06:20.259+0000] {logging_mixin.py:151} INFO - [2024-09-24T05:06:20.259+0000] {dag.py:3677} INFO - Setting next_dagrun for example_short_circuit_operator to 2024-09-23T05:06:20.258714+00:00, run_after=2024-09-24T05:06:20.258714+00:00
[2024-09-24T05:06:20.294+0000] {processor.py:179} INFO - Processing /home/airflow/.local/lib/python3.8/site-packages/airflow/example_dags/example_short_circuit_operator.py took 0.104 seconds
[2024-09-24T05:06:50.722+0000] {processor.py:157} INFO - Started process (PID=208) to work on /home/airflow/.local/lib/python3.8/site-packages/airflow/example_dags/example_short_circuit_operator.py
[2024-09-24T05:06:50.739+0000] {processor.py:829} INFO - Processing file /home/airflow/.local/lib/python3.8/site-packages/airflow/example_dags/example_short_circuit_operator.py for tasks to queue
[2024-09-24T05:06:50.742+0000] {logging_mixin.py:151} INFO - [2024-09-24T05:06:50.742+0000] {dagbag.py:539} INFO - Filling up the DagBag from /home/airflow/.local/lib/python3.8/site-packages/airflow/example_dags/example_short_circuit_operator.py
[2024-09-24T05:06:50.749+0000] {processor.py:839} INFO - DAG(s) dict_keys(['example_short_circuit_operator']) retrieved from /home/airflow/.local/lib/python3.8/site-packages/airflow/example_dags/example_short_circuit_operator.py
[2024-09-24T05:06:50.781+0000] {logging_mixin.py:151} INFO - [2024-09-24T05:06:50.781+0000] {dag.py:2907} INFO - Sync 1 DAGs
[2024-09-24T05:06:50.807+0000] {logging_mixin.py:151} INFO - [2024-09-24T05:06:50.807+0000] {dag.py:3677} INFO - Setting next_dagrun for example_short_circuit_operator to 2024-09-23T05:06:50.806508+00:00, run_after=2024-09-24T05:06:50.806508+00:00
[2024-09-24T05:06:50.840+0000] {processor.py:179} INFO - Processing /home/airflow/.local/lib/python3.8/site-packages/airflow/example_dags/example_short_circuit_operator.py took 0.122 seconds
[2024-09-24T05:07:21.395+0000] {processor.py:157} INFO - Started process (PID=264) to work on /home/airflow/.local/lib/python3.8/site-packages/airflow/example_dags/example_short_circuit_operator.py
[2024-09-24T05:07:21.397+0000] {processor.py:829} INFO - Processing file /home/airflow/.local/lib/python3.8/site-packages/airflow/example_dags/example_short_circuit_operator.py for tasks to queue
[2024-09-24T05:07:21.399+0000] {logging_mixin.py:151} INFO - [2024-09-24T05:07:21.399+0000] {dagbag.py:539} INFO - Filling up the DagBag from /home/airflow/.local/lib/python3.8/site-packages/airflow/example_dags/example_short_circuit_operator.py
[2024-09-24T05:07:21.407+0000] {processor.py:839} INFO - DAG(s) dict_keys(['example_short_circuit_operator']) retrieved from /home/airflow/.local/lib/python3.8/site-packages/airflow/example_dags/example_short_circuit_operator.py
[2024-09-24T05:07:21.436+0000] {logging_mixin.py:151} INFO - [2024-09-24T05:07:21.435+0000] {dag.py:2907} INFO - Sync 1 DAGs
[2024-09-24T05:07:21.459+0000] {logging_mixin.py:151} INFO - [2024-09-24T05:07:21.459+0000] {dag.py:3677} INFO - Setting next_dagrun for example_short_circuit_operator to 2024-09-23T05:07:21.459015+00:00, run_after=2024-09-24T05:07:21.459015+00:00
[2024-09-24T05:07:21.489+0000] {processor.py:179} INFO - Processing /home/airflow/.local/lib/python3.8/site-packages/airflow/example_dags/example_short_circuit_operator.py took 0.097 seconds
[2024-09-24T05:07:51.866+0000] {processor.py:157} INFO - Started process (PID=320) to work on /home/airflow/.local/lib/python3.8/site-packages/airflow/example_dags/example_short_circuit_operator.py
[2024-09-24T05:07:51.867+0000] {processor.py:829} INFO - Processing file /home/airflow/.local/lib/python3.8/site-packages/airflow/example_dags/example_short_circuit_operator.py for tasks to queue
[2024-09-24T05:07:51.871+0000] {logging_mixin.py:151} INFO - [2024-09-24T05:07:51.870+0000] {dagbag.py:539} INFO - Filling up the DagBag from /home/airflow/.local/lib/python3.8/site-packages/airflow/example_dags/example_short_circuit_operator.py
[2024-09-24T05:07:51.884+0000] {processor.py:839} INFO - DAG(s) dict_keys(['example_short_circuit_operator']) retrieved from /home/airflow/.local/lib/python3.8/site-packages/airflow/example_dags/example_short_circuit_operator.py
[2024-09-24T05:07:51.915+0000] {logging_mixin.py:151} INFO - [2024-09-24T05:07:51.914+0000] {dag.py:2907} INFO - Sync 1 DAGs
[2024-09-24T05:07:51.941+0000] {logging_mixin.py:151} INFO - [2024-09-24T05:07:51.940+0000] {dag.py:3677} INFO - Setting next_dagrun for example_short_circuit_operator to 2024-09-23T05:07:51.940492+00:00, run_after=2024-09-24T05:07:51.940492+00:00
[2024-09-24T05:07:51.970+0000] {processor.py:179} INFO - Processing /home/airflow/.local/lib/python3.8/site-packages/airflow/example_dags/example_short_circuit_operator.py took 0.108 seconds
[2024-09-24T05:08:22.290+0000] {processor.py:157} INFO - Started process (PID=376) to work on /home/airflow/.local/lib/python3.8/site-packages/airflow/example_dags/example_short_circuit_operator.py
[2024-09-24T05:08:22.291+0000] {processor.py:829} INFO - Processing file /home/airflow/.local/lib/python3.8/site-packages/airflow/example_dags/example_short_circuit_operator.py for tasks to queue
[2024-09-24T05:08:22.294+0000] {logging_mixin.py:151} INFO - [2024-09-24T05:08:22.294+0000] {dagbag.py:539} INFO - Filling up the DagBag from /home/airflow/.local/lib/python3.8/site-packages/airflow/example_dags/example_short_circuit_operator.py
[2024-09-24T05:08:22.302+0000] {processor.py:839} INFO - DAG(s) dict_keys(['example_short_circuit_operator']) retrieved from /home/airflow/.local/lib/python3.8/site-packages/airflow/example_dags/example_short_circuit_operator.py
[2024-09-24T05:08:22.328+0000] {logging_mixin.py:151} INFO - [2024-09-24T05:08:22.328+0000] {dag.py:2907} INFO - Sync 1 DAGs
[2024-09-24T05:08:22.351+0000] {logging_mixin.py:151} INFO - [2024-09-24T05:08:22.350+0000] {dag.py:3677} INFO - Setting next_dagrun for example_short_circuit_operator to 2024-09-23T05:08:22.350687+00:00, run_after=2024-09-24T05:08:22.350687+00:00
[2024-09-24T05:08:22.381+0000] {processor.py:179} INFO - Processing /home/airflow/.local/lib/python3.8/site-packages/airflow/example_dags/example_short_circuit_operator.py took 0.094 seconds
[2024-09-24T05:08:53.895+0000] {processor.py:157} INFO - Started process (PID=439) to work on /home/airflow/.local/lib/python3.8/site-packages/airflow/example_dags/example_short_circuit_operator.py
[2024-09-24T05:08:53.897+0000] {processor.py:829} INFO - Processing file /home/airflow/.local/lib/python3.8/site-packages/airflow/example_dags/example_short_circuit_operator.py for tasks to queue
[2024-09-24T05:08:53.902+0000] {logging_mixin.py:151} INFO - [2024-09-24T05:08:53.901+0000] {dagbag.py:539} INFO - Filling up the DagBag from /home/airflow/.local/lib/python3.8/site-packages/airflow/example_dags/example_short_circuit_operator.py
[2024-09-24T05:08:53.914+0000] {processor.py:839} INFO - DAG(s) dict_keys(['example_short_circuit_operator']) retrieved from /home/airflow/.local/lib/python3.8/site-packages/airflow/example_dags/example_short_circuit_operator.py
[2024-09-24T05:08:53.964+0000] {logging_mixin.py:151} INFO - [2024-09-24T05:08:53.964+0000] {dag.py:2907} INFO - Sync 1 DAGs
[2024-09-24T05:08:54.001+0000] {logging_mixin.py:151} INFO - [2024-09-24T05:08:54.000+0000] {dag.py:3677} INFO - Setting next_dagrun for example_short_circuit_operator to 2024-09-23T05:08:54.000411+00:00, run_after=2024-09-24T05:08:54.000411+00:00
[2024-09-24T05:08:54.068+0000] {processor.py:179} INFO - Processing /home/airflow/.local/lib/python3.8/site-packages/airflow/example_dags/example_short_circuit_operator.py took 0.176 seconds
[2024-09-24T05:09:24.126+0000] {processor.py:157} INFO - Started process (PID=495) to work on /home/airflow/.local/lib/python3.8/site-packages/airflow/example_dags/example_short_circuit_operator.py
[2024-09-24T05:09:24.128+0000] {processor.py:829} INFO - Processing file /home/airflow/.local/lib/python3.8/site-packages/airflow/example_dags/example_short_circuit_operator.py for tasks to queue
[2024-09-24T05:09:24.130+0000] {logging_mixin.py:151} INFO - [2024-09-24T05:09:24.130+0000] {dagbag.py:539} INFO - Filling up the DagBag from /home/airflow/.local/lib/python3.8/site-packages/airflow/example_dags/example_short_circuit_operator.py
[2024-09-24T05:09:24.141+0000] {processor.py:839} INFO - DAG(s) dict_keys(['example_short_circuit_operator']) retrieved from /home/airflow/.local/lib/python3.8/site-packages/airflow/example_dags/example_short_circuit_operator.py
[2024-09-24T05:09:24.168+0000] {logging_mixin.py:151} INFO - [2024-09-24T05:09:24.167+0000] {dag.py:2907} INFO - Sync 1 DAGs
[2024-09-24T05:09:24.193+0000] {logging_mixin.py:151} INFO - [2024-09-24T05:09:24.193+0000] {dag.py:3677} INFO - Setting next_dagrun for example_short_circuit_operator to 2024-09-23T05:09:24.192903+00:00, run_after=2024-09-24T05:09:24.192903+00:00
[2024-09-24T05:09:24.216+0000] {processor.py:179} INFO - Processing /home/airflow/.local/lib/python3.8/site-packages/airflow/example_dags/example_short_circuit_operator.py took 0.093 seconds
[2024-09-24T05:09:54.734+0000] {processor.py:157} INFO - Started process (PID=551) to work on /home/airflow/.local/lib/python3.8/site-packages/airflow/example_dags/example_short_circuit_operator.py
[2024-09-24T05:09:54.738+0000] {processor.py:829} INFO - Processing file /home/airflow/.local/lib/python3.8/site-packages/airflow/example_dags/example_short_circuit_operator.py for tasks to queue
[2024-09-24T05:09:54.743+0000] {logging_mixin.py:151} INFO - [2024-09-24T05:09:54.742+0000] {dagbag.py:539} INFO - Filling up the DagBag from /home/airflow/.local/lib/python3.8/site-packages/airflow/example_dags/example_short_circuit_operator.py
[2024-09-24T05:09:54.758+0000] {processor.py:839} INFO - DAG(s) dict_keys(['example_short_circuit_operator']) retrieved from /home/airflow/.local/lib/python3.8/site-packages/airflow/example_dags/example_short_circuit_operator.py
[2024-09-24T05:09:54.804+0000] {logging_mixin.py:151} INFO - [2024-09-24T05:09:54.804+0000] {dag.py:2907} INFO - Sync 1 DAGs
[2024-09-24T05:09:54.834+0000] {logging_mixin.py:151} INFO - [2024-09-24T05:09:54.834+0000] {dag.py:3677} INFO - Setting next_dagrun for example_short_circuit_operator to 2024-09-23T05:09:54.833650+00:00, run_after=2024-09-24T05:09:54.833650+00:00
[2024-09-24T05:09:54.883+0000] {processor.py:179} INFO - Processing /home/airflow/.local/lib/python3.8/site-packages/airflow/example_dags/example_short_circuit_operator.py took 0.155 seconds
[2024-09-24T05:10:25.728+0000] {processor.py:157} INFO - Started process (PID=607) to work on /home/airflow/.local/lib/python3.8/site-packages/airflow/example_dags/example_short_circuit_operator.py
[2024-09-24T05:10:25.730+0000] {processor.py:829} INFO - Processing file /home/airflow/.local/lib/python3.8/site-packages/airflow/example_dags/example_short_circuit_operator.py for tasks to queue
[2024-09-24T05:10:25.735+0000] {logging_mixin.py:151} INFO - [2024-09-24T05:10:25.734+0000] {dagbag.py:539} INFO - Filling up the DagBag from /home/airflow/.local/lib/python3.8/site-packages/airflow/example_dags/example_short_circuit_operator.py
[2024-09-24T05:10:25.749+0000] {processor.py:839} INFO - DAG(s) dict_keys(['example_short_circuit_operator']) retrieved from /home/airflow/.local/lib/python3.8/site-packages/airflow/example_dags/example_short_circuit_operator.py
[2024-09-24T05:10:25.780+0000] {logging_mixin.py:151} INFO - [2024-09-24T05:10:25.780+0000] {dag.py:2907} INFO - Sync 1 DAGs
[2024-09-24T05:10:25.816+0000] {logging_mixin.py:151} INFO - [2024-09-24T05:10:25.816+0000] {dag.py:3677} INFO - Setting next_dagrun for example_short_circuit_operator to 2024-09-23T05:10:25.815984+00:00, run_after=2024-09-24T05:10:25.815984+00:00
[2024-09-24T05:10:25.850+0000] {processor.py:179} INFO - Processing /home/airflow/.local/lib/python3.8/site-packages/airflow/example_dags/example_short_circuit_operator.py took 0.126 seconds
[2024-09-24T05:10:56.335+0000] {processor.py:157} INFO - Started process (PID=663) to work on /home/airflow/.local/lib/python3.8/site-packages/airflow/example_dags/example_short_circuit_operator.py
[2024-09-24T05:10:56.338+0000] {processor.py:829} INFO - Processing file /home/airflow/.local/lib/python3.8/site-packages/airflow/example_dags/example_short_circuit_operator.py for tasks to queue
[2024-09-24T05:10:56.341+0000] {logging_mixin.py:151} INFO - [2024-09-24T05:10:56.341+0000] {dagbag.py:539} INFO - Filling up the DagBag from /home/airflow/.local/lib/python3.8/site-packages/airflow/example_dags/example_short_circuit_operator.py
[2024-09-24T05:10:56.351+0000] {processor.py:839} INFO - DAG(s) dict_keys(['example_short_circuit_operator']) retrieved from /home/airflow/.local/lib/python3.8/site-packages/airflow/example_dags/example_short_circuit_operator.py
[2024-09-24T05:10:56.383+0000] {logging_mixin.py:151} INFO - [2024-09-24T05:10:56.383+0000] {dag.py:2907} INFO - Sync 1 DAGs
[2024-09-24T05:10:56.415+0000] {logging_mixin.py:151} INFO - [2024-09-24T05:10:56.414+0000] {dag.py:3677} INFO - Setting next_dagrun for example_short_circuit_operator to 2024-09-23T05:10:56.414334+00:00, run_after=2024-09-24T05:10:56.414334+00:00
[2024-09-24T05:10:56.453+0000] {processor.py:179} INFO - Processing /home/airflow/.local/lib/python3.8/site-packages/airflow/example_dags/example_short_circuit_operator.py took 0.122 seconds
[2024-09-24T05:11:26.556+0000] {processor.py:157} INFO - Started process (PID=719) to work on /home/airflow/.local/lib/python3.8/site-packages/airflow/example_dags/example_short_circuit_operator.py
[2024-09-24T05:11:26.558+0000] {processor.py:829} INFO - Processing file /home/airflow/.local/lib/python3.8/site-packages/airflow/example_dags/example_short_circuit_operator.py for tasks to queue
[2024-09-24T05:11:26.562+0000] {logging_mixin.py:151} INFO - [2024-09-24T05:11:26.561+0000] {dagbag.py:539} INFO - Filling up the DagBag from /home/airflow/.local/lib/python3.8/site-packages/airflow/example_dags/example_short_circuit_operator.py
[2024-09-24T05:11:26.571+0000] {processor.py:839} INFO - DAG(s) dict_keys(['example_short_circuit_operator']) retrieved from /home/airflow/.local/lib/python3.8/site-packages/airflow/example_dags/example_short_circuit_operator.py
[2024-09-24T05:11:26.600+0000] {logging_mixin.py:151} INFO - [2024-09-24T05:11:26.600+0000] {dag.py:2907} INFO - Sync 1 DAGs
[2024-09-24T05:11:26.628+0000] {logging_mixin.py:151} INFO - [2024-09-24T05:11:26.627+0000] {dag.py:3677} INFO - Setting next_dagrun for example_short_circuit_operator to 2024-09-23T05:11:26.627495+00:00, run_after=2024-09-24T05:11:26.627495+00:00
[2024-09-24T05:11:26.656+0000] {processor.py:179} INFO - Processing /home/airflow/.local/lib/python3.8/site-packages/airflow/example_dags/example_short_circuit_operator.py took 0.105 seconds
[2024-09-24T05:11:57.923+0000] {processor.py:157} INFO - Started process (PID=775) to work on /home/airflow/.local/lib/python3.8/site-packages/airflow/example_dags/example_short_circuit_operator.py
[2024-09-24T05:11:57.925+0000] {processor.py:829} INFO - Processing file /home/airflow/.local/lib/python3.8/site-packages/airflow/example_dags/example_short_circuit_operator.py for tasks to queue
[2024-09-24T05:11:57.931+0000] {logging_mixin.py:151} INFO - [2024-09-24T05:11:57.931+0000] {dagbag.py:539} INFO - Filling up the DagBag from /home/airflow/.local/lib/python3.8/site-packages/airflow/example_dags/example_short_circuit_operator.py
[2024-09-24T05:11:57.947+0000] {processor.py:839} INFO - DAG(s) dict_keys(['example_short_circuit_operator']) retrieved from /home/airflow/.local/lib/python3.8/site-packages/airflow/example_dags/example_short_circuit_operator.py
[2024-09-24T05:11:58.032+0000] {logging_mixin.py:151} INFO - [2024-09-24T05:11:58.032+0000] {dag.py:2907} INFO - Sync 1 DAGs
[2024-09-24T05:11:58.127+0000] {logging_mixin.py:151} INFO - [2024-09-24T05:11:58.127+0000] {dag.py:3677} INFO - Setting next_dagrun for example_short_circuit_operator to 2024-09-23T05:11:58.125809+00:00, run_after=2024-09-24T05:11:58.125809+00:00
[2024-09-24T05:11:58.218+0000] {processor.py:179} INFO - Processing /home/airflow/.local/lib/python3.8/site-packages/airflow/example_dags/example_short_circuit_operator.py took 0.302 seconds
[2024-09-24T05:12:29.168+0000] {processor.py:157} INFO - Started process (PID=835) to work on /home/airflow/.local/lib/python3.8/site-packages/airflow/example_dags/example_short_circuit_operator.py
[2024-09-24T05:12:29.171+0000] {processor.py:829} INFO - Processing file /home/airflow/.local/lib/python3.8/site-packages/airflow/example_dags/example_short_circuit_operator.py for tasks to queue
[2024-09-24T05:12:29.174+0000] {logging_mixin.py:151} INFO - [2024-09-24T05:12:29.174+0000] {dagbag.py:539} INFO - Filling up the DagBag from /home/airflow/.local/lib/python3.8/site-packages/airflow/example_dags/example_short_circuit_operator.py
[2024-09-24T05:12:29.183+0000] {processor.py:839} INFO - DAG(s) dict_keys(['example_short_circuit_operator']) retrieved from /home/airflow/.local/lib/python3.8/site-packages/airflow/example_dags/example_short_circuit_operator.py
[2024-09-24T05:12:29.219+0000] {logging_mixin.py:151} INFO - [2024-09-24T05:12:29.219+0000] {dag.py:2907} INFO - Sync 1 DAGs
[2024-09-24T05:12:29.247+0000] {logging_mixin.py:151} INFO - [2024-09-24T05:12:29.247+0000] {dag.py:3677} INFO - Setting next_dagrun for example_short_circuit_operator to 2024-09-23T05:12:29.246824+00:00, run_after=2024-09-24T05:12:29.246824+00:00
[2024-09-24T05:12:29.276+0000] {processor.py:179} INFO - Processing /home/airflow/.local/lib/python3.8/site-packages/airflow/example_dags/example_short_circuit_operator.py took 0.112 seconds
[2024-09-24T05:12:59.583+0000] {processor.py:157} INFO - Started process (PID=892) to work on /home/airflow/.local/lib/python3.8/site-packages/airflow/example_dags/example_short_circuit_operator.py
[2024-09-24T05:12:59.585+0000] {processor.py:829} INFO - Processing file /home/airflow/.local/lib/python3.8/site-packages/airflow/example_dags/example_short_circuit_operator.py for tasks to queue
[2024-09-24T05:12:59.588+0000] {logging_mixin.py:151} INFO - [2024-09-24T05:12:59.588+0000] {dagbag.py:539} INFO - Filling up the DagBag from /home/airflow/.local/lib/python3.8/site-packages/airflow/example_dags/example_short_circuit_operator.py
[2024-09-24T05:12:59.597+0000] {processor.py:839} INFO - DAG(s) dict_keys(['example_short_circuit_operator']) retrieved from /home/airflow/.local/lib/python3.8/site-packages/airflow/example_dags/example_short_circuit_operator.py
[2024-09-24T05:12:59.624+0000] {logging_mixin.py:151} INFO - [2024-09-24T05:12:59.624+0000] {dag.py:2907} INFO - Sync 1 DAGs
[2024-09-24T05:12:59.648+0000] {logging_mixin.py:151} INFO - [2024-09-24T05:12:59.648+0000] {dag.py:3677} INFO - Setting next_dagrun for example_short_circuit_operator to 2024-09-23T05:12:59.648251+00:00, run_after=2024-09-24T05:12:59.648251+00:00
[2024-09-24T05:12:59.676+0000] {processor.py:179} INFO - Processing /home/airflow/.local/lib/python3.8/site-packages/airflow/example_dags/example_short_circuit_operator.py took 0.097 seconds
[2024-09-24T05:13:30.421+0000] {processor.py:157} INFO - Started process (PID=948) to work on /home/airflow/.local/lib/python3.8/site-packages/airflow/example_dags/example_short_circuit_operator.py
[2024-09-24T05:13:30.423+0000] {processor.py:829} INFO - Processing file /home/airflow/.local/lib/python3.8/site-packages/airflow/example_dags/example_short_circuit_operator.py for tasks to queue
[2024-09-24T05:13:30.426+0000] {logging_mixin.py:151} INFO - [2024-09-24T05:13:30.426+0000] {dagbag.py:539} INFO - Filling up the DagBag from /home/airflow/.local/lib/python3.8/site-packages/airflow/example_dags/example_short_circuit_operator.py
[2024-09-24T05:13:30.435+0000] {processor.py:839} INFO - DAG(s) dict_keys(['example_short_circuit_operator']) retrieved from /home/airflow/.local/lib/python3.8/site-packages/airflow/example_dags/example_short_circuit_operator.py
[2024-09-24T05:13:30.463+0000] {logging_mixin.py:151} INFO - [2024-09-24T05:13:30.463+0000] {dag.py:2907} INFO - Sync 1 DAGs
[2024-09-24T05:13:30.485+0000] {logging_mixin.py:151} INFO - [2024-09-24T05:13:30.485+0000] {dag.py:3677} INFO - Setting next_dagrun for example_short_circuit_operator to 2024-09-23T05:13:30.485370+00:00, run_after=2024-09-24T05:13:30.485370+00:00
[2024-09-24T05:13:30.511+0000] {processor.py:179} INFO - Processing /home/airflow/.local/lib/python3.8/site-packages/airflow/example_dags/example_short_circuit_operator.py took 0.094 seconds
[2024-09-24T05:14:00.957+0000] {processor.py:157} INFO - Started process (PID=1004) to work on /home/airflow/.local/lib/python3.8/site-packages/airflow/example_dags/example_short_circuit_operator.py
[2024-09-24T05:14:00.959+0000] {processor.py:829} INFO - Processing file /home/airflow/.local/lib/python3.8/site-packages/airflow/example_dags/example_short_circuit_operator.py for tasks to queue
[2024-09-24T05:14:00.963+0000] {logging_mixin.py:151} INFO - [2024-09-24T05:14:00.962+0000] {dagbag.py:539} INFO - Filling up the DagBag from /home/airflow/.local/lib/python3.8/site-packages/airflow/example_dags/example_short_circuit_operator.py
[2024-09-24T05:14:00.972+0000] {processor.py:839} INFO - DAG(s) dict_keys(['example_short_circuit_operator']) retrieved from /home/airflow/.local/lib/python3.8/site-packages/airflow/example_dags/example_short_circuit_operator.py
[2024-09-24T05:14:00.999+0000] {logging_mixin.py:151} INFO - [2024-09-24T05:14:00.999+0000] {dag.py:2907} INFO - Sync 1 DAGs
[2024-09-24T05:14:01.029+0000] {logging_mixin.py:151} INFO - [2024-09-24T05:14:01.029+0000] {dag.py:3677} INFO - Setting next_dagrun for example_short_circuit_operator to 2024-09-23T05:14:01.029346+00:00, run_after=2024-09-24T05:14:01.029346+00:00
[2024-09-24T05:14:01.058+0000] {processor.py:179} INFO - Processing /home/airflow/.local/lib/python3.8/site-packages/airflow/example_dags/example_short_circuit_operator.py took 0.105 seconds
[2024-09-24T05:14:31.266+0000] {processor.py:157} INFO - Started process (PID=1060) to work on /home/airflow/.local/lib/python3.8/site-packages/airflow/example_dags/example_short_circuit_operator.py
[2024-09-24T05:14:31.268+0000] {processor.py:829} INFO - Processing file /home/airflow/.local/lib/python3.8/site-packages/airflow/example_dags/example_short_circuit_operator.py for tasks to queue
[2024-09-24T05:14:31.271+0000] {logging_mixin.py:151} INFO - [2024-09-24T05:14:31.271+0000] {dagbag.py:539} INFO - Filling up the DagBag from /home/airflow/.local/lib/python3.8/site-packages/airflow/example_dags/example_short_circuit_operator.py
[2024-09-24T05:14:31.279+0000] {processor.py:839} INFO - DAG(s) dict_keys(['example_short_circuit_operator']) retrieved from /home/airflow/.local/lib/python3.8/site-packages/airflow/example_dags/example_short_circuit_operator.py
[2024-09-24T05:14:31.311+0000] {logging_mixin.py:151} INFO - [2024-09-24T05:14:31.311+0000] {dag.py:2907} INFO - Sync 1 DAGs
[2024-09-24T05:14:31.340+0000] {logging_mixin.py:151} INFO - [2024-09-24T05:14:31.340+0000] {dag.py:3677} INFO - Setting next_dagrun for example_short_circuit_operator to 2024-09-23T05:14:31.339967+00:00, run_after=2024-09-24T05:14:31.339967+00:00
[2024-09-24T05:14:31.371+0000] {processor.py:179} INFO - Processing /home/airflow/.local/lib/python3.8/site-packages/airflow/example_dags/example_short_circuit_operator.py took 0.110 seconds
[2024-09-24T05:15:01.726+0000] {processor.py:157} INFO - Started process (PID=1116) to work on /home/airflow/.local/lib/python3.8/site-packages/airflow/example_dags/example_short_circuit_operator.py
[2024-09-24T05:15:01.729+0000] {processor.py:829} INFO - Processing file /home/airflow/.local/lib/python3.8/site-packages/airflow/example_dags/example_short_circuit_operator.py for tasks to queue
[2024-09-24T05:15:01.733+0000] {logging_mixin.py:151} INFO - [2024-09-24T05:15:01.732+0000] {dagbag.py:539} INFO - Filling up the DagBag from /home/airflow/.local/lib/python3.8/site-packages/airflow/example_dags/example_short_circuit_operator.py
[2024-09-24T05:15:01.742+0000] {processor.py:839} INFO - DAG(s) dict_keys(['example_short_circuit_operator']) retrieved from /home/airflow/.local/lib/python3.8/site-packages/airflow/example_dags/example_short_circuit_operator.py
[2024-09-24T05:15:01.775+0000] {logging_mixin.py:151} INFO - [2024-09-24T05:15:01.774+0000] {dag.py:2907} INFO - Sync 1 DAGs
[2024-09-24T05:15:01.799+0000] {logging_mixin.py:151} INFO - [2024-09-24T05:15:01.799+0000] {dag.py:3677} INFO - Setting next_dagrun for example_short_circuit_operator to 2024-09-23T05:15:01.799046+00:00, run_after=2024-09-24T05:15:01.799046+00:00
[2024-09-24T05:15:01.830+0000] {processor.py:179} INFO - Processing /home/airflow/.local/lib/python3.8/site-packages/airflow/example_dags/example_short_circuit_operator.py took 0.107 seconds
