[2024-09-24T05:05:55.374+0000] {processor.py:157} INFO - Started process (PID=121) to work on /home/airflow/.local/lib/python3.8/site-packages/airflow/example_dags/example_setup_teardown_taskflow.py
[2024-09-24T05:05:55.380+0000] {processor.py:829} INFO - Processing file /home/airflow/.local/lib/python3.8/site-packages/airflow/example_dags/example_setup_teardown_taskflow.py for tasks to queue
[2024-09-24T05:05:55.385+0000] {logging_mixin.py:151} INFO - [2024-09-24T05:05:55.384+0000] {dagbag.py:539} INFO - Filling up the DagBag from /home/airflow/.local/lib/python3.8/site-packages/airflow/example_dags/example_setup_teardown_taskflow.py
[2024-09-24T05:05:55.442+0000] {processor.py:839} INFO - DAG(s) dict_keys(['example_setup_teardown_taskflow']) retrieved from /home/airflow/.local/lib/python3.8/site-packages/airflow/example_dags/example_setup_teardown_taskflow.py
[2024-09-24T05:05:55.555+0000] {logging_mixin.py:151} INFO - [2024-09-24T05:05:55.555+0000] {dag.py:2907} INFO - Sync 1 DAGs
[2024-09-24T05:05:55.604+0000] {logging_mixin.py:151} INFO - [2024-09-24T05:05:55.604+0000] {dag.py:3677} INFO - Setting next_dagrun for example_setup_teardown_taskflow to 2024-09-23T05:05:55.603169+00:00, run_after=2024-09-24T05:05:55.603169+00:00
[2024-09-24T05:05:55.658+0000] {processor.py:179} INFO - Processing /home/airflow/.local/lib/python3.8/site-packages/airflow/example_dags/example_setup_teardown_taskflow.py took 0.290 seconds
[2024-09-24T05:06:26.404+0000] {processor.py:157} INFO - Started process (PID=177) to work on /home/airflow/.local/lib/python3.8/site-packages/airflow/example_dags/example_setup_teardown_taskflow.py
[2024-09-24T05:06:26.405+0000] {processor.py:829} INFO - Processing file /home/airflow/.local/lib/python3.8/site-packages/airflow/example_dags/example_setup_teardown_taskflow.py for tasks to queue
[2024-09-24T05:06:26.408+0000] {logging_mixin.py:151} INFO - [2024-09-24T05:06:26.408+0000] {dagbag.py:539} INFO - Filling up the DagBag from /home/airflow/.local/lib/python3.8/site-packages/airflow/example_dags/example_setup_teardown_taskflow.py
[2024-09-24T05:06:26.419+0000] {processor.py:839} INFO - DAG(s) dict_keys(['example_setup_teardown_taskflow']) retrieved from /home/airflow/.local/lib/python3.8/site-packages/airflow/example_dags/example_setup_teardown_taskflow.py
[2024-09-24T05:06:26.448+0000] {logging_mixin.py:151} INFO - [2024-09-24T05:06:26.447+0000] {dag.py:2907} INFO - Sync 1 DAGs
[2024-09-24T05:06:26.471+0000] {logging_mixin.py:151} INFO - [2024-09-24T05:06:26.471+0000] {dag.py:3677} INFO - Setting next_dagrun for example_setup_teardown_taskflow to 2024-09-23T05:06:26.471316+00:00, run_after=2024-09-24T05:06:26.471316+00:00
[2024-09-24T05:06:26.513+0000] {processor.py:179} INFO - Processing /home/airflow/.local/lib/python3.8/site-packages/airflow/example_dags/example_setup_teardown_taskflow.py took 0.113 seconds
[2024-09-24T05:06:57.083+0000] {processor.py:157} INFO - Started process (PID=233) to work on /home/airflow/.local/lib/python3.8/site-packages/airflow/example_dags/example_setup_teardown_taskflow.py
[2024-09-24T05:06:57.085+0000] {processor.py:829} INFO - Processing file /home/airflow/.local/lib/python3.8/site-packages/airflow/example_dags/example_setup_teardown_taskflow.py for tasks to queue
[2024-09-24T05:06:57.088+0000] {logging_mixin.py:151} INFO - [2024-09-24T05:06:57.087+0000] {dagbag.py:539} INFO - Filling up the DagBag from /home/airflow/.local/lib/python3.8/site-packages/airflow/example_dags/example_setup_teardown_taskflow.py
[2024-09-24T05:06:57.097+0000] {processor.py:839} INFO - DAG(s) dict_keys(['example_setup_teardown_taskflow']) retrieved from /home/airflow/.local/lib/python3.8/site-packages/airflow/example_dags/example_setup_teardown_taskflow.py
[2024-09-24T05:06:57.130+0000] {logging_mixin.py:151} INFO - [2024-09-24T05:06:57.130+0000] {dag.py:2907} INFO - Sync 1 DAGs
[2024-09-24T05:06:57.167+0000] {logging_mixin.py:151} INFO - [2024-09-24T05:06:57.166+0000] {dag.py:3677} INFO - Setting next_dagrun for example_setup_teardown_taskflow to 2024-09-23T05:06:57.166346+00:00, run_after=2024-09-24T05:06:57.166346+00:00
[2024-09-24T05:06:57.202+0000] {processor.py:179} INFO - Processing /home/airflow/.local/lib/python3.8/site-packages/airflow/example_dags/example_setup_teardown_taskflow.py took 0.123 seconds
[2024-09-24T05:07:27.512+0000] {processor.py:157} INFO - Started process (PID=289) to work on /home/airflow/.local/lib/python3.8/site-packages/airflow/example_dags/example_setup_teardown_taskflow.py
[2024-09-24T05:07:27.514+0000] {processor.py:829} INFO - Processing file /home/airflow/.local/lib/python3.8/site-packages/airflow/example_dags/example_setup_teardown_taskflow.py for tasks to queue
[2024-09-24T05:07:27.517+0000] {logging_mixin.py:151} INFO - [2024-09-24T05:07:27.516+0000] {dagbag.py:539} INFO - Filling up the DagBag from /home/airflow/.local/lib/python3.8/site-packages/airflow/example_dags/example_setup_teardown_taskflow.py
[2024-09-24T05:07:27.527+0000] {processor.py:839} INFO - DAG(s) dict_keys(['example_setup_teardown_taskflow']) retrieved from /home/airflow/.local/lib/python3.8/site-packages/airflow/example_dags/example_setup_teardown_taskflow.py
[2024-09-24T05:07:27.553+0000] {logging_mixin.py:151} INFO - [2024-09-24T05:07:27.552+0000] {dag.py:2907} INFO - Sync 1 DAGs
[2024-09-24T05:07:27.578+0000] {logging_mixin.py:151} INFO - [2024-09-24T05:07:27.578+0000] {dag.py:3677} INFO - Setting next_dagrun for example_setup_teardown_taskflow to 2024-09-23T05:07:27.577804+00:00, run_after=2024-09-24T05:07:27.577804+00:00
[2024-09-24T05:07:27.607+0000] {processor.py:179} INFO - Processing /home/airflow/.local/lib/python3.8/site-packages/airflow/example_dags/example_setup_teardown_taskflow.py took 0.098 seconds
[2024-09-24T05:07:58.075+0000] {processor.py:157} INFO - Started process (PID=345) to work on /home/airflow/.local/lib/python3.8/site-packages/airflow/example_dags/example_setup_teardown_taskflow.py
[2024-09-24T05:07:58.076+0000] {processor.py:829} INFO - Processing file /home/airflow/.local/lib/python3.8/site-packages/airflow/example_dags/example_setup_teardown_taskflow.py for tasks to queue
[2024-09-24T05:07:58.079+0000] {logging_mixin.py:151} INFO - [2024-09-24T05:07:58.078+0000] {dagbag.py:539} INFO - Filling up the DagBag from /home/airflow/.local/lib/python3.8/site-packages/airflow/example_dags/example_setup_teardown_taskflow.py
[2024-09-24T05:07:58.089+0000] {processor.py:839} INFO - DAG(s) dict_keys(['example_setup_teardown_taskflow']) retrieved from /home/airflow/.local/lib/python3.8/site-packages/airflow/example_dags/example_setup_teardown_taskflow.py
[2024-09-24T05:07:58.116+0000] {logging_mixin.py:151} INFO - [2024-09-24T05:07:58.116+0000] {dag.py:2907} INFO - Sync 1 DAGs
[2024-09-24T05:07:58.143+0000] {logging_mixin.py:151} INFO - [2024-09-24T05:07:58.143+0000] {dag.py:3677} INFO - Setting next_dagrun for example_setup_teardown_taskflow to 2024-09-23T05:07:58.142868+00:00, run_after=2024-09-24T05:07:58.142868+00:00
[2024-09-24T05:07:58.169+0000] {processor.py:179} INFO - Processing /home/airflow/.local/lib/python3.8/site-packages/airflow/example_dags/example_setup_teardown_taskflow.py took 0.097 seconds
[2024-09-24T05:08:28.426+0000] {processor.py:157} INFO - Started process (PID=401) to work on /home/airflow/.local/lib/python3.8/site-packages/airflow/example_dags/example_setup_teardown_taskflow.py
[2024-09-24T05:08:28.427+0000] {processor.py:829} INFO - Processing file /home/airflow/.local/lib/python3.8/site-packages/airflow/example_dags/example_setup_teardown_taskflow.py for tasks to queue
[2024-09-24T05:08:28.431+0000] {logging_mixin.py:151} INFO - [2024-09-24T05:08:28.430+0000] {dagbag.py:539} INFO - Filling up the DagBag from /home/airflow/.local/lib/python3.8/site-packages/airflow/example_dags/example_setup_teardown_taskflow.py
[2024-09-24T05:08:28.441+0000] {processor.py:839} INFO - DAG(s) dict_keys(['example_setup_teardown_taskflow']) retrieved from /home/airflow/.local/lib/python3.8/site-packages/airflow/example_dags/example_setup_teardown_taskflow.py
[2024-09-24T05:08:28.466+0000] {logging_mixin.py:151} INFO - [2024-09-24T05:08:28.466+0000] {dag.py:2907} INFO - Sync 1 DAGs
[2024-09-24T05:08:28.493+0000] {logging_mixin.py:151} INFO - [2024-09-24T05:08:28.493+0000] {dag.py:3677} INFO - Setting next_dagrun for example_setup_teardown_taskflow to 2024-09-23T05:08:28.492939+00:00, run_after=2024-09-24T05:08:28.492939+00:00
[2024-09-24T05:08:28.521+0000] {processor.py:179} INFO - Processing /home/airflow/.local/lib/python3.8/site-packages/airflow/example_dags/example_setup_teardown_taskflow.py took 0.099 seconds
[2024-09-24T05:08:58.845+0000] {processor.py:157} INFO - Started process (PID=457) to work on /home/airflow/.local/lib/python3.8/site-packages/airflow/example_dags/example_setup_teardown_taskflow.py
[2024-09-24T05:08:58.847+0000] {processor.py:829} INFO - Processing file /home/airflow/.local/lib/python3.8/site-packages/airflow/example_dags/example_setup_teardown_taskflow.py for tasks to queue
[2024-09-24T05:08:58.850+0000] {logging_mixin.py:151} INFO - [2024-09-24T05:08:58.849+0000] {dagbag.py:539} INFO - Filling up the DagBag from /home/airflow/.local/lib/python3.8/site-packages/airflow/example_dags/example_setup_teardown_taskflow.py
[2024-09-24T05:08:58.860+0000] {processor.py:839} INFO - DAG(s) dict_keys(['example_setup_teardown_taskflow']) retrieved from /home/airflow/.local/lib/python3.8/site-packages/airflow/example_dags/example_setup_teardown_taskflow.py
[2024-09-24T05:08:58.887+0000] {logging_mixin.py:151} INFO - [2024-09-24T05:08:58.887+0000] {dag.py:2907} INFO - Sync 1 DAGs
[2024-09-24T05:08:58.915+0000] {logging_mixin.py:151} INFO - [2024-09-24T05:08:58.915+0000] {dag.py:3677} INFO - Setting next_dagrun for example_setup_teardown_taskflow to 2024-09-23T05:08:58.914975+00:00, run_after=2024-09-24T05:08:58.914975+00:00
[2024-09-24T05:08:58.949+0000] {processor.py:179} INFO - Processing /home/airflow/.local/lib/python3.8/site-packages/airflow/example_dags/example_setup_teardown_taskflow.py took 0.107 seconds
[2024-09-24T05:09:29.376+0000] {processor.py:157} INFO - Started process (PID=513) to work on /home/airflow/.local/lib/python3.8/site-packages/airflow/example_dags/example_setup_teardown_taskflow.py
[2024-09-24T05:09:29.377+0000] {processor.py:829} INFO - Processing file /home/airflow/.local/lib/python3.8/site-packages/airflow/example_dags/example_setup_teardown_taskflow.py for tasks to queue
[2024-09-24T05:09:29.380+0000] {logging_mixin.py:151} INFO - [2024-09-24T05:09:29.380+0000] {dagbag.py:539} INFO - Filling up the DagBag from /home/airflow/.local/lib/python3.8/site-packages/airflow/example_dags/example_setup_teardown_taskflow.py
[2024-09-24T05:09:29.391+0000] {processor.py:839} INFO - DAG(s) dict_keys(['example_setup_teardown_taskflow']) retrieved from /home/airflow/.local/lib/python3.8/site-packages/airflow/example_dags/example_setup_teardown_taskflow.py
[2024-09-24T05:09:29.420+0000] {logging_mixin.py:151} INFO - [2024-09-24T05:09:29.420+0000] {dag.py:2907} INFO - Sync 1 DAGs
[2024-09-24T05:09:29.448+0000] {logging_mixin.py:151} INFO - [2024-09-24T05:09:29.447+0000] {dag.py:3677} INFO - Setting next_dagrun for example_setup_teardown_taskflow to 2024-09-23T05:09:29.447528+00:00, run_after=2024-09-24T05:09:29.447528+00:00
[2024-09-24T05:09:29.480+0000] {processor.py:179} INFO - Processing /home/airflow/.local/lib/python3.8/site-packages/airflow/example_dags/example_setup_teardown_taskflow.py took 0.108 seconds
[2024-09-24T05:10:00.238+0000] {processor.py:157} INFO - Started process (PID=569) to work on /home/airflow/.local/lib/python3.8/site-packages/airflow/example_dags/example_setup_teardown_taskflow.py
[2024-09-24T05:10:00.241+0000] {processor.py:829} INFO - Processing file /home/airflow/.local/lib/python3.8/site-packages/airflow/example_dags/example_setup_teardown_taskflow.py for tasks to queue
[2024-09-24T05:10:00.247+0000] {logging_mixin.py:151} INFO - [2024-09-24T05:10:00.246+0000] {dagbag.py:539} INFO - Filling up the DagBag from /home/airflow/.local/lib/python3.8/site-packages/airflow/example_dags/example_setup_teardown_taskflow.py
[2024-09-24T05:10:00.263+0000] {processor.py:839} INFO - DAG(s) dict_keys(['example_setup_teardown_taskflow']) retrieved from /home/airflow/.local/lib/python3.8/site-packages/airflow/example_dags/example_setup_teardown_taskflow.py
[2024-09-24T05:10:00.293+0000] {logging_mixin.py:151} INFO - [2024-09-24T05:10:00.293+0000] {dag.py:2907} INFO - Sync 1 DAGs
[2024-09-24T05:10:00.320+0000] {logging_mixin.py:151} INFO - [2024-09-24T05:10:00.320+0000] {dag.py:3677} INFO - Setting next_dagrun for example_setup_teardown_taskflow to 2024-09-23T05:10:00.320044+00:00, run_after=2024-09-24T05:10:00.320044+00:00
[2024-09-24T05:10:00.353+0000] {processor.py:179} INFO - Processing /home/airflow/.local/lib/python3.8/site-packages/airflow/example_dags/example_setup_teardown_taskflow.py took 0.119 seconds
[2024-09-24T05:10:30.508+0000] {processor.py:157} INFO - Started process (PID=624) to work on /home/airflow/.local/lib/python3.8/site-packages/airflow/example_dags/example_setup_teardown_taskflow.py
[2024-09-24T05:10:30.510+0000] {processor.py:829} INFO - Processing file /home/airflow/.local/lib/python3.8/site-packages/airflow/example_dags/example_setup_teardown_taskflow.py for tasks to queue
[2024-09-24T05:10:30.518+0000] {logging_mixin.py:151} INFO - [2024-09-24T05:10:30.516+0000] {dagbag.py:539} INFO - Filling up the DagBag from /home/airflow/.local/lib/python3.8/site-packages/airflow/example_dags/example_setup_teardown_taskflow.py
[2024-09-24T05:10:30.558+0000] {processor.py:839} INFO - DAG(s) dict_keys(['example_setup_teardown_taskflow']) retrieved from /home/airflow/.local/lib/python3.8/site-packages/airflow/example_dags/example_setup_teardown_taskflow.py
[2024-09-24T05:10:30.639+0000] {logging_mixin.py:151} INFO - [2024-09-24T05:10:30.639+0000] {dag.py:2907} INFO - Sync 1 DAGs
[2024-09-24T05:10:30.684+0000] {logging_mixin.py:151} INFO - [2024-09-24T05:10:30.684+0000] {dag.py:3677} INFO - Setting next_dagrun for example_setup_teardown_taskflow to 2024-09-23T05:10:30.684145+00:00, run_after=2024-09-24T05:10:30.684145+00:00
[2024-09-24T05:10:30.716+0000] {processor.py:179} INFO - Processing /home/airflow/.local/lib/python3.8/site-packages/airflow/example_dags/example_setup_teardown_taskflow.py took 0.213 seconds
[2024-09-24T05:11:01.067+0000] {processor.py:157} INFO - Started process (PID=680) to work on /home/airflow/.local/lib/python3.8/site-packages/airflow/example_dags/example_setup_teardown_taskflow.py
[2024-09-24T05:11:01.069+0000] {processor.py:829} INFO - Processing file /home/airflow/.local/lib/python3.8/site-packages/airflow/example_dags/example_setup_teardown_taskflow.py for tasks to queue
[2024-09-24T05:11:01.072+0000] {logging_mixin.py:151} INFO - [2024-09-24T05:11:01.072+0000] {dagbag.py:539} INFO - Filling up the DagBag from /home/airflow/.local/lib/python3.8/site-packages/airflow/example_dags/example_setup_teardown_taskflow.py
[2024-09-24T05:11:01.083+0000] {processor.py:839} INFO - DAG(s) dict_keys(['example_setup_teardown_taskflow']) retrieved from /home/airflow/.local/lib/python3.8/site-packages/airflow/example_dags/example_setup_teardown_taskflow.py
[2024-09-24T05:11:01.118+0000] {logging_mixin.py:151} INFO - [2024-09-24T05:11:01.118+0000] {dag.py:2907} INFO - Sync 1 DAGs
[2024-09-24T05:11:01.146+0000] {logging_mixin.py:151} INFO - [2024-09-24T05:11:01.146+0000] {dag.py:3677} INFO - Setting next_dagrun for example_setup_teardown_taskflow to 2024-09-23T05:11:01.145904+00:00, run_after=2024-09-24T05:11:01.145904+00:00
[2024-09-24T05:11:01.180+0000] {processor.py:179} INFO - Processing /home/airflow/.local/lib/python3.8/site-packages/airflow/example_dags/example_setup_teardown_taskflow.py took 0.117 seconds
[2024-09-24T05:11:32.002+0000] {processor.py:157} INFO - Started process (PID=736) to work on /home/airflow/.local/lib/python3.8/site-packages/airflow/example_dags/example_setup_teardown_taskflow.py
[2024-09-24T05:11:32.004+0000] {processor.py:829} INFO - Processing file /home/airflow/.local/lib/python3.8/site-packages/airflow/example_dags/example_setup_teardown_taskflow.py for tasks to queue
[2024-09-24T05:11:32.007+0000] {logging_mixin.py:151} INFO - [2024-09-24T05:11:32.007+0000] {dagbag.py:539} INFO - Filling up the DagBag from /home/airflow/.local/lib/python3.8/site-packages/airflow/example_dags/example_setup_teardown_taskflow.py
[2024-09-24T05:11:32.019+0000] {processor.py:839} INFO - DAG(s) dict_keys(['example_setup_teardown_taskflow']) retrieved from /home/airflow/.local/lib/python3.8/site-packages/airflow/example_dags/example_setup_teardown_taskflow.py
[2024-09-24T05:11:32.049+0000] {logging_mixin.py:151} INFO - [2024-09-24T05:11:32.048+0000] {dag.py:2907} INFO - Sync 1 DAGs
[2024-09-24T05:11:32.079+0000] {logging_mixin.py:151} INFO - [2024-09-24T05:11:32.078+0000] {dag.py:3677} INFO - Setting next_dagrun for example_setup_teardown_taskflow to 2024-09-23T05:11:32.078362+00:00, run_after=2024-09-24T05:11:32.078362+00:00
[2024-09-24T05:11:32.114+0000] {processor.py:179} INFO - Processing /home/airflow/.local/lib/python3.8/site-packages/airflow/example_dags/example_setup_teardown_taskflow.py took 0.116 seconds
[2024-09-24T05:12:02.562+0000] {processor.py:157} INFO - Started process (PID=792) to work on /home/airflow/.local/lib/python3.8/site-packages/airflow/example_dags/example_setup_teardown_taskflow.py
[2024-09-24T05:12:02.564+0000] {processor.py:829} INFO - Processing file /home/airflow/.local/lib/python3.8/site-packages/airflow/example_dags/example_setup_teardown_taskflow.py for tasks to queue
[2024-09-24T05:12:02.568+0000] {logging_mixin.py:151} INFO - [2024-09-24T05:12:02.567+0000] {dagbag.py:539} INFO - Filling up the DagBag from /home/airflow/.local/lib/python3.8/site-packages/airflow/example_dags/example_setup_teardown_taskflow.py
[2024-09-24T05:12:02.581+0000] {processor.py:839} INFO - DAG(s) dict_keys(['example_setup_teardown_taskflow']) retrieved from /home/airflow/.local/lib/python3.8/site-packages/airflow/example_dags/example_setup_teardown_taskflow.py
[2024-09-24T05:12:02.623+0000] {logging_mixin.py:151} INFO - [2024-09-24T05:12:02.623+0000] {dag.py:2907} INFO - Sync 1 DAGs
[2024-09-24T05:12:02.662+0000] {logging_mixin.py:151} INFO - [2024-09-24T05:12:02.662+0000] {dag.py:3677} INFO - Setting next_dagrun for example_setup_teardown_taskflow to 2024-09-23T05:12:02.662243+00:00, run_after=2024-09-24T05:12:02.662243+00:00
[2024-09-24T05:12:02.705+0000] {processor.py:179} INFO - Processing /home/airflow/.local/lib/python3.8/site-packages/airflow/example_dags/example_setup_teardown_taskflow.py took 0.149 seconds
[2024-09-24T05:12:33.500+0000] {processor.py:157} INFO - Started process (PID=852) to work on /home/airflow/.local/lib/python3.8/site-packages/airflow/example_dags/example_setup_teardown_taskflow.py
[2024-09-24T05:12:33.503+0000] {processor.py:829} INFO - Processing file /home/airflow/.local/lib/python3.8/site-packages/airflow/example_dags/example_setup_teardown_taskflow.py for tasks to queue
[2024-09-24T05:12:33.507+0000] {logging_mixin.py:151} INFO - [2024-09-24T05:12:33.506+0000] {dagbag.py:539} INFO - Filling up the DagBag from /home/airflow/.local/lib/python3.8/site-packages/airflow/example_dags/example_setup_teardown_taskflow.py
[2024-09-24T05:12:33.534+0000] {processor.py:839} INFO - DAG(s) dict_keys(['example_setup_teardown_taskflow']) retrieved from /home/airflow/.local/lib/python3.8/site-packages/airflow/example_dags/example_setup_teardown_taskflow.py
[2024-09-24T05:12:33.581+0000] {logging_mixin.py:151} INFO - [2024-09-24T05:12:33.581+0000] {dag.py:2907} INFO - Sync 1 DAGs
[2024-09-24T05:12:33.621+0000] {logging_mixin.py:151} INFO - [2024-09-24T05:12:33.621+0000] {dag.py:3677} INFO - Setting next_dagrun for example_setup_teardown_taskflow to 2024-09-23T05:12:33.620721+00:00, run_after=2024-09-24T05:12:33.620721+00:00
[2024-09-24T05:12:33.661+0000] {processor.py:179} INFO - Processing /home/airflow/.local/lib/python3.8/site-packages/airflow/example_dags/example_setup_teardown_taskflow.py took 0.166 seconds
[2024-09-24T05:13:03.869+0000] {processor.py:157} INFO - Started process (PID=909) to work on /home/airflow/.local/lib/python3.8/site-packages/airflow/example_dags/example_setup_teardown_taskflow.py
[2024-09-24T05:13:03.871+0000] {processor.py:829} INFO - Processing file /home/airflow/.local/lib/python3.8/site-packages/airflow/example_dags/example_setup_teardown_taskflow.py for tasks to queue
[2024-09-24T05:13:03.874+0000] {logging_mixin.py:151} INFO - [2024-09-24T05:13:03.874+0000] {dagbag.py:539} INFO - Filling up the DagBag from /home/airflow/.local/lib/python3.8/site-packages/airflow/example_dags/example_setup_teardown_taskflow.py
[2024-09-24T05:13:03.885+0000] {processor.py:839} INFO - DAG(s) dict_keys(['example_setup_teardown_taskflow']) retrieved from /home/airflow/.local/lib/python3.8/site-packages/airflow/example_dags/example_setup_teardown_taskflow.py
[2024-09-24T05:13:03.914+0000] {logging_mixin.py:151} INFO - [2024-09-24T05:13:03.914+0000] {dag.py:2907} INFO - Sync 1 DAGs
[2024-09-24T05:13:03.941+0000] {logging_mixin.py:151} INFO - [2024-09-24T05:13:03.941+0000] {dag.py:3677} INFO - Setting next_dagrun for example_setup_teardown_taskflow to 2024-09-23T05:13:03.941091+00:00, run_after=2024-09-24T05:13:03.941091+00:00
[2024-09-24T05:13:03.967+0000] {processor.py:179} INFO - Processing /home/airflow/.local/lib/python3.8/site-packages/airflow/example_dags/example_setup_teardown_taskflow.py took 0.102 seconds
[2024-09-24T05:13:34.730+0000] {processor.py:157} INFO - Started process (PID=965) to work on /home/airflow/.local/lib/python3.8/site-packages/airflow/example_dags/example_setup_teardown_taskflow.py
[2024-09-24T05:13:34.731+0000] {processor.py:829} INFO - Processing file /home/airflow/.local/lib/python3.8/site-packages/airflow/example_dags/example_setup_teardown_taskflow.py for tasks to queue
[2024-09-24T05:13:34.734+0000] {logging_mixin.py:151} INFO - [2024-09-24T05:13:34.734+0000] {dagbag.py:539} INFO - Filling up the DagBag from /home/airflow/.local/lib/python3.8/site-packages/airflow/example_dags/example_setup_teardown_taskflow.py
[2024-09-24T05:13:34.744+0000] {processor.py:839} INFO - DAG(s) dict_keys(['example_setup_teardown_taskflow']) retrieved from /home/airflow/.local/lib/python3.8/site-packages/airflow/example_dags/example_setup_teardown_taskflow.py
[2024-09-24T05:13:34.772+0000] {logging_mixin.py:151} INFO - [2024-09-24T05:13:34.772+0000] {dag.py:2907} INFO - Sync 1 DAGs
[2024-09-24T05:13:34.800+0000] {logging_mixin.py:151} INFO - [2024-09-24T05:13:34.799+0000] {dag.py:3677} INFO - Setting next_dagrun for example_setup_teardown_taskflow to 2024-09-23T05:13:34.799386+00:00, run_after=2024-09-24T05:13:34.799386+00:00
[2024-09-24T05:13:34.837+0000] {processor.py:179} INFO - Processing /home/airflow/.local/lib/python3.8/site-packages/airflow/example_dags/example_setup_teardown_taskflow.py took 0.111 seconds
[2024-09-24T05:14:05.378+0000] {processor.py:157} INFO - Started process (PID=1021) to work on /home/airflow/.local/lib/python3.8/site-packages/airflow/example_dags/example_setup_teardown_taskflow.py
[2024-09-24T05:14:05.381+0000] {processor.py:829} INFO - Processing file /home/airflow/.local/lib/python3.8/site-packages/airflow/example_dags/example_setup_teardown_taskflow.py for tasks to queue
[2024-09-24T05:14:05.384+0000] {logging_mixin.py:151} INFO - [2024-09-24T05:14:05.383+0000] {dagbag.py:539} INFO - Filling up the DagBag from /home/airflow/.local/lib/python3.8/site-packages/airflow/example_dags/example_setup_teardown_taskflow.py
[2024-09-24T05:14:05.393+0000] {processor.py:839} INFO - DAG(s) dict_keys(['example_setup_teardown_taskflow']) retrieved from /home/airflow/.local/lib/python3.8/site-packages/airflow/example_dags/example_setup_teardown_taskflow.py
[2024-09-24T05:14:05.418+0000] {logging_mixin.py:151} INFO - [2024-09-24T05:14:05.417+0000] {dag.py:2907} INFO - Sync 1 DAGs
[2024-09-24T05:14:05.441+0000] {logging_mixin.py:151} INFO - [2024-09-24T05:14:05.441+0000] {dag.py:3677} INFO - Setting next_dagrun for example_setup_teardown_taskflow to 2024-09-23T05:14:05.441305+00:00, run_after=2024-09-24T05:14:05.441305+00:00
[2024-09-24T05:14:05.470+0000] {processor.py:179} INFO - Processing /home/airflow/.local/lib/python3.8/site-packages/airflow/example_dags/example_setup_teardown_taskflow.py took 0.095 seconds
[2024-09-24T05:14:35.613+0000] {processor.py:157} INFO - Started process (PID=1077) to work on /home/airflow/.local/lib/python3.8/site-packages/airflow/example_dags/example_setup_teardown_taskflow.py
[2024-09-24T05:14:35.614+0000] {processor.py:829} INFO - Processing file /home/airflow/.local/lib/python3.8/site-packages/airflow/example_dags/example_setup_teardown_taskflow.py for tasks to queue
[2024-09-24T05:14:35.618+0000] {logging_mixin.py:151} INFO - [2024-09-24T05:14:35.617+0000] {dagbag.py:539} INFO - Filling up the DagBag from /home/airflow/.local/lib/python3.8/site-packages/airflow/example_dags/example_setup_teardown_taskflow.py
[2024-09-24T05:14:35.632+0000] {processor.py:839} INFO - DAG(s) dict_keys(['example_setup_teardown_taskflow']) retrieved from /home/airflow/.local/lib/python3.8/site-packages/airflow/example_dags/example_setup_teardown_taskflow.py
[2024-09-24T05:14:35.663+0000] {logging_mixin.py:151} INFO - [2024-09-24T05:14:35.663+0000] {dag.py:2907} INFO - Sync 1 DAGs
[2024-09-24T05:14:35.688+0000] {logging_mixin.py:151} INFO - [2024-09-24T05:14:35.688+0000] {dag.py:3677} INFO - Setting next_dagrun for example_setup_teardown_taskflow to 2024-09-23T05:14:35.688070+00:00, run_after=2024-09-24T05:14:35.688070+00:00
[2024-09-24T05:14:35.718+0000] {processor.py:179} INFO - Processing /home/airflow/.local/lib/python3.8/site-packages/airflow/example_dags/example_setup_teardown_taskflow.py took 0.110 seconds
[2024-09-24T05:15:06.134+0000] {processor.py:157} INFO - Started process (PID=1133) to work on /home/airflow/.local/lib/python3.8/site-packages/airflow/example_dags/example_setup_teardown_taskflow.py
[2024-09-24T05:15:06.136+0000] {processor.py:829} INFO - Processing file /home/airflow/.local/lib/python3.8/site-packages/airflow/example_dags/example_setup_teardown_taskflow.py for tasks to queue
[2024-09-24T05:15:06.139+0000] {logging_mixin.py:151} INFO - [2024-09-24T05:15:06.139+0000] {dagbag.py:539} INFO - Filling up the DagBag from /home/airflow/.local/lib/python3.8/site-packages/airflow/example_dags/example_setup_teardown_taskflow.py
[2024-09-24T05:15:06.150+0000] {processor.py:839} INFO - DAG(s) dict_keys(['example_setup_teardown_taskflow']) retrieved from /home/airflow/.local/lib/python3.8/site-packages/airflow/example_dags/example_setup_teardown_taskflow.py
[2024-09-24T05:15:06.175+0000] {logging_mixin.py:151} INFO - [2024-09-24T05:15:06.175+0000] {dag.py:2907} INFO - Sync 1 DAGs
[2024-09-24T05:15:06.199+0000] {logging_mixin.py:151} INFO - [2024-09-24T05:15:06.199+0000] {dag.py:3677} INFO - Setting next_dagrun for example_setup_teardown_taskflow to 2024-09-23T05:15:06.199159+00:00, run_after=2024-09-24T05:15:06.199159+00:00
[2024-09-24T05:15:06.228+0000] {processor.py:179} INFO - Processing /home/airflow/.local/lib/python3.8/site-packages/airflow/example_dags/example_setup_teardown_taskflow.py took 0.097 seconds
