[2024-09-24T04:10:21.737+0000] {processor.py:157} INFO - Started process (PID=55) to work on /home/airflow/.local/lib/python3.8/site-packages/airflow/example_dags/example_task_group_decorator.py
[2024-09-24T04:10:21.739+0000] {processor.py:829} INFO - Processing file /home/airflow/.local/lib/python3.8/site-packages/airflow/example_dags/example_task_group_decorator.py for tasks to queue
[2024-09-24T04:10:21.744+0000] {logging_mixin.py:151} INFO - [2024-09-24T04:10:21.743+0000] {dagbag.py:539} INFO - Filling up the DagBag from /home/airflow/.local/lib/python3.8/site-packages/airflow/example_dags/example_task_group_decorator.py
[2024-09-24T04:10:21.784+0000] {processor.py:839} INFO - DAG(s) dict_keys(['example_task_group_decorator']) retrieved from /home/airflow/.local/lib/python3.8/site-packages/airflow/example_dags/example_task_group_decorator.py
[2024-09-24T04:10:21.841+0000] {logging_mixin.py:151} INFO - [2024-09-24T04:10:21.840+0000] {dag.py:2907} INFO - Sync 1 DAGs
[2024-09-24T04:10:21.888+0000] {logging_mixin.py:151} INFO - [2024-09-24T04:10:21.888+0000] {dag.py:3677} INFO - Setting next_dagrun for example_task_group_decorator to 2024-09-23T04:10:21.887806+00:00, run_after=2024-09-24T04:10:21.887806+00:00
[2024-09-24T04:10:21.947+0000] {processor.py:179} INFO - Processing /home/airflow/.local/lib/python3.8/site-packages/airflow/example_dags/example_task_group_decorator.py took 0.216 seconds
[2024-09-24T05:05:35.441+0000] {processor.py:157} INFO - Started process (PID=85) to work on /home/airflow/.local/lib/python3.8/site-packages/airflow/example_dags/example_task_group_decorator.py
[2024-09-24T05:05:35.444+0000] {processor.py:829} INFO - Processing file /home/airflow/.local/lib/python3.8/site-packages/airflow/example_dags/example_task_group_decorator.py for tasks to queue
[2024-09-24T05:05:35.458+0000] {logging_mixin.py:151} INFO - [2024-09-24T05:05:35.453+0000] {dagbag.py:539} INFO - Filling up the DagBag from /home/airflow/.local/lib/python3.8/site-packages/airflow/example_dags/example_task_group_decorator.py
[2024-09-24T05:05:35.573+0000] {processor.py:839} INFO - DAG(s) dict_keys(['example_task_group_decorator']) retrieved from /home/airflow/.local/lib/python3.8/site-packages/airflow/example_dags/example_task_group_decorator.py
[2024-09-24T05:05:38.367+0000] {logging_mixin.py:151} INFO - [2024-09-24T05:05:38.367+0000] {dag.py:2907} INFO - Sync 1 DAGs
[2024-09-24T05:05:38.440+0000] {logging_mixin.py:151} INFO - [2024-09-24T05:05:38.439+0000] {dag.py:3677} INFO - Setting next_dagrun for example_task_group_decorator to 2024-09-23T05:05:38.437364+00:00, run_after=2024-09-24T05:05:38.437364+00:00
[2024-09-24T05:05:38.505+0000] {processor.py:179} INFO - Processing /home/airflow/.local/lib/python3.8/site-packages/airflow/example_dags/example_task_group_decorator.py took 3.076 seconds
[2024-09-24T05:06:08.638+0000] {processor.py:157} INFO - Started process (PID=142) to work on /home/airflow/.local/lib/python3.8/site-packages/airflow/example_dags/example_task_group_decorator.py
[2024-09-24T05:06:08.640+0000] {processor.py:829} INFO - Processing file /home/airflow/.local/lib/python3.8/site-packages/airflow/example_dags/example_task_group_decorator.py for tasks to queue
[2024-09-24T05:06:08.642+0000] {logging_mixin.py:151} INFO - [2024-09-24T05:06:08.642+0000] {dagbag.py:539} INFO - Filling up the DagBag from /home/airflow/.local/lib/python3.8/site-packages/airflow/example_dags/example_task_group_decorator.py
[2024-09-24T05:06:08.657+0000] {processor.py:839} INFO - DAG(s) dict_keys(['example_task_group_decorator']) retrieved from /home/airflow/.local/lib/python3.8/site-packages/airflow/example_dags/example_task_group_decorator.py
[2024-09-24T05:06:08.686+0000] {logging_mixin.py:151} INFO - [2024-09-24T05:06:08.686+0000] {dag.py:2907} INFO - Sync 1 DAGs
[2024-09-24T05:06:08.714+0000] {logging_mixin.py:151} INFO - [2024-09-24T05:06:08.714+0000] {dag.py:3677} INFO - Setting next_dagrun for example_task_group_decorator to 2024-09-23T05:06:08.713830+00:00, run_after=2024-09-24T05:06:08.713830+00:00
[2024-09-24T05:06:08.740+0000] {processor.py:179} INFO - Processing /home/airflow/.local/lib/python3.8/site-packages/airflow/example_dags/example_task_group_decorator.py took 0.106 seconds
[2024-09-24T05:06:38.895+0000] {processor.py:157} INFO - Started process (PID=198) to work on /home/airflow/.local/lib/python3.8/site-packages/airflow/example_dags/example_task_group_decorator.py
[2024-09-24T05:06:38.897+0000] {processor.py:829} INFO - Processing file /home/airflow/.local/lib/python3.8/site-packages/airflow/example_dags/example_task_group_decorator.py for tasks to queue
[2024-09-24T05:06:38.900+0000] {logging_mixin.py:151} INFO - [2024-09-24T05:06:38.900+0000] {dagbag.py:539} INFO - Filling up the DagBag from /home/airflow/.local/lib/python3.8/site-packages/airflow/example_dags/example_task_group_decorator.py
[2024-09-24T05:06:38.916+0000] {processor.py:839} INFO - DAG(s) dict_keys(['example_task_group_decorator']) retrieved from /home/airflow/.local/lib/python3.8/site-packages/airflow/example_dags/example_task_group_decorator.py
[2024-09-24T05:06:38.946+0000] {logging_mixin.py:151} INFO - [2024-09-24T05:06:38.945+0000] {dag.py:2907} INFO - Sync 1 DAGs
[2024-09-24T05:06:38.972+0000] {logging_mixin.py:151} INFO - [2024-09-24T05:06:38.972+0000] {dag.py:3677} INFO - Setting next_dagrun for example_task_group_decorator to 2024-09-23T05:06:38.971760+00:00, run_after=2024-09-24T05:06:38.971760+00:00
[2024-09-24T05:06:39.009+0000] {processor.py:179} INFO - Processing /home/airflow/.local/lib/python3.8/site-packages/airflow/example_dags/example_task_group_decorator.py took 0.117 seconds
[2024-09-24T05:07:09.407+0000] {processor.py:157} INFO - Started process (PID=253) to work on /home/airflow/.local/lib/python3.8/site-packages/airflow/example_dags/example_task_group_decorator.py
[2024-09-24T05:07:09.409+0000] {processor.py:829} INFO - Processing file /home/airflow/.local/lib/python3.8/site-packages/airflow/example_dags/example_task_group_decorator.py for tasks to queue
[2024-09-24T05:07:09.411+0000] {logging_mixin.py:151} INFO - [2024-09-24T05:07:09.411+0000] {dagbag.py:539} INFO - Filling up the DagBag from /home/airflow/.local/lib/python3.8/site-packages/airflow/example_dags/example_task_group_decorator.py
[2024-09-24T05:07:09.429+0000] {processor.py:839} INFO - DAG(s) dict_keys(['example_task_group_decorator']) retrieved from /home/airflow/.local/lib/python3.8/site-packages/airflow/example_dags/example_task_group_decorator.py
[2024-09-24T05:07:09.459+0000] {logging_mixin.py:151} INFO - [2024-09-24T05:07:09.459+0000] {dag.py:2907} INFO - Sync 1 DAGs
[2024-09-24T05:07:09.486+0000] {logging_mixin.py:151} INFO - [2024-09-24T05:07:09.486+0000] {dag.py:3677} INFO - Setting next_dagrun for example_task_group_decorator to 2024-09-23T05:07:09.486039+00:00, run_after=2024-09-24T05:07:09.486039+00:00
[2024-09-24T05:07:09.517+0000] {processor.py:179} INFO - Processing /home/airflow/.local/lib/python3.8/site-packages/airflow/example_dags/example_task_group_decorator.py took 0.114 seconds
[2024-09-24T05:07:39.820+0000] {processor.py:157} INFO - Started process (PID=308) to work on /home/airflow/.local/lib/python3.8/site-packages/airflow/example_dags/example_task_group_decorator.py
[2024-09-24T05:07:39.823+0000] {processor.py:829} INFO - Processing file /home/airflow/.local/lib/python3.8/site-packages/airflow/example_dags/example_task_group_decorator.py for tasks to queue
[2024-09-24T05:07:39.830+0000] {logging_mixin.py:151} INFO - [2024-09-24T05:07:39.830+0000] {dagbag.py:539} INFO - Filling up the DagBag from /home/airflow/.local/lib/python3.8/site-packages/airflow/example_dags/example_task_group_decorator.py
[2024-09-24T05:07:39.859+0000] {processor.py:839} INFO - DAG(s) dict_keys(['example_task_group_decorator']) retrieved from /home/airflow/.local/lib/python3.8/site-packages/airflow/example_dags/example_task_group_decorator.py
[2024-09-24T05:07:39.920+0000] {logging_mixin.py:151} INFO - [2024-09-24T05:07:39.919+0000] {dag.py:2907} INFO - Sync 1 DAGs
[2024-09-24T05:07:40.114+0000] {logging_mixin.py:151} INFO - [2024-09-24T05:07:40.113+0000] {dag.py:3677} INFO - Setting next_dagrun for example_task_group_decorator to 2024-09-23T05:07:40.000693+00:00, run_after=2024-09-24T05:07:40.000693+00:00
[2024-09-24T05:07:40.216+0000] {processor.py:179} INFO - Processing /home/airflow/.local/lib/python3.8/site-packages/airflow/example_dags/example_task_group_decorator.py took 0.405 seconds
[2024-09-24T05:08:10.348+0000] {processor.py:157} INFO - Started process (PID=364) to work on /home/airflow/.local/lib/python3.8/site-packages/airflow/example_dags/example_task_group_decorator.py
[2024-09-24T05:08:10.350+0000] {processor.py:829} INFO - Processing file /home/airflow/.local/lib/python3.8/site-packages/airflow/example_dags/example_task_group_decorator.py for tasks to queue
[2024-09-24T05:08:10.354+0000] {logging_mixin.py:151} INFO - [2024-09-24T05:08:10.353+0000] {dagbag.py:539} INFO - Filling up the DagBag from /home/airflow/.local/lib/python3.8/site-packages/airflow/example_dags/example_task_group_decorator.py
[2024-09-24T05:08:10.367+0000] {processor.py:839} INFO - DAG(s) dict_keys(['example_task_group_decorator']) retrieved from /home/airflow/.local/lib/python3.8/site-packages/airflow/example_dags/example_task_group_decorator.py
[2024-09-24T05:08:10.396+0000] {logging_mixin.py:151} INFO - [2024-09-24T05:08:10.396+0000] {dag.py:2907} INFO - Sync 1 DAGs
[2024-09-24T05:08:10.423+0000] {logging_mixin.py:151} INFO - [2024-09-24T05:08:10.423+0000] {dag.py:3677} INFO - Setting next_dagrun for example_task_group_decorator to 2024-09-23T05:08:10.423070+00:00, run_after=2024-09-24T05:08:10.423070+00:00
[2024-09-24T05:08:10.452+0000] {processor.py:179} INFO - Processing /home/airflow/.local/lib/python3.8/site-packages/airflow/example_dags/example_task_group_decorator.py took 0.107 seconds
[2024-09-24T05:08:40.772+0000] {processor.py:157} INFO - Started process (PID=420) to work on /home/airflow/.local/lib/python3.8/site-packages/airflow/example_dags/example_task_group_decorator.py
[2024-09-24T05:08:40.773+0000] {processor.py:829} INFO - Processing file /home/airflow/.local/lib/python3.8/site-packages/airflow/example_dags/example_task_group_decorator.py for tasks to queue
[2024-09-24T05:08:40.776+0000] {logging_mixin.py:151} INFO - [2024-09-24T05:08:40.775+0000] {dagbag.py:539} INFO - Filling up the DagBag from /home/airflow/.local/lib/python3.8/site-packages/airflow/example_dags/example_task_group_decorator.py
[2024-09-24T05:08:40.789+0000] {processor.py:839} INFO - DAG(s) dict_keys(['example_task_group_decorator']) retrieved from /home/airflow/.local/lib/python3.8/site-packages/airflow/example_dags/example_task_group_decorator.py
[2024-09-24T05:08:40.815+0000] {logging_mixin.py:151} INFO - [2024-09-24T05:08:40.815+0000] {dag.py:2907} INFO - Sync 1 DAGs
[2024-09-24T05:08:40.837+0000] {logging_mixin.py:151} INFO - [2024-09-24T05:08:40.837+0000] {dag.py:3677} INFO - Setting next_dagrun for example_task_group_decorator to 2024-09-23T05:08:40.836977+00:00, run_after=2024-09-24T05:08:40.836977+00:00
[2024-09-24T05:08:40.862+0000] {processor.py:179} INFO - Processing /home/airflow/.local/lib/python3.8/site-packages/airflow/example_dags/example_task_group_decorator.py took 0.094 seconds
[2024-09-24T05:09:11.369+0000] {processor.py:157} INFO - Started process (PID=476) to work on /home/airflow/.local/lib/python3.8/site-packages/airflow/example_dags/example_task_group_decorator.py
[2024-09-24T05:09:11.371+0000] {processor.py:829} INFO - Processing file /home/airflow/.local/lib/python3.8/site-packages/airflow/example_dags/example_task_group_decorator.py for tasks to queue
[2024-09-24T05:09:11.373+0000] {logging_mixin.py:151} INFO - [2024-09-24T05:09:11.373+0000] {dagbag.py:539} INFO - Filling up the DagBag from /home/airflow/.local/lib/python3.8/site-packages/airflow/example_dags/example_task_group_decorator.py
[2024-09-24T05:09:11.395+0000] {processor.py:839} INFO - DAG(s) dict_keys(['example_task_group_decorator']) retrieved from /home/airflow/.local/lib/python3.8/site-packages/airflow/example_dags/example_task_group_decorator.py
[2024-09-24T05:09:11.472+0000] {logging_mixin.py:151} INFO - [2024-09-24T05:09:11.472+0000] {dag.py:2907} INFO - Sync 1 DAGs
[2024-09-24T05:09:11.508+0000] {logging_mixin.py:151} INFO - [2024-09-24T05:09:11.508+0000] {dag.py:3677} INFO - Setting next_dagrun for example_task_group_decorator to 2024-09-23T05:09:11.508138+00:00, run_after=2024-09-24T05:09:11.508138+00:00
[2024-09-24T05:09:12.223+0000] {processor.py:179} INFO - Processing /home/airflow/.local/lib/python3.8/site-packages/airflow/example_dags/example_task_group_decorator.py took 0.858 seconds
[2024-09-24T05:09:42.797+0000] {processor.py:157} INFO - Started process (PID=532) to work on /home/airflow/.local/lib/python3.8/site-packages/airflow/example_dags/example_task_group_decorator.py
[2024-09-24T05:09:42.799+0000] {processor.py:829} INFO - Processing file /home/airflow/.local/lib/python3.8/site-packages/airflow/example_dags/example_task_group_decorator.py for tasks to queue
[2024-09-24T05:09:42.801+0000] {logging_mixin.py:151} INFO - [2024-09-24T05:09:42.801+0000] {dagbag.py:539} INFO - Filling up the DagBag from /home/airflow/.local/lib/python3.8/site-packages/airflow/example_dags/example_task_group_decorator.py
[2024-09-24T05:09:42.817+0000] {processor.py:839} INFO - DAG(s) dict_keys(['example_task_group_decorator']) retrieved from /home/airflow/.local/lib/python3.8/site-packages/airflow/example_dags/example_task_group_decorator.py
[2024-09-24T05:09:42.847+0000] {logging_mixin.py:151} INFO - [2024-09-24T05:09:42.846+0000] {dag.py:2907} INFO - Sync 1 DAGs
[2024-09-24T05:09:42.872+0000] {logging_mixin.py:151} INFO - [2024-09-24T05:09:42.872+0000] {dag.py:3677} INFO - Setting next_dagrun for example_task_group_decorator to 2024-09-23T05:09:42.871963+00:00, run_after=2024-09-24T05:09:42.871963+00:00
[2024-09-24T05:09:42.902+0000] {processor.py:179} INFO - Processing /home/airflow/.local/lib/python3.8/site-packages/airflow/example_dags/example_task_group_decorator.py took 0.108 seconds
[2024-09-24T05:10:13.182+0000] {processor.py:157} INFO - Started process (PID=588) to work on /home/airflow/.local/lib/python3.8/site-packages/airflow/example_dags/example_task_group_decorator.py
[2024-09-24T05:10:13.184+0000] {processor.py:829} INFO - Processing file /home/airflow/.local/lib/python3.8/site-packages/airflow/example_dags/example_task_group_decorator.py for tasks to queue
[2024-09-24T05:10:13.188+0000] {logging_mixin.py:151} INFO - [2024-09-24T05:10:13.187+0000] {dagbag.py:539} INFO - Filling up the DagBag from /home/airflow/.local/lib/python3.8/site-packages/airflow/example_dags/example_task_group_decorator.py
[2024-09-24T05:10:13.210+0000] {processor.py:839} INFO - DAG(s) dict_keys(['example_task_group_decorator']) retrieved from /home/airflow/.local/lib/python3.8/site-packages/airflow/example_dags/example_task_group_decorator.py
[2024-09-24T05:10:13.268+0000] {logging_mixin.py:151} INFO - [2024-09-24T05:10:13.268+0000] {dag.py:2907} INFO - Sync 1 DAGs
[2024-09-24T05:10:13.341+0000] {logging_mixin.py:151} INFO - [2024-09-24T05:10:13.341+0000] {dag.py:3677} INFO - Setting next_dagrun for example_task_group_decorator to 2024-09-23T05:10:13.340340+00:00, run_after=2024-09-24T05:10:13.340340+00:00
[2024-09-24T05:10:13.438+0000] {processor.py:179} INFO - Processing /home/airflow/.local/lib/python3.8/site-packages/airflow/example_dags/example_task_group_decorator.py took 0.260 seconds
[2024-09-24T05:10:43.663+0000] {processor.py:157} INFO - Started process (PID=644) to work on /home/airflow/.local/lib/python3.8/site-packages/airflow/example_dags/example_task_group_decorator.py
[2024-09-24T05:10:43.666+0000] {processor.py:829} INFO - Processing file /home/airflow/.local/lib/python3.8/site-packages/airflow/example_dags/example_task_group_decorator.py for tasks to queue
[2024-09-24T05:10:43.669+0000] {logging_mixin.py:151} INFO - [2024-09-24T05:10:43.669+0000] {dagbag.py:539} INFO - Filling up the DagBag from /home/airflow/.local/lib/python3.8/site-packages/airflow/example_dags/example_task_group_decorator.py
[2024-09-24T05:10:43.686+0000] {processor.py:839} INFO - DAG(s) dict_keys(['example_task_group_decorator']) retrieved from /home/airflow/.local/lib/python3.8/site-packages/airflow/example_dags/example_task_group_decorator.py
[2024-09-24T05:10:43.728+0000] {logging_mixin.py:151} INFO - [2024-09-24T05:10:43.727+0000] {dag.py:2907} INFO - Sync 1 DAGs
[2024-09-24T05:10:43.764+0000] {logging_mixin.py:151} INFO - [2024-09-24T05:10:43.764+0000] {dag.py:3677} INFO - Setting next_dagrun for example_task_group_decorator to 2024-09-23T05:10:43.763879+00:00, run_after=2024-09-24T05:10:43.763879+00:00
[2024-09-24T05:10:43.804+0000] {processor.py:179} INFO - Processing /home/airflow/.local/lib/python3.8/site-packages/airflow/example_dags/example_task_group_decorator.py took 0.145 seconds
[2024-09-24T05:11:14.190+0000] {processor.py:157} INFO - Started process (PID=700) to work on /home/airflow/.local/lib/python3.8/site-packages/airflow/example_dags/example_task_group_decorator.py
[2024-09-24T05:11:14.193+0000] {processor.py:829} INFO - Processing file /home/airflow/.local/lib/python3.8/site-packages/airflow/example_dags/example_task_group_decorator.py for tasks to queue
[2024-09-24T05:11:14.195+0000] {logging_mixin.py:151} INFO - [2024-09-24T05:11:14.195+0000] {dagbag.py:539} INFO - Filling up the DagBag from /home/airflow/.local/lib/python3.8/site-packages/airflow/example_dags/example_task_group_decorator.py
[2024-09-24T05:11:14.213+0000] {processor.py:839} INFO - DAG(s) dict_keys(['example_task_group_decorator']) retrieved from /home/airflow/.local/lib/python3.8/site-packages/airflow/example_dags/example_task_group_decorator.py
[2024-09-24T05:11:14.246+0000] {logging_mixin.py:151} INFO - [2024-09-24T05:11:14.246+0000] {dag.py:2907} INFO - Sync 1 DAGs
[2024-09-24T05:11:14.277+0000] {logging_mixin.py:151} INFO - [2024-09-24T05:11:14.277+0000] {dag.py:3677} INFO - Setting next_dagrun for example_task_group_decorator to 2024-09-23T05:11:14.277032+00:00, run_after=2024-09-24T05:11:14.277032+00:00
[2024-09-24T05:11:14.311+0000] {processor.py:179} INFO - Processing /home/airflow/.local/lib/python3.8/site-packages/airflow/example_dags/example_task_group_decorator.py took 0.124 seconds
[2024-09-24T05:11:44.361+0000] {processor.py:157} INFO - Started process (PID=756) to work on /home/airflow/.local/lib/python3.8/site-packages/airflow/example_dags/example_task_group_decorator.py
[2024-09-24T05:11:44.363+0000] {processor.py:829} INFO - Processing file /home/airflow/.local/lib/python3.8/site-packages/airflow/example_dags/example_task_group_decorator.py for tasks to queue
[2024-09-24T05:11:44.367+0000] {logging_mixin.py:151} INFO - [2024-09-24T05:11:44.366+0000] {dagbag.py:539} INFO - Filling up the DagBag from /home/airflow/.local/lib/python3.8/site-packages/airflow/example_dags/example_task_group_decorator.py
[2024-09-24T05:11:44.383+0000] {processor.py:839} INFO - DAG(s) dict_keys(['example_task_group_decorator']) retrieved from /home/airflow/.local/lib/python3.8/site-packages/airflow/example_dags/example_task_group_decorator.py
[2024-09-24T05:11:44.414+0000] {logging_mixin.py:151} INFO - [2024-09-24T05:11:44.413+0000] {dag.py:2907} INFO - Sync 1 DAGs
[2024-09-24T05:11:44.441+0000] {logging_mixin.py:151} INFO - [2024-09-24T05:11:44.440+0000] {dag.py:3677} INFO - Setting next_dagrun for example_task_group_decorator to 2024-09-23T05:11:44.440426+00:00, run_after=2024-09-24T05:11:44.440426+00:00
[2024-09-24T05:11:44.472+0000] {processor.py:179} INFO - Processing /home/airflow/.local/lib/python3.8/site-packages/airflow/example_dags/example_task_group_decorator.py took 0.114 seconds
[2024-09-24T05:12:15.103+0000] {processor.py:157} INFO - Started process (PID=812) to work on /home/airflow/.local/lib/python3.8/site-packages/airflow/example_dags/example_task_group_decorator.py
[2024-09-24T05:12:15.105+0000] {processor.py:829} INFO - Processing file /home/airflow/.local/lib/python3.8/site-packages/airflow/example_dags/example_task_group_decorator.py for tasks to queue
[2024-09-24T05:12:15.110+0000] {logging_mixin.py:151} INFO - [2024-09-24T05:12:15.109+0000] {dagbag.py:539} INFO - Filling up the DagBag from /home/airflow/.local/lib/python3.8/site-packages/airflow/example_dags/example_task_group_decorator.py
[2024-09-24T05:12:15.143+0000] {processor.py:839} INFO - DAG(s) dict_keys(['example_task_group_decorator']) retrieved from /home/airflow/.local/lib/python3.8/site-packages/airflow/example_dags/example_task_group_decorator.py
[2024-09-24T05:12:15.199+0000] {logging_mixin.py:151} INFO - [2024-09-24T05:12:15.198+0000] {dag.py:2907} INFO - Sync 1 DAGs
[2024-09-24T05:12:15.256+0000] {logging_mixin.py:151} INFO - [2024-09-24T05:12:15.255+0000] {dag.py:3677} INFO - Setting next_dagrun for example_task_group_decorator to 2024-09-23T05:12:15.254995+00:00, run_after=2024-09-24T05:12:15.254995+00:00
[2024-09-24T05:12:15.421+0000] {processor.py:179} INFO - Processing /home/airflow/.local/lib/python3.8/site-packages/airflow/example_dags/example_task_group_decorator.py took 0.326 seconds
[2024-09-24T05:12:46.257+0000] {processor.py:157} INFO - Started process (PID=872) to work on /home/airflow/.local/lib/python3.8/site-packages/airflow/example_dags/example_task_group_decorator.py
[2024-09-24T05:12:46.259+0000] {processor.py:829} INFO - Processing file /home/airflow/.local/lib/python3.8/site-packages/airflow/example_dags/example_task_group_decorator.py for tasks to queue
[2024-09-24T05:12:46.262+0000] {logging_mixin.py:151} INFO - [2024-09-24T05:12:46.261+0000] {dagbag.py:539} INFO - Filling up the DagBag from /home/airflow/.local/lib/python3.8/site-packages/airflow/example_dags/example_task_group_decorator.py
[2024-09-24T05:12:46.277+0000] {processor.py:839} INFO - DAG(s) dict_keys(['example_task_group_decorator']) retrieved from /home/airflow/.local/lib/python3.8/site-packages/airflow/example_dags/example_task_group_decorator.py
[2024-09-24T05:12:46.305+0000] {logging_mixin.py:151} INFO - [2024-09-24T05:12:46.305+0000] {dag.py:2907} INFO - Sync 1 DAGs
[2024-09-24T05:12:46.328+0000] {logging_mixin.py:151} INFO - [2024-09-24T05:12:46.328+0000] {dag.py:3677} INFO - Setting next_dagrun for example_task_group_decorator to 2024-09-23T05:12:46.328073+00:00, run_after=2024-09-24T05:12:46.328073+00:00
[2024-09-24T05:12:46.355+0000] {processor.py:179} INFO - Processing /home/airflow/.local/lib/python3.8/site-packages/airflow/example_dags/example_task_group_decorator.py took 0.101 seconds
[2024-09-24T05:13:16.579+0000] {processor.py:157} INFO - Started process (PID=929) to work on /home/airflow/.local/lib/python3.8/site-packages/airflow/example_dags/example_task_group_decorator.py
[2024-09-24T05:13:16.581+0000] {processor.py:829} INFO - Processing file /home/airflow/.local/lib/python3.8/site-packages/airflow/example_dags/example_task_group_decorator.py for tasks to queue
[2024-09-24T05:13:16.584+0000] {logging_mixin.py:151} INFO - [2024-09-24T05:13:16.583+0000] {dagbag.py:539} INFO - Filling up the DagBag from /home/airflow/.local/lib/python3.8/site-packages/airflow/example_dags/example_task_group_decorator.py
[2024-09-24T05:13:16.597+0000] {processor.py:839} INFO - DAG(s) dict_keys(['example_task_group_decorator']) retrieved from /home/airflow/.local/lib/python3.8/site-packages/airflow/example_dags/example_task_group_decorator.py
[2024-09-24T05:13:16.625+0000] {logging_mixin.py:151} INFO - [2024-09-24T05:13:16.625+0000] {dag.py:2907} INFO - Sync 1 DAGs
[2024-09-24T05:13:16.653+0000] {logging_mixin.py:151} INFO - [2024-09-24T05:13:16.653+0000] {dag.py:3677} INFO - Setting next_dagrun for example_task_group_decorator to 2024-09-23T05:13:16.653366+00:00, run_after=2024-09-24T05:13:16.653366+00:00
[2024-09-24T05:13:16.687+0000] {processor.py:179} INFO - Processing /home/airflow/.local/lib/python3.8/site-packages/airflow/example_dags/example_task_group_decorator.py took 0.111 seconds
[2024-09-24T05:13:47.119+0000] {processor.py:157} INFO - Started process (PID=985) to work on /home/airflow/.local/lib/python3.8/site-packages/airflow/example_dags/example_task_group_decorator.py
[2024-09-24T05:13:47.121+0000] {processor.py:829} INFO - Processing file /home/airflow/.local/lib/python3.8/site-packages/airflow/example_dags/example_task_group_decorator.py for tasks to queue
[2024-09-24T05:13:47.125+0000] {logging_mixin.py:151} INFO - [2024-09-24T05:13:47.124+0000] {dagbag.py:539} INFO - Filling up the DagBag from /home/airflow/.local/lib/python3.8/site-packages/airflow/example_dags/example_task_group_decorator.py
[2024-09-24T05:13:47.140+0000] {processor.py:839} INFO - DAG(s) dict_keys(['example_task_group_decorator']) retrieved from /home/airflow/.local/lib/python3.8/site-packages/airflow/example_dags/example_task_group_decorator.py
[2024-09-24T05:13:47.171+0000] {logging_mixin.py:151} INFO - [2024-09-24T05:13:47.170+0000] {dag.py:2907} INFO - Sync 1 DAGs
[2024-09-24T05:13:47.195+0000] {logging_mixin.py:151} INFO - [2024-09-24T05:13:47.195+0000] {dag.py:3677} INFO - Setting next_dagrun for example_task_group_decorator to 2024-09-23T05:13:47.194500+00:00, run_after=2024-09-24T05:13:47.194500+00:00
[2024-09-24T05:13:47.230+0000] {processor.py:179} INFO - Processing /home/airflow/.local/lib/python3.8/site-packages/airflow/example_dags/example_task_group_decorator.py took 0.114 seconds
[2024-09-24T05:14:17.501+0000] {processor.py:157} INFO - Started process (PID=1041) to work on /home/airflow/.local/lib/python3.8/site-packages/airflow/example_dags/example_task_group_decorator.py
[2024-09-24T05:14:17.503+0000] {processor.py:829} INFO - Processing file /home/airflow/.local/lib/python3.8/site-packages/airflow/example_dags/example_task_group_decorator.py for tasks to queue
[2024-09-24T05:14:17.506+0000] {logging_mixin.py:151} INFO - [2024-09-24T05:14:17.506+0000] {dagbag.py:539} INFO - Filling up the DagBag from /home/airflow/.local/lib/python3.8/site-packages/airflow/example_dags/example_task_group_decorator.py
[2024-09-24T05:14:17.520+0000] {processor.py:839} INFO - DAG(s) dict_keys(['example_task_group_decorator']) retrieved from /home/airflow/.local/lib/python3.8/site-packages/airflow/example_dags/example_task_group_decorator.py
[2024-09-24T05:14:17.553+0000] {logging_mixin.py:151} INFO - [2024-09-24T05:14:17.553+0000] {dag.py:2907} INFO - Sync 1 DAGs
[2024-09-24T05:14:17.581+0000] {logging_mixin.py:151} INFO - [2024-09-24T05:14:17.581+0000] {dag.py:3677} INFO - Setting next_dagrun for example_task_group_decorator to 2024-09-23T05:14:17.581282+00:00, run_after=2024-09-24T05:14:17.581282+00:00
[2024-09-24T05:14:17.610+0000] {processor.py:179} INFO - Processing /home/airflow/.local/lib/python3.8/site-packages/airflow/example_dags/example_task_group_decorator.py took 0.112 seconds
[2024-09-24T05:14:48.056+0000] {processor.py:157} INFO - Started process (PID=1097) to work on /home/airflow/.local/lib/python3.8/site-packages/airflow/example_dags/example_task_group_decorator.py
[2024-09-24T05:14:48.058+0000] {processor.py:829} INFO - Processing file /home/airflow/.local/lib/python3.8/site-packages/airflow/example_dags/example_task_group_decorator.py for tasks to queue
[2024-09-24T05:14:48.061+0000] {logging_mixin.py:151} INFO - [2024-09-24T05:14:48.061+0000] {dagbag.py:539} INFO - Filling up the DagBag from /home/airflow/.local/lib/python3.8/site-packages/airflow/example_dags/example_task_group_decorator.py
[2024-09-24T05:14:48.077+0000] {processor.py:839} INFO - DAG(s) dict_keys(['example_task_group_decorator']) retrieved from /home/airflow/.local/lib/python3.8/site-packages/airflow/example_dags/example_task_group_decorator.py
[2024-09-24T05:14:48.107+0000] {logging_mixin.py:151} INFO - [2024-09-24T05:14:48.107+0000] {dag.py:2907} INFO - Sync 1 DAGs
[2024-09-24T05:14:48.133+0000] {logging_mixin.py:151} INFO - [2024-09-24T05:14:48.132+0000] {dag.py:3677} INFO - Setting next_dagrun for example_task_group_decorator to 2024-09-23T05:14:48.132324+00:00, run_after=2024-09-24T05:14:48.132324+00:00
[2024-09-24T05:14:48.182+0000] {processor.py:179} INFO - Processing /home/airflow/.local/lib/python3.8/site-packages/airflow/example_dags/example_task_group_decorator.py took 0.129 seconds
