[2024-09-24T04:10:29.920+0000] {processor.py:157} INFO - Started process (PID=72) to work on /home/airflow/.local/lib/python3.8/site-packages/airflow/example_dags/example_short_circuit_decorator.py
[2024-09-24T04:10:29.923+0000] {processor.py:829} INFO - Processing file /home/airflow/.local/lib/python3.8/site-packages/airflow/example_dags/example_short_circuit_decorator.py for tasks to queue
[2024-09-24T04:10:29.932+0000] {logging_mixin.py:151} INFO - [2024-09-24T04:10:29.930+0000] {dagbag.py:539} INFO - Filling up the DagBag from /home/airflow/.local/lib/python3.8/site-packages/airflow/example_dags/example_short_circuit_decorator.py
[2024-09-24T04:10:30.013+0000] {processor.py:839} INFO - DAG(s) dict_keys(['example_short_circuit_decorator']) retrieved from /home/airflow/.local/lib/python3.8/site-packages/airflow/example_dags/example_short_circuit_decorator.py
[2024-09-24T04:10:30.147+0000] {logging_mixin.py:151} INFO - [2024-09-24T04:10:30.146+0000] {dag.py:2907} INFO - Sync 1 DAGs
[2024-09-24T04:10:30.260+0000] {logging_mixin.py:151} INFO - [2024-09-24T04:10:30.259+0000] {dag.py:3677} INFO - Setting next_dagrun for example_short_circuit_decorator to 2024-09-23T04:10:30.258160+00:00, run_after=2024-09-24T04:10:30.258160+00:00
[2024-09-24T04:10:30.926+0000] {processor.py:179} INFO - Processing /home/airflow/.local/lib/python3.8/site-packages/airflow/example_dags/example_short_circuit_decorator.py took 1.015 seconds
[2024-09-24T05:05:51.099+0000] {processor.py:157} INFO - Started process (PID=109) to work on /home/airflow/.local/lib/python3.8/site-packages/airflow/example_dags/example_short_circuit_decorator.py
[2024-09-24T05:05:51.107+0000] {processor.py:829} INFO - Processing file /home/airflow/.local/lib/python3.8/site-packages/airflow/example_dags/example_short_circuit_decorator.py for tasks to queue
[2024-09-24T05:05:51.116+0000] {logging_mixin.py:151} INFO - [2024-09-24T05:05:51.115+0000] {dagbag.py:539} INFO - Filling up the DagBag from /home/airflow/.local/lib/python3.8/site-packages/airflow/example_dags/example_short_circuit_decorator.py
[2024-09-24T05:05:51.325+0000] {processor.py:839} INFO - DAG(s) dict_keys(['example_short_circuit_decorator']) retrieved from /home/airflow/.local/lib/python3.8/site-packages/airflow/example_dags/example_short_circuit_decorator.py
[2024-09-24T05:05:51.423+0000] {logging_mixin.py:151} INFO - [2024-09-24T05:05:51.423+0000] {dag.py:2907} INFO - Sync 1 DAGs
[2024-09-24T05:05:51.518+0000] {logging_mixin.py:151} INFO - [2024-09-24T05:05:51.517+0000] {dag.py:3677} INFO - Setting next_dagrun for example_short_circuit_decorator to 2024-09-23T05:05:51.512068+00:00, run_after=2024-09-24T05:05:51.512068+00:00
[2024-09-24T05:05:51.629+0000] {processor.py:179} INFO - Processing /home/airflow/.local/lib/python3.8/site-packages/airflow/example_dags/example_short_circuit_decorator.py took 0.541 seconds
[2024-09-24T05:06:21.772+0000] {processor.py:157} INFO - Started process (PID=158) to work on /home/airflow/.local/lib/python3.8/site-packages/airflow/example_dags/example_short_circuit_decorator.py
[2024-09-24T05:06:21.773+0000] {processor.py:829} INFO - Processing file /home/airflow/.local/lib/python3.8/site-packages/airflow/example_dags/example_short_circuit_decorator.py for tasks to queue
[2024-09-24T05:06:21.776+0000] {logging_mixin.py:151} INFO - [2024-09-24T05:06:21.776+0000] {dagbag.py:539} INFO - Filling up the DagBag from /home/airflow/.local/lib/python3.8/site-packages/airflow/example_dags/example_short_circuit_decorator.py
[2024-09-24T05:06:21.787+0000] {processor.py:839} INFO - DAG(s) dict_keys(['example_short_circuit_decorator']) retrieved from /home/airflow/.local/lib/python3.8/site-packages/airflow/example_dags/example_short_circuit_decorator.py
[2024-09-24T05:06:21.818+0000] {logging_mixin.py:151} INFO - [2024-09-24T05:06:21.818+0000] {dag.py:2907} INFO - Sync 1 DAGs
[2024-09-24T05:06:21.844+0000] {logging_mixin.py:151} INFO - [2024-09-24T05:06:21.844+0000] {dag.py:3677} INFO - Setting next_dagrun for example_short_circuit_decorator to 2024-09-23T05:06:21.844009+00:00, run_after=2024-09-24T05:06:21.844009+00:00
[2024-09-24T05:06:21.874+0000] {processor.py:179} INFO - Processing /home/airflow/.local/lib/python3.8/site-packages/airflow/example_dags/example_short_circuit_decorator.py took 0.106 seconds
[2024-09-24T05:06:52.400+0000] {processor.py:157} INFO - Started process (PID=214) to work on /home/airflow/.local/lib/python3.8/site-packages/airflow/example_dags/example_short_circuit_decorator.py
[2024-09-24T05:06:52.402+0000] {processor.py:829} INFO - Processing file /home/airflow/.local/lib/python3.8/site-packages/airflow/example_dags/example_short_circuit_decorator.py for tasks to queue
[2024-09-24T05:06:52.404+0000] {logging_mixin.py:151} INFO - [2024-09-24T05:06:52.404+0000] {dagbag.py:539} INFO - Filling up the DagBag from /home/airflow/.local/lib/python3.8/site-packages/airflow/example_dags/example_short_circuit_decorator.py
[2024-09-24T05:06:52.413+0000] {processor.py:839} INFO - DAG(s) dict_keys(['example_short_circuit_decorator']) retrieved from /home/airflow/.local/lib/python3.8/site-packages/airflow/example_dags/example_short_circuit_decorator.py
[2024-09-24T05:06:52.440+0000] {logging_mixin.py:151} INFO - [2024-09-24T05:06:52.439+0000] {dag.py:2907} INFO - Sync 1 DAGs
[2024-09-24T05:06:52.463+0000] {logging_mixin.py:151} INFO - [2024-09-24T05:06:52.463+0000] {dag.py:3677} INFO - Setting next_dagrun for example_short_circuit_decorator to 2024-09-23T05:06:52.463288+00:00, run_after=2024-09-24T05:06:52.463288+00:00
[2024-09-24T05:06:52.488+0000] {processor.py:179} INFO - Processing /home/airflow/.local/lib/python3.8/site-packages/airflow/example_dags/example_short_circuit_decorator.py took 0.091 seconds
[2024-09-24T05:07:22.911+0000] {processor.py:157} INFO - Started process (PID=270) to work on /home/airflow/.local/lib/python3.8/site-packages/airflow/example_dags/example_short_circuit_decorator.py
[2024-09-24T05:07:22.914+0000] {processor.py:829} INFO - Processing file /home/airflow/.local/lib/python3.8/site-packages/airflow/example_dags/example_short_circuit_decorator.py for tasks to queue
[2024-09-24T05:07:22.916+0000] {logging_mixin.py:151} INFO - [2024-09-24T05:07:22.916+0000] {dagbag.py:539} INFO - Filling up the DagBag from /home/airflow/.local/lib/python3.8/site-packages/airflow/example_dags/example_short_circuit_decorator.py
[2024-09-24T05:07:22.926+0000] {processor.py:839} INFO - DAG(s) dict_keys(['example_short_circuit_decorator']) retrieved from /home/airflow/.local/lib/python3.8/site-packages/airflow/example_dags/example_short_circuit_decorator.py
[2024-09-24T05:07:22.953+0000] {logging_mixin.py:151} INFO - [2024-09-24T05:07:22.953+0000] {dag.py:2907} INFO - Sync 1 DAGs
[2024-09-24T05:07:22.978+0000] {logging_mixin.py:151} INFO - [2024-09-24T05:07:22.977+0000] {dag.py:3677} INFO - Setting next_dagrun for example_short_circuit_decorator to 2024-09-23T05:07:22.977644+00:00, run_after=2024-09-24T05:07:22.977644+00:00
[2024-09-24T05:07:23.006+0000] {processor.py:179} INFO - Processing /home/airflow/.local/lib/python3.8/site-packages/airflow/example_dags/example_short_circuit_decorator.py took 0.098 seconds
[2024-09-24T05:07:53.443+0000] {processor.py:157} INFO - Started process (PID=326) to work on /home/airflow/.local/lib/python3.8/site-packages/airflow/example_dags/example_short_circuit_decorator.py
[2024-09-24T05:07:53.444+0000] {processor.py:829} INFO - Processing file /home/airflow/.local/lib/python3.8/site-packages/airflow/example_dags/example_short_circuit_decorator.py for tasks to queue
[2024-09-24T05:07:53.447+0000] {logging_mixin.py:151} INFO - [2024-09-24T05:07:53.446+0000] {dagbag.py:539} INFO - Filling up the DagBag from /home/airflow/.local/lib/python3.8/site-packages/airflow/example_dags/example_short_circuit_decorator.py
[2024-09-24T05:07:53.459+0000] {processor.py:839} INFO - DAG(s) dict_keys(['example_short_circuit_decorator']) retrieved from /home/airflow/.local/lib/python3.8/site-packages/airflow/example_dags/example_short_circuit_decorator.py
[2024-09-24T05:07:53.488+0000] {logging_mixin.py:151} INFO - [2024-09-24T05:07:53.488+0000] {dag.py:2907} INFO - Sync 1 DAGs
[2024-09-24T05:07:53.515+0000] {logging_mixin.py:151} INFO - [2024-09-24T05:07:53.515+0000] {dag.py:3677} INFO - Setting next_dagrun for example_short_circuit_decorator to 2024-09-23T05:07:53.514833+00:00, run_after=2024-09-24T05:07:53.514833+00:00
[2024-09-24T05:07:53.542+0000] {processor.py:179} INFO - Processing /home/airflow/.local/lib/python3.8/site-packages/airflow/example_dags/example_short_circuit_decorator.py took 0.103 seconds
[2024-09-24T05:08:23.703+0000] {processor.py:157} INFO - Started process (PID=389) to work on /home/airflow/.local/lib/python3.8/site-packages/airflow/example_dags/example_short_circuit_decorator.py
[2024-09-24T05:08:23.705+0000] {processor.py:829} INFO - Processing file /home/airflow/.local/lib/python3.8/site-packages/airflow/example_dags/example_short_circuit_decorator.py for tasks to queue
[2024-09-24T05:08:23.707+0000] {logging_mixin.py:151} INFO - [2024-09-24T05:08:23.707+0000] {dagbag.py:539} INFO - Filling up the DagBag from /home/airflow/.local/lib/python3.8/site-packages/airflow/example_dags/example_short_circuit_decorator.py
[2024-09-24T05:08:23.717+0000] {processor.py:839} INFO - DAG(s) dict_keys(['example_short_circuit_decorator']) retrieved from /home/airflow/.local/lib/python3.8/site-packages/airflow/example_dags/example_short_circuit_decorator.py
[2024-09-24T05:08:23.746+0000] {logging_mixin.py:151} INFO - [2024-09-24T05:08:23.746+0000] {dag.py:2907} INFO - Sync 1 DAGs
[2024-09-24T05:08:23.772+0000] {logging_mixin.py:151} INFO - [2024-09-24T05:08:23.771+0000] {dag.py:3677} INFO - Setting next_dagrun for example_short_circuit_decorator to 2024-09-23T05:08:23.771457+00:00, run_after=2024-09-24T05:08:23.771457+00:00
[2024-09-24T05:08:23.804+0000] {processor.py:179} INFO - Processing /home/airflow/.local/lib/python3.8/site-packages/airflow/example_dags/example_short_circuit_decorator.py took 0.107 seconds
[2024-09-24T05:08:54.987+0000] {processor.py:157} INFO - Started process (PID=445) to work on /home/airflow/.local/lib/python3.8/site-packages/airflow/example_dags/example_short_circuit_decorator.py
[2024-09-24T05:08:54.990+0000] {processor.py:829} INFO - Processing file /home/airflow/.local/lib/python3.8/site-packages/airflow/example_dags/example_short_circuit_decorator.py for tasks to queue
[2024-09-24T05:08:54.994+0000] {logging_mixin.py:151} INFO - [2024-09-24T05:08:54.994+0000] {dagbag.py:539} INFO - Filling up the DagBag from /home/airflow/.local/lib/python3.8/site-packages/airflow/example_dags/example_short_circuit_decorator.py
[2024-09-24T05:08:55.013+0000] {processor.py:839} INFO - DAG(s) dict_keys(['example_short_circuit_decorator']) retrieved from /home/airflow/.local/lib/python3.8/site-packages/airflow/example_dags/example_short_circuit_decorator.py
[2024-09-24T05:08:55.057+0000] {logging_mixin.py:151} INFO - [2024-09-24T05:08:55.057+0000] {dag.py:2907} INFO - Sync 1 DAGs
[2024-09-24T05:08:55.113+0000] {logging_mixin.py:151} INFO - [2024-09-24T05:08:55.113+0000] {dag.py:3677} INFO - Setting next_dagrun for example_short_circuit_decorator to 2024-09-23T05:08:55.112362+00:00, run_after=2024-09-24T05:08:55.112362+00:00
[2024-09-24T05:08:55.195+0000] {processor.py:179} INFO - Processing /home/airflow/.local/lib/python3.8/site-packages/airflow/example_dags/example_short_circuit_decorator.py took 0.215 seconds
[2024-09-24T05:09:25.578+0000] {processor.py:157} INFO - Started process (PID=500) to work on /home/airflow/.local/lib/python3.8/site-packages/airflow/example_dags/example_short_circuit_decorator.py
[2024-09-24T05:09:25.580+0000] {processor.py:829} INFO - Processing file /home/airflow/.local/lib/python3.8/site-packages/airflow/example_dags/example_short_circuit_decorator.py for tasks to queue
[2024-09-24T05:09:25.583+0000] {logging_mixin.py:151} INFO - [2024-09-24T05:09:25.582+0000] {dagbag.py:539} INFO - Filling up the DagBag from /home/airflow/.local/lib/python3.8/site-packages/airflow/example_dags/example_short_circuit_decorator.py
[2024-09-24T05:09:25.593+0000] {processor.py:839} INFO - DAG(s) dict_keys(['example_short_circuit_decorator']) retrieved from /home/airflow/.local/lib/python3.8/site-packages/airflow/example_dags/example_short_circuit_decorator.py
[2024-09-24T05:09:25.622+0000] {logging_mixin.py:151} INFO - [2024-09-24T05:09:25.622+0000] {dag.py:2907} INFO - Sync 1 DAGs
[2024-09-24T05:09:25.646+0000] {logging_mixin.py:151} INFO - [2024-09-24T05:09:25.646+0000] {dag.py:3677} INFO - Setting next_dagrun for example_short_circuit_decorator to 2024-09-23T05:09:25.645925+00:00, run_after=2024-09-24T05:09:25.645925+00:00
[2024-09-24T05:09:25.674+0000] {processor.py:179} INFO - Processing /home/airflow/.local/lib/python3.8/site-packages/airflow/example_dags/example_short_circuit_decorator.py took 0.100 seconds
[2024-09-24T05:09:56.251+0000] {processor.py:157} INFO - Started process (PID=556) to work on /home/airflow/.local/lib/python3.8/site-packages/airflow/example_dags/example_short_circuit_decorator.py
[2024-09-24T05:09:56.252+0000] {processor.py:829} INFO - Processing file /home/airflow/.local/lib/python3.8/site-packages/airflow/example_dags/example_short_circuit_decorator.py for tasks to queue
[2024-09-24T05:09:56.258+0000] {logging_mixin.py:151} INFO - [2024-09-24T05:09:56.256+0000] {dagbag.py:539} INFO - Filling up the DagBag from /home/airflow/.local/lib/python3.8/site-packages/airflow/example_dags/example_short_circuit_decorator.py
[2024-09-24T05:09:56.272+0000] {processor.py:839} INFO - DAG(s) dict_keys(['example_short_circuit_decorator']) retrieved from /home/airflow/.local/lib/python3.8/site-packages/airflow/example_dags/example_short_circuit_decorator.py
[2024-09-24T05:09:56.333+0000] {logging_mixin.py:151} INFO - [2024-09-24T05:09:56.332+0000] {dag.py:2907} INFO - Sync 1 DAGs
[2024-09-24T05:09:56.374+0000] {logging_mixin.py:151} INFO - [2024-09-24T05:09:56.373+0000] {dag.py:3677} INFO - Setting next_dagrun for example_short_circuit_decorator to 2024-09-23T05:09:56.373587+00:00, run_after=2024-09-24T05:09:56.373587+00:00
[2024-09-24T05:09:56.405+0000] {processor.py:179} INFO - Processing /home/airflow/.local/lib/python3.8/site-packages/airflow/example_dags/example_short_circuit_decorator.py took 0.159 seconds
[2024-09-24T05:10:27.148+0000] {processor.py:157} INFO - Started process (PID=612) to work on /home/airflow/.local/lib/python3.8/site-packages/airflow/example_dags/example_short_circuit_decorator.py
[2024-09-24T05:10:27.150+0000] {processor.py:829} INFO - Processing file /home/airflow/.local/lib/python3.8/site-packages/airflow/example_dags/example_short_circuit_decorator.py for tasks to queue
[2024-09-24T05:10:27.153+0000] {logging_mixin.py:151} INFO - [2024-09-24T05:10:27.153+0000] {dagbag.py:539} INFO - Filling up the DagBag from /home/airflow/.local/lib/python3.8/site-packages/airflow/example_dags/example_short_circuit_decorator.py
[2024-09-24T05:10:27.168+0000] {processor.py:839} INFO - DAG(s) dict_keys(['example_short_circuit_decorator']) retrieved from /home/airflow/.local/lib/python3.8/site-packages/airflow/example_dags/example_short_circuit_decorator.py
[2024-09-24T05:10:27.204+0000] {logging_mixin.py:151} INFO - [2024-09-24T05:10:27.204+0000] {dag.py:2907} INFO - Sync 1 DAGs
[2024-09-24T05:10:27.239+0000] {logging_mixin.py:151} INFO - [2024-09-24T05:10:27.238+0000] {dag.py:3677} INFO - Setting next_dagrun for example_short_circuit_decorator to 2024-09-23T05:10:27.238199+00:00, run_after=2024-09-24T05:10:27.238199+00:00
[2024-09-24T05:10:27.273+0000] {processor.py:179} INFO - Processing /home/airflow/.local/lib/python3.8/site-packages/airflow/example_dags/example_short_circuit_decorator.py took 0.129 seconds
[2024-09-24T05:10:57.712+0000] {processor.py:157} INFO - Started process (PID=668) to work on /home/airflow/.local/lib/python3.8/site-packages/airflow/example_dags/example_short_circuit_decorator.py
[2024-09-24T05:10:57.714+0000] {processor.py:829} INFO - Processing file /home/airflow/.local/lib/python3.8/site-packages/airflow/example_dags/example_short_circuit_decorator.py for tasks to queue
[2024-09-24T05:10:57.718+0000] {logging_mixin.py:151} INFO - [2024-09-24T05:10:57.717+0000] {dagbag.py:539} INFO - Filling up the DagBag from /home/airflow/.local/lib/python3.8/site-packages/airflow/example_dags/example_short_circuit_decorator.py
[2024-09-24T05:10:57.730+0000] {processor.py:839} INFO - DAG(s) dict_keys(['example_short_circuit_decorator']) retrieved from /home/airflow/.local/lib/python3.8/site-packages/airflow/example_dags/example_short_circuit_decorator.py
[2024-09-24T05:10:57.758+0000] {logging_mixin.py:151} INFO - [2024-09-24T05:10:57.758+0000] {dag.py:2907} INFO - Sync 1 DAGs
[2024-09-24T05:10:57.787+0000] {logging_mixin.py:151} INFO - [2024-09-24T05:10:57.787+0000] {dag.py:3677} INFO - Setting next_dagrun for example_short_circuit_decorator to 2024-09-23T05:10:57.786881+00:00, run_after=2024-09-24T05:10:57.786881+00:00
[2024-09-24T05:10:57.822+0000] {processor.py:179} INFO - Processing /home/airflow/.local/lib/python3.8/site-packages/airflow/example_dags/example_short_circuit_decorator.py took 0.114 seconds
[2024-09-24T05:11:27.912+0000] {processor.py:157} INFO - Started process (PID=724) to work on /home/airflow/.local/lib/python3.8/site-packages/airflow/example_dags/example_short_circuit_decorator.py
[2024-09-24T05:11:27.914+0000] {processor.py:829} INFO - Processing file /home/airflow/.local/lib/python3.8/site-packages/airflow/example_dags/example_short_circuit_decorator.py for tasks to queue
[2024-09-24T05:11:27.917+0000] {logging_mixin.py:151} INFO - [2024-09-24T05:11:27.917+0000] {dagbag.py:539} INFO - Filling up the DagBag from /home/airflow/.local/lib/python3.8/site-packages/airflow/example_dags/example_short_circuit_decorator.py
[2024-09-24T05:11:27.927+0000] {processor.py:839} INFO - DAG(s) dict_keys(['example_short_circuit_decorator']) retrieved from /home/airflow/.local/lib/python3.8/site-packages/airflow/example_dags/example_short_circuit_decorator.py
[2024-09-24T05:11:27.964+0000] {logging_mixin.py:151} INFO - [2024-09-24T05:11:27.964+0000] {dag.py:2907} INFO - Sync 1 DAGs
[2024-09-24T05:11:27.995+0000] {logging_mixin.py:151} INFO - [2024-09-24T05:11:27.994+0000] {dag.py:3677} INFO - Setting next_dagrun for example_short_circuit_decorator to 2024-09-23T05:11:27.994521+00:00, run_after=2024-09-24T05:11:27.994521+00:00
[2024-09-24T05:11:28.032+0000] {processor.py:179} INFO - Processing /home/airflow/.local/lib/python3.8/site-packages/airflow/example_dags/example_short_circuit_decorator.py took 0.123 seconds
[2024-09-24T05:11:58.891+0000] {processor.py:157} INFO - Started process (PID=780) to work on /home/airflow/.local/lib/python3.8/site-packages/airflow/example_dags/example_short_circuit_decorator.py
[2024-09-24T05:11:58.893+0000] {processor.py:829} INFO - Processing file /home/airflow/.local/lib/python3.8/site-packages/airflow/example_dags/example_short_circuit_decorator.py for tasks to queue
[2024-09-24T05:11:58.898+0000] {logging_mixin.py:151} INFO - [2024-09-24T05:11:58.897+0000] {dagbag.py:539} INFO - Filling up the DagBag from /home/airflow/.local/lib/python3.8/site-packages/airflow/example_dags/example_short_circuit_decorator.py
[2024-09-24T05:11:58.921+0000] {processor.py:839} INFO - DAG(s) dict_keys(['example_short_circuit_decorator']) retrieved from /home/airflow/.local/lib/python3.8/site-packages/airflow/example_dags/example_short_circuit_decorator.py
[2024-09-24T05:11:58.994+0000] {logging_mixin.py:151} INFO - [2024-09-24T05:11:58.994+0000] {dag.py:2907} INFO - Sync 1 DAGs
[2024-09-24T05:11:59.047+0000] {logging_mixin.py:151} INFO - [2024-09-24T05:11:59.045+0000] {dag.py:3677} INFO - Setting next_dagrun for example_short_circuit_decorator to 2024-09-23T05:11:59.045068+00:00, run_after=2024-09-24T05:11:59.045068+00:00
[2024-09-24T05:11:59.106+0000] {processor.py:179} INFO - Processing /home/airflow/.local/lib/python3.8/site-packages/airflow/example_dags/example_short_circuit_decorator.py took 0.221 seconds
[2024-09-24T05:12:29.628+0000] {processor.py:157} INFO - Started process (PID=840) to work on /home/airflow/.local/lib/python3.8/site-packages/airflow/example_dags/example_short_circuit_decorator.py
[2024-09-24T05:12:29.631+0000] {processor.py:829} INFO - Processing file /home/airflow/.local/lib/python3.8/site-packages/airflow/example_dags/example_short_circuit_decorator.py for tasks to queue
[2024-09-24T05:12:29.634+0000] {logging_mixin.py:151} INFO - [2024-09-24T05:12:29.634+0000] {dagbag.py:539} INFO - Filling up the DagBag from /home/airflow/.local/lib/python3.8/site-packages/airflow/example_dags/example_short_circuit_decorator.py
[2024-09-24T05:12:29.646+0000] {processor.py:839} INFO - DAG(s) dict_keys(['example_short_circuit_decorator']) retrieved from /home/airflow/.local/lib/python3.8/site-packages/airflow/example_dags/example_short_circuit_decorator.py
[2024-09-24T05:12:29.701+0000] {logging_mixin.py:151} INFO - [2024-09-24T05:12:29.701+0000] {dag.py:2907} INFO - Sync 1 DAGs
[2024-09-24T05:12:29.730+0000] {logging_mixin.py:151} INFO - [2024-09-24T05:12:29.730+0000] {dag.py:3677} INFO - Setting next_dagrun for example_short_circuit_decorator to 2024-09-23T05:12:29.729855+00:00, run_after=2024-09-24T05:12:29.729855+00:00
[2024-09-24T05:12:29.758+0000] {processor.py:179} INFO - Processing /home/airflow/.local/lib/python3.8/site-packages/airflow/example_dags/example_short_circuit_decorator.py took 0.135 seconds
[2024-09-24T05:12:59.991+0000] {processor.py:157} INFO - Started process (PID=897) to work on /home/airflow/.local/lib/python3.8/site-packages/airflow/example_dags/example_short_circuit_decorator.py
[2024-09-24T05:12:59.992+0000] {processor.py:829} INFO - Processing file /home/airflow/.local/lib/python3.8/site-packages/airflow/example_dags/example_short_circuit_decorator.py for tasks to queue
[2024-09-24T05:12:59.995+0000] {logging_mixin.py:151} INFO - [2024-09-24T05:12:59.994+0000] {dagbag.py:539} INFO - Filling up the DagBag from /home/airflow/.local/lib/python3.8/site-packages/airflow/example_dags/example_short_circuit_decorator.py
[2024-09-24T05:13:00.005+0000] {processor.py:839} INFO - DAG(s) dict_keys(['example_short_circuit_decorator']) retrieved from /home/airflow/.local/lib/python3.8/site-packages/airflow/example_dags/example_short_circuit_decorator.py
[2024-09-24T05:13:00.036+0000] {logging_mixin.py:151} INFO - [2024-09-24T05:13:00.036+0000] {dag.py:2907} INFO - Sync 1 DAGs
[2024-09-24T05:13:00.060+0000] {logging_mixin.py:151} INFO - [2024-09-24T05:13:00.060+0000] {dag.py:3677} INFO - Setting next_dagrun for example_short_circuit_decorator to 2024-09-23T05:13:00.060081+00:00, run_after=2024-09-24T05:13:00.060081+00:00
[2024-09-24T05:13:00.092+0000] {processor.py:179} INFO - Processing /home/airflow/.local/lib/python3.8/site-packages/airflow/example_dags/example_short_circuit_decorator.py took 0.106 seconds
[2024-09-24T05:13:30.836+0000] {processor.py:157} INFO - Started process (PID=953) to work on /home/airflow/.local/lib/python3.8/site-packages/airflow/example_dags/example_short_circuit_decorator.py
[2024-09-24T05:13:30.837+0000] {processor.py:829} INFO - Processing file /home/airflow/.local/lib/python3.8/site-packages/airflow/example_dags/example_short_circuit_decorator.py for tasks to queue
[2024-09-24T05:13:30.841+0000] {logging_mixin.py:151} INFO - [2024-09-24T05:13:30.840+0000] {dagbag.py:539} INFO - Filling up the DagBag from /home/airflow/.local/lib/python3.8/site-packages/airflow/example_dags/example_short_circuit_decorator.py
[2024-09-24T05:13:30.854+0000] {processor.py:839} INFO - DAG(s) dict_keys(['example_short_circuit_decorator']) retrieved from /home/airflow/.local/lib/python3.8/site-packages/airflow/example_dags/example_short_circuit_decorator.py
[2024-09-24T05:13:30.884+0000] {logging_mixin.py:151} INFO - [2024-09-24T05:13:30.884+0000] {dag.py:2907} INFO - Sync 1 DAGs
[2024-09-24T05:13:30.914+0000] {logging_mixin.py:151} INFO - [2024-09-24T05:13:30.914+0000] {dag.py:3677} INFO - Setting next_dagrun for example_short_circuit_decorator to 2024-09-23T05:13:30.913706+00:00, run_after=2024-09-24T05:13:30.913706+00:00
[2024-09-24T05:13:30.944+0000] {processor.py:179} INFO - Processing /home/airflow/.local/lib/python3.8/site-packages/airflow/example_dags/example_short_circuit_decorator.py took 0.112 seconds
[2024-09-24T05:14:01.376+0000] {processor.py:157} INFO - Started process (PID=1009) to work on /home/airflow/.local/lib/python3.8/site-packages/airflow/example_dags/example_short_circuit_decorator.py
[2024-09-24T05:14:01.377+0000] {processor.py:829} INFO - Processing file /home/airflow/.local/lib/python3.8/site-packages/airflow/example_dags/example_short_circuit_decorator.py for tasks to queue
[2024-09-24T05:14:01.380+0000] {logging_mixin.py:151} INFO - [2024-09-24T05:14:01.380+0000] {dagbag.py:539} INFO - Filling up the DagBag from /home/airflow/.local/lib/python3.8/site-packages/airflow/example_dags/example_short_circuit_decorator.py
[2024-09-24T05:14:01.390+0000] {processor.py:839} INFO - DAG(s) dict_keys(['example_short_circuit_decorator']) retrieved from /home/airflow/.local/lib/python3.8/site-packages/airflow/example_dags/example_short_circuit_decorator.py
[2024-09-24T05:14:01.420+0000] {logging_mixin.py:151} INFO - [2024-09-24T05:14:01.420+0000] {dag.py:2907} INFO - Sync 1 DAGs
[2024-09-24T05:14:01.446+0000] {logging_mixin.py:151} INFO - [2024-09-24T05:14:01.446+0000] {dag.py:3677} INFO - Setting next_dagrun for example_short_circuit_decorator to 2024-09-23T05:14:01.446024+00:00, run_after=2024-09-24T05:14:01.446024+00:00
[2024-09-24T05:14:01.471+0000] {processor.py:179} INFO - Processing /home/airflow/.local/lib/python3.8/site-packages/airflow/example_dags/example_short_circuit_decorator.py took 0.098 seconds
[2024-09-24T05:14:31.677+0000] {processor.py:157} INFO - Started process (PID=1065) to work on /home/airflow/.local/lib/python3.8/site-packages/airflow/example_dags/example_short_circuit_decorator.py
[2024-09-24T05:14:31.678+0000] {processor.py:829} INFO - Processing file /home/airflow/.local/lib/python3.8/site-packages/airflow/example_dags/example_short_circuit_decorator.py for tasks to queue
[2024-09-24T05:14:31.680+0000] {logging_mixin.py:151} INFO - [2024-09-24T05:14:31.680+0000] {dagbag.py:539} INFO - Filling up the DagBag from /home/airflow/.local/lib/python3.8/site-packages/airflow/example_dags/example_short_circuit_decorator.py
[2024-09-24T05:14:31.689+0000] {processor.py:839} INFO - DAG(s) dict_keys(['example_short_circuit_decorator']) retrieved from /home/airflow/.local/lib/python3.8/site-packages/airflow/example_dags/example_short_circuit_decorator.py
[2024-09-24T05:14:31.716+0000] {logging_mixin.py:151} INFO - [2024-09-24T05:14:31.716+0000] {dag.py:2907} INFO - Sync 1 DAGs
[2024-09-24T05:14:31.742+0000] {logging_mixin.py:151} INFO - [2024-09-24T05:14:31.742+0000] {dag.py:3677} INFO - Setting next_dagrun for example_short_circuit_decorator to 2024-09-23T05:14:31.741901+00:00, run_after=2024-09-24T05:14:31.741901+00:00
[2024-09-24T05:14:31.768+0000] {processor.py:179} INFO - Processing /home/airflow/.local/lib/python3.8/site-packages/airflow/example_dags/example_short_circuit_decorator.py took 0.094 seconds
[2024-09-24T05:15:02.186+0000] {processor.py:157} INFO - Started process (PID=1121) to work on /home/airflow/.local/lib/python3.8/site-packages/airflow/example_dags/example_short_circuit_decorator.py
[2024-09-24T05:15:02.188+0000] {processor.py:829} INFO - Processing file /home/airflow/.local/lib/python3.8/site-packages/airflow/example_dags/example_short_circuit_decorator.py for tasks to queue
[2024-09-24T05:15:02.190+0000] {logging_mixin.py:151} INFO - [2024-09-24T05:15:02.190+0000] {dagbag.py:539} INFO - Filling up the DagBag from /home/airflow/.local/lib/python3.8/site-packages/airflow/example_dags/example_short_circuit_decorator.py
[2024-09-24T05:15:02.201+0000] {processor.py:839} INFO - DAG(s) dict_keys(['example_short_circuit_decorator']) retrieved from /home/airflow/.local/lib/python3.8/site-packages/airflow/example_dags/example_short_circuit_decorator.py
[2024-09-24T05:15:02.232+0000] {logging_mixin.py:151} INFO - [2024-09-24T05:15:02.231+0000] {dag.py:2907} INFO - Sync 1 DAGs
[2024-09-24T05:15:02.283+0000] {logging_mixin.py:151} INFO - [2024-09-24T05:15:02.282+0000] {dag.py:3677} INFO - Setting next_dagrun for example_short_circuit_decorator to 2024-09-23T05:15:02.281044+00:00, run_after=2024-09-24T05:15:02.281044+00:00
[2024-09-24T05:15:02.320+0000] {processor.py:179} INFO - Processing /home/airflow/.local/lib/python3.8/site-packages/airflow/example_dags/example_short_circuit_decorator.py took 0.139 seconds
