[2024-09-24T05:05:56.328+0000] {processor.py:157} INFO - Started process (PID=126) to work on /home/airflow/.local/lib/python3.8/site-packages/airflow/example_dags/example_setup_teardown.py
[2024-09-24T05:05:56.331+0000] {processor.py:829} INFO - Processing file /home/airflow/.local/lib/python3.8/site-packages/airflow/example_dags/example_setup_teardown.py for tasks to queue
[2024-09-24T05:05:56.336+0000] {logging_mixin.py:151} INFO - [2024-09-24T05:05:56.336+0000] {dagbag.py:539} INFO - Filling up the DagBag from /home/airflow/.local/lib/python3.8/site-packages/airflow/example_dags/example_setup_teardown.py
[2024-09-24T05:05:56.353+0000] {processor.py:839} INFO - DAG(s) dict_keys(['example_setup_teardown']) retrieved from /home/airflow/.local/lib/python3.8/site-packages/airflow/example_dags/example_setup_teardown.py
[2024-09-24T05:05:56.398+0000] {logging_mixin.py:151} INFO - [2024-09-24T05:05:56.398+0000] {dag.py:2907} INFO - Sync 1 DAGs
[2024-09-24T05:05:56.446+0000] {logging_mixin.py:151} INFO - [2024-09-24T05:05:56.445+0000] {dag.py:3677} INFO - Setting next_dagrun for example_setup_teardown to 2024-09-23T05:05:56.445123+00:00, run_after=2024-09-24T05:05:56.445123+00:00
[2024-09-24T05:05:56.498+0000] {processor.py:179} INFO - Processing /home/airflow/.local/lib/python3.8/site-packages/airflow/example_dags/example_setup_teardown.py took 0.178 seconds
[2024-09-24T05:06:26.964+0000] {processor.py:157} INFO - Started process (PID=182) to work on /home/airflow/.local/lib/python3.8/site-packages/airflow/example_dags/example_setup_teardown.py
[2024-09-24T05:06:26.966+0000] {processor.py:829} INFO - Processing file /home/airflow/.local/lib/python3.8/site-packages/airflow/example_dags/example_setup_teardown.py for tasks to queue
[2024-09-24T05:06:26.968+0000] {logging_mixin.py:151} INFO - [2024-09-24T05:06:26.968+0000] {dagbag.py:539} INFO - Filling up the DagBag from /home/airflow/.local/lib/python3.8/site-packages/airflow/example_dags/example_setup_teardown.py
[2024-09-24T05:06:26.975+0000] {processor.py:839} INFO - DAG(s) dict_keys(['example_setup_teardown']) retrieved from /home/airflow/.local/lib/python3.8/site-packages/airflow/example_dags/example_setup_teardown.py
[2024-09-24T05:06:27.002+0000] {logging_mixin.py:151} INFO - [2024-09-24T05:06:27.001+0000] {dag.py:2907} INFO - Sync 1 DAGs
[2024-09-24T05:06:27.027+0000] {logging_mixin.py:151} INFO - [2024-09-24T05:06:27.027+0000] {dag.py:3677} INFO - Setting next_dagrun for example_setup_teardown to 2024-09-23T05:06:27.027209+00:00, run_after=2024-09-24T05:06:27.027209+00:00
[2024-09-24T05:06:27.056+0000] {processor.py:179} INFO - Processing /home/airflow/.local/lib/python3.8/site-packages/airflow/example_dags/example_setup_teardown.py took 0.097 seconds
[2024-09-24T05:06:57.583+0000] {processor.py:157} INFO - Started process (PID=238) to work on /home/airflow/.local/lib/python3.8/site-packages/airflow/example_dags/example_setup_teardown.py
[2024-09-24T05:06:57.584+0000] {processor.py:829} INFO - Processing file /home/airflow/.local/lib/python3.8/site-packages/airflow/example_dags/example_setup_teardown.py for tasks to queue
[2024-09-24T05:06:57.587+0000] {logging_mixin.py:151} INFO - [2024-09-24T05:06:57.587+0000] {dagbag.py:539} INFO - Filling up the DagBag from /home/airflow/.local/lib/python3.8/site-packages/airflow/example_dags/example_setup_teardown.py
[2024-09-24T05:06:57.595+0000] {processor.py:839} INFO - DAG(s) dict_keys(['example_setup_teardown']) retrieved from /home/airflow/.local/lib/python3.8/site-packages/airflow/example_dags/example_setup_teardown.py
[2024-09-24T05:06:57.622+0000] {logging_mixin.py:151} INFO - [2024-09-24T05:06:57.622+0000] {dag.py:2907} INFO - Sync 1 DAGs
[2024-09-24T05:06:57.656+0000] {logging_mixin.py:151} INFO - [2024-09-24T05:06:57.655+0000] {dag.py:3677} INFO - Setting next_dagrun for example_setup_teardown to 2024-09-23T05:06:57.655536+00:00, run_after=2024-09-24T05:06:57.655536+00:00
[2024-09-24T05:06:57.689+0000] {processor.py:179} INFO - Processing /home/airflow/.local/lib/python3.8/site-packages/airflow/example_dags/example_setup_teardown.py took 0.110 seconds
[2024-09-24T05:07:27.965+0000] {processor.py:157} INFO - Started process (PID=294) to work on /home/airflow/.local/lib/python3.8/site-packages/airflow/example_dags/example_setup_teardown.py
[2024-09-24T05:07:27.967+0000] {processor.py:829} INFO - Processing file /home/airflow/.local/lib/python3.8/site-packages/airflow/example_dags/example_setup_teardown.py for tasks to queue
[2024-09-24T05:07:27.970+0000] {logging_mixin.py:151} INFO - [2024-09-24T05:07:27.970+0000] {dagbag.py:539} INFO - Filling up the DagBag from /home/airflow/.local/lib/python3.8/site-packages/airflow/example_dags/example_setup_teardown.py
[2024-09-24T05:07:27.977+0000] {processor.py:839} INFO - DAG(s) dict_keys(['example_setup_teardown']) retrieved from /home/airflow/.local/lib/python3.8/site-packages/airflow/example_dags/example_setup_teardown.py
[2024-09-24T05:07:28.001+0000] {logging_mixin.py:151} INFO - [2024-09-24T05:07:28.001+0000] {dag.py:2907} INFO - Sync 1 DAGs
[2024-09-24T05:07:28.026+0000] {logging_mixin.py:151} INFO - [2024-09-24T05:07:28.025+0000] {dag.py:3677} INFO - Setting next_dagrun for example_setup_teardown to 2024-09-23T05:07:28.025537+00:00, run_after=2024-09-24T05:07:28.025537+00:00
[2024-09-24T05:07:28.051+0000] {processor.py:179} INFO - Processing /home/airflow/.local/lib/python3.8/site-packages/airflow/example_dags/example_setup_teardown.py took 0.089 seconds
[2024-09-24T05:07:58.569+0000] {processor.py:157} INFO - Started process (PID=350) to work on /home/airflow/.local/lib/python3.8/site-packages/airflow/example_dags/example_setup_teardown.py
[2024-09-24T05:07:58.571+0000] {processor.py:829} INFO - Processing file /home/airflow/.local/lib/python3.8/site-packages/airflow/example_dags/example_setup_teardown.py for tasks to queue
[2024-09-24T05:07:58.573+0000] {logging_mixin.py:151} INFO - [2024-09-24T05:07:58.573+0000] {dagbag.py:539} INFO - Filling up the DagBag from /home/airflow/.local/lib/python3.8/site-packages/airflow/example_dags/example_setup_teardown.py
[2024-09-24T05:07:58.581+0000] {processor.py:839} INFO - DAG(s) dict_keys(['example_setup_teardown']) retrieved from /home/airflow/.local/lib/python3.8/site-packages/airflow/example_dags/example_setup_teardown.py
[2024-09-24T05:07:58.609+0000] {logging_mixin.py:151} INFO - [2024-09-24T05:07:58.609+0000] {dag.py:2907} INFO - Sync 1 DAGs
[2024-09-24T05:07:58.635+0000] {logging_mixin.py:151} INFO - [2024-09-24T05:07:58.634+0000] {dag.py:3677} INFO - Setting next_dagrun for example_setup_teardown to 2024-09-23T05:07:58.634505+00:00, run_after=2024-09-24T05:07:58.634505+00:00
[2024-09-24T05:07:58.661+0000] {processor.py:179} INFO - Processing /home/airflow/.local/lib/python3.8/site-packages/airflow/example_dags/example_setup_teardown.py took 0.096 seconds
[2024-09-24T05:08:28.926+0000] {processor.py:157} INFO - Started process (PID=406) to work on /home/airflow/.local/lib/python3.8/site-packages/airflow/example_dags/example_setup_teardown.py
[2024-09-24T05:08:28.928+0000] {processor.py:829} INFO - Processing file /home/airflow/.local/lib/python3.8/site-packages/airflow/example_dags/example_setup_teardown.py for tasks to queue
[2024-09-24T05:08:28.930+0000] {logging_mixin.py:151} INFO - [2024-09-24T05:08:28.930+0000] {dagbag.py:539} INFO - Filling up the DagBag from /home/airflow/.local/lib/python3.8/site-packages/airflow/example_dags/example_setup_teardown.py
[2024-09-24T05:08:28.937+0000] {processor.py:839} INFO - DAG(s) dict_keys(['example_setup_teardown']) retrieved from /home/airflow/.local/lib/python3.8/site-packages/airflow/example_dags/example_setup_teardown.py
[2024-09-24T05:08:28.963+0000] {logging_mixin.py:151} INFO - [2024-09-24T05:08:28.963+0000] {dag.py:2907} INFO - Sync 1 DAGs
[2024-09-24T05:08:28.989+0000] {logging_mixin.py:151} INFO - [2024-09-24T05:08:28.988+0000] {dag.py:3677} INFO - Setting next_dagrun for example_setup_teardown to 2024-09-23T05:08:28.988684+00:00, run_after=2024-09-24T05:08:28.988684+00:00
[2024-09-24T05:08:29.014+0000] {processor.py:179} INFO - Processing /home/airflow/.local/lib/python3.8/site-packages/airflow/example_dags/example_setup_teardown.py took 0.091 seconds
[2024-09-24T05:08:59.422+0000] {processor.py:157} INFO - Started process (PID=462) to work on /home/airflow/.local/lib/python3.8/site-packages/airflow/example_dags/example_setup_teardown.py
[2024-09-24T05:08:59.424+0000] {processor.py:829} INFO - Processing file /home/airflow/.local/lib/python3.8/site-packages/airflow/example_dags/example_setup_teardown.py for tasks to queue
[2024-09-24T05:08:59.427+0000] {logging_mixin.py:151} INFO - [2024-09-24T05:08:59.426+0000] {dagbag.py:539} INFO - Filling up the DagBag from /home/airflow/.local/lib/python3.8/site-packages/airflow/example_dags/example_setup_teardown.py
[2024-09-24T05:08:59.435+0000] {processor.py:839} INFO - DAG(s) dict_keys(['example_setup_teardown']) retrieved from /home/airflow/.local/lib/python3.8/site-packages/airflow/example_dags/example_setup_teardown.py
[2024-09-24T05:08:59.469+0000] {logging_mixin.py:151} INFO - [2024-09-24T05:08:59.468+0000] {dag.py:2907} INFO - Sync 1 DAGs
[2024-09-24T05:08:59.499+0000] {logging_mixin.py:151} INFO - [2024-09-24T05:08:59.498+0000] {dag.py:3677} INFO - Setting next_dagrun for example_setup_teardown to 2024-09-23T05:08:59.498525+00:00, run_after=2024-09-24T05:08:59.498525+00:00
[2024-09-24T05:08:59.533+0000] {processor.py:179} INFO - Processing /home/airflow/.local/lib/python3.8/site-packages/airflow/example_dags/example_setup_teardown.py took 0.114 seconds
[2024-09-24T05:09:30.492+0000] {processor.py:157} INFO - Started process (PID=518) to work on /home/airflow/.local/lib/python3.8/site-packages/airflow/example_dags/example_setup_teardown.py
[2024-09-24T05:09:30.507+0000] {processor.py:829} INFO - Processing file /home/airflow/.local/lib/python3.8/site-packages/airflow/example_dags/example_setup_teardown.py for tasks to queue
[2024-09-24T05:09:30.521+0000] {logging_mixin.py:151} INFO - [2024-09-24T05:09:30.520+0000] {dagbag.py:539} INFO - Filling up the DagBag from /home/airflow/.local/lib/python3.8/site-packages/airflow/example_dags/example_setup_teardown.py
[2024-09-24T05:09:30.556+0000] {processor.py:839} INFO - DAG(s) dict_keys(['example_setup_teardown']) retrieved from /home/airflow/.local/lib/python3.8/site-packages/airflow/example_dags/example_setup_teardown.py
[2024-09-24T05:09:30.681+0000] {logging_mixin.py:151} INFO - [2024-09-24T05:09:30.676+0000] {dag.py:2907} INFO - Sync 1 DAGs
[2024-09-24T05:09:30.782+0000] {logging_mixin.py:151} INFO - [2024-09-24T05:09:30.781+0000] {dag.py:3677} INFO - Setting next_dagrun for example_setup_teardown to 2024-09-23T05:09:30.780653+00:00, run_after=2024-09-24T05:09:30.780653+00:00
[2024-09-24T05:09:30.919+0000] {processor.py:179} INFO - Processing /home/airflow/.local/lib/python3.8/site-packages/airflow/example_dags/example_setup_teardown.py took 0.439 seconds
[2024-09-24T05:10:01.821+0000] {processor.py:157} INFO - Started process (PID=574) to work on /home/airflow/.local/lib/python3.8/site-packages/airflow/example_dags/example_setup_teardown.py
[2024-09-24T05:10:01.823+0000] {processor.py:829} INFO - Processing file /home/airflow/.local/lib/python3.8/site-packages/airflow/example_dags/example_setup_teardown.py for tasks to queue
[2024-09-24T05:10:01.826+0000] {logging_mixin.py:151} INFO - [2024-09-24T05:10:01.826+0000] {dagbag.py:539} INFO - Filling up the DagBag from /home/airflow/.local/lib/python3.8/site-packages/airflow/example_dags/example_setup_teardown.py
[2024-09-24T05:10:01.834+0000] {processor.py:839} INFO - DAG(s) dict_keys(['example_setup_teardown']) retrieved from /home/airflow/.local/lib/python3.8/site-packages/airflow/example_dags/example_setup_teardown.py
[2024-09-24T05:10:01.863+0000] {logging_mixin.py:151} INFO - [2024-09-24T05:10:01.862+0000] {dag.py:2907} INFO - Sync 1 DAGs
[2024-09-24T05:10:01.888+0000] {logging_mixin.py:151} INFO - [2024-09-24T05:10:01.888+0000] {dag.py:3677} INFO - Setting next_dagrun for example_setup_teardown to 2024-09-23T05:10:01.887937+00:00, run_after=2024-09-24T05:10:01.887937+00:00
[2024-09-24T05:10:01.920+0000] {processor.py:179} INFO - Processing /home/airflow/.local/lib/python3.8/site-packages/airflow/example_dags/example_setup_teardown.py took 0.103 seconds
[2024-09-24T05:10:32.589+0000] {processor.py:157} INFO - Started process (PID=630) to work on /home/airflow/.local/lib/python3.8/site-packages/airflow/example_dags/example_setup_teardown.py
[2024-09-24T05:10:32.591+0000] {processor.py:829} INFO - Processing file /home/airflow/.local/lib/python3.8/site-packages/airflow/example_dags/example_setup_teardown.py for tasks to queue
[2024-09-24T05:10:32.596+0000] {logging_mixin.py:151} INFO - [2024-09-24T05:10:32.595+0000] {dagbag.py:539} INFO - Filling up the DagBag from /home/airflow/.local/lib/python3.8/site-packages/airflow/example_dags/example_setup_teardown.py
[2024-09-24T05:10:32.629+0000] {processor.py:839} INFO - DAG(s) dict_keys(['example_setup_teardown']) retrieved from /home/airflow/.local/lib/python3.8/site-packages/airflow/example_dags/example_setup_teardown.py
[2024-09-24T05:10:32.676+0000] {logging_mixin.py:151} INFO - [2024-09-24T05:10:32.675+0000] {dag.py:2907} INFO - Sync 1 DAGs
[2024-09-24T05:10:32.731+0000] {logging_mixin.py:151} INFO - [2024-09-24T05:10:32.731+0000] {dag.py:3677} INFO - Setting next_dagrun for example_setup_teardown to 2024-09-23T05:10:32.730745+00:00, run_after=2024-09-24T05:10:32.730745+00:00
[2024-09-24T05:10:32.783+0000] {processor.py:179} INFO - Processing /home/airflow/.local/lib/python3.8/site-packages/airflow/example_dags/example_setup_teardown.py took 0.198 seconds
[2024-09-24T05:11:03.634+0000] {processor.py:157} INFO - Started process (PID=686) to work on /home/airflow/.local/lib/python3.8/site-packages/airflow/example_dags/example_setup_teardown.py
[2024-09-24T05:11:03.636+0000] {processor.py:829} INFO - Processing file /home/airflow/.local/lib/python3.8/site-packages/airflow/example_dags/example_setup_teardown.py for tasks to queue
[2024-09-24T05:11:03.640+0000] {logging_mixin.py:151} INFO - [2024-09-24T05:11:03.640+0000] {dagbag.py:539} INFO - Filling up the DagBag from /home/airflow/.local/lib/python3.8/site-packages/airflow/example_dags/example_setup_teardown.py
[2024-09-24T05:11:03.650+0000] {processor.py:839} INFO - DAG(s) dict_keys(['example_setup_teardown']) retrieved from /home/airflow/.local/lib/python3.8/site-packages/airflow/example_dags/example_setup_teardown.py
[2024-09-24T05:11:03.679+0000] {logging_mixin.py:151} INFO - [2024-09-24T05:11:03.679+0000] {dag.py:2907} INFO - Sync 1 DAGs
[2024-09-24T05:11:03.709+0000] {logging_mixin.py:151} INFO - [2024-09-24T05:11:03.709+0000] {dag.py:3677} INFO - Setting next_dagrun for example_setup_teardown to 2024-09-23T05:11:03.708628+00:00, run_after=2024-09-24T05:11:03.708628+00:00
[2024-09-24T05:11:03.740+0000] {processor.py:179} INFO - Processing /home/airflow/.local/lib/python3.8/site-packages/airflow/example_dags/example_setup_teardown.py took 0.111 seconds
[2024-09-24T05:11:34.508+0000] {processor.py:157} INFO - Started process (PID=742) to work on /home/airflow/.local/lib/python3.8/site-packages/airflow/example_dags/example_setup_teardown.py
[2024-09-24T05:11:34.510+0000] {processor.py:829} INFO - Processing file /home/airflow/.local/lib/python3.8/site-packages/airflow/example_dags/example_setup_teardown.py for tasks to queue
[2024-09-24T05:11:34.513+0000] {logging_mixin.py:151} INFO - [2024-09-24T05:11:34.513+0000] {dagbag.py:539} INFO - Filling up the DagBag from /home/airflow/.local/lib/python3.8/site-packages/airflow/example_dags/example_setup_teardown.py
[2024-09-24T05:11:34.522+0000] {processor.py:839} INFO - DAG(s) dict_keys(['example_setup_teardown']) retrieved from /home/airflow/.local/lib/python3.8/site-packages/airflow/example_dags/example_setup_teardown.py
[2024-09-24T05:11:34.548+0000] {logging_mixin.py:151} INFO - [2024-09-24T05:11:34.548+0000] {dag.py:2907} INFO - Sync 1 DAGs
[2024-09-24T05:11:34.575+0000] {logging_mixin.py:151} INFO - [2024-09-24T05:11:34.575+0000] {dag.py:3677} INFO - Setting next_dagrun for example_setup_teardown to 2024-09-23T05:11:34.574968+00:00, run_after=2024-09-24T05:11:34.574968+00:00
[2024-09-24T05:11:34.603+0000] {processor.py:179} INFO - Processing /home/airflow/.local/lib/python3.8/site-packages/airflow/example_dags/example_setup_teardown.py took 0.098 seconds
[2024-09-24T05:12:05.159+0000] {processor.py:157} INFO - Started process (PID=798) to work on /home/airflow/.local/lib/python3.8/site-packages/airflow/example_dags/example_setup_teardown.py
[2024-09-24T05:12:05.161+0000] {processor.py:829} INFO - Processing file /home/airflow/.local/lib/python3.8/site-packages/airflow/example_dags/example_setup_teardown.py for tasks to queue
[2024-09-24T05:12:05.164+0000] {logging_mixin.py:151} INFO - [2024-09-24T05:12:05.164+0000] {dagbag.py:539} INFO - Filling up the DagBag from /home/airflow/.local/lib/python3.8/site-packages/airflow/example_dags/example_setup_teardown.py
[2024-09-24T05:12:05.175+0000] {processor.py:839} INFO - DAG(s) dict_keys(['example_setup_teardown']) retrieved from /home/airflow/.local/lib/python3.8/site-packages/airflow/example_dags/example_setup_teardown.py
[2024-09-24T05:12:05.247+0000] {logging_mixin.py:151} INFO - [2024-09-24T05:12:05.246+0000] {dag.py:2907} INFO - Sync 1 DAGs
[2024-09-24T05:12:05.295+0000] {logging_mixin.py:151} INFO - [2024-09-24T05:12:05.295+0000] {dag.py:3677} INFO - Setting next_dagrun for example_setup_teardown to 2024-09-23T05:12:05.294878+00:00, run_after=2024-09-24T05:12:05.294878+00:00
[2024-09-24T05:12:05.336+0000] {processor.py:179} INFO - Processing /home/airflow/.local/lib/python3.8/site-packages/airflow/example_dags/example_setup_teardown.py took 0.183 seconds
[2024-09-24T05:12:36.233+0000] {processor.py:157} INFO - Started process (PID=858) to work on /home/airflow/.local/lib/python3.8/site-packages/airflow/example_dags/example_setup_teardown.py
[2024-09-24T05:12:36.239+0000] {processor.py:829} INFO - Processing file /home/airflow/.local/lib/python3.8/site-packages/airflow/example_dags/example_setup_teardown.py for tasks to queue
[2024-09-24T05:12:36.250+0000] {logging_mixin.py:151} INFO - [2024-09-24T05:12:36.250+0000] {dagbag.py:539} INFO - Filling up the DagBag from /home/airflow/.local/lib/python3.8/site-packages/airflow/example_dags/example_setup_teardown.py
[2024-09-24T05:12:36.275+0000] {processor.py:839} INFO - DAG(s) dict_keys(['example_setup_teardown']) retrieved from /home/airflow/.local/lib/python3.8/site-packages/airflow/example_dags/example_setup_teardown.py
[2024-09-24T05:12:36.329+0000] {logging_mixin.py:151} INFO - [2024-09-24T05:12:36.329+0000] {dag.py:2907} INFO - Sync 1 DAGs
[2024-09-24T05:12:36.417+0000] {logging_mixin.py:151} INFO - [2024-09-24T05:12:36.416+0000] {dag.py:3677} INFO - Setting next_dagrun for example_setup_teardown to 2024-09-23T05:12:36.416463+00:00, run_after=2024-09-24T05:12:36.416463+00:00
[2024-09-24T05:12:36.466+0000] {processor.py:179} INFO - Processing /home/airflow/.local/lib/python3.8/site-packages/airflow/example_dags/example_setup_teardown.py took 0.252 seconds
[2024-09-24T05:13:06.629+0000] {processor.py:157} INFO - Started process (PID=915) to work on /home/airflow/.local/lib/python3.8/site-packages/airflow/example_dags/example_setup_teardown.py
[2024-09-24T05:13:06.631+0000] {processor.py:829} INFO - Processing file /home/airflow/.local/lib/python3.8/site-packages/airflow/example_dags/example_setup_teardown.py for tasks to queue
[2024-09-24T05:13:06.634+0000] {logging_mixin.py:151} INFO - [2024-09-24T05:13:06.634+0000] {dagbag.py:539} INFO - Filling up the DagBag from /home/airflow/.local/lib/python3.8/site-packages/airflow/example_dags/example_setup_teardown.py
[2024-09-24T05:13:06.644+0000] {processor.py:839} INFO - DAG(s) dict_keys(['example_setup_teardown']) retrieved from /home/airflow/.local/lib/python3.8/site-packages/airflow/example_dags/example_setup_teardown.py
[2024-09-24T05:13:06.676+0000] {logging_mixin.py:151} INFO - [2024-09-24T05:13:06.675+0000] {dag.py:2907} INFO - Sync 1 DAGs
[2024-09-24T05:13:06.708+0000] {logging_mixin.py:151} INFO - [2024-09-24T05:13:06.707+0000] {dag.py:3677} INFO - Setting next_dagrun for example_setup_teardown to 2024-09-23T05:13:06.707437+00:00, run_after=2024-09-24T05:13:06.707437+00:00
[2024-09-24T05:13:06.746+0000] {processor.py:179} INFO - Processing /home/airflow/.local/lib/python3.8/site-packages/airflow/example_dags/example_setup_teardown.py took 0.121 seconds
[2024-09-24T05:13:37.241+0000] {processor.py:157} INFO - Started process (PID=971) to work on /home/airflow/.local/lib/python3.8/site-packages/airflow/example_dags/example_setup_teardown.py
[2024-09-24T05:13:37.244+0000] {processor.py:829} INFO - Processing file /home/airflow/.local/lib/python3.8/site-packages/airflow/example_dags/example_setup_teardown.py for tasks to queue
[2024-09-24T05:13:37.248+0000] {logging_mixin.py:151} INFO - [2024-09-24T05:13:37.248+0000] {dagbag.py:539} INFO - Filling up the DagBag from /home/airflow/.local/lib/python3.8/site-packages/airflow/example_dags/example_setup_teardown.py
[2024-09-24T05:13:37.259+0000] {processor.py:839} INFO - DAG(s) dict_keys(['example_setup_teardown']) retrieved from /home/airflow/.local/lib/python3.8/site-packages/airflow/example_dags/example_setup_teardown.py
[2024-09-24T05:13:37.286+0000] {logging_mixin.py:151} INFO - [2024-09-24T05:13:37.286+0000] {dag.py:2907} INFO - Sync 1 DAGs
[2024-09-24T05:13:37.315+0000] {logging_mixin.py:151} INFO - [2024-09-24T05:13:37.314+0000] {dag.py:3677} INFO - Setting next_dagrun for example_setup_teardown to 2024-09-23T05:13:37.314623+00:00, run_after=2024-09-24T05:13:37.314623+00:00
[2024-09-24T05:13:37.345+0000] {processor.py:179} INFO - Processing /home/airflow/.local/lib/python3.8/site-packages/airflow/example_dags/example_setup_teardown.py took 0.109 seconds
[2024-09-24T05:14:07.731+0000] {processor.py:157} INFO - Started process (PID=1027) to work on /home/airflow/.local/lib/python3.8/site-packages/airflow/example_dags/example_setup_teardown.py
[2024-09-24T05:14:07.732+0000] {processor.py:829} INFO - Processing file /home/airflow/.local/lib/python3.8/site-packages/airflow/example_dags/example_setup_teardown.py for tasks to queue
[2024-09-24T05:14:07.736+0000] {logging_mixin.py:151} INFO - [2024-09-24T05:14:07.735+0000] {dagbag.py:539} INFO - Filling up the DagBag from /home/airflow/.local/lib/python3.8/site-packages/airflow/example_dags/example_setup_teardown.py
[2024-09-24T05:14:07.744+0000] {processor.py:839} INFO - DAG(s) dict_keys(['example_setup_teardown']) retrieved from /home/airflow/.local/lib/python3.8/site-packages/airflow/example_dags/example_setup_teardown.py
[2024-09-24T05:14:07.775+0000] {logging_mixin.py:151} INFO - [2024-09-24T05:14:07.774+0000] {dag.py:2907} INFO - Sync 1 DAGs
[2024-09-24T05:14:07.800+0000] {logging_mixin.py:151} INFO - [2024-09-24T05:14:07.800+0000] {dag.py:3677} INFO - Setting next_dagrun for example_setup_teardown to 2024-09-23T05:14:07.799790+00:00, run_after=2024-09-24T05:14:07.799790+00:00
[2024-09-24T05:14:07.827+0000] {processor.py:179} INFO - Processing /home/airflow/.local/lib/python3.8/site-packages/airflow/example_dags/example_setup_teardown.py took 0.100 seconds
[2024-09-24T05:14:38.157+0000] {processor.py:157} INFO - Started process (PID=1083) to work on /home/airflow/.local/lib/python3.8/site-packages/airflow/example_dags/example_setup_teardown.py
[2024-09-24T05:14:38.159+0000] {processor.py:829} INFO - Processing file /home/airflow/.local/lib/python3.8/site-packages/airflow/example_dags/example_setup_teardown.py for tasks to queue
[2024-09-24T05:14:38.163+0000] {logging_mixin.py:151} INFO - [2024-09-24T05:14:38.163+0000] {dagbag.py:539} INFO - Filling up the DagBag from /home/airflow/.local/lib/python3.8/site-packages/airflow/example_dags/example_setup_teardown.py
[2024-09-24T05:14:38.170+0000] {processor.py:839} INFO - DAG(s) dict_keys(['example_setup_teardown']) retrieved from /home/airflow/.local/lib/python3.8/site-packages/airflow/example_dags/example_setup_teardown.py
[2024-09-24T05:14:38.200+0000] {logging_mixin.py:151} INFO - [2024-09-24T05:14:38.200+0000] {dag.py:2907} INFO - Sync 1 DAGs
[2024-09-24T05:14:38.229+0000] {logging_mixin.py:151} INFO - [2024-09-24T05:14:38.228+0000] {dag.py:3677} INFO - Setting next_dagrun for example_setup_teardown to 2024-09-23T05:14:38.228371+00:00, run_after=2024-09-24T05:14:38.228371+00:00
[2024-09-24T05:14:38.259+0000] {processor.py:179} INFO - Processing /home/airflow/.local/lib/python3.8/site-packages/airflow/example_dags/example_setup_teardown.py took 0.106 seconds
[2024-09-24T05:15:08.737+0000] {processor.py:157} INFO - Started process (PID=1139) to work on /home/airflow/.local/lib/python3.8/site-packages/airflow/example_dags/example_setup_teardown.py
[2024-09-24T05:15:08.739+0000] {processor.py:829} INFO - Processing file /home/airflow/.local/lib/python3.8/site-packages/airflow/example_dags/example_setup_teardown.py for tasks to queue
[2024-09-24T05:15:08.743+0000] {logging_mixin.py:151} INFO - [2024-09-24T05:15:08.742+0000] {dagbag.py:539} INFO - Filling up the DagBag from /home/airflow/.local/lib/python3.8/site-packages/airflow/example_dags/example_setup_teardown.py
[2024-09-24T05:15:08.751+0000] {processor.py:839} INFO - DAG(s) dict_keys(['example_setup_teardown']) retrieved from /home/airflow/.local/lib/python3.8/site-packages/airflow/example_dags/example_setup_teardown.py
[2024-09-24T05:15:08.777+0000] {logging_mixin.py:151} INFO - [2024-09-24T05:15:08.777+0000] {dag.py:2907} INFO - Sync 1 DAGs
[2024-09-24T05:15:08.801+0000] {logging_mixin.py:151} INFO - [2024-09-24T05:15:08.801+0000] {dag.py:3677} INFO - Setting next_dagrun for example_setup_teardown to 2024-09-23T05:15:08.800788+00:00, run_after=2024-09-24T05:15:08.800788+00:00
[2024-09-24T05:15:08.829+0000] {processor.py:179} INFO - Processing /home/airflow/.local/lib/python3.8/site-packages/airflow/example_dags/example_setup_teardown.py took 0.095 seconds
