[2024-09-24T04:10:24.334+0000] {processor.py:157} INFO - Started process (PID=63) to work on /home/airflow/.local/lib/python3.8/site-packages/airflow/example_dags/example_branch_operator_decorator.py
[2024-09-24T04:10:24.347+0000] {processor.py:829} INFO - Processing file /home/airflow/.local/lib/python3.8/site-packages/airflow/example_dags/example_branch_operator_decorator.py for tasks to queue
[2024-09-24T04:10:24.377+0000] {logging_mixin.py:151} INFO - [2024-09-24T04:10:24.376+0000] {dagbag.py:539} INFO - Filling up the DagBag from /home/airflow/.local/lib/python3.8/site-packages/airflow/example_dags/example_branch_operator_decorator.py
[2024-09-24T04:10:24.572+0000] {processor.py:839} INFO - DAG(s) dict_keys(['example_branch_python_operator_decorator']) retrieved from /home/airflow/.local/lib/python3.8/site-packages/airflow/example_dags/example_branch_operator_decorator.py
[2024-09-24T04:10:26.503+0000] {logging_mixin.py:151} INFO - [2024-09-24T04:10:26.503+0000] {dag.py:2907} INFO - Sync 1 DAGs
[2024-09-24T04:10:26.832+0000] {logging_mixin.py:151} INFO - [2024-09-24T04:10:26.832+0000] {dag.py:3677} INFO - Setting next_dagrun for example_branch_python_operator_decorator to 2024-09-23T00:00:00+00:00, run_after=2024-09-24T00:00:00+00:00
[2024-09-24T04:10:26.904+0000] {processor.py:179} INFO - Processing /home/airflow/.local/lib/python3.8/site-packages/airflow/example_dags/example_branch_operator_decorator.py took 2.715 seconds
[2024-09-24T05:05:44.958+0000] {processor.py:157} INFO - Started process (PID=93) to work on /home/airflow/.local/lib/python3.8/site-packages/airflow/example_dags/example_branch_operator_decorator.py
[2024-09-24T05:05:44.969+0000] {processor.py:829} INFO - Processing file /home/airflow/.local/lib/python3.8/site-packages/airflow/example_dags/example_branch_operator_decorator.py for tasks to queue
[2024-09-24T05:05:44.982+0000] {logging_mixin.py:151} INFO - [2024-09-24T05:05:44.980+0000] {dagbag.py:539} INFO - Filling up the DagBag from /home/airflow/.local/lib/python3.8/site-packages/airflow/example_dags/example_branch_operator_decorator.py
[2024-09-24T05:05:47.116+0000] {processor.py:839} INFO - DAG(s) dict_keys(['example_branch_python_operator_decorator']) retrieved from /home/airflow/.local/lib/python3.8/site-packages/airflow/example_dags/example_branch_operator_decorator.py
[2024-09-24T05:05:47.319+0000] {logging_mixin.py:151} INFO - [2024-09-24T05:05:47.319+0000] {dag.py:2907} INFO - Sync 1 DAGs
[2024-09-24T05:05:47.388+0000] {logging_mixin.py:151} INFO - [2024-09-24T05:05:47.388+0000] {dag.py:3677} INFO - Setting next_dagrun for example_branch_python_operator_decorator to 2024-09-23T00:00:00+00:00, run_after=2024-09-24T00:00:00+00:00
[2024-09-24T05:05:47.464+0000] {processor.py:179} INFO - Processing /home/airflow/.local/lib/python3.8/site-packages/airflow/example_dags/example_branch_operator_decorator.py took 2.549 seconds
[2024-09-24T05:06:18.028+0000] {processor.py:157} INFO - Started process (PID=149) to work on /home/airflow/.local/lib/python3.8/site-packages/airflow/example_dags/example_branch_operator_decorator.py
[2024-09-24T05:06:18.030+0000] {processor.py:829} INFO - Processing file /home/airflow/.local/lib/python3.8/site-packages/airflow/example_dags/example_branch_operator_decorator.py for tasks to queue
[2024-09-24T05:06:18.032+0000] {logging_mixin.py:151} INFO - [2024-09-24T05:06:18.032+0000] {dagbag.py:539} INFO - Filling up the DagBag from /home/airflow/.local/lib/python3.8/site-packages/airflow/example_dags/example_branch_operator_decorator.py
[2024-09-24T05:06:18.042+0000] {processor.py:839} INFO - DAG(s) dict_keys(['example_branch_python_operator_decorator']) retrieved from /home/airflow/.local/lib/python3.8/site-packages/airflow/example_dags/example_branch_operator_decorator.py
[2024-09-24T05:06:18.068+0000] {logging_mixin.py:151} INFO - [2024-09-24T05:06:18.068+0000] {dag.py:2907} INFO - Sync 1 DAGs
[2024-09-24T05:06:18.094+0000] {logging_mixin.py:151} INFO - [2024-09-24T05:06:18.094+0000] {dag.py:3677} INFO - Setting next_dagrun for example_branch_python_operator_decorator to 2024-09-23T00:00:00+00:00, run_after=2024-09-24T00:00:00+00:00
[2024-09-24T05:06:18.121+0000] {processor.py:179} INFO - Processing /home/airflow/.local/lib/python3.8/site-packages/airflow/example_dags/example_branch_operator_decorator.py took 0.096 seconds
[2024-09-24T05:06:48.475+0000] {processor.py:157} INFO - Started process (PID=205) to work on /home/airflow/.local/lib/python3.8/site-packages/airflow/example_dags/example_branch_operator_decorator.py
[2024-09-24T05:06:48.477+0000] {processor.py:829} INFO - Processing file /home/airflow/.local/lib/python3.8/site-packages/airflow/example_dags/example_branch_operator_decorator.py for tasks to queue
[2024-09-24T05:06:48.479+0000] {logging_mixin.py:151} INFO - [2024-09-24T05:06:48.479+0000] {dagbag.py:539} INFO - Filling up the DagBag from /home/airflow/.local/lib/python3.8/site-packages/airflow/example_dags/example_branch_operator_decorator.py
[2024-09-24T05:06:48.489+0000] {processor.py:839} INFO - DAG(s) dict_keys(['example_branch_python_operator_decorator']) retrieved from /home/airflow/.local/lib/python3.8/site-packages/airflow/example_dags/example_branch_operator_decorator.py
[2024-09-24T05:06:48.513+0000] {logging_mixin.py:151} INFO - [2024-09-24T05:06:48.513+0000] {dag.py:2907} INFO - Sync 1 DAGs
[2024-09-24T05:06:48.537+0000] {logging_mixin.py:151} INFO - [2024-09-24T05:06:48.536+0000] {dag.py:3677} INFO - Setting next_dagrun for example_branch_python_operator_decorator to 2024-09-23T00:00:00+00:00, run_after=2024-09-24T00:00:00+00:00
[2024-09-24T05:06:48.560+0000] {processor.py:179} INFO - Processing /home/airflow/.local/lib/python3.8/site-packages/airflow/example_dags/example_branch_operator_decorator.py took 0.087 seconds
[2024-09-24T05:07:19.105+0000] {processor.py:157} INFO - Started process (PID=261) to work on /home/airflow/.local/lib/python3.8/site-packages/airflow/example_dags/example_branch_operator_decorator.py
[2024-09-24T05:07:19.107+0000] {processor.py:829} INFO - Processing file /home/airflow/.local/lib/python3.8/site-packages/airflow/example_dags/example_branch_operator_decorator.py for tasks to queue
[2024-09-24T05:07:19.110+0000] {logging_mixin.py:151} INFO - [2024-09-24T05:07:19.109+0000] {dagbag.py:539} INFO - Filling up the DagBag from /home/airflow/.local/lib/python3.8/site-packages/airflow/example_dags/example_branch_operator_decorator.py
[2024-09-24T05:07:19.122+0000] {processor.py:839} INFO - DAG(s) dict_keys(['example_branch_python_operator_decorator']) retrieved from /home/airflow/.local/lib/python3.8/site-packages/airflow/example_dags/example_branch_operator_decorator.py
[2024-09-24T05:07:19.151+0000] {logging_mixin.py:151} INFO - [2024-09-24T05:07:19.150+0000] {dag.py:2907} INFO - Sync 1 DAGs
[2024-09-24T05:07:19.177+0000] {logging_mixin.py:151} INFO - [2024-09-24T05:07:19.176+0000] {dag.py:3677} INFO - Setting next_dagrun for example_branch_python_operator_decorator to 2024-09-23T00:00:00+00:00, run_after=2024-09-24T00:00:00+00:00
[2024-09-24T05:07:19.207+0000] {processor.py:179} INFO - Processing /home/airflow/.local/lib/python3.8/site-packages/airflow/example_dags/example_branch_operator_decorator.py took 0.105 seconds
[2024-09-24T05:07:49.537+0000] {processor.py:157} INFO - Started process (PID=317) to work on /home/airflow/.local/lib/python3.8/site-packages/airflow/example_dags/example_branch_operator_decorator.py
[2024-09-24T05:07:49.538+0000] {processor.py:829} INFO - Processing file /home/airflow/.local/lib/python3.8/site-packages/airflow/example_dags/example_branch_operator_decorator.py for tasks to queue
[2024-09-24T05:07:49.541+0000] {logging_mixin.py:151} INFO - [2024-09-24T05:07:49.541+0000] {dagbag.py:539} INFO - Filling up the DagBag from /home/airflow/.local/lib/python3.8/site-packages/airflow/example_dags/example_branch_operator_decorator.py
[2024-09-24T05:07:49.553+0000] {processor.py:839} INFO - DAG(s) dict_keys(['example_branch_python_operator_decorator']) retrieved from /home/airflow/.local/lib/python3.8/site-packages/airflow/example_dags/example_branch_operator_decorator.py
[2024-09-24T05:07:49.582+0000] {logging_mixin.py:151} INFO - [2024-09-24T05:07:49.581+0000] {dag.py:2907} INFO - Sync 1 DAGs
[2024-09-24T05:07:49.609+0000] {logging_mixin.py:151} INFO - [2024-09-24T05:07:49.609+0000] {dag.py:3677} INFO - Setting next_dagrun for example_branch_python_operator_decorator to 2024-09-23T00:00:00+00:00, run_after=2024-09-24T00:00:00+00:00
[2024-09-24T05:07:49.632+0000] {processor.py:179} INFO - Processing /home/airflow/.local/lib/python3.8/site-packages/airflow/example_dags/example_branch_operator_decorator.py took 0.099 seconds
[2024-09-24T05:08:19.983+0000] {processor.py:157} INFO - Started process (PID=373) to work on /home/airflow/.local/lib/python3.8/site-packages/airflow/example_dags/example_branch_operator_decorator.py
[2024-09-24T05:08:19.984+0000] {processor.py:829} INFO - Processing file /home/airflow/.local/lib/python3.8/site-packages/airflow/example_dags/example_branch_operator_decorator.py for tasks to queue
[2024-09-24T05:08:19.987+0000] {logging_mixin.py:151} INFO - [2024-09-24T05:08:19.986+0000] {dagbag.py:539} INFO - Filling up the DagBag from /home/airflow/.local/lib/python3.8/site-packages/airflow/example_dags/example_branch_operator_decorator.py
[2024-09-24T05:08:19.997+0000] {processor.py:839} INFO - DAG(s) dict_keys(['example_branch_python_operator_decorator']) retrieved from /home/airflow/.local/lib/python3.8/site-packages/airflow/example_dags/example_branch_operator_decorator.py
[2024-09-24T05:08:20.022+0000] {logging_mixin.py:151} INFO - [2024-09-24T05:08:20.022+0000] {dag.py:2907} INFO - Sync 1 DAGs
[2024-09-24T05:08:20.047+0000] {logging_mixin.py:151} INFO - [2024-09-24T05:08:20.047+0000] {dag.py:3677} INFO - Setting next_dagrun for example_branch_python_operator_decorator to 2024-09-23T00:00:00+00:00, run_after=2024-09-24T00:00:00+00:00
[2024-09-24T05:08:20.071+0000] {processor.py:179} INFO - Processing /home/airflow/.local/lib/python3.8/site-packages/airflow/example_dags/example_branch_operator_decorator.py took 0.091 seconds
[2024-09-24T05:08:50.530+0000] {processor.py:157} INFO - Started process (PID=429) to work on /home/airflow/.local/lib/python3.8/site-packages/airflow/example_dags/example_branch_operator_decorator.py
[2024-09-24T05:08:50.535+0000] {processor.py:829} INFO - Processing file /home/airflow/.local/lib/python3.8/site-packages/airflow/example_dags/example_branch_operator_decorator.py for tasks to queue
[2024-09-24T05:08:50.546+0000] {logging_mixin.py:151} INFO - [2024-09-24T05:08:50.545+0000] {dagbag.py:539} INFO - Filling up the DagBag from /home/airflow/.local/lib/python3.8/site-packages/airflow/example_dags/example_branch_operator_decorator.py
[2024-09-24T05:08:50.588+0000] {processor.py:839} INFO - DAG(s) dict_keys(['example_branch_python_operator_decorator']) retrieved from /home/airflow/.local/lib/python3.8/site-packages/airflow/example_dags/example_branch_operator_decorator.py
[2024-09-24T05:08:50.627+0000] {logging_mixin.py:151} INFO - [2024-09-24T05:08:50.626+0000] {dag.py:2907} INFO - Sync 1 DAGs
[2024-09-24T05:08:50.656+0000] {logging_mixin.py:151} INFO - [2024-09-24T05:08:50.655+0000] {dag.py:3677} INFO - Setting next_dagrun for example_branch_python_operator_decorator to 2024-09-23T00:00:00+00:00, run_after=2024-09-24T00:00:00+00:00
[2024-09-24T05:08:50.709+0000] {processor.py:179} INFO - Processing /home/airflow/.local/lib/python3.8/site-packages/airflow/example_dags/example_branch_operator_decorator.py took 0.188 seconds
[2024-09-24T05:09:20.767+0000] {processor.py:157} INFO - Started process (PID=485) to work on /home/airflow/.local/lib/python3.8/site-packages/airflow/example_dags/example_branch_operator_decorator.py
[2024-09-24T05:09:20.769+0000] {processor.py:829} INFO - Processing file /home/airflow/.local/lib/python3.8/site-packages/airflow/example_dags/example_branch_operator_decorator.py for tasks to queue
[2024-09-24T05:09:20.771+0000] {logging_mixin.py:151} INFO - [2024-09-24T05:09:20.771+0000] {dagbag.py:539} INFO - Filling up the DagBag from /home/airflow/.local/lib/python3.8/site-packages/airflow/example_dags/example_branch_operator_decorator.py
[2024-09-24T05:09:20.785+0000] {processor.py:839} INFO - DAG(s) dict_keys(['example_branch_python_operator_decorator']) retrieved from /home/airflow/.local/lib/python3.8/site-packages/airflow/example_dags/example_branch_operator_decorator.py
[2024-09-24T05:09:20.819+0000] {logging_mixin.py:151} INFO - [2024-09-24T05:09:20.819+0000] {dag.py:2907} INFO - Sync 1 DAGs
[2024-09-24T05:09:20.853+0000] {logging_mixin.py:151} INFO - [2024-09-24T05:09:20.852+0000] {dag.py:3677} INFO - Setting next_dagrun for example_branch_python_operator_decorator to 2024-09-23T00:00:00+00:00, run_after=2024-09-24T00:00:00+00:00
[2024-09-24T05:09:20.885+0000] {processor.py:179} INFO - Processing /home/airflow/.local/lib/python3.8/site-packages/airflow/example_dags/example_branch_operator_decorator.py took 0.122 seconds
[2024-09-24T05:09:51.495+0000] {processor.py:157} INFO - Started process (PID=541) to work on /home/airflow/.local/lib/python3.8/site-packages/airflow/example_dags/example_branch_operator_decorator.py
[2024-09-24T05:09:51.497+0000] {processor.py:829} INFO - Processing file /home/airflow/.local/lib/python3.8/site-packages/airflow/example_dags/example_branch_operator_decorator.py for tasks to queue
[2024-09-24T05:09:51.500+0000] {logging_mixin.py:151} INFO - [2024-09-24T05:09:51.499+0000] {dagbag.py:539} INFO - Filling up the DagBag from /home/airflow/.local/lib/python3.8/site-packages/airflow/example_dags/example_branch_operator_decorator.py
[2024-09-24T05:09:51.512+0000] {processor.py:839} INFO - DAG(s) dict_keys(['example_branch_python_operator_decorator']) retrieved from /home/airflow/.local/lib/python3.8/site-packages/airflow/example_dags/example_branch_operator_decorator.py
[2024-09-24T05:09:51.546+0000] {logging_mixin.py:151} INFO - [2024-09-24T05:09:51.546+0000] {dag.py:2907} INFO - Sync 1 DAGs
[2024-09-24T05:09:51.581+0000] {logging_mixin.py:151} INFO - [2024-09-24T05:09:51.580+0000] {dag.py:3677} INFO - Setting next_dagrun for example_branch_python_operator_decorator to 2024-09-23T00:00:00+00:00, run_after=2024-09-24T00:00:00+00:00
[2024-09-24T05:09:51.620+0000] {processor.py:179} INFO - Processing /home/airflow/.local/lib/python3.8/site-packages/airflow/example_dags/example_branch_operator_decorator.py took 0.129 seconds
[2024-09-24T05:10:22.322+0000] {processor.py:157} INFO - Started process (PID=597) to work on /home/airflow/.local/lib/python3.8/site-packages/airflow/example_dags/example_branch_operator_decorator.py
[2024-09-24T05:10:22.324+0000] {processor.py:829} INFO - Processing file /home/airflow/.local/lib/python3.8/site-packages/airflow/example_dags/example_branch_operator_decorator.py for tasks to queue
[2024-09-24T05:10:22.329+0000] {logging_mixin.py:151} INFO - [2024-09-24T05:10:22.328+0000] {dagbag.py:539} INFO - Filling up the DagBag from /home/airflow/.local/lib/python3.8/site-packages/airflow/example_dags/example_branch_operator_decorator.py
[2024-09-24T05:10:22.348+0000] {processor.py:839} INFO - DAG(s) dict_keys(['example_branch_python_operator_decorator']) retrieved from /home/airflow/.local/lib/python3.8/site-packages/airflow/example_dags/example_branch_operator_decorator.py
[2024-09-24T05:10:22.401+0000] {logging_mixin.py:151} INFO - [2024-09-24T05:10:22.401+0000] {dag.py:2907} INFO - Sync 1 DAGs
[2024-09-24T05:10:22.440+0000] {logging_mixin.py:151} INFO - [2024-09-24T05:10:22.440+0000] {dag.py:3677} INFO - Setting next_dagrun for example_branch_python_operator_decorator to 2024-09-23T00:00:00+00:00, run_after=2024-09-24T00:00:00+00:00
[2024-09-24T05:10:22.481+0000] {processor.py:179} INFO - Processing /home/airflow/.local/lib/python3.8/site-packages/airflow/example_dags/example_branch_operator_decorator.py took 0.165 seconds
[2024-09-24T05:10:53.020+0000] {processor.py:157} INFO - Started process (PID=653) to work on /home/airflow/.local/lib/python3.8/site-packages/airflow/example_dags/example_branch_operator_decorator.py
[2024-09-24T05:10:53.023+0000] {processor.py:829} INFO - Processing file /home/airflow/.local/lib/python3.8/site-packages/airflow/example_dags/example_branch_operator_decorator.py for tasks to queue
[2024-09-24T05:10:53.031+0000] {logging_mixin.py:151} INFO - [2024-09-24T05:10:53.030+0000] {dagbag.py:539} INFO - Filling up the DagBag from /home/airflow/.local/lib/python3.8/site-packages/airflow/example_dags/example_branch_operator_decorator.py
[2024-09-24T05:10:53.047+0000] {processor.py:839} INFO - DAG(s) dict_keys(['example_branch_python_operator_decorator']) retrieved from /home/airflow/.local/lib/python3.8/site-packages/airflow/example_dags/example_branch_operator_decorator.py
[2024-09-24T05:10:53.100+0000] {logging_mixin.py:151} INFO - [2024-09-24T05:10:53.100+0000] {dag.py:2907} INFO - Sync 1 DAGs
[2024-09-24T05:10:53.159+0000] {logging_mixin.py:151} INFO - [2024-09-24T05:10:53.159+0000] {dag.py:3677} INFO - Setting next_dagrun for example_branch_python_operator_decorator to 2024-09-23T00:00:00+00:00, run_after=2024-09-24T00:00:00+00:00
[2024-09-24T05:10:53.222+0000] {processor.py:179} INFO - Processing /home/airflow/.local/lib/python3.8/site-packages/airflow/example_dags/example_branch_operator_decorator.py took 0.209 seconds
[2024-09-24T05:11:23.353+0000] {processor.py:157} INFO - Started process (PID=709) to work on /home/airflow/.local/lib/python3.8/site-packages/airflow/example_dags/example_branch_operator_decorator.py
[2024-09-24T05:11:23.355+0000] {processor.py:829} INFO - Processing file /home/airflow/.local/lib/python3.8/site-packages/airflow/example_dags/example_branch_operator_decorator.py for tasks to queue
[2024-09-24T05:11:23.358+0000] {logging_mixin.py:151} INFO - [2024-09-24T05:11:23.358+0000] {dagbag.py:539} INFO - Filling up the DagBag from /home/airflow/.local/lib/python3.8/site-packages/airflow/example_dags/example_branch_operator_decorator.py
[2024-09-24T05:11:23.370+0000] {processor.py:839} INFO - DAG(s) dict_keys(['example_branch_python_operator_decorator']) retrieved from /home/airflow/.local/lib/python3.8/site-packages/airflow/example_dags/example_branch_operator_decorator.py
[2024-09-24T05:11:23.399+0000] {logging_mixin.py:151} INFO - [2024-09-24T05:11:23.399+0000] {dag.py:2907} INFO - Sync 1 DAGs
[2024-09-24T05:11:23.427+0000] {logging_mixin.py:151} INFO - [2024-09-24T05:11:23.427+0000] {dag.py:3677} INFO - Setting next_dagrun for example_branch_python_operator_decorator to 2024-09-23T00:00:00+00:00, run_after=2024-09-24T00:00:00+00:00
[2024-09-24T05:11:23.458+0000] {processor.py:179} INFO - Processing /home/airflow/.local/lib/python3.8/site-packages/airflow/example_dags/example_branch_operator_decorator.py took 0.108 seconds
[2024-09-24T05:11:54.343+0000] {processor.py:157} INFO - Started process (PID=772) to work on /home/airflow/.local/lib/python3.8/site-packages/airflow/example_dags/example_branch_operator_decorator.py
[2024-09-24T05:11:54.344+0000] {processor.py:829} INFO - Processing file /home/airflow/.local/lib/python3.8/site-packages/airflow/example_dags/example_branch_operator_decorator.py for tasks to queue
[2024-09-24T05:11:54.347+0000] {logging_mixin.py:151} INFO - [2024-09-24T05:11:54.347+0000] {dagbag.py:539} INFO - Filling up the DagBag from /home/airflow/.local/lib/python3.8/site-packages/airflow/example_dags/example_branch_operator_decorator.py
[2024-09-24T05:11:54.359+0000] {processor.py:839} INFO - DAG(s) dict_keys(['example_branch_python_operator_decorator']) retrieved from /home/airflow/.local/lib/python3.8/site-packages/airflow/example_dags/example_branch_operator_decorator.py
[2024-09-24T05:11:54.391+0000] {logging_mixin.py:151} INFO - [2024-09-24T05:11:54.391+0000] {dag.py:2907} INFO - Sync 1 DAGs
[2024-09-24T05:11:54.424+0000] {logging_mixin.py:151} INFO - [2024-09-24T05:11:54.423+0000] {dag.py:3677} INFO - Setting next_dagrun for example_branch_python_operator_decorator to 2024-09-23T00:00:00+00:00, run_after=2024-09-24T00:00:00+00:00
[2024-09-24T05:11:54.457+0000] {processor.py:179} INFO - Processing /home/airflow/.local/lib/python3.8/site-packages/airflow/example_dags/example_branch_operator_decorator.py took 0.120 seconds
[2024-09-24T05:12:24.885+0000] {processor.py:157} INFO - Started process (PID=828) to work on /home/airflow/.local/lib/python3.8/site-packages/airflow/example_dags/example_branch_operator_decorator.py
[2024-09-24T05:12:24.887+0000] {processor.py:829} INFO - Processing file /home/airflow/.local/lib/python3.8/site-packages/airflow/example_dags/example_branch_operator_decorator.py for tasks to queue
[2024-09-24T05:12:24.890+0000] {logging_mixin.py:151} INFO - [2024-09-24T05:12:24.889+0000] {dagbag.py:539} INFO - Filling up the DagBag from /home/airflow/.local/lib/python3.8/site-packages/airflow/example_dags/example_branch_operator_decorator.py
[2024-09-24T05:12:24.901+0000] {processor.py:839} INFO - DAG(s) dict_keys(['example_branch_python_operator_decorator']) retrieved from /home/airflow/.local/lib/python3.8/site-packages/airflow/example_dags/example_branch_operator_decorator.py
[2024-09-24T05:12:24.925+0000] {logging_mixin.py:151} INFO - [2024-09-24T05:12:24.925+0000] {dag.py:2907} INFO - Sync 1 DAGs
[2024-09-24T05:12:24.951+0000] {logging_mixin.py:151} INFO - [2024-09-24T05:12:24.951+0000] {dag.py:3677} INFO - Setting next_dagrun for example_branch_python_operator_decorator to 2024-09-23T00:00:00+00:00, run_after=2024-09-24T00:00:00+00:00
[2024-09-24T05:12:24.980+0000] {processor.py:179} INFO - Processing /home/airflow/.local/lib/python3.8/site-packages/airflow/example_dags/example_branch_operator_decorator.py took 0.099 seconds
[2024-09-24T05:12:55.399+0000] {processor.py:157} INFO - Started process (PID=889) to work on /home/airflow/.local/lib/python3.8/site-packages/airflow/example_dags/example_branch_operator_decorator.py
[2024-09-24T05:12:55.400+0000] {processor.py:829} INFO - Processing file /home/airflow/.local/lib/python3.8/site-packages/airflow/example_dags/example_branch_operator_decorator.py for tasks to queue
[2024-09-24T05:12:55.403+0000] {logging_mixin.py:151} INFO - [2024-09-24T05:12:55.403+0000] {dagbag.py:539} INFO - Filling up the DagBag from /home/airflow/.local/lib/python3.8/site-packages/airflow/example_dags/example_branch_operator_decorator.py
[2024-09-24T05:12:55.414+0000] {processor.py:839} INFO - DAG(s) dict_keys(['example_branch_python_operator_decorator']) retrieved from /home/airflow/.local/lib/python3.8/site-packages/airflow/example_dags/example_branch_operator_decorator.py
[2024-09-24T05:12:55.440+0000] {logging_mixin.py:151} INFO - [2024-09-24T05:12:55.440+0000] {dag.py:2907} INFO - Sync 1 DAGs
[2024-09-24T05:12:55.466+0000] {logging_mixin.py:151} INFO - [2024-09-24T05:12:55.465+0000] {dag.py:3677} INFO - Setting next_dagrun for example_branch_python_operator_decorator to 2024-09-23T00:00:00+00:00, run_after=2024-09-24T00:00:00+00:00
[2024-09-24T05:12:55.494+0000] {processor.py:179} INFO - Processing /home/airflow/.local/lib/python3.8/site-packages/airflow/example_dags/example_branch_operator_decorator.py took 0.099 seconds
[2024-09-24T05:13:26.110+0000] {processor.py:157} INFO - Started process (PID=945) to work on /home/airflow/.local/lib/python3.8/site-packages/airflow/example_dags/example_branch_operator_decorator.py
[2024-09-24T05:13:26.111+0000] {processor.py:829} INFO - Processing file /home/airflow/.local/lib/python3.8/site-packages/airflow/example_dags/example_branch_operator_decorator.py for tasks to queue
[2024-09-24T05:13:26.114+0000] {logging_mixin.py:151} INFO - [2024-09-24T05:13:26.114+0000] {dagbag.py:539} INFO - Filling up the DagBag from /home/airflow/.local/lib/python3.8/site-packages/airflow/example_dags/example_branch_operator_decorator.py
[2024-09-24T05:13:26.127+0000] {processor.py:839} INFO - DAG(s) dict_keys(['example_branch_python_operator_decorator']) retrieved from /home/airflow/.local/lib/python3.8/site-packages/airflow/example_dags/example_branch_operator_decorator.py
[2024-09-24T05:13:26.153+0000] {logging_mixin.py:151} INFO - [2024-09-24T05:13:26.153+0000] {dag.py:2907} INFO - Sync 1 DAGs
[2024-09-24T05:13:26.180+0000] {logging_mixin.py:151} INFO - [2024-09-24T05:13:26.180+0000] {dag.py:3677} INFO - Setting next_dagrun for example_branch_python_operator_decorator to 2024-09-23T00:00:00+00:00, run_after=2024-09-24T00:00:00+00:00
[2024-09-24T05:13:26.207+0000] {processor.py:179} INFO - Processing /home/airflow/.local/lib/python3.8/site-packages/airflow/example_dags/example_branch_operator_decorator.py took 0.101 seconds
[2024-09-24T05:13:56.581+0000] {processor.py:157} INFO - Started process (PID=1001) to work on /home/airflow/.local/lib/python3.8/site-packages/airflow/example_dags/example_branch_operator_decorator.py
[2024-09-24T05:13:56.583+0000] {processor.py:829} INFO - Processing file /home/airflow/.local/lib/python3.8/site-packages/airflow/example_dags/example_branch_operator_decorator.py for tasks to queue
[2024-09-24T05:13:56.586+0000] {logging_mixin.py:151} INFO - [2024-09-24T05:13:56.585+0000] {dagbag.py:539} INFO - Filling up the DagBag from /home/airflow/.local/lib/python3.8/site-packages/airflow/example_dags/example_branch_operator_decorator.py
[2024-09-24T05:13:56.597+0000] {processor.py:839} INFO - DAG(s) dict_keys(['example_branch_python_operator_decorator']) retrieved from /home/airflow/.local/lib/python3.8/site-packages/airflow/example_dags/example_branch_operator_decorator.py
[2024-09-24T05:13:56.626+0000] {logging_mixin.py:151} INFO - [2024-09-24T05:13:56.626+0000] {dag.py:2907} INFO - Sync 1 DAGs
[2024-09-24T05:13:56.656+0000] {logging_mixin.py:151} INFO - [2024-09-24T05:13:56.656+0000] {dag.py:3677} INFO - Setting next_dagrun for example_branch_python_operator_decorator to 2024-09-23T00:00:00+00:00, run_after=2024-09-24T00:00:00+00:00
[2024-09-24T05:13:56.730+0000] {processor.py:179} INFO - Processing /home/airflow/.local/lib/python3.8/site-packages/airflow/example_dags/example_branch_operator_decorator.py took 0.153 seconds
[2024-09-24T05:14:27.055+0000] {processor.py:157} INFO - Started process (PID=1057) to work on /home/airflow/.local/lib/python3.8/site-packages/airflow/example_dags/example_branch_operator_decorator.py
[2024-09-24T05:14:27.057+0000] {processor.py:829} INFO - Processing file /home/airflow/.local/lib/python3.8/site-packages/airflow/example_dags/example_branch_operator_decorator.py for tasks to queue
[2024-09-24T05:14:27.060+0000] {logging_mixin.py:151} INFO - [2024-09-24T05:14:27.059+0000] {dagbag.py:539} INFO - Filling up the DagBag from /home/airflow/.local/lib/python3.8/site-packages/airflow/example_dags/example_branch_operator_decorator.py
[2024-09-24T05:14:27.070+0000] {processor.py:839} INFO - DAG(s) dict_keys(['example_branch_python_operator_decorator']) retrieved from /home/airflow/.local/lib/python3.8/site-packages/airflow/example_dags/example_branch_operator_decorator.py
[2024-09-24T05:14:27.097+0000] {logging_mixin.py:151} INFO - [2024-09-24T05:14:27.097+0000] {dag.py:2907} INFO - Sync 1 DAGs
[2024-09-24T05:14:27.122+0000] {logging_mixin.py:151} INFO - [2024-09-24T05:14:27.122+0000] {dag.py:3677} INFO - Setting next_dagrun for example_branch_python_operator_decorator to 2024-09-23T00:00:00+00:00, run_after=2024-09-24T00:00:00+00:00
[2024-09-24T05:14:27.151+0000] {processor.py:179} INFO - Processing /home/airflow/.local/lib/python3.8/site-packages/airflow/example_dags/example_branch_operator_decorator.py took 0.101 seconds
[2024-09-24T05:14:57.515+0000] {processor.py:157} INFO - Started process (PID=1113) to work on /home/airflow/.local/lib/python3.8/site-packages/airflow/example_dags/example_branch_operator_decorator.py
[2024-09-24T05:14:57.517+0000] {processor.py:829} INFO - Processing file /home/airflow/.local/lib/python3.8/site-packages/airflow/example_dags/example_branch_operator_decorator.py for tasks to queue
[2024-09-24T05:14:57.520+0000] {logging_mixin.py:151} INFO - [2024-09-24T05:14:57.519+0000] {dagbag.py:539} INFO - Filling up the DagBag from /home/airflow/.local/lib/python3.8/site-packages/airflow/example_dags/example_branch_operator_decorator.py
[2024-09-24T05:14:57.530+0000] {processor.py:839} INFO - DAG(s) dict_keys(['example_branch_python_operator_decorator']) retrieved from /home/airflow/.local/lib/python3.8/site-packages/airflow/example_dags/example_branch_operator_decorator.py
[2024-09-24T05:14:57.563+0000] {logging_mixin.py:151} INFO - [2024-09-24T05:14:57.563+0000] {dag.py:2907} INFO - Sync 1 DAGs
[2024-09-24T05:14:57.591+0000] {logging_mixin.py:151} INFO - [2024-09-24T05:14:57.591+0000] {dag.py:3677} INFO - Setting next_dagrun for example_branch_python_operator_decorator to 2024-09-23T00:00:00+00:00, run_after=2024-09-24T00:00:00+00:00
[2024-09-24T05:14:57.624+0000] {processor.py:179} INFO - Processing /home/airflow/.local/lib/python3.8/site-packages/airflow/example_dags/example_branch_operator_decorator.py took 0.112 seconds
