[2024-09-24T05:05:55.826+0000] {processor.py:157} INFO - Started process (PID=123) to work on /home/airflow/.local/lib/python3.8/site-packages/airflow/example_dags/example_datasets.py
[2024-09-24T05:05:55.829+0000] {processor.py:829} INFO - Processing file /home/airflow/.local/lib/python3.8/site-packages/airflow/example_dags/example_datasets.py for tasks to queue
[2024-09-24T05:05:55.834+0000] {logging_mixin.py:151} INFO - [2024-09-24T05:05:55.833+0000] {dagbag.py:539} INFO - Filling up the DagBag from /home/airflow/.local/lib/python3.8/site-packages/airflow/example_dags/example_datasets.py
[2024-09-24T05:05:55.867+0000] {processor.py:839} INFO - DAG(s) dict_keys(['dataset_consumes_1_never_scheduled', 'dataset_consumes_1_and_2', 'dataset_consumes_unknown_never_scheduled', 'dataset_consumes_1', 'dataset_produces_1', 'dataset_produces_2']) retrieved from /home/airflow/.local/lib/python3.8/site-packages/airflow/example_dags/example_datasets.py
[2024-09-24T05:05:56.028+0000] {logging_mixin.py:151} INFO - [2024-09-24T05:05:56.027+0000] {dag.py:2907} INFO - Sync 6 DAGs
[2024-09-24T05:05:56.081+0000] {logging_mixin.py:151} INFO - [2024-09-24T05:05:56.081+0000] {dag.py:3677} INFO - Setting next_dagrun for dataset_consumes_1 to None, run_after=None
[2024-09-24T05:05:56.089+0000] {logging_mixin.py:151} INFO - [2024-09-24T05:05:56.089+0000] {dag.py:3677} INFO - Setting next_dagrun for dataset_consumes_1_and_2 to None, run_after=None
[2024-09-24T05:05:56.093+0000] {logging_mixin.py:151} INFO - [2024-09-24T05:05:56.093+0000] {dag.py:3677} INFO - Setting next_dagrun for dataset_consumes_1_never_scheduled to None, run_after=None
[2024-09-24T05:05:56.097+0000] {logging_mixin.py:151} INFO - [2024-09-24T05:05:56.097+0000] {dag.py:3677} INFO - Setting next_dagrun for dataset_consumes_unknown_never_scheduled to None, run_after=None
[2024-09-24T05:05:56.106+0000] {logging_mixin.py:151} INFO - [2024-09-24T05:05:56.105+0000] {dag.py:3677} INFO - Setting next_dagrun for dataset_produces_1 to 2024-09-23T00:00:00+00:00, run_after=2024-09-24T00:00:00+00:00
[2024-09-24T05:05:56.111+0000] {logging_mixin.py:151} INFO - [2024-09-24T05:05:56.110+0000] {dag.py:3677} INFO - Setting next_dagrun for dataset_produces_2 to None, run_after=None
[2024-09-24T05:05:56.210+0000] {processor.py:179} INFO - Processing /home/airflow/.local/lib/python3.8/site-packages/airflow/example_dags/example_datasets.py took 0.389 seconds
[2024-09-24T05:06:26.680+0000] {processor.py:157} INFO - Started process (PID=179) to work on /home/airflow/.local/lib/python3.8/site-packages/airflow/example_dags/example_datasets.py
[2024-09-24T05:06:26.681+0000] {processor.py:829} INFO - Processing file /home/airflow/.local/lib/python3.8/site-packages/airflow/example_dags/example_datasets.py for tasks to queue
[2024-09-24T05:06:26.684+0000] {logging_mixin.py:151} INFO - [2024-09-24T05:06:26.684+0000] {dagbag.py:539} INFO - Filling up the DagBag from /home/airflow/.local/lib/python3.8/site-packages/airflow/example_dags/example_datasets.py
[2024-09-24T05:06:26.694+0000] {processor.py:839} INFO - DAG(s) dict_keys(['dataset_consumes_1_and_2', 'dataset_consumes_1', 'dataset_consumes_1_never_scheduled', 'dataset_consumes_unknown_never_scheduled', 'dataset_produces_2', 'dataset_produces_1']) retrieved from /home/airflow/.local/lib/python3.8/site-packages/airflow/example_dags/example_datasets.py
[2024-09-24T05:06:26.740+0000] {logging_mixin.py:151} INFO - [2024-09-24T05:06:26.740+0000] {dag.py:2907} INFO - Sync 6 DAGs
[2024-09-24T05:06:26.766+0000] {logging_mixin.py:151} INFO - [2024-09-24T05:06:26.766+0000] {dag.py:3677} INFO - Setting next_dagrun for dataset_consumes_1 to None, run_after=None
[2024-09-24T05:06:26.770+0000] {logging_mixin.py:151} INFO - [2024-09-24T05:06:26.770+0000] {dag.py:3677} INFO - Setting next_dagrun for dataset_consumes_1_and_2 to None, run_after=None
[2024-09-24T05:06:26.772+0000] {logging_mixin.py:151} INFO - [2024-09-24T05:06:26.772+0000] {dag.py:3677} INFO - Setting next_dagrun for dataset_consumes_1_never_scheduled to None, run_after=None
[2024-09-24T05:06:26.774+0000] {logging_mixin.py:151} INFO - [2024-09-24T05:06:26.774+0000] {dag.py:3677} INFO - Setting next_dagrun for dataset_consumes_unknown_never_scheduled to None, run_after=None
[2024-09-24T05:06:26.778+0000] {logging_mixin.py:151} INFO - [2024-09-24T05:06:26.778+0000] {dag.py:3677} INFO - Setting next_dagrun for dataset_produces_1 to 2024-09-23T00:00:00+00:00, run_after=2024-09-24T00:00:00+00:00
[2024-09-24T05:06:26.781+0000] {logging_mixin.py:151} INFO - [2024-09-24T05:06:26.780+0000] {dag.py:3677} INFO - Setting next_dagrun for dataset_produces_2 to None, run_after=None
[2024-09-24T05:06:26.832+0000] {processor.py:179} INFO - Processing /home/airflow/.local/lib/python3.8/site-packages/airflow/example_dags/example_datasets.py took 0.154 seconds
[2024-09-24T05:06:57.379+0000] {processor.py:157} INFO - Started process (PID=235) to work on /home/airflow/.local/lib/python3.8/site-packages/airflow/example_dags/example_datasets.py
[2024-09-24T05:06:57.381+0000] {processor.py:829} INFO - Processing file /home/airflow/.local/lib/python3.8/site-packages/airflow/example_dags/example_datasets.py for tasks to queue
[2024-09-24T05:06:57.384+0000] {logging_mixin.py:151} INFO - [2024-09-24T05:06:57.384+0000] {dagbag.py:539} INFO - Filling up the DagBag from /home/airflow/.local/lib/python3.8/site-packages/airflow/example_dags/example_datasets.py
[2024-09-24T05:06:57.394+0000] {processor.py:839} INFO - DAG(s) dict_keys(['dataset_produces_2', 'dataset_consumes_1', 'dataset_consumes_unknown_never_scheduled', 'dataset_consumes_1_and_2', 'dataset_consumes_1_never_scheduled', 'dataset_produces_1']) retrieved from /home/airflow/.local/lib/python3.8/site-packages/airflow/example_dags/example_datasets.py
[2024-09-24T05:06:57.448+0000] {logging_mixin.py:151} INFO - [2024-09-24T05:06:57.447+0000] {dag.py:2907} INFO - Sync 6 DAGs
[2024-09-24T05:06:57.476+0000] {logging_mixin.py:151} INFO - [2024-09-24T05:06:57.476+0000] {dag.py:3677} INFO - Setting next_dagrun for dataset_consumes_1 to None, run_after=None
[2024-09-24T05:06:57.481+0000] {logging_mixin.py:151} INFO - [2024-09-24T05:06:57.481+0000] {dag.py:3677} INFO - Setting next_dagrun for dataset_consumes_1_and_2 to None, run_after=None
[2024-09-24T05:06:57.484+0000] {logging_mixin.py:151} INFO - [2024-09-24T05:06:57.484+0000] {dag.py:3677} INFO - Setting next_dagrun for dataset_consumes_1_never_scheduled to None, run_after=None
[2024-09-24T05:06:57.486+0000] {logging_mixin.py:151} INFO - [2024-09-24T05:06:57.486+0000] {dag.py:3677} INFO - Setting next_dagrun for dataset_consumes_unknown_never_scheduled to None, run_after=None
[2024-09-24T05:06:57.491+0000] {logging_mixin.py:151} INFO - [2024-09-24T05:06:57.491+0000] {dag.py:3677} INFO - Setting next_dagrun for dataset_produces_1 to 2024-09-23T00:00:00+00:00, run_after=2024-09-24T00:00:00+00:00
[2024-09-24T05:06:57.494+0000] {logging_mixin.py:151} INFO - [2024-09-24T05:06:57.493+0000] {dag.py:3677} INFO - Setting next_dagrun for dataset_produces_2 to None, run_after=None
[2024-09-24T05:06:57.543+0000] {processor.py:179} INFO - Processing /home/airflow/.local/lib/python3.8/site-packages/airflow/example_dags/example_datasets.py took 0.168 seconds
[2024-09-24T05:07:27.770+0000] {processor.py:157} INFO - Started process (PID=291) to work on /home/airflow/.local/lib/python3.8/site-packages/airflow/example_dags/example_datasets.py
[2024-09-24T05:07:27.772+0000] {processor.py:829} INFO - Processing file /home/airflow/.local/lib/python3.8/site-packages/airflow/example_dags/example_datasets.py for tasks to queue
[2024-09-24T05:07:27.774+0000] {logging_mixin.py:151} INFO - [2024-09-24T05:07:27.774+0000] {dagbag.py:539} INFO - Filling up the DagBag from /home/airflow/.local/lib/python3.8/site-packages/airflow/example_dags/example_datasets.py
[2024-09-24T05:07:27.790+0000] {processor.py:839} INFO - DAG(s) dict_keys(['dataset_consumes_1_and_2', 'dataset_consumes_unknown_never_scheduled', 'dataset_consumes_1_never_scheduled', 'dataset_produces_2', 'dataset_consumes_1', 'dataset_produces_1']) retrieved from /home/airflow/.local/lib/python3.8/site-packages/airflow/example_dags/example_datasets.py
[2024-09-24T05:07:27.833+0000] {logging_mixin.py:151} INFO - [2024-09-24T05:07:27.832+0000] {dag.py:2907} INFO - Sync 6 DAGs
[2024-09-24T05:07:27.858+0000] {logging_mixin.py:151} INFO - [2024-09-24T05:07:27.857+0000] {dag.py:3677} INFO - Setting next_dagrun for dataset_consumes_1 to None, run_after=None
[2024-09-24T05:07:27.862+0000] {logging_mixin.py:151} INFO - [2024-09-24T05:07:27.862+0000] {dag.py:3677} INFO - Setting next_dagrun for dataset_consumes_1_and_2 to None, run_after=None
[2024-09-24T05:07:27.864+0000] {logging_mixin.py:151} INFO - [2024-09-24T05:07:27.864+0000] {dag.py:3677} INFO - Setting next_dagrun for dataset_consumes_1_never_scheduled to None, run_after=None
[2024-09-24T05:07:27.866+0000] {logging_mixin.py:151} INFO - [2024-09-24T05:07:27.866+0000] {dag.py:3677} INFO - Setting next_dagrun for dataset_consumes_unknown_never_scheduled to None, run_after=None
[2024-09-24T05:07:27.871+0000] {logging_mixin.py:151} INFO - [2024-09-24T05:07:27.870+0000] {dag.py:3677} INFO - Setting next_dagrun for dataset_produces_1 to 2024-09-23T00:00:00+00:00, run_after=2024-09-24T00:00:00+00:00
[2024-09-24T05:07:27.873+0000] {logging_mixin.py:151} INFO - [2024-09-24T05:07:27.873+0000] {dag.py:3677} INFO - Setting next_dagrun for dataset_produces_2 to None, run_after=None
[2024-09-24T05:07:27.925+0000] {processor.py:179} INFO - Processing /home/airflow/.local/lib/python3.8/site-packages/airflow/example_dags/example_datasets.py took 0.159 seconds
[2024-09-24T05:07:58.257+0000] {processor.py:157} INFO - Started process (PID=347) to work on /home/airflow/.local/lib/python3.8/site-packages/airflow/example_dags/example_datasets.py
[2024-09-24T05:07:58.258+0000] {processor.py:829} INFO - Processing file /home/airflow/.local/lib/python3.8/site-packages/airflow/example_dags/example_datasets.py for tasks to queue
[2024-09-24T05:07:58.261+0000] {logging_mixin.py:151} INFO - [2024-09-24T05:07:58.260+0000] {dagbag.py:539} INFO - Filling up the DagBag from /home/airflow/.local/lib/python3.8/site-packages/airflow/example_dags/example_datasets.py
[2024-09-24T05:07:58.271+0000] {processor.py:839} INFO - DAG(s) dict_keys(['dataset_consumes_1_and_2', 'dataset_consumes_1', 'dataset_consumes_unknown_never_scheduled', 'dataset_produces_2', 'dataset_produces_1', 'dataset_consumes_1_never_scheduled']) retrieved from /home/airflow/.local/lib/python3.8/site-packages/airflow/example_dags/example_datasets.py
[2024-09-24T05:07:58.316+0000] {logging_mixin.py:151} INFO - [2024-09-24T05:07:58.316+0000] {dag.py:2907} INFO - Sync 6 DAGs
[2024-09-24T05:07:58.345+0000] {logging_mixin.py:151} INFO - [2024-09-24T05:07:58.345+0000] {dag.py:3677} INFO - Setting next_dagrun for dataset_consumes_1 to None, run_after=None
[2024-09-24T05:07:58.351+0000] {logging_mixin.py:151} INFO - [2024-09-24T05:07:58.350+0000] {dag.py:3677} INFO - Setting next_dagrun for dataset_consumes_1_and_2 to None, run_after=None
[2024-09-24T05:07:58.353+0000] {logging_mixin.py:151} INFO - [2024-09-24T05:07:58.353+0000] {dag.py:3677} INFO - Setting next_dagrun for dataset_consumes_1_never_scheduled to None, run_after=None
[2024-09-24T05:07:58.355+0000] {logging_mixin.py:151} INFO - [2024-09-24T05:07:58.355+0000] {dag.py:3677} INFO - Setting next_dagrun for dataset_consumes_unknown_never_scheduled to None, run_after=None
[2024-09-24T05:07:58.359+0000] {logging_mixin.py:151} INFO - [2024-09-24T05:07:58.358+0000] {dag.py:3677} INFO - Setting next_dagrun for dataset_produces_1 to 2024-09-23T00:00:00+00:00, run_after=2024-09-24T00:00:00+00:00
[2024-09-24T05:07:58.361+0000] {logging_mixin.py:151} INFO - [2024-09-24T05:07:58.361+0000] {dag.py:3677} INFO - Setting next_dagrun for dataset_produces_2 to None, run_after=None
[2024-09-24T05:07:58.408+0000] {processor.py:179} INFO - Processing /home/airflow/.local/lib/python3.8/site-packages/airflow/example_dags/example_datasets.py took 0.155 seconds
[2024-09-24T05:08:28.613+0000] {processor.py:157} INFO - Started process (PID=403) to work on /home/airflow/.local/lib/python3.8/site-packages/airflow/example_dags/example_datasets.py
[2024-09-24T05:08:28.616+0000] {processor.py:829} INFO - Processing file /home/airflow/.local/lib/python3.8/site-packages/airflow/example_dags/example_datasets.py for tasks to queue
[2024-09-24T05:08:28.619+0000] {logging_mixin.py:151} INFO - [2024-09-24T05:08:28.619+0000] {dagbag.py:539} INFO - Filling up the DagBag from /home/airflow/.local/lib/python3.8/site-packages/airflow/example_dags/example_datasets.py
[2024-09-24T05:08:28.629+0000] {processor.py:839} INFO - DAG(s) dict_keys(['dataset_consumes_1_never_scheduled', 'dataset_consumes_1', 'dataset_produces_1', 'dataset_consumes_unknown_never_scheduled', 'dataset_consumes_1_and_2', 'dataset_produces_2']) retrieved from /home/airflow/.local/lib/python3.8/site-packages/airflow/example_dags/example_datasets.py
[2024-09-24T05:08:28.675+0000] {logging_mixin.py:151} INFO - [2024-09-24T05:08:28.675+0000] {dag.py:2907} INFO - Sync 6 DAGs
[2024-09-24T05:08:28.702+0000] {logging_mixin.py:151} INFO - [2024-09-24T05:08:28.701+0000] {dag.py:3677} INFO - Setting next_dagrun for dataset_consumes_1 to None, run_after=None
[2024-09-24T05:08:28.706+0000] {logging_mixin.py:151} INFO - [2024-09-24T05:08:28.706+0000] {dag.py:3677} INFO - Setting next_dagrun for dataset_consumes_1_and_2 to None, run_after=None
[2024-09-24T05:08:28.709+0000] {logging_mixin.py:151} INFO - [2024-09-24T05:08:28.708+0000] {dag.py:3677} INFO - Setting next_dagrun for dataset_consumes_1_never_scheduled to None, run_after=None
[2024-09-24T05:08:28.711+0000] {logging_mixin.py:151} INFO - [2024-09-24T05:08:28.711+0000] {dag.py:3677} INFO - Setting next_dagrun for dataset_consumes_unknown_never_scheduled to None, run_after=None
[2024-09-24T05:08:28.715+0000] {logging_mixin.py:151} INFO - [2024-09-24T05:08:28.715+0000] {dag.py:3677} INFO - Setting next_dagrun for dataset_produces_1 to 2024-09-23T00:00:00+00:00, run_after=2024-09-24T00:00:00+00:00
[2024-09-24T05:08:28.718+0000] {logging_mixin.py:151} INFO - [2024-09-24T05:08:28.717+0000] {dag.py:3677} INFO - Setting next_dagrun for dataset_produces_2 to None, run_after=None
[2024-09-24T05:08:28.758+0000] {processor.py:179} INFO - Processing /home/airflow/.local/lib/python3.8/site-packages/airflow/example_dags/example_datasets.py took 0.148 seconds
[2024-09-24T05:08:59.151+0000] {processor.py:157} INFO - Started process (PID=459) to work on /home/airflow/.local/lib/python3.8/site-packages/airflow/example_dags/example_datasets.py
[2024-09-24T05:08:59.153+0000] {processor.py:829} INFO - Processing file /home/airflow/.local/lib/python3.8/site-packages/airflow/example_dags/example_datasets.py for tasks to queue
[2024-09-24T05:08:59.155+0000] {logging_mixin.py:151} INFO - [2024-09-24T05:08:59.155+0000] {dagbag.py:539} INFO - Filling up the DagBag from /home/airflow/.local/lib/python3.8/site-packages/airflow/example_dags/example_datasets.py
[2024-09-24T05:08:59.168+0000] {processor.py:839} INFO - DAG(s) dict_keys(['dataset_consumes_1_and_2', 'dataset_consumes_1_never_scheduled', 'dataset_consumes_unknown_never_scheduled', 'dataset_produces_1', 'dataset_consumes_1', 'dataset_produces_2']) retrieved from /home/airflow/.local/lib/python3.8/site-packages/airflow/example_dags/example_datasets.py
[2024-09-24T05:08:59.217+0000] {logging_mixin.py:151} INFO - [2024-09-24T05:08:59.217+0000] {dag.py:2907} INFO - Sync 6 DAGs
[2024-09-24T05:08:59.245+0000] {logging_mixin.py:151} INFO - [2024-09-24T05:08:59.245+0000] {dag.py:3677} INFO - Setting next_dagrun for dataset_consumes_1 to None, run_after=None
[2024-09-24T05:08:59.252+0000] {logging_mixin.py:151} INFO - [2024-09-24T05:08:59.251+0000] {dag.py:3677} INFO - Setting next_dagrun for dataset_consumes_1_and_2 to None, run_after=None
[2024-09-24T05:08:59.254+0000] {logging_mixin.py:151} INFO - [2024-09-24T05:08:59.254+0000] {dag.py:3677} INFO - Setting next_dagrun for dataset_consumes_1_never_scheduled to None, run_after=None
[2024-09-24T05:08:59.256+0000] {logging_mixin.py:151} INFO - [2024-09-24T05:08:59.256+0000] {dag.py:3677} INFO - Setting next_dagrun for dataset_consumes_unknown_never_scheduled to None, run_after=None
[2024-09-24T05:08:59.261+0000] {logging_mixin.py:151} INFO - [2024-09-24T05:08:59.261+0000] {dag.py:3677} INFO - Setting next_dagrun for dataset_produces_1 to 2024-09-23T00:00:00+00:00, run_after=2024-09-24T00:00:00+00:00
[2024-09-24T05:08:59.265+0000] {logging_mixin.py:151} INFO - [2024-09-24T05:08:59.264+0000] {dag.py:3677} INFO - Setting next_dagrun for dataset_produces_2 to None, run_after=None
[2024-09-24T05:08:59.308+0000] {processor.py:179} INFO - Processing /home/airflow/.local/lib/python3.8/site-packages/airflow/example_dags/example_datasets.py took 0.161 seconds
[2024-09-24T05:09:29.799+0000] {processor.py:157} INFO - Started process (PID=515) to work on /home/airflow/.local/lib/python3.8/site-packages/airflow/example_dags/example_datasets.py
[2024-09-24T05:09:29.803+0000] {processor.py:829} INFO - Processing file /home/airflow/.local/lib/python3.8/site-packages/airflow/example_dags/example_datasets.py for tasks to queue
[2024-09-24T05:09:29.815+0000] {logging_mixin.py:151} INFO - [2024-09-24T05:09:29.814+0000] {dagbag.py:539} INFO - Filling up the DagBag from /home/airflow/.local/lib/python3.8/site-packages/airflow/example_dags/example_datasets.py
[2024-09-24T05:09:29.849+0000] {processor.py:839} INFO - DAG(s) dict_keys(['dataset_consumes_1_and_2', 'dataset_produces_2', 'dataset_consumes_1', 'dataset_consumes_1_never_scheduled', 'dataset_consumes_unknown_never_scheduled', 'dataset_produces_1']) retrieved from /home/airflow/.local/lib/python3.8/site-packages/airflow/example_dags/example_datasets.py
[2024-09-24T05:09:29.933+0000] {logging_mixin.py:151} INFO - [2024-09-24T05:09:29.932+0000] {dag.py:2907} INFO - Sync 6 DAGs
[2024-09-24T05:09:29.978+0000] {logging_mixin.py:151} INFO - [2024-09-24T05:09:29.978+0000] {dag.py:3677} INFO - Setting next_dagrun for dataset_consumes_1 to None, run_after=None
[2024-09-24T05:09:29.988+0000] {logging_mixin.py:151} INFO - [2024-09-24T05:09:29.987+0000] {dag.py:3677} INFO - Setting next_dagrun for dataset_consumes_1_and_2 to None, run_after=None
[2024-09-24T05:09:29.991+0000] {logging_mixin.py:151} INFO - [2024-09-24T05:09:29.991+0000] {dag.py:3677} INFO - Setting next_dagrun for dataset_consumes_1_never_scheduled to None, run_after=None
[2024-09-24T05:09:29.995+0000] {logging_mixin.py:151} INFO - [2024-09-24T05:09:29.995+0000] {dag.py:3677} INFO - Setting next_dagrun for dataset_consumes_unknown_never_scheduled to None, run_after=None
[2024-09-24T05:09:30.003+0000] {logging_mixin.py:151} INFO - [2024-09-24T05:09:30.003+0000] {dag.py:3677} INFO - Setting next_dagrun for dataset_produces_1 to 2024-09-23T00:00:00+00:00, run_after=2024-09-24T00:00:00+00:00
[2024-09-24T05:09:30.009+0000] {logging_mixin.py:151} INFO - [2024-09-24T05:09:30.009+0000] {dag.py:3677} INFO - Setting next_dagrun for dataset_produces_2 to None, run_after=None
[2024-09-24T05:09:30.105+0000] {processor.py:179} INFO - Processing /home/airflow/.local/lib/python3.8/site-packages/airflow/example_dags/example_datasets.py took 0.317 seconds
[2024-09-24T05:10:00.574+0000] {processor.py:157} INFO - Started process (PID=571) to work on /home/airflow/.local/lib/python3.8/site-packages/airflow/example_dags/example_datasets.py
[2024-09-24T05:10:00.576+0000] {processor.py:829} INFO - Processing file /home/airflow/.local/lib/python3.8/site-packages/airflow/example_dags/example_datasets.py for tasks to queue
[2024-09-24T05:10:00.579+0000] {logging_mixin.py:151} INFO - [2024-09-24T05:10:00.579+0000] {dagbag.py:539} INFO - Filling up the DagBag from /home/airflow/.local/lib/python3.8/site-packages/airflow/example_dags/example_datasets.py
[2024-09-24T05:10:00.592+0000] {processor.py:839} INFO - DAG(s) dict_keys(['dataset_produces_2', 'dataset_consumes_unknown_never_scheduled', 'dataset_consumes_1_never_scheduled', 'dataset_consumes_1_and_2', 'dataset_consumes_1', 'dataset_produces_1']) retrieved from /home/airflow/.local/lib/python3.8/site-packages/airflow/example_dags/example_datasets.py
[2024-09-24T05:10:00.650+0000] {logging_mixin.py:151} INFO - [2024-09-24T05:10:00.650+0000] {dag.py:2907} INFO - Sync 6 DAGs
[2024-09-24T05:10:00.679+0000] {logging_mixin.py:151} INFO - [2024-09-24T05:10:00.678+0000] {dag.py:3677} INFO - Setting next_dagrun for dataset_consumes_1 to None, run_after=None
[2024-09-24T05:10:00.684+0000] {logging_mixin.py:151} INFO - [2024-09-24T05:10:00.683+0000] {dag.py:3677} INFO - Setting next_dagrun for dataset_consumes_1_and_2 to None, run_after=None
[2024-09-24T05:10:00.686+0000] {logging_mixin.py:151} INFO - [2024-09-24T05:10:00.686+0000] {dag.py:3677} INFO - Setting next_dagrun for dataset_consumes_1_never_scheduled to None, run_after=None
[2024-09-24T05:10:00.688+0000] {logging_mixin.py:151} INFO - [2024-09-24T05:10:00.688+0000] {dag.py:3677} INFO - Setting next_dagrun for dataset_consumes_unknown_never_scheduled to None, run_after=None
[2024-09-24T05:10:00.692+0000] {logging_mixin.py:151} INFO - [2024-09-24T05:10:00.692+0000] {dag.py:3677} INFO - Setting next_dagrun for dataset_produces_1 to 2024-09-23T00:00:00+00:00, run_after=2024-09-24T00:00:00+00:00
[2024-09-24T05:10:00.695+0000] {logging_mixin.py:151} INFO - [2024-09-24T05:10:00.695+0000] {dag.py:3677} INFO - Setting next_dagrun for dataset_produces_2 to None, run_after=None
[2024-09-24T05:10:00.753+0000] {processor.py:179} INFO - Processing /home/airflow/.local/lib/python3.8/site-packages/airflow/example_dags/example_datasets.py took 0.183 seconds
[2024-09-24T05:10:31.044+0000] {processor.py:157} INFO - Started process (PID=627) to work on /home/airflow/.local/lib/python3.8/site-packages/airflow/example_dags/example_datasets.py
[2024-09-24T05:10:31.046+0000] {processor.py:829} INFO - Processing file /home/airflow/.local/lib/python3.8/site-packages/airflow/example_dags/example_datasets.py for tasks to queue
[2024-09-24T05:10:31.049+0000] {logging_mixin.py:151} INFO - [2024-09-24T05:10:31.049+0000] {dagbag.py:539} INFO - Filling up the DagBag from /home/airflow/.local/lib/python3.8/site-packages/airflow/example_dags/example_datasets.py
[2024-09-24T05:10:31.059+0000] {processor.py:839} INFO - DAG(s) dict_keys(['dataset_consumes_1_and_2', 'dataset_consumes_unknown_never_scheduled', 'dataset_consumes_1_never_scheduled', 'dataset_consumes_1', 'dataset_produces_2', 'dataset_produces_1']) retrieved from /home/airflow/.local/lib/python3.8/site-packages/airflow/example_dags/example_datasets.py
[2024-09-24T05:10:31.126+0000] {logging_mixin.py:151} INFO - [2024-09-24T05:10:31.126+0000] {dag.py:2907} INFO - Sync 6 DAGs
[2024-09-24T05:10:31.162+0000] {logging_mixin.py:151} INFO - [2024-09-24T05:10:31.160+0000] {dag.py:3677} INFO - Setting next_dagrun for dataset_consumes_1 to None, run_after=None
[2024-09-24T05:10:31.171+0000] {logging_mixin.py:151} INFO - [2024-09-24T05:10:31.170+0000] {dag.py:3677} INFO - Setting next_dagrun for dataset_consumes_1_and_2 to None, run_after=None
[2024-09-24T05:10:31.176+0000] {logging_mixin.py:151} INFO - [2024-09-24T05:10:31.176+0000] {dag.py:3677} INFO - Setting next_dagrun for dataset_consumes_1_never_scheduled to None, run_after=None
[2024-09-24T05:10:31.182+0000] {logging_mixin.py:151} INFO - [2024-09-24T05:10:31.182+0000] {dag.py:3677} INFO - Setting next_dagrun for dataset_consumes_unknown_never_scheduled to None, run_after=None
[2024-09-24T05:10:31.189+0000] {logging_mixin.py:151} INFO - [2024-09-24T05:10:31.189+0000] {dag.py:3677} INFO - Setting next_dagrun for dataset_produces_1 to 2024-09-23T00:00:00+00:00, run_after=2024-09-24T00:00:00+00:00
[2024-09-24T05:10:31.192+0000] {logging_mixin.py:151} INFO - [2024-09-24T05:10:31.192+0000] {dag.py:3677} INFO - Setting next_dagrun for dataset_produces_2 to None, run_after=None
[2024-09-24T05:10:31.293+0000] {processor.py:179} INFO - Processing /home/airflow/.local/lib/python3.8/site-packages/airflow/example_dags/example_datasets.py took 0.255 seconds
[2024-09-24T05:11:02.234+0000] {processor.py:157} INFO - Started process (PID=683) to work on /home/airflow/.local/lib/python3.8/site-packages/airflow/example_dags/example_datasets.py
[2024-09-24T05:11:02.237+0000] {processor.py:829} INFO - Processing file /home/airflow/.local/lib/python3.8/site-packages/airflow/example_dags/example_datasets.py for tasks to queue
[2024-09-24T05:11:02.240+0000] {logging_mixin.py:151} INFO - [2024-09-24T05:11:02.240+0000] {dagbag.py:539} INFO - Filling up the DagBag from /home/airflow/.local/lib/python3.8/site-packages/airflow/example_dags/example_datasets.py
[2024-09-24T05:11:02.253+0000] {processor.py:839} INFO - DAG(s) dict_keys(['dataset_consumes_1', 'dataset_consumes_1_and_2', 'dataset_consumes_1_never_scheduled', 'dataset_consumes_unknown_never_scheduled', 'dataset_produces_1', 'dataset_produces_2']) retrieved from /home/airflow/.local/lib/python3.8/site-packages/airflow/example_dags/example_datasets.py
[2024-09-24T05:11:02.309+0000] {logging_mixin.py:151} INFO - [2024-09-24T05:11:02.308+0000] {dag.py:2907} INFO - Sync 6 DAGs
[2024-09-24T05:11:02.341+0000] {logging_mixin.py:151} INFO - [2024-09-24T05:11:02.340+0000] {dag.py:3677} INFO - Setting next_dagrun for dataset_consumes_1 to None, run_after=None
[2024-09-24T05:11:02.347+0000] {logging_mixin.py:151} INFO - [2024-09-24T05:11:02.346+0000] {dag.py:3677} INFO - Setting next_dagrun for dataset_consumes_1_and_2 to None, run_after=None
[2024-09-24T05:11:02.351+0000] {logging_mixin.py:151} INFO - [2024-09-24T05:11:02.350+0000] {dag.py:3677} INFO - Setting next_dagrun for dataset_consumes_1_never_scheduled to None, run_after=None
[2024-09-24T05:11:02.354+0000] {logging_mixin.py:151} INFO - [2024-09-24T05:11:02.354+0000] {dag.py:3677} INFO - Setting next_dagrun for dataset_consumes_unknown_never_scheduled to None, run_after=None
[2024-09-24T05:11:02.359+0000] {logging_mixin.py:151} INFO - [2024-09-24T05:11:02.359+0000] {dag.py:3677} INFO - Setting next_dagrun for dataset_produces_1 to 2024-09-23T00:00:00+00:00, run_after=2024-09-24T00:00:00+00:00
[2024-09-24T05:11:02.361+0000] {logging_mixin.py:151} INFO - [2024-09-24T05:11:02.361+0000] {dag.py:3677} INFO - Setting next_dagrun for dataset_produces_2 to None, run_after=None
[2024-09-24T05:11:02.423+0000] {processor.py:179} INFO - Processing /home/airflow/.local/lib/python3.8/site-packages/airflow/example_dags/example_datasets.py took 0.192 seconds
[2024-09-24T05:11:33.165+0000] {processor.py:157} INFO - Started process (PID=739) to work on /home/airflow/.local/lib/python3.8/site-packages/airflow/example_dags/example_datasets.py
[2024-09-24T05:11:33.166+0000] {processor.py:829} INFO - Processing file /home/airflow/.local/lib/python3.8/site-packages/airflow/example_dags/example_datasets.py for tasks to queue
[2024-09-24T05:11:33.169+0000] {logging_mixin.py:151} INFO - [2024-09-24T05:11:33.169+0000] {dagbag.py:539} INFO - Filling up the DagBag from /home/airflow/.local/lib/python3.8/site-packages/airflow/example_dags/example_datasets.py
[2024-09-24T05:11:33.180+0000] {processor.py:839} INFO - DAG(s) dict_keys(['dataset_consumes_1', 'dataset_produces_2', 'dataset_consumes_1_and_2', 'dataset_consumes_unknown_never_scheduled', 'dataset_produces_1', 'dataset_consumes_1_never_scheduled']) retrieved from /home/airflow/.local/lib/python3.8/site-packages/airflow/example_dags/example_datasets.py
[2024-09-24T05:11:33.228+0000] {logging_mixin.py:151} INFO - [2024-09-24T05:11:33.228+0000] {dag.py:2907} INFO - Sync 6 DAGs
[2024-09-24T05:11:33.258+0000] {logging_mixin.py:151} INFO - [2024-09-24T05:11:33.258+0000] {dag.py:3677} INFO - Setting next_dagrun for dataset_consumes_1 to None, run_after=None
[2024-09-24T05:11:33.265+0000] {logging_mixin.py:151} INFO - [2024-09-24T05:11:33.264+0000] {dag.py:3677} INFO - Setting next_dagrun for dataset_consumes_1_and_2 to None, run_after=None
[2024-09-24T05:11:33.267+0000] {logging_mixin.py:151} INFO - [2024-09-24T05:11:33.267+0000] {dag.py:3677} INFO - Setting next_dagrun for dataset_consumes_1_never_scheduled to None, run_after=None
[2024-09-24T05:11:33.269+0000] {logging_mixin.py:151} INFO - [2024-09-24T05:11:33.269+0000] {dag.py:3677} INFO - Setting next_dagrun for dataset_consumes_unknown_never_scheduled to None, run_after=None
[2024-09-24T05:11:33.274+0000] {logging_mixin.py:151} INFO - [2024-09-24T05:11:33.273+0000] {dag.py:3677} INFO - Setting next_dagrun for dataset_produces_1 to 2024-09-23T00:00:00+00:00, run_after=2024-09-24T00:00:00+00:00
[2024-09-24T05:11:33.276+0000] {logging_mixin.py:151} INFO - [2024-09-24T05:11:33.276+0000] {dag.py:3677} INFO - Setting next_dagrun for dataset_produces_2 to None, run_after=None
[2024-09-24T05:11:33.327+0000] {processor.py:179} INFO - Processing /home/airflow/.local/lib/python3.8/site-packages/airflow/example_dags/example_datasets.py took 0.166 seconds
[2024-09-24T05:12:03.776+0000] {processor.py:157} INFO - Started process (PID=795) to work on /home/airflow/.local/lib/python3.8/site-packages/airflow/example_dags/example_datasets.py
[2024-09-24T05:12:03.778+0000] {processor.py:829} INFO - Processing file /home/airflow/.local/lib/python3.8/site-packages/airflow/example_dags/example_datasets.py for tasks to queue
[2024-09-24T05:12:03.782+0000] {logging_mixin.py:151} INFO - [2024-09-24T05:12:03.781+0000] {dagbag.py:539} INFO - Filling up the DagBag from /home/airflow/.local/lib/python3.8/site-packages/airflow/example_dags/example_datasets.py
[2024-09-24T05:12:03.794+0000] {processor.py:839} INFO - DAG(s) dict_keys(['dataset_consumes_1_and_2', 'dataset_produces_2', 'dataset_consumes_unknown_never_scheduled', 'dataset_produces_1', 'dataset_consumes_1_never_scheduled', 'dataset_consumes_1']) retrieved from /home/airflow/.local/lib/python3.8/site-packages/airflow/example_dags/example_datasets.py
[2024-09-24T05:12:03.845+0000] {logging_mixin.py:151} INFO - [2024-09-24T05:12:03.845+0000] {dag.py:2907} INFO - Sync 6 DAGs
[2024-09-24T05:12:03.875+0000] {logging_mixin.py:151} INFO - [2024-09-24T05:12:03.875+0000] {dag.py:3677} INFO - Setting next_dagrun for dataset_consumes_1 to None, run_after=None
[2024-09-24T05:12:03.880+0000] {logging_mixin.py:151} INFO - [2024-09-24T05:12:03.879+0000] {dag.py:3677} INFO - Setting next_dagrun for dataset_consumes_1_and_2 to None, run_after=None
[2024-09-24T05:12:03.882+0000] {logging_mixin.py:151} INFO - [2024-09-24T05:12:03.882+0000] {dag.py:3677} INFO - Setting next_dagrun for dataset_consumes_1_never_scheduled to None, run_after=None
[2024-09-24T05:12:03.884+0000] {logging_mixin.py:151} INFO - [2024-09-24T05:12:03.884+0000] {dag.py:3677} INFO - Setting next_dagrun for dataset_consumes_unknown_never_scheduled to None, run_after=None
[2024-09-24T05:12:03.889+0000] {logging_mixin.py:151} INFO - [2024-09-24T05:12:03.889+0000] {dag.py:3677} INFO - Setting next_dagrun for dataset_produces_1 to 2024-09-23T00:00:00+00:00, run_after=2024-09-24T00:00:00+00:00
[2024-09-24T05:12:03.892+0000] {logging_mixin.py:151} INFO - [2024-09-24T05:12:03.891+0000] {dag.py:3677} INFO - Setting next_dagrun for dataset_produces_2 to None, run_after=None
[2024-09-24T05:12:03.942+0000] {processor.py:179} INFO - Processing /home/airflow/.local/lib/python3.8/site-packages/airflow/example_dags/example_datasets.py took 0.170 seconds
[2024-09-24T05:12:34.816+0000] {processor.py:157} INFO - Started process (PID=855) to work on /home/airflow/.local/lib/python3.8/site-packages/airflow/example_dags/example_datasets.py
[2024-09-24T05:12:34.819+0000] {processor.py:829} INFO - Processing file /home/airflow/.local/lib/python3.8/site-packages/airflow/example_dags/example_datasets.py for tasks to queue
[2024-09-24T05:12:34.823+0000] {logging_mixin.py:151} INFO - [2024-09-24T05:12:34.822+0000] {dagbag.py:539} INFO - Filling up the DagBag from /home/airflow/.local/lib/python3.8/site-packages/airflow/example_dags/example_datasets.py
[2024-09-24T05:12:34.836+0000] {processor.py:839} INFO - DAG(s) dict_keys(['dataset_produces_1', 'dataset_consumes_1_and_2', 'dataset_consumes_1_never_scheduled', 'dataset_consumes_unknown_never_scheduled', 'dataset_consumes_1', 'dataset_produces_2']) retrieved from /home/airflow/.local/lib/python3.8/site-packages/airflow/example_dags/example_datasets.py
[2024-09-24T05:12:34.892+0000] {logging_mixin.py:151} INFO - [2024-09-24T05:12:34.892+0000] {dag.py:2907} INFO - Sync 6 DAGs
[2024-09-24T05:12:34.923+0000] {logging_mixin.py:151} INFO - [2024-09-24T05:12:34.923+0000] {dag.py:3677} INFO - Setting next_dagrun for dataset_consumes_1 to None, run_after=None
[2024-09-24T05:12:34.928+0000] {logging_mixin.py:151} INFO - [2024-09-24T05:12:34.928+0000] {dag.py:3677} INFO - Setting next_dagrun for dataset_consumes_1_and_2 to None, run_after=None
[2024-09-24T05:12:34.931+0000] {logging_mixin.py:151} INFO - [2024-09-24T05:12:34.931+0000] {dag.py:3677} INFO - Setting next_dagrun for dataset_consumes_1_never_scheduled to None, run_after=None
[2024-09-24T05:12:34.934+0000] {logging_mixin.py:151} INFO - [2024-09-24T05:12:34.933+0000] {dag.py:3677} INFO - Setting next_dagrun for dataset_consumes_unknown_never_scheduled to None, run_after=None
[2024-09-24T05:12:34.938+0000] {logging_mixin.py:151} INFO - [2024-09-24T05:12:34.938+0000] {dag.py:3677} INFO - Setting next_dagrun for dataset_produces_1 to 2024-09-23T00:00:00+00:00, run_after=2024-09-24T00:00:00+00:00
[2024-09-24T05:12:34.941+0000] {logging_mixin.py:151} INFO - [2024-09-24T05:12:34.941+0000] {dag.py:3677} INFO - Setting next_dagrun for dataset_produces_2 to None, run_after=None
[2024-09-24T05:12:34.997+0000] {processor.py:179} INFO - Processing /home/airflow/.local/lib/python3.8/site-packages/airflow/example_dags/example_datasets.py took 0.187 seconds
[2024-09-24T05:13:05.170+0000] {processor.py:157} INFO - Started process (PID=911) to work on /home/airflow/.local/lib/python3.8/site-packages/airflow/example_dags/example_datasets.py
[2024-09-24T05:13:05.171+0000] {processor.py:829} INFO - Processing file /home/airflow/.local/lib/python3.8/site-packages/airflow/example_dags/example_datasets.py for tasks to queue
[2024-09-24T05:13:05.174+0000] {logging_mixin.py:151} INFO - [2024-09-24T05:13:05.174+0000] {dagbag.py:539} INFO - Filling up the DagBag from /home/airflow/.local/lib/python3.8/site-packages/airflow/example_dags/example_datasets.py
[2024-09-24T05:13:05.185+0000] {processor.py:839} INFO - DAG(s) dict_keys(['dataset_consumes_1_never_scheduled', 'dataset_produces_2', 'dataset_produces_1', 'dataset_consumes_1', 'dataset_consumes_1_and_2', 'dataset_consumes_unknown_never_scheduled']) retrieved from /home/airflow/.local/lib/python3.8/site-packages/airflow/example_dags/example_datasets.py
[2024-09-24T05:13:05.229+0000] {logging_mixin.py:151} INFO - [2024-09-24T05:13:05.229+0000] {dag.py:2907} INFO - Sync 6 DAGs
[2024-09-24T05:13:05.257+0000] {logging_mixin.py:151} INFO - [2024-09-24T05:13:05.257+0000] {dag.py:3677} INFO - Setting next_dagrun for dataset_consumes_1 to None, run_after=None
[2024-09-24T05:13:05.262+0000] {logging_mixin.py:151} INFO - [2024-09-24T05:13:05.262+0000] {dag.py:3677} INFO - Setting next_dagrun for dataset_consumes_1_and_2 to None, run_after=None
[2024-09-24T05:13:05.265+0000] {logging_mixin.py:151} INFO - [2024-09-24T05:13:05.265+0000] {dag.py:3677} INFO - Setting next_dagrun for dataset_consumes_1_never_scheduled to None, run_after=None
[2024-09-24T05:13:05.268+0000] {logging_mixin.py:151} INFO - [2024-09-24T05:13:05.267+0000] {dag.py:3677} INFO - Setting next_dagrun for dataset_consumes_unknown_never_scheduled to None, run_after=None
[2024-09-24T05:13:05.273+0000] {logging_mixin.py:151} INFO - [2024-09-24T05:13:05.272+0000] {dag.py:3677} INFO - Setting next_dagrun for dataset_produces_1 to 2024-09-23T00:00:00+00:00, run_after=2024-09-24T00:00:00+00:00
[2024-09-24T05:13:05.275+0000] {logging_mixin.py:151} INFO - [2024-09-24T05:13:05.275+0000] {dag.py:3677} INFO - Setting next_dagrun for dataset_produces_2 to None, run_after=None
[2024-09-24T05:13:05.320+0000] {processor.py:179} INFO - Processing /home/airflow/.local/lib/python3.8/site-packages/airflow/example_dags/example_datasets.py took 0.154 seconds
[2024-09-24T05:13:35.901+0000] {processor.py:157} INFO - Started process (PID=968) to work on /home/airflow/.local/lib/python3.8/site-packages/airflow/example_dags/example_datasets.py
[2024-09-24T05:13:35.903+0000] {processor.py:829} INFO - Processing file /home/airflow/.local/lib/python3.8/site-packages/airflow/example_dags/example_datasets.py for tasks to queue
[2024-09-24T05:13:35.906+0000] {logging_mixin.py:151} INFO - [2024-09-24T05:13:35.906+0000] {dagbag.py:539} INFO - Filling up the DagBag from /home/airflow/.local/lib/python3.8/site-packages/airflow/example_dags/example_datasets.py
[2024-09-24T05:13:35.917+0000] {processor.py:839} INFO - DAG(s) dict_keys(['dataset_consumes_1', 'dataset_produces_1', 'dataset_consumes_1_never_scheduled', 'dataset_consumes_unknown_never_scheduled', 'dataset_consumes_1_and_2', 'dataset_produces_2']) retrieved from /home/airflow/.local/lib/python3.8/site-packages/airflow/example_dags/example_datasets.py
[2024-09-24T05:13:35.963+0000] {logging_mixin.py:151} INFO - [2024-09-24T05:13:35.963+0000] {dag.py:2907} INFO - Sync 6 DAGs
[2024-09-24T05:13:35.989+0000] {logging_mixin.py:151} INFO - [2024-09-24T05:13:35.989+0000] {dag.py:3677} INFO - Setting next_dagrun for dataset_consumes_1 to None, run_after=None
[2024-09-24T05:13:35.994+0000] {logging_mixin.py:151} INFO - [2024-09-24T05:13:35.994+0000] {dag.py:3677} INFO - Setting next_dagrun for dataset_consumes_1_and_2 to None, run_after=None
[2024-09-24T05:13:35.996+0000] {logging_mixin.py:151} INFO - [2024-09-24T05:13:35.996+0000] {dag.py:3677} INFO - Setting next_dagrun for dataset_consumes_1_never_scheduled to None, run_after=None
[2024-09-24T05:13:35.998+0000] {logging_mixin.py:151} INFO - [2024-09-24T05:13:35.998+0000] {dag.py:3677} INFO - Setting next_dagrun for dataset_consumes_unknown_never_scheduled to None, run_after=None
[2024-09-24T05:13:36.002+0000] {logging_mixin.py:151} INFO - [2024-09-24T05:13:36.002+0000] {dag.py:3677} INFO - Setting next_dagrun for dataset_produces_1 to 2024-09-23T00:00:00+00:00, run_after=2024-09-24T00:00:00+00:00
[2024-09-24T05:13:36.004+0000] {logging_mixin.py:151} INFO - [2024-09-24T05:13:36.004+0000] {dag.py:3677} INFO - Setting next_dagrun for dataset_produces_2 to None, run_after=None
[2024-09-24T05:13:36.046+0000] {processor.py:179} INFO - Processing /home/airflow/.local/lib/python3.8/site-packages/airflow/example_dags/example_datasets.py took 0.149 seconds
[2024-09-24T05:14:06.403+0000] {processor.py:157} INFO - Started process (PID=1024) to work on /home/airflow/.local/lib/python3.8/site-packages/airflow/example_dags/example_datasets.py
[2024-09-24T05:14:06.405+0000] {processor.py:829} INFO - Processing file /home/airflow/.local/lib/python3.8/site-packages/airflow/example_dags/example_datasets.py for tasks to queue
[2024-09-24T05:14:06.408+0000] {logging_mixin.py:151} INFO - [2024-09-24T05:14:06.407+0000] {dagbag.py:539} INFO - Filling up the DagBag from /home/airflow/.local/lib/python3.8/site-packages/airflow/example_dags/example_datasets.py
[2024-09-24T05:14:06.417+0000] {processor.py:839} INFO - DAG(s) dict_keys(['dataset_produces_2', 'dataset_consumes_unknown_never_scheduled', 'dataset_consumes_1', 'dataset_consumes_1_and_2', 'dataset_produces_1', 'dataset_consumes_1_never_scheduled']) retrieved from /home/airflow/.local/lib/python3.8/site-packages/airflow/example_dags/example_datasets.py
[2024-09-24T05:14:06.461+0000] {logging_mixin.py:151} INFO - [2024-09-24T05:14:06.461+0000] {dag.py:2907} INFO - Sync 6 DAGs
[2024-09-24T05:14:06.488+0000] {logging_mixin.py:151} INFO - [2024-09-24T05:14:06.488+0000] {dag.py:3677} INFO - Setting next_dagrun for dataset_consumes_1 to None, run_after=None
[2024-09-24T05:14:06.493+0000] {logging_mixin.py:151} INFO - [2024-09-24T05:14:06.492+0000] {dag.py:3677} INFO - Setting next_dagrun for dataset_consumes_1_and_2 to None, run_after=None
[2024-09-24T05:14:06.495+0000] {logging_mixin.py:151} INFO - [2024-09-24T05:14:06.495+0000] {dag.py:3677} INFO - Setting next_dagrun for dataset_consumes_1_never_scheduled to None, run_after=None
[2024-09-24T05:14:06.498+0000] {logging_mixin.py:151} INFO - [2024-09-24T05:14:06.498+0000] {dag.py:3677} INFO - Setting next_dagrun for dataset_consumes_unknown_never_scheduled to None, run_after=None
[2024-09-24T05:14:06.502+0000] {logging_mixin.py:151} INFO - [2024-09-24T05:14:06.502+0000] {dag.py:3677} INFO - Setting next_dagrun for dataset_produces_1 to 2024-09-23T00:00:00+00:00, run_after=2024-09-24T00:00:00+00:00
[2024-09-24T05:14:06.504+0000] {logging_mixin.py:151} INFO - [2024-09-24T05:14:06.504+0000] {dag.py:3677} INFO - Setting next_dagrun for dataset_produces_2 to None, run_after=None
[2024-09-24T05:14:06.548+0000] {processor.py:179} INFO - Processing /home/airflow/.local/lib/python3.8/site-packages/airflow/example_dags/example_datasets.py took 0.148 seconds
[2024-09-24T05:14:36.781+0000] {processor.py:157} INFO - Started process (PID=1080) to work on /home/airflow/.local/lib/python3.8/site-packages/airflow/example_dags/example_datasets.py
[2024-09-24T05:14:36.783+0000] {processor.py:829} INFO - Processing file /home/airflow/.local/lib/python3.8/site-packages/airflow/example_dags/example_datasets.py for tasks to queue
[2024-09-24T05:14:36.785+0000] {logging_mixin.py:151} INFO - [2024-09-24T05:14:36.785+0000] {dagbag.py:539} INFO - Filling up the DagBag from /home/airflow/.local/lib/python3.8/site-packages/airflow/example_dags/example_datasets.py
[2024-09-24T05:14:36.796+0000] {processor.py:839} INFO - DAG(s) dict_keys(['dataset_consumes_unknown_never_scheduled', 'dataset_produces_1', 'dataset_produces_2', 'dataset_consumes_1', 'dataset_consumes_1_never_scheduled', 'dataset_consumes_1_and_2']) retrieved from /home/airflow/.local/lib/python3.8/site-packages/airflow/example_dags/example_datasets.py
[2024-09-24T05:14:36.851+0000] {logging_mixin.py:151} INFO - [2024-09-24T05:14:36.851+0000] {dag.py:2907} INFO - Sync 6 DAGs
[2024-09-24T05:14:36.883+0000] {logging_mixin.py:151} INFO - [2024-09-24T05:14:36.883+0000] {dag.py:3677} INFO - Setting next_dagrun for dataset_consumes_1 to None, run_after=None
[2024-09-24T05:14:36.889+0000] {logging_mixin.py:151} INFO - [2024-09-24T05:14:36.889+0000] {dag.py:3677} INFO - Setting next_dagrun for dataset_consumes_1_and_2 to None, run_after=None
[2024-09-24T05:14:36.892+0000] {logging_mixin.py:151} INFO - [2024-09-24T05:14:36.891+0000] {dag.py:3677} INFO - Setting next_dagrun for dataset_consumes_1_never_scheduled to None, run_after=None
[2024-09-24T05:14:36.894+0000] {logging_mixin.py:151} INFO - [2024-09-24T05:14:36.894+0000] {dag.py:3677} INFO - Setting next_dagrun for dataset_consumes_unknown_never_scheduled to None, run_after=None
[2024-09-24T05:14:36.900+0000] {logging_mixin.py:151} INFO - [2024-09-24T05:14:36.900+0000] {dag.py:3677} INFO - Setting next_dagrun for dataset_produces_1 to 2024-09-23T00:00:00+00:00, run_after=2024-09-24T00:00:00+00:00
[2024-09-24T05:14:36.903+0000] {logging_mixin.py:151} INFO - [2024-09-24T05:14:36.902+0000] {dag.py:3677} INFO - Setting next_dagrun for dataset_produces_2 to None, run_after=None
[2024-09-24T05:14:36.968+0000] {processor.py:179} INFO - Processing /home/airflow/.local/lib/python3.8/site-packages/airflow/example_dags/example_datasets.py took 0.191 seconds
[2024-09-24T05:15:07.411+0000] {processor.py:157} INFO - Started process (PID=1136) to work on /home/airflow/.local/lib/python3.8/site-packages/airflow/example_dags/example_datasets.py
[2024-09-24T05:15:07.413+0000] {processor.py:829} INFO - Processing file /home/airflow/.local/lib/python3.8/site-packages/airflow/example_dags/example_datasets.py for tasks to queue
[2024-09-24T05:15:07.416+0000] {logging_mixin.py:151} INFO - [2024-09-24T05:15:07.415+0000] {dagbag.py:539} INFO - Filling up the DagBag from /home/airflow/.local/lib/python3.8/site-packages/airflow/example_dags/example_datasets.py
[2024-09-24T05:15:07.426+0000] {processor.py:839} INFO - DAG(s) dict_keys(['dataset_produces_1', 'dataset_consumes_1_never_scheduled', 'dataset_consumes_unknown_never_scheduled', 'dataset_produces_2', 'dataset_consumes_1_and_2', 'dataset_consumes_1']) retrieved from /home/airflow/.local/lib/python3.8/site-packages/airflow/example_dags/example_datasets.py
[2024-09-24T05:15:07.473+0000] {logging_mixin.py:151} INFO - [2024-09-24T05:15:07.473+0000] {dag.py:2907} INFO - Sync 6 DAGs
[2024-09-24T05:15:07.499+0000] {logging_mixin.py:151} INFO - [2024-09-24T05:15:07.499+0000] {dag.py:3677} INFO - Setting next_dagrun for dataset_consumes_1 to None, run_after=None
[2024-09-24T05:15:07.504+0000] {logging_mixin.py:151} INFO - [2024-09-24T05:15:07.504+0000] {dag.py:3677} INFO - Setting next_dagrun for dataset_consumes_1_and_2 to None, run_after=None
[2024-09-24T05:15:07.506+0000] {logging_mixin.py:151} INFO - [2024-09-24T05:15:07.506+0000] {dag.py:3677} INFO - Setting next_dagrun for dataset_consumes_1_never_scheduled to None, run_after=None
[2024-09-24T05:15:07.509+0000] {logging_mixin.py:151} INFO - [2024-09-24T05:15:07.508+0000] {dag.py:3677} INFO - Setting next_dagrun for dataset_consumes_unknown_never_scheduled to None, run_after=None
[2024-09-24T05:15:07.512+0000] {logging_mixin.py:151} INFO - [2024-09-24T05:15:07.512+0000] {dag.py:3677} INFO - Setting next_dagrun for dataset_produces_1 to 2024-09-23T00:00:00+00:00, run_after=2024-09-24T00:00:00+00:00
[2024-09-24T05:15:07.515+0000] {logging_mixin.py:151} INFO - [2024-09-24T05:15:07.515+0000] {dag.py:3677} INFO - Setting next_dagrun for dataset_produces_2 to None, run_after=None
[2024-09-24T05:15:07.557+0000] {processor.py:179} INFO - Processing /home/airflow/.local/lib/python3.8/site-packages/airflow/example_dags/example_datasets.py took 0.150 seconds
