[2024-09-24T05:05:54.754+0000] {processor.py:157} INFO - Started process (PID=120) to work on /home/airflow/.local/lib/python3.8/site-packages/airflow/example_dags/example_xcom.py
[2024-09-24T05:05:54.757+0000] {processor.py:829} INFO - Processing file /home/airflow/.local/lib/python3.8/site-packages/airflow/example_dags/example_xcom.py for tasks to queue
[2024-09-24T05:05:54.764+0000] {logging_mixin.py:151} INFO - [2024-09-24T05:05:54.762+0000] {dagbag.py:539} INFO - Filling up the DagBag from /home/airflow/.local/lib/python3.8/site-packages/airflow/example_dags/example_xcom.py
[2024-09-24T05:05:54.803+0000] {processor.py:839} INFO - DAG(s) dict_keys(['example_xcom']) retrieved from /home/airflow/.local/lib/python3.8/site-packages/airflow/example_dags/example_xcom.py
[2024-09-24T05:05:55.174+0000] {logging_mixin.py:151} INFO - [2024-09-24T05:05:55.173+0000] {dag.py:2907} INFO - Sync 1 DAGs
[2024-09-24T05:05:55.237+0000] {logging_mixin.py:151} INFO - [2024-09-24T05:05:55.237+0000] {dag.py:3677} INFO - Setting next_dagrun for example_xcom to 2021-01-01T00:00:00+00:00, run_after=2021-01-01T00:00:00+00:00
[2024-09-24T05:05:55.305+0000] {processor.py:179} INFO - Processing /home/airflow/.local/lib/python3.8/site-packages/airflow/example_dags/example_xcom.py took 0.558 seconds
[2024-09-24T05:06:25.383+0000] {processor.py:157} INFO - Started process (PID=175) to work on /home/airflow/.local/lib/python3.8/site-packages/airflow/example_dags/example_xcom.py
[2024-09-24T05:06:25.384+0000] {processor.py:829} INFO - Processing file /home/airflow/.local/lib/python3.8/site-packages/airflow/example_dags/example_xcom.py for tasks to queue
[2024-09-24T05:06:25.387+0000] {logging_mixin.py:151} INFO - [2024-09-24T05:06:25.386+0000] {dagbag.py:539} INFO - Filling up the DagBag from /home/airflow/.local/lib/python3.8/site-packages/airflow/example_dags/example_xcom.py
[2024-09-24T05:06:25.396+0000] {processor.py:839} INFO - DAG(s) dict_keys(['example_xcom']) retrieved from /home/airflow/.local/lib/python3.8/site-packages/airflow/example_dags/example_xcom.py
[2024-09-24T05:06:25.420+0000] {logging_mixin.py:151} INFO - [2024-09-24T05:06:25.420+0000] {dag.py:2907} INFO - Sync 1 DAGs
[2024-09-24T05:06:25.444+0000] {logging_mixin.py:151} INFO - [2024-09-24T05:06:25.444+0000] {dag.py:3677} INFO - Setting next_dagrun for example_xcom to 2021-01-01T00:00:00+00:00, run_after=2021-01-01T00:00:00+00:00
[2024-09-24T05:06:25.469+0000] {processor.py:179} INFO - Processing /home/airflow/.local/lib/python3.8/site-packages/airflow/example_dags/example_xcom.py took 0.090 seconds
[2024-09-24T05:06:56.047+0000] {processor.py:157} INFO - Started process (PID=231) to work on /home/airflow/.local/lib/python3.8/site-packages/airflow/example_dags/example_xcom.py
[2024-09-24T05:06:56.049+0000] {processor.py:829} INFO - Processing file /home/airflow/.local/lib/python3.8/site-packages/airflow/example_dags/example_xcom.py for tasks to queue
[2024-09-24T05:06:56.053+0000] {logging_mixin.py:151} INFO - [2024-09-24T05:06:56.052+0000] {dagbag.py:539} INFO - Filling up the DagBag from /home/airflow/.local/lib/python3.8/site-packages/airflow/example_dags/example_xcom.py
[2024-09-24T05:06:56.066+0000] {processor.py:839} INFO - DAG(s) dict_keys(['example_xcom']) retrieved from /home/airflow/.local/lib/python3.8/site-packages/airflow/example_dags/example_xcom.py
[2024-09-24T05:06:56.101+0000] {logging_mixin.py:151} INFO - [2024-09-24T05:06:56.101+0000] {dag.py:2907} INFO - Sync 1 DAGs
[2024-09-24T05:06:56.142+0000] {logging_mixin.py:151} INFO - [2024-09-24T05:06:56.142+0000] {dag.py:3677} INFO - Setting next_dagrun for example_xcom to 2021-01-01T00:00:00+00:00, run_after=2021-01-01T00:00:00+00:00
[2024-09-24T05:06:56.186+0000] {processor.py:179} INFO - Processing /home/airflow/.local/lib/python3.8/site-packages/airflow/example_dags/example_xcom.py took 0.144 seconds
[2024-09-24T05:07:26.462+0000] {processor.py:157} INFO - Started process (PID=287) to work on /home/airflow/.local/lib/python3.8/site-packages/airflow/example_dags/example_xcom.py
[2024-09-24T05:07:26.463+0000] {processor.py:829} INFO - Processing file /home/airflow/.local/lib/python3.8/site-packages/airflow/example_dags/example_xcom.py for tasks to queue
[2024-09-24T05:07:26.466+0000] {logging_mixin.py:151} INFO - [2024-09-24T05:07:26.465+0000] {dagbag.py:539} INFO - Filling up the DagBag from /home/airflow/.local/lib/python3.8/site-packages/airflow/example_dags/example_xcom.py
[2024-09-24T05:07:26.474+0000] {processor.py:839} INFO - DAG(s) dict_keys(['example_xcom']) retrieved from /home/airflow/.local/lib/python3.8/site-packages/airflow/example_dags/example_xcom.py
[2024-09-24T05:07:26.503+0000] {logging_mixin.py:151} INFO - [2024-09-24T05:07:26.502+0000] {dag.py:2907} INFO - Sync 1 DAGs
[2024-09-24T05:07:26.532+0000] {logging_mixin.py:151} INFO - [2024-09-24T05:07:26.532+0000] {dag.py:3677} INFO - Setting next_dagrun for example_xcom to 2021-01-01T00:00:00+00:00, run_after=2021-01-01T00:00:00+00:00
[2024-09-24T05:07:26.566+0000] {processor.py:179} INFO - Processing /home/airflow/.local/lib/python3.8/site-packages/airflow/example_dags/example_xcom.py took 0.108 seconds
[2024-09-24T05:07:57.032+0000] {processor.py:157} INFO - Started process (PID=343) to work on /home/airflow/.local/lib/python3.8/site-packages/airflow/example_dags/example_xcom.py
[2024-09-24T05:07:57.034+0000] {processor.py:829} INFO - Processing file /home/airflow/.local/lib/python3.8/site-packages/airflow/example_dags/example_xcom.py for tasks to queue
[2024-09-24T05:07:57.037+0000] {logging_mixin.py:151} INFO - [2024-09-24T05:07:57.036+0000] {dagbag.py:539} INFO - Filling up the DagBag from /home/airflow/.local/lib/python3.8/site-packages/airflow/example_dags/example_xcom.py
[2024-09-24T05:07:57.045+0000] {processor.py:839} INFO - DAG(s) dict_keys(['example_xcom']) retrieved from /home/airflow/.local/lib/python3.8/site-packages/airflow/example_dags/example_xcom.py
[2024-09-24T05:07:57.070+0000] {logging_mixin.py:151} INFO - [2024-09-24T05:07:57.070+0000] {dag.py:2907} INFO - Sync 1 DAGs
[2024-09-24T05:07:57.096+0000] {logging_mixin.py:151} INFO - [2024-09-24T05:07:57.096+0000] {dag.py:3677} INFO - Setting next_dagrun for example_xcom to 2021-01-01T00:00:00+00:00, run_after=2021-01-01T00:00:00+00:00
[2024-09-24T05:07:57.123+0000] {processor.py:179} INFO - Processing /home/airflow/.local/lib/python3.8/site-packages/airflow/example_dags/example_xcom.py took 0.094 seconds
[2024-09-24T05:08:27.406+0000] {processor.py:157} INFO - Started process (PID=399) to work on /home/airflow/.local/lib/python3.8/site-packages/airflow/example_dags/example_xcom.py
[2024-09-24T05:08:27.407+0000] {processor.py:829} INFO - Processing file /home/airflow/.local/lib/python3.8/site-packages/airflow/example_dags/example_xcom.py for tasks to queue
[2024-09-24T05:08:27.410+0000] {logging_mixin.py:151} INFO - [2024-09-24T05:08:27.409+0000] {dagbag.py:539} INFO - Filling up the DagBag from /home/airflow/.local/lib/python3.8/site-packages/airflow/example_dags/example_xcom.py
[2024-09-24T05:08:27.418+0000] {processor.py:839} INFO - DAG(s) dict_keys(['example_xcom']) retrieved from /home/airflow/.local/lib/python3.8/site-packages/airflow/example_dags/example_xcom.py
[2024-09-24T05:08:27.441+0000] {logging_mixin.py:151} INFO - [2024-09-24T05:08:27.441+0000] {dag.py:2907} INFO - Sync 1 DAGs
[2024-09-24T05:08:27.466+0000] {logging_mixin.py:151} INFO - [2024-09-24T05:08:27.465+0000] {dag.py:3677} INFO - Setting next_dagrun for example_xcom to 2021-01-01T00:00:00+00:00, run_after=2021-01-01T00:00:00+00:00
[2024-09-24T05:08:27.492+0000] {processor.py:179} INFO - Processing /home/airflow/.local/lib/python3.8/site-packages/airflow/example_dags/example_xcom.py took 0.089 seconds
[2024-09-24T05:08:57.810+0000] {processor.py:157} INFO - Started process (PID=455) to work on /home/airflow/.local/lib/python3.8/site-packages/airflow/example_dags/example_xcom.py
[2024-09-24T05:08:57.819+0000] {processor.py:829} INFO - Processing file /home/airflow/.local/lib/python3.8/site-packages/airflow/example_dags/example_xcom.py for tasks to queue
[2024-09-24T05:08:57.822+0000] {logging_mixin.py:151} INFO - [2024-09-24T05:08:57.821+0000] {dagbag.py:539} INFO - Filling up the DagBag from /home/airflow/.local/lib/python3.8/site-packages/airflow/example_dags/example_xcom.py
[2024-09-24T05:08:57.829+0000] {processor.py:839} INFO - DAG(s) dict_keys(['example_xcom']) retrieved from /home/airflow/.local/lib/python3.8/site-packages/airflow/example_dags/example_xcom.py
[2024-09-24T05:08:57.861+0000] {logging_mixin.py:151} INFO - [2024-09-24T05:08:57.861+0000] {dag.py:2907} INFO - Sync 1 DAGs
[2024-09-24T05:08:57.889+0000] {logging_mixin.py:151} INFO - [2024-09-24T05:08:57.889+0000] {dag.py:3677} INFO - Setting next_dagrun for example_xcom to 2021-01-01T00:00:00+00:00, run_after=2021-01-01T00:00:00+00:00
[2024-09-24T05:08:57.935+0000] {processor.py:179} INFO - Processing /home/airflow/.local/lib/python3.8/site-packages/airflow/example_dags/example_xcom.py took 0.129 seconds
[2024-09-24T05:09:28.332+0000] {processor.py:157} INFO - Started process (PID=511) to work on /home/airflow/.local/lib/python3.8/site-packages/airflow/example_dags/example_xcom.py
[2024-09-24T05:09:28.333+0000] {processor.py:829} INFO - Processing file /home/airflow/.local/lib/python3.8/site-packages/airflow/example_dags/example_xcom.py for tasks to queue
[2024-09-24T05:09:28.338+0000] {logging_mixin.py:151} INFO - [2024-09-24T05:09:28.338+0000] {dagbag.py:539} INFO - Filling up the DagBag from /home/airflow/.local/lib/python3.8/site-packages/airflow/example_dags/example_xcom.py
[2024-09-24T05:09:28.349+0000] {processor.py:839} INFO - DAG(s) dict_keys(['example_xcom']) retrieved from /home/airflow/.local/lib/python3.8/site-packages/airflow/example_dags/example_xcom.py
[2024-09-24T05:09:28.382+0000] {logging_mixin.py:151} INFO - [2024-09-24T05:09:28.381+0000] {dag.py:2907} INFO - Sync 1 DAGs
[2024-09-24T05:09:28.412+0000] {logging_mixin.py:151} INFO - [2024-09-24T05:09:28.411+0000] {dag.py:3677} INFO - Setting next_dagrun for example_xcom to 2021-01-01T00:00:00+00:00, run_after=2021-01-01T00:00:00+00:00
[2024-09-24T05:09:28.442+0000] {processor.py:179} INFO - Processing /home/airflow/.local/lib/python3.8/site-packages/airflow/example_dags/example_xcom.py took 0.113 seconds
[2024-09-24T05:09:59.199+0000] {processor.py:157} INFO - Started process (PID=567) to work on /home/airflow/.local/lib/python3.8/site-packages/airflow/example_dags/example_xcom.py
[2024-09-24T05:09:59.200+0000] {processor.py:829} INFO - Processing file /home/airflow/.local/lib/python3.8/site-packages/airflow/example_dags/example_xcom.py for tasks to queue
[2024-09-24T05:09:59.203+0000] {logging_mixin.py:151} INFO - [2024-09-24T05:09:59.203+0000] {dagbag.py:539} INFO - Filling up the DagBag from /home/airflow/.local/lib/python3.8/site-packages/airflow/example_dags/example_xcom.py
[2024-09-24T05:09:59.210+0000] {processor.py:839} INFO - DAG(s) dict_keys(['example_xcom']) retrieved from /home/airflow/.local/lib/python3.8/site-packages/airflow/example_dags/example_xcom.py
[2024-09-24T05:09:59.234+0000] {logging_mixin.py:151} INFO - [2024-09-24T05:09:59.234+0000] {dag.py:2907} INFO - Sync 1 DAGs
[2024-09-24T05:09:59.256+0000] {logging_mixin.py:151} INFO - [2024-09-24T05:09:59.256+0000] {dag.py:3677} INFO - Setting next_dagrun for example_xcom to 2021-01-01T00:00:00+00:00, run_after=2021-01-01T00:00:00+00:00
[2024-09-24T05:09:59.283+0000] {processor.py:179} INFO - Processing /home/airflow/.local/lib/python3.8/site-packages/airflow/example_dags/example_xcom.py took 0.087 seconds
[2024-09-24T05:10:29.439+0000] {processor.py:157} INFO - Started process (PID=623) to work on /home/airflow/.local/lib/python3.8/site-packages/airflow/example_dags/example_xcom.py
[2024-09-24T05:10:29.442+0000] {processor.py:829} INFO - Processing file /home/airflow/.local/lib/python3.8/site-packages/airflow/example_dags/example_xcom.py for tasks to queue
[2024-09-24T05:10:29.446+0000] {logging_mixin.py:151} INFO - [2024-09-24T05:10:29.445+0000] {dagbag.py:539} INFO - Filling up the DagBag from /home/airflow/.local/lib/python3.8/site-packages/airflow/example_dags/example_xcom.py
[2024-09-24T05:10:29.456+0000] {processor.py:839} INFO - DAG(s) dict_keys(['example_xcom']) retrieved from /home/airflow/.local/lib/python3.8/site-packages/airflow/example_dags/example_xcom.py
[2024-09-24T05:10:29.489+0000] {logging_mixin.py:151} INFO - [2024-09-24T05:10:29.488+0000] {dag.py:2907} INFO - Sync 1 DAGs
[2024-09-24T05:10:29.529+0000] {logging_mixin.py:151} INFO - [2024-09-24T05:10:29.528+0000] {dag.py:3677} INFO - Setting next_dagrun for example_xcom to 2021-01-01T00:00:00+00:00, run_after=2021-01-01T00:00:00+00:00
[2024-09-24T05:10:29.581+0000] {processor.py:179} INFO - Processing /home/airflow/.local/lib/python3.8/site-packages/airflow/example_dags/example_xcom.py took 0.146 seconds
[2024-09-24T05:11:00.059+0000] {processor.py:157} INFO - Started process (PID=679) to work on /home/airflow/.local/lib/python3.8/site-packages/airflow/example_dags/example_xcom.py
[2024-09-24T05:11:00.061+0000] {processor.py:829} INFO - Processing file /home/airflow/.local/lib/python3.8/site-packages/airflow/example_dags/example_xcom.py for tasks to queue
[2024-09-24T05:11:00.065+0000] {logging_mixin.py:151} INFO - [2024-09-24T05:11:00.065+0000] {dagbag.py:539} INFO - Filling up the DagBag from /home/airflow/.local/lib/python3.8/site-packages/airflow/example_dags/example_xcom.py
[2024-09-24T05:11:00.075+0000] {processor.py:839} INFO - DAG(s) dict_keys(['example_xcom']) retrieved from /home/airflow/.local/lib/python3.8/site-packages/airflow/example_dags/example_xcom.py
[2024-09-24T05:11:00.113+0000] {logging_mixin.py:151} INFO - [2024-09-24T05:11:00.113+0000] {dag.py:2907} INFO - Sync 1 DAGs
[2024-09-24T05:11:00.154+0000] {logging_mixin.py:151} INFO - [2024-09-24T05:11:00.153+0000] {dag.py:3677} INFO - Setting next_dagrun for example_xcom to 2021-01-01T00:00:00+00:00, run_after=2021-01-01T00:00:00+00:00
[2024-09-24T05:11:00.193+0000] {processor.py:179} INFO - Processing /home/airflow/.local/lib/python3.8/site-packages/airflow/example_dags/example_xcom.py took 0.141 seconds
[2024-09-24T05:11:30.984+0000] {processor.py:157} INFO - Started process (PID=735) to work on /home/airflow/.local/lib/python3.8/site-packages/airflow/example_dags/example_xcom.py
[2024-09-24T05:11:30.986+0000] {processor.py:829} INFO - Processing file /home/airflow/.local/lib/python3.8/site-packages/airflow/example_dags/example_xcom.py for tasks to queue
[2024-09-24T05:11:30.988+0000] {logging_mixin.py:151} INFO - [2024-09-24T05:11:30.988+0000] {dagbag.py:539} INFO - Filling up the DagBag from /home/airflow/.local/lib/python3.8/site-packages/airflow/example_dags/example_xcom.py
[2024-09-24T05:11:30.996+0000] {processor.py:839} INFO - DAG(s) dict_keys(['example_xcom']) retrieved from /home/airflow/.local/lib/python3.8/site-packages/airflow/example_dags/example_xcom.py
[2024-09-24T05:11:31.023+0000] {logging_mixin.py:151} INFO - [2024-09-24T05:11:31.023+0000] {dag.py:2907} INFO - Sync 1 DAGs
[2024-09-24T05:11:31.051+0000] {logging_mixin.py:151} INFO - [2024-09-24T05:11:31.051+0000] {dag.py:3677} INFO - Setting next_dagrun for example_xcom to 2021-01-01T00:00:00+00:00, run_after=2021-01-01T00:00:00+00:00
[2024-09-24T05:11:31.086+0000] {processor.py:179} INFO - Processing /home/airflow/.local/lib/python3.8/site-packages/airflow/example_dags/example_xcom.py took 0.105 seconds
[2024-09-24T05:12:02.430+0000] {processor.py:157} INFO - Started process (PID=791) to work on /home/airflow/.local/lib/python3.8/site-packages/airflow/example_dags/example_xcom.py
[2024-09-24T05:12:02.439+0000] {processor.py:829} INFO - Processing file /home/airflow/.local/lib/python3.8/site-packages/airflow/example_dags/example_xcom.py for tasks to queue
[2024-09-24T05:12:02.446+0000] {logging_mixin.py:151} INFO - [2024-09-24T05:12:02.445+0000] {dagbag.py:539} INFO - Filling up the DagBag from /home/airflow/.local/lib/python3.8/site-packages/airflow/example_dags/example_xcom.py
[2024-09-24T05:12:02.462+0000] {processor.py:839} INFO - DAG(s) dict_keys(['example_xcom']) retrieved from /home/airflow/.local/lib/python3.8/site-packages/airflow/example_dags/example_xcom.py
[2024-09-24T05:12:02.533+0000] {logging_mixin.py:151} INFO - [2024-09-24T05:12:02.533+0000] {dag.py:2907} INFO - Sync 1 DAGs
[2024-09-24T05:12:02.568+0000] {logging_mixin.py:151} INFO - [2024-09-24T05:12:02.568+0000] {dag.py:3677} INFO - Setting next_dagrun for example_xcom to 2021-01-01T00:00:00+00:00, run_after=2021-01-01T00:00:00+00:00
[2024-09-24T05:12:02.614+0000] {processor.py:179} INFO - Processing /home/airflow/.local/lib/python3.8/site-packages/airflow/example_dags/example_xcom.py took 0.194 seconds
[2024-09-24T05:12:33.346+0000] {processor.py:157} INFO - Started process (PID=851) to work on /home/airflow/.local/lib/python3.8/site-packages/airflow/example_dags/example_xcom.py
[2024-09-24T05:12:33.348+0000] {processor.py:829} INFO - Processing file /home/airflow/.local/lib/python3.8/site-packages/airflow/example_dags/example_xcom.py for tasks to queue
[2024-09-24T05:12:33.352+0000] {logging_mixin.py:151} INFO - [2024-09-24T05:12:33.351+0000] {dagbag.py:539} INFO - Filling up the DagBag from /home/airflow/.local/lib/python3.8/site-packages/airflow/example_dags/example_xcom.py
[2024-09-24T05:12:33.361+0000] {processor.py:839} INFO - DAG(s) dict_keys(['example_xcom']) retrieved from /home/airflow/.local/lib/python3.8/site-packages/airflow/example_dags/example_xcom.py
[2024-09-24T05:12:33.387+0000] {logging_mixin.py:151} INFO - [2024-09-24T05:12:33.387+0000] {dag.py:2907} INFO - Sync 1 DAGs
[2024-09-24T05:12:33.414+0000] {logging_mixin.py:151} INFO - [2024-09-24T05:12:33.414+0000] {dag.py:3677} INFO - Setting next_dagrun for example_xcom to 2021-01-01T00:00:00+00:00, run_after=2021-01-01T00:00:00+00:00
[2024-09-24T05:12:33.449+0000] {processor.py:179} INFO - Processing /home/airflow/.local/lib/python3.8/site-packages/airflow/example_dags/example_xcom.py took 0.106 seconds
[2024-09-24T05:13:03.737+0000] {processor.py:157} INFO - Started process (PID=907) to work on /home/airflow/.local/lib/python3.8/site-packages/airflow/example_dags/example_xcom.py
[2024-09-24T05:13:03.738+0000] {processor.py:829} INFO - Processing file /home/airflow/.local/lib/python3.8/site-packages/airflow/example_dags/example_xcom.py for tasks to queue
[2024-09-24T05:13:03.741+0000] {logging_mixin.py:151} INFO - [2024-09-24T05:13:03.741+0000] {dagbag.py:539} INFO - Filling up the DagBag from /home/airflow/.local/lib/python3.8/site-packages/airflow/example_dags/example_xcom.py
[2024-09-24T05:13:03.750+0000] {processor.py:839} INFO - DAG(s) dict_keys(['example_xcom']) retrieved from /home/airflow/.local/lib/python3.8/site-packages/airflow/example_dags/example_xcom.py
[2024-09-24T05:13:03.774+0000] {logging_mixin.py:151} INFO - [2024-09-24T05:13:03.774+0000] {dag.py:2907} INFO - Sync 1 DAGs
[2024-09-24T05:13:03.801+0000] {logging_mixin.py:151} INFO - [2024-09-24T05:13:03.801+0000] {dag.py:3677} INFO - Setting next_dagrun for example_xcom to 2021-01-01T00:00:00+00:00, run_after=2021-01-01T00:00:00+00:00
[2024-09-24T05:13:03.825+0000] {processor.py:179} INFO - Processing /home/airflow/.local/lib/python3.8/site-packages/airflow/example_dags/example_xcom.py took 0.091 seconds
[2024-09-24T05:13:34.701+0000] {processor.py:157} INFO - Started process (PID=964) to work on /home/airflow/.local/lib/python3.8/site-packages/airflow/example_dags/example_xcom.py
[2024-09-24T05:13:34.702+0000] {processor.py:829} INFO - Processing file /home/airflow/.local/lib/python3.8/site-packages/airflow/example_dags/example_xcom.py for tasks to queue
[2024-09-24T05:13:34.705+0000] {logging_mixin.py:151} INFO - [2024-09-24T05:13:34.705+0000] {dagbag.py:539} INFO - Filling up the DagBag from /home/airflow/.local/lib/python3.8/site-packages/airflow/example_dags/example_xcom.py
[2024-09-24T05:13:34.712+0000] {processor.py:839} INFO - DAG(s) dict_keys(['example_xcom']) retrieved from /home/airflow/.local/lib/python3.8/site-packages/airflow/example_dags/example_xcom.py
[2024-09-24T05:13:34.741+0000] {logging_mixin.py:151} INFO - [2024-09-24T05:13:34.740+0000] {dag.py:2907} INFO - Sync 1 DAGs
[2024-09-24T05:13:34.766+0000] {logging_mixin.py:151} INFO - [2024-09-24T05:13:34.766+0000] {dag.py:3677} INFO - Setting next_dagrun for example_xcom to 2021-01-01T00:00:00+00:00, run_after=2021-01-01T00:00:00+00:00
[2024-09-24T05:13:34.798+0000] {processor.py:179} INFO - Processing /home/airflow/.local/lib/python3.8/site-packages/airflow/example_dags/example_xcom.py took 0.101 seconds
[2024-09-24T05:14:05.249+0000] {processor.py:157} INFO - Started process (PID=1020) to work on /home/airflow/.local/lib/python3.8/site-packages/airflow/example_dags/example_xcom.py
[2024-09-24T05:14:05.251+0000] {processor.py:829} INFO - Processing file /home/airflow/.local/lib/python3.8/site-packages/airflow/example_dags/example_xcom.py for tasks to queue
[2024-09-24T05:14:05.253+0000] {logging_mixin.py:151} INFO - [2024-09-24T05:14:05.253+0000] {dagbag.py:539} INFO - Filling up the DagBag from /home/airflow/.local/lib/python3.8/site-packages/airflow/example_dags/example_xcom.py
[2024-09-24T05:14:05.260+0000] {processor.py:839} INFO - DAG(s) dict_keys(['example_xcom']) retrieved from /home/airflow/.local/lib/python3.8/site-packages/airflow/example_dags/example_xcom.py
[2024-09-24T05:14:05.283+0000] {logging_mixin.py:151} INFO - [2024-09-24T05:14:05.283+0000] {dag.py:2907} INFO - Sync 1 DAGs
[2024-09-24T05:14:05.306+0000] {logging_mixin.py:151} INFO - [2024-09-24T05:14:05.306+0000] {dag.py:3677} INFO - Setting next_dagrun for example_xcom to 2021-01-01T00:00:00+00:00, run_after=2021-01-01T00:00:00+00:00
[2024-09-24T05:14:05.334+0000] {processor.py:179} INFO - Processing /home/airflow/.local/lib/python3.8/site-packages/airflow/example_dags/example_xcom.py took 0.088 seconds
[2024-09-24T05:14:35.468+0000] {processor.py:157} INFO - Started process (PID=1076) to work on /home/airflow/.local/lib/python3.8/site-packages/airflow/example_dags/example_xcom.py
[2024-09-24T05:14:35.470+0000] {processor.py:829} INFO - Processing file /home/airflow/.local/lib/python3.8/site-packages/airflow/example_dags/example_xcom.py for tasks to queue
[2024-09-24T05:14:35.473+0000] {logging_mixin.py:151} INFO - [2024-09-24T05:14:35.473+0000] {dagbag.py:539} INFO - Filling up the DagBag from /home/airflow/.local/lib/python3.8/site-packages/airflow/example_dags/example_xcom.py
[2024-09-24T05:14:35.482+0000] {processor.py:839} INFO - DAG(s) dict_keys(['example_xcom']) retrieved from /home/airflow/.local/lib/python3.8/site-packages/airflow/example_dags/example_xcom.py
[2024-09-24T05:14:35.508+0000] {logging_mixin.py:151} INFO - [2024-09-24T05:14:35.508+0000] {dag.py:2907} INFO - Sync 1 DAGs
[2024-09-24T05:14:35.532+0000] {logging_mixin.py:151} INFO - [2024-09-24T05:14:35.531+0000] {dag.py:3677} INFO - Setting next_dagrun for example_xcom to 2021-01-01T00:00:00+00:00, run_after=2021-01-01T00:00:00+00:00
[2024-09-24T05:14:35.567+0000] {processor.py:179} INFO - Processing /home/airflow/.local/lib/python3.8/site-packages/airflow/example_dags/example_xcom.py took 0.105 seconds
[2024-09-24T05:15:06.000+0000] {processor.py:157} INFO - Started process (PID=1131) to work on /home/airflow/.local/lib/python3.8/site-packages/airflow/example_dags/example_xcom.py
[2024-09-24T05:15:06.001+0000] {processor.py:829} INFO - Processing file /home/airflow/.local/lib/python3.8/site-packages/airflow/example_dags/example_xcom.py for tasks to queue
[2024-09-24T05:15:06.004+0000] {logging_mixin.py:151} INFO - [2024-09-24T05:15:06.003+0000] {dagbag.py:539} INFO - Filling up the DagBag from /home/airflow/.local/lib/python3.8/site-packages/airflow/example_dags/example_xcom.py
[2024-09-24T05:15:06.011+0000] {processor.py:839} INFO - DAG(s) dict_keys(['example_xcom']) retrieved from /home/airflow/.local/lib/python3.8/site-packages/airflow/example_dags/example_xcom.py
[2024-09-24T05:15:06.038+0000] {logging_mixin.py:151} INFO - [2024-09-24T05:15:06.037+0000] {dag.py:2907} INFO - Sync 1 DAGs
[2024-09-24T05:15:06.061+0000] {logging_mixin.py:151} INFO - [2024-09-24T05:15:06.061+0000] {dag.py:3677} INFO - Setting next_dagrun for example_xcom to 2021-01-01T00:00:00+00:00, run_after=2021-01-01T00:00:00+00:00
[2024-09-24T05:15:06.088+0000] {processor.py:179} INFO - Processing /home/airflow/.local/lib/python3.8/site-packages/airflow/example_dags/example_xcom.py took 0.092 seconds
