[2024-09-24T04:10:30.606+0000] {processor.py:157} INFO - Started process (PID=73) to work on /home/airflow/.local/lib/python3.8/site-packages/airflow/example_dags/example_branch_operator.py
[2024-09-24T04:10:30.611+0000] {processor.py:829} INFO - Processing file /home/airflow/.local/lib/python3.8/site-packages/airflow/example_dags/example_branch_operator.py for tasks to queue
[2024-09-24T04:10:30.618+0000] {logging_mixin.py:151} INFO - [2024-09-24T04:10:30.617+0000] {dagbag.py:539} INFO - Filling up the DagBag from /home/airflow/.local/lib/python3.8/site-packages/airflow/example_dags/example_branch_operator.py
[2024-09-24T04:10:30.709+0000] {processor.py:839} INFO - DAG(s) dict_keys(['example_branch_operator']) retrieved from /home/airflow/.local/lib/python3.8/site-packages/airflow/example_dags/example_branch_operator.py
[2024-09-24T04:10:30.955+0000] {logging_mixin.py:151} INFO - [2024-09-24T04:10:30.955+0000] {dag.py:2907} INFO - Sync 1 DAGs
[2024-09-24T04:10:31.001+0000] {logging_mixin.py:151} INFO - [2024-09-24T04:10:31.000+0000] {dag.py:3677} INFO - Setting next_dagrun for example_branch_operator to 2024-09-23T00:00:00+00:00, run_after=2024-09-24T00:00:00+00:00
[2024-09-24T04:10:32.207+0000] {logging_mixin.py:151} INFO - [2024-09-24T04:10:32.207+0000] {process_utils.py:259} INFO - Waiting up to 5 seconds for processes to exit...
[2024-09-24T04:10:32.209+0000] {logging_mixin.py:151} WARNING - Exception ignored in: <function WeakKeyDictionary.__init__.<locals>.remove at 0x7f3ed9829670>
[2024-09-24T04:10:32.210+0000] {logging_mixin.py:151} WARNING - Traceback (most recent call last):
[2024-09-24T04:10:32.210+0000] {logging_mixin.py:151} WARNING -   File "/usr/local/lib/python3.8/weakref.py", line 345, in remove
[2024-09-24T04:10:32.212+0000] {logging_mixin.py:151} WARNING -     def remove(k, selfref=ref(self)):
[2024-09-24T04:10:32.213+0000] {logging_mixin.py:151} WARNING -   File "/home/airflow/.local/lib/python3.8/site-packages/airflow/dag_processing/manager.py", line 471, in _exit_gracefully
[2024-09-24T04:10:32.215+0000] {logging_mixin.py:151} WARNING -     self.log.debug("Current Stacktrace is: %s", "\n".join(map(str, inspect.stack())))
[2024-09-24T04:10:32.216+0000] {logging_mixin.py:151} WARNING -   File "/usr/local/lib/python3.8/inspect.py", line 1526, in stack
[2024-09-24T04:10:32.220+0000] {logging_mixin.py:151} WARNING -     return getouterframes(sys._getframe(1), context)
[2024-09-24T04:10:32.221+0000] {logging_mixin.py:151} WARNING -   File "/usr/local/lib/python3.8/inspect.py", line 1503, in getouterframes
[2024-09-24T04:10:32.222+0000] {logging_mixin.py:151} WARNING -     frameinfo = (frame,) + getframeinfo(frame, context)
[2024-09-24T04:10:32.223+0000] {logging_mixin.py:151} WARNING -   File "/usr/local/lib/python3.8/inspect.py", line 1477, in getframeinfo
[2024-09-24T04:10:32.224+0000] {logging_mixin.py:151} WARNING -     lines, lnum = findsource(frame)
[2024-09-24T04:10:32.224+0000] {logging_mixin.py:151} WARNING -   File "/usr/local/lib/python3.8/inspect.py", line 792, in findsource
[2024-09-24T04:10:32.225+0000] {logging_mixin.py:151} WARNING -     module = getmodule(object, file)
[2024-09-24T04:10:32.226+0000] {logging_mixin.py:151} WARNING -   File "/usr/local/lib/python3.8/inspect.py", line 751, in getmodule
[2024-09-24T04:10:32.226+0000] {logging_mixin.py:151} WARNING -     f = getabsfile(module)
[2024-09-24T04:10:32.227+0000] {logging_mixin.py:151} WARNING -   File "/usr/local/lib/python3.8/inspect.py", line 720, in getabsfile
[2024-09-24T04:10:32.228+0000] {logging_mixin.py:151} WARNING -     _filename = getsourcefile(object) or getfile(object)
[2024-09-24T04:10:32.228+0000] {logging_mixin.py:151} WARNING -   File "/usr/local/lib/python3.8/inspect.py", line 705, in getsourcefile
[2024-09-24T04:10:32.229+0000] {logging_mixin.py:151} WARNING -     if os.path.exists(filename):
[2024-09-24T04:10:32.230+0000] {logging_mixin.py:151} WARNING -   File "/usr/local/lib/python3.8/genericpath.py", line 19, in exists
[2024-09-24T04:10:32.231+0000] {logging_mixin.py:151} WARNING -     os.stat(path)
[2024-09-24T04:10:32.232+0000] {logging_mixin.py:151} WARNING -   File "/home/airflow/.local/lib/python3.8/site-packages/airflow/dag_processing/manager.py", line 475, in _exit_gracefully
[2024-09-24T04:10:32.234+0000] {logging_mixin.py:151} WARNING -     sys.exit(os.EX_OK)
[2024-09-24T04:10:32.235+0000] {logging_mixin.py:151} WARNING - SystemExit: 0
[2024-09-24T04:10:32.287+0000] {logging_mixin.py:151} INFO - [2024-09-24T04:10:32.286+0000] {process_utils.py:259} INFO - Waiting up to 5 seconds for processes to exit...
[2024-09-24T05:05:51.386+0000] {processor.py:157} INFO - Started process (PID=110) to work on /home/airflow/.local/lib/python3.8/site-packages/airflow/example_dags/example_branch_operator.py
[2024-09-24T05:05:51.390+0000] {processor.py:829} INFO - Processing file /home/airflow/.local/lib/python3.8/site-packages/airflow/example_dags/example_branch_operator.py for tasks to queue
[2024-09-24T05:05:51.397+0000] {logging_mixin.py:151} INFO - [2024-09-24T05:05:51.396+0000] {dagbag.py:539} INFO - Filling up the DagBag from /home/airflow/.local/lib/python3.8/site-packages/airflow/example_dags/example_branch_operator.py
[2024-09-24T05:05:51.425+0000] {processor.py:839} INFO - DAG(s) dict_keys(['example_branch_operator']) retrieved from /home/airflow/.local/lib/python3.8/site-packages/airflow/example_dags/example_branch_operator.py
[2024-09-24T05:05:51.603+0000] {logging_mixin.py:151} INFO - [2024-09-24T05:05:51.602+0000] {dag.py:2907} INFO - Sync 1 DAGs
[2024-09-24T05:05:51.803+0000] {logging_mixin.py:151} INFO - [2024-09-24T05:05:51.802+0000] {dag.py:3677} INFO - Setting next_dagrun for example_branch_operator to 2024-09-23T00:00:00+00:00, run_after=2024-09-24T00:00:00+00:00
[2024-09-24T05:05:51.957+0000] {processor.py:179} INFO - Processing /home/airflow/.local/lib/python3.8/site-packages/airflow/example_dags/example_branch_operator.py took 0.580 seconds
[2024-09-24T05:06:22.785+0000] {processor.py:157} INFO - Started process (PID=159) to work on /home/airflow/.local/lib/python3.8/site-packages/airflow/example_dags/example_branch_operator.py
[2024-09-24T05:06:22.786+0000] {processor.py:829} INFO - Processing file /home/airflow/.local/lib/python3.8/site-packages/airflow/example_dags/example_branch_operator.py for tasks to queue
[2024-09-24T05:06:22.790+0000] {logging_mixin.py:151} INFO - [2024-09-24T05:06:22.790+0000] {dagbag.py:539} INFO - Filling up the DagBag from /home/airflow/.local/lib/python3.8/site-packages/airflow/example_dags/example_branch_operator.py
[2024-09-24T05:06:22.801+0000] {processor.py:839} INFO - DAG(s) dict_keys(['example_branch_operator']) retrieved from /home/airflow/.local/lib/python3.8/site-packages/airflow/example_dags/example_branch_operator.py
[2024-09-24T05:06:22.835+0000] {logging_mixin.py:151} INFO - [2024-09-24T05:06:22.835+0000] {dag.py:2907} INFO - Sync 1 DAGs
[2024-09-24T05:06:22.864+0000] {logging_mixin.py:151} INFO - [2024-09-24T05:06:22.863+0000] {dag.py:3677} INFO - Setting next_dagrun for example_branch_operator to 2024-09-23T00:00:00+00:00, run_after=2024-09-24T00:00:00+00:00
[2024-09-24T05:06:22.900+0000] {processor.py:179} INFO - Processing /home/airflow/.local/lib/python3.8/site-packages/airflow/example_dags/example_branch_operator.py took 0.120 seconds
[2024-09-24T05:06:53.415+0000] {processor.py:157} INFO - Started process (PID=222) to work on /home/airflow/.local/lib/python3.8/site-packages/airflow/example_dags/example_branch_operator.py
[2024-09-24T05:06:53.417+0000] {processor.py:829} INFO - Processing file /home/airflow/.local/lib/python3.8/site-packages/airflow/example_dags/example_branch_operator.py for tasks to queue
[2024-09-24T05:06:53.420+0000] {logging_mixin.py:151} INFO - [2024-09-24T05:06:53.419+0000] {dagbag.py:539} INFO - Filling up the DagBag from /home/airflow/.local/lib/python3.8/site-packages/airflow/example_dags/example_branch_operator.py
[2024-09-24T05:06:53.429+0000] {processor.py:839} INFO - DAG(s) dict_keys(['example_branch_operator']) retrieved from /home/airflow/.local/lib/python3.8/site-packages/airflow/example_dags/example_branch_operator.py
[2024-09-24T05:06:53.457+0000] {logging_mixin.py:151} INFO - [2024-09-24T05:06:53.456+0000] {dag.py:2907} INFO - Sync 1 DAGs
[2024-09-24T05:06:53.483+0000] {logging_mixin.py:151} INFO - [2024-09-24T05:06:53.482+0000] {dag.py:3677} INFO - Setting next_dagrun for example_branch_operator to 2024-09-23T00:00:00+00:00, run_after=2024-09-24T00:00:00+00:00
[2024-09-24T05:06:53.509+0000] {processor.py:179} INFO - Processing /home/airflow/.local/lib/python3.8/site-packages/airflow/example_dags/example_branch_operator.py took 0.097 seconds
[2024-09-24T05:07:23.937+0000] {processor.py:157} INFO - Started process (PID=278) to work on /home/airflow/.local/lib/python3.8/site-packages/airflow/example_dags/example_branch_operator.py
[2024-09-24T05:07:23.939+0000] {processor.py:829} INFO - Processing file /home/airflow/.local/lib/python3.8/site-packages/airflow/example_dags/example_branch_operator.py for tasks to queue
[2024-09-24T05:07:23.943+0000] {logging_mixin.py:151} INFO - [2024-09-24T05:07:23.942+0000] {dagbag.py:539} INFO - Filling up the DagBag from /home/airflow/.local/lib/python3.8/site-packages/airflow/example_dags/example_branch_operator.py
[2024-09-24T05:07:23.953+0000] {processor.py:839} INFO - DAG(s) dict_keys(['example_branch_operator']) retrieved from /home/airflow/.local/lib/python3.8/site-packages/airflow/example_dags/example_branch_operator.py
[2024-09-24T05:07:23.981+0000] {logging_mixin.py:151} INFO - [2024-09-24T05:07:23.981+0000] {dag.py:2907} INFO - Sync 1 DAGs
[2024-09-24T05:07:24.007+0000] {logging_mixin.py:151} INFO - [2024-09-24T05:07:24.007+0000] {dag.py:3677} INFO - Setting next_dagrun for example_branch_operator to 2024-09-23T00:00:00+00:00, run_after=2024-09-24T00:00:00+00:00
[2024-09-24T05:07:24.035+0000] {processor.py:179} INFO - Processing /home/airflow/.local/lib/python3.8/site-packages/airflow/example_dags/example_branch_operator.py took 0.101 seconds
[2024-09-24T05:07:54.464+0000] {processor.py:157} INFO - Started process (PID=334) to work on /home/airflow/.local/lib/python3.8/site-packages/airflow/example_dags/example_branch_operator.py
[2024-09-24T05:07:54.466+0000] {processor.py:829} INFO - Processing file /home/airflow/.local/lib/python3.8/site-packages/airflow/example_dags/example_branch_operator.py for tasks to queue
[2024-09-24T05:07:54.470+0000] {logging_mixin.py:151} INFO - [2024-09-24T05:07:54.470+0000] {dagbag.py:539} INFO - Filling up the DagBag from /home/airflow/.local/lib/python3.8/site-packages/airflow/example_dags/example_branch_operator.py
[2024-09-24T05:07:54.480+0000] {processor.py:839} INFO - DAG(s) dict_keys(['example_branch_operator']) retrieved from /home/airflow/.local/lib/python3.8/site-packages/airflow/example_dags/example_branch_operator.py
[2024-09-24T05:07:54.511+0000] {logging_mixin.py:151} INFO - [2024-09-24T05:07:54.510+0000] {dag.py:2907} INFO - Sync 1 DAGs
[2024-09-24T05:07:54.542+0000] {logging_mixin.py:151} INFO - [2024-09-24T05:07:54.542+0000] {dag.py:3677} INFO - Setting next_dagrun for example_branch_operator to 2024-09-23T00:00:00+00:00, run_after=2024-09-24T00:00:00+00:00
[2024-09-24T05:07:54.571+0000] {processor.py:179} INFO - Processing /home/airflow/.local/lib/python3.8/site-packages/airflow/example_dags/example_branch_operator.py took 0.110 seconds
[2024-09-24T05:08:24.859+0000] {processor.py:157} INFO - Started process (PID=390) to work on /home/airflow/.local/lib/python3.8/site-packages/airflow/example_dags/example_branch_operator.py
[2024-09-24T05:08:24.860+0000] {processor.py:829} INFO - Processing file /home/airflow/.local/lib/python3.8/site-packages/airflow/example_dags/example_branch_operator.py for tasks to queue
[2024-09-24T05:08:24.864+0000] {logging_mixin.py:151} INFO - [2024-09-24T05:08:24.863+0000] {dagbag.py:539} INFO - Filling up the DagBag from /home/airflow/.local/lib/python3.8/site-packages/airflow/example_dags/example_branch_operator.py
[2024-09-24T05:08:24.873+0000] {processor.py:839} INFO - DAG(s) dict_keys(['example_branch_operator']) retrieved from /home/airflow/.local/lib/python3.8/site-packages/airflow/example_dags/example_branch_operator.py
[2024-09-24T05:08:24.900+0000] {logging_mixin.py:151} INFO - [2024-09-24T05:08:24.900+0000] {dag.py:2907} INFO - Sync 1 DAGs
[2024-09-24T05:08:24.925+0000] {logging_mixin.py:151} INFO - [2024-09-24T05:08:24.925+0000] {dag.py:3677} INFO - Setting next_dagrun for example_branch_operator to 2024-09-23T00:00:00+00:00, run_after=2024-09-24T00:00:00+00:00
[2024-09-24T05:08:24.955+0000] {processor.py:179} INFO - Processing /home/airflow/.local/lib/python3.8/site-packages/airflow/example_dags/example_branch_operator.py took 0.100 seconds
[2024-09-24T05:08:55.254+0000] {processor.py:157} INFO - Started process (PID=446) to work on /home/airflow/.local/lib/python3.8/site-packages/airflow/example_dags/example_branch_operator.py
[2024-09-24T05:08:55.256+0000] {processor.py:829} INFO - Processing file /home/airflow/.local/lib/python3.8/site-packages/airflow/example_dags/example_branch_operator.py for tasks to queue
[2024-09-24T05:08:55.260+0000] {logging_mixin.py:151} INFO - [2024-09-24T05:08:55.259+0000] {dagbag.py:539} INFO - Filling up the DagBag from /home/airflow/.local/lib/python3.8/site-packages/airflow/example_dags/example_branch_operator.py
[2024-09-24T05:08:55.277+0000] {processor.py:839} INFO - DAG(s) dict_keys(['example_branch_operator']) retrieved from /home/airflow/.local/lib/python3.8/site-packages/airflow/example_dags/example_branch_operator.py
[2024-09-24T05:08:55.337+0000] {logging_mixin.py:151} INFO - [2024-09-24T05:08:55.337+0000] {dag.py:2907} INFO - Sync 1 DAGs
[2024-09-24T05:08:55.414+0000] {logging_mixin.py:151} INFO - [2024-09-24T05:08:55.413+0000] {dag.py:3677} INFO - Setting next_dagrun for example_branch_operator to 2024-09-23T00:00:00+00:00, run_after=2024-09-24T00:00:00+00:00
[2024-09-24T05:08:55.468+0000] {processor.py:179} INFO - Processing /home/airflow/.local/lib/python3.8/site-packages/airflow/example_dags/example_branch_operator.py took 0.220 seconds
[2024-09-24T05:09:25.580+0000] {processor.py:157} INFO - Started process (PID=501) to work on /home/airflow/.local/lib/python3.8/site-packages/airflow/example_dags/example_branch_operator.py
[2024-09-24T05:09:25.581+0000] {processor.py:829} INFO - Processing file /home/airflow/.local/lib/python3.8/site-packages/airflow/example_dags/example_branch_operator.py for tasks to queue
[2024-09-24T05:09:25.584+0000] {logging_mixin.py:151} INFO - [2024-09-24T05:09:25.584+0000] {dagbag.py:539} INFO - Filling up the DagBag from /home/airflow/.local/lib/python3.8/site-packages/airflow/example_dags/example_branch_operator.py
[2024-09-24T05:09:25.595+0000] {processor.py:839} INFO - DAG(s) dict_keys(['example_branch_operator']) retrieved from /home/airflow/.local/lib/python3.8/site-packages/airflow/example_dags/example_branch_operator.py
[2024-09-24T05:09:25.623+0000] {logging_mixin.py:151} INFO - [2024-09-24T05:09:25.623+0000] {dag.py:2907} INFO - Sync 1 DAGs
[2024-09-24T05:09:25.650+0000] {logging_mixin.py:151} INFO - [2024-09-24T05:09:25.650+0000] {dag.py:3677} INFO - Setting next_dagrun for example_branch_operator to 2024-09-23T00:00:00+00:00, run_after=2024-09-24T00:00:00+00:00
[2024-09-24T05:09:25.680+0000] {processor.py:179} INFO - Processing /home/airflow/.local/lib/python3.8/site-packages/airflow/example_dags/example_branch_operator.py took 0.104 seconds
[2024-09-24T05:09:56.458+0000] {processor.py:157} INFO - Started process (PID=557) to work on /home/airflow/.local/lib/python3.8/site-packages/airflow/example_dags/example_branch_operator.py
[2024-09-24T05:09:56.460+0000] {processor.py:829} INFO - Processing file /home/airflow/.local/lib/python3.8/site-packages/airflow/example_dags/example_branch_operator.py for tasks to queue
[2024-09-24T05:09:56.463+0000] {logging_mixin.py:151} INFO - [2024-09-24T05:09:56.462+0000] {dagbag.py:539} INFO - Filling up the DagBag from /home/airflow/.local/lib/python3.8/site-packages/airflow/example_dags/example_branch_operator.py
[2024-09-24T05:09:56.476+0000] {processor.py:839} INFO - DAG(s) dict_keys(['example_branch_operator']) retrieved from /home/airflow/.local/lib/python3.8/site-packages/airflow/example_dags/example_branch_operator.py
[2024-09-24T05:09:56.504+0000] {logging_mixin.py:151} INFO - [2024-09-24T05:09:56.504+0000] {dag.py:2907} INFO - Sync 1 DAGs
[2024-09-24T05:09:56.530+0000] {logging_mixin.py:151} INFO - [2024-09-24T05:09:56.530+0000] {dag.py:3677} INFO - Setting next_dagrun for example_branch_operator to 2024-09-23T00:00:00+00:00, run_after=2024-09-24T00:00:00+00:00
[2024-09-24T05:09:56.560+0000] {processor.py:179} INFO - Processing /home/airflow/.local/lib/python3.8/site-packages/airflow/example_dags/example_branch_operator.py took 0.106 seconds
[2024-09-24T05:10:27.322+0000] {processor.py:157} INFO - Started process (PID=613) to work on /home/airflow/.local/lib/python3.8/site-packages/airflow/example_dags/example_branch_operator.py
[2024-09-24T05:10:27.324+0000] {processor.py:829} INFO - Processing file /home/airflow/.local/lib/python3.8/site-packages/airflow/example_dags/example_branch_operator.py for tasks to queue
[2024-09-24T05:10:27.327+0000] {logging_mixin.py:151} INFO - [2024-09-24T05:10:27.327+0000] {dagbag.py:539} INFO - Filling up the DagBag from /home/airflow/.local/lib/python3.8/site-packages/airflow/example_dags/example_branch_operator.py
[2024-09-24T05:10:27.343+0000] {processor.py:839} INFO - DAG(s) dict_keys(['example_branch_operator']) retrieved from /home/airflow/.local/lib/python3.8/site-packages/airflow/example_dags/example_branch_operator.py
[2024-09-24T05:10:27.375+0000] {logging_mixin.py:151} INFO - [2024-09-24T05:10:27.375+0000] {dag.py:2907} INFO - Sync 1 DAGs
[2024-09-24T05:10:27.413+0000] {logging_mixin.py:151} INFO - [2024-09-24T05:10:27.413+0000] {dag.py:3677} INFO - Setting next_dagrun for example_branch_operator to 2024-09-23T00:00:00+00:00, run_after=2024-09-24T00:00:00+00:00
[2024-09-24T05:10:27.446+0000] {processor.py:179} INFO - Processing /home/airflow/.local/lib/python3.8/site-packages/airflow/example_dags/example_branch_operator.py took 0.129 seconds
[2024-09-24T05:10:57.884+0000] {processor.py:157} INFO - Started process (PID=669) to work on /home/airflow/.local/lib/python3.8/site-packages/airflow/example_dags/example_branch_operator.py
[2024-09-24T05:10:57.886+0000] {processor.py:829} INFO - Processing file /home/airflow/.local/lib/python3.8/site-packages/airflow/example_dags/example_branch_operator.py for tasks to queue
[2024-09-24T05:10:57.890+0000] {logging_mixin.py:151} INFO - [2024-09-24T05:10:57.890+0000] {dagbag.py:539} INFO - Filling up the DagBag from /home/airflow/.local/lib/python3.8/site-packages/airflow/example_dags/example_branch_operator.py
[2024-09-24T05:10:57.903+0000] {processor.py:839} INFO - DAG(s) dict_keys(['example_branch_operator']) retrieved from /home/airflow/.local/lib/python3.8/site-packages/airflow/example_dags/example_branch_operator.py
[2024-09-24T05:10:57.944+0000] {logging_mixin.py:151} INFO - [2024-09-24T05:10:57.943+0000] {dag.py:2907} INFO - Sync 1 DAGs
[2024-09-24T05:10:57.983+0000] {logging_mixin.py:151} INFO - [2024-09-24T05:10:57.983+0000] {dag.py:3677} INFO - Setting next_dagrun for example_branch_operator to 2024-09-23T00:00:00+00:00, run_after=2024-09-24T00:00:00+00:00
[2024-09-24T05:10:58.020+0000] {processor.py:179} INFO - Processing /home/airflow/.local/lib/python3.8/site-packages/airflow/example_dags/example_branch_operator.py took 0.140 seconds
[2024-09-24T05:11:28.083+0000] {processor.py:157} INFO - Started process (PID=725) to work on /home/airflow/.local/lib/python3.8/site-packages/airflow/example_dags/example_branch_operator.py
[2024-09-24T05:11:28.085+0000] {processor.py:829} INFO - Processing file /home/airflow/.local/lib/python3.8/site-packages/airflow/example_dags/example_branch_operator.py for tasks to queue
[2024-09-24T05:11:28.088+0000] {logging_mixin.py:151} INFO - [2024-09-24T05:11:28.088+0000] {dagbag.py:539} INFO - Filling up the DagBag from /home/airflow/.local/lib/python3.8/site-packages/airflow/example_dags/example_branch_operator.py
[2024-09-24T05:11:28.098+0000] {processor.py:839} INFO - DAG(s) dict_keys(['example_branch_operator']) retrieved from /home/airflow/.local/lib/python3.8/site-packages/airflow/example_dags/example_branch_operator.py
[2024-09-24T05:11:28.128+0000] {logging_mixin.py:151} INFO - [2024-09-24T05:11:28.128+0000] {dag.py:2907} INFO - Sync 1 DAGs
[2024-09-24T05:11:28.155+0000] {logging_mixin.py:151} INFO - [2024-09-24T05:11:28.154+0000] {dag.py:3677} INFO - Setting next_dagrun for example_branch_operator to 2024-09-23T00:00:00+00:00, run_after=2024-09-24T00:00:00+00:00
[2024-09-24T05:11:28.185+0000] {processor.py:179} INFO - Processing /home/airflow/.local/lib/python3.8/site-packages/airflow/example_dags/example_branch_operator.py took 0.105 seconds
[2024-09-24T05:11:59.049+0000] {processor.py:157} INFO - Started process (PID=781) to work on /home/airflow/.local/lib/python3.8/site-packages/airflow/example_dags/example_branch_operator.py
[2024-09-24T05:11:59.052+0000] {processor.py:829} INFO - Processing file /home/airflow/.local/lib/python3.8/site-packages/airflow/example_dags/example_branch_operator.py for tasks to queue
[2024-09-24T05:11:59.059+0000] {logging_mixin.py:151} INFO - [2024-09-24T05:11:59.058+0000] {dagbag.py:539} INFO - Filling up the DagBag from /home/airflow/.local/lib/python3.8/site-packages/airflow/example_dags/example_branch_operator.py
[2024-09-24T05:11:59.078+0000] {processor.py:839} INFO - DAG(s) dict_keys(['example_branch_operator']) retrieved from /home/airflow/.local/lib/python3.8/site-packages/airflow/example_dags/example_branch_operator.py
[2024-09-24T05:11:59.146+0000] {logging_mixin.py:151} INFO - [2024-09-24T05:11:59.146+0000] {dag.py:2907} INFO - Sync 1 DAGs
[2024-09-24T05:11:59.190+0000] {logging_mixin.py:151} INFO - [2024-09-24T05:11:59.190+0000] {dag.py:3677} INFO - Setting next_dagrun for example_branch_operator to 2024-09-23T00:00:00+00:00, run_after=2024-09-24T00:00:00+00:00
[2024-09-24T05:11:59.247+0000] {processor.py:179} INFO - Processing /home/airflow/.local/lib/python3.8/site-packages/airflow/example_dags/example_branch_operator.py took 0.205 seconds
[2024-09-24T05:12:29.645+0000] {processor.py:157} INFO - Started process (PID=841) to work on /home/airflow/.local/lib/python3.8/site-packages/airflow/example_dags/example_branch_operator.py
[2024-09-24T05:12:29.647+0000] {processor.py:829} INFO - Processing file /home/airflow/.local/lib/python3.8/site-packages/airflow/example_dags/example_branch_operator.py for tasks to queue
[2024-09-24T05:12:29.651+0000] {logging_mixin.py:151} INFO - [2024-09-24T05:12:29.650+0000] {dagbag.py:539} INFO - Filling up the DagBag from /home/airflow/.local/lib/python3.8/site-packages/airflow/example_dags/example_branch_operator.py
[2024-09-24T05:12:29.680+0000] {processor.py:839} INFO - DAG(s) dict_keys(['example_branch_operator']) retrieved from /home/airflow/.local/lib/python3.8/site-packages/airflow/example_dags/example_branch_operator.py
[2024-09-24T05:12:29.722+0000] {logging_mixin.py:151} INFO - [2024-09-24T05:12:29.722+0000] {dag.py:2907} INFO - Sync 1 DAGs
[2024-09-24T05:12:29.750+0000] {logging_mixin.py:151} INFO - [2024-09-24T05:12:29.749+0000] {dag.py:3677} INFO - Setting next_dagrun for example_branch_operator to 2024-09-23T00:00:00+00:00, run_after=2024-09-24T00:00:00+00:00
[2024-09-24T05:12:29.784+0000] {processor.py:179} INFO - Processing /home/airflow/.local/lib/python3.8/site-packages/airflow/example_dags/example_branch_operator.py took 0.143 seconds
[2024-09-24T05:13:00.138+0000] {processor.py:157} INFO - Started process (PID=898) to work on /home/airflow/.local/lib/python3.8/site-packages/airflow/example_dags/example_branch_operator.py
[2024-09-24T05:13:00.139+0000] {processor.py:829} INFO - Processing file /home/airflow/.local/lib/python3.8/site-packages/airflow/example_dags/example_branch_operator.py for tasks to queue
[2024-09-24T05:13:00.143+0000] {logging_mixin.py:151} INFO - [2024-09-24T05:13:00.142+0000] {dagbag.py:539} INFO - Filling up the DagBag from /home/airflow/.local/lib/python3.8/site-packages/airflow/example_dags/example_branch_operator.py
[2024-09-24T05:13:00.154+0000] {processor.py:839} INFO - DAG(s) dict_keys(['example_branch_operator']) retrieved from /home/airflow/.local/lib/python3.8/site-packages/airflow/example_dags/example_branch_operator.py
[2024-09-24T05:13:00.181+0000] {logging_mixin.py:151} INFO - [2024-09-24T05:13:00.181+0000] {dag.py:2907} INFO - Sync 1 DAGs
[2024-09-24T05:13:00.207+0000] {logging_mixin.py:151} INFO - [2024-09-24T05:13:00.206+0000] {dag.py:3677} INFO - Setting next_dagrun for example_branch_operator to 2024-09-23T00:00:00+00:00, run_after=2024-09-24T00:00:00+00:00
[2024-09-24T05:13:00.234+0000] {processor.py:179} INFO - Processing /home/airflow/.local/lib/python3.8/site-packages/airflow/example_dags/example_branch_operator.py took 0.100 seconds
[2024-09-24T05:13:30.848+0000] {processor.py:157} INFO - Started process (PID=954) to work on /home/airflow/.local/lib/python3.8/site-packages/airflow/example_dags/example_branch_operator.py
[2024-09-24T05:13:30.849+0000] {processor.py:829} INFO - Processing file /home/airflow/.local/lib/python3.8/site-packages/airflow/example_dags/example_branch_operator.py for tasks to queue
[2024-09-24T05:13:30.853+0000] {logging_mixin.py:151} INFO - [2024-09-24T05:13:30.852+0000] {dagbag.py:539} INFO - Filling up the DagBag from /home/airflow/.local/lib/python3.8/site-packages/airflow/example_dags/example_branch_operator.py
[2024-09-24T05:13:30.864+0000] {processor.py:839} INFO - DAG(s) dict_keys(['example_branch_operator']) retrieved from /home/airflow/.local/lib/python3.8/site-packages/airflow/example_dags/example_branch_operator.py
[2024-09-24T05:13:30.892+0000] {logging_mixin.py:151} INFO - [2024-09-24T05:13:30.892+0000] {dag.py:2907} INFO - Sync 1 DAGs
[2024-09-24T05:13:30.924+0000] {logging_mixin.py:151} INFO - [2024-09-24T05:13:30.924+0000] {dag.py:3677} INFO - Setting next_dagrun for example_branch_operator to 2024-09-23T00:00:00+00:00, run_after=2024-09-24T00:00:00+00:00
[2024-09-24T05:13:30.953+0000] {processor.py:179} INFO - Processing /home/airflow/.local/lib/python3.8/site-packages/airflow/example_dags/example_branch_operator.py took 0.109 seconds
[2024-09-24T05:14:01.512+0000] {processor.py:157} INFO - Started process (PID=1010) to work on /home/airflow/.local/lib/python3.8/site-packages/airflow/example_dags/example_branch_operator.py
[2024-09-24T05:14:01.514+0000] {processor.py:829} INFO - Processing file /home/airflow/.local/lib/python3.8/site-packages/airflow/example_dags/example_branch_operator.py for tasks to queue
[2024-09-24T05:14:01.518+0000] {logging_mixin.py:151} INFO - [2024-09-24T05:14:01.517+0000] {dagbag.py:539} INFO - Filling up the DagBag from /home/airflow/.local/lib/python3.8/site-packages/airflow/example_dags/example_branch_operator.py
[2024-09-24T05:14:01.528+0000] {processor.py:839} INFO - DAG(s) dict_keys(['example_branch_operator']) retrieved from /home/airflow/.local/lib/python3.8/site-packages/airflow/example_dags/example_branch_operator.py
[2024-09-24T05:14:01.556+0000] {logging_mixin.py:151} INFO - [2024-09-24T05:14:01.556+0000] {dag.py:2907} INFO - Sync 1 DAGs
[2024-09-24T05:14:01.585+0000] {logging_mixin.py:151} INFO - [2024-09-24T05:14:01.584+0000] {dag.py:3677} INFO - Setting next_dagrun for example_branch_operator to 2024-09-23T00:00:00+00:00, run_after=2024-09-24T00:00:00+00:00
[2024-09-24T05:14:01.619+0000] {processor.py:179} INFO - Processing /home/airflow/.local/lib/python3.8/site-packages/airflow/example_dags/example_branch_operator.py took 0.110 seconds
[2024-09-24T05:14:31.817+0000] {processor.py:157} INFO - Started process (PID=1066) to work on /home/airflow/.local/lib/python3.8/site-packages/airflow/example_dags/example_branch_operator.py
[2024-09-24T05:14:31.820+0000] {processor.py:829} INFO - Processing file /home/airflow/.local/lib/python3.8/site-packages/airflow/example_dags/example_branch_operator.py for tasks to queue
[2024-09-24T05:14:31.824+0000] {logging_mixin.py:151} INFO - [2024-09-24T05:14:31.823+0000] {dagbag.py:539} INFO - Filling up the DagBag from /home/airflow/.local/lib/python3.8/site-packages/airflow/example_dags/example_branch_operator.py
[2024-09-24T05:14:31.835+0000] {processor.py:839} INFO - DAG(s) dict_keys(['example_branch_operator']) retrieved from /home/airflow/.local/lib/python3.8/site-packages/airflow/example_dags/example_branch_operator.py
[2024-09-24T05:14:31.861+0000] {logging_mixin.py:151} INFO - [2024-09-24T05:14:31.861+0000] {dag.py:2907} INFO - Sync 1 DAGs
[2024-09-24T05:14:31.889+0000] {logging_mixin.py:151} INFO - [2024-09-24T05:14:31.889+0000] {dag.py:3677} INFO - Setting next_dagrun for example_branch_operator to 2024-09-23T00:00:00+00:00, run_after=2024-09-24T00:00:00+00:00
[2024-09-24T05:14:31.921+0000] {processor.py:179} INFO - Processing /home/airflow/.local/lib/python3.8/site-packages/airflow/example_dags/example_branch_operator.py took 0.109 seconds
[2024-09-24T05:15:02.366+0000] {processor.py:157} INFO - Started process (PID=1122) to work on /home/airflow/.local/lib/python3.8/site-packages/airflow/example_dags/example_branch_operator.py
[2024-09-24T05:15:02.368+0000] {processor.py:829} INFO - Processing file /home/airflow/.local/lib/python3.8/site-packages/airflow/example_dags/example_branch_operator.py for tasks to queue
[2024-09-24T05:15:02.373+0000] {logging_mixin.py:151} INFO - [2024-09-24T05:15:02.372+0000] {dagbag.py:539} INFO - Filling up the DagBag from /home/airflow/.local/lib/python3.8/site-packages/airflow/example_dags/example_branch_operator.py
[2024-09-24T05:15:02.389+0000] {processor.py:839} INFO - DAG(s) dict_keys(['example_branch_operator']) retrieved from /home/airflow/.local/lib/python3.8/site-packages/airflow/example_dags/example_branch_operator.py
[2024-09-24T05:15:02.425+0000] {logging_mixin.py:151} INFO - [2024-09-24T05:15:02.424+0000] {dag.py:2907} INFO - Sync 1 DAGs
[2024-09-24T05:15:02.459+0000] {logging_mixin.py:151} INFO - [2024-09-24T05:15:02.458+0000] {dag.py:3677} INFO - Setting next_dagrun for example_branch_operator to 2024-09-23T00:00:00+00:00, run_after=2024-09-24T00:00:00+00:00
[2024-09-24T05:15:02.488+0000] {processor.py:179} INFO - Processing /home/airflow/.local/lib/python3.8/site-packages/airflow/example_dags/example_branch_operator.py took 0.127 seconds
