[2024-09-24T05:05:56.757+0000] {processor.py:157} INFO - Started process (PID=129) to work on /home/airflow/.local/lib/python3.8/site-packages/airflow/example_dags/example_trigger_controller_dag.py
[2024-09-24T05:05:56.759+0000] {processor.py:829} INFO - Processing file /home/airflow/.local/lib/python3.8/site-packages/airflow/example_dags/example_trigger_controller_dag.py for tasks to queue
[2024-09-24T05:05:56.763+0000] {logging_mixin.py:151} INFO - [2024-09-24T05:05:56.762+0000] {dagbag.py:539} INFO - Filling up the DagBag from /home/airflow/.local/lib/python3.8/site-packages/airflow/example_dags/example_trigger_controller_dag.py
[2024-09-24T05:05:56.771+0000] {processor.py:839} INFO - DAG(s) dict_keys(['example_trigger_controller_dag']) retrieved from /home/airflow/.local/lib/python3.8/site-packages/airflow/example_dags/example_trigger_controller_dag.py
[2024-09-24T05:05:56.805+0000] {logging_mixin.py:151} INFO - [2024-09-24T05:05:56.805+0000] {dag.py:2907} INFO - Sync 1 DAGs
[2024-09-24T05:05:56.845+0000] {logging_mixin.py:151} INFO - [2024-09-24T05:05:56.845+0000] {dag.py:3677} INFO - Setting next_dagrun for example_trigger_controller_dag to 2021-01-01T00:00:00+00:00, run_after=2021-01-01T00:00:00+00:00
[2024-09-24T05:05:56.887+0000] {processor.py:179} INFO - Processing /home/airflow/.local/lib/python3.8/site-packages/airflow/example_dags/example_trigger_controller_dag.py took 0.135 seconds
[2024-09-24T05:06:27.121+0000] {processor.py:157} INFO - Started process (PID=185) to work on /home/airflow/.local/lib/python3.8/site-packages/airflow/example_dags/example_trigger_controller_dag.py
[2024-09-24T05:06:27.123+0000] {processor.py:829} INFO - Processing file /home/airflow/.local/lib/python3.8/site-packages/airflow/example_dags/example_trigger_controller_dag.py for tasks to queue
[2024-09-24T05:06:27.125+0000] {logging_mixin.py:151} INFO - [2024-09-24T05:06:27.125+0000] {dagbag.py:539} INFO - Filling up the DagBag from /home/airflow/.local/lib/python3.8/site-packages/airflow/example_dags/example_trigger_controller_dag.py
[2024-09-24T05:06:27.131+0000] {processor.py:839} INFO - DAG(s) dict_keys(['example_trigger_controller_dag']) retrieved from /home/airflow/.local/lib/python3.8/site-packages/airflow/example_dags/example_trigger_controller_dag.py
[2024-09-24T05:06:27.156+0000] {logging_mixin.py:151} INFO - [2024-09-24T05:06:27.156+0000] {dag.py:2907} INFO - Sync 1 DAGs
[2024-09-24T05:06:27.179+0000] {logging_mixin.py:151} INFO - [2024-09-24T05:06:27.179+0000] {dag.py:3677} INFO - Setting next_dagrun for example_trigger_controller_dag to 2021-01-01T00:00:00+00:00, run_after=2021-01-01T00:00:00+00:00
[2024-09-24T05:06:27.203+0000] {processor.py:179} INFO - Processing /home/airflow/.local/lib/python3.8/site-packages/airflow/example_dags/example_trigger_controller_dag.py took 0.085 seconds
[2024-09-24T05:06:57.804+0000] {processor.py:157} INFO - Started process (PID=241) to work on /home/airflow/.local/lib/python3.8/site-packages/airflow/example_dags/example_trigger_controller_dag.py
[2024-09-24T05:06:57.806+0000] {processor.py:829} INFO - Processing file /home/airflow/.local/lib/python3.8/site-packages/airflow/example_dags/example_trigger_controller_dag.py for tasks to queue
[2024-09-24T05:06:57.808+0000] {logging_mixin.py:151} INFO - [2024-09-24T05:06:57.808+0000] {dagbag.py:539} INFO - Filling up the DagBag from /home/airflow/.local/lib/python3.8/site-packages/airflow/example_dags/example_trigger_controller_dag.py
[2024-09-24T05:06:57.813+0000] {processor.py:839} INFO - DAG(s) dict_keys(['example_trigger_controller_dag']) retrieved from /home/airflow/.local/lib/python3.8/site-packages/airflow/example_dags/example_trigger_controller_dag.py
[2024-09-24T05:06:57.838+0000] {logging_mixin.py:151} INFO - [2024-09-24T05:06:57.838+0000] {dag.py:2907} INFO - Sync 1 DAGs
[2024-09-24T05:06:57.865+0000] {logging_mixin.py:151} INFO - [2024-09-24T05:06:57.865+0000] {dag.py:3677} INFO - Setting next_dagrun for example_trigger_controller_dag to 2021-01-01T00:00:00+00:00, run_after=2021-01-01T00:00:00+00:00
[2024-09-24T05:06:57.895+0000] {processor.py:179} INFO - Processing /home/airflow/.local/lib/python3.8/site-packages/airflow/example_dags/example_trigger_controller_dag.py took 0.093 seconds
[2024-09-24T05:07:28.157+0000] {processor.py:157} INFO - Started process (PID=297) to work on /home/airflow/.local/lib/python3.8/site-packages/airflow/example_dags/example_trigger_controller_dag.py
[2024-09-24T05:07:28.159+0000] {processor.py:829} INFO - Processing file /home/airflow/.local/lib/python3.8/site-packages/airflow/example_dags/example_trigger_controller_dag.py for tasks to queue
[2024-09-24T05:07:28.162+0000] {logging_mixin.py:151} INFO - [2024-09-24T05:07:28.162+0000] {dagbag.py:539} INFO - Filling up the DagBag from /home/airflow/.local/lib/python3.8/site-packages/airflow/example_dags/example_trigger_controller_dag.py
[2024-09-24T05:07:28.167+0000] {processor.py:839} INFO - DAG(s) dict_keys(['example_trigger_controller_dag']) retrieved from /home/airflow/.local/lib/python3.8/site-packages/airflow/example_dags/example_trigger_controller_dag.py
[2024-09-24T05:07:28.191+0000] {logging_mixin.py:151} INFO - [2024-09-24T05:07:28.190+0000] {dag.py:2907} INFO - Sync 1 DAGs
[2024-09-24T05:07:28.218+0000] {logging_mixin.py:151} INFO - [2024-09-24T05:07:28.217+0000] {dag.py:3677} INFO - Setting next_dagrun for example_trigger_controller_dag to 2021-01-01T00:00:00+00:00, run_after=2021-01-01T00:00:00+00:00
[2024-09-24T05:07:28.245+0000] {processor.py:179} INFO - Processing /home/airflow/.local/lib/python3.8/site-packages/airflow/example_dags/example_trigger_controller_dag.py took 0.091 seconds
[2024-09-24T05:07:58.832+0000] {processor.py:157} INFO - Started process (PID=353) to work on /home/airflow/.local/lib/python3.8/site-packages/airflow/example_dags/example_trigger_controller_dag.py
[2024-09-24T05:07:58.833+0000] {processor.py:829} INFO - Processing file /home/airflow/.local/lib/python3.8/site-packages/airflow/example_dags/example_trigger_controller_dag.py for tasks to queue
[2024-09-24T05:07:58.836+0000] {logging_mixin.py:151} INFO - [2024-09-24T05:07:58.836+0000] {dagbag.py:539} INFO - Filling up the DagBag from /home/airflow/.local/lib/python3.8/site-packages/airflow/example_dags/example_trigger_controller_dag.py
[2024-09-24T05:07:58.841+0000] {processor.py:839} INFO - DAG(s) dict_keys(['example_trigger_controller_dag']) retrieved from /home/airflow/.local/lib/python3.8/site-packages/airflow/example_dags/example_trigger_controller_dag.py
[2024-09-24T05:07:58.865+0000] {logging_mixin.py:151} INFO - [2024-09-24T05:07:58.865+0000] {dag.py:2907} INFO - Sync 1 DAGs
[2024-09-24T05:07:58.896+0000] {logging_mixin.py:151} INFO - [2024-09-24T05:07:58.895+0000] {dag.py:3677} INFO - Setting next_dagrun for example_trigger_controller_dag to 2021-01-01T00:00:00+00:00, run_after=2021-01-01T00:00:00+00:00
[2024-09-24T05:07:58.932+0000] {processor.py:179} INFO - Processing /home/airflow/.local/lib/python3.8/site-packages/airflow/example_dags/example_trigger_controller_dag.py took 0.104 seconds
[2024-09-24T05:08:29.251+0000] {processor.py:157} INFO - Started process (PID=410) to work on /home/airflow/.local/lib/python3.8/site-packages/airflow/example_dags/example_trigger_controller_dag.py
[2024-09-24T05:08:29.252+0000] {processor.py:829} INFO - Processing file /home/airflow/.local/lib/python3.8/site-packages/airflow/example_dags/example_trigger_controller_dag.py for tasks to queue
[2024-09-24T05:08:29.255+0000] {logging_mixin.py:151} INFO - [2024-09-24T05:08:29.254+0000] {dagbag.py:539} INFO - Filling up the DagBag from /home/airflow/.local/lib/python3.8/site-packages/airflow/example_dags/example_trigger_controller_dag.py
[2024-09-24T05:08:29.259+0000] {processor.py:839} INFO - DAG(s) dict_keys(['example_trigger_controller_dag']) retrieved from /home/airflow/.local/lib/python3.8/site-packages/airflow/example_dags/example_trigger_controller_dag.py
[2024-09-24T05:08:29.285+0000] {logging_mixin.py:151} INFO - [2024-09-24T05:08:29.285+0000] {dag.py:2907} INFO - Sync 1 DAGs
[2024-09-24T05:08:29.310+0000] {logging_mixin.py:151} INFO - [2024-09-24T05:08:29.310+0000] {dag.py:3677} INFO - Setting next_dagrun for example_trigger_controller_dag to 2021-01-01T00:00:00+00:00, run_after=2021-01-01T00:00:00+00:00
[2024-09-24T05:08:29.338+0000] {processor.py:179} INFO - Processing /home/airflow/.local/lib/python3.8/site-packages/airflow/example_dags/example_trigger_controller_dag.py took 0.090 seconds
[2024-09-24T05:08:59.796+0000] {processor.py:157} INFO - Started process (PID=467) to work on /home/airflow/.local/lib/python3.8/site-packages/airflow/example_dags/example_trigger_controller_dag.py
[2024-09-24T05:08:59.799+0000] {processor.py:829} INFO - Processing file /home/airflow/.local/lib/python3.8/site-packages/airflow/example_dags/example_trigger_controller_dag.py for tasks to queue
[2024-09-24T05:08:59.803+0000] {logging_mixin.py:151} INFO - [2024-09-24T05:08:59.803+0000] {dagbag.py:539} INFO - Filling up the DagBag from /home/airflow/.local/lib/python3.8/site-packages/airflow/example_dags/example_trigger_controller_dag.py
[2024-09-24T05:08:59.810+0000] {processor.py:839} INFO - DAG(s) dict_keys(['example_trigger_controller_dag']) retrieved from /home/airflow/.local/lib/python3.8/site-packages/airflow/example_dags/example_trigger_controller_dag.py
[2024-09-24T05:08:59.839+0000] {logging_mixin.py:151} INFO - [2024-09-24T05:08:59.839+0000] {dag.py:2907} INFO - Sync 1 DAGs
[2024-09-24T05:08:59.868+0000] {logging_mixin.py:151} INFO - [2024-09-24T05:08:59.868+0000] {dag.py:3677} INFO - Setting next_dagrun for example_trigger_controller_dag to 2021-01-01T00:00:00+00:00, run_after=2021-01-01T00:00:00+00:00
[2024-09-24T05:08:59.902+0000] {processor.py:179} INFO - Processing /home/airflow/.local/lib/python3.8/site-packages/airflow/example_dags/example_trigger_controller_dag.py took 0.112 seconds
[2024-09-24T05:09:31.489+0000] {processor.py:157} INFO - Started process (PID=521) to work on /home/airflow/.local/lib/python3.8/site-packages/airflow/example_dags/example_trigger_controller_dag.py
[2024-09-24T05:09:31.492+0000] {processor.py:829} INFO - Processing file /home/airflow/.local/lib/python3.8/site-packages/airflow/example_dags/example_trigger_controller_dag.py for tasks to queue
[2024-09-24T05:09:31.497+0000] {logging_mixin.py:151} INFO - [2024-09-24T05:09:31.496+0000] {dagbag.py:539} INFO - Filling up the DagBag from /home/airflow/.local/lib/python3.8/site-packages/airflow/example_dags/example_trigger_controller_dag.py
[2024-09-24T05:09:31.516+0000] {processor.py:839} INFO - DAG(s) dict_keys(['example_trigger_controller_dag']) retrieved from /home/airflow/.local/lib/python3.8/site-packages/airflow/example_dags/example_trigger_controller_dag.py
[2024-09-24T05:09:31.578+0000] {logging_mixin.py:151} INFO - [2024-09-24T05:09:31.577+0000] {dag.py:2907} INFO - Sync 1 DAGs
[2024-09-24T05:09:31.638+0000] {logging_mixin.py:151} INFO - [2024-09-24T05:09:31.637+0000] {dag.py:3677} INFO - Setting next_dagrun for example_trigger_controller_dag to 2021-01-01T00:00:00+00:00, run_after=2021-01-01T00:00:00+00:00
[2024-09-24T05:09:31.705+0000] {processor.py:179} INFO - Processing /home/airflow/.local/lib/python3.8/site-packages/airflow/example_dags/example_trigger_controller_dag.py took 0.225 seconds
[2024-09-24T05:10:02.100+0000] {processor.py:157} INFO - Started process (PID=577) to work on /home/airflow/.local/lib/python3.8/site-packages/airflow/example_dags/example_trigger_controller_dag.py
[2024-09-24T05:10:02.101+0000] {processor.py:829} INFO - Processing file /home/airflow/.local/lib/python3.8/site-packages/airflow/example_dags/example_trigger_controller_dag.py for tasks to queue
[2024-09-24T05:10:02.105+0000] {logging_mixin.py:151} INFO - [2024-09-24T05:10:02.104+0000] {dagbag.py:539} INFO - Filling up the DagBag from /home/airflow/.local/lib/python3.8/site-packages/airflow/example_dags/example_trigger_controller_dag.py
[2024-09-24T05:10:02.111+0000] {processor.py:839} INFO - DAG(s) dict_keys(['example_trigger_controller_dag']) retrieved from /home/airflow/.local/lib/python3.8/site-packages/airflow/example_dags/example_trigger_controller_dag.py
[2024-09-24T05:10:02.139+0000] {logging_mixin.py:151} INFO - [2024-09-24T05:10:02.139+0000] {dag.py:2907} INFO - Sync 1 DAGs
[2024-09-24T05:10:02.166+0000] {logging_mixin.py:151} INFO - [2024-09-24T05:10:02.165+0000] {dag.py:3677} INFO - Setting next_dagrun for example_trigger_controller_dag to 2021-01-01T00:00:00+00:00, run_after=2021-01-01T00:00:00+00:00
[2024-09-24T05:10:02.193+0000] {processor.py:179} INFO - Processing /home/airflow/.local/lib/python3.8/site-packages/airflow/example_dags/example_trigger_controller_dag.py took 0.097 seconds
[2024-09-24T05:10:32.873+0000] {processor.py:157} INFO - Started process (PID=633) to work on /home/airflow/.local/lib/python3.8/site-packages/airflow/example_dags/example_trigger_controller_dag.py
[2024-09-24T05:10:32.876+0000] {processor.py:829} INFO - Processing file /home/airflow/.local/lib/python3.8/site-packages/airflow/example_dags/example_trigger_controller_dag.py for tasks to queue
[2024-09-24T05:10:32.884+0000] {logging_mixin.py:151} INFO - [2024-09-24T05:10:32.883+0000] {dagbag.py:539} INFO - Filling up the DagBag from /home/airflow/.local/lib/python3.8/site-packages/airflow/example_dags/example_trigger_controller_dag.py
[2024-09-24T05:10:32.893+0000] {processor.py:839} INFO - DAG(s) dict_keys(['example_trigger_controller_dag']) retrieved from /home/airflow/.local/lib/python3.8/site-packages/airflow/example_dags/example_trigger_controller_dag.py
[2024-09-24T05:10:32.924+0000] {logging_mixin.py:151} INFO - [2024-09-24T05:10:32.923+0000] {dag.py:2907} INFO - Sync 1 DAGs
[2024-09-24T05:10:32.967+0000] {logging_mixin.py:151} INFO - [2024-09-24T05:10:32.966+0000] {dag.py:3677} INFO - Setting next_dagrun for example_trigger_controller_dag to 2021-01-01T00:00:00+00:00, run_after=2021-01-01T00:00:00+00:00
[2024-09-24T05:10:33.011+0000] {processor.py:179} INFO - Processing /home/airflow/.local/lib/python3.8/site-packages/airflow/example_dags/example_trigger_controller_dag.py took 0.149 seconds
[2024-09-24T05:11:03.970+0000] {processor.py:157} INFO - Started process (PID=689) to work on /home/airflow/.local/lib/python3.8/site-packages/airflow/example_dags/example_trigger_controller_dag.py
[2024-09-24T05:11:03.972+0000] {processor.py:829} INFO - Processing file /home/airflow/.local/lib/python3.8/site-packages/airflow/example_dags/example_trigger_controller_dag.py for tasks to queue
[2024-09-24T05:11:03.976+0000] {logging_mixin.py:151} INFO - [2024-09-24T05:11:03.976+0000] {dagbag.py:539} INFO - Filling up the DagBag from /home/airflow/.local/lib/python3.8/site-packages/airflow/example_dags/example_trigger_controller_dag.py
[2024-09-24T05:11:03.984+0000] {processor.py:839} INFO - DAG(s) dict_keys(['example_trigger_controller_dag']) retrieved from /home/airflow/.local/lib/python3.8/site-packages/airflow/example_dags/example_trigger_controller_dag.py
[2024-09-24T05:11:04.019+0000] {logging_mixin.py:151} INFO - [2024-09-24T05:11:04.019+0000] {dag.py:2907} INFO - Sync 1 DAGs
[2024-09-24T05:11:04.053+0000] {logging_mixin.py:151} INFO - [2024-09-24T05:11:04.053+0000] {dag.py:3677} INFO - Setting next_dagrun for example_trigger_controller_dag to 2021-01-01T00:00:00+00:00, run_after=2021-01-01T00:00:00+00:00
[2024-09-24T05:11:04.089+0000] {processor.py:179} INFO - Processing /home/airflow/.local/lib/python3.8/site-packages/airflow/example_dags/example_trigger_controller_dag.py took 0.124 seconds
[2024-09-24T05:11:34.789+0000] {processor.py:157} INFO - Started process (PID=745) to work on /home/airflow/.local/lib/python3.8/site-packages/airflow/example_dags/example_trigger_controller_dag.py
[2024-09-24T05:11:34.791+0000] {processor.py:829} INFO - Processing file /home/airflow/.local/lib/python3.8/site-packages/airflow/example_dags/example_trigger_controller_dag.py for tasks to queue
[2024-09-24T05:11:34.795+0000] {logging_mixin.py:151} INFO - [2024-09-24T05:11:34.794+0000] {dagbag.py:539} INFO - Filling up the DagBag from /home/airflow/.local/lib/python3.8/site-packages/airflow/example_dags/example_trigger_controller_dag.py
[2024-09-24T05:11:34.800+0000] {processor.py:839} INFO - DAG(s) dict_keys(['example_trigger_controller_dag']) retrieved from /home/airflow/.local/lib/python3.8/site-packages/airflow/example_dags/example_trigger_controller_dag.py
[2024-09-24T05:11:34.826+0000] {logging_mixin.py:151} INFO - [2024-09-24T05:11:34.826+0000] {dag.py:2907} INFO - Sync 1 DAGs
[2024-09-24T05:11:34.854+0000] {logging_mixin.py:151} INFO - [2024-09-24T05:11:34.854+0000] {dag.py:3677} INFO - Setting next_dagrun for example_trigger_controller_dag to 2021-01-01T00:00:00+00:00, run_after=2021-01-01T00:00:00+00:00
[2024-09-24T05:11:34.884+0000] {processor.py:179} INFO - Processing /home/airflow/.local/lib/python3.8/site-packages/airflow/example_dags/example_trigger_controller_dag.py took 0.098 seconds
[2024-09-24T05:12:05.548+0000] {processor.py:157} INFO - Started process (PID=801) to work on /home/airflow/.local/lib/python3.8/site-packages/airflow/example_dags/example_trigger_controller_dag.py
[2024-09-24T05:12:05.549+0000] {processor.py:829} INFO - Processing file /home/airflow/.local/lib/python3.8/site-packages/airflow/example_dags/example_trigger_controller_dag.py for tasks to queue
[2024-09-24T05:12:05.553+0000] {logging_mixin.py:151} INFO - [2024-09-24T05:12:05.552+0000] {dagbag.py:539} INFO - Filling up the DagBag from /home/airflow/.local/lib/python3.8/site-packages/airflow/example_dags/example_trigger_controller_dag.py
[2024-09-24T05:12:05.558+0000] {processor.py:839} INFO - DAG(s) dict_keys(['example_trigger_controller_dag']) retrieved from /home/airflow/.local/lib/python3.8/site-packages/airflow/example_dags/example_trigger_controller_dag.py
[2024-09-24T05:12:05.587+0000] {logging_mixin.py:151} INFO - [2024-09-24T05:12:05.587+0000] {dag.py:2907} INFO - Sync 1 DAGs
[2024-09-24T05:12:05.621+0000] {logging_mixin.py:151} INFO - [2024-09-24T05:12:05.621+0000] {dag.py:3677} INFO - Setting next_dagrun for example_trigger_controller_dag to 2021-01-01T00:00:00+00:00, run_after=2021-01-01T00:00:00+00:00
[2024-09-24T05:12:05.656+0000] {processor.py:179} INFO - Processing /home/airflow/.local/lib/python3.8/site-packages/airflow/example_dags/example_trigger_controller_dag.py took 0.112 seconds
[2024-09-24T05:12:36.510+0000] {processor.py:157} INFO - Started process (PID=861) to work on /home/airflow/.local/lib/python3.8/site-packages/airflow/example_dags/example_trigger_controller_dag.py
[2024-09-24T05:12:36.512+0000] {processor.py:829} INFO - Processing file /home/airflow/.local/lib/python3.8/site-packages/airflow/example_dags/example_trigger_controller_dag.py for tasks to queue
[2024-09-24T05:12:36.516+0000] {logging_mixin.py:151} INFO - [2024-09-24T05:12:36.515+0000] {dagbag.py:539} INFO - Filling up the DagBag from /home/airflow/.local/lib/python3.8/site-packages/airflow/example_dags/example_trigger_controller_dag.py
[2024-09-24T05:12:36.521+0000] {processor.py:839} INFO - DAG(s) dict_keys(['example_trigger_controller_dag']) retrieved from /home/airflow/.local/lib/python3.8/site-packages/airflow/example_dags/example_trigger_controller_dag.py
[2024-09-24T05:12:36.558+0000] {logging_mixin.py:151} INFO - [2024-09-24T05:12:36.558+0000] {dag.py:2907} INFO - Sync 1 DAGs
[2024-09-24T05:12:36.585+0000] {logging_mixin.py:151} INFO - [2024-09-24T05:12:36.585+0000] {dag.py:3677} INFO - Setting next_dagrun for example_trigger_controller_dag to 2021-01-01T00:00:00+00:00, run_after=2021-01-01T00:00:00+00:00
[2024-09-24T05:12:36.618+0000] {processor.py:179} INFO - Processing /home/airflow/.local/lib/python3.8/site-packages/airflow/example_dags/example_trigger_controller_dag.py took 0.112 seconds
[2024-09-24T05:13:06.943+0000] {processor.py:157} INFO - Started process (PID=918) to work on /home/airflow/.local/lib/python3.8/site-packages/airflow/example_dags/example_trigger_controller_dag.py
[2024-09-24T05:13:06.944+0000] {processor.py:829} INFO - Processing file /home/airflow/.local/lib/python3.8/site-packages/airflow/example_dags/example_trigger_controller_dag.py for tasks to queue
[2024-09-24T05:13:06.947+0000] {logging_mixin.py:151} INFO - [2024-09-24T05:13:06.947+0000] {dagbag.py:539} INFO - Filling up the DagBag from /home/airflow/.local/lib/python3.8/site-packages/airflow/example_dags/example_trigger_controller_dag.py
[2024-09-24T05:13:06.953+0000] {processor.py:839} INFO - DAG(s) dict_keys(['example_trigger_controller_dag']) retrieved from /home/airflow/.local/lib/python3.8/site-packages/airflow/example_dags/example_trigger_controller_dag.py
[2024-09-24T05:13:06.985+0000] {logging_mixin.py:151} INFO - [2024-09-24T05:13:06.984+0000] {dag.py:2907} INFO - Sync 1 DAGs
[2024-09-24T05:13:07.025+0000] {logging_mixin.py:151} INFO - [2024-09-24T05:13:07.025+0000] {dag.py:3677} INFO - Setting next_dagrun for example_trigger_controller_dag to 2021-01-01T00:00:00+00:00, run_after=2021-01-01T00:00:00+00:00
[2024-09-24T05:13:07.065+0000] {processor.py:179} INFO - Processing /home/airflow/.local/lib/python3.8/site-packages/airflow/example_dags/example_trigger_controller_dag.py took 0.127 seconds
[2024-09-24T05:13:37.514+0000] {processor.py:157} INFO - Started process (PID=974) to work on /home/airflow/.local/lib/python3.8/site-packages/airflow/example_dags/example_trigger_controller_dag.py
[2024-09-24T05:13:37.515+0000] {processor.py:829} INFO - Processing file /home/airflow/.local/lib/python3.8/site-packages/airflow/example_dags/example_trigger_controller_dag.py for tasks to queue
[2024-09-24T05:13:37.519+0000] {logging_mixin.py:151} INFO - [2024-09-24T05:13:37.518+0000] {dagbag.py:539} INFO - Filling up the DagBag from /home/airflow/.local/lib/python3.8/site-packages/airflow/example_dags/example_trigger_controller_dag.py
[2024-09-24T05:13:37.524+0000] {processor.py:839} INFO - DAG(s) dict_keys(['example_trigger_controller_dag']) retrieved from /home/airflow/.local/lib/python3.8/site-packages/airflow/example_dags/example_trigger_controller_dag.py
[2024-09-24T05:13:37.551+0000] {logging_mixin.py:151} INFO - [2024-09-24T05:13:37.551+0000] {dag.py:2907} INFO - Sync 1 DAGs
[2024-09-24T05:13:37.581+0000] {logging_mixin.py:151} INFO - [2024-09-24T05:13:37.580+0000] {dag.py:3677} INFO - Setting next_dagrun for example_trigger_controller_dag to 2021-01-01T00:00:00+00:00, run_after=2021-01-01T00:00:00+00:00
[2024-09-24T05:13:37.614+0000] {processor.py:179} INFO - Processing /home/airflow/.local/lib/python3.8/site-packages/airflow/example_dags/example_trigger_controller_dag.py took 0.105 seconds
[2024-09-24T05:14:07.990+0000] {processor.py:157} INFO - Started process (PID=1030) to work on /home/airflow/.local/lib/python3.8/site-packages/airflow/example_dags/example_trigger_controller_dag.py
[2024-09-24T05:14:07.991+0000] {processor.py:829} INFO - Processing file /home/airflow/.local/lib/python3.8/site-packages/airflow/example_dags/example_trigger_controller_dag.py for tasks to queue
[2024-09-24T05:14:07.994+0000] {logging_mixin.py:151} INFO - [2024-09-24T05:14:07.994+0000] {dagbag.py:539} INFO - Filling up the DagBag from /home/airflow/.local/lib/python3.8/site-packages/airflow/example_dags/example_trigger_controller_dag.py
[2024-09-24T05:14:07.999+0000] {processor.py:839} INFO - DAG(s) dict_keys(['example_trigger_controller_dag']) retrieved from /home/airflow/.local/lib/python3.8/site-packages/airflow/example_dags/example_trigger_controller_dag.py
[2024-09-24T05:14:08.028+0000] {logging_mixin.py:151} INFO - [2024-09-24T05:14:08.028+0000] {dag.py:2907} INFO - Sync 1 DAGs
[2024-09-24T05:14:08.055+0000] {logging_mixin.py:151} INFO - [2024-09-24T05:14:08.055+0000] {dag.py:3677} INFO - Setting next_dagrun for example_trigger_controller_dag to 2021-01-01T00:00:00+00:00, run_after=2021-01-01T00:00:00+00:00
[2024-09-24T05:14:08.083+0000] {processor.py:179} INFO - Processing /home/airflow/.local/lib/python3.8/site-packages/airflow/example_dags/example_trigger_controller_dag.py took 0.096 seconds
[2024-09-24T05:14:38.303+0000] {processor.py:157} INFO - Started process (PID=1086) to work on /home/airflow/.local/lib/python3.8/site-packages/airflow/example_dags/example_trigger_controller_dag.py
[2024-09-24T05:14:38.304+0000] {processor.py:829} INFO - Processing file /home/airflow/.local/lib/python3.8/site-packages/airflow/example_dags/example_trigger_controller_dag.py for tasks to queue
[2024-09-24T05:14:38.308+0000] {logging_mixin.py:151} INFO - [2024-09-24T05:14:38.308+0000] {dagbag.py:539} INFO - Filling up the DagBag from /home/airflow/.local/lib/python3.8/site-packages/airflow/example_dags/example_trigger_controller_dag.py
[2024-09-24T05:14:38.314+0000] {processor.py:839} INFO - DAG(s) dict_keys(['example_trigger_controller_dag']) retrieved from /home/airflow/.local/lib/python3.8/site-packages/airflow/example_dags/example_trigger_controller_dag.py
[2024-09-24T05:14:38.346+0000] {logging_mixin.py:151} INFO - [2024-09-24T05:14:38.346+0000] {dag.py:2907} INFO - Sync 1 DAGs
[2024-09-24T05:14:38.374+0000] {logging_mixin.py:151} INFO - [2024-09-24T05:14:38.374+0000] {dag.py:3677} INFO - Setting next_dagrun for example_trigger_controller_dag to 2021-01-01T00:00:00+00:00, run_after=2021-01-01T00:00:00+00:00
[2024-09-24T05:14:38.421+0000] {processor.py:179} INFO - Processing /home/airflow/.local/lib/python3.8/site-packages/airflow/example_dags/example_trigger_controller_dag.py took 0.122 seconds
[2024-09-24T05:15:09.000+0000] {processor.py:157} INFO - Started process (PID=1142) to work on /home/airflow/.local/lib/python3.8/site-packages/airflow/example_dags/example_trigger_controller_dag.py
[2024-09-24T05:15:09.002+0000] {processor.py:829} INFO - Processing file /home/airflow/.local/lib/python3.8/site-packages/airflow/example_dags/example_trigger_controller_dag.py for tasks to queue
[2024-09-24T05:15:09.005+0000] {logging_mixin.py:151} INFO - [2024-09-24T05:15:09.004+0000] {dagbag.py:539} INFO - Filling up the DagBag from /home/airflow/.local/lib/python3.8/site-packages/airflow/example_dags/example_trigger_controller_dag.py
[2024-09-24T05:15:09.010+0000] {processor.py:839} INFO - DAG(s) dict_keys(['example_trigger_controller_dag']) retrieved from /home/airflow/.local/lib/python3.8/site-packages/airflow/example_dags/example_trigger_controller_dag.py
[2024-09-24T05:15:09.035+0000] {logging_mixin.py:151} INFO - [2024-09-24T05:15:09.034+0000] {dag.py:2907} INFO - Sync 1 DAGs
[2024-09-24T05:15:09.062+0000] {logging_mixin.py:151} INFO - [2024-09-24T05:15:09.062+0000] {dag.py:3677} INFO - Setting next_dagrun for example_trigger_controller_dag to 2021-01-01T00:00:00+00:00, run_after=2021-01-01T00:00:00+00:00
[2024-09-24T05:15:09.090+0000] {processor.py:179} INFO - Processing /home/airflow/.local/lib/python3.8/site-packages/airflow/example_dags/example_trigger_controller_dag.py took 0.093 seconds
