[2024-09-24T04:10:27.306+0000] {processor.py:157} INFO - Started process (PID=65) to work on /home/airflow/.local/lib/python3.8/site-packages/airflow/example_dags/example_params_trigger_ui.py
[2024-09-24T04:10:27.307+0000] {processor.py:829} INFO - Processing file /home/airflow/.local/lib/python3.8/site-packages/airflow/example_dags/example_params_trigger_ui.py for tasks to queue
[2024-09-24T04:10:27.310+0000] {logging_mixin.py:151} INFO - [2024-09-24T04:10:27.309+0000] {dagbag.py:539} INFO - Filling up the DagBag from /home/airflow/.local/lib/python3.8/site-packages/airflow/example_dags/example_params_trigger_ui.py
[2024-09-24T04:10:27.332+0000] {processor.py:839} INFO - DAG(s) dict_keys(['example_params_trigger_ui']) retrieved from /home/airflow/.local/lib/python3.8/site-packages/airflow/example_dags/example_params_trigger_ui.py
[2024-09-24T04:10:27.414+0000] {logging_mixin.py:151} INFO - [2024-09-24T04:10:27.414+0000] {dag.py:2907} INFO - Sync 1 DAGs
[2024-09-24T04:10:27.459+0000] {logging_mixin.py:151} INFO - [2024-09-24T04:10:27.458+0000] {dag.py:3677} INFO - Setting next_dagrun for example_params_trigger_ui to None, run_after=None
[2024-09-24T04:10:27.509+0000] {processor.py:179} INFO - Processing /home/airflow/.local/lib/python3.8/site-packages/airflow/example_dags/example_params_trigger_ui.py took 0.213 seconds
[2024-09-24T05:05:48.339+0000] {processor.py:157} INFO - Started process (PID=95) to work on /home/airflow/.local/lib/python3.8/site-packages/airflow/example_dags/example_params_trigger_ui.py
[2024-09-24T05:05:48.359+0000] {processor.py:829} INFO - Processing file /home/airflow/.local/lib/python3.8/site-packages/airflow/example_dags/example_params_trigger_ui.py for tasks to queue
[2024-09-24T05:05:48.436+0000] {logging_mixin.py:151} INFO - [2024-09-24T05:05:48.426+0000] {dagbag.py:539} INFO - Filling up the DagBag from /home/airflow/.local/lib/python3.8/site-packages/airflow/example_dags/example_params_trigger_ui.py
[2024-09-24T05:05:48.554+0000] {processor.py:839} INFO - DAG(s) dict_keys(['example_params_trigger_ui']) retrieved from /home/airflow/.local/lib/python3.8/site-packages/airflow/example_dags/example_params_trigger_ui.py
[2024-09-24T05:05:48.779+0000] {logging_mixin.py:151} INFO - [2024-09-24T05:05:48.779+0000] {dag.py:2907} INFO - Sync 1 DAGs
[2024-09-24T05:05:48.859+0000] {logging_mixin.py:151} INFO - [2024-09-24T05:05:48.858+0000] {dag.py:3677} INFO - Setting next_dagrun for example_params_trigger_ui to None, run_after=None
[2024-09-24T05:05:48.952+0000] {processor.py:179} INFO - Processing /home/airflow/.local/lib/python3.8/site-packages/airflow/example_dags/example_params_trigger_ui.py took 0.668 seconds
[2024-09-24T05:06:19.047+0000] {processor.py:157} INFO - Started process (PID=151) to work on /home/airflow/.local/lib/python3.8/site-packages/airflow/example_dags/example_params_trigger_ui.py
[2024-09-24T05:06:19.048+0000] {processor.py:829} INFO - Processing file /home/airflow/.local/lib/python3.8/site-packages/airflow/example_dags/example_params_trigger_ui.py for tasks to queue
[2024-09-24T05:06:19.050+0000] {logging_mixin.py:151} INFO - [2024-09-24T05:06:19.050+0000] {dagbag.py:539} INFO - Filling up the DagBag from /home/airflow/.local/lib/python3.8/site-packages/airflow/example_dags/example_params_trigger_ui.py
[2024-09-24T05:06:19.070+0000] {processor.py:839} INFO - DAG(s) dict_keys(['example_params_trigger_ui']) retrieved from /home/airflow/.local/lib/python3.8/site-packages/airflow/example_dags/example_params_trigger_ui.py
[2024-09-24T05:06:19.126+0000] {logging_mixin.py:151} INFO - [2024-09-24T05:06:19.126+0000] {dag.py:2907} INFO - Sync 1 DAGs
[2024-09-24T05:06:19.142+0000] {logging_mixin.py:151} INFO - [2024-09-24T05:06:19.142+0000] {dag.py:3677} INFO - Setting next_dagrun for example_params_trigger_ui to None, run_after=None
[2024-09-24T05:06:19.169+0000] {processor.py:179} INFO - Processing /home/airflow/.local/lib/python3.8/site-packages/airflow/example_dags/example_params_trigger_ui.py took 0.126 seconds
[2024-09-24T05:06:49.581+0000] {processor.py:157} INFO - Started process (PID=207) to work on /home/airflow/.local/lib/python3.8/site-packages/airflow/example_dags/example_params_trigger_ui.py
[2024-09-24T05:06:49.583+0000] {processor.py:829} INFO - Processing file /home/airflow/.local/lib/python3.8/site-packages/airflow/example_dags/example_params_trigger_ui.py for tasks to queue
[2024-09-24T05:06:49.586+0000] {logging_mixin.py:151} INFO - [2024-09-24T05:06:49.586+0000] {dagbag.py:539} INFO - Filling up the DagBag from /home/airflow/.local/lib/python3.8/site-packages/airflow/example_dags/example_params_trigger_ui.py
[2024-09-24T05:06:49.609+0000] {processor.py:839} INFO - DAG(s) dict_keys(['example_params_trigger_ui']) retrieved from /home/airflow/.local/lib/python3.8/site-packages/airflow/example_dags/example_params_trigger_ui.py
[2024-09-24T05:06:49.661+0000] {logging_mixin.py:151} INFO - [2024-09-24T05:06:49.661+0000] {dag.py:2907} INFO - Sync 1 DAGs
[2024-09-24T05:06:49.675+0000] {logging_mixin.py:151} INFO - [2024-09-24T05:06:49.675+0000] {dag.py:3677} INFO - Setting next_dagrun for example_params_trigger_ui to None, run_after=None
[2024-09-24T05:06:49.703+0000] {processor.py:179} INFO - Processing /home/airflow/.local/lib/python3.8/site-packages/airflow/example_dags/example_params_trigger_ui.py took 0.126 seconds
[2024-09-24T05:07:20.245+0000] {processor.py:157} INFO - Started process (PID=263) to work on /home/airflow/.local/lib/python3.8/site-packages/airflow/example_dags/example_params_trigger_ui.py
[2024-09-24T05:07:20.247+0000] {processor.py:829} INFO - Processing file /home/airflow/.local/lib/python3.8/site-packages/airflow/example_dags/example_params_trigger_ui.py for tasks to queue
[2024-09-24T05:07:20.250+0000] {logging_mixin.py:151} INFO - [2024-09-24T05:07:20.250+0000] {dagbag.py:539} INFO - Filling up the DagBag from /home/airflow/.local/lib/python3.8/site-packages/airflow/example_dags/example_params_trigger_ui.py
[2024-09-24T05:07:20.268+0000] {processor.py:839} INFO - DAG(s) dict_keys(['example_params_trigger_ui']) retrieved from /home/airflow/.local/lib/python3.8/site-packages/airflow/example_dags/example_params_trigger_ui.py
[2024-09-24T05:07:20.324+0000] {logging_mixin.py:151} INFO - [2024-09-24T05:07:20.324+0000] {dag.py:2907} INFO - Sync 1 DAGs
[2024-09-24T05:07:20.338+0000] {logging_mixin.py:151} INFO - [2024-09-24T05:07:20.337+0000] {dag.py:3677} INFO - Setting next_dagrun for example_params_trigger_ui to None, run_after=None
[2024-09-24T05:07:20.364+0000] {processor.py:179} INFO - Processing /home/airflow/.local/lib/python3.8/site-packages/airflow/example_dags/example_params_trigger_ui.py took 0.123 seconds
[2024-09-24T05:07:50.673+0000] {processor.py:157} INFO - Started process (PID=319) to work on /home/airflow/.local/lib/python3.8/site-packages/airflow/example_dags/example_params_trigger_ui.py
[2024-09-24T05:07:50.674+0000] {processor.py:829} INFO - Processing file /home/airflow/.local/lib/python3.8/site-packages/airflow/example_dags/example_params_trigger_ui.py for tasks to queue
[2024-09-24T05:07:50.677+0000] {logging_mixin.py:151} INFO - [2024-09-24T05:07:50.677+0000] {dagbag.py:539} INFO - Filling up the DagBag from /home/airflow/.local/lib/python3.8/site-packages/airflow/example_dags/example_params_trigger_ui.py
[2024-09-24T05:07:50.707+0000] {processor.py:839} INFO - DAG(s) dict_keys(['example_params_trigger_ui']) retrieved from /home/airflow/.local/lib/python3.8/site-packages/airflow/example_dags/example_params_trigger_ui.py
[2024-09-24T05:07:50.770+0000] {logging_mixin.py:151} INFO - [2024-09-24T05:07:50.770+0000] {dag.py:2907} INFO - Sync 1 DAGs
[2024-09-24T05:07:50.798+0000] {logging_mixin.py:151} INFO - [2024-09-24T05:07:50.797+0000] {dag.py:3677} INFO - Setting next_dagrun for example_params_trigger_ui to None, run_after=None
[2024-09-24T05:07:50.826+0000] {processor.py:179} INFO - Processing /home/airflow/.local/lib/python3.8/site-packages/airflow/example_dags/example_params_trigger_ui.py took 0.156 seconds
[2024-09-24T05:08:21.118+0000] {processor.py:157} INFO - Started process (PID=375) to work on /home/airflow/.local/lib/python3.8/site-packages/airflow/example_dags/example_params_trigger_ui.py
[2024-09-24T05:08:21.119+0000] {processor.py:829} INFO - Processing file /home/airflow/.local/lib/python3.8/site-packages/airflow/example_dags/example_params_trigger_ui.py for tasks to queue
[2024-09-24T05:08:21.122+0000] {logging_mixin.py:151} INFO - [2024-09-24T05:08:21.121+0000] {dagbag.py:539} INFO - Filling up the DagBag from /home/airflow/.local/lib/python3.8/site-packages/airflow/example_dags/example_params_trigger_ui.py
[2024-09-24T05:08:21.140+0000] {processor.py:839} INFO - DAG(s) dict_keys(['example_params_trigger_ui']) retrieved from /home/airflow/.local/lib/python3.8/site-packages/airflow/example_dags/example_params_trigger_ui.py
[2024-09-24T05:08:21.206+0000] {logging_mixin.py:151} INFO - [2024-09-24T05:08:21.205+0000] {dag.py:2907} INFO - Sync 1 DAGs
[2024-09-24T05:08:21.234+0000] {logging_mixin.py:151} INFO - [2024-09-24T05:08:21.234+0000] {dag.py:3677} INFO - Setting next_dagrun for example_params_trigger_ui to None, run_after=None
[2024-09-24T05:08:21.264+0000] {processor.py:179} INFO - Processing /home/airflow/.local/lib/python3.8/site-packages/airflow/example_dags/example_params_trigger_ui.py took 0.149 seconds
[2024-09-24T05:08:51.813+0000] {processor.py:157} INFO - Started process (PID=431) to work on /home/airflow/.local/lib/python3.8/site-packages/airflow/example_dags/example_params_trigger_ui.py
[2024-09-24T05:08:51.820+0000] {processor.py:829} INFO - Processing file /home/airflow/.local/lib/python3.8/site-packages/airflow/example_dags/example_params_trigger_ui.py for tasks to queue
[2024-09-24T05:08:51.849+0000] {logging_mixin.py:151} INFO - [2024-09-24T05:08:51.848+0000] {dagbag.py:539} INFO - Filling up the DagBag from /home/airflow/.local/lib/python3.8/site-packages/airflow/example_dags/example_params_trigger_ui.py
[2024-09-24T05:08:51.965+0000] {processor.py:839} INFO - DAG(s) dict_keys(['example_params_trigger_ui']) retrieved from /home/airflow/.local/lib/python3.8/site-packages/airflow/example_dags/example_params_trigger_ui.py
[2024-09-24T05:08:53.736+0000] {logging_mixin.py:151} INFO - [2024-09-24T05:08:53.735+0000] {dag.py:2907} INFO - Sync 1 DAGs
[2024-09-24T05:08:53.767+0000] {logging_mixin.py:151} INFO - [2024-09-24T05:08:53.767+0000] {dag.py:3677} INFO - Setting next_dagrun for example_params_trigger_ui to None, run_after=None
[2024-09-24T05:08:53.839+0000] {processor.py:179} INFO - Processing /home/airflow/.local/lib/python3.8/site-packages/airflow/example_dags/example_params_trigger_ui.py took 2.095 seconds
[2024-09-24T05:09:23.959+0000] {processor.py:157} INFO - Started process (PID=494) to work on /home/airflow/.local/lib/python3.8/site-packages/airflow/example_dags/example_params_trigger_ui.py
[2024-09-24T05:09:23.960+0000] {processor.py:829} INFO - Processing file /home/airflow/.local/lib/python3.8/site-packages/airflow/example_dags/example_params_trigger_ui.py for tasks to queue
[2024-09-24T05:09:23.963+0000] {logging_mixin.py:151} INFO - [2024-09-24T05:09:23.962+0000] {dagbag.py:539} INFO - Filling up the DagBag from /home/airflow/.local/lib/python3.8/site-packages/airflow/example_dags/example_params_trigger_ui.py
[2024-09-24T05:09:23.982+0000] {processor.py:839} INFO - DAG(s) dict_keys(['example_params_trigger_ui']) retrieved from /home/airflow/.local/lib/python3.8/site-packages/airflow/example_dags/example_params_trigger_ui.py
[2024-09-24T05:09:24.040+0000] {logging_mixin.py:151} INFO - [2024-09-24T05:09:24.040+0000] {dag.py:2907} INFO - Sync 1 DAGs
[2024-09-24T05:09:24.054+0000] {logging_mixin.py:151} INFO - [2024-09-24T05:09:24.053+0000] {dag.py:3677} INFO - Setting next_dagrun for example_params_trigger_ui to None, run_after=None
[2024-09-24T05:09:24.081+0000] {processor.py:179} INFO - Processing /home/airflow/.local/lib/python3.8/site-packages/airflow/example_dags/example_params_trigger_ui.py took 0.127 seconds
[2024-09-24T05:09:54.594+0000] {processor.py:157} INFO - Started process (PID=550) to work on /home/airflow/.local/lib/python3.8/site-packages/airflow/example_dags/example_params_trigger_ui.py
[2024-09-24T05:09:54.596+0000] {processor.py:829} INFO - Processing file /home/airflow/.local/lib/python3.8/site-packages/airflow/example_dags/example_params_trigger_ui.py for tasks to queue
[2024-09-24T05:09:54.599+0000] {logging_mixin.py:151} INFO - [2024-09-24T05:09:54.599+0000] {dagbag.py:539} INFO - Filling up the DagBag from /home/airflow/.local/lib/python3.8/site-packages/airflow/example_dags/example_params_trigger_ui.py
[2024-09-24T05:09:54.622+0000] {processor.py:839} INFO - DAG(s) dict_keys(['example_params_trigger_ui']) retrieved from /home/airflow/.local/lib/python3.8/site-packages/airflow/example_dags/example_params_trigger_ui.py
[2024-09-24T05:09:54.693+0000] {logging_mixin.py:151} INFO - [2024-09-24T05:09:54.693+0000] {dag.py:2907} INFO - Sync 1 DAGs
[2024-09-24T05:09:54.708+0000] {logging_mixin.py:151} INFO - [2024-09-24T05:09:54.708+0000] {dag.py:3677} INFO - Setting next_dagrun for example_params_trigger_ui to None, run_after=None
[2024-09-24T05:09:54.749+0000] {processor.py:179} INFO - Processing /home/airflow/.local/lib/python3.8/site-packages/airflow/example_dags/example_params_trigger_ui.py took 0.160 seconds
[2024-09-24T05:10:25.556+0000] {processor.py:157} INFO - Started process (PID=606) to work on /home/airflow/.local/lib/python3.8/site-packages/airflow/example_dags/example_params_trigger_ui.py
[2024-09-24T05:10:25.558+0000] {processor.py:829} INFO - Processing file /home/airflow/.local/lib/python3.8/site-packages/airflow/example_dags/example_params_trigger_ui.py for tasks to queue
[2024-09-24T05:10:25.563+0000] {logging_mixin.py:151} INFO - [2024-09-24T05:10:25.562+0000] {dagbag.py:539} INFO - Filling up the DagBag from /home/airflow/.local/lib/python3.8/site-packages/airflow/example_dags/example_params_trigger_ui.py
[2024-09-24T05:10:25.593+0000] {processor.py:839} INFO - DAG(s) dict_keys(['example_params_trigger_ui']) retrieved from /home/airflow/.local/lib/python3.8/site-packages/airflow/example_dags/example_params_trigger_ui.py
[2024-09-24T05:10:25.677+0000] {logging_mixin.py:151} INFO - [2024-09-24T05:10:25.677+0000] {dag.py:2907} INFO - Sync 1 DAGs
[2024-09-24T05:10:25.694+0000] {logging_mixin.py:151} INFO - [2024-09-24T05:10:25.693+0000] {dag.py:3677} INFO - Setting next_dagrun for example_params_trigger_ui to None, run_after=None
[2024-09-24T05:10:25.730+0000] {processor.py:179} INFO - Processing /home/airflow/.local/lib/python3.8/site-packages/airflow/example_dags/example_params_trigger_ui.py took 0.178 seconds
[2024-09-24T05:10:56.153+0000] {processor.py:157} INFO - Started process (PID=662) to work on /home/airflow/.local/lib/python3.8/site-packages/airflow/example_dags/example_params_trigger_ui.py
[2024-09-24T05:10:56.156+0000] {processor.py:829} INFO - Processing file /home/airflow/.local/lib/python3.8/site-packages/airflow/example_dags/example_params_trigger_ui.py for tasks to queue
[2024-09-24T05:10:56.160+0000] {logging_mixin.py:151} INFO - [2024-09-24T05:10:56.160+0000] {dagbag.py:539} INFO - Filling up the DagBag from /home/airflow/.local/lib/python3.8/site-packages/airflow/example_dags/example_params_trigger_ui.py
[2024-09-24T05:10:56.191+0000] {processor.py:839} INFO - DAG(s) dict_keys(['example_params_trigger_ui']) retrieved from /home/airflow/.local/lib/python3.8/site-packages/airflow/example_dags/example_params_trigger_ui.py
[2024-09-24T05:10:56.278+0000] {logging_mixin.py:151} INFO - [2024-09-24T05:10:56.277+0000] {dag.py:2907} INFO - Sync 1 DAGs
[2024-09-24T05:10:56.294+0000] {logging_mixin.py:151} INFO - [2024-09-24T05:10:56.294+0000] {dag.py:3677} INFO - Setting next_dagrun for example_params_trigger_ui to None, run_after=None
[2024-09-24T05:10:56.329+0000] {processor.py:179} INFO - Processing /home/airflow/.local/lib/python3.8/site-packages/airflow/example_dags/example_params_trigger_ui.py took 0.184 seconds
[2024-09-24T05:11:26.397+0000] {processor.py:157} INFO - Started process (PID=718) to work on /home/airflow/.local/lib/python3.8/site-packages/airflow/example_dags/example_params_trigger_ui.py
[2024-09-24T05:11:26.399+0000] {processor.py:829} INFO - Processing file /home/airflow/.local/lib/python3.8/site-packages/airflow/example_dags/example_params_trigger_ui.py for tasks to queue
[2024-09-24T05:11:26.403+0000] {logging_mixin.py:151} INFO - [2024-09-24T05:11:26.402+0000] {dagbag.py:539} INFO - Filling up the DagBag from /home/airflow/.local/lib/python3.8/site-packages/airflow/example_dags/example_params_trigger_ui.py
[2024-09-24T05:11:26.425+0000] {processor.py:839} INFO - DAG(s) dict_keys(['example_params_trigger_ui']) retrieved from /home/airflow/.local/lib/python3.8/site-packages/airflow/example_dags/example_params_trigger_ui.py
[2024-09-24T05:11:26.497+0000] {logging_mixin.py:151} INFO - [2024-09-24T05:11:26.497+0000] {dag.py:2907} INFO - Sync 1 DAGs
[2024-09-24T05:11:26.512+0000] {logging_mixin.py:151} INFO - [2024-09-24T05:11:26.512+0000] {dag.py:3677} INFO - Setting next_dagrun for example_params_trigger_ui to None, run_after=None
[2024-09-24T05:11:26.549+0000] {processor.py:179} INFO - Processing /home/airflow/.local/lib/python3.8/site-packages/airflow/example_dags/example_params_trigger_ui.py took 0.156 seconds
[2024-09-24T05:11:57.607+0000] {processor.py:157} INFO - Started process (PID=774) to work on /home/airflow/.local/lib/python3.8/site-packages/airflow/example_dags/example_params_trigger_ui.py
[2024-09-24T05:11:57.611+0000] {processor.py:829} INFO - Processing file /home/airflow/.local/lib/python3.8/site-packages/airflow/example_dags/example_params_trigger_ui.py for tasks to queue
[2024-09-24T05:11:57.618+0000] {logging_mixin.py:151} INFO - [2024-09-24T05:11:57.617+0000] {dagbag.py:539} INFO - Filling up the DagBag from /home/airflow/.local/lib/python3.8/site-packages/airflow/example_dags/example_params_trigger_ui.py
[2024-09-24T05:11:57.691+0000] {processor.py:839} INFO - DAG(s) dict_keys(['example_params_trigger_ui']) retrieved from /home/airflow/.local/lib/python3.8/site-packages/airflow/example_dags/example_params_trigger_ui.py
[2024-09-24T05:11:57.818+0000] {logging_mixin.py:151} INFO - [2024-09-24T05:11:57.818+0000] {dag.py:2907} INFO - Sync 1 DAGs
[2024-09-24T05:11:57.847+0000] {logging_mixin.py:151} INFO - [2024-09-24T05:11:57.846+0000] {dag.py:3677} INFO - Setting next_dagrun for example_params_trigger_ui to None, run_after=None
[2024-09-24T05:11:57.910+0000] {processor.py:179} INFO - Processing /home/airflow/.local/lib/python3.8/site-packages/airflow/example_dags/example_params_trigger_ui.py took 0.321 seconds
[2024-09-24T05:12:28.051+0000] {processor.py:157} INFO - Started process (PID=834) to work on /home/airflow/.local/lib/python3.8/site-packages/airflow/example_dags/example_params_trigger_ui.py
[2024-09-24T05:12:28.053+0000] {processor.py:829} INFO - Processing file /home/airflow/.local/lib/python3.8/site-packages/airflow/example_dags/example_params_trigger_ui.py for tasks to queue
[2024-09-24T05:12:28.059+0000] {logging_mixin.py:151} INFO - [2024-09-24T05:12:28.058+0000] {dagbag.py:539} INFO - Filling up the DagBag from /home/airflow/.local/lib/python3.8/site-packages/airflow/example_dags/example_params_trigger_ui.py
[2024-09-24T05:12:28.086+0000] {processor.py:839} INFO - DAG(s) dict_keys(['example_params_trigger_ui']) retrieved from /home/airflow/.local/lib/python3.8/site-packages/airflow/example_dags/example_params_trigger_ui.py
[2024-09-24T05:12:28.153+0000] {logging_mixin.py:151} INFO - [2024-09-24T05:12:28.153+0000] {dag.py:2907} INFO - Sync 1 DAGs
[2024-09-24T05:12:28.169+0000] {logging_mixin.py:151} INFO - [2024-09-24T05:12:28.169+0000] {dag.py:3677} INFO - Setting next_dagrun for example_params_trigger_ui to None, run_after=None
[2024-09-24T05:12:28.202+0000] {processor.py:179} INFO - Processing /home/airflow/.local/lib/python3.8/site-packages/airflow/example_dags/example_params_trigger_ui.py took 0.159 seconds
[2024-09-24T05:12:58.438+0000] {processor.py:157} INFO - Started process (PID=891) to work on /home/airflow/.local/lib/python3.8/site-packages/airflow/example_dags/example_params_trigger_ui.py
[2024-09-24T05:12:58.440+0000] {processor.py:829} INFO - Processing file /home/airflow/.local/lib/python3.8/site-packages/airflow/example_dags/example_params_trigger_ui.py for tasks to queue
[2024-09-24T05:12:58.443+0000] {logging_mixin.py:151} INFO - [2024-09-24T05:12:58.442+0000] {dagbag.py:539} INFO - Filling up the DagBag from /home/airflow/.local/lib/python3.8/site-packages/airflow/example_dags/example_params_trigger_ui.py
[2024-09-24T05:12:58.462+0000] {processor.py:839} INFO - DAG(s) dict_keys(['example_params_trigger_ui']) retrieved from /home/airflow/.local/lib/python3.8/site-packages/airflow/example_dags/example_params_trigger_ui.py
[2024-09-24T05:12:58.517+0000] {logging_mixin.py:151} INFO - [2024-09-24T05:12:58.516+0000] {dag.py:2907} INFO - Sync 1 DAGs
[2024-09-24T05:12:58.530+0000] {logging_mixin.py:151} INFO - [2024-09-24T05:12:58.530+0000] {dag.py:3677} INFO - Setting next_dagrun for example_params_trigger_ui to None, run_after=None
[2024-09-24T05:12:58.556+0000] {processor.py:179} INFO - Processing /home/airflow/.local/lib/python3.8/site-packages/airflow/example_dags/example_params_trigger_ui.py took 0.121 seconds
[2024-09-24T05:13:29.270+0000] {processor.py:157} INFO - Started process (PID=947) to work on /home/airflow/.local/lib/python3.8/site-packages/airflow/example_dags/example_params_trigger_ui.py
[2024-09-24T05:13:29.272+0000] {processor.py:829} INFO - Processing file /home/airflow/.local/lib/python3.8/site-packages/airflow/example_dags/example_params_trigger_ui.py for tasks to queue
[2024-09-24T05:13:29.275+0000] {logging_mixin.py:151} INFO - [2024-09-24T05:13:29.274+0000] {dagbag.py:539} INFO - Filling up the DagBag from /home/airflow/.local/lib/python3.8/site-packages/airflow/example_dags/example_params_trigger_ui.py
[2024-09-24T05:13:29.294+0000] {processor.py:839} INFO - DAG(s) dict_keys(['example_params_trigger_ui']) retrieved from /home/airflow/.local/lib/python3.8/site-packages/airflow/example_dags/example_params_trigger_ui.py
[2024-09-24T05:13:29.352+0000] {logging_mixin.py:151} INFO - [2024-09-24T05:13:29.351+0000] {dag.py:2907} INFO - Sync 1 DAGs
[2024-09-24T05:13:29.365+0000] {logging_mixin.py:151} INFO - [2024-09-24T05:13:29.365+0000] {dag.py:3677} INFO - Setting next_dagrun for example_params_trigger_ui to None, run_after=None
[2024-09-24T05:13:29.395+0000] {processor.py:179} INFO - Processing /home/airflow/.local/lib/python3.8/site-packages/airflow/example_dags/example_params_trigger_ui.py took 0.128 seconds
[2024-09-24T05:13:59.810+0000] {processor.py:157} INFO - Started process (PID=1003) to work on /home/airflow/.local/lib/python3.8/site-packages/airflow/example_dags/example_params_trigger_ui.py
[2024-09-24T05:13:59.811+0000] {processor.py:829} INFO - Processing file /home/airflow/.local/lib/python3.8/site-packages/airflow/example_dags/example_params_trigger_ui.py for tasks to queue
[2024-09-24T05:13:59.813+0000] {logging_mixin.py:151} INFO - [2024-09-24T05:13:59.813+0000] {dagbag.py:539} INFO - Filling up the DagBag from /home/airflow/.local/lib/python3.8/site-packages/airflow/example_dags/example_params_trigger_ui.py
[2024-09-24T05:13:59.834+0000] {processor.py:839} INFO - DAG(s) dict_keys(['example_params_trigger_ui']) retrieved from /home/airflow/.local/lib/python3.8/site-packages/airflow/example_dags/example_params_trigger_ui.py
[2024-09-24T05:13:59.888+0000] {logging_mixin.py:151} INFO - [2024-09-24T05:13:59.888+0000] {dag.py:2907} INFO - Sync 1 DAGs
[2024-09-24T05:13:59.902+0000] {logging_mixin.py:151} INFO - [2024-09-24T05:13:59.902+0000] {dag.py:3677} INFO - Setting next_dagrun for example_params_trigger_ui to None, run_after=None
[2024-09-24T05:13:59.929+0000] {processor.py:179} INFO - Processing /home/airflow/.local/lib/python3.8/site-packages/airflow/example_dags/example_params_trigger_ui.py took 0.122 seconds
[2024-09-24T05:14:30.103+0000] {processor.py:157} INFO - Started process (PID=1059) to work on /home/airflow/.local/lib/python3.8/site-packages/airflow/example_dags/example_params_trigger_ui.py
[2024-09-24T05:14:30.105+0000] {processor.py:829} INFO - Processing file /home/airflow/.local/lib/python3.8/site-packages/airflow/example_dags/example_params_trigger_ui.py for tasks to queue
[2024-09-24T05:14:30.109+0000] {logging_mixin.py:151} INFO - [2024-09-24T05:14:30.108+0000] {dagbag.py:539} INFO - Filling up the DagBag from /home/airflow/.local/lib/python3.8/site-packages/airflow/example_dags/example_params_trigger_ui.py
[2024-09-24T05:14:30.127+0000] {processor.py:839} INFO - DAG(s) dict_keys(['example_params_trigger_ui']) retrieved from /home/airflow/.local/lib/python3.8/site-packages/airflow/example_dags/example_params_trigger_ui.py
[2024-09-24T05:14:30.181+0000] {logging_mixin.py:151} INFO - [2024-09-24T05:14:30.181+0000] {dag.py:2907} INFO - Sync 1 DAGs
[2024-09-24T05:14:30.197+0000] {logging_mixin.py:151} INFO - [2024-09-24T05:14:30.197+0000] {dag.py:3677} INFO - Setting next_dagrun for example_params_trigger_ui to None, run_after=None
[2024-09-24T05:14:30.230+0000] {processor.py:179} INFO - Processing /home/airflow/.local/lib/python3.8/site-packages/airflow/example_dags/example_params_trigger_ui.py took 0.131 seconds
[2024-09-24T05:15:00.569+0000] {processor.py:157} INFO - Started process (PID=1115) to work on /home/airflow/.local/lib/python3.8/site-packages/airflow/example_dags/example_params_trigger_ui.py
[2024-09-24T05:15:00.571+0000] {processor.py:829} INFO - Processing file /home/airflow/.local/lib/python3.8/site-packages/airflow/example_dags/example_params_trigger_ui.py for tasks to queue
[2024-09-24T05:15:00.573+0000] {logging_mixin.py:151} INFO - [2024-09-24T05:15:00.573+0000] {dagbag.py:539} INFO - Filling up the DagBag from /home/airflow/.local/lib/python3.8/site-packages/airflow/example_dags/example_params_trigger_ui.py
[2024-09-24T05:15:00.591+0000] {processor.py:839} INFO - DAG(s) dict_keys(['example_params_trigger_ui']) retrieved from /home/airflow/.local/lib/python3.8/site-packages/airflow/example_dags/example_params_trigger_ui.py
[2024-09-24T05:15:00.649+0000] {logging_mixin.py:151} INFO - [2024-09-24T05:15:00.649+0000] {dag.py:2907} INFO - Sync 1 DAGs
[2024-09-24T05:15:00.663+0000] {logging_mixin.py:151} INFO - [2024-09-24T05:15:00.663+0000] {dag.py:3677} INFO - Setting next_dagrun for example_params_trigger_ui to None, run_after=None
[2024-09-24T05:15:00.691+0000] {processor.py:179} INFO - Processing /home/airflow/.local/lib/python3.8/site-packages/airflow/example_dags/example_params_trigger_ui.py took 0.125 seconds
