[2024-09-24T05:05:53.157+0000] {processor.py:157} INFO - Started process (PID=115) to work on /home/airflow/.local/lib/python3.8/site-packages/airflow/example_dags/example_latest_only.py
[2024-09-24T05:05:53.160+0000] {processor.py:829} INFO - Processing file /home/airflow/.local/lib/python3.8/site-packages/airflow/example_dags/example_latest_only.py for tasks to queue
[2024-09-24T05:05:53.166+0000] {logging_mixin.py:151} INFO - [2024-09-24T05:05:53.165+0000] {dagbag.py:539} INFO - Filling up the DagBag from /home/airflow/.local/lib/python3.8/site-packages/airflow/example_dags/example_latest_only.py
[2024-09-24T05:05:53.192+0000] {processor.py:839} INFO - DAG(s) dict_keys(['latest_only']) retrieved from /home/airflow/.local/lib/python3.8/site-packages/airflow/example_dags/example_latest_only.py
[2024-09-24T05:05:53.474+0000] {logging_mixin.py:151} INFO - [2024-09-24T05:05:53.473+0000] {dag.py:2907} INFO - Sync 1 DAGs
[2024-09-24T05:05:53.560+0000] {logging_mixin.py:151} INFO - [2024-09-24T05:05:53.559+0000] {dag.py:3677} INFO - Setting next_dagrun for latest_only to 2024-09-24T01:05:53.559221+00:00, run_after=2024-09-24T05:05:53.559221+00:00
[2024-09-24T05:05:53.704+0000] {processor.py:179} INFO - Processing /home/airflow/.local/lib/python3.8/site-packages/airflow/example_dags/example_latest_only.py took 0.563 seconds
[2024-09-24T05:06:24.055+0000] {processor.py:157} INFO - Started process (PID=171) to work on /home/airflow/.local/lib/python3.8/site-packages/airflow/example_dags/example_latest_only.py
[2024-09-24T05:06:24.056+0000] {processor.py:829} INFO - Processing file /home/airflow/.local/lib/python3.8/site-packages/airflow/example_dags/example_latest_only.py for tasks to queue
[2024-09-24T05:06:24.060+0000] {logging_mixin.py:151} INFO - [2024-09-24T05:06:24.059+0000] {dagbag.py:539} INFO - Filling up the DagBag from /home/airflow/.local/lib/python3.8/site-packages/airflow/example_dags/example_latest_only.py
[2024-09-24T05:06:24.067+0000] {processor.py:839} INFO - DAG(s) dict_keys(['latest_only']) retrieved from /home/airflow/.local/lib/python3.8/site-packages/airflow/example_dags/example_latest_only.py
[2024-09-24T05:06:24.096+0000] {logging_mixin.py:151} INFO - [2024-09-24T05:06:24.095+0000] {dag.py:2907} INFO - Sync 1 DAGs
[2024-09-24T05:06:24.123+0000] {logging_mixin.py:151} INFO - [2024-09-24T05:06:24.123+0000] {dag.py:3677} INFO - Setting next_dagrun for latest_only to 2024-09-24T01:06:24.122924+00:00, run_after=2024-09-24T05:06:24.122924+00:00
[2024-09-24T05:06:24.150+0000] {processor.py:179} INFO - Processing /home/airflow/.local/lib/python3.8/site-packages/airflow/example_dags/example_latest_only.py took 0.099 seconds
[2024-09-24T05:06:54.649+0000] {processor.py:157} INFO - Started process (PID=227) to work on /home/airflow/.local/lib/python3.8/site-packages/airflow/example_dags/example_latest_only.py
[2024-09-24T05:06:54.651+0000] {processor.py:829} INFO - Processing file /home/airflow/.local/lib/python3.8/site-packages/airflow/example_dags/example_latest_only.py for tasks to queue
[2024-09-24T05:06:54.654+0000] {logging_mixin.py:151} INFO - [2024-09-24T05:06:54.654+0000] {dagbag.py:539} INFO - Filling up the DagBag from /home/airflow/.local/lib/python3.8/site-packages/airflow/example_dags/example_latest_only.py
[2024-09-24T05:06:54.660+0000] {processor.py:839} INFO - DAG(s) dict_keys(['latest_only']) retrieved from /home/airflow/.local/lib/python3.8/site-packages/airflow/example_dags/example_latest_only.py
[2024-09-24T05:06:54.687+0000] {logging_mixin.py:151} INFO - [2024-09-24T05:06:54.686+0000] {dag.py:2907} INFO - Sync 1 DAGs
[2024-09-24T05:06:54.712+0000] {logging_mixin.py:151} INFO - [2024-09-24T05:06:54.712+0000] {dag.py:3677} INFO - Setting next_dagrun for latest_only to 2024-09-24T01:06:54.712285+00:00, run_after=2024-09-24T05:06:54.712285+00:00
[2024-09-24T05:06:54.739+0000] {processor.py:179} INFO - Processing /home/airflow/.local/lib/python3.8/site-packages/airflow/example_dags/example_latest_only.py took 0.093 seconds
[2024-09-24T05:07:25.188+0000] {processor.py:157} INFO - Started process (PID=283) to work on /home/airflow/.local/lib/python3.8/site-packages/airflow/example_dags/example_latest_only.py
[2024-09-24T05:07:25.190+0000] {processor.py:829} INFO - Processing file /home/airflow/.local/lib/python3.8/site-packages/airflow/example_dags/example_latest_only.py for tasks to queue
[2024-09-24T05:07:25.193+0000] {logging_mixin.py:151} INFO - [2024-09-24T05:07:25.192+0000] {dagbag.py:539} INFO - Filling up the DagBag from /home/airflow/.local/lib/python3.8/site-packages/airflow/example_dags/example_latest_only.py
[2024-09-24T05:07:25.198+0000] {processor.py:839} INFO - DAG(s) dict_keys(['latest_only']) retrieved from /home/airflow/.local/lib/python3.8/site-packages/airflow/example_dags/example_latest_only.py
[2024-09-24T05:07:25.226+0000] {logging_mixin.py:151} INFO - [2024-09-24T05:07:25.225+0000] {dag.py:2907} INFO - Sync 1 DAGs
[2024-09-24T05:07:25.251+0000] {logging_mixin.py:151} INFO - [2024-09-24T05:07:25.251+0000] {dag.py:3677} INFO - Setting next_dagrun for latest_only to 2024-09-24T01:07:25.250843+00:00, run_after=2024-09-24T05:07:25.250843+00:00
[2024-09-24T05:07:25.280+0000] {processor.py:179} INFO - Processing /home/airflow/.local/lib/python3.8/site-packages/airflow/example_dags/example_latest_only.py took 0.096 seconds
[2024-09-24T05:07:55.734+0000] {processor.py:157} INFO - Started process (PID=339) to work on /home/airflow/.local/lib/python3.8/site-packages/airflow/example_dags/example_latest_only.py
[2024-09-24T05:07:55.737+0000] {processor.py:829} INFO - Processing file /home/airflow/.local/lib/python3.8/site-packages/airflow/example_dags/example_latest_only.py for tasks to queue
[2024-09-24T05:07:55.740+0000] {logging_mixin.py:151} INFO - [2024-09-24T05:07:55.740+0000] {dagbag.py:539} INFO - Filling up the DagBag from /home/airflow/.local/lib/python3.8/site-packages/airflow/example_dags/example_latest_only.py
[2024-09-24T05:07:55.748+0000] {processor.py:839} INFO - DAG(s) dict_keys(['latest_only']) retrieved from /home/airflow/.local/lib/python3.8/site-packages/airflow/example_dags/example_latest_only.py
[2024-09-24T05:07:55.777+0000] {logging_mixin.py:151} INFO - [2024-09-24T05:07:55.777+0000] {dag.py:2907} INFO - Sync 1 DAGs
[2024-09-24T05:07:55.802+0000] {logging_mixin.py:151} INFO - [2024-09-24T05:07:55.802+0000] {dag.py:3677} INFO - Setting next_dagrun for latest_only to 2024-09-24T01:07:55.801905+00:00, run_after=2024-09-24T05:07:55.801905+00:00
[2024-09-24T05:07:55.828+0000] {processor.py:179} INFO - Processing /home/airflow/.local/lib/python3.8/site-packages/airflow/example_dags/example_latest_only.py took 0.097 seconds
[2024-09-24T05:08:26.108+0000] {processor.py:157} INFO - Started process (PID=395) to work on /home/airflow/.local/lib/python3.8/site-packages/airflow/example_dags/example_latest_only.py
[2024-09-24T05:08:26.110+0000] {processor.py:829} INFO - Processing file /home/airflow/.local/lib/python3.8/site-packages/airflow/example_dags/example_latest_only.py for tasks to queue
[2024-09-24T05:08:26.112+0000] {logging_mixin.py:151} INFO - [2024-09-24T05:08:26.112+0000] {dagbag.py:539} INFO - Filling up the DagBag from /home/airflow/.local/lib/python3.8/site-packages/airflow/example_dags/example_latest_only.py
[2024-09-24T05:08:26.118+0000] {processor.py:839} INFO - DAG(s) dict_keys(['latest_only']) retrieved from /home/airflow/.local/lib/python3.8/site-packages/airflow/example_dags/example_latest_only.py
[2024-09-24T05:08:26.143+0000] {logging_mixin.py:151} INFO - [2024-09-24T05:08:26.143+0000] {dag.py:2907} INFO - Sync 1 DAGs
[2024-09-24T05:08:26.167+0000] {logging_mixin.py:151} INFO - [2024-09-24T05:08:26.167+0000] {dag.py:3677} INFO - Setting next_dagrun for latest_only to 2024-09-24T01:08:26.167343+00:00, run_after=2024-09-24T05:08:26.167343+00:00
[2024-09-24T05:08:26.195+0000] {processor.py:179} INFO - Processing /home/airflow/.local/lib/python3.8/site-packages/airflow/example_dags/example_latest_only.py took 0.090 seconds
[2024-09-24T05:08:56.296+0000] {processor.py:157} INFO - Started process (PID=451) to work on /home/airflow/.local/lib/python3.8/site-packages/airflow/example_dags/example_latest_only.py
[2024-09-24T05:08:56.300+0000] {processor.py:829} INFO - Processing file /home/airflow/.local/lib/python3.8/site-packages/airflow/example_dags/example_latest_only.py for tasks to queue
[2024-09-24T05:08:56.304+0000] {logging_mixin.py:151} INFO - [2024-09-24T05:08:56.303+0000] {dagbag.py:539} INFO - Filling up the DagBag from /home/airflow/.local/lib/python3.8/site-packages/airflow/example_dags/example_latest_only.py
[2024-09-24T05:08:56.312+0000] {processor.py:839} INFO - DAG(s) dict_keys(['latest_only']) retrieved from /home/airflow/.local/lib/python3.8/site-packages/airflow/example_dags/example_latest_only.py
[2024-09-24T05:08:56.377+0000] {logging_mixin.py:151} INFO - [2024-09-24T05:08:56.376+0000] {dag.py:2907} INFO - Sync 1 DAGs
[2024-09-24T05:08:56.423+0000] {logging_mixin.py:151} INFO - [2024-09-24T05:08:56.422+0000] {dag.py:3677} INFO - Setting next_dagrun for latest_only to 2024-09-24T01:08:56.422602+00:00, run_after=2024-09-24T05:08:56.422602+00:00
[2024-09-24T05:08:56.477+0000] {processor.py:179} INFO - Processing /home/airflow/.local/lib/python3.8/site-packages/airflow/example_dags/example_latest_only.py took 0.187 seconds
[2024-09-24T05:09:27.048+0000] {processor.py:157} INFO - Started process (PID=507) to work on /home/airflow/.local/lib/python3.8/site-packages/airflow/example_dags/example_latest_only.py
[2024-09-24T05:09:27.050+0000] {processor.py:829} INFO - Processing file /home/airflow/.local/lib/python3.8/site-packages/airflow/example_dags/example_latest_only.py for tasks to queue
[2024-09-24T05:09:27.054+0000] {logging_mixin.py:151} INFO - [2024-09-24T05:09:27.053+0000] {dagbag.py:539} INFO - Filling up the DagBag from /home/airflow/.local/lib/python3.8/site-packages/airflow/example_dags/example_latest_only.py
[2024-09-24T05:09:27.060+0000] {processor.py:839} INFO - DAG(s) dict_keys(['latest_only']) retrieved from /home/airflow/.local/lib/python3.8/site-packages/airflow/example_dags/example_latest_only.py
[2024-09-24T05:09:27.087+0000] {logging_mixin.py:151} INFO - [2024-09-24T05:09:27.087+0000] {dag.py:2907} INFO - Sync 1 DAGs
[2024-09-24T05:09:27.113+0000] {logging_mixin.py:151} INFO - [2024-09-24T05:09:27.113+0000] {dag.py:3677} INFO - Setting next_dagrun for latest_only to 2024-09-24T01:09:27.112880+00:00, run_after=2024-09-24T05:09:27.112880+00:00
[2024-09-24T05:09:27.145+0000] {processor.py:179} INFO - Processing /home/airflow/.local/lib/python3.8/site-packages/airflow/example_dags/example_latest_only.py took 0.100 seconds
[2024-09-24T05:09:57.929+0000] {processor.py:157} INFO - Started process (PID=563) to work on /home/airflow/.local/lib/python3.8/site-packages/airflow/example_dags/example_latest_only.py
[2024-09-24T05:09:57.931+0000] {processor.py:829} INFO - Processing file /home/airflow/.local/lib/python3.8/site-packages/airflow/example_dags/example_latest_only.py for tasks to queue
[2024-09-24T05:09:57.933+0000] {logging_mixin.py:151} INFO - [2024-09-24T05:09:57.933+0000] {dagbag.py:539} INFO - Filling up the DagBag from /home/airflow/.local/lib/python3.8/site-packages/airflow/example_dags/example_latest_only.py
[2024-09-24T05:09:57.939+0000] {processor.py:839} INFO - DAG(s) dict_keys(['latest_only']) retrieved from /home/airflow/.local/lib/python3.8/site-packages/airflow/example_dags/example_latest_only.py
[2024-09-24T05:09:57.964+0000] {logging_mixin.py:151} INFO - [2024-09-24T05:09:57.964+0000] {dag.py:2907} INFO - Sync 1 DAGs
[2024-09-24T05:09:57.991+0000] {logging_mixin.py:151} INFO - [2024-09-24T05:09:57.990+0000] {dag.py:3677} INFO - Setting next_dagrun for latest_only to 2024-09-24T01:09:57.990724+00:00, run_after=2024-09-24T05:09:57.990724+00:00
[2024-09-24T05:09:58.023+0000] {processor.py:179} INFO - Processing /home/airflow/.local/lib/python3.8/site-packages/airflow/example_dags/example_latest_only.py took 0.097 seconds
[2024-09-24T05:10:28.915+0000] {processor.py:157} INFO - Started process (PID=619) to work on /home/airflow/.local/lib/python3.8/site-packages/airflow/example_dags/example_latest_only.py
[2024-09-24T05:10:28.918+0000] {processor.py:829} INFO - Processing file /home/airflow/.local/lib/python3.8/site-packages/airflow/example_dags/example_latest_only.py for tasks to queue
[2024-09-24T05:10:28.922+0000] {logging_mixin.py:151} INFO - [2024-09-24T05:10:28.921+0000] {dagbag.py:539} INFO - Filling up the DagBag from /home/airflow/.local/lib/python3.8/site-packages/airflow/example_dags/example_latest_only.py
[2024-09-24T05:10:28.935+0000] {processor.py:839} INFO - DAG(s) dict_keys(['latest_only']) retrieved from /home/airflow/.local/lib/python3.8/site-packages/airflow/example_dags/example_latest_only.py
[2024-09-24T05:10:28.986+0000] {logging_mixin.py:151} INFO - [2024-09-24T05:10:28.985+0000] {dag.py:2907} INFO - Sync 1 DAGs
[2024-09-24T05:10:29.033+0000] {logging_mixin.py:151} INFO - [2024-09-24T05:10:29.032+0000] {dag.py:3677} INFO - Setting next_dagrun for latest_only to 2024-09-24T01:10:29.032297+00:00, run_after=2024-09-24T05:10:29.032297+00:00
[2024-09-24T05:10:29.076+0000] {processor.py:179} INFO - Processing /home/airflow/.local/lib/python3.8/site-packages/airflow/example_dags/example_latest_only.py took 0.167 seconds
[2024-09-24T05:10:59.375+0000] {processor.py:157} INFO - Started process (PID=675) to work on /home/airflow/.local/lib/python3.8/site-packages/airflow/example_dags/example_latest_only.py
[2024-09-24T05:10:59.377+0000] {processor.py:829} INFO - Processing file /home/airflow/.local/lib/python3.8/site-packages/airflow/example_dags/example_latest_only.py for tasks to queue
[2024-09-24T05:10:59.380+0000] {logging_mixin.py:151} INFO - [2024-09-24T05:10:59.380+0000] {dagbag.py:539} INFO - Filling up the DagBag from /home/airflow/.local/lib/python3.8/site-packages/airflow/example_dags/example_latest_only.py
[2024-09-24T05:10:59.387+0000] {processor.py:839} INFO - DAG(s) dict_keys(['latest_only']) retrieved from /home/airflow/.local/lib/python3.8/site-packages/airflow/example_dags/example_latest_only.py
[2024-09-24T05:10:59.423+0000] {logging_mixin.py:151} INFO - [2024-09-24T05:10:59.423+0000] {dag.py:2907} INFO - Sync 1 DAGs
[2024-09-24T05:10:59.459+0000] {logging_mixin.py:151} INFO - [2024-09-24T05:10:59.458+0000] {dag.py:3677} INFO - Setting next_dagrun for latest_only to 2024-09-24T01:10:59.457634+00:00, run_after=2024-09-24T05:10:59.457634+00:00
[2024-09-24T05:10:59.502+0000] {processor.py:179} INFO - Processing /home/airflow/.local/lib/python3.8/site-packages/airflow/example_dags/example_latest_only.py took 0.131 seconds
[2024-09-24T05:11:29.549+0000] {processor.py:157} INFO - Started process (PID=730) to work on /home/airflow/.local/lib/python3.8/site-packages/airflow/example_dags/example_latest_only.py
[2024-09-24T05:11:29.550+0000] {processor.py:829} INFO - Processing file /home/airflow/.local/lib/python3.8/site-packages/airflow/example_dags/example_latest_only.py for tasks to queue
[2024-09-24T05:11:29.554+0000] {logging_mixin.py:151} INFO - [2024-09-24T05:11:29.553+0000] {dagbag.py:539} INFO - Filling up the DagBag from /home/airflow/.local/lib/python3.8/site-packages/airflow/example_dags/example_latest_only.py
[2024-09-24T05:11:29.559+0000] {processor.py:839} INFO - DAG(s) dict_keys(['latest_only']) retrieved from /home/airflow/.local/lib/python3.8/site-packages/airflow/example_dags/example_latest_only.py
[2024-09-24T05:11:29.585+0000] {logging_mixin.py:151} INFO - [2024-09-24T05:11:29.584+0000] {dag.py:2907} INFO - Sync 1 DAGs
[2024-09-24T05:11:29.616+0000] {logging_mixin.py:151} INFO - [2024-09-24T05:11:29.616+0000] {dag.py:3677} INFO - Setting next_dagrun for latest_only to 2024-09-24T01:11:29.616318+00:00, run_after=2024-09-24T05:11:29.616318+00:00
[2024-09-24T05:11:29.647+0000] {processor.py:179} INFO - Processing /home/airflow/.local/lib/python3.8/site-packages/airflow/example_dags/example_latest_only.py took 0.102 seconds
[2024-09-24T05:12:00.422+0000] {processor.py:157} INFO - Started process (PID=786) to work on /home/airflow/.local/lib/python3.8/site-packages/airflow/example_dags/example_latest_only.py
[2024-09-24T05:12:00.425+0000] {processor.py:829} INFO - Processing file /home/airflow/.local/lib/python3.8/site-packages/airflow/example_dags/example_latest_only.py for tasks to queue
[2024-09-24T05:12:00.429+0000] {logging_mixin.py:151} INFO - [2024-09-24T05:12:00.429+0000] {dagbag.py:539} INFO - Filling up the DagBag from /home/airflow/.local/lib/python3.8/site-packages/airflow/example_dags/example_latest_only.py
[2024-09-24T05:12:00.437+0000] {processor.py:839} INFO - DAG(s) dict_keys(['latest_only']) retrieved from /home/airflow/.local/lib/python3.8/site-packages/airflow/example_dags/example_latest_only.py
[2024-09-24T05:12:00.484+0000] {logging_mixin.py:151} INFO - [2024-09-24T05:12:00.483+0000] {dag.py:2907} INFO - Sync 1 DAGs
[2024-09-24T05:12:00.537+0000] {logging_mixin.py:151} INFO - [2024-09-24T05:12:00.536+0000] {dag.py:3677} INFO - Setting next_dagrun for latest_only to 2024-09-24T01:12:00.536312+00:00, run_after=2024-09-24T05:12:00.536312+00:00
[2024-09-24T05:12:00.580+0000] {processor.py:179} INFO - Processing /home/airflow/.local/lib/python3.8/site-packages/airflow/example_dags/example_latest_only.py took 0.162 seconds
[2024-09-24T05:12:31.482+0000] {processor.py:157} INFO - Started process (PID=846) to work on /home/airflow/.local/lib/python3.8/site-packages/airflow/example_dags/example_latest_only.py
[2024-09-24T05:12:31.484+0000] {processor.py:829} INFO - Processing file /home/airflow/.local/lib/python3.8/site-packages/airflow/example_dags/example_latest_only.py for tasks to queue
[2024-09-24T05:12:31.487+0000] {logging_mixin.py:151} INFO - [2024-09-24T05:12:31.487+0000] {dagbag.py:539} INFO - Filling up the DagBag from /home/airflow/.local/lib/python3.8/site-packages/airflow/example_dags/example_latest_only.py
[2024-09-24T05:12:31.502+0000] {processor.py:839} INFO - DAG(s) dict_keys(['latest_only']) retrieved from /home/airflow/.local/lib/python3.8/site-packages/airflow/example_dags/example_latest_only.py
[2024-09-24T05:12:31.543+0000] {logging_mixin.py:151} INFO - [2024-09-24T05:12:31.543+0000] {dag.py:2907} INFO - Sync 1 DAGs
[2024-09-24T05:12:31.573+0000] {logging_mixin.py:151} INFO - [2024-09-24T05:12:31.572+0000] {dag.py:3677} INFO - Setting next_dagrun for latest_only to 2024-09-24T01:12:31.572458+00:00, run_after=2024-09-24T05:12:31.572458+00:00
[2024-09-24T05:12:31.624+0000] {processor.py:179} INFO - Processing /home/airflow/.local/lib/python3.8/site-packages/airflow/example_dags/example_latest_only.py took 0.146 seconds
[2024-09-24T05:13:02.463+0000] {processor.py:157} INFO - Started process (PID=903) to work on /home/airflow/.local/lib/python3.8/site-packages/airflow/example_dags/example_latest_only.py
[2024-09-24T05:13:02.464+0000] {processor.py:829} INFO - Processing file /home/airflow/.local/lib/python3.8/site-packages/airflow/example_dags/example_latest_only.py for tasks to queue
[2024-09-24T05:13:02.467+0000] {logging_mixin.py:151} INFO - [2024-09-24T05:13:02.466+0000] {dagbag.py:539} INFO - Filling up the DagBag from /home/airflow/.local/lib/python3.8/site-packages/airflow/example_dags/example_latest_only.py
[2024-09-24T05:13:02.473+0000] {processor.py:839} INFO - DAG(s) dict_keys(['latest_only']) retrieved from /home/airflow/.local/lib/python3.8/site-packages/airflow/example_dags/example_latest_only.py
[2024-09-24T05:13:02.497+0000] {logging_mixin.py:151} INFO - [2024-09-24T05:13:02.497+0000] {dag.py:2907} INFO - Sync 1 DAGs
[2024-09-24T05:13:02.524+0000] {logging_mixin.py:151} INFO - [2024-09-24T05:13:02.523+0000] {dag.py:3677} INFO - Setting next_dagrun for latest_only to 2024-09-24T01:13:02.523655+00:00, run_after=2024-09-24T05:13:02.523655+00:00
[2024-09-24T05:13:02.551+0000] {processor.py:179} INFO - Processing /home/airflow/.local/lib/python3.8/site-packages/airflow/example_dags/example_latest_only.py took 0.091 seconds
[2024-09-24T05:13:33.303+0000] {processor.py:157} INFO - Started process (PID=959) to work on /home/airflow/.local/lib/python3.8/site-packages/airflow/example_dags/example_latest_only.py
[2024-09-24T05:13:33.304+0000] {processor.py:829} INFO - Processing file /home/airflow/.local/lib/python3.8/site-packages/airflow/example_dags/example_latest_only.py for tasks to queue
[2024-09-24T05:13:33.307+0000] {logging_mixin.py:151} INFO - [2024-09-24T05:13:33.306+0000] {dagbag.py:539} INFO - Filling up the DagBag from /home/airflow/.local/lib/python3.8/site-packages/airflow/example_dags/example_latest_only.py
[2024-09-24T05:13:33.312+0000] {processor.py:839} INFO - DAG(s) dict_keys(['latest_only']) retrieved from /home/airflow/.local/lib/python3.8/site-packages/airflow/example_dags/example_latest_only.py
[2024-09-24T05:13:33.335+0000] {logging_mixin.py:151} INFO - [2024-09-24T05:13:33.334+0000] {dag.py:2907} INFO - Sync 1 DAGs
[2024-09-24T05:13:33.363+0000] {logging_mixin.py:151} INFO - [2024-09-24T05:13:33.363+0000] {dag.py:3677} INFO - Setting next_dagrun for latest_only to 2024-09-24T01:13:33.362647+00:00, run_after=2024-09-24T05:13:33.362647+00:00
[2024-09-24T05:13:33.394+0000] {processor.py:179} INFO - Processing /home/airflow/.local/lib/python3.8/site-packages/airflow/example_dags/example_latest_only.py took 0.094 seconds
[2024-09-24T05:14:03.828+0000] {processor.py:157} INFO - Started process (PID=1015) to work on /home/airflow/.local/lib/python3.8/site-packages/airflow/example_dags/example_latest_only.py
[2024-09-24T05:14:03.830+0000] {processor.py:829} INFO - Processing file /home/airflow/.local/lib/python3.8/site-packages/airflow/example_dags/example_latest_only.py for tasks to queue
[2024-09-24T05:14:03.833+0000] {logging_mixin.py:151} INFO - [2024-09-24T05:14:03.833+0000] {dagbag.py:539} INFO - Filling up the DagBag from /home/airflow/.local/lib/python3.8/site-packages/airflow/example_dags/example_latest_only.py
[2024-09-24T05:14:03.842+0000] {processor.py:839} INFO - DAG(s) dict_keys(['latest_only']) retrieved from /home/airflow/.local/lib/python3.8/site-packages/airflow/example_dags/example_latest_only.py
[2024-09-24T05:14:03.865+0000] {logging_mixin.py:151} INFO - [2024-09-24T05:14:03.864+0000] {dag.py:2907} INFO - Sync 1 DAGs
[2024-09-24T05:14:03.889+0000] {logging_mixin.py:151} INFO - [2024-09-24T05:14:03.889+0000] {dag.py:3677} INFO - Setting next_dagrun for latest_only to 2024-09-24T01:14:03.888898+00:00, run_after=2024-09-24T05:14:03.888898+00:00
[2024-09-24T05:14:03.914+0000] {processor.py:179} INFO - Processing /home/airflow/.local/lib/python3.8/site-packages/airflow/example_dags/example_latest_only.py took 0.090 seconds
[2024-09-24T05:14:34.161+0000] {processor.py:157} INFO - Started process (PID=1071) to work on /home/airflow/.local/lib/python3.8/site-packages/airflow/example_dags/example_latest_only.py
[2024-09-24T05:14:34.162+0000] {processor.py:829} INFO - Processing file /home/airflow/.local/lib/python3.8/site-packages/airflow/example_dags/example_latest_only.py for tasks to queue
[2024-09-24T05:14:34.165+0000] {logging_mixin.py:151} INFO - [2024-09-24T05:14:34.165+0000] {dagbag.py:539} INFO - Filling up the DagBag from /home/airflow/.local/lib/python3.8/site-packages/airflow/example_dags/example_latest_only.py
[2024-09-24T05:14:34.171+0000] {processor.py:839} INFO - DAG(s) dict_keys(['latest_only']) retrieved from /home/airflow/.local/lib/python3.8/site-packages/airflow/example_dags/example_latest_only.py
[2024-09-24T05:14:34.195+0000] {logging_mixin.py:151} INFO - [2024-09-24T05:14:34.195+0000] {dag.py:2907} INFO - Sync 1 DAGs
[2024-09-24T05:14:34.221+0000] {logging_mixin.py:151} INFO - [2024-09-24T05:14:34.220+0000] {dag.py:3677} INFO - Setting next_dagrun for latest_only to 2024-09-24T01:14:34.220638+00:00, run_after=2024-09-24T05:14:34.220638+00:00
[2024-09-24T05:14:34.251+0000] {processor.py:179} INFO - Processing /home/airflow/.local/lib/python3.8/site-packages/airflow/example_dags/example_latest_only.py took 0.093 seconds
[2024-09-24T05:15:04.697+0000] {processor.py:157} INFO - Started process (PID=1127) to work on /home/airflow/.local/lib/python3.8/site-packages/airflow/example_dags/example_latest_only.py
[2024-09-24T05:15:04.698+0000] {processor.py:829} INFO - Processing file /home/airflow/.local/lib/python3.8/site-packages/airflow/example_dags/example_latest_only.py for tasks to queue
[2024-09-24T05:15:04.702+0000] {logging_mixin.py:151} INFO - [2024-09-24T05:15:04.701+0000] {dagbag.py:539} INFO - Filling up the DagBag from /home/airflow/.local/lib/python3.8/site-packages/airflow/example_dags/example_latest_only.py
[2024-09-24T05:15:04.707+0000] {processor.py:839} INFO - DAG(s) dict_keys(['latest_only']) retrieved from /home/airflow/.local/lib/python3.8/site-packages/airflow/example_dags/example_latest_only.py
[2024-09-24T05:15:04.729+0000] {logging_mixin.py:151} INFO - [2024-09-24T05:15:04.728+0000] {dag.py:2907} INFO - Sync 1 DAGs
[2024-09-24T05:15:04.754+0000] {logging_mixin.py:151} INFO - [2024-09-24T05:15:04.754+0000] {dag.py:3677} INFO - Setting next_dagrun for latest_only to 2024-09-24T01:15:04.754196+00:00, run_after=2024-09-24T05:15:04.754196+00:00
[2024-09-24T05:15:04.778+0000] {processor.py:179} INFO - Processing /home/airflow/.local/lib/python3.8/site-packages/airflow/example_dags/example_latest_only.py took 0.085 seconds
