[2024-09-24T05:05:55.714+0000] {processor.py:157} INFO - Started process (PID=122) to work on /home/airflow/.local/lib/python3.8/site-packages/airflow/example_dags/example_dynamic_task_mapping_with_no_taskflow_operators.py
[2024-09-24T05:05:55.716+0000] {processor.py:829} INFO - Processing file /home/airflow/.local/lib/python3.8/site-packages/airflow/example_dags/example_dynamic_task_mapping_with_no_taskflow_operators.py for tasks to queue
[2024-09-24T05:05:55.730+0000] {logging_mixin.py:151} INFO - [2024-09-24T05:05:55.729+0000] {dagbag.py:539} INFO - Filling up the DagBag from /home/airflow/.local/lib/python3.8/site-packages/airflow/example_dags/example_dynamic_task_mapping_with_no_taskflow_operators.py
[2024-09-24T05:05:55.752+0000] {processor.py:839} INFO - DAG(s) dict_keys(['example_dynamic_task_mapping_with_no_taskflow_operators']) retrieved from /home/airflow/.local/lib/python3.8/site-packages/airflow/example_dags/example_dynamic_task_mapping_with_no_taskflow_operators.py
[2024-09-24T05:05:55.813+0000] {logging_mixin.py:151} INFO - [2024-09-24T05:05:55.813+0000] {dag.py:2907} INFO - Sync 1 DAGs
[2024-09-24T05:05:55.855+0000] {logging_mixin.py:151} INFO - [2024-09-24T05:05:55.854+0000] {dag.py:3677} INFO - Setting next_dagrun for example_dynamic_task_mapping_with_no_taskflow_operators to 2024-09-23T05:05:55.853390+00:00, run_after=2024-09-24T05:05:55.853390+00:00
[2024-09-24T05:05:55.937+0000] {processor.py:179} INFO - Processing /home/airflow/.local/lib/python3.8/site-packages/airflow/example_dags/example_dynamic_task_mapping_with_no_taskflow_operators.py took 0.228 seconds
[2024-09-24T05:06:26.551+0000] {processor.py:157} INFO - Started process (PID=178) to work on /home/airflow/.local/lib/python3.8/site-packages/airflow/example_dags/example_dynamic_task_mapping_with_no_taskflow_operators.py
[2024-09-24T05:06:26.553+0000] {processor.py:829} INFO - Processing file /home/airflow/.local/lib/python3.8/site-packages/airflow/example_dags/example_dynamic_task_mapping_with_no_taskflow_operators.py for tasks to queue
[2024-09-24T05:06:26.556+0000] {logging_mixin.py:151} INFO - [2024-09-24T05:06:26.555+0000] {dagbag.py:539} INFO - Filling up the DagBag from /home/airflow/.local/lib/python3.8/site-packages/airflow/example_dags/example_dynamic_task_mapping_with_no_taskflow_operators.py
[2024-09-24T05:06:26.568+0000] {processor.py:839} INFO - DAG(s) dict_keys(['example_dynamic_task_mapping_with_no_taskflow_operators']) retrieved from /home/airflow/.local/lib/python3.8/site-packages/airflow/example_dags/example_dynamic_task_mapping_with_no_taskflow_operators.py
[2024-09-24T05:06:26.593+0000] {logging_mixin.py:151} INFO - [2024-09-24T05:06:26.592+0000] {dag.py:2907} INFO - Sync 1 DAGs
[2024-09-24T05:06:26.618+0000] {logging_mixin.py:151} INFO - [2024-09-24T05:06:26.618+0000] {dag.py:3677} INFO - Setting next_dagrun for example_dynamic_task_mapping_with_no_taskflow_operators to 2024-09-23T05:06:26.617763+00:00, run_after=2024-09-24T05:06:26.617763+00:00
[2024-09-24T05:06:26.647+0000] {processor.py:179} INFO - Processing /home/airflow/.local/lib/python3.8/site-packages/airflow/example_dags/example_dynamic_task_mapping_with_no_taskflow_operators.py took 0.099 seconds
[2024-09-24T05:06:57.245+0000] {processor.py:157} INFO - Started process (PID=234) to work on /home/airflow/.local/lib/python3.8/site-packages/airflow/example_dags/example_dynamic_task_mapping_with_no_taskflow_operators.py
[2024-09-24T05:06:57.247+0000] {processor.py:829} INFO - Processing file /home/airflow/.local/lib/python3.8/site-packages/airflow/example_dags/example_dynamic_task_mapping_with_no_taskflow_operators.py for tasks to queue
[2024-09-24T05:06:57.250+0000] {logging_mixin.py:151} INFO - [2024-09-24T05:06:57.249+0000] {dagbag.py:539} INFO - Filling up the DagBag from /home/airflow/.local/lib/python3.8/site-packages/airflow/example_dags/example_dynamic_task_mapping_with_no_taskflow_operators.py
[2024-09-24T05:06:57.258+0000] {processor.py:839} INFO - DAG(s) dict_keys(['example_dynamic_task_mapping_with_no_taskflow_operators']) retrieved from /home/airflow/.local/lib/python3.8/site-packages/airflow/example_dags/example_dynamic_task_mapping_with_no_taskflow_operators.py
[2024-09-24T05:06:57.286+0000] {logging_mixin.py:151} INFO - [2024-09-24T05:06:57.286+0000] {dag.py:2907} INFO - Sync 1 DAGs
[2024-09-24T05:06:57.312+0000] {logging_mixin.py:151} INFO - [2024-09-24T05:06:57.312+0000] {dag.py:3677} INFO - Setting next_dagrun for example_dynamic_task_mapping_with_no_taskflow_operators to 2024-09-23T05:06:57.311937+00:00, run_after=2024-09-24T05:06:57.311937+00:00
[2024-09-24T05:06:57.339+0000] {processor.py:179} INFO - Processing /home/airflow/.local/lib/python3.8/site-packages/airflow/example_dags/example_dynamic_task_mapping_with_no_taskflow_operators.py took 0.098 seconds
[2024-09-24T05:07:27.641+0000] {processor.py:157} INFO - Started process (PID=290) to work on /home/airflow/.local/lib/python3.8/site-packages/airflow/example_dags/example_dynamic_task_mapping_with_no_taskflow_operators.py
[2024-09-24T05:07:27.643+0000] {processor.py:829} INFO - Processing file /home/airflow/.local/lib/python3.8/site-packages/airflow/example_dags/example_dynamic_task_mapping_with_no_taskflow_operators.py for tasks to queue
[2024-09-24T05:07:27.646+0000] {logging_mixin.py:151} INFO - [2024-09-24T05:07:27.645+0000] {dagbag.py:539} INFO - Filling up the DagBag from /home/airflow/.local/lib/python3.8/site-packages/airflow/example_dags/example_dynamic_task_mapping_with_no_taskflow_operators.py
[2024-09-24T05:07:27.652+0000] {processor.py:839} INFO - DAG(s) dict_keys(['example_dynamic_task_mapping_with_no_taskflow_operators']) retrieved from /home/airflow/.local/lib/python3.8/site-packages/airflow/example_dags/example_dynamic_task_mapping_with_no_taskflow_operators.py
[2024-09-24T05:07:27.676+0000] {logging_mixin.py:151} INFO - [2024-09-24T05:07:27.675+0000] {dag.py:2907} INFO - Sync 1 DAGs
[2024-09-24T05:07:27.699+0000] {logging_mixin.py:151} INFO - [2024-09-24T05:07:27.699+0000] {dag.py:3677} INFO - Setting next_dagrun for example_dynamic_task_mapping_with_no_taskflow_operators to 2024-09-23T05:07:27.698939+00:00, run_after=2024-09-24T05:07:27.698939+00:00
[2024-09-24T05:07:27.727+0000] {processor.py:179} INFO - Processing /home/airflow/.local/lib/python3.8/site-packages/airflow/example_dags/example_dynamic_task_mapping_with_no_taskflow_operators.py took 0.089 seconds
[2024-09-24T05:07:58.201+0000] {processor.py:157} INFO - Started process (PID=346) to work on /home/airflow/.local/lib/python3.8/site-packages/airflow/example_dags/example_dynamic_task_mapping_with_no_taskflow_operators.py
[2024-09-24T05:07:58.202+0000] {processor.py:829} INFO - Processing file /home/airflow/.local/lib/python3.8/site-packages/airflow/example_dags/example_dynamic_task_mapping_with_no_taskflow_operators.py for tasks to queue
[2024-09-24T05:07:58.205+0000] {logging_mixin.py:151} INFO - [2024-09-24T05:07:58.204+0000] {dagbag.py:539} INFO - Filling up the DagBag from /home/airflow/.local/lib/python3.8/site-packages/airflow/example_dags/example_dynamic_task_mapping_with_no_taskflow_operators.py
[2024-09-24T05:07:58.212+0000] {processor.py:839} INFO - DAG(s) dict_keys(['example_dynamic_task_mapping_with_no_taskflow_operators']) retrieved from /home/airflow/.local/lib/python3.8/site-packages/airflow/example_dags/example_dynamic_task_mapping_with_no_taskflow_operators.py
[2024-09-24T05:07:58.236+0000] {logging_mixin.py:151} INFO - [2024-09-24T05:07:58.235+0000] {dag.py:2907} INFO - Sync 1 DAGs
[2024-09-24T05:07:58.260+0000] {logging_mixin.py:151} INFO - [2024-09-24T05:07:58.259+0000] {dag.py:3677} INFO - Setting next_dagrun for example_dynamic_task_mapping_with_no_taskflow_operators to 2024-09-23T05:07:58.259508+00:00, run_after=2024-09-24T05:07:58.259508+00:00
[2024-09-24T05:07:58.285+0000] {processor.py:179} INFO - Processing /home/airflow/.local/lib/python3.8/site-packages/airflow/example_dags/example_dynamic_task_mapping_with_no_taskflow_operators.py took 0.087 seconds
[2024-09-24T05:08:28.553+0000] {processor.py:157} INFO - Started process (PID=402) to work on /home/airflow/.local/lib/python3.8/site-packages/airflow/example_dags/example_dynamic_task_mapping_with_no_taskflow_operators.py
[2024-09-24T05:08:28.555+0000] {processor.py:829} INFO - Processing file /home/airflow/.local/lib/python3.8/site-packages/airflow/example_dags/example_dynamic_task_mapping_with_no_taskflow_operators.py for tasks to queue
[2024-09-24T05:08:28.558+0000] {logging_mixin.py:151} INFO - [2024-09-24T05:08:28.558+0000] {dagbag.py:539} INFO - Filling up the DagBag from /home/airflow/.local/lib/python3.8/site-packages/airflow/example_dags/example_dynamic_task_mapping_with_no_taskflow_operators.py
[2024-09-24T05:08:28.564+0000] {processor.py:839} INFO - DAG(s) dict_keys(['example_dynamic_task_mapping_with_no_taskflow_operators']) retrieved from /home/airflow/.local/lib/python3.8/site-packages/airflow/example_dags/example_dynamic_task_mapping_with_no_taskflow_operators.py
[2024-09-24T05:08:28.590+0000] {logging_mixin.py:151} INFO - [2024-09-24T05:08:28.590+0000] {dag.py:2907} INFO - Sync 1 DAGs
[2024-09-24T05:08:28.618+0000] {logging_mixin.py:151} INFO - [2024-09-24T05:08:28.618+0000] {dag.py:3677} INFO - Setting next_dagrun for example_dynamic_task_mapping_with_no_taskflow_operators to 2024-09-23T05:08:28.617724+00:00, run_after=2024-09-24T05:08:28.617724+00:00
[2024-09-24T05:08:28.644+0000] {processor.py:179} INFO - Processing /home/airflow/.local/lib/python3.8/site-packages/airflow/example_dags/example_dynamic_task_mapping_with_no_taskflow_operators.py took 0.093 seconds
[2024-09-24T05:08:58.996+0000] {processor.py:157} INFO - Started process (PID=458) to work on /home/airflow/.local/lib/python3.8/site-packages/airflow/example_dags/example_dynamic_task_mapping_with_no_taskflow_operators.py
[2024-09-24T05:08:58.999+0000] {processor.py:829} INFO - Processing file /home/airflow/.local/lib/python3.8/site-packages/airflow/example_dags/example_dynamic_task_mapping_with_no_taskflow_operators.py for tasks to queue
[2024-09-24T05:08:59.003+0000] {logging_mixin.py:151} INFO - [2024-09-24T05:08:59.002+0000] {dagbag.py:539} INFO - Filling up the DagBag from /home/airflow/.local/lib/python3.8/site-packages/airflow/example_dags/example_dynamic_task_mapping_with_no_taskflow_operators.py
[2024-09-24T05:08:59.009+0000] {processor.py:839} INFO - DAG(s) dict_keys(['example_dynamic_task_mapping_with_no_taskflow_operators']) retrieved from /home/airflow/.local/lib/python3.8/site-packages/airflow/example_dags/example_dynamic_task_mapping_with_no_taskflow_operators.py
[2024-09-24T05:08:59.045+0000] {logging_mixin.py:151} INFO - [2024-09-24T05:08:59.045+0000] {dag.py:2907} INFO - Sync 1 DAGs
[2024-09-24T05:08:59.076+0000] {logging_mixin.py:151} INFO - [2024-09-24T05:08:59.076+0000] {dag.py:3677} INFO - Setting next_dagrun for example_dynamic_task_mapping_with_no_taskflow_operators to 2024-09-23T05:08:59.075917+00:00, run_after=2024-09-24T05:08:59.075917+00:00
[2024-09-24T05:08:59.109+0000] {processor.py:179} INFO - Processing /home/airflow/.local/lib/python3.8/site-packages/airflow/example_dags/example_dynamic_task_mapping_with_no_taskflow_operators.py took 0.118 seconds
[2024-09-24T05:09:29.527+0000] {processor.py:157} INFO - Started process (PID=514) to work on /home/airflow/.local/lib/python3.8/site-packages/airflow/example_dags/example_dynamic_task_mapping_with_no_taskflow_operators.py
[2024-09-24T05:09:29.529+0000] {processor.py:829} INFO - Processing file /home/airflow/.local/lib/python3.8/site-packages/airflow/example_dags/example_dynamic_task_mapping_with_no_taskflow_operators.py for tasks to queue
[2024-09-24T05:09:29.540+0000] {logging_mixin.py:151} INFO - [2024-09-24T05:09:29.539+0000] {dagbag.py:539} INFO - Filling up the DagBag from /home/airflow/.local/lib/python3.8/site-packages/airflow/example_dags/example_dynamic_task_mapping_with_no_taskflow_operators.py
[2024-09-24T05:09:29.557+0000] {processor.py:839} INFO - DAG(s) dict_keys(['example_dynamic_task_mapping_with_no_taskflow_operators']) retrieved from /home/airflow/.local/lib/python3.8/site-packages/airflow/example_dags/example_dynamic_task_mapping_with_no_taskflow_operators.py
[2024-09-24T05:09:29.607+0000] {logging_mixin.py:151} INFO - [2024-09-24T05:09:29.607+0000] {dag.py:2907} INFO - Sync 1 DAGs
[2024-09-24T05:09:29.640+0000] {logging_mixin.py:151} INFO - [2024-09-24T05:09:29.640+0000] {dag.py:3677} INFO - Setting next_dagrun for example_dynamic_task_mapping_with_no_taskflow_operators to 2024-09-23T05:09:29.639773+00:00, run_after=2024-09-24T05:09:29.639773+00:00
[2024-09-24T05:09:29.691+0000] {processor.py:179} INFO - Processing /home/airflow/.local/lib/python3.8/site-packages/airflow/example_dags/example_dynamic_task_mapping_with_no_taskflow_operators.py took 0.171 seconds
[2024-09-24T05:10:00.407+0000] {processor.py:157} INFO - Started process (PID=570) to work on /home/airflow/.local/lib/python3.8/site-packages/airflow/example_dags/example_dynamic_task_mapping_with_no_taskflow_operators.py
[2024-09-24T05:10:00.410+0000] {processor.py:829} INFO - Processing file /home/airflow/.local/lib/python3.8/site-packages/airflow/example_dags/example_dynamic_task_mapping_with_no_taskflow_operators.py for tasks to queue
[2024-09-24T05:10:00.414+0000] {logging_mixin.py:151} INFO - [2024-09-24T05:10:00.413+0000] {dagbag.py:539} INFO - Filling up the DagBag from /home/airflow/.local/lib/python3.8/site-packages/airflow/example_dags/example_dynamic_task_mapping_with_no_taskflow_operators.py
[2024-09-24T05:10:00.425+0000] {processor.py:839} INFO - DAG(s) dict_keys(['example_dynamic_task_mapping_with_no_taskflow_operators']) retrieved from /home/airflow/.local/lib/python3.8/site-packages/airflow/example_dags/example_dynamic_task_mapping_with_no_taskflow_operators.py
[2024-09-24T05:10:00.461+0000] {logging_mixin.py:151} INFO - [2024-09-24T05:10:00.461+0000] {dag.py:2907} INFO - Sync 1 DAGs
[2024-09-24T05:10:00.495+0000] {logging_mixin.py:151} INFO - [2024-09-24T05:10:00.494+0000] {dag.py:3677} INFO - Setting next_dagrun for example_dynamic_task_mapping_with_no_taskflow_operators to 2024-09-23T05:10:00.494640+00:00, run_after=2024-09-24T05:10:00.494640+00:00
[2024-09-24T05:10:00.528+0000] {processor.py:179} INFO - Processing /home/airflow/.local/lib/python3.8/site-packages/airflow/example_dags/example_dynamic_task_mapping_with_no_taskflow_operators.py took 0.126 seconds
[2024-09-24T05:10:30.781+0000] {processor.py:157} INFO - Started process (PID=626) to work on /home/airflow/.local/lib/python3.8/site-packages/airflow/example_dags/example_dynamic_task_mapping_with_no_taskflow_operators.py
[2024-09-24T05:10:30.784+0000] {processor.py:829} INFO - Processing file /home/airflow/.local/lib/python3.8/site-packages/airflow/example_dags/example_dynamic_task_mapping_with_no_taskflow_operators.py for tasks to queue
[2024-09-24T05:10:30.790+0000] {logging_mixin.py:151} INFO - [2024-09-24T05:10:30.789+0000] {dagbag.py:539} INFO - Filling up the DagBag from /home/airflow/.local/lib/python3.8/site-packages/airflow/example_dags/example_dynamic_task_mapping_with_no_taskflow_operators.py
[2024-09-24T05:10:30.803+0000] {processor.py:839} INFO - DAG(s) dict_keys(['example_dynamic_task_mapping_with_no_taskflow_operators']) retrieved from /home/airflow/.local/lib/python3.8/site-packages/airflow/example_dags/example_dynamic_task_mapping_with_no_taskflow_operators.py
[2024-09-24T05:10:30.857+0000] {logging_mixin.py:151} INFO - [2024-09-24T05:10:30.856+0000] {dag.py:2907} INFO - Sync 1 DAGs
[2024-09-24T05:10:30.917+0000] {logging_mixin.py:151} INFO - [2024-09-24T05:10:30.916+0000] {dag.py:3677} INFO - Setting next_dagrun for example_dynamic_task_mapping_with_no_taskflow_operators to 2024-09-23T05:10:30.915692+00:00, run_after=2024-09-24T05:10:30.915692+00:00
[2024-09-24T05:10:30.988+0000] {processor.py:179} INFO - Processing /home/airflow/.local/lib/python3.8/site-packages/airflow/example_dags/example_dynamic_task_mapping_with_no_taskflow_operators.py took 0.214 seconds
[2024-09-24T05:11:01.067+0000] {processor.py:157} INFO - Started process (PID=681) to work on /home/airflow/.local/lib/python3.8/site-packages/airflow/example_dags/example_dynamic_task_mapping_with_no_taskflow_operators.py
[2024-09-24T05:11:01.069+0000] {processor.py:829} INFO - Processing file /home/airflow/.local/lib/python3.8/site-packages/airflow/example_dags/example_dynamic_task_mapping_with_no_taskflow_operators.py for tasks to queue
[2024-09-24T05:11:01.072+0000] {logging_mixin.py:151} INFO - [2024-09-24T05:11:01.072+0000] {dagbag.py:539} INFO - Filling up the DagBag from /home/airflow/.local/lib/python3.8/site-packages/airflow/example_dags/example_dynamic_task_mapping_with_no_taskflow_operators.py
[2024-09-24T05:11:01.080+0000] {processor.py:839} INFO - DAG(s) dict_keys(['example_dynamic_task_mapping_with_no_taskflow_operators']) retrieved from /home/airflow/.local/lib/python3.8/site-packages/airflow/example_dags/example_dynamic_task_mapping_with_no_taskflow_operators.py
[2024-09-24T05:11:01.109+0000] {logging_mixin.py:151} INFO - [2024-09-24T05:11:01.109+0000] {dag.py:2907} INFO - Sync 1 DAGs
[2024-09-24T05:11:01.139+0000] {logging_mixin.py:151} INFO - [2024-09-24T05:11:01.139+0000] {dag.py:3677} INFO - Setting next_dagrun for example_dynamic_task_mapping_with_no_taskflow_operators to 2024-09-23T05:11:01.138615+00:00, run_after=2024-09-24T05:11:01.138615+00:00
[2024-09-24T05:11:01.170+0000] {processor.py:179} INFO - Processing /home/airflow/.local/lib/python3.8/site-packages/airflow/example_dags/example_dynamic_task_mapping_with_no_taskflow_operators.py took 0.107 seconds
[2024-09-24T05:11:32.002+0000] {processor.py:157} INFO - Started process (PID=737) to work on /home/airflow/.local/lib/python3.8/site-packages/airflow/example_dags/example_dynamic_task_mapping_with_no_taskflow_operators.py
[2024-09-24T05:11:32.004+0000] {processor.py:829} INFO - Processing file /home/airflow/.local/lib/python3.8/site-packages/airflow/example_dags/example_dynamic_task_mapping_with_no_taskflow_operators.py for tasks to queue
[2024-09-24T05:11:32.007+0000] {logging_mixin.py:151} INFO - [2024-09-24T05:11:32.007+0000] {dagbag.py:539} INFO - Filling up the DagBag from /home/airflow/.local/lib/python3.8/site-packages/airflow/example_dags/example_dynamic_task_mapping_with_no_taskflow_operators.py
[2024-09-24T05:11:32.016+0000] {processor.py:839} INFO - DAG(s) dict_keys(['example_dynamic_task_mapping_with_no_taskflow_operators']) retrieved from /home/airflow/.local/lib/python3.8/site-packages/airflow/example_dags/example_dynamic_task_mapping_with_no_taskflow_operators.py
[2024-09-24T05:11:32.044+0000] {logging_mixin.py:151} INFO - [2024-09-24T05:11:32.043+0000] {dag.py:2907} INFO - Sync 1 DAGs
[2024-09-24T05:11:32.073+0000] {logging_mixin.py:151} INFO - [2024-09-24T05:11:32.073+0000] {dag.py:3677} INFO - Setting next_dagrun for example_dynamic_task_mapping_with_no_taskflow_operators to 2024-09-23T05:11:32.072855+00:00, run_after=2024-09-24T05:11:32.072855+00:00
[2024-09-24T05:11:32.107+0000] {processor.py:179} INFO - Processing /home/airflow/.local/lib/python3.8/site-packages/airflow/example_dags/example_dynamic_task_mapping_with_no_taskflow_operators.py took 0.109 seconds
[2024-09-24T05:12:02.663+0000] {processor.py:157} INFO - Started process (PID=793) to work on /home/airflow/.local/lib/python3.8/site-packages/airflow/example_dags/example_dynamic_task_mapping_with_no_taskflow_operators.py
[2024-09-24T05:12:02.665+0000] {processor.py:829} INFO - Processing file /home/airflow/.local/lib/python3.8/site-packages/airflow/example_dags/example_dynamic_task_mapping_with_no_taskflow_operators.py for tasks to queue
[2024-09-24T05:12:02.668+0000] {logging_mixin.py:151} INFO - [2024-09-24T05:12:02.668+0000] {dagbag.py:539} INFO - Filling up the DagBag from /home/airflow/.local/lib/python3.8/site-packages/airflow/example_dags/example_dynamic_task_mapping_with_no_taskflow_operators.py
[2024-09-24T05:12:02.680+0000] {processor.py:839} INFO - DAG(s) dict_keys(['example_dynamic_task_mapping_with_no_taskflow_operators']) retrieved from /home/airflow/.local/lib/python3.8/site-packages/airflow/example_dags/example_dynamic_task_mapping_with_no_taskflow_operators.py
[2024-09-24T05:12:02.717+0000] {logging_mixin.py:151} INFO - [2024-09-24T05:12:02.717+0000] {dag.py:2907} INFO - Sync 1 DAGs
[2024-09-24T05:12:02.754+0000] {logging_mixin.py:151} INFO - [2024-09-24T05:12:02.754+0000] {dag.py:3677} INFO - Setting next_dagrun for example_dynamic_task_mapping_with_no_taskflow_operators to 2024-09-23T05:12:02.753649+00:00, run_after=2024-09-24T05:12:02.753649+00:00
[2024-09-24T05:12:02.794+0000] {processor.py:179} INFO - Processing /home/airflow/.local/lib/python3.8/site-packages/airflow/example_dags/example_dynamic_task_mapping_with_no_taskflow_operators.py took 0.135 seconds
[2024-09-24T05:12:33.713+0000] {processor.py:157} INFO - Started process (PID=853) to work on /home/airflow/.local/lib/python3.8/site-packages/airflow/example_dags/example_dynamic_task_mapping_with_no_taskflow_operators.py
[2024-09-24T05:12:33.716+0000] {processor.py:829} INFO - Processing file /home/airflow/.local/lib/python3.8/site-packages/airflow/example_dags/example_dynamic_task_mapping_with_no_taskflow_operators.py for tasks to queue
[2024-09-24T05:12:33.721+0000] {logging_mixin.py:151} INFO - [2024-09-24T05:12:33.720+0000] {dagbag.py:539} INFO - Filling up the DagBag from /home/airflow/.local/lib/python3.8/site-packages/airflow/example_dags/example_dynamic_task_mapping_with_no_taskflow_operators.py
[2024-09-24T05:12:33.735+0000] {processor.py:839} INFO - DAG(s) dict_keys(['example_dynamic_task_mapping_with_no_taskflow_operators']) retrieved from /home/airflow/.local/lib/python3.8/site-packages/airflow/example_dags/example_dynamic_task_mapping_with_no_taskflow_operators.py
[2024-09-24T05:12:33.773+0000] {logging_mixin.py:151} INFO - [2024-09-24T05:12:33.772+0000] {dag.py:2907} INFO - Sync 1 DAGs
[2024-09-24T05:12:33.810+0000] {logging_mixin.py:151} INFO - [2024-09-24T05:12:33.809+0000] {dag.py:3677} INFO - Setting next_dagrun for example_dynamic_task_mapping_with_no_taskflow_operators to 2024-09-23T05:12:33.809469+00:00, run_after=2024-09-24T05:12:33.809469+00:00
[2024-09-24T05:12:33.850+0000] {processor.py:179} INFO - Processing /home/airflow/.local/lib/python3.8/site-packages/airflow/example_dags/example_dynamic_task_mapping_with_no_taskflow_operators.py took 0.143 seconds
[2024-09-24T05:13:04.007+0000] {processor.py:157} INFO - Started process (PID=910) to work on /home/airflow/.local/lib/python3.8/site-packages/airflow/example_dags/example_dynamic_task_mapping_with_no_taskflow_operators.py
[2024-09-24T05:13:04.008+0000] {processor.py:829} INFO - Processing file /home/airflow/.local/lib/python3.8/site-packages/airflow/example_dags/example_dynamic_task_mapping_with_no_taskflow_operators.py for tasks to queue
[2024-09-24T05:13:04.011+0000] {logging_mixin.py:151} INFO - [2024-09-24T05:13:04.011+0000] {dagbag.py:539} INFO - Filling up the DagBag from /home/airflow/.local/lib/python3.8/site-packages/airflow/example_dags/example_dynamic_task_mapping_with_no_taskflow_operators.py
[2024-09-24T05:13:04.019+0000] {processor.py:839} INFO - DAG(s) dict_keys(['example_dynamic_task_mapping_with_no_taskflow_operators']) retrieved from /home/airflow/.local/lib/python3.8/site-packages/airflow/example_dags/example_dynamic_task_mapping_with_no_taskflow_operators.py
[2024-09-24T05:13:04.049+0000] {logging_mixin.py:151} INFO - [2024-09-24T05:13:04.049+0000] {dag.py:2907} INFO - Sync 1 DAGs
[2024-09-24T05:13:04.079+0000] {logging_mixin.py:151} INFO - [2024-09-24T05:13:04.079+0000] {dag.py:3677} INFO - Setting next_dagrun for example_dynamic_task_mapping_with_no_taskflow_operators to 2024-09-23T05:13:04.078830+00:00, run_after=2024-09-24T05:13:04.078830+00:00
[2024-09-24T05:13:04.110+0000] {processor.py:179} INFO - Processing /home/airflow/.local/lib/python3.8/site-packages/airflow/example_dags/example_dynamic_task_mapping_with_no_taskflow_operators.py took 0.106 seconds
[2024-09-24T05:13:34.838+0000] {processor.py:157} INFO - Started process (PID=966) to work on /home/airflow/.local/lib/python3.8/site-packages/airflow/example_dags/example_dynamic_task_mapping_with_no_taskflow_operators.py
[2024-09-24T05:13:34.839+0000] {processor.py:829} INFO - Processing file /home/airflow/.local/lib/python3.8/site-packages/airflow/example_dags/example_dynamic_task_mapping_with_no_taskflow_operators.py for tasks to queue
[2024-09-24T05:13:34.844+0000] {logging_mixin.py:151} INFO - [2024-09-24T05:13:34.843+0000] {dagbag.py:539} INFO - Filling up the DagBag from /home/airflow/.local/lib/python3.8/site-packages/airflow/example_dags/example_dynamic_task_mapping_with_no_taskflow_operators.py
[2024-09-24T05:13:34.855+0000] {processor.py:839} INFO - DAG(s) dict_keys(['example_dynamic_task_mapping_with_no_taskflow_operators']) retrieved from /home/airflow/.local/lib/python3.8/site-packages/airflow/example_dags/example_dynamic_task_mapping_with_no_taskflow_operators.py
[2024-09-24T05:13:34.881+0000] {logging_mixin.py:151} INFO - [2024-09-24T05:13:34.880+0000] {dag.py:2907} INFO - Sync 1 DAGs
[2024-09-24T05:13:34.908+0000] {logging_mixin.py:151} INFO - [2024-09-24T05:13:34.908+0000] {dag.py:3677} INFO - Setting next_dagrun for example_dynamic_task_mapping_with_no_taskflow_operators to 2024-09-23T05:13:34.908314+00:00, run_after=2024-09-24T05:13:34.908314+00:00
[2024-09-24T05:13:34.935+0000] {processor.py:179} INFO - Processing /home/airflow/.local/lib/python3.8/site-packages/airflow/example_dags/example_dynamic_task_mapping_with_no_taskflow_operators.py took 0.101 seconds
[2024-09-24T05:14:05.379+0000] {processor.py:157} INFO - Started process (PID=1022) to work on /home/airflow/.local/lib/python3.8/site-packages/airflow/example_dags/example_dynamic_task_mapping_with_no_taskflow_operators.py
[2024-09-24T05:14:05.381+0000] {processor.py:829} INFO - Processing file /home/airflow/.local/lib/python3.8/site-packages/airflow/example_dags/example_dynamic_task_mapping_with_no_taskflow_operators.py for tasks to queue
[2024-09-24T05:14:05.384+0000] {logging_mixin.py:151} INFO - [2024-09-24T05:14:05.383+0000] {dagbag.py:539} INFO - Filling up the DagBag from /home/airflow/.local/lib/python3.8/site-packages/airflow/example_dags/example_dynamic_task_mapping_with_no_taskflow_operators.py
[2024-09-24T05:14:05.391+0000] {processor.py:839} INFO - DAG(s) dict_keys(['example_dynamic_task_mapping_with_no_taskflow_operators']) retrieved from /home/airflow/.local/lib/python3.8/site-packages/airflow/example_dags/example_dynamic_task_mapping_with_no_taskflow_operators.py
[2024-09-24T05:14:05.416+0000] {logging_mixin.py:151} INFO - [2024-09-24T05:14:05.416+0000] {dag.py:2907} INFO - Sync 1 DAGs
[2024-09-24T05:14:05.441+0000] {logging_mixin.py:151} INFO - [2024-09-24T05:14:05.441+0000] {dag.py:3677} INFO - Setting next_dagrun for example_dynamic_task_mapping_with_no_taskflow_operators to 2024-09-23T05:14:05.441109+00:00, run_after=2024-09-24T05:14:05.441109+00:00
[2024-09-24T05:14:05.477+0000] {processor.py:179} INFO - Processing /home/airflow/.local/lib/python3.8/site-packages/airflow/example_dags/example_dynamic_task_mapping_with_no_taskflow_operators.py took 0.102 seconds
[2024-09-24T05:14:35.743+0000] {processor.py:157} INFO - Started process (PID=1078) to work on /home/airflow/.local/lib/python3.8/site-packages/airflow/example_dags/example_dynamic_task_mapping_with_no_taskflow_operators.py
[2024-09-24T05:14:35.745+0000] {processor.py:829} INFO - Processing file /home/airflow/.local/lib/python3.8/site-packages/airflow/example_dags/example_dynamic_task_mapping_with_no_taskflow_operators.py for tasks to queue
[2024-09-24T05:14:35.747+0000] {logging_mixin.py:151} INFO - [2024-09-24T05:14:35.747+0000] {dagbag.py:539} INFO - Filling up the DagBag from /home/airflow/.local/lib/python3.8/site-packages/airflow/example_dags/example_dynamic_task_mapping_with_no_taskflow_operators.py
[2024-09-24T05:14:35.754+0000] {processor.py:839} INFO - DAG(s) dict_keys(['example_dynamic_task_mapping_with_no_taskflow_operators']) retrieved from /home/airflow/.local/lib/python3.8/site-packages/airflow/example_dags/example_dynamic_task_mapping_with_no_taskflow_operators.py
[2024-09-24T05:14:35.775+0000] {logging_mixin.py:151} INFO - [2024-09-24T05:14:35.775+0000] {dag.py:2907} INFO - Sync 1 DAGs
[2024-09-24T05:14:35.803+0000] {logging_mixin.py:151} INFO - [2024-09-24T05:14:35.803+0000] {dag.py:3677} INFO - Setting next_dagrun for example_dynamic_task_mapping_with_no_taskflow_operators to 2024-09-23T05:14:35.803288+00:00, run_after=2024-09-24T05:14:35.803288+00:00
[2024-09-24T05:14:35.827+0000] {processor.py:179} INFO - Processing /home/airflow/.local/lib/python3.8/site-packages/airflow/example_dags/example_dynamic_task_mapping_with_no_taskflow_operators.py took 0.086 seconds
[2024-09-24T05:15:06.265+0000] {processor.py:157} INFO - Started process (PID=1134) to work on /home/airflow/.local/lib/python3.8/site-packages/airflow/example_dags/example_dynamic_task_mapping_with_no_taskflow_operators.py
[2024-09-24T05:15:06.266+0000] {processor.py:829} INFO - Processing file /home/airflow/.local/lib/python3.8/site-packages/airflow/example_dags/example_dynamic_task_mapping_with_no_taskflow_operators.py for tasks to queue
[2024-09-24T05:15:06.269+0000] {logging_mixin.py:151} INFO - [2024-09-24T05:15:06.269+0000] {dagbag.py:539} INFO - Filling up the DagBag from /home/airflow/.local/lib/python3.8/site-packages/airflow/example_dags/example_dynamic_task_mapping_with_no_taskflow_operators.py
[2024-09-24T05:15:06.277+0000] {processor.py:839} INFO - DAG(s) dict_keys(['example_dynamic_task_mapping_with_no_taskflow_operators']) retrieved from /home/airflow/.local/lib/python3.8/site-packages/airflow/example_dags/example_dynamic_task_mapping_with_no_taskflow_operators.py
[2024-09-24T05:15:06.301+0000] {logging_mixin.py:151} INFO - [2024-09-24T05:15:06.300+0000] {dag.py:2907} INFO - Sync 1 DAGs
[2024-09-24T05:15:06.326+0000] {logging_mixin.py:151} INFO - [2024-09-24T05:15:06.326+0000] {dag.py:3677} INFO - Setting next_dagrun for example_dynamic_task_mapping_with_no_taskflow_operators to 2024-09-23T05:15:06.325680+00:00, run_after=2024-09-24T05:15:06.325680+00:00
[2024-09-24T05:15:06.354+0000] {processor.py:179} INFO - Processing /home/airflow/.local/lib/python3.8/site-packages/airflow/example_dags/example_dynamic_task_mapping_with_no_taskflow_operators.py took 0.092 seconds
