[2024-09-24T04:10:22.825+0000] {processor.py:157} INFO - Started process (PID=59) to work on /home/airflow/.local/lib/python3.8/site-packages/airflow/example_dags/example_nested_branch_dag.py
[2024-09-24T04:10:22.831+0000] {processor.py:829} INFO - Processing file /home/airflow/.local/lib/python3.8/site-packages/airflow/example_dags/example_nested_branch_dag.py for tasks to queue
[2024-09-24T04:10:22.843+0000] {logging_mixin.py:151} INFO - [2024-09-24T04:10:22.842+0000] {dagbag.py:539} INFO - Filling up the DagBag from /home/airflow/.local/lib/python3.8/site-packages/airflow/example_dags/example_nested_branch_dag.py
[2024-09-24T04:10:22.877+0000] {processor.py:839} INFO - DAG(s) dict_keys(['example_nested_branch_dag']) retrieved from /home/airflow/.local/lib/python3.8/site-packages/airflow/example_dags/example_nested_branch_dag.py
[2024-09-24T04:10:22.942+0000] {logging_mixin.py:151} INFO - [2024-09-24T04:10:22.941+0000] {dag.py:2907} INFO - Sync 1 DAGs
[2024-09-24T04:10:22.990+0000] {logging_mixin.py:151} INFO - [2024-09-24T04:10:22.989+0000] {dag.py:3677} INFO - Setting next_dagrun for example_nested_branch_dag to 2024-09-23T00:00:00+00:00, run_after=2024-09-24T00:00:00+00:00
[2024-09-24T04:10:23.105+0000] {processor.py:179} INFO - Processing /home/airflow/.local/lib/python3.8/site-packages/airflow/example_dags/example_nested_branch_dag.py took 0.299 seconds
[2024-09-24T05:05:41.083+0000] {processor.py:157} INFO - Started process (PID=89) to work on /home/airflow/.local/lib/python3.8/site-packages/airflow/example_dags/example_nested_branch_dag.py
[2024-09-24T05:05:41.086+0000] {processor.py:829} INFO - Processing file /home/airflow/.local/lib/python3.8/site-packages/airflow/example_dags/example_nested_branch_dag.py for tasks to queue
[2024-09-24T05:05:41.110+0000] {logging_mixin.py:151} INFO - [2024-09-24T05:05:41.109+0000] {dagbag.py:539} INFO - Filling up the DagBag from /home/airflow/.local/lib/python3.8/site-packages/airflow/example_dags/example_nested_branch_dag.py
[2024-09-24T05:05:41.161+0000] {processor.py:839} INFO - DAG(s) dict_keys(['example_nested_branch_dag']) retrieved from /home/airflow/.local/lib/python3.8/site-packages/airflow/example_dags/example_nested_branch_dag.py
[2024-09-24T05:05:43.243+0000] {logging_mixin.py:151} INFO - [2024-09-24T05:05:43.243+0000] {dag.py:2907} INFO - Sync 1 DAGs
[2024-09-24T05:05:43.346+0000] {logging_mixin.py:151} INFO - [2024-09-24T05:05:43.345+0000] {dag.py:3677} INFO - Setting next_dagrun for example_nested_branch_dag to 2024-09-23T00:00:00+00:00, run_after=2024-09-24T00:00:00+00:00
[2024-09-24T05:05:43.423+0000] {processor.py:179} INFO - Processing /home/airflow/.local/lib/python3.8/site-packages/airflow/example_dags/example_nested_branch_dag.py took 2.356 seconds
[2024-09-24T05:06:13.826+0000] {processor.py:157} INFO - Started process (PID=145) to work on /home/airflow/.local/lib/python3.8/site-packages/airflow/example_dags/example_nested_branch_dag.py
[2024-09-24T05:06:13.828+0000] {processor.py:829} INFO - Processing file /home/airflow/.local/lib/python3.8/site-packages/airflow/example_dags/example_nested_branch_dag.py for tasks to queue
[2024-09-24T05:06:13.832+0000] {logging_mixin.py:151} INFO - [2024-09-24T05:06:13.831+0000] {dagbag.py:539} INFO - Filling up the DagBag from /home/airflow/.local/lib/python3.8/site-packages/airflow/example_dags/example_nested_branch_dag.py
[2024-09-24T05:06:13.842+0000] {processor.py:839} INFO - DAG(s) dict_keys(['example_nested_branch_dag']) retrieved from /home/airflow/.local/lib/python3.8/site-packages/airflow/example_dags/example_nested_branch_dag.py
[2024-09-24T05:06:13.867+0000] {logging_mixin.py:151} INFO - [2024-09-24T05:06:13.867+0000] {dag.py:2907} INFO - Sync 1 DAGs
[2024-09-24T05:06:13.894+0000] {logging_mixin.py:151} INFO - [2024-09-24T05:06:13.893+0000] {dag.py:3677} INFO - Setting next_dagrun for example_nested_branch_dag to 2024-09-23T00:00:00+00:00, run_after=2024-09-24T00:00:00+00:00
[2024-09-24T05:06:13.921+0000] {processor.py:179} INFO - Processing /home/airflow/.local/lib/python3.8/site-packages/airflow/example_dags/example_nested_branch_dag.py took 0.099 seconds
[2024-09-24T05:06:44.242+0000] {processor.py:157} INFO - Started process (PID=201) to work on /home/airflow/.local/lib/python3.8/site-packages/airflow/example_dags/example_nested_branch_dag.py
[2024-09-24T05:06:44.244+0000] {processor.py:829} INFO - Processing file /home/airflow/.local/lib/python3.8/site-packages/airflow/example_dags/example_nested_branch_dag.py for tasks to queue
[2024-09-24T05:06:44.248+0000] {logging_mixin.py:151} INFO - [2024-09-24T05:06:44.247+0000] {dagbag.py:539} INFO - Filling up the DagBag from /home/airflow/.local/lib/python3.8/site-packages/airflow/example_dags/example_nested_branch_dag.py
[2024-09-24T05:06:44.259+0000] {processor.py:839} INFO - DAG(s) dict_keys(['example_nested_branch_dag']) retrieved from /home/airflow/.local/lib/python3.8/site-packages/airflow/example_dags/example_nested_branch_dag.py
[2024-09-24T05:06:44.284+0000] {logging_mixin.py:151} INFO - [2024-09-24T05:06:44.284+0000] {dag.py:2907} INFO - Sync 1 DAGs
[2024-09-24T05:06:44.308+0000] {logging_mixin.py:151} INFO - [2024-09-24T05:06:44.308+0000] {dag.py:3677} INFO - Setting next_dagrun for example_nested_branch_dag to 2024-09-23T00:00:00+00:00, run_after=2024-09-24T00:00:00+00:00
[2024-09-24T05:06:44.336+0000] {processor.py:179} INFO - Processing /home/airflow/.local/lib/python3.8/site-packages/airflow/example_dags/example_nested_branch_dag.py took 0.096 seconds
[2024-09-24T05:07:14.914+0000] {processor.py:157} INFO - Started process (PID=257) to work on /home/airflow/.local/lib/python3.8/site-packages/airflow/example_dags/example_nested_branch_dag.py
[2024-09-24T05:07:14.916+0000] {processor.py:829} INFO - Processing file /home/airflow/.local/lib/python3.8/site-packages/airflow/example_dags/example_nested_branch_dag.py for tasks to queue
[2024-09-24T05:07:14.920+0000] {logging_mixin.py:151} INFO - [2024-09-24T05:07:14.919+0000] {dagbag.py:539} INFO - Filling up the DagBag from /home/airflow/.local/lib/python3.8/site-packages/airflow/example_dags/example_nested_branch_dag.py
[2024-09-24T05:07:14.929+0000] {processor.py:839} INFO - DAG(s) dict_keys(['example_nested_branch_dag']) retrieved from /home/airflow/.local/lib/python3.8/site-packages/airflow/example_dags/example_nested_branch_dag.py
[2024-09-24T05:07:14.954+0000] {logging_mixin.py:151} INFO - [2024-09-24T05:07:14.954+0000] {dag.py:2907} INFO - Sync 1 DAGs
[2024-09-24T05:07:14.980+0000] {logging_mixin.py:151} INFO - [2024-09-24T05:07:14.980+0000] {dag.py:3677} INFO - Setting next_dagrun for example_nested_branch_dag to 2024-09-23T00:00:00+00:00, run_after=2024-09-24T00:00:00+00:00
[2024-09-24T05:07:15.008+0000] {processor.py:179} INFO - Processing /home/airflow/.local/lib/python3.8/site-packages/airflow/example_dags/example_nested_branch_dag.py took 0.097 seconds
[2024-09-24T05:07:45.333+0000] {processor.py:157} INFO - Started process (PID=313) to work on /home/airflow/.local/lib/python3.8/site-packages/airflow/example_dags/example_nested_branch_dag.py
[2024-09-24T05:07:45.336+0000] {processor.py:829} INFO - Processing file /home/airflow/.local/lib/python3.8/site-packages/airflow/example_dags/example_nested_branch_dag.py for tasks to queue
[2024-09-24T05:07:45.339+0000] {logging_mixin.py:151} INFO - [2024-09-24T05:07:45.338+0000] {dagbag.py:539} INFO - Filling up the DagBag from /home/airflow/.local/lib/python3.8/site-packages/airflow/example_dags/example_nested_branch_dag.py
[2024-09-24T05:07:45.353+0000] {processor.py:839} INFO - DAG(s) dict_keys(['example_nested_branch_dag']) retrieved from /home/airflow/.local/lib/python3.8/site-packages/airflow/example_dags/example_nested_branch_dag.py
[2024-09-24T05:07:45.384+0000] {logging_mixin.py:151} INFO - [2024-09-24T05:07:45.384+0000] {dag.py:2907} INFO - Sync 1 DAGs
[2024-09-24T05:07:45.412+0000] {logging_mixin.py:151} INFO - [2024-09-24T05:07:45.412+0000] {dag.py:3677} INFO - Setting next_dagrun for example_nested_branch_dag to 2024-09-23T00:00:00+00:00, run_after=2024-09-24T00:00:00+00:00
[2024-09-24T05:07:45.440+0000] {processor.py:179} INFO - Processing /home/airflow/.local/lib/python3.8/site-packages/airflow/example_dags/example_nested_branch_dag.py took 0.111 seconds
[2024-09-24T05:08:15.775+0000] {processor.py:157} INFO - Started process (PID=369) to work on /home/airflow/.local/lib/python3.8/site-packages/airflow/example_dags/example_nested_branch_dag.py
[2024-09-24T05:08:15.777+0000] {processor.py:829} INFO - Processing file /home/airflow/.local/lib/python3.8/site-packages/airflow/example_dags/example_nested_branch_dag.py for tasks to queue
[2024-09-24T05:08:15.780+0000] {logging_mixin.py:151} INFO - [2024-09-24T05:08:15.779+0000] {dagbag.py:539} INFO - Filling up the DagBag from /home/airflow/.local/lib/python3.8/site-packages/airflow/example_dags/example_nested_branch_dag.py
[2024-09-24T05:08:15.790+0000] {processor.py:839} INFO - DAG(s) dict_keys(['example_nested_branch_dag']) retrieved from /home/airflow/.local/lib/python3.8/site-packages/airflow/example_dags/example_nested_branch_dag.py
[2024-09-24T05:08:15.829+0000] {logging_mixin.py:151} INFO - [2024-09-24T05:08:15.829+0000] {dag.py:2907} INFO - Sync 1 DAGs
[2024-09-24T05:08:15.854+0000] {logging_mixin.py:151} INFO - [2024-09-24T05:08:15.854+0000] {dag.py:3677} INFO - Setting next_dagrun for example_nested_branch_dag to 2024-09-23T00:00:00+00:00, run_after=2024-09-24T00:00:00+00:00
[2024-09-24T05:08:15.884+0000] {processor.py:179} INFO - Processing /home/airflow/.local/lib/python3.8/site-packages/airflow/example_dags/example_nested_branch_dag.py took 0.111 seconds
[2024-09-24T05:08:46.113+0000] {processor.py:157} INFO - Started process (PID=425) to work on /home/airflow/.local/lib/python3.8/site-packages/airflow/example_dags/example_nested_branch_dag.py
[2024-09-24T05:08:46.115+0000] {processor.py:829} INFO - Processing file /home/airflow/.local/lib/python3.8/site-packages/airflow/example_dags/example_nested_branch_dag.py for tasks to queue
[2024-09-24T05:08:46.118+0000] {logging_mixin.py:151} INFO - [2024-09-24T05:08:46.117+0000] {dagbag.py:539} INFO - Filling up the DagBag from /home/airflow/.local/lib/python3.8/site-packages/airflow/example_dags/example_nested_branch_dag.py
[2024-09-24T05:08:46.128+0000] {processor.py:839} INFO - DAG(s) dict_keys(['example_nested_branch_dag']) retrieved from /home/airflow/.local/lib/python3.8/site-packages/airflow/example_dags/example_nested_branch_dag.py
[2024-09-24T05:08:46.154+0000] {logging_mixin.py:151} INFO - [2024-09-24T05:08:46.154+0000] {dag.py:2907} INFO - Sync 1 DAGs
[2024-09-24T05:08:46.179+0000] {logging_mixin.py:151} INFO - [2024-09-24T05:08:46.179+0000] {dag.py:3677} INFO - Setting next_dagrun for example_nested_branch_dag to 2024-09-23T00:00:00+00:00, run_after=2024-09-24T00:00:00+00:00
[2024-09-24T05:08:46.207+0000] {processor.py:179} INFO - Processing /home/airflow/.local/lib/python3.8/site-packages/airflow/example_dags/example_nested_branch_dag.py took 0.097 seconds
[2024-09-24T05:09:16.465+0000] {processor.py:157} INFO - Started process (PID=481) to work on /home/airflow/.local/lib/python3.8/site-packages/airflow/example_dags/example_nested_branch_dag.py
[2024-09-24T05:09:16.467+0000] {processor.py:829} INFO - Processing file /home/airflow/.local/lib/python3.8/site-packages/airflow/example_dags/example_nested_branch_dag.py for tasks to queue
[2024-09-24T05:09:16.473+0000] {logging_mixin.py:151} INFO - [2024-09-24T05:09:16.471+0000] {dagbag.py:539} INFO - Filling up the DagBag from /home/airflow/.local/lib/python3.8/site-packages/airflow/example_dags/example_nested_branch_dag.py
[2024-09-24T05:09:16.485+0000] {processor.py:839} INFO - DAG(s) dict_keys(['example_nested_branch_dag']) retrieved from /home/airflow/.local/lib/python3.8/site-packages/airflow/example_dags/example_nested_branch_dag.py
[2024-09-24T05:09:16.521+0000] {logging_mixin.py:151} INFO - [2024-09-24T05:09:16.521+0000] {dag.py:2907} INFO - Sync 1 DAGs
[2024-09-24T05:09:16.548+0000] {logging_mixin.py:151} INFO - [2024-09-24T05:09:16.548+0000] {dag.py:3677} INFO - Setting next_dagrun for example_nested_branch_dag to 2024-09-23T00:00:00+00:00, run_after=2024-09-24T00:00:00+00:00
[2024-09-24T05:09:16.576+0000] {processor.py:179} INFO - Processing /home/airflow/.local/lib/python3.8/site-packages/airflow/example_dags/example_nested_branch_dag.py took 0.115 seconds
[2024-09-24T05:09:47.259+0000] {processor.py:157} INFO - Started process (PID=537) to work on /home/airflow/.local/lib/python3.8/site-packages/airflow/example_dags/example_nested_branch_dag.py
[2024-09-24T05:09:47.262+0000] {processor.py:829} INFO - Processing file /home/airflow/.local/lib/python3.8/site-packages/airflow/example_dags/example_nested_branch_dag.py for tasks to queue
[2024-09-24T05:09:47.268+0000] {logging_mixin.py:151} INFO - [2024-09-24T05:09:47.267+0000] {dagbag.py:539} INFO - Filling up the DagBag from /home/airflow/.local/lib/python3.8/site-packages/airflow/example_dags/example_nested_branch_dag.py
[2024-09-24T05:09:47.284+0000] {processor.py:839} INFO - DAG(s) dict_keys(['example_nested_branch_dag']) retrieved from /home/airflow/.local/lib/python3.8/site-packages/airflow/example_dags/example_nested_branch_dag.py
[2024-09-24T05:09:47.322+0000] {logging_mixin.py:151} INFO - [2024-09-24T05:09:47.322+0000] {dag.py:2907} INFO - Sync 1 DAGs
[2024-09-24T05:09:47.362+0000] {logging_mixin.py:151} INFO - [2024-09-24T05:09:47.362+0000] {dag.py:3677} INFO - Setting next_dagrun for example_nested_branch_dag to 2024-09-23T00:00:00+00:00, run_after=2024-09-24T00:00:00+00:00
[2024-09-24T05:09:47.401+0000] {processor.py:179} INFO - Processing /home/airflow/.local/lib/python3.8/site-packages/airflow/example_dags/example_nested_branch_dag.py took 0.153 seconds
[2024-09-24T05:10:18.223+0000] {processor.py:157} INFO - Started process (PID=593) to work on /home/airflow/.local/lib/python3.8/site-packages/airflow/example_dags/example_nested_branch_dag.py
[2024-09-24T05:10:18.233+0000] {processor.py:829} INFO - Processing file /home/airflow/.local/lib/python3.8/site-packages/airflow/example_dags/example_nested_branch_dag.py for tasks to queue
[2024-09-24T05:10:18.244+0000] {logging_mixin.py:151} INFO - [2024-09-24T05:10:18.243+0000] {dagbag.py:539} INFO - Filling up the DagBag from /home/airflow/.local/lib/python3.8/site-packages/airflow/example_dags/example_nested_branch_dag.py
[2024-09-24T05:10:18.261+0000] {processor.py:839} INFO - DAG(s) dict_keys(['example_nested_branch_dag']) retrieved from /home/airflow/.local/lib/python3.8/site-packages/airflow/example_dags/example_nested_branch_dag.py
[2024-09-24T05:10:18.315+0000] {logging_mixin.py:151} INFO - [2024-09-24T05:10:18.315+0000] {dag.py:2907} INFO - Sync 1 DAGs
[2024-09-24T05:10:18.452+0000] {logging_mixin.py:151} INFO - [2024-09-24T05:10:18.450+0000] {dag.py:3677} INFO - Setting next_dagrun for example_nested_branch_dag to 2024-09-23T00:00:00+00:00, run_after=2024-09-24T00:00:00+00:00
[2024-09-24T05:10:19.212+0000] {processor.py:179} INFO - Processing /home/airflow/.local/lib/python3.8/site-packages/airflow/example_dags/example_nested_branch_dag.py took 1.046 seconds
[2024-09-24T05:10:49.684+0000] {processor.py:157} INFO - Started process (PID=650) to work on /home/airflow/.local/lib/python3.8/site-packages/airflow/example_dags/example_nested_branch_dag.py
[2024-09-24T05:10:49.688+0000] {processor.py:829} INFO - Processing file /home/airflow/.local/lib/python3.8/site-packages/airflow/example_dags/example_nested_branch_dag.py for tasks to queue
[2024-09-24T05:10:49.695+0000] {logging_mixin.py:151} INFO - [2024-09-24T05:10:49.694+0000] {dagbag.py:539} INFO - Filling up the DagBag from /home/airflow/.local/lib/python3.8/site-packages/airflow/example_dags/example_nested_branch_dag.py
[2024-09-24T05:10:49.720+0000] {processor.py:839} INFO - DAG(s) dict_keys(['example_nested_branch_dag']) retrieved from /home/airflow/.local/lib/python3.8/site-packages/airflow/example_dags/example_nested_branch_dag.py
[2024-09-24T05:10:49.771+0000] {logging_mixin.py:151} INFO - [2024-09-24T05:10:49.771+0000] {dag.py:2907} INFO - Sync 1 DAGs
[2024-09-24T05:10:49.811+0000] {logging_mixin.py:151} INFO - [2024-09-24T05:10:49.810+0000] {dag.py:3677} INFO - Setting next_dagrun for example_nested_branch_dag to 2024-09-23T00:00:00+00:00, run_after=2024-09-24T00:00:00+00:00
[2024-09-24T05:10:49.887+0000] {processor.py:179} INFO - Processing /home/airflow/.local/lib/python3.8/site-packages/airflow/example_dags/example_nested_branch_dag.py took 0.214 seconds
[2024-09-24T05:11:19.998+0000] {processor.py:157} INFO - Started process (PID=706) to work on /home/airflow/.local/lib/python3.8/site-packages/airflow/example_dags/example_nested_branch_dag.py
[2024-09-24T05:11:20.000+0000] {processor.py:829} INFO - Processing file /home/airflow/.local/lib/python3.8/site-packages/airflow/example_dags/example_nested_branch_dag.py for tasks to queue
[2024-09-24T05:11:20.004+0000] {logging_mixin.py:151} INFO - [2024-09-24T05:11:20.003+0000] {dagbag.py:539} INFO - Filling up the DagBag from /home/airflow/.local/lib/python3.8/site-packages/airflow/example_dags/example_nested_branch_dag.py
[2024-09-24T05:11:20.017+0000] {processor.py:839} INFO - DAG(s) dict_keys(['example_nested_branch_dag']) retrieved from /home/airflow/.local/lib/python3.8/site-packages/airflow/example_dags/example_nested_branch_dag.py
[2024-09-24T05:11:20.051+0000] {logging_mixin.py:151} INFO - [2024-09-24T05:11:20.050+0000] {dag.py:2907} INFO - Sync 1 DAGs
[2024-09-24T05:11:20.081+0000] {logging_mixin.py:151} INFO - [2024-09-24T05:11:20.081+0000] {dag.py:3677} INFO - Setting next_dagrun for example_nested_branch_dag to 2024-09-23T00:00:00+00:00, run_after=2024-09-24T00:00:00+00:00
[2024-09-24T05:11:20.118+0000] {processor.py:179} INFO - Processing /home/airflow/.local/lib/python3.8/site-packages/airflow/example_dags/example_nested_branch_dag.py took 0.124 seconds
[2024-09-24T05:11:50.164+0000] {processor.py:157} INFO - Started process (PID=762) to work on /home/airflow/.local/lib/python3.8/site-packages/airflow/example_dags/example_nested_branch_dag.py
[2024-09-24T05:11:50.165+0000] {processor.py:829} INFO - Processing file /home/airflow/.local/lib/python3.8/site-packages/airflow/example_dags/example_nested_branch_dag.py for tasks to queue
[2024-09-24T05:11:50.168+0000] {logging_mixin.py:151} INFO - [2024-09-24T05:11:50.168+0000] {dagbag.py:539} INFO - Filling up the DagBag from /home/airflow/.local/lib/python3.8/site-packages/airflow/example_dags/example_nested_branch_dag.py
[2024-09-24T05:11:50.178+0000] {processor.py:839} INFO - DAG(s) dict_keys(['example_nested_branch_dag']) retrieved from /home/airflow/.local/lib/python3.8/site-packages/airflow/example_dags/example_nested_branch_dag.py
[2024-09-24T05:11:50.206+0000] {logging_mixin.py:151} INFO - [2024-09-24T05:11:50.205+0000] {dag.py:2907} INFO - Sync 1 DAGs
[2024-09-24T05:11:50.235+0000] {logging_mixin.py:151} INFO - [2024-09-24T05:11:50.235+0000] {dag.py:3677} INFO - Setting next_dagrun for example_nested_branch_dag to 2024-09-23T00:00:00+00:00, run_after=2024-09-24T00:00:00+00:00
[2024-09-24T05:11:50.260+0000] {processor.py:179} INFO - Processing /home/airflow/.local/lib/python3.8/site-packages/airflow/example_dags/example_nested_branch_dag.py took 0.100 seconds
[2024-09-24T05:12:20.444+0000] {processor.py:157} INFO - Started process (PID=817) to work on /home/airflow/.local/lib/python3.8/site-packages/airflow/example_dags/example_nested_branch_dag.py
[2024-09-24T05:12:20.446+0000] {processor.py:829} INFO - Processing file /home/airflow/.local/lib/python3.8/site-packages/airflow/example_dags/example_nested_branch_dag.py for tasks to queue
[2024-09-24T05:12:20.449+0000] {logging_mixin.py:151} INFO - [2024-09-24T05:12:20.449+0000] {dagbag.py:539} INFO - Filling up the DagBag from /home/airflow/.local/lib/python3.8/site-packages/airflow/example_dags/example_nested_branch_dag.py
[2024-09-24T05:12:20.460+0000] {processor.py:839} INFO - DAG(s) dict_keys(['example_nested_branch_dag']) retrieved from /home/airflow/.local/lib/python3.8/site-packages/airflow/example_dags/example_nested_branch_dag.py
[2024-09-24T05:12:20.488+0000] {logging_mixin.py:151} INFO - [2024-09-24T05:12:20.488+0000] {dag.py:2907} INFO - Sync 1 DAGs
[2024-09-24T05:12:20.515+0000] {logging_mixin.py:151} INFO - [2024-09-24T05:12:20.515+0000] {dag.py:3677} INFO - Setting next_dagrun for example_nested_branch_dag to 2024-09-23T00:00:00+00:00, run_after=2024-09-24T00:00:00+00:00
[2024-09-24T05:12:20.543+0000] {processor.py:179} INFO - Processing /home/airflow/.local/lib/python3.8/site-packages/airflow/example_dags/example_nested_branch_dag.py took 0.102 seconds
[2024-09-24T05:12:50.587+0000] {processor.py:157} INFO - Started process (PID=876) to work on /home/airflow/.local/lib/python3.8/site-packages/airflow/example_dags/example_nested_branch_dag.py
[2024-09-24T05:12:50.588+0000] {processor.py:829} INFO - Processing file /home/airflow/.local/lib/python3.8/site-packages/airflow/example_dags/example_nested_branch_dag.py for tasks to queue
[2024-09-24T05:12:50.591+0000] {logging_mixin.py:151} INFO - [2024-09-24T05:12:50.591+0000] {dagbag.py:539} INFO - Filling up the DagBag from /home/airflow/.local/lib/python3.8/site-packages/airflow/example_dags/example_nested_branch_dag.py
[2024-09-24T05:12:50.614+0000] {processor.py:839} INFO - DAG(s) dict_keys(['example_nested_branch_dag']) retrieved from /home/airflow/.local/lib/python3.8/site-packages/airflow/example_dags/example_nested_branch_dag.py
[2024-09-24T05:12:50.639+0000] {logging_mixin.py:151} INFO - [2024-09-24T05:12:50.639+0000] {dag.py:2907} INFO - Sync 1 DAGs
[2024-09-24T05:12:50.664+0000] {logging_mixin.py:151} INFO - [2024-09-24T05:12:50.664+0000] {dag.py:3677} INFO - Setting next_dagrun for example_nested_branch_dag to 2024-09-23T00:00:00+00:00, run_after=2024-09-24T00:00:00+00:00
[2024-09-24T05:12:50.693+0000] {processor.py:179} INFO - Processing /home/airflow/.local/lib/python3.8/site-packages/airflow/example_dags/example_nested_branch_dag.py took 0.109 seconds
[2024-09-24T05:13:20.764+0000] {processor.py:157} INFO - Started process (PID=933) to work on /home/airflow/.local/lib/python3.8/site-packages/airflow/example_dags/example_nested_branch_dag.py
[2024-09-24T05:13:20.766+0000] {processor.py:829} INFO - Processing file /home/airflow/.local/lib/python3.8/site-packages/airflow/example_dags/example_nested_branch_dag.py for tasks to queue
[2024-09-24T05:13:20.770+0000] {logging_mixin.py:151} INFO - [2024-09-24T05:13:20.769+0000] {dagbag.py:539} INFO - Filling up the DagBag from /home/airflow/.local/lib/python3.8/site-packages/airflow/example_dags/example_nested_branch_dag.py
[2024-09-24T05:13:20.779+0000] {processor.py:839} INFO - DAG(s) dict_keys(['example_nested_branch_dag']) retrieved from /home/airflow/.local/lib/python3.8/site-packages/airflow/example_dags/example_nested_branch_dag.py
[2024-09-24T05:13:20.805+0000] {logging_mixin.py:151} INFO - [2024-09-24T05:13:20.805+0000] {dag.py:2907} INFO - Sync 1 DAGs
[2024-09-24T05:13:20.831+0000] {logging_mixin.py:151} INFO - [2024-09-24T05:13:20.831+0000] {dag.py:3677} INFO - Setting next_dagrun for example_nested_branch_dag to 2024-09-23T00:00:00+00:00, run_after=2024-09-24T00:00:00+00:00
[2024-09-24T05:13:20.859+0000] {processor.py:179} INFO - Processing /home/airflow/.local/lib/python3.8/site-packages/airflow/example_dags/example_nested_branch_dag.py took 0.097 seconds
[2024-09-24T05:13:51.299+0000] {processor.py:157} INFO - Started process (PID=989) to work on /home/airflow/.local/lib/python3.8/site-packages/airflow/example_dags/example_nested_branch_dag.py
[2024-09-24T05:13:51.300+0000] {processor.py:829} INFO - Processing file /home/airflow/.local/lib/python3.8/site-packages/airflow/example_dags/example_nested_branch_dag.py for tasks to queue
[2024-09-24T05:13:51.305+0000] {logging_mixin.py:151} INFO - [2024-09-24T05:13:51.304+0000] {dagbag.py:539} INFO - Filling up the DagBag from /home/airflow/.local/lib/python3.8/site-packages/airflow/example_dags/example_nested_branch_dag.py
[2024-09-24T05:13:51.317+0000] {processor.py:839} INFO - DAG(s) dict_keys(['example_nested_branch_dag']) retrieved from /home/airflow/.local/lib/python3.8/site-packages/airflow/example_dags/example_nested_branch_dag.py
[2024-09-24T05:13:51.346+0000] {logging_mixin.py:151} INFO - [2024-09-24T05:13:51.346+0000] {dag.py:2907} INFO - Sync 1 DAGs
[2024-09-24T05:13:51.372+0000] {logging_mixin.py:151} INFO - [2024-09-24T05:13:51.372+0000] {dag.py:3677} INFO - Setting next_dagrun for example_nested_branch_dag to 2024-09-23T00:00:00+00:00, run_after=2024-09-24T00:00:00+00:00
[2024-09-24T05:13:51.415+0000] {processor.py:179} INFO - Processing /home/airflow/.local/lib/python3.8/site-packages/airflow/example_dags/example_nested_branch_dag.py took 0.120 seconds
[2024-09-24T05:14:21.830+0000] {processor.py:157} INFO - Started process (PID=1045) to work on /home/airflow/.local/lib/python3.8/site-packages/airflow/example_dags/example_nested_branch_dag.py
[2024-09-24T05:14:21.832+0000] {processor.py:829} INFO - Processing file /home/airflow/.local/lib/python3.8/site-packages/airflow/example_dags/example_nested_branch_dag.py for tasks to queue
[2024-09-24T05:14:21.835+0000] {logging_mixin.py:151} INFO - [2024-09-24T05:14:21.835+0000] {dagbag.py:539} INFO - Filling up the DagBag from /home/airflow/.local/lib/python3.8/site-packages/airflow/example_dags/example_nested_branch_dag.py
[2024-09-24T05:14:21.846+0000] {processor.py:839} INFO - DAG(s) dict_keys(['example_nested_branch_dag']) retrieved from /home/airflow/.local/lib/python3.8/site-packages/airflow/example_dags/example_nested_branch_dag.py
[2024-09-24T05:14:21.874+0000] {logging_mixin.py:151} INFO - [2024-09-24T05:14:21.873+0000] {dag.py:2907} INFO - Sync 1 DAGs
[2024-09-24T05:14:21.903+0000] {logging_mixin.py:151} INFO - [2024-09-24T05:14:21.903+0000] {dag.py:3677} INFO - Setting next_dagrun for example_nested_branch_dag to 2024-09-23T00:00:00+00:00, run_after=2024-09-24T00:00:00+00:00
[2024-09-24T05:14:21.952+0000] {processor.py:179} INFO - Processing /home/airflow/.local/lib/python3.8/site-packages/airflow/example_dags/example_nested_branch_dag.py took 0.125 seconds
[2024-09-24T05:14:52.249+0000] {processor.py:157} INFO - Started process (PID=1101) to work on /home/airflow/.local/lib/python3.8/site-packages/airflow/example_dags/example_nested_branch_dag.py
[2024-09-24T05:14:52.251+0000] {processor.py:829} INFO - Processing file /home/airflow/.local/lib/python3.8/site-packages/airflow/example_dags/example_nested_branch_dag.py for tasks to queue
[2024-09-24T05:14:52.255+0000] {logging_mixin.py:151} INFO - [2024-09-24T05:14:52.255+0000] {dagbag.py:539} INFO - Filling up the DagBag from /home/airflow/.local/lib/python3.8/site-packages/airflow/example_dags/example_nested_branch_dag.py
[2024-09-24T05:14:52.265+0000] {processor.py:839} INFO - DAG(s) dict_keys(['example_nested_branch_dag']) retrieved from /home/airflow/.local/lib/python3.8/site-packages/airflow/example_dags/example_nested_branch_dag.py
[2024-09-24T05:14:52.288+0000] {logging_mixin.py:151} INFO - [2024-09-24T05:14:52.288+0000] {dag.py:2907} INFO - Sync 1 DAGs
[2024-09-24T05:14:52.316+0000] {logging_mixin.py:151} INFO - [2024-09-24T05:14:52.316+0000] {dag.py:3677} INFO - Setting next_dagrun for example_nested_branch_dag to 2024-09-23T00:00:00+00:00, run_after=2024-09-24T00:00:00+00:00
[2024-09-24T05:14:52.355+0000] {processor.py:179} INFO - Processing /home/airflow/.local/lib/python3.8/site-packages/airflow/example_dags/example_nested_branch_dag.py took 0.109 seconds
