[2024-09-24T04:10:21.462+0000] {processor.py:157} INFO - Started process (PID=54) to work on /home/airflow/.local/lib/python3.8/site-packages/airflow/example_dags/example_sensors.py
[2024-09-24T04:10:21.464+0000] {processor.py:829} INFO - Processing file /home/airflow/.local/lib/python3.8/site-packages/airflow/example_dags/example_sensors.py for tasks to queue
[2024-09-24T04:10:21.471+0000] {logging_mixin.py:151} INFO - [2024-09-24T04:10:21.470+0000] {dagbag.py:539} INFO - Filling up the DagBag from /home/airflow/.local/lib/python3.8/site-packages/airflow/example_dags/example_sensors.py
[2024-09-24T04:10:21.497+0000] {processor.py:839} INFO - DAG(s) dict_keys(['example_sensors']) retrieved from /home/airflow/.local/lib/python3.8/site-packages/airflow/example_dags/example_sensors.py
[2024-09-24T04:10:21.582+0000] {logging_mixin.py:151} INFO - [2024-09-24T04:10:21.582+0000] {dag.py:2907} INFO - Sync 1 DAGs
[2024-09-24T04:10:21.619+0000] {logging_mixin.py:151} INFO - [2024-09-24T04:10:21.619+0000] {dag.py:3677} INFO - Setting next_dagrun for example_sensors to None, run_after=None
[2024-09-24T04:10:21.672+0000] {processor.py:179} INFO - Processing /home/airflow/.local/lib/python3.8/site-packages/airflow/example_dags/example_sensors.py took 0.217 seconds
[2024-09-24T05:05:31.822+0000] {processor.py:157} INFO - Started process (PID=84) to work on /home/airflow/.local/lib/python3.8/site-packages/airflow/example_dags/example_sensors.py
[2024-09-24T05:05:31.841+0000] {processor.py:829} INFO - Processing file /home/airflow/.local/lib/python3.8/site-packages/airflow/example_dags/example_sensors.py for tasks to queue
[2024-09-24T05:05:31.909+0000] {logging_mixin.py:151} INFO - [2024-09-24T05:05:31.904+0000] {dagbag.py:539} INFO - Filling up the DagBag from /home/airflow/.local/lib/python3.8/site-packages/airflow/example_dags/example_sensors.py
[2024-09-24T05:05:32.110+0000] {processor.py:839} INFO - DAG(s) dict_keys(['example_sensors']) retrieved from /home/airflow/.local/lib/python3.8/site-packages/airflow/example_dags/example_sensors.py
[2024-09-24T05:05:35.192+0000] {logging_mixin.py:151} INFO - [2024-09-24T05:05:35.176+0000] {dag.py:2907} INFO - Sync 1 DAGs
[2024-09-24T05:05:35.243+0000] {logging_mixin.py:151} INFO - [2024-09-24T05:05:35.242+0000] {dag.py:3677} INFO - Setting next_dagrun for example_sensors to None, run_after=None
[2024-09-24T05:05:35.337+0000] {processor.py:179} INFO - Processing /home/airflow/.local/lib/python3.8/site-packages/airflow/example_dags/example_sensors.py took 3.585 seconds
[2024-09-24T05:06:06.445+0000] {processor.py:157} INFO - Started process (PID=140) to work on /home/airflow/.local/lib/python3.8/site-packages/airflow/example_dags/example_sensors.py
[2024-09-24T05:06:06.541+0000] {processor.py:829} INFO - Processing file /home/airflow/.local/lib/python3.8/site-packages/airflow/example_dags/example_sensors.py for tasks to queue
[2024-09-24T05:06:07.163+0000] {logging_mixin.py:151} INFO - [2024-09-24T05:06:06.565+0000] {dagbag.py:539} INFO - Filling up the DagBag from /home/airflow/.local/lib/python3.8/site-packages/airflow/example_dags/example_sensors.py
[2024-09-24T05:06:07.210+0000] {processor.py:839} INFO - DAG(s) dict_keys(['example_sensors']) retrieved from /home/airflow/.local/lib/python3.8/site-packages/airflow/example_dags/example_sensors.py
[2024-09-24T05:06:07.290+0000] {logging_mixin.py:151} INFO - [2024-09-24T05:06:07.290+0000] {dag.py:2907} INFO - Sync 1 DAGs
[2024-09-24T05:06:07.327+0000] {logging_mixin.py:151} INFO - [2024-09-24T05:06:07.327+0000] {dag.py:3677} INFO - Setting next_dagrun for example_sensors to None, run_after=None
[2024-09-24T05:06:07.388+0000] {processor.py:179} INFO - Processing /home/airflow/.local/lib/python3.8/site-packages/airflow/example_dags/example_sensors.py took 0.998 seconds
[2024-09-24T05:06:37.721+0000] {processor.py:157} INFO - Started process (PID=195) to work on /home/airflow/.local/lib/python3.8/site-packages/airflow/example_dags/example_sensors.py
[2024-09-24T05:06:37.723+0000] {processor.py:829} INFO - Processing file /home/airflow/.local/lib/python3.8/site-packages/airflow/example_dags/example_sensors.py for tasks to queue
[2024-09-24T05:06:37.727+0000] {logging_mixin.py:151} INFO - [2024-09-24T05:06:37.726+0000] {dagbag.py:539} INFO - Filling up the DagBag from /home/airflow/.local/lib/python3.8/site-packages/airflow/example_dags/example_sensors.py
[2024-09-24T05:06:37.737+0000] {processor.py:839} INFO - DAG(s) dict_keys(['example_sensors']) retrieved from /home/airflow/.local/lib/python3.8/site-packages/airflow/example_dags/example_sensors.py
[2024-09-24T05:06:37.768+0000] {logging_mixin.py:151} INFO - [2024-09-24T05:06:37.768+0000] {dag.py:2907} INFO - Sync 1 DAGs
[2024-09-24T05:06:37.784+0000] {logging_mixin.py:151} INFO - [2024-09-24T05:06:37.784+0000] {dag.py:3677} INFO - Setting next_dagrun for example_sensors to None, run_after=None
[2024-09-24T05:06:37.812+0000] {processor.py:179} INFO - Processing /home/airflow/.local/lib/python3.8/site-packages/airflow/example_dags/example_sensors.py took 0.094 seconds
[2024-09-24T05:07:08.393+0000] {processor.py:157} INFO - Started process (PID=251) to work on /home/airflow/.local/lib/python3.8/site-packages/airflow/example_dags/example_sensors.py
[2024-09-24T05:07:08.395+0000] {processor.py:829} INFO - Processing file /home/airflow/.local/lib/python3.8/site-packages/airflow/example_dags/example_sensors.py for tasks to queue
[2024-09-24T05:07:08.398+0000] {logging_mixin.py:151} INFO - [2024-09-24T05:07:08.397+0000] {dagbag.py:539} INFO - Filling up the DagBag from /home/airflow/.local/lib/python3.8/site-packages/airflow/example_dags/example_sensors.py
[2024-09-24T05:07:08.407+0000] {processor.py:839} INFO - DAG(s) dict_keys(['example_sensors']) retrieved from /home/airflow/.local/lib/python3.8/site-packages/airflow/example_dags/example_sensors.py
[2024-09-24T05:07:08.439+0000] {logging_mixin.py:151} INFO - [2024-09-24T05:07:08.439+0000] {dag.py:2907} INFO - Sync 1 DAGs
[2024-09-24T05:07:08.454+0000] {logging_mixin.py:151} INFO - [2024-09-24T05:07:08.454+0000] {dag.py:3677} INFO - Setting next_dagrun for example_sensors to None, run_after=None
[2024-09-24T05:07:08.486+0000] {processor.py:179} INFO - Processing /home/airflow/.local/lib/python3.8/site-packages/airflow/example_dags/example_sensors.py took 0.097 seconds
[2024-09-24T05:07:38.804+0000] {processor.py:157} INFO - Started process (PID=307) to work on /home/airflow/.local/lib/python3.8/site-packages/airflow/example_dags/example_sensors.py
[2024-09-24T05:07:38.806+0000] {processor.py:829} INFO - Processing file /home/airflow/.local/lib/python3.8/site-packages/airflow/example_dags/example_sensors.py for tasks to queue
[2024-09-24T05:07:38.809+0000] {logging_mixin.py:151} INFO - [2024-09-24T05:07:38.808+0000] {dagbag.py:539} INFO - Filling up the DagBag from /home/airflow/.local/lib/python3.8/site-packages/airflow/example_dags/example_sensors.py
[2024-09-24T05:07:38.818+0000] {processor.py:839} INFO - DAG(s) dict_keys(['example_sensors']) retrieved from /home/airflow/.local/lib/python3.8/site-packages/airflow/example_dags/example_sensors.py
[2024-09-24T05:07:38.856+0000] {logging_mixin.py:151} INFO - [2024-09-24T05:07:38.856+0000] {dag.py:2907} INFO - Sync 1 DAGs
[2024-09-24T05:07:38.879+0000] {logging_mixin.py:151} INFO - [2024-09-24T05:07:38.879+0000] {dag.py:3677} INFO - Setting next_dagrun for example_sensors to None, run_after=None
[2024-09-24T05:07:38.910+0000] {processor.py:179} INFO - Processing /home/airflow/.local/lib/python3.8/site-packages/airflow/example_dags/example_sensors.py took 0.113 seconds
[2024-09-24T05:08:09.308+0000] {processor.py:157} INFO - Started process (PID=363) to work on /home/airflow/.local/lib/python3.8/site-packages/airflow/example_dags/example_sensors.py
[2024-09-24T05:08:09.309+0000] {processor.py:829} INFO - Processing file /home/airflow/.local/lib/python3.8/site-packages/airflow/example_dags/example_sensors.py for tasks to queue
[2024-09-24T05:08:09.312+0000] {logging_mixin.py:151} INFO - [2024-09-24T05:08:09.312+0000] {dagbag.py:539} INFO - Filling up the DagBag from /home/airflow/.local/lib/python3.8/site-packages/airflow/example_dags/example_sensors.py
[2024-09-24T05:08:09.321+0000] {processor.py:839} INFO - DAG(s) dict_keys(['example_sensors']) retrieved from /home/airflow/.local/lib/python3.8/site-packages/airflow/example_dags/example_sensors.py
[2024-09-24T05:08:09.349+0000] {logging_mixin.py:151} INFO - [2024-09-24T05:08:09.349+0000] {dag.py:2907} INFO - Sync 1 DAGs
[2024-09-24T05:08:09.363+0000] {logging_mixin.py:151} INFO - [2024-09-24T05:08:09.363+0000] {dag.py:3677} INFO - Setting next_dagrun for example_sensors to None, run_after=None
[2024-09-24T05:08:09.389+0000] {processor.py:179} INFO - Processing /home/airflow/.local/lib/python3.8/site-packages/airflow/example_dags/example_sensors.py took 0.084 seconds
[2024-09-24T05:08:39.774+0000] {processor.py:157} INFO - Started process (PID=419) to work on /home/airflow/.local/lib/python3.8/site-packages/airflow/example_dags/example_sensors.py
[2024-09-24T05:08:39.776+0000] {processor.py:829} INFO - Processing file /home/airflow/.local/lib/python3.8/site-packages/airflow/example_dags/example_sensors.py for tasks to queue
[2024-09-24T05:08:39.783+0000] {logging_mixin.py:151} INFO - [2024-09-24T05:08:39.782+0000] {dagbag.py:539} INFO - Filling up the DagBag from /home/airflow/.local/lib/python3.8/site-packages/airflow/example_dags/example_sensors.py
[2024-09-24T05:08:39.806+0000] {processor.py:839} INFO - DAG(s) dict_keys(['example_sensors']) retrieved from /home/airflow/.local/lib/python3.8/site-packages/airflow/example_dags/example_sensors.py
[2024-09-24T05:08:39.858+0000] {logging_mixin.py:151} INFO - [2024-09-24T05:08:39.857+0000] {dag.py:2907} INFO - Sync 1 DAGs
[2024-09-24T05:08:39.883+0000] {logging_mixin.py:151} INFO - [2024-09-24T05:08:39.883+0000] {dag.py:3677} INFO - Setting next_dagrun for example_sensors to None, run_after=None
[2024-09-24T05:08:39.918+0000] {processor.py:179} INFO - Processing /home/airflow/.local/lib/python3.8/site-packages/airflow/example_dags/example_sensors.py took 0.155 seconds
[2024-09-24T05:09:10.358+0000] {processor.py:157} INFO - Started process (PID=475) to work on /home/airflow/.local/lib/python3.8/site-packages/airflow/example_dags/example_sensors.py
[2024-09-24T05:09:10.360+0000] {processor.py:829} INFO - Processing file /home/airflow/.local/lib/python3.8/site-packages/airflow/example_dags/example_sensors.py for tasks to queue
[2024-09-24T05:09:10.363+0000] {logging_mixin.py:151} INFO - [2024-09-24T05:09:10.363+0000] {dagbag.py:539} INFO - Filling up the DagBag from /home/airflow/.local/lib/python3.8/site-packages/airflow/example_dags/example_sensors.py
[2024-09-24T05:09:10.376+0000] {processor.py:839} INFO - DAG(s) dict_keys(['example_sensors']) retrieved from /home/airflow/.local/lib/python3.8/site-packages/airflow/example_dags/example_sensors.py
[2024-09-24T05:09:10.403+0000] {logging_mixin.py:151} INFO - [2024-09-24T05:09:10.403+0000] {dag.py:2907} INFO - Sync 1 DAGs
[2024-09-24T05:09:10.416+0000] {logging_mixin.py:151} INFO - [2024-09-24T05:09:10.416+0000] {dag.py:3677} INFO - Setting next_dagrun for example_sensors to None, run_after=None
[2024-09-24T05:09:10.443+0000] {processor.py:179} INFO - Processing /home/airflow/.local/lib/python3.8/site-packages/airflow/example_dags/example_sensors.py took 0.088 seconds
[2024-09-24T05:09:40.758+0000] {processor.py:157} INFO - Started process (PID=531) to work on /home/airflow/.local/lib/python3.8/site-packages/airflow/example_dags/example_sensors.py
[2024-09-24T05:09:40.760+0000] {processor.py:829} INFO - Processing file /home/airflow/.local/lib/python3.8/site-packages/airflow/example_dags/example_sensors.py for tasks to queue
[2024-09-24T05:09:40.762+0000] {logging_mixin.py:151} INFO - [2024-09-24T05:09:40.762+0000] {dagbag.py:539} INFO - Filling up the DagBag from /home/airflow/.local/lib/python3.8/site-packages/airflow/example_dags/example_sensors.py
[2024-09-24T05:09:40.771+0000] {processor.py:839} INFO - DAG(s) dict_keys(['example_sensors']) retrieved from /home/airflow/.local/lib/python3.8/site-packages/airflow/example_dags/example_sensors.py
[2024-09-24T05:09:40.801+0000] {logging_mixin.py:151} INFO - [2024-09-24T05:09:40.800+0000] {dag.py:2907} INFO - Sync 1 DAGs
[2024-09-24T05:09:40.815+0000] {logging_mixin.py:151} INFO - [2024-09-24T05:09:40.815+0000] {dag.py:3677} INFO - Setting next_dagrun for example_sensors to None, run_after=None
[2024-09-24T05:09:40.845+0000] {processor.py:179} INFO - Processing /home/airflow/.local/lib/python3.8/site-packages/airflow/example_dags/example_sensors.py took 0.091 seconds
[2024-09-24T05:10:10.947+0000] {processor.py:157} INFO - Started process (PID=587) to work on /home/airflow/.local/lib/python3.8/site-packages/airflow/example_dags/example_sensors.py
[2024-09-24T05:10:10.949+0000] {processor.py:829} INFO - Processing file /home/airflow/.local/lib/python3.8/site-packages/airflow/example_dags/example_sensors.py for tasks to queue
[2024-09-24T05:10:10.970+0000] {logging_mixin.py:151} INFO - [2024-09-24T05:10:10.969+0000] {dagbag.py:539} INFO - Filling up the DagBag from /home/airflow/.local/lib/python3.8/site-packages/airflow/example_dags/example_sensors.py
[2024-09-24T05:10:10.991+0000] {processor.py:839} INFO - DAG(s) dict_keys(['example_sensors']) retrieved from /home/airflow/.local/lib/python3.8/site-packages/airflow/example_dags/example_sensors.py
[2024-09-24T05:10:11.040+0000] {logging_mixin.py:151} INFO - [2024-09-24T05:10:11.039+0000] {dag.py:2907} INFO - Sync 1 DAGs
[2024-09-24T05:10:11.061+0000] {logging_mixin.py:151} INFO - [2024-09-24T05:10:11.060+0000] {dag.py:3677} INFO - Setting next_dagrun for example_sensors to None, run_after=None
[2024-09-24T05:10:11.096+0000] {processor.py:179} INFO - Processing /home/airflow/.local/lib/python3.8/site-packages/airflow/example_dags/example_sensors.py took 0.158 seconds
[2024-09-24T05:10:41.628+0000] {processor.py:157} INFO - Started process (PID=643) to work on /home/airflow/.local/lib/python3.8/site-packages/airflow/example_dags/example_sensors.py
[2024-09-24T05:10:41.631+0000] {processor.py:829} INFO - Processing file /home/airflow/.local/lib/python3.8/site-packages/airflow/example_dags/example_sensors.py for tasks to queue
[2024-09-24T05:10:41.634+0000] {logging_mixin.py:151} INFO - [2024-09-24T05:10:41.633+0000] {dagbag.py:539} INFO - Filling up the DagBag from /home/airflow/.local/lib/python3.8/site-packages/airflow/example_dags/example_sensors.py
[2024-09-24T05:10:41.647+0000] {processor.py:839} INFO - DAG(s) dict_keys(['example_sensors']) retrieved from /home/airflow/.local/lib/python3.8/site-packages/airflow/example_dags/example_sensors.py
[2024-09-24T05:10:41.687+0000] {logging_mixin.py:151} INFO - [2024-09-24T05:10:41.687+0000] {dag.py:2907} INFO - Sync 1 DAGs
[2024-09-24T05:10:41.705+0000] {logging_mixin.py:151} INFO - [2024-09-24T05:10:41.705+0000] {dag.py:3677} INFO - Setting next_dagrun for example_sensors to None, run_after=None
[2024-09-24T05:10:41.736+0000] {processor.py:179} INFO - Processing /home/airflow/.local/lib/python3.8/site-packages/airflow/example_dags/example_sensors.py took 0.113 seconds
[2024-09-24T05:11:12.173+0000] {processor.py:157} INFO - Started process (PID=699) to work on /home/airflow/.local/lib/python3.8/site-packages/airflow/example_dags/example_sensors.py
[2024-09-24T05:11:12.176+0000] {processor.py:829} INFO - Processing file /home/airflow/.local/lib/python3.8/site-packages/airflow/example_dags/example_sensors.py for tasks to queue
[2024-09-24T05:11:12.180+0000] {logging_mixin.py:151} INFO - [2024-09-24T05:11:12.180+0000] {dagbag.py:539} INFO - Filling up the DagBag from /home/airflow/.local/lib/python3.8/site-packages/airflow/example_dags/example_sensors.py
[2024-09-24T05:11:12.194+0000] {processor.py:839} INFO - DAG(s) dict_keys(['example_sensors']) retrieved from /home/airflow/.local/lib/python3.8/site-packages/airflow/example_dags/example_sensors.py
[2024-09-24T05:11:12.235+0000] {logging_mixin.py:151} INFO - [2024-09-24T05:11:12.235+0000] {dag.py:2907} INFO - Sync 1 DAGs
[2024-09-24T05:11:12.253+0000] {logging_mixin.py:151} INFO - [2024-09-24T05:11:12.252+0000] {dag.py:3677} INFO - Setting next_dagrun for example_sensors to None, run_after=None
[2024-09-24T05:11:12.282+0000] {processor.py:179} INFO - Processing /home/airflow/.local/lib/python3.8/site-packages/airflow/example_dags/example_sensors.py took 0.114 seconds
[2024-09-24T05:11:42.334+0000] {processor.py:157} INFO - Started process (PID=755) to work on /home/airflow/.local/lib/python3.8/site-packages/airflow/example_dags/example_sensors.py
[2024-09-24T05:11:42.335+0000] {processor.py:829} INFO - Processing file /home/airflow/.local/lib/python3.8/site-packages/airflow/example_dags/example_sensors.py for tasks to queue
[2024-09-24T05:11:42.338+0000] {logging_mixin.py:151} INFO - [2024-09-24T05:11:42.338+0000] {dagbag.py:539} INFO - Filling up the DagBag from /home/airflow/.local/lib/python3.8/site-packages/airflow/example_dags/example_sensors.py
[2024-09-24T05:11:42.347+0000] {processor.py:839} INFO - DAG(s) dict_keys(['example_sensors']) retrieved from /home/airflow/.local/lib/python3.8/site-packages/airflow/example_dags/example_sensors.py
[2024-09-24T05:11:42.376+0000] {logging_mixin.py:151} INFO - [2024-09-24T05:11:42.375+0000] {dag.py:2907} INFO - Sync 1 DAGs
[2024-09-24T05:11:42.389+0000] {logging_mixin.py:151} INFO - [2024-09-24T05:11:42.389+0000] {dag.py:3677} INFO - Setting next_dagrun for example_sensors to None, run_after=None
[2024-09-24T05:11:42.416+0000] {processor.py:179} INFO - Processing /home/airflow/.local/lib/python3.8/site-packages/airflow/example_dags/example_sensors.py took 0.085 seconds
[2024-09-24T05:12:13.057+0000] {processor.py:157} INFO - Started process (PID=811) to work on /home/airflow/.local/lib/python3.8/site-packages/airflow/example_dags/example_sensors.py
[2024-09-24T05:12:13.059+0000] {processor.py:829} INFO - Processing file /home/airflow/.local/lib/python3.8/site-packages/airflow/example_dags/example_sensors.py for tasks to queue
[2024-09-24T05:12:13.062+0000] {logging_mixin.py:151} INFO - [2024-09-24T05:12:13.062+0000] {dagbag.py:539} INFO - Filling up the DagBag from /home/airflow/.local/lib/python3.8/site-packages/airflow/example_dags/example_sensors.py
[2024-09-24T05:12:13.071+0000] {processor.py:839} INFO - DAG(s) dict_keys(['example_sensors']) retrieved from /home/airflow/.local/lib/python3.8/site-packages/airflow/example_dags/example_sensors.py
[2024-09-24T05:12:13.100+0000] {logging_mixin.py:151} INFO - [2024-09-24T05:12:13.099+0000] {dag.py:2907} INFO - Sync 1 DAGs
[2024-09-24T05:12:13.114+0000] {logging_mixin.py:151} INFO - [2024-09-24T05:12:13.114+0000] {dag.py:3677} INFO - Setting next_dagrun for example_sensors to None, run_after=None
[2024-09-24T05:12:13.146+0000] {processor.py:179} INFO - Processing /home/airflow/.local/lib/python3.8/site-packages/airflow/example_dags/example_sensors.py took 0.092 seconds
[2024-09-24T05:12:43.226+0000] {processor.py:157} INFO - Started process (PID=871) to work on /home/airflow/.local/lib/python3.8/site-packages/airflow/example_dags/example_sensors.py
[2024-09-24T05:12:43.227+0000] {processor.py:829} INFO - Processing file /home/airflow/.local/lib/python3.8/site-packages/airflow/example_dags/example_sensors.py for tasks to queue
[2024-09-24T05:12:43.230+0000] {logging_mixin.py:151} INFO - [2024-09-24T05:12:43.229+0000] {dagbag.py:539} INFO - Filling up the DagBag from /home/airflow/.local/lib/python3.8/site-packages/airflow/example_dags/example_sensors.py
[2024-09-24T05:12:43.240+0000] {processor.py:839} INFO - DAG(s) dict_keys(['example_sensors']) retrieved from /home/airflow/.local/lib/python3.8/site-packages/airflow/example_dags/example_sensors.py
[2024-09-24T05:12:43.269+0000] {logging_mixin.py:151} INFO - [2024-09-24T05:12:43.268+0000] {dag.py:2907} INFO - Sync 1 DAGs
[2024-09-24T05:12:43.282+0000] {logging_mixin.py:151} INFO - [2024-09-24T05:12:43.282+0000] {dag.py:3677} INFO - Setting next_dagrun for example_sensors to None, run_after=None
[2024-09-24T05:12:43.311+0000] {processor.py:179} INFO - Processing /home/airflow/.local/lib/python3.8/site-packages/airflow/example_dags/example_sensors.py took 0.089 seconds
[2024-09-24T05:13:13.419+0000] {processor.py:157} INFO - Started process (PID=926) to work on /home/airflow/.local/lib/python3.8/site-packages/airflow/example_dags/example_sensors.py
[2024-09-24T05:13:13.421+0000] {processor.py:829} INFO - Processing file /home/airflow/.local/lib/python3.8/site-packages/airflow/example_dags/example_sensors.py for tasks to queue
[2024-09-24T05:13:13.424+0000] {logging_mixin.py:151} INFO - [2024-09-24T05:13:13.423+0000] {dagbag.py:539} INFO - Filling up the DagBag from /home/airflow/.local/lib/python3.8/site-packages/airflow/example_dags/example_sensors.py
[2024-09-24T05:13:13.434+0000] {processor.py:839} INFO - DAG(s) dict_keys(['example_sensors']) retrieved from /home/airflow/.local/lib/python3.8/site-packages/airflow/example_dags/example_sensors.py
[2024-09-24T05:13:13.466+0000] {logging_mixin.py:151} INFO - [2024-09-24T05:13:13.465+0000] {dag.py:2907} INFO - Sync 1 DAGs
[2024-09-24T05:13:13.480+0000] {logging_mixin.py:151} INFO - [2024-09-24T05:13:13.479+0000] {dag.py:3677} INFO - Setting next_dagrun for example_sensors to None, run_after=None
[2024-09-24T05:13:13.508+0000] {processor.py:179} INFO - Processing /home/airflow/.local/lib/python3.8/site-packages/airflow/example_dags/example_sensors.py took 0.093 seconds
[2024-09-24T05:13:43.935+0000] {processor.py:157} INFO - Started process (PID=982) to work on /home/airflow/.local/lib/python3.8/site-packages/airflow/example_dags/example_sensors.py
[2024-09-24T05:13:43.936+0000] {processor.py:829} INFO - Processing file /home/airflow/.local/lib/python3.8/site-packages/airflow/example_dags/example_sensors.py for tasks to queue
[2024-09-24T05:13:43.940+0000] {logging_mixin.py:151} INFO - [2024-09-24T05:13:43.940+0000] {dagbag.py:539} INFO - Filling up the DagBag from /home/airflow/.local/lib/python3.8/site-packages/airflow/example_dags/example_sensors.py
[2024-09-24T05:13:43.952+0000] {processor.py:839} INFO - DAG(s) dict_keys(['example_sensors']) retrieved from /home/airflow/.local/lib/python3.8/site-packages/airflow/example_dags/example_sensors.py
[2024-09-24T05:13:43.993+0000] {logging_mixin.py:151} INFO - [2024-09-24T05:13:43.993+0000] {dag.py:2907} INFO - Sync 1 DAGs
[2024-09-24T05:13:44.012+0000] {logging_mixin.py:151} INFO - [2024-09-24T05:13:44.011+0000] {dag.py:3677} INFO - Setting next_dagrun for example_sensors to None, run_after=None
[2024-09-24T05:13:44.048+0000] {processor.py:179} INFO - Processing /home/airflow/.local/lib/python3.8/site-packages/airflow/example_dags/example_sensors.py took 0.118 seconds
[2024-09-24T05:14:14.343+0000] {processor.py:157} INFO - Started process (PID=1038) to work on /home/airflow/.local/lib/python3.8/site-packages/airflow/example_dags/example_sensors.py
[2024-09-24T05:14:14.344+0000] {processor.py:829} INFO - Processing file /home/airflow/.local/lib/python3.8/site-packages/airflow/example_dags/example_sensors.py for tasks to queue
[2024-09-24T05:14:14.348+0000] {logging_mixin.py:151} INFO - [2024-09-24T05:14:14.347+0000] {dagbag.py:539} INFO - Filling up the DagBag from /home/airflow/.local/lib/python3.8/site-packages/airflow/example_dags/example_sensors.py
[2024-09-24T05:14:14.357+0000] {processor.py:839} INFO - DAG(s) dict_keys(['example_sensors']) retrieved from /home/airflow/.local/lib/python3.8/site-packages/airflow/example_dags/example_sensors.py
[2024-09-24T05:14:14.387+0000] {logging_mixin.py:151} INFO - [2024-09-24T05:14:14.386+0000] {dag.py:2907} INFO - Sync 1 DAGs
[2024-09-24T05:14:14.402+0000] {logging_mixin.py:151} INFO - [2024-09-24T05:14:14.402+0000] {dag.py:3677} INFO - Setting next_dagrun for example_sensors to None, run_after=None
[2024-09-24T05:14:14.430+0000] {processor.py:179} INFO - Processing /home/airflow/.local/lib/python3.8/site-packages/airflow/example_dags/example_sensors.py took 0.091 seconds
[2024-09-24T05:14:44.891+0000] {processor.py:157} INFO - Started process (PID=1094) to work on /home/airflow/.local/lib/python3.8/site-packages/airflow/example_dags/example_sensors.py
[2024-09-24T05:14:44.892+0000] {processor.py:829} INFO - Processing file /home/airflow/.local/lib/python3.8/site-packages/airflow/example_dags/example_sensors.py for tasks to queue
[2024-09-24T05:14:44.895+0000] {logging_mixin.py:151} INFO - [2024-09-24T05:14:44.895+0000] {dagbag.py:539} INFO - Filling up the DagBag from /home/airflow/.local/lib/python3.8/site-packages/airflow/example_dags/example_sensors.py
[2024-09-24T05:14:44.905+0000] {processor.py:839} INFO - DAG(s) dict_keys(['example_sensors']) retrieved from /home/airflow/.local/lib/python3.8/site-packages/airflow/example_dags/example_sensors.py
[2024-09-24T05:14:44.938+0000] {logging_mixin.py:151} INFO - [2024-09-24T05:14:44.937+0000] {dag.py:2907} INFO - Sync 1 DAGs
[2024-09-24T05:14:44.954+0000] {logging_mixin.py:151} INFO - [2024-09-24T05:14:44.954+0000] {dag.py:3677} INFO - Setting next_dagrun for example_sensors to None, run_after=None
[2024-09-24T05:14:44.988+0000] {processor.py:179} INFO - Processing /home/airflow/.local/lib/python3.8/site-packages/airflow/example_dags/example_sensors.py took 0.102 seconds
