[2024-09-24T05:05:56.030+0000] {processor.py:157} INFO - Started process (PID=124) to work on /home/airflow/.local/lib/python3.8/site-packages/airflow/example_dags/example_external_task_marker_dag.py
[2024-09-24T05:05:56.037+0000] {processor.py:829} INFO - Processing file /home/airflow/.local/lib/python3.8/site-packages/airflow/example_dags/example_external_task_marker_dag.py for tasks to queue
[2024-09-24T05:05:56.042+0000] {logging_mixin.py:151} INFO - [2024-09-24T05:05:56.042+0000] {dagbag.py:539} INFO - Filling up the DagBag from /home/airflow/.local/lib/python3.8/site-packages/airflow/example_dags/example_external_task_marker_dag.py
[2024-09-24T05:05:56.059+0000] {processor.py:839} INFO - DAG(s) dict_keys(['example_external_task_marker_parent', 'example_external_task_marker_child']) retrieved from /home/airflow/.local/lib/python3.8/site-packages/airflow/example_dags/example_external_task_marker_dag.py
[2024-09-24T05:05:56.156+0000] {logging_mixin.py:151} INFO - [2024-09-24T05:05:56.155+0000] {dag.py:2907} INFO - Sync 2 DAGs
[2024-09-24T05:05:56.183+0000] {logging_mixin.py:151} INFO - [2024-09-24T05:05:56.183+0000] {dag.py:3677} INFO - Setting next_dagrun for example_external_task_marker_child to None, run_after=None
[2024-09-24T05:05:56.190+0000] {logging_mixin.py:151} INFO - [2024-09-24T05:05:56.190+0000] {dag.py:3677} INFO - Setting next_dagrun for example_external_task_marker_parent to None, run_after=None
[2024-09-24T05:05:56.241+0000] {processor.py:179} INFO - Processing /home/airflow/.local/lib/python3.8/site-packages/airflow/example_dags/example_external_task_marker_dag.py took 0.220 seconds
[2024-09-24T05:06:26.839+0000] {processor.py:157} INFO - Started process (PID=180) to work on /home/airflow/.local/lib/python3.8/site-packages/airflow/example_dags/example_external_task_marker_dag.py
[2024-09-24T05:06:26.840+0000] {processor.py:829} INFO - Processing file /home/airflow/.local/lib/python3.8/site-packages/airflow/example_dags/example_external_task_marker_dag.py for tasks to queue
[2024-09-24T05:06:26.843+0000] {logging_mixin.py:151} INFO - [2024-09-24T05:06:26.843+0000] {dagbag.py:539} INFO - Filling up the DagBag from /home/airflow/.local/lib/python3.8/site-packages/airflow/example_dags/example_external_task_marker_dag.py
[2024-09-24T05:06:26.850+0000] {processor.py:839} INFO - DAG(s) dict_keys(['example_external_task_marker_child', 'example_external_task_marker_parent']) retrieved from /home/airflow/.local/lib/python3.8/site-packages/airflow/example_dags/example_external_task_marker_dag.py
[2024-09-24T05:06:26.882+0000] {logging_mixin.py:151} INFO - [2024-09-24T05:06:26.881+0000] {dag.py:2907} INFO - Sync 2 DAGs
[2024-09-24T05:06:26.897+0000] {logging_mixin.py:151} INFO - [2024-09-24T05:06:26.896+0000] {dag.py:3677} INFO - Setting next_dagrun for example_external_task_marker_child to None, run_after=None
[2024-09-24T05:06:26.901+0000] {logging_mixin.py:151} INFO - [2024-09-24T05:06:26.901+0000] {dag.py:3677} INFO - Setting next_dagrun for example_external_task_marker_parent to None, run_after=None
[2024-09-24T05:06:26.926+0000] {processor.py:179} INFO - Processing /home/airflow/.local/lib/python3.8/site-packages/airflow/example_dags/example_external_task_marker_dag.py took 0.091 seconds
[2024-09-24T05:06:57.429+0000] {processor.py:157} INFO - Started process (PID=236) to work on /home/airflow/.local/lib/python3.8/site-packages/airflow/example_dags/example_external_task_marker_dag.py
[2024-09-24T05:06:57.430+0000] {processor.py:829} INFO - Processing file /home/airflow/.local/lib/python3.8/site-packages/airflow/example_dags/example_external_task_marker_dag.py for tasks to queue
[2024-09-24T05:06:57.433+0000] {logging_mixin.py:151} INFO - [2024-09-24T05:06:57.432+0000] {dagbag.py:539} INFO - Filling up the DagBag from /home/airflow/.local/lib/python3.8/site-packages/airflow/example_dags/example_external_task_marker_dag.py
[2024-09-24T05:06:57.440+0000] {processor.py:839} INFO - DAG(s) dict_keys(['example_external_task_marker_parent', 'example_external_task_marker_child']) retrieved from /home/airflow/.local/lib/python3.8/site-packages/airflow/example_dags/example_external_task_marker_dag.py
[2024-09-24T05:06:57.473+0000] {logging_mixin.py:151} INFO - [2024-09-24T05:06:57.473+0000] {dag.py:2907} INFO - Sync 2 DAGs
[2024-09-24T05:06:57.490+0000] {logging_mixin.py:151} INFO - [2024-09-24T05:06:57.490+0000] {dag.py:3677} INFO - Setting next_dagrun for example_external_task_marker_child to None, run_after=None
[2024-09-24T05:06:57.496+0000] {logging_mixin.py:151} INFO - [2024-09-24T05:06:57.495+0000] {dag.py:3677} INFO - Setting next_dagrun for example_external_task_marker_parent to None, run_after=None
[2024-09-24T05:06:57.523+0000] {processor.py:179} INFO - Processing /home/airflow/.local/lib/python3.8/site-packages/airflow/example_dags/example_external_task_marker_dag.py took 0.098 seconds
[2024-09-24T05:07:27.796+0000] {processor.py:157} INFO - Started process (PID=292) to work on /home/airflow/.local/lib/python3.8/site-packages/airflow/example_dags/example_external_task_marker_dag.py
[2024-09-24T05:07:27.798+0000] {processor.py:829} INFO - Processing file /home/airflow/.local/lib/python3.8/site-packages/airflow/example_dags/example_external_task_marker_dag.py for tasks to queue
[2024-09-24T05:07:27.800+0000] {logging_mixin.py:151} INFO - [2024-09-24T05:07:27.800+0000] {dagbag.py:539} INFO - Filling up the DagBag from /home/airflow/.local/lib/python3.8/site-packages/airflow/example_dags/example_external_task_marker_dag.py
[2024-09-24T05:07:27.807+0000] {processor.py:839} INFO - DAG(s) dict_keys(['example_external_task_marker_child', 'example_external_task_marker_parent']) retrieved from /home/airflow/.local/lib/python3.8/site-packages/airflow/example_dags/example_external_task_marker_dag.py
[2024-09-24T05:07:27.834+0000] {logging_mixin.py:151} INFO - [2024-09-24T05:07:27.834+0000] {dag.py:2907} INFO - Sync 2 DAGs
[2024-09-24T05:07:27.849+0000] {logging_mixin.py:151} INFO - [2024-09-24T05:07:27.848+0000] {dag.py:3677} INFO - Setting next_dagrun for example_external_task_marker_child to None, run_after=None
[2024-09-24T05:07:27.853+0000] {logging_mixin.py:151} INFO - [2024-09-24T05:07:27.853+0000] {dag.py:3677} INFO - Setting next_dagrun for example_external_task_marker_parent to None, run_after=None
[2024-09-24T05:07:27.880+0000] {processor.py:179} INFO - Processing /home/airflow/.local/lib/python3.8/site-packages/airflow/example_dags/example_external_task_marker_dag.py took 0.087 seconds
[2024-09-24T05:07:58.319+0000] {processor.py:157} INFO - Started process (PID=348) to work on /home/airflow/.local/lib/python3.8/site-packages/airflow/example_dags/example_external_task_marker_dag.py
[2024-09-24T05:07:58.321+0000] {processor.py:829} INFO - Processing file /home/airflow/.local/lib/python3.8/site-packages/airflow/example_dags/example_external_task_marker_dag.py for tasks to queue
[2024-09-24T05:07:58.323+0000] {logging_mixin.py:151} INFO - [2024-09-24T05:07:58.323+0000] {dagbag.py:539} INFO - Filling up the DagBag from /home/airflow/.local/lib/python3.8/site-packages/airflow/example_dags/example_external_task_marker_dag.py
[2024-09-24T05:07:58.331+0000] {processor.py:839} INFO - DAG(s) dict_keys(['example_external_task_marker_parent', 'example_external_task_marker_child']) retrieved from /home/airflow/.local/lib/python3.8/site-packages/airflow/example_dags/example_external_task_marker_dag.py
[2024-09-24T05:07:58.362+0000] {logging_mixin.py:151} INFO - [2024-09-24T05:07:58.361+0000] {dag.py:2907} INFO - Sync 2 DAGs
[2024-09-24T05:07:58.377+0000] {logging_mixin.py:151} INFO - [2024-09-24T05:07:58.377+0000] {dag.py:3677} INFO - Setting next_dagrun for example_external_task_marker_child to None, run_after=None
[2024-09-24T05:07:58.382+0000] {logging_mixin.py:151} INFO - [2024-09-24T05:07:58.382+0000] {dag.py:3677} INFO - Setting next_dagrun for example_external_task_marker_parent to None, run_after=None
[2024-09-24T05:07:58.411+0000] {processor.py:179} INFO - Processing /home/airflow/.local/lib/python3.8/site-packages/airflow/example_dags/example_external_task_marker_dag.py took 0.096 seconds
[2024-09-24T05:08:28.681+0000] {processor.py:157} INFO - Started process (PID=404) to work on /home/airflow/.local/lib/python3.8/site-packages/airflow/example_dags/example_external_task_marker_dag.py
[2024-09-24T05:08:28.683+0000] {processor.py:829} INFO - Processing file /home/airflow/.local/lib/python3.8/site-packages/airflow/example_dags/example_external_task_marker_dag.py for tasks to queue
[2024-09-24T05:08:28.685+0000] {logging_mixin.py:151} INFO - [2024-09-24T05:08:28.685+0000] {dagbag.py:539} INFO - Filling up the DagBag from /home/airflow/.local/lib/python3.8/site-packages/airflow/example_dags/example_external_task_marker_dag.py
[2024-09-24T05:08:28.691+0000] {processor.py:839} INFO - DAG(s) dict_keys(['example_external_task_marker_parent', 'example_external_task_marker_child']) retrieved from /home/airflow/.local/lib/python3.8/site-packages/airflow/example_dags/example_external_task_marker_dag.py
[2024-09-24T05:08:28.723+0000] {logging_mixin.py:151} INFO - [2024-09-24T05:08:28.723+0000] {dag.py:2907} INFO - Sync 2 DAGs
[2024-09-24T05:08:28.738+0000] {logging_mixin.py:151} INFO - [2024-09-24T05:08:28.737+0000] {dag.py:3677} INFO - Setting next_dagrun for example_external_task_marker_child to None, run_after=None
[2024-09-24T05:08:28.742+0000] {logging_mixin.py:151} INFO - [2024-09-24T05:08:28.742+0000] {dag.py:3677} INFO - Setting next_dagrun for example_external_task_marker_parent to None, run_after=None
[2024-09-24T05:08:28.768+0000] {processor.py:179} INFO - Processing /home/airflow/.local/lib/python3.8/site-packages/airflow/example_dags/example_external_task_marker_dag.py took 0.090 seconds
[2024-09-24T05:08:59.281+0000] {processor.py:157} INFO - Started process (PID=460) to work on /home/airflow/.local/lib/python3.8/site-packages/airflow/example_dags/example_external_task_marker_dag.py
[2024-09-24T05:08:59.283+0000] {processor.py:829} INFO - Processing file /home/airflow/.local/lib/python3.8/site-packages/airflow/example_dags/example_external_task_marker_dag.py for tasks to queue
[2024-09-24T05:08:59.286+0000] {logging_mixin.py:151} INFO - [2024-09-24T05:08:59.286+0000] {dagbag.py:539} INFO - Filling up the DagBag from /home/airflow/.local/lib/python3.8/site-packages/airflow/example_dags/example_external_task_marker_dag.py
[2024-09-24T05:08:59.293+0000] {processor.py:839} INFO - DAG(s) dict_keys(['example_external_task_marker_parent', 'example_external_task_marker_child']) retrieved from /home/airflow/.local/lib/python3.8/site-packages/airflow/example_dags/example_external_task_marker_dag.py
[2024-09-24T05:08:59.325+0000] {logging_mixin.py:151} INFO - [2024-09-24T05:08:59.325+0000] {dag.py:2907} INFO - Sync 2 DAGs
[2024-09-24T05:08:59.341+0000] {logging_mixin.py:151} INFO - [2024-09-24T05:08:59.341+0000] {dag.py:3677} INFO - Setting next_dagrun for example_external_task_marker_child to None, run_after=None
[2024-09-24T05:08:59.347+0000] {logging_mixin.py:151} INFO - [2024-09-24T05:08:59.346+0000] {dag.py:3677} INFO - Setting next_dagrun for example_external_task_marker_parent to None, run_after=None
[2024-09-24T05:08:59.378+0000] {processor.py:179} INFO - Processing /home/airflow/.local/lib/python3.8/site-packages/airflow/example_dags/example_external_task_marker_dag.py took 0.102 seconds
[2024-09-24T05:09:29.963+0000] {processor.py:157} INFO - Started process (PID=516) to work on /home/airflow/.local/lib/python3.8/site-packages/airflow/example_dags/example_external_task_marker_dag.py
[2024-09-24T05:09:29.965+0000] {processor.py:829} INFO - Processing file /home/airflow/.local/lib/python3.8/site-packages/airflow/example_dags/example_external_task_marker_dag.py for tasks to queue
[2024-09-24T05:09:29.970+0000] {logging_mixin.py:151} INFO - [2024-09-24T05:09:29.970+0000] {dagbag.py:539} INFO - Filling up the DagBag from /home/airflow/.local/lib/python3.8/site-packages/airflow/example_dags/example_external_task_marker_dag.py
[2024-09-24T05:09:29.984+0000] {processor.py:839} INFO - DAG(s) dict_keys(['example_external_task_marker_child', 'example_external_task_marker_parent']) retrieved from /home/airflow/.local/lib/python3.8/site-packages/airflow/example_dags/example_external_task_marker_dag.py
[2024-09-24T05:09:30.036+0000] {logging_mixin.py:151} INFO - [2024-09-24T05:09:30.035+0000] {dag.py:2907} INFO - Sync 2 DAGs
[2024-09-24T05:09:30.069+0000] {logging_mixin.py:151} INFO - [2024-09-24T05:09:30.067+0000] {dag.py:3677} INFO - Setting next_dagrun for example_external_task_marker_child to None, run_after=None
[2024-09-24T05:09:30.078+0000] {logging_mixin.py:151} INFO - [2024-09-24T05:09:30.078+0000] {dag.py:3677} INFO - Setting next_dagrun for example_external_task_marker_parent to None, run_after=None
[2024-09-24T05:09:30.120+0000] {processor.py:179} INFO - Processing /home/airflow/.local/lib/python3.8/site-packages/airflow/example_dags/example_external_task_marker_dag.py took 0.162 seconds
[2024-09-24T05:10:00.620+0000] {processor.py:157} INFO - Started process (PID=572) to work on /home/airflow/.local/lib/python3.8/site-packages/airflow/example_dags/example_external_task_marker_dag.py
[2024-09-24T05:10:00.622+0000] {processor.py:829} INFO - Processing file /home/airflow/.local/lib/python3.8/site-packages/airflow/example_dags/example_external_task_marker_dag.py for tasks to queue
[2024-09-24T05:10:00.625+0000] {logging_mixin.py:151} INFO - [2024-09-24T05:10:00.625+0000] {dagbag.py:539} INFO - Filling up the DagBag from /home/airflow/.local/lib/python3.8/site-packages/airflow/example_dags/example_external_task_marker_dag.py
[2024-09-24T05:10:00.632+0000] {processor.py:839} INFO - DAG(s) dict_keys(['example_external_task_marker_parent', 'example_external_task_marker_child']) retrieved from /home/airflow/.local/lib/python3.8/site-packages/airflow/example_dags/example_external_task_marker_dag.py
[2024-09-24T05:10:00.667+0000] {logging_mixin.py:151} INFO - [2024-09-24T05:10:00.667+0000] {dag.py:2907} INFO - Sync 2 DAGs
[2024-09-24T05:10:00.682+0000] {logging_mixin.py:151} INFO - [2024-09-24T05:10:00.682+0000] {dag.py:3677} INFO - Setting next_dagrun for example_external_task_marker_child to None, run_after=None
[2024-09-24T05:10:00.686+0000] {logging_mixin.py:151} INFO - [2024-09-24T05:10:00.686+0000] {dag.py:3677} INFO - Setting next_dagrun for example_external_task_marker_parent to None, run_after=None
[2024-09-24T05:10:00.712+0000] {processor.py:179} INFO - Processing /home/airflow/.local/lib/python3.8/site-packages/airflow/example_dags/example_external_task_marker_dag.py took 0.095 seconds
[2024-09-24T05:10:31.370+0000] {processor.py:157} INFO - Started process (PID=628) to work on /home/airflow/.local/lib/python3.8/site-packages/airflow/example_dags/example_external_task_marker_dag.py
[2024-09-24T05:10:31.372+0000] {processor.py:829} INFO - Processing file /home/airflow/.local/lib/python3.8/site-packages/airflow/example_dags/example_external_task_marker_dag.py for tasks to queue
[2024-09-24T05:10:31.376+0000] {logging_mixin.py:151} INFO - [2024-09-24T05:10:31.375+0000] {dagbag.py:539} INFO - Filling up the DagBag from /home/airflow/.local/lib/python3.8/site-packages/airflow/example_dags/example_external_task_marker_dag.py
[2024-09-24T05:10:31.385+0000] {processor.py:839} INFO - DAG(s) dict_keys(['example_external_task_marker_child', 'example_external_task_marker_parent']) retrieved from /home/airflow/.local/lib/python3.8/site-packages/airflow/example_dags/example_external_task_marker_dag.py
[2024-09-24T05:10:31.430+0000] {logging_mixin.py:151} INFO - [2024-09-24T05:10:31.430+0000] {dag.py:2907} INFO - Sync 2 DAGs
[2024-09-24T05:10:31.451+0000] {logging_mixin.py:151} INFO - [2024-09-24T05:10:31.451+0000] {dag.py:3677} INFO - Setting next_dagrun for example_external_task_marker_child to None, run_after=None
[2024-09-24T05:10:31.456+0000] {logging_mixin.py:151} INFO - [2024-09-24T05:10:31.456+0000] {dag.py:3677} INFO - Setting next_dagrun for example_external_task_marker_parent to None, run_after=None
[2024-09-24T05:10:31.492+0000] {processor.py:179} INFO - Processing /home/airflow/.local/lib/python3.8/site-packages/airflow/example_dags/example_external_task_marker_dag.py took 0.130 seconds
[2024-09-24T05:11:02.460+0000] {processor.py:157} INFO - Started process (PID=684) to work on /home/airflow/.local/lib/python3.8/site-packages/airflow/example_dags/example_external_task_marker_dag.py
[2024-09-24T05:11:02.462+0000] {processor.py:829} INFO - Processing file /home/airflow/.local/lib/python3.8/site-packages/airflow/example_dags/example_external_task_marker_dag.py for tasks to queue
[2024-09-24T05:11:02.466+0000] {logging_mixin.py:151} INFO - [2024-09-24T05:11:02.465+0000] {dagbag.py:539} INFO - Filling up the DagBag from /home/airflow/.local/lib/python3.8/site-packages/airflow/example_dags/example_external_task_marker_dag.py
[2024-09-24T05:11:02.474+0000] {processor.py:839} INFO - DAG(s) dict_keys(['example_external_task_marker_child', 'example_external_task_marker_parent']) retrieved from /home/airflow/.local/lib/python3.8/site-packages/airflow/example_dags/example_external_task_marker_dag.py
[2024-09-24T05:11:02.510+0000] {logging_mixin.py:151} INFO - [2024-09-24T05:11:02.509+0000] {dag.py:2907} INFO - Sync 2 DAGs
[2024-09-24T05:11:02.529+0000] {logging_mixin.py:151} INFO - [2024-09-24T05:11:02.528+0000] {dag.py:3677} INFO - Setting next_dagrun for example_external_task_marker_child to None, run_after=None
[2024-09-24T05:11:02.534+0000] {logging_mixin.py:151} INFO - [2024-09-24T05:11:02.534+0000] {dag.py:3677} INFO - Setting next_dagrun for example_external_task_marker_parent to None, run_after=None
[2024-09-24T05:11:02.568+0000] {processor.py:179} INFO - Processing /home/airflow/.local/lib/python3.8/site-packages/airflow/example_dags/example_external_task_marker_dag.py took 0.112 seconds
[2024-09-24T05:11:33.362+0000] {processor.py:157} INFO - Started process (PID=740) to work on /home/airflow/.local/lib/python3.8/site-packages/airflow/example_dags/example_external_task_marker_dag.py
[2024-09-24T05:11:33.363+0000] {processor.py:829} INFO - Processing file /home/airflow/.local/lib/python3.8/site-packages/airflow/example_dags/example_external_task_marker_dag.py for tasks to queue
[2024-09-24T05:11:33.366+0000] {logging_mixin.py:151} INFO - [2024-09-24T05:11:33.366+0000] {dagbag.py:539} INFO - Filling up the DagBag from /home/airflow/.local/lib/python3.8/site-packages/airflow/example_dags/example_external_task_marker_dag.py
[2024-09-24T05:11:33.373+0000] {processor.py:839} INFO - DAG(s) dict_keys(['example_external_task_marker_child', 'example_external_task_marker_parent']) retrieved from /home/airflow/.local/lib/python3.8/site-packages/airflow/example_dags/example_external_task_marker_dag.py
[2024-09-24T05:11:33.405+0000] {logging_mixin.py:151} INFO - [2024-09-24T05:11:33.404+0000] {dag.py:2907} INFO - Sync 2 DAGs
[2024-09-24T05:11:33.423+0000] {logging_mixin.py:151} INFO - [2024-09-24T05:11:33.422+0000] {dag.py:3677} INFO - Setting next_dagrun for example_external_task_marker_child to None, run_after=None
[2024-09-24T05:11:33.428+0000] {logging_mixin.py:151} INFO - [2024-09-24T05:11:33.428+0000] {dag.py:3677} INFO - Setting next_dagrun for example_external_task_marker_parent to None, run_after=None
[2024-09-24T05:11:33.461+0000] {processor.py:179} INFO - Processing /home/airflow/.local/lib/python3.8/site-packages/airflow/example_dags/example_external_task_marker_dag.py took 0.104 seconds
[2024-09-24T05:12:03.978+0000] {processor.py:157} INFO - Started process (PID=796) to work on /home/airflow/.local/lib/python3.8/site-packages/airflow/example_dags/example_external_task_marker_dag.py
[2024-09-24T05:12:03.979+0000] {processor.py:829} INFO - Processing file /home/airflow/.local/lib/python3.8/site-packages/airflow/example_dags/example_external_task_marker_dag.py for tasks to queue
[2024-09-24T05:12:03.982+0000] {logging_mixin.py:151} INFO - [2024-09-24T05:12:03.982+0000] {dagbag.py:539} INFO - Filling up the DagBag from /home/airflow/.local/lib/python3.8/site-packages/airflow/example_dags/example_external_task_marker_dag.py
[2024-09-24T05:12:03.989+0000] {processor.py:839} INFO - DAG(s) dict_keys(['example_external_task_marker_parent', 'example_external_task_marker_child']) retrieved from /home/airflow/.local/lib/python3.8/site-packages/airflow/example_dags/example_external_task_marker_dag.py
[2024-09-24T05:12:04.021+0000] {logging_mixin.py:151} INFO - [2024-09-24T05:12:04.021+0000] {dag.py:2907} INFO - Sync 2 DAGs
[2024-09-24T05:12:04.035+0000] {logging_mixin.py:151} INFO - [2024-09-24T05:12:04.035+0000] {dag.py:3677} INFO - Setting next_dagrun for example_external_task_marker_child to None, run_after=None
[2024-09-24T05:12:04.042+0000] {logging_mixin.py:151} INFO - [2024-09-24T05:12:04.042+0000] {dag.py:3677} INFO - Setting next_dagrun for example_external_task_marker_parent to None, run_after=None
[2024-09-24T05:12:04.071+0000] {processor.py:179} INFO - Processing /home/airflow/.local/lib/python3.8/site-packages/airflow/example_dags/example_external_task_marker_dag.py took 0.097 seconds
[2024-09-24T05:12:35.036+0000] {processor.py:157} INFO - Started process (PID=856) to work on /home/airflow/.local/lib/python3.8/site-packages/airflow/example_dags/example_external_task_marker_dag.py
[2024-09-24T05:12:35.038+0000] {processor.py:829} INFO - Processing file /home/airflow/.local/lib/python3.8/site-packages/airflow/example_dags/example_external_task_marker_dag.py for tasks to queue
[2024-09-24T05:12:35.041+0000] {logging_mixin.py:151} INFO - [2024-09-24T05:12:35.041+0000] {dagbag.py:539} INFO - Filling up the DagBag from /home/airflow/.local/lib/python3.8/site-packages/airflow/example_dags/example_external_task_marker_dag.py
[2024-09-24T05:12:35.049+0000] {processor.py:839} INFO - DAG(s) dict_keys(['example_external_task_marker_parent', 'example_external_task_marker_child']) retrieved from /home/airflow/.local/lib/python3.8/site-packages/airflow/example_dags/example_external_task_marker_dag.py
[2024-09-24T05:12:35.083+0000] {logging_mixin.py:151} INFO - [2024-09-24T05:12:35.083+0000] {dag.py:2907} INFO - Sync 2 DAGs
[2024-09-24T05:12:35.102+0000] {logging_mixin.py:151} INFO - [2024-09-24T05:12:35.102+0000] {dag.py:3677} INFO - Setting next_dagrun for example_external_task_marker_child to None, run_after=None
[2024-09-24T05:12:35.108+0000] {logging_mixin.py:151} INFO - [2024-09-24T05:12:35.107+0000] {dag.py:3677} INFO - Setting next_dagrun for example_external_task_marker_parent to None, run_after=None
[2024-09-24T05:12:35.146+0000] {processor.py:179} INFO - Processing /home/airflow/.local/lib/python3.8/site-packages/airflow/example_dags/example_external_task_marker_dag.py took 0.115 seconds
[2024-09-24T05:13:05.359+0000] {processor.py:157} INFO - Started process (PID=913) to work on /home/airflow/.local/lib/python3.8/site-packages/airflow/example_dags/example_external_task_marker_dag.py
[2024-09-24T05:13:05.360+0000] {processor.py:829} INFO - Processing file /home/airflow/.local/lib/python3.8/site-packages/airflow/example_dags/example_external_task_marker_dag.py for tasks to queue
[2024-09-24T05:13:05.364+0000] {logging_mixin.py:151} INFO - [2024-09-24T05:13:05.363+0000] {dagbag.py:539} INFO - Filling up the DagBag from /home/airflow/.local/lib/python3.8/site-packages/airflow/example_dags/example_external_task_marker_dag.py
[2024-09-24T05:13:05.371+0000] {processor.py:839} INFO - DAG(s) dict_keys(['example_external_task_marker_parent', 'example_external_task_marker_child']) retrieved from /home/airflow/.local/lib/python3.8/site-packages/airflow/example_dags/example_external_task_marker_dag.py
[2024-09-24T05:13:05.403+0000] {logging_mixin.py:151} INFO - [2024-09-24T05:13:05.403+0000] {dag.py:2907} INFO - Sync 2 DAGs
[2024-09-24T05:13:05.419+0000] {logging_mixin.py:151} INFO - [2024-09-24T05:13:05.419+0000] {dag.py:3677} INFO - Setting next_dagrun for example_external_task_marker_child to None, run_after=None
[2024-09-24T05:13:05.424+0000] {logging_mixin.py:151} INFO - [2024-09-24T05:13:05.424+0000] {dag.py:3677} INFO - Setting next_dagrun for example_external_task_marker_parent to None, run_after=None
[2024-09-24T05:13:05.451+0000] {processor.py:179} INFO - Processing /home/airflow/.local/lib/python3.8/site-packages/airflow/example_dags/example_external_task_marker_dag.py took 0.095 seconds
[2024-09-24T05:13:36.080+0000] {processor.py:157} INFO - Started process (PID=969) to work on /home/airflow/.local/lib/python3.8/site-packages/airflow/example_dags/example_external_task_marker_dag.py
[2024-09-24T05:13:36.081+0000] {processor.py:829} INFO - Processing file /home/airflow/.local/lib/python3.8/site-packages/airflow/example_dags/example_external_task_marker_dag.py for tasks to queue
[2024-09-24T05:13:36.084+0000] {logging_mixin.py:151} INFO - [2024-09-24T05:13:36.084+0000] {dagbag.py:539} INFO - Filling up the DagBag from /home/airflow/.local/lib/python3.8/site-packages/airflow/example_dags/example_external_task_marker_dag.py
[2024-09-24T05:13:36.093+0000] {processor.py:839} INFO - DAG(s) dict_keys(['example_external_task_marker_parent', 'example_external_task_marker_child']) retrieved from /home/airflow/.local/lib/python3.8/site-packages/airflow/example_dags/example_external_task_marker_dag.py
[2024-09-24T05:13:36.131+0000] {logging_mixin.py:151} INFO - [2024-09-24T05:13:36.131+0000] {dag.py:2907} INFO - Sync 2 DAGs
[2024-09-24T05:13:36.151+0000] {logging_mixin.py:151} INFO - [2024-09-24T05:13:36.150+0000] {dag.py:3677} INFO - Setting next_dagrun for example_external_task_marker_child to None, run_after=None
[2024-09-24T05:13:36.156+0000] {logging_mixin.py:151} INFO - [2024-09-24T05:13:36.156+0000] {dag.py:3677} INFO - Setting next_dagrun for example_external_task_marker_parent to None, run_after=None
[2024-09-24T05:13:36.183+0000] {processor.py:179} INFO - Processing /home/airflow/.local/lib/python3.8/site-packages/airflow/example_dags/example_external_task_marker_dag.py took 0.107 seconds
[2024-09-24T05:14:06.582+0000] {processor.py:157} INFO - Started process (PID=1025) to work on /home/airflow/.local/lib/python3.8/site-packages/airflow/example_dags/example_external_task_marker_dag.py
[2024-09-24T05:14:06.584+0000] {processor.py:829} INFO - Processing file /home/airflow/.local/lib/python3.8/site-packages/airflow/example_dags/example_external_task_marker_dag.py for tasks to queue
[2024-09-24T05:14:06.587+0000] {logging_mixin.py:151} INFO - [2024-09-24T05:14:06.586+0000] {dagbag.py:539} INFO - Filling up the DagBag from /home/airflow/.local/lib/python3.8/site-packages/airflow/example_dags/example_external_task_marker_dag.py
[2024-09-24T05:14:06.593+0000] {processor.py:839} INFO - DAG(s) dict_keys(['example_external_task_marker_parent', 'example_external_task_marker_child']) retrieved from /home/airflow/.local/lib/python3.8/site-packages/airflow/example_dags/example_external_task_marker_dag.py
[2024-09-24T05:14:06.626+0000] {logging_mixin.py:151} INFO - [2024-09-24T05:14:06.625+0000] {dag.py:2907} INFO - Sync 2 DAGs
[2024-09-24T05:14:06.641+0000] {logging_mixin.py:151} INFO - [2024-09-24T05:14:06.640+0000] {dag.py:3677} INFO - Setting next_dagrun for example_external_task_marker_child to None, run_after=None
[2024-09-24T05:14:06.645+0000] {logging_mixin.py:151} INFO - [2024-09-24T05:14:06.645+0000] {dag.py:3677} INFO - Setting next_dagrun for example_external_task_marker_parent to None, run_after=None
[2024-09-24T05:14:06.670+0000] {processor.py:179} INFO - Processing /home/airflow/.local/lib/python3.8/site-packages/airflow/example_dags/example_external_task_marker_dag.py took 0.092 seconds
[2024-09-24T05:14:37.001+0000] {processor.py:157} INFO - Started process (PID=1081) to work on /home/airflow/.local/lib/python3.8/site-packages/airflow/example_dags/example_external_task_marker_dag.py
[2024-09-24T05:14:37.002+0000] {processor.py:829} INFO - Processing file /home/airflow/.local/lib/python3.8/site-packages/airflow/example_dags/example_external_task_marker_dag.py for tasks to queue
[2024-09-24T05:14:37.006+0000] {logging_mixin.py:151} INFO - [2024-09-24T05:14:37.006+0000] {dagbag.py:539} INFO - Filling up the DagBag from /home/airflow/.local/lib/python3.8/site-packages/airflow/example_dags/example_external_task_marker_dag.py
[2024-09-24T05:14:37.014+0000] {processor.py:839} INFO - DAG(s) dict_keys(['example_external_task_marker_child', 'example_external_task_marker_parent']) retrieved from /home/airflow/.local/lib/python3.8/site-packages/airflow/example_dags/example_external_task_marker_dag.py
[2024-09-24T05:14:37.048+0000] {logging_mixin.py:151} INFO - [2024-09-24T05:14:37.047+0000] {dag.py:2907} INFO - Sync 2 DAGs
[2024-09-24T05:14:37.066+0000] {logging_mixin.py:151} INFO - [2024-09-24T05:14:37.065+0000] {dag.py:3677} INFO - Setting next_dagrun for example_external_task_marker_child to None, run_after=None
[2024-09-24T05:14:37.070+0000] {logging_mixin.py:151} INFO - [2024-09-24T05:14:37.070+0000] {dag.py:3677} INFO - Setting next_dagrun for example_external_task_marker_parent to None, run_after=None
[2024-09-24T05:14:37.099+0000] {processor.py:179} INFO - Processing /home/airflow/.local/lib/python3.8/site-packages/airflow/example_dags/example_external_task_marker_dag.py took 0.102 seconds
[2024-09-24T05:15:07.592+0000] {processor.py:157} INFO - Started process (PID=1137) to work on /home/airflow/.local/lib/python3.8/site-packages/airflow/example_dags/example_external_task_marker_dag.py
[2024-09-24T05:15:07.594+0000] {processor.py:829} INFO - Processing file /home/airflow/.local/lib/python3.8/site-packages/airflow/example_dags/example_external_task_marker_dag.py for tasks to queue
[2024-09-24T05:15:07.596+0000] {logging_mixin.py:151} INFO - [2024-09-24T05:15:07.596+0000] {dagbag.py:539} INFO - Filling up the DagBag from /home/airflow/.local/lib/python3.8/site-packages/airflow/example_dags/example_external_task_marker_dag.py
[2024-09-24T05:15:07.603+0000] {processor.py:839} INFO - DAG(s) dict_keys(['example_external_task_marker_parent', 'example_external_task_marker_child']) retrieved from /home/airflow/.local/lib/python3.8/site-packages/airflow/example_dags/example_external_task_marker_dag.py
[2024-09-24T05:15:07.633+0000] {logging_mixin.py:151} INFO - [2024-09-24T05:15:07.633+0000] {dag.py:2907} INFO - Sync 2 DAGs
[2024-09-24T05:15:07.647+0000] {logging_mixin.py:151} INFO - [2024-09-24T05:15:07.647+0000] {dag.py:3677} INFO - Setting next_dagrun for example_external_task_marker_child to None, run_after=None
[2024-09-24T05:15:07.652+0000] {logging_mixin.py:151} INFO - [2024-09-24T05:15:07.652+0000] {dag.py:3677} INFO - Setting next_dagrun for example_external_task_marker_parent to None, run_after=None
[2024-09-24T05:15:07.680+0000] {processor.py:179} INFO - Processing /home/airflow/.local/lib/python3.8/site-packages/airflow/example_dags/example_external_task_marker_dag.py took 0.091 seconds
