[2024-09-24T04:10:31.270+0000] {processor.py:157} INFO - Started process (PID=74) to work on /home/airflow/.local/lib/python3.8/site-packages/airflow/example_dags/example_time_delta_sensor_async.py
[2024-09-24T04:10:31.282+0000] {processor.py:829} INFO - Processing file /home/airflow/.local/lib/python3.8/site-packages/airflow/example_dags/example_time_delta_sensor_async.py for tasks to queue
[2024-09-24T04:10:31.321+0000] {logging_mixin.py:151} INFO - [2024-09-24T04:10:31.319+0000] {dagbag.py:539} INFO - Filling up the DagBag from /home/airflow/.local/lib/python3.8/site-packages/airflow/example_dags/example_time_delta_sensor_async.py
[2024-09-24T04:10:31.443+0000] {processor.py:839} INFO - DAG(s) dict_keys(['example_time_delta_sensor_async']) retrieved from /home/airflow/.local/lib/python3.8/site-packages/airflow/example_dags/example_time_delta_sensor_async.py
[2024-09-24T04:10:32.415+0000] {logging_mixin.py:151} INFO - [2024-09-24T04:10:32.415+0000] {process_utils.py:259} INFO - Waiting up to 5 seconds for processes to exit...
[2024-09-24T05:05:51.853+0000] {processor.py:157} INFO - Started process (PID=111) to work on /home/airflow/.local/lib/python3.8/site-packages/airflow/example_dags/example_time_delta_sensor_async.py
[2024-09-24T05:05:51.860+0000] {processor.py:829} INFO - Processing file /home/airflow/.local/lib/python3.8/site-packages/airflow/example_dags/example_time_delta_sensor_async.py for tasks to queue
[2024-09-24T05:05:51.871+0000] {logging_mixin.py:151} INFO - [2024-09-24T05:05:51.869+0000] {dagbag.py:539} INFO - Filling up the DagBag from /home/airflow/.local/lib/python3.8/site-packages/airflow/example_dags/example_time_delta_sensor_async.py
[2024-09-24T05:05:51.909+0000] {processor.py:839} INFO - DAG(s) dict_keys(['example_time_delta_sensor_async']) retrieved from /home/airflow/.local/lib/python3.8/site-packages/airflow/example_dags/example_time_delta_sensor_async.py
[2024-09-24T05:05:52.034+0000] {logging_mixin.py:151} INFO - [2024-09-24T05:05:52.033+0000] {dag.py:2907} INFO - Sync 1 DAGs
[2024-09-24T05:05:52.060+0000] {logging_mixin.py:151} INFO - [2024-09-24T05:05:52.059+0000] {dag.py:3677} INFO - Setting next_dagrun for example_time_delta_sensor_async to None, run_after=None
[2024-09-24T05:05:52.135+0000] {processor.py:179} INFO - Processing /home/airflow/.local/lib/python3.8/site-packages/airflow/example_dags/example_time_delta_sensor_async.py took 0.300 seconds
[2024-09-24T05:06:22.788+0000] {processor.py:157} INFO - Started process (PID=160) to work on /home/airflow/.local/lib/python3.8/site-packages/airflow/example_dags/example_time_delta_sensor_async.py
[2024-09-24T05:06:22.790+0000] {processor.py:829} INFO - Processing file /home/airflow/.local/lib/python3.8/site-packages/airflow/example_dags/example_time_delta_sensor_async.py for tasks to queue
[2024-09-24T05:06:22.794+0000] {logging_mixin.py:151} INFO - [2024-09-24T05:06:22.793+0000] {dagbag.py:539} INFO - Filling up the DagBag from /home/airflow/.local/lib/python3.8/site-packages/airflow/example_dags/example_time_delta_sensor_async.py
[2024-09-24T05:06:22.801+0000] {processor.py:839} INFO - DAG(s) dict_keys(['example_time_delta_sensor_async']) retrieved from /home/airflow/.local/lib/python3.8/site-packages/airflow/example_dags/example_time_delta_sensor_async.py
[2024-09-24T05:06:22.827+0000] {logging_mixin.py:151} INFO - [2024-09-24T05:06:22.827+0000] {dag.py:2907} INFO - Sync 1 DAGs
[2024-09-24T05:06:22.842+0000] {logging_mixin.py:151} INFO - [2024-09-24T05:06:22.842+0000] {dag.py:3677} INFO - Setting next_dagrun for example_time_delta_sensor_async to None, run_after=None
[2024-09-24T05:06:22.878+0000] {processor.py:179} INFO - Processing /home/airflow/.local/lib/python3.8/site-packages/airflow/example_dags/example_time_delta_sensor_async.py took 0.093 seconds
[2024-09-24T05:06:53.417+0000] {processor.py:157} INFO - Started process (PID=223) to work on /home/airflow/.local/lib/python3.8/site-packages/airflow/example_dags/example_time_delta_sensor_async.py
[2024-09-24T05:06:53.418+0000] {processor.py:829} INFO - Processing file /home/airflow/.local/lib/python3.8/site-packages/airflow/example_dags/example_time_delta_sensor_async.py for tasks to queue
[2024-09-24T05:06:53.424+0000] {logging_mixin.py:151} INFO - [2024-09-24T05:06:53.423+0000] {dagbag.py:539} INFO - Filling up the DagBag from /home/airflow/.local/lib/python3.8/site-packages/airflow/example_dags/example_time_delta_sensor_async.py
[2024-09-24T05:06:53.430+0000] {processor.py:839} INFO - DAG(s) dict_keys(['example_time_delta_sensor_async']) retrieved from /home/airflow/.local/lib/python3.8/site-packages/airflow/example_dags/example_time_delta_sensor_async.py
[2024-09-24T05:06:53.455+0000] {logging_mixin.py:151} INFO - [2024-09-24T05:06:53.455+0000] {dag.py:2907} INFO - Sync 1 DAGs
[2024-09-24T05:06:53.468+0000] {logging_mixin.py:151} INFO - [2024-09-24T05:06:53.468+0000] {dag.py:3677} INFO - Setting next_dagrun for example_time_delta_sensor_async to None, run_after=None
[2024-09-24T05:06:53.494+0000] {processor.py:179} INFO - Processing /home/airflow/.local/lib/python3.8/site-packages/airflow/example_dags/example_time_delta_sensor_async.py took 0.081 seconds
[2024-09-24T05:07:23.937+0000] {processor.py:157} INFO - Started process (PID=279) to work on /home/airflow/.local/lib/python3.8/site-packages/airflow/example_dags/example_time_delta_sensor_async.py
[2024-09-24T05:07:23.939+0000] {processor.py:829} INFO - Processing file /home/airflow/.local/lib/python3.8/site-packages/airflow/example_dags/example_time_delta_sensor_async.py for tasks to queue
[2024-09-24T05:07:23.942+0000] {logging_mixin.py:151} INFO - [2024-09-24T05:07:23.942+0000] {dagbag.py:539} INFO - Filling up the DagBag from /home/airflow/.local/lib/python3.8/site-packages/airflow/example_dags/example_time_delta_sensor_async.py
[2024-09-24T05:07:23.948+0000] {processor.py:839} INFO - DAG(s) dict_keys(['example_time_delta_sensor_async']) retrieved from /home/airflow/.local/lib/python3.8/site-packages/airflow/example_dags/example_time_delta_sensor_async.py
[2024-09-24T05:07:23.973+0000] {logging_mixin.py:151} INFO - [2024-09-24T05:07:23.973+0000] {dag.py:2907} INFO - Sync 1 DAGs
[2024-09-24T05:07:23.988+0000] {logging_mixin.py:151} INFO - [2024-09-24T05:07:23.987+0000] {dag.py:3677} INFO - Setting next_dagrun for example_time_delta_sensor_async to None, run_after=None
[2024-09-24T05:07:24.012+0000] {processor.py:179} INFO - Processing /home/airflow/.local/lib/python3.8/site-packages/airflow/example_dags/example_time_delta_sensor_async.py took 0.078 seconds
[2024-09-24T05:07:54.465+0000] {processor.py:157} INFO - Started process (PID=335) to work on /home/airflow/.local/lib/python3.8/site-packages/airflow/example_dags/example_time_delta_sensor_async.py
[2024-09-24T05:07:54.466+0000] {processor.py:829} INFO - Processing file /home/airflow/.local/lib/python3.8/site-packages/airflow/example_dags/example_time_delta_sensor_async.py for tasks to queue
[2024-09-24T05:07:54.470+0000] {logging_mixin.py:151} INFO - [2024-09-24T05:07:54.470+0000] {dagbag.py:539} INFO - Filling up the DagBag from /home/airflow/.local/lib/python3.8/site-packages/airflow/example_dags/example_time_delta_sensor_async.py
[2024-09-24T05:07:54.476+0000] {processor.py:839} INFO - DAG(s) dict_keys(['example_time_delta_sensor_async']) retrieved from /home/airflow/.local/lib/python3.8/site-packages/airflow/example_dags/example_time_delta_sensor_async.py
[2024-09-24T05:07:54.504+0000] {logging_mixin.py:151} INFO - [2024-09-24T05:07:54.504+0000] {dag.py:2907} INFO - Sync 1 DAGs
[2024-09-24T05:07:54.520+0000] {logging_mixin.py:151} INFO - [2024-09-24T05:07:54.520+0000] {dag.py:3677} INFO - Setting next_dagrun for example_time_delta_sensor_async to None, run_after=None
[2024-09-24T05:07:54.554+0000] {processor.py:179} INFO - Processing /home/airflow/.local/lib/python3.8/site-packages/airflow/example_dags/example_time_delta_sensor_async.py took 0.093 seconds
[2024-09-24T05:08:24.859+0000] {processor.py:157} INFO - Started process (PID=391) to work on /home/airflow/.local/lib/python3.8/site-packages/airflow/example_dags/example_time_delta_sensor_async.py
[2024-09-24T05:08:24.860+0000] {processor.py:829} INFO - Processing file /home/airflow/.local/lib/python3.8/site-packages/airflow/example_dags/example_time_delta_sensor_async.py for tasks to queue
[2024-09-24T05:08:24.864+0000] {logging_mixin.py:151} INFO - [2024-09-24T05:08:24.863+0000] {dagbag.py:539} INFO - Filling up the DagBag from /home/airflow/.local/lib/python3.8/site-packages/airflow/example_dags/example_time_delta_sensor_async.py
[2024-09-24T05:08:24.868+0000] {processor.py:839} INFO - DAG(s) dict_keys(['example_time_delta_sensor_async']) retrieved from /home/airflow/.local/lib/python3.8/site-packages/airflow/example_dags/example_time_delta_sensor_async.py
[2024-09-24T05:08:24.894+0000] {logging_mixin.py:151} INFO - [2024-09-24T05:08:24.893+0000] {dag.py:2907} INFO - Sync 1 DAGs
[2024-09-24T05:08:24.909+0000] {logging_mixin.py:151} INFO - [2024-09-24T05:08:24.909+0000] {dag.py:3677} INFO - Setting next_dagrun for example_time_delta_sensor_async to None, run_after=None
[2024-09-24T05:08:24.937+0000] {processor.py:179} INFO - Processing /home/airflow/.local/lib/python3.8/site-packages/airflow/example_dags/example_time_delta_sensor_async.py took 0.081 seconds
[2024-09-24T05:08:55.522+0000] {processor.py:157} INFO - Started process (PID=447) to work on /home/airflow/.local/lib/python3.8/site-packages/airflow/example_dags/example_time_delta_sensor_async.py
[2024-09-24T05:08:55.524+0000] {processor.py:829} INFO - Processing file /home/airflow/.local/lib/python3.8/site-packages/airflow/example_dags/example_time_delta_sensor_async.py for tasks to queue
[2024-09-24T05:08:55.528+0000] {logging_mixin.py:151} INFO - [2024-09-24T05:08:55.527+0000] {dagbag.py:539} INFO - Filling up the DagBag from /home/airflow/.local/lib/python3.8/site-packages/airflow/example_dags/example_time_delta_sensor_async.py
[2024-09-24T05:08:55.537+0000] {processor.py:839} INFO - DAG(s) dict_keys(['example_time_delta_sensor_async']) retrieved from /home/airflow/.local/lib/python3.8/site-packages/airflow/example_dags/example_time_delta_sensor_async.py
[2024-09-24T05:08:55.582+0000] {logging_mixin.py:151} INFO - [2024-09-24T05:08:55.581+0000] {dag.py:2907} INFO - Sync 1 DAGs
[2024-09-24T05:08:55.637+0000] {logging_mixin.py:151} INFO - [2024-09-24T05:08:55.637+0000] {dag.py:3677} INFO - Setting next_dagrun for example_time_delta_sensor_async to None, run_after=None
[2024-09-24T05:08:55.692+0000] {processor.py:179} INFO - Processing /home/airflow/.local/lib/python3.8/site-packages/airflow/example_dags/example_time_delta_sensor_async.py took 0.174 seconds
[2024-09-24T05:09:26.601+0000] {processor.py:157} INFO - Started process (PID=503) to work on /home/airflow/.local/lib/python3.8/site-packages/airflow/example_dags/example_time_delta_sensor_async.py
[2024-09-24T05:09:26.604+0000] {processor.py:829} INFO - Processing file /home/airflow/.local/lib/python3.8/site-packages/airflow/example_dags/example_time_delta_sensor_async.py for tasks to queue
[2024-09-24T05:09:26.607+0000] {logging_mixin.py:151} INFO - [2024-09-24T05:09:26.606+0000] {dagbag.py:539} INFO - Filling up the DagBag from /home/airflow/.local/lib/python3.8/site-packages/airflow/example_dags/example_time_delta_sensor_async.py
[2024-09-24T05:09:26.612+0000] {processor.py:839} INFO - DAG(s) dict_keys(['example_time_delta_sensor_async']) retrieved from /home/airflow/.local/lib/python3.8/site-packages/airflow/example_dags/example_time_delta_sensor_async.py
[2024-09-24T05:09:26.638+0000] {logging_mixin.py:151} INFO - [2024-09-24T05:09:26.638+0000] {dag.py:2907} INFO - Sync 1 DAGs
[2024-09-24T05:09:26.651+0000] {logging_mixin.py:151} INFO - [2024-09-24T05:09:26.651+0000] {dag.py:3677} INFO - Setting next_dagrun for example_time_delta_sensor_async to None, run_after=None
[2024-09-24T05:09:26.681+0000] {processor.py:179} INFO - Processing /home/airflow/.local/lib/python3.8/site-packages/airflow/example_dags/example_time_delta_sensor_async.py took 0.083 seconds
[2024-09-24T05:09:57.477+0000] {processor.py:157} INFO - Started process (PID=559) to work on /home/airflow/.local/lib/python3.8/site-packages/airflow/example_dags/example_time_delta_sensor_async.py
[2024-09-24T05:09:57.479+0000] {processor.py:829} INFO - Processing file /home/airflow/.local/lib/python3.8/site-packages/airflow/example_dags/example_time_delta_sensor_async.py for tasks to queue
[2024-09-24T05:09:57.482+0000] {logging_mixin.py:151} INFO - [2024-09-24T05:09:57.482+0000] {dagbag.py:539} INFO - Filling up the DagBag from /home/airflow/.local/lib/python3.8/site-packages/airflow/example_dags/example_time_delta_sensor_async.py
[2024-09-24T05:09:57.487+0000] {processor.py:839} INFO - DAG(s) dict_keys(['example_time_delta_sensor_async']) retrieved from /home/airflow/.local/lib/python3.8/site-packages/airflow/example_dags/example_time_delta_sensor_async.py
[2024-09-24T05:09:57.514+0000] {logging_mixin.py:151} INFO - [2024-09-24T05:09:57.514+0000] {dag.py:2907} INFO - Sync 1 DAGs
[2024-09-24T05:09:57.530+0000] {logging_mixin.py:151} INFO - [2024-09-24T05:09:57.529+0000] {dag.py:3677} INFO - Setting next_dagrun for example_time_delta_sensor_async to None, run_after=None
[2024-09-24T05:09:57.561+0000] {processor.py:179} INFO - Processing /home/airflow/.local/lib/python3.8/site-packages/airflow/example_dags/example_time_delta_sensor_async.py took 0.088 seconds
[2024-09-24T05:10:28.341+0000] {processor.py:157} INFO - Started process (PID=615) to work on /home/airflow/.local/lib/python3.8/site-packages/airflow/example_dags/example_time_delta_sensor_async.py
[2024-09-24T05:10:28.343+0000] {processor.py:829} INFO - Processing file /home/airflow/.local/lib/python3.8/site-packages/airflow/example_dags/example_time_delta_sensor_async.py for tasks to queue
[2024-09-24T05:10:28.346+0000] {logging_mixin.py:151} INFO - [2024-09-24T05:10:28.346+0000] {dagbag.py:539} INFO - Filling up the DagBag from /home/airflow/.local/lib/python3.8/site-packages/airflow/example_dags/example_time_delta_sensor_async.py
[2024-09-24T05:10:28.353+0000] {processor.py:839} INFO - DAG(s) dict_keys(['example_time_delta_sensor_async']) retrieved from /home/airflow/.local/lib/python3.8/site-packages/airflow/example_dags/example_time_delta_sensor_async.py
[2024-09-24T05:10:28.389+0000] {logging_mixin.py:151} INFO - [2024-09-24T05:10:28.389+0000] {dag.py:2907} INFO - Sync 1 DAGs
[2024-09-24T05:10:28.412+0000] {logging_mixin.py:151} INFO - [2024-09-24T05:10:28.412+0000] {dag.py:3677} INFO - Setting next_dagrun for example_time_delta_sensor_async to None, run_after=None
[2024-09-24T05:10:28.445+0000] {processor.py:179} INFO - Processing /home/airflow/.local/lib/python3.8/site-packages/airflow/example_dags/example_time_delta_sensor_async.py took 0.109 seconds
[2024-09-24T05:10:58.895+0000] {processor.py:157} INFO - Started process (PID=670) to work on /home/airflow/.local/lib/python3.8/site-packages/airflow/example_dags/example_time_delta_sensor_async.py
[2024-09-24T05:10:58.897+0000] {processor.py:829} INFO - Processing file /home/airflow/.local/lib/python3.8/site-packages/airflow/example_dags/example_time_delta_sensor_async.py for tasks to queue
[2024-09-24T05:10:58.900+0000] {logging_mixin.py:151} INFO - [2024-09-24T05:10:58.900+0000] {dagbag.py:539} INFO - Filling up the DagBag from /home/airflow/.local/lib/python3.8/site-packages/airflow/example_dags/example_time_delta_sensor_async.py
[2024-09-24T05:10:58.907+0000] {processor.py:839} INFO - DAG(s) dict_keys(['example_time_delta_sensor_async']) retrieved from /home/airflow/.local/lib/python3.8/site-packages/airflow/example_dags/example_time_delta_sensor_async.py
[2024-09-24T05:10:58.937+0000] {logging_mixin.py:151} INFO - [2024-09-24T05:10:58.936+0000] {dag.py:2907} INFO - Sync 1 DAGs
[2024-09-24T05:10:58.953+0000] {logging_mixin.py:151} INFO - [2024-09-24T05:10:58.953+0000] {dag.py:3677} INFO - Setting next_dagrun for example_time_delta_sensor_async to None, run_after=None
[2024-09-24T05:10:58.992+0000] {processor.py:179} INFO - Processing /home/airflow/.local/lib/python3.8/site-packages/airflow/example_dags/example_time_delta_sensor_async.py took 0.101 seconds
[2024-09-24T05:11:29.097+0000] {processor.py:157} INFO - Started process (PID=726) to work on /home/airflow/.local/lib/python3.8/site-packages/airflow/example_dags/example_time_delta_sensor_async.py
[2024-09-24T05:11:29.099+0000] {processor.py:829} INFO - Processing file /home/airflow/.local/lib/python3.8/site-packages/airflow/example_dags/example_time_delta_sensor_async.py for tasks to queue
[2024-09-24T05:11:29.102+0000] {logging_mixin.py:151} INFO - [2024-09-24T05:11:29.102+0000] {dagbag.py:539} INFO - Filling up the DagBag from /home/airflow/.local/lib/python3.8/site-packages/airflow/example_dags/example_time_delta_sensor_async.py
[2024-09-24T05:11:29.107+0000] {processor.py:839} INFO - DAG(s) dict_keys(['example_time_delta_sensor_async']) retrieved from /home/airflow/.local/lib/python3.8/site-packages/airflow/example_dags/example_time_delta_sensor_async.py
[2024-09-24T05:11:29.146+0000] {logging_mixin.py:151} INFO - [2024-09-24T05:11:29.146+0000] {dag.py:2907} INFO - Sync 1 DAGs
[2024-09-24T05:11:29.161+0000] {logging_mixin.py:151} INFO - [2024-09-24T05:11:29.161+0000] {dag.py:3677} INFO - Setting next_dagrun for example_time_delta_sensor_async to None, run_after=None
[2024-09-24T05:11:29.194+0000] {processor.py:179} INFO - Processing /home/airflow/.local/lib/python3.8/site-packages/airflow/example_dags/example_time_delta_sensor_async.py took 0.100 seconds
[2024-09-24T05:11:59.368+0000] {processor.py:157} INFO - Started process (PID=782) to work on /home/airflow/.local/lib/python3.8/site-packages/airflow/example_dags/example_time_delta_sensor_async.py
[2024-09-24T05:11:59.372+0000] {processor.py:829} INFO - Processing file /home/airflow/.local/lib/python3.8/site-packages/airflow/example_dags/example_time_delta_sensor_async.py for tasks to queue
[2024-09-24T05:11:59.379+0000] {logging_mixin.py:151} INFO - [2024-09-24T05:11:59.378+0000] {dagbag.py:539} INFO - Filling up the DagBag from /home/airflow/.local/lib/python3.8/site-packages/airflow/example_dags/example_time_delta_sensor_async.py
[2024-09-24T05:11:59.389+0000] {processor.py:839} INFO - DAG(s) dict_keys(['example_time_delta_sensor_async']) retrieved from /home/airflow/.local/lib/python3.8/site-packages/airflow/example_dags/example_time_delta_sensor_async.py
[2024-09-24T05:11:59.459+0000] {logging_mixin.py:151} INFO - [2024-09-24T05:11:59.458+0000] {dag.py:2907} INFO - Sync 1 DAGs
[2024-09-24T05:11:59.494+0000] {logging_mixin.py:151} INFO - [2024-09-24T05:11:59.493+0000] {dag.py:3677} INFO - Setting next_dagrun for example_time_delta_sensor_async to None, run_after=None
[2024-09-24T05:11:59.575+0000] {processor.py:179} INFO - Processing /home/airflow/.local/lib/python3.8/site-packages/airflow/example_dags/example_time_delta_sensor_async.py took 0.224 seconds
[2024-09-24T05:12:29.843+0000] {processor.py:157} INFO - Started process (PID=842) to work on /home/airflow/.local/lib/python3.8/site-packages/airflow/example_dags/example_time_delta_sensor_async.py
[2024-09-24T05:12:29.847+0000] {processor.py:829} INFO - Processing file /home/airflow/.local/lib/python3.8/site-packages/airflow/example_dags/example_time_delta_sensor_async.py for tasks to queue
[2024-09-24T05:12:29.851+0000] {logging_mixin.py:151} INFO - [2024-09-24T05:12:29.850+0000] {dagbag.py:539} INFO - Filling up the DagBag from /home/airflow/.local/lib/python3.8/site-packages/airflow/example_dags/example_time_delta_sensor_async.py
[2024-09-24T05:12:29.859+0000] {processor.py:839} INFO - DAG(s) dict_keys(['example_time_delta_sensor_async']) retrieved from /home/airflow/.local/lib/python3.8/site-packages/airflow/example_dags/example_time_delta_sensor_async.py
[2024-09-24T05:12:29.902+0000] {logging_mixin.py:151} INFO - [2024-09-24T05:12:29.902+0000] {dag.py:2907} INFO - Sync 1 DAGs
[2024-09-24T05:12:29.942+0000] {logging_mixin.py:151} INFO - [2024-09-24T05:12:29.942+0000] {dag.py:3677} INFO - Setting next_dagrun for example_time_delta_sensor_async to None, run_after=None
[2024-09-24T05:12:29.986+0000] {processor.py:179} INFO - Processing /home/airflow/.local/lib/python3.8/site-packages/airflow/example_dags/example_time_delta_sensor_async.py took 0.147 seconds
[2024-09-24T05:13:00.277+0000] {processor.py:157} INFO - Started process (PID=899) to work on /home/airflow/.local/lib/python3.8/site-packages/airflow/example_dags/example_time_delta_sensor_async.py
[2024-09-24T05:13:00.279+0000] {processor.py:829} INFO - Processing file /home/airflow/.local/lib/python3.8/site-packages/airflow/example_dags/example_time_delta_sensor_async.py for tasks to queue
[2024-09-24T05:13:00.282+0000] {logging_mixin.py:151} INFO - [2024-09-24T05:13:00.281+0000] {dagbag.py:539} INFO - Filling up the DagBag from /home/airflow/.local/lib/python3.8/site-packages/airflow/example_dags/example_time_delta_sensor_async.py
[2024-09-24T05:13:00.288+0000] {processor.py:839} INFO - DAG(s) dict_keys(['example_time_delta_sensor_async']) retrieved from /home/airflow/.local/lib/python3.8/site-packages/airflow/example_dags/example_time_delta_sensor_async.py
[2024-09-24T05:13:00.314+0000] {logging_mixin.py:151} INFO - [2024-09-24T05:13:00.313+0000] {dag.py:2907} INFO - Sync 1 DAGs
[2024-09-24T05:13:00.328+0000] {logging_mixin.py:151} INFO - [2024-09-24T05:13:00.327+0000] {dag.py:3677} INFO - Setting next_dagrun for example_time_delta_sensor_async to None, run_after=None
[2024-09-24T05:13:00.358+0000] {processor.py:179} INFO - Processing /home/airflow/.local/lib/python3.8/site-packages/airflow/example_dags/example_time_delta_sensor_async.py took 0.084 seconds
[2024-09-24T05:13:30.988+0000] {processor.py:157} INFO - Started process (PID=955) to work on /home/airflow/.local/lib/python3.8/site-packages/airflow/example_dags/example_time_delta_sensor_async.py
[2024-09-24T05:13:30.989+0000] {processor.py:829} INFO - Processing file /home/airflow/.local/lib/python3.8/site-packages/airflow/example_dags/example_time_delta_sensor_async.py for tasks to queue
[2024-09-24T05:13:30.992+0000] {logging_mixin.py:151} INFO - [2024-09-24T05:13:30.991+0000] {dagbag.py:539} INFO - Filling up the DagBag from /home/airflow/.local/lib/python3.8/site-packages/airflow/example_dags/example_time_delta_sensor_async.py
[2024-09-24T05:13:30.998+0000] {processor.py:839} INFO - DAG(s) dict_keys(['example_time_delta_sensor_async']) retrieved from /home/airflow/.local/lib/python3.8/site-packages/airflow/example_dags/example_time_delta_sensor_async.py
[2024-09-24T05:13:31.028+0000] {logging_mixin.py:151} INFO - [2024-09-24T05:13:31.027+0000] {dag.py:2907} INFO - Sync 1 DAGs
[2024-09-24T05:13:31.057+0000] {logging_mixin.py:151} INFO - [2024-09-24T05:13:31.056+0000] {dag.py:3677} INFO - Setting next_dagrun for example_time_delta_sensor_async to None, run_after=None
[2024-09-24T05:13:31.096+0000] {processor.py:179} INFO - Processing /home/airflow/.local/lib/python3.8/site-packages/airflow/example_dags/example_time_delta_sensor_async.py took 0.112 seconds
[2024-09-24T05:14:01.513+0000] {processor.py:157} INFO - Started process (PID=1011) to work on /home/airflow/.local/lib/python3.8/site-packages/airflow/example_dags/example_time_delta_sensor_async.py
[2024-09-24T05:14:01.515+0000] {processor.py:829} INFO - Processing file /home/airflow/.local/lib/python3.8/site-packages/airflow/example_dags/example_time_delta_sensor_async.py for tasks to queue
[2024-09-24T05:14:01.518+0000] {logging_mixin.py:151} INFO - [2024-09-24T05:14:01.517+0000] {dagbag.py:539} INFO - Filling up the DagBag from /home/airflow/.local/lib/python3.8/site-packages/airflow/example_dags/example_time_delta_sensor_async.py
[2024-09-24T05:14:01.523+0000] {processor.py:839} INFO - DAG(s) dict_keys(['example_time_delta_sensor_async']) retrieved from /home/airflow/.local/lib/python3.8/site-packages/airflow/example_dags/example_time_delta_sensor_async.py
[2024-09-24T05:14:01.550+0000] {logging_mixin.py:151} INFO - [2024-09-24T05:14:01.549+0000] {dag.py:2907} INFO - Sync 1 DAGs
[2024-09-24T05:14:01.569+0000] {logging_mixin.py:151} INFO - [2024-09-24T05:14:01.569+0000] {dag.py:3677} INFO - Setting next_dagrun for example_time_delta_sensor_async to None, run_after=None
[2024-09-24T05:14:01.602+0000] {processor.py:179} INFO - Processing /home/airflow/.local/lib/python3.8/site-packages/airflow/example_dags/example_time_delta_sensor_async.py took 0.092 seconds
[2024-09-24T05:14:31.817+0000] {processor.py:157} INFO - Started process (PID=1067) to work on /home/airflow/.local/lib/python3.8/site-packages/airflow/example_dags/example_time_delta_sensor_async.py
[2024-09-24T05:14:31.820+0000] {processor.py:829} INFO - Processing file /home/airflow/.local/lib/python3.8/site-packages/airflow/example_dags/example_time_delta_sensor_async.py for tasks to queue
[2024-09-24T05:14:31.824+0000] {logging_mixin.py:151} INFO - [2024-09-24T05:14:31.823+0000] {dagbag.py:539} INFO - Filling up the DagBag from /home/airflow/.local/lib/python3.8/site-packages/airflow/example_dags/example_time_delta_sensor_async.py
[2024-09-24T05:14:31.831+0000] {processor.py:839} INFO - DAG(s) dict_keys(['example_time_delta_sensor_async']) retrieved from /home/airflow/.local/lib/python3.8/site-packages/airflow/example_dags/example_time_delta_sensor_async.py
[2024-09-24T05:14:31.859+0000] {logging_mixin.py:151} INFO - [2024-09-24T05:14:31.859+0000] {dag.py:2907} INFO - Sync 1 DAGs
[2024-09-24T05:14:31.872+0000] {logging_mixin.py:151} INFO - [2024-09-24T05:14:31.872+0000] {dag.py:3677} INFO - Setting next_dagrun for example_time_delta_sensor_async to None, run_after=None
[2024-09-24T05:14:31.901+0000] {processor.py:179} INFO - Processing /home/airflow/.local/lib/python3.8/site-packages/airflow/example_dags/example_time_delta_sensor_async.py took 0.088 seconds
[2024-09-24T05:15:02.366+0000] {processor.py:157} INFO - Started process (PID=1123) to work on /home/airflow/.local/lib/python3.8/site-packages/airflow/example_dags/example_time_delta_sensor_async.py
[2024-09-24T05:15:02.368+0000] {processor.py:829} INFO - Processing file /home/airflow/.local/lib/python3.8/site-packages/airflow/example_dags/example_time_delta_sensor_async.py for tasks to queue
[2024-09-24T05:15:02.373+0000] {logging_mixin.py:151} INFO - [2024-09-24T05:15:02.372+0000] {dagbag.py:539} INFO - Filling up the DagBag from /home/airflow/.local/lib/python3.8/site-packages/airflow/example_dags/example_time_delta_sensor_async.py
[2024-09-24T05:15:02.382+0000] {processor.py:839} INFO - DAG(s) dict_keys(['example_time_delta_sensor_async']) retrieved from /home/airflow/.local/lib/python3.8/site-packages/airflow/example_dags/example_time_delta_sensor_async.py
[2024-09-24T05:15:02.415+0000] {logging_mixin.py:151} INFO - [2024-09-24T05:15:02.414+0000] {dag.py:2907} INFO - Sync 1 DAGs
[2024-09-24T05:15:02.435+0000] {logging_mixin.py:151} INFO - [2024-09-24T05:15:02.434+0000] {dag.py:3677} INFO - Setting next_dagrun for example_time_delta_sensor_async to None, run_after=None
[2024-09-24T05:15:02.466+0000] {processor.py:179} INFO - Processing /home/airflow/.local/lib/python3.8/site-packages/airflow/example_dags/example_time_delta_sensor_async.py took 0.104 seconds
