[2024-09-24T04:10:28.734+0000] {processor.py:157} INFO - Started process (PID=68) to work on /home/airflow/.local/lib/python3.8/site-packages/airflow/example_dags/example_branch_labels.py
[2024-09-24T04:10:28.735+0000] {processor.py:829} INFO - Processing file /home/airflow/.local/lib/python3.8/site-packages/airflow/example_dags/example_branch_labels.py for tasks to queue
[2024-09-24T04:10:28.739+0000] {logging_mixin.py:151} INFO - [2024-09-24T04:10:28.739+0000] {dagbag.py:539} INFO - Filling up the DagBag from /home/airflow/.local/lib/python3.8/site-packages/airflow/example_dags/example_branch_labels.py
[2024-09-24T04:10:28.750+0000] {processor.py:839} INFO - DAG(s) dict_keys(['example_branch_labels']) retrieved from /home/airflow/.local/lib/python3.8/site-packages/airflow/example_dags/example_branch_labels.py
[2024-09-24T04:10:28.794+0000] {logging_mixin.py:151} INFO - [2024-09-24T04:10:28.794+0000] {dag.py:2907} INFO - Sync 1 DAGs
[2024-09-24T04:10:28.829+0000] {logging_mixin.py:151} INFO - [2024-09-24T04:10:28.828+0000] {dag.py:3677} INFO - Setting next_dagrun for example_branch_labels to 2024-09-23T00:00:00+00:00, run_after=2024-09-24T00:00:00+00:00
[2024-09-24T04:10:29.084+0000] {processor.py:179} INFO - Processing /home/airflow/.local/lib/python3.8/site-packages/airflow/example_dags/example_branch_labels.py took 0.356 seconds
[2024-09-24T05:05:49.532+0000] {processor.py:157} INFO - Started process (PID=98) to work on /home/airflow/.local/lib/python3.8/site-packages/airflow/example_dags/example_branch_labels.py
[2024-09-24T05:05:49.534+0000] {processor.py:829} INFO - Processing file /home/airflow/.local/lib/python3.8/site-packages/airflow/example_dags/example_branch_labels.py for tasks to queue
[2024-09-24T05:05:49.539+0000] {logging_mixin.py:151} INFO - [2024-09-24T05:05:49.538+0000] {dagbag.py:539} INFO - Filling up the DagBag from /home/airflow/.local/lib/python3.8/site-packages/airflow/example_dags/example_branch_labels.py
[2024-09-24T05:05:49.554+0000] {processor.py:839} INFO - DAG(s) dict_keys(['example_branch_labels']) retrieved from /home/airflow/.local/lib/python3.8/site-packages/airflow/example_dags/example_branch_labels.py
[2024-09-24T05:05:49.676+0000] {logging_mixin.py:151} INFO - [2024-09-24T05:05:49.676+0000] {dag.py:2907} INFO - Sync 1 DAGs
[2024-09-24T05:05:49.735+0000] {logging_mixin.py:151} INFO - [2024-09-24T05:05:49.734+0000] {dag.py:3677} INFO - Setting next_dagrun for example_branch_labels to 2024-09-23T00:00:00+00:00, run_after=2024-09-24T00:00:00+00:00
[2024-09-24T05:05:49.809+0000] {processor.py:179} INFO - Processing /home/airflow/.local/lib/python3.8/site-packages/airflow/example_dags/example_branch_labels.py took 0.285 seconds
[2024-09-24T05:06:20.194+0000] {processor.py:157} INFO - Started process (PID=153) to work on /home/airflow/.local/lib/python3.8/site-packages/airflow/example_dags/example_branch_labels.py
[2024-09-24T05:06:20.196+0000] {processor.py:829} INFO - Processing file /home/airflow/.local/lib/python3.8/site-packages/airflow/example_dags/example_branch_labels.py for tasks to queue
[2024-09-24T05:06:20.199+0000] {logging_mixin.py:151} INFO - [2024-09-24T05:06:20.198+0000] {dagbag.py:539} INFO - Filling up the DagBag from /home/airflow/.local/lib/python3.8/site-packages/airflow/example_dags/example_branch_labels.py
[2024-09-24T05:06:20.208+0000] {processor.py:839} INFO - DAG(s) dict_keys(['example_branch_labels']) retrieved from /home/airflow/.local/lib/python3.8/site-packages/airflow/example_dags/example_branch_labels.py
[2024-09-24T05:06:20.233+0000] {logging_mixin.py:151} INFO - [2024-09-24T05:06:20.233+0000] {dag.py:2907} INFO - Sync 1 DAGs
[2024-09-24T05:06:20.260+0000] {logging_mixin.py:151} INFO - [2024-09-24T05:06:20.259+0000] {dag.py:3677} INFO - Setting next_dagrun for example_branch_labels to 2024-09-23T00:00:00+00:00, run_after=2024-09-24T00:00:00+00:00
[2024-09-24T05:06:20.291+0000] {processor.py:179} INFO - Processing /home/airflow/.local/lib/python3.8/site-packages/airflow/example_dags/example_branch_labels.py took 0.100 seconds
[2024-09-24T05:06:50.722+0000] {processor.py:157} INFO - Started process (PID=209) to work on /home/airflow/.local/lib/python3.8/site-packages/airflow/example_dags/example_branch_labels.py
[2024-09-24T05:06:50.739+0000] {processor.py:829} INFO - Processing file /home/airflow/.local/lib/python3.8/site-packages/airflow/example_dags/example_branch_labels.py for tasks to queue
[2024-09-24T05:06:50.742+0000] {logging_mixin.py:151} INFO - [2024-09-24T05:06:50.742+0000] {dagbag.py:539} INFO - Filling up the DagBag from /home/airflow/.local/lib/python3.8/site-packages/airflow/example_dags/example_branch_labels.py
[2024-09-24T05:06:50.750+0000] {processor.py:839} INFO - DAG(s) dict_keys(['example_branch_labels']) retrieved from /home/airflow/.local/lib/python3.8/site-packages/airflow/example_dags/example_branch_labels.py
[2024-09-24T05:06:50.779+0000] {logging_mixin.py:151} INFO - [2024-09-24T05:06:50.779+0000] {dag.py:2907} INFO - Sync 1 DAGs
[2024-09-24T05:06:50.807+0000] {logging_mixin.py:151} INFO - [2024-09-24T05:06:50.807+0000] {dag.py:3677} INFO - Setting next_dagrun for example_branch_labels to 2024-09-23T00:00:00+00:00, run_after=2024-09-24T00:00:00+00:00
[2024-09-24T05:06:50.837+0000] {processor.py:179} INFO - Processing /home/airflow/.local/lib/python3.8/site-packages/airflow/example_dags/example_branch_labels.py took 0.119 seconds
[2024-09-24T05:07:21.395+0000] {processor.py:157} INFO - Started process (PID=265) to work on /home/airflow/.local/lib/python3.8/site-packages/airflow/example_dags/example_branch_labels.py
[2024-09-24T05:07:21.397+0000] {processor.py:829} INFO - Processing file /home/airflow/.local/lib/python3.8/site-packages/airflow/example_dags/example_branch_labels.py for tasks to queue
[2024-09-24T05:07:21.399+0000] {logging_mixin.py:151} INFO - [2024-09-24T05:07:21.399+0000] {dagbag.py:539} INFO - Filling up the DagBag from /home/airflow/.local/lib/python3.8/site-packages/airflow/example_dags/example_branch_labels.py
[2024-09-24T05:07:21.408+0000] {processor.py:839} INFO - DAG(s) dict_keys(['example_branch_labels']) retrieved from /home/airflow/.local/lib/python3.8/site-packages/airflow/example_dags/example_branch_labels.py
[2024-09-24T05:07:21.433+0000] {logging_mixin.py:151} INFO - [2024-09-24T05:07:21.433+0000] {dag.py:2907} INFO - Sync 1 DAGs
[2024-09-24T05:07:21.459+0000] {logging_mixin.py:151} INFO - [2024-09-24T05:07:21.458+0000] {dag.py:3677} INFO - Setting next_dagrun for example_branch_labels to 2024-09-23T00:00:00+00:00, run_after=2024-09-24T00:00:00+00:00
[2024-09-24T05:07:21.484+0000] {processor.py:179} INFO - Processing /home/airflow/.local/lib/python3.8/site-packages/airflow/example_dags/example_branch_labels.py took 0.093 seconds
[2024-09-24T05:07:51.866+0000] {processor.py:157} INFO - Started process (PID=321) to work on /home/airflow/.local/lib/python3.8/site-packages/airflow/example_dags/example_branch_labels.py
[2024-09-24T05:07:51.867+0000] {processor.py:829} INFO - Processing file /home/airflow/.local/lib/python3.8/site-packages/airflow/example_dags/example_branch_labels.py for tasks to queue
[2024-09-24T05:07:51.871+0000] {logging_mixin.py:151} INFO - [2024-09-24T05:07:51.871+0000] {dagbag.py:539} INFO - Filling up the DagBag from /home/airflow/.local/lib/python3.8/site-packages/airflow/example_dags/example_branch_labels.py
[2024-09-24T05:07:51.885+0000] {processor.py:839} INFO - DAG(s) dict_keys(['example_branch_labels']) retrieved from /home/airflow/.local/lib/python3.8/site-packages/airflow/example_dags/example_branch_labels.py
[2024-09-24T05:07:51.913+0000] {logging_mixin.py:151} INFO - [2024-09-24T05:07:51.913+0000] {dag.py:2907} INFO - Sync 1 DAGs
[2024-09-24T05:07:51.945+0000] {logging_mixin.py:151} INFO - [2024-09-24T05:07:51.945+0000] {dag.py:3677} INFO - Setting next_dagrun for example_branch_labels to 2024-09-23T00:00:00+00:00, run_after=2024-09-24T00:00:00+00:00
[2024-09-24T05:07:51.976+0000] {processor.py:179} INFO - Processing /home/airflow/.local/lib/python3.8/site-packages/airflow/example_dags/example_branch_labels.py took 0.114 seconds
[2024-09-24T05:08:22.291+0000] {processor.py:157} INFO - Started process (PID=377) to work on /home/airflow/.local/lib/python3.8/site-packages/airflow/example_dags/example_branch_labels.py
[2024-09-24T05:08:22.292+0000] {processor.py:829} INFO - Processing file /home/airflow/.local/lib/python3.8/site-packages/airflow/example_dags/example_branch_labels.py for tasks to queue
[2024-09-24T05:08:22.295+0000] {logging_mixin.py:151} INFO - [2024-09-24T05:08:22.294+0000] {dagbag.py:539} INFO - Filling up the DagBag from /home/airflow/.local/lib/python3.8/site-packages/airflow/example_dags/example_branch_labels.py
[2024-09-24T05:08:22.303+0000] {processor.py:839} INFO - DAG(s) dict_keys(['example_branch_labels']) retrieved from /home/airflow/.local/lib/python3.8/site-packages/airflow/example_dags/example_branch_labels.py
[2024-09-24T05:08:22.327+0000] {logging_mixin.py:151} INFO - [2024-09-24T05:08:22.326+0000] {dag.py:2907} INFO - Sync 1 DAGs
[2024-09-24T05:08:22.352+0000] {logging_mixin.py:151} INFO - [2024-09-24T05:08:22.352+0000] {dag.py:3677} INFO - Setting next_dagrun for example_branch_labels to 2024-09-23T00:00:00+00:00, run_after=2024-09-24T00:00:00+00:00
[2024-09-24T05:08:22.377+0000] {processor.py:179} INFO - Processing /home/airflow/.local/lib/python3.8/site-packages/airflow/example_dags/example_branch_labels.py took 0.089 seconds
[2024-09-24T05:08:54.224+0000] {processor.py:157} INFO - Started process (PID=440) to work on /home/airflow/.local/lib/python3.8/site-packages/airflow/example_dags/example_branch_labels.py
[2024-09-24T05:08:54.227+0000] {processor.py:829} INFO - Processing file /home/airflow/.local/lib/python3.8/site-packages/airflow/example_dags/example_branch_labels.py for tasks to queue
[2024-09-24T05:08:54.232+0000] {logging_mixin.py:151} INFO - [2024-09-24T05:08:54.231+0000] {dagbag.py:539} INFO - Filling up the DagBag from /home/airflow/.local/lib/python3.8/site-packages/airflow/example_dags/example_branch_labels.py
[2024-09-24T05:08:54.254+0000] {processor.py:839} INFO - DAG(s) dict_keys(['example_branch_labels']) retrieved from /home/airflow/.local/lib/python3.8/site-packages/airflow/example_dags/example_branch_labels.py
[2024-09-24T05:08:54.329+0000] {logging_mixin.py:151} INFO - [2024-09-24T05:08:54.328+0000] {dag.py:2907} INFO - Sync 1 DAGs
[2024-09-24T05:08:54.493+0000] {logging_mixin.py:151} INFO - [2024-09-24T05:08:54.493+0000] {dag.py:3677} INFO - Setting next_dagrun for example_branch_labels to 2024-09-23T00:00:00+00:00, run_after=2024-09-24T00:00:00+00:00
[2024-09-24T05:08:54.533+0000] {processor.py:179} INFO - Processing /home/airflow/.local/lib/python3.8/site-packages/airflow/example_dags/example_branch_labels.py took 0.325 seconds
[2024-09-24T05:09:25.144+0000] {processor.py:157} INFO - Started process (PID=496) to work on /home/airflow/.local/lib/python3.8/site-packages/airflow/example_dags/example_branch_labels.py
[2024-09-24T05:09:25.145+0000] {processor.py:829} INFO - Processing file /home/airflow/.local/lib/python3.8/site-packages/airflow/example_dags/example_branch_labels.py for tasks to queue
[2024-09-24T05:09:25.148+0000] {logging_mixin.py:151} INFO - [2024-09-24T05:09:25.148+0000] {dagbag.py:539} INFO - Filling up the DagBag from /home/airflow/.local/lib/python3.8/site-packages/airflow/example_dags/example_branch_labels.py
[2024-09-24T05:09:25.157+0000] {processor.py:839} INFO - DAG(s) dict_keys(['example_branch_labels']) retrieved from /home/airflow/.local/lib/python3.8/site-packages/airflow/example_dags/example_branch_labels.py
[2024-09-24T05:09:25.184+0000] {logging_mixin.py:151} INFO - [2024-09-24T05:09:25.184+0000] {dag.py:2907} INFO - Sync 1 DAGs
[2024-09-24T05:09:25.213+0000] {logging_mixin.py:151} INFO - [2024-09-24T05:09:25.212+0000] {dag.py:3677} INFO - Setting next_dagrun for example_branch_labels to 2024-09-23T00:00:00+00:00, run_after=2024-09-24T00:00:00+00:00
[2024-09-24T05:09:25.247+0000] {processor.py:179} INFO - Processing /home/airflow/.local/lib/python3.8/site-packages/airflow/example_dags/example_branch_labels.py took 0.108 seconds
[2024-09-24T05:09:55.895+0000] {processor.py:157} INFO - Started process (PID=552) to work on /home/airflow/.local/lib/python3.8/site-packages/airflow/example_dags/example_branch_labels.py
[2024-09-24T05:09:55.899+0000] {processor.py:829} INFO - Processing file /home/airflow/.local/lib/python3.8/site-packages/airflow/example_dags/example_branch_labels.py for tasks to queue
[2024-09-24T05:09:55.906+0000] {logging_mixin.py:151} INFO - [2024-09-24T05:09:55.905+0000] {dagbag.py:539} INFO - Filling up the DagBag from /home/airflow/.local/lib/python3.8/site-packages/airflow/example_dags/example_branch_labels.py
[2024-09-24T05:09:55.926+0000] {processor.py:839} INFO - DAG(s) dict_keys(['example_branch_labels']) retrieved from /home/airflow/.local/lib/python3.8/site-packages/airflow/example_dags/example_branch_labels.py
[2024-09-24T05:09:55.964+0000] {logging_mixin.py:151} INFO - [2024-09-24T05:09:55.963+0000] {dag.py:2907} INFO - Sync 1 DAGs
[2024-09-24T05:09:55.999+0000] {logging_mixin.py:151} INFO - [2024-09-24T05:09:55.999+0000] {dag.py:3677} INFO - Setting next_dagrun for example_branch_labels to 2024-09-23T00:00:00+00:00, run_after=2024-09-24T00:00:00+00:00
[2024-09-24T05:09:56.031+0000] {processor.py:179} INFO - Processing /home/airflow/.local/lib/python3.8/site-packages/airflow/example_dags/example_branch_labels.py took 0.151 seconds
[2024-09-24T05:10:26.760+0000] {processor.py:157} INFO - Started process (PID=608) to work on /home/airflow/.local/lib/python3.8/site-packages/airflow/example_dags/example_branch_labels.py
[2024-09-24T05:10:26.763+0000] {processor.py:829} INFO - Processing file /home/airflow/.local/lib/python3.8/site-packages/airflow/example_dags/example_branch_labels.py for tasks to queue
[2024-09-24T05:10:26.768+0000] {logging_mixin.py:151} INFO - [2024-09-24T05:10:26.768+0000] {dagbag.py:539} INFO - Filling up the DagBag from /home/airflow/.local/lib/python3.8/site-packages/airflow/example_dags/example_branch_labels.py
[2024-09-24T05:10:26.784+0000] {processor.py:839} INFO - DAG(s) dict_keys(['example_branch_labels']) retrieved from /home/airflow/.local/lib/python3.8/site-packages/airflow/example_dags/example_branch_labels.py
[2024-09-24T05:10:26.828+0000] {logging_mixin.py:151} INFO - [2024-09-24T05:10:26.828+0000] {dag.py:2907} INFO - Sync 1 DAGs
[2024-09-24T05:10:26.878+0000] {logging_mixin.py:151} INFO - [2024-09-24T05:10:26.877+0000] {dag.py:3677} INFO - Setting next_dagrun for example_branch_labels to 2024-09-23T00:00:00+00:00, run_after=2024-09-24T00:00:00+00:00
[2024-09-24T05:10:26.921+0000] {processor.py:179} INFO - Processing /home/airflow/.local/lib/python3.8/site-packages/airflow/example_dags/example_branch_labels.py took 0.166 seconds
[2024-09-24T05:10:57.395+0000] {processor.py:157} INFO - Started process (PID=664) to work on /home/airflow/.local/lib/python3.8/site-packages/airflow/example_dags/example_branch_labels.py
[2024-09-24T05:10:57.398+0000] {processor.py:829} INFO - Processing file /home/airflow/.local/lib/python3.8/site-packages/airflow/example_dags/example_branch_labels.py for tasks to queue
[2024-09-24T05:10:57.402+0000] {logging_mixin.py:151} INFO - [2024-09-24T05:10:57.401+0000] {dagbag.py:539} INFO - Filling up the DagBag from /home/airflow/.local/lib/python3.8/site-packages/airflow/example_dags/example_branch_labels.py
[2024-09-24T05:10:57.414+0000] {processor.py:839} INFO - DAG(s) dict_keys(['example_branch_labels']) retrieved from /home/airflow/.local/lib/python3.8/site-packages/airflow/example_dags/example_branch_labels.py
[2024-09-24T05:10:57.444+0000] {logging_mixin.py:151} INFO - [2024-09-24T05:10:57.444+0000] {dag.py:2907} INFO - Sync 1 DAGs
[2024-09-24T05:10:57.475+0000] {logging_mixin.py:151} INFO - [2024-09-24T05:10:57.474+0000] {dag.py:3677} INFO - Setting next_dagrun for example_branch_labels to 2024-09-23T00:00:00+00:00, run_after=2024-09-24T00:00:00+00:00
[2024-09-24T05:10:57.510+0000] {processor.py:179} INFO - Processing /home/airflow/.local/lib/python3.8/site-packages/airflow/example_dags/example_branch_labels.py took 0.118 seconds
[2024-09-24T05:11:27.613+0000] {processor.py:157} INFO - Started process (PID=720) to work on /home/airflow/.local/lib/python3.8/site-packages/airflow/example_dags/example_branch_labels.py
[2024-09-24T05:11:27.615+0000] {processor.py:829} INFO - Processing file /home/airflow/.local/lib/python3.8/site-packages/airflow/example_dags/example_branch_labels.py for tasks to queue
[2024-09-24T05:11:27.618+0000] {logging_mixin.py:151} INFO - [2024-09-24T05:11:27.618+0000] {dagbag.py:539} INFO - Filling up the DagBag from /home/airflow/.local/lib/python3.8/site-packages/airflow/example_dags/example_branch_labels.py
[2024-09-24T05:11:27.629+0000] {processor.py:839} INFO - DAG(s) dict_keys(['example_branch_labels']) retrieved from /home/airflow/.local/lib/python3.8/site-packages/airflow/example_dags/example_branch_labels.py
[2024-09-24T05:11:27.659+0000] {logging_mixin.py:151} INFO - [2024-09-24T05:11:27.658+0000] {dag.py:2907} INFO - Sync 1 DAGs
[2024-09-24T05:11:27.699+0000] {logging_mixin.py:151} INFO - [2024-09-24T05:11:27.699+0000] {dag.py:3677} INFO - Setting next_dagrun for example_branch_labels to 2024-09-23T00:00:00+00:00, run_after=2024-09-24T00:00:00+00:00
[2024-09-24T05:11:27.735+0000] {processor.py:179} INFO - Processing /home/airflow/.local/lib/python3.8/site-packages/airflow/example_dags/example_branch_labels.py took 0.126 seconds
[2024-09-24T05:11:58.004+0000] {processor.py:157} INFO - Started process (PID=776) to work on /home/airflow/.local/lib/python3.8/site-packages/airflow/example_dags/example_branch_labels.py
[2024-09-24T05:11:58.008+0000] {processor.py:829} INFO - Processing file /home/airflow/.local/lib/python3.8/site-packages/airflow/example_dags/example_branch_labels.py for tasks to queue
[2024-09-24T05:11:58.021+0000] {logging_mixin.py:151} INFO - [2024-09-24T05:11:58.019+0000] {dagbag.py:539} INFO - Filling up the DagBag from /home/airflow/.local/lib/python3.8/site-packages/airflow/example_dags/example_branch_labels.py
[2024-09-24T05:11:58.050+0000] {processor.py:839} INFO - DAG(s) dict_keys(['example_branch_labels']) retrieved from /home/airflow/.local/lib/python3.8/site-packages/airflow/example_dags/example_branch_labels.py
[2024-09-24T05:11:58.139+0000] {logging_mixin.py:151} INFO - [2024-09-24T05:11:58.138+0000] {dag.py:2907} INFO - Sync 1 DAGs
[2024-09-24T05:11:58.234+0000] {logging_mixin.py:151} INFO - [2024-09-24T05:11:58.233+0000] {dag.py:3677} INFO - Setting next_dagrun for example_branch_labels to 2024-09-23T00:00:00+00:00, run_after=2024-09-24T00:00:00+00:00
[2024-09-24T05:11:58.464+0000] {processor.py:179} INFO - Processing /home/airflow/.local/lib/python3.8/site-packages/airflow/example_dags/example_branch_labels.py took 0.470 seconds
[2024-09-24T05:12:29.170+0000] {processor.py:157} INFO - Started process (PID=836) to work on /home/airflow/.local/lib/python3.8/site-packages/airflow/example_dags/example_branch_labels.py
[2024-09-24T05:12:29.172+0000] {processor.py:829} INFO - Processing file /home/airflow/.local/lib/python3.8/site-packages/airflow/example_dags/example_branch_labels.py for tasks to queue
[2024-09-24T05:12:29.176+0000] {logging_mixin.py:151} INFO - [2024-09-24T05:12:29.175+0000] {dagbag.py:539} INFO - Filling up the DagBag from /home/airflow/.local/lib/python3.8/site-packages/airflow/example_dags/example_branch_labels.py
[2024-09-24T05:12:29.186+0000] {processor.py:839} INFO - DAG(s) dict_keys(['example_branch_labels']) retrieved from /home/airflow/.local/lib/python3.8/site-packages/airflow/example_dags/example_branch_labels.py
[2024-09-24T05:12:29.225+0000] {logging_mixin.py:151} INFO - [2024-09-24T05:12:29.225+0000] {dag.py:2907} INFO - Sync 1 DAGs
[2024-09-24T05:12:29.252+0000] {logging_mixin.py:151} INFO - [2024-09-24T05:12:29.252+0000] {dag.py:3677} INFO - Setting next_dagrun for example_branch_labels to 2024-09-23T00:00:00+00:00, run_after=2024-09-24T00:00:00+00:00
[2024-09-24T05:12:29.281+0000] {processor.py:179} INFO - Processing /home/airflow/.local/lib/python3.8/site-packages/airflow/example_dags/example_branch_labels.py took 0.116 seconds
[2024-09-24T05:12:59.583+0000] {processor.py:157} INFO - Started process (PID=893) to work on /home/airflow/.local/lib/python3.8/site-packages/airflow/example_dags/example_branch_labels.py
[2024-09-24T05:12:59.585+0000] {processor.py:829} INFO - Processing file /home/airflow/.local/lib/python3.8/site-packages/airflow/example_dags/example_branch_labels.py for tasks to queue
[2024-09-24T05:12:59.588+0000] {logging_mixin.py:151} INFO - [2024-09-24T05:12:59.588+0000] {dagbag.py:539} INFO - Filling up the DagBag from /home/airflow/.local/lib/python3.8/site-packages/airflow/example_dags/example_branch_labels.py
[2024-09-24T05:12:59.598+0000] {processor.py:839} INFO - DAG(s) dict_keys(['example_branch_labels']) retrieved from /home/airflow/.local/lib/python3.8/site-packages/airflow/example_dags/example_branch_labels.py
[2024-09-24T05:12:59.622+0000] {logging_mixin.py:151} INFO - [2024-09-24T05:12:59.622+0000] {dag.py:2907} INFO - Sync 1 DAGs
[2024-09-24T05:12:59.646+0000] {logging_mixin.py:151} INFO - [2024-09-24T05:12:59.646+0000] {dag.py:3677} INFO - Setting next_dagrun for example_branch_labels to 2024-09-23T00:00:00+00:00, run_after=2024-09-24T00:00:00+00:00
[2024-09-24T05:12:59.670+0000] {processor.py:179} INFO - Processing /home/airflow/.local/lib/python3.8/site-packages/airflow/example_dags/example_branch_labels.py took 0.090 seconds
[2024-09-24T05:13:30.421+0000] {processor.py:157} INFO - Started process (PID=949) to work on /home/airflow/.local/lib/python3.8/site-packages/airflow/example_dags/example_branch_labels.py
[2024-09-24T05:13:30.423+0000] {processor.py:829} INFO - Processing file /home/airflow/.local/lib/python3.8/site-packages/airflow/example_dags/example_branch_labels.py for tasks to queue
[2024-09-24T05:13:30.426+0000] {logging_mixin.py:151} INFO - [2024-09-24T05:13:30.426+0000] {dagbag.py:539} INFO - Filling up the DagBag from /home/airflow/.local/lib/python3.8/site-packages/airflow/example_dags/example_branch_labels.py
[2024-09-24T05:13:30.436+0000] {processor.py:839} INFO - DAG(s) dict_keys(['example_branch_labels']) retrieved from /home/airflow/.local/lib/python3.8/site-packages/airflow/example_dags/example_branch_labels.py
[2024-09-24T05:13:30.462+0000] {logging_mixin.py:151} INFO - [2024-09-24T05:13:30.461+0000] {dag.py:2907} INFO - Sync 1 DAGs
[2024-09-24T05:13:30.488+0000] {logging_mixin.py:151} INFO - [2024-09-24T05:13:30.488+0000] {dag.py:3677} INFO - Setting next_dagrun for example_branch_labels to 2024-09-23T00:00:00+00:00, run_after=2024-09-24T00:00:00+00:00
[2024-09-24T05:13:30.517+0000] {processor.py:179} INFO - Processing /home/airflow/.local/lib/python3.8/site-packages/airflow/example_dags/example_branch_labels.py took 0.099 seconds
[2024-09-24T05:14:00.957+0000] {processor.py:157} INFO - Started process (PID=1005) to work on /home/airflow/.local/lib/python3.8/site-packages/airflow/example_dags/example_branch_labels.py
[2024-09-24T05:14:00.959+0000] {processor.py:829} INFO - Processing file /home/airflow/.local/lib/python3.8/site-packages/airflow/example_dags/example_branch_labels.py for tasks to queue
[2024-09-24T05:14:00.962+0000] {logging_mixin.py:151} INFO - [2024-09-24T05:14:00.961+0000] {dagbag.py:539} INFO - Filling up the DagBag from /home/airflow/.local/lib/python3.8/site-packages/airflow/example_dags/example_branch_labels.py
[2024-09-24T05:14:00.971+0000] {processor.py:839} INFO - DAG(s) dict_keys(['example_branch_labels']) retrieved from /home/airflow/.local/lib/python3.8/site-packages/airflow/example_dags/example_branch_labels.py
[2024-09-24T05:14:00.998+0000] {logging_mixin.py:151} INFO - [2024-09-24T05:14:00.997+0000] {dag.py:2907} INFO - Sync 1 DAGs
[2024-09-24T05:14:01.026+0000] {logging_mixin.py:151} INFO - [2024-09-24T05:14:01.025+0000] {dag.py:3677} INFO - Setting next_dagrun for example_branch_labels to 2024-09-23T00:00:00+00:00, run_after=2024-09-24T00:00:00+00:00
[2024-09-24T05:14:01.052+0000] {processor.py:179} INFO - Processing /home/airflow/.local/lib/python3.8/site-packages/airflow/example_dags/example_branch_labels.py took 0.099 seconds
[2024-09-24T05:14:31.266+0000] {processor.py:157} INFO - Started process (PID=1061) to work on /home/airflow/.local/lib/python3.8/site-packages/airflow/example_dags/example_branch_labels.py
[2024-09-24T05:14:31.268+0000] {processor.py:829} INFO - Processing file /home/airflow/.local/lib/python3.8/site-packages/airflow/example_dags/example_branch_labels.py for tasks to queue
[2024-09-24T05:14:31.271+0000] {logging_mixin.py:151} INFO - [2024-09-24T05:14:31.271+0000] {dagbag.py:539} INFO - Filling up the DagBag from /home/airflow/.local/lib/python3.8/site-packages/airflow/example_dags/example_branch_labels.py
[2024-09-24T05:14:31.280+0000] {processor.py:839} INFO - DAG(s) dict_keys(['example_branch_labels']) retrieved from /home/airflow/.local/lib/python3.8/site-packages/airflow/example_dags/example_branch_labels.py
[2024-09-24T05:14:31.310+0000] {logging_mixin.py:151} INFO - [2024-09-24T05:14:31.309+0000] {dag.py:2907} INFO - Sync 1 DAGs
[2024-09-24T05:14:31.338+0000] {logging_mixin.py:151} INFO - [2024-09-24T05:14:31.338+0000] {dag.py:3677} INFO - Setting next_dagrun for example_branch_labels to 2024-09-23T00:00:00+00:00, run_after=2024-09-24T00:00:00+00:00
[2024-09-24T05:14:31.369+0000] {processor.py:179} INFO - Processing /home/airflow/.local/lib/python3.8/site-packages/airflow/example_dags/example_branch_labels.py took 0.107 seconds
[2024-09-24T05:15:01.726+0000] {processor.py:157} INFO - Started process (PID=1117) to work on /home/airflow/.local/lib/python3.8/site-packages/airflow/example_dags/example_branch_labels.py
[2024-09-24T05:15:01.728+0000] {processor.py:829} INFO - Processing file /home/airflow/.local/lib/python3.8/site-packages/airflow/example_dags/example_branch_labels.py for tasks to queue
[2024-09-24T05:15:01.733+0000] {logging_mixin.py:151} INFO - [2024-09-24T05:15:01.732+0000] {dagbag.py:539} INFO - Filling up the DagBag from /home/airflow/.local/lib/python3.8/site-packages/airflow/example_dags/example_branch_labels.py
[2024-09-24T05:15:01.743+0000] {processor.py:839} INFO - DAG(s) dict_keys(['example_branch_labels']) retrieved from /home/airflow/.local/lib/python3.8/site-packages/airflow/example_dags/example_branch_labels.py
[2024-09-24T05:15:01.774+0000] {logging_mixin.py:151} INFO - [2024-09-24T05:15:01.774+0000] {dag.py:2907} INFO - Sync 1 DAGs
[2024-09-24T05:15:01.800+0000] {logging_mixin.py:151} INFO - [2024-09-24T05:15:01.800+0000] {dag.py:3677} INFO - Setting next_dagrun for example_branch_labels to 2024-09-23T00:00:00+00:00, run_after=2024-09-24T00:00:00+00:00
[2024-09-24T05:15:01.827+0000] {processor.py:179} INFO - Processing /home/airflow/.local/lib/python3.8/site-packages/airflow/example_dags/example_branch_labels.py took 0.105 seconds
