[2024-09-24T04:10:29.153+0000] {processor.py:157} INFO - Started process (PID=70) to work on /home/airflow/.local/lib/python3.8/site-packages/airflow/example_dags/example_xcomargs.py
[2024-09-24T04:10:29.170+0000] {processor.py:829} INFO - Processing file /home/airflow/.local/lib/python3.8/site-packages/airflow/example_dags/example_xcomargs.py for tasks to queue
[2024-09-24T04:10:29.265+0000] {logging_mixin.py:151} INFO - [2024-09-24T04:10:29.255+0000] {dagbag.py:539} INFO - Filling up the DagBag from /home/airflow/.local/lib/python3.8/site-packages/airflow/example_dags/example_xcomargs.py
[2024-09-24T04:10:29.422+0000] {processor.py:839} INFO - DAG(s) dict_keys(['example_xcom_args', 'example_xcom_args_with_operators']) retrieved from /home/airflow/.local/lib/python3.8/site-packages/airflow/example_dags/example_xcomargs.py
[2024-09-24T04:10:29.649+0000] {logging_mixin.py:151} INFO - [2024-09-24T04:10:29.647+0000] {dag.py:2907} INFO - Sync 2 DAGs
[2024-09-24T04:10:29.733+0000] {logging_mixin.py:151} INFO - [2024-09-24T04:10:29.732+0000] {dag.py:3677} INFO - Setting next_dagrun for example_xcom_args to None, run_after=None
[2024-09-24T04:10:29.745+0000] {logging_mixin.py:151} INFO - [2024-09-24T04:10:29.744+0000] {dag.py:3677} INFO - Setting next_dagrun for example_xcom_args_with_operators to None, run_after=None
[2024-09-24T04:10:29.803+0000] {processor.py:179} INFO - Processing /home/airflow/.local/lib/python3.8/site-packages/airflow/example_dags/example_xcomargs.py took 0.655 seconds
[2024-09-24T05:05:50.323+0000] {processor.py:157} INFO - Started process (PID=100) to work on /home/airflow/.local/lib/python3.8/site-packages/airflow/example_dags/example_xcomargs.py
[2024-09-24T05:05:50.327+0000] {processor.py:829} INFO - Processing file /home/airflow/.local/lib/python3.8/site-packages/airflow/example_dags/example_xcomargs.py for tasks to queue
[2024-09-24T05:05:50.333+0000] {logging_mixin.py:151} INFO - [2024-09-24T05:05:50.332+0000] {dagbag.py:539} INFO - Filling up the DagBag from /home/airflow/.local/lib/python3.8/site-packages/airflow/example_dags/example_xcomargs.py
[2024-09-24T05:05:50.359+0000] {processor.py:839} INFO - DAG(s) dict_keys(['example_xcom_args', 'example_xcom_args_with_operators']) retrieved from /home/airflow/.local/lib/python3.8/site-packages/airflow/example_dags/example_xcomargs.py
[2024-09-24T05:05:50.593+0000] {logging_mixin.py:151} INFO - [2024-09-24T05:05:50.593+0000] {dag.py:2907} INFO - Sync 2 DAGs
[2024-09-24T05:05:50.669+0000] {logging_mixin.py:151} INFO - [2024-09-24T05:05:50.668+0000] {dag.py:3677} INFO - Setting next_dagrun for example_xcom_args to None, run_after=None
[2024-09-24T05:05:50.680+0000] {logging_mixin.py:151} INFO - [2024-09-24T05:05:50.680+0000] {dag.py:3677} INFO - Setting next_dagrun for example_xcom_args_with_operators to None, run_after=None
[2024-09-24T05:05:50.737+0000] {processor.py:179} INFO - Processing /home/airflow/.local/lib/python3.8/site-packages/airflow/example_dags/example_xcomargs.py took 0.424 seconds
[2024-09-24T05:06:21.350+0000] {processor.py:157} INFO - Started process (PID=156) to work on /home/airflow/.local/lib/python3.8/site-packages/airflow/example_dags/example_xcomargs.py
[2024-09-24T05:06:21.352+0000] {processor.py:829} INFO - Processing file /home/airflow/.local/lib/python3.8/site-packages/airflow/example_dags/example_xcomargs.py for tasks to queue
[2024-09-24T05:06:21.355+0000] {logging_mixin.py:151} INFO - [2024-09-24T05:06:21.354+0000] {dagbag.py:539} INFO - Filling up the DagBag from /home/airflow/.local/lib/python3.8/site-packages/airflow/example_dags/example_xcomargs.py
[2024-09-24T05:06:21.365+0000] {processor.py:839} INFO - DAG(s) dict_keys(['example_xcom_args', 'example_xcom_args_with_operators']) retrieved from /home/airflow/.local/lib/python3.8/site-packages/airflow/example_dags/example_xcomargs.py
[2024-09-24T05:06:21.393+0000] {logging_mixin.py:151} INFO - [2024-09-24T05:06:21.393+0000] {dag.py:2907} INFO - Sync 2 DAGs
[2024-09-24T05:06:21.407+0000] {logging_mixin.py:151} INFO - [2024-09-24T05:06:21.407+0000] {dag.py:3677} INFO - Setting next_dagrun for example_xcom_args to None, run_after=None
[2024-09-24T05:06:21.416+0000] {logging_mixin.py:151} INFO - [2024-09-24T05:06:21.416+0000] {dag.py:3677} INFO - Setting next_dagrun for example_xcom_args_with_operators to None, run_after=None
[2024-09-24T05:06:21.459+0000] {processor.py:179} INFO - Processing /home/airflow/.local/lib/python3.8/site-packages/airflow/example_dags/example_xcomargs.py took 0.112 seconds
[2024-09-24T05:06:51.892+0000] {processor.py:157} INFO - Started process (PID=212) to work on /home/airflow/.local/lib/python3.8/site-packages/airflow/example_dags/example_xcomargs.py
[2024-09-24T05:06:51.894+0000] {processor.py:829} INFO - Processing file /home/airflow/.local/lib/python3.8/site-packages/airflow/example_dags/example_xcomargs.py for tasks to queue
[2024-09-24T05:06:51.896+0000] {logging_mixin.py:151} INFO - [2024-09-24T05:06:51.896+0000] {dagbag.py:539} INFO - Filling up the DagBag from /home/airflow/.local/lib/python3.8/site-packages/airflow/example_dags/example_xcomargs.py
[2024-09-24T05:06:51.905+0000] {processor.py:839} INFO - DAG(s) dict_keys(['example_xcom_args_with_operators', 'example_xcom_args']) retrieved from /home/airflow/.local/lib/python3.8/site-packages/airflow/example_dags/example_xcomargs.py
[2024-09-24T05:06:51.935+0000] {logging_mixin.py:151} INFO - [2024-09-24T05:06:51.934+0000] {dag.py:2907} INFO - Sync 2 DAGs
[2024-09-24T05:06:51.949+0000] {logging_mixin.py:151} INFO - [2024-09-24T05:06:51.949+0000] {dag.py:3677} INFO - Setting next_dagrun for example_xcom_args to None, run_after=None
[2024-09-24T05:06:51.954+0000] {logging_mixin.py:151} INFO - [2024-09-24T05:06:51.954+0000] {dag.py:3677} INFO - Setting next_dagrun for example_xcom_args_with_operators to None, run_after=None
[2024-09-24T05:06:51.978+0000] {processor.py:179} INFO - Processing /home/airflow/.local/lib/python3.8/site-packages/airflow/example_dags/example_xcomargs.py took 0.090 seconds
[2024-09-24T05:07:22.544+0000] {processor.py:157} INFO - Started process (PID=268) to work on /home/airflow/.local/lib/python3.8/site-packages/airflow/example_dags/example_xcomargs.py
[2024-09-24T05:07:22.546+0000] {processor.py:829} INFO - Processing file /home/airflow/.local/lib/python3.8/site-packages/airflow/example_dags/example_xcomargs.py for tasks to queue
[2024-09-24T05:07:22.548+0000] {logging_mixin.py:151} INFO - [2024-09-24T05:07:22.548+0000] {dagbag.py:539} INFO - Filling up the DagBag from /home/airflow/.local/lib/python3.8/site-packages/airflow/example_dags/example_xcomargs.py
[2024-09-24T05:07:22.557+0000] {processor.py:839} INFO - DAG(s) dict_keys(['example_xcom_args_with_operators', 'example_xcom_args']) retrieved from /home/airflow/.local/lib/python3.8/site-packages/airflow/example_dags/example_xcomargs.py
[2024-09-24T05:07:22.586+0000] {logging_mixin.py:151} INFO - [2024-09-24T05:07:22.586+0000] {dag.py:2907} INFO - Sync 2 DAGs
[2024-09-24T05:07:22.600+0000] {logging_mixin.py:151} INFO - [2024-09-24T05:07:22.600+0000] {dag.py:3677} INFO - Setting next_dagrun for example_xcom_args to None, run_after=None
[2024-09-24T05:07:22.605+0000] {logging_mixin.py:151} INFO - [2024-09-24T05:07:22.605+0000] {dag.py:3677} INFO - Setting next_dagrun for example_xcom_args_with_operators to None, run_after=None
[2024-09-24T05:07:22.632+0000] {processor.py:179} INFO - Processing /home/airflow/.local/lib/python3.8/site-packages/airflow/example_dags/example_xcomargs.py took 0.092 seconds
[2024-09-24T05:07:53.038+0000] {processor.py:157} INFO - Started process (PID=324) to work on /home/airflow/.local/lib/python3.8/site-packages/airflow/example_dags/example_xcomargs.py
[2024-09-24T05:07:53.040+0000] {processor.py:829} INFO - Processing file /home/airflow/.local/lib/python3.8/site-packages/airflow/example_dags/example_xcomargs.py for tasks to queue
[2024-09-24T05:07:53.043+0000] {logging_mixin.py:151} INFO - [2024-09-24T05:07:53.043+0000] {dagbag.py:539} INFO - Filling up the DagBag from /home/airflow/.local/lib/python3.8/site-packages/airflow/example_dags/example_xcomargs.py
[2024-09-24T05:07:53.052+0000] {processor.py:839} INFO - DAG(s) dict_keys(['example_xcom_args_with_operators', 'example_xcom_args']) retrieved from /home/airflow/.local/lib/python3.8/site-packages/airflow/example_dags/example_xcomargs.py
[2024-09-24T05:07:53.084+0000] {logging_mixin.py:151} INFO - [2024-09-24T05:07:53.084+0000] {dag.py:2907} INFO - Sync 2 DAGs
[2024-09-24T05:07:53.098+0000] {logging_mixin.py:151} INFO - [2024-09-24T05:07:53.098+0000] {dag.py:3677} INFO - Setting next_dagrun for example_xcom_args to None, run_after=None
[2024-09-24T05:07:53.104+0000] {logging_mixin.py:151} INFO - [2024-09-24T05:07:53.104+0000] {dag.py:3677} INFO - Setting next_dagrun for example_xcom_args_with_operators to None, run_after=None
[2024-09-24T05:07:53.128+0000] {processor.py:179} INFO - Processing /home/airflow/.local/lib/python3.8/site-packages/airflow/example_dags/example_xcomargs.py took 0.094 seconds
[2024-09-24T05:08:23.437+0000] {processor.py:157} INFO - Started process (PID=379) to work on /home/airflow/.local/lib/python3.8/site-packages/airflow/example_dags/example_xcomargs.py
[2024-09-24T05:08:23.438+0000] {processor.py:829} INFO - Processing file /home/airflow/.local/lib/python3.8/site-packages/airflow/example_dags/example_xcomargs.py for tasks to queue
[2024-09-24T05:08:23.441+0000] {logging_mixin.py:151} INFO - [2024-09-24T05:08:23.440+0000] {dagbag.py:539} INFO - Filling up the DagBag from /home/airflow/.local/lib/python3.8/site-packages/airflow/example_dags/example_xcomargs.py
[2024-09-24T05:08:23.448+0000] {processor.py:839} INFO - DAG(s) dict_keys(['example_xcom_args_with_operators', 'example_xcom_args']) retrieved from /home/airflow/.local/lib/python3.8/site-packages/airflow/example_dags/example_xcomargs.py
[2024-09-24T05:08:23.484+0000] {logging_mixin.py:151} INFO - [2024-09-24T05:08:23.483+0000] {dag.py:2907} INFO - Sync 2 DAGs
[2024-09-24T05:08:23.499+0000] {logging_mixin.py:151} INFO - [2024-09-24T05:08:23.499+0000] {dag.py:3677} INFO - Setting next_dagrun for example_xcom_args to None, run_after=None
[2024-09-24T05:08:23.504+0000] {logging_mixin.py:151} INFO - [2024-09-24T05:08:23.504+0000] {dag.py:3677} INFO - Setting next_dagrun for example_xcom_args_with_operators to None, run_after=None
[2024-09-24T05:08:23.531+0000] {processor.py:179} INFO - Processing /home/airflow/.local/lib/python3.8/site-packages/airflow/example_dags/example_xcomargs.py took 0.097 seconds
[2024-09-24T05:08:54.552+0000] {processor.py:157} INFO - Started process (PID=442) to work on /home/airflow/.local/lib/python3.8/site-packages/airflow/example_dags/example_xcomargs.py
[2024-09-24T05:08:54.554+0000] {processor.py:829} INFO - Processing file /home/airflow/.local/lib/python3.8/site-packages/airflow/example_dags/example_xcomargs.py for tasks to queue
[2024-09-24T05:08:54.558+0000] {logging_mixin.py:151} INFO - [2024-09-24T05:08:54.557+0000] {dagbag.py:539} INFO - Filling up the DagBag from /home/airflow/.local/lib/python3.8/site-packages/airflow/example_dags/example_xcomargs.py
[2024-09-24T05:08:54.570+0000] {processor.py:839} INFO - DAG(s) dict_keys(['example_xcom_args', 'example_xcom_args_with_operators']) retrieved from /home/airflow/.local/lib/python3.8/site-packages/airflow/example_dags/example_xcomargs.py
[2024-09-24T05:08:54.625+0000] {logging_mixin.py:151} INFO - [2024-09-24T05:08:54.624+0000] {dag.py:2907} INFO - Sync 2 DAGs
[2024-09-24T05:08:54.654+0000] {logging_mixin.py:151} INFO - [2024-09-24T05:08:54.653+0000] {dag.py:3677} INFO - Setting next_dagrun for example_xcom_args to None, run_after=None
[2024-09-24T05:08:54.664+0000] {logging_mixin.py:151} INFO - [2024-09-24T05:08:54.663+0000] {dag.py:3677} INFO - Setting next_dagrun for example_xcom_args_with_operators to None, run_after=None
[2024-09-24T05:08:54.708+0000] {processor.py:179} INFO - Processing /home/airflow/.local/lib/python3.8/site-packages/airflow/example_dags/example_xcomargs.py took 0.162 seconds
[2024-09-24T05:09:25.286+0000] {processor.py:157} INFO - Started process (PID=498) to work on /home/airflow/.local/lib/python3.8/site-packages/airflow/example_dags/example_xcomargs.py
[2024-09-24T05:09:25.288+0000] {processor.py:829} INFO - Processing file /home/airflow/.local/lib/python3.8/site-packages/airflow/example_dags/example_xcomargs.py for tasks to queue
[2024-09-24T05:09:25.290+0000] {logging_mixin.py:151} INFO - [2024-09-24T05:09:25.290+0000] {dagbag.py:539} INFO - Filling up the DagBag from /home/airflow/.local/lib/python3.8/site-packages/airflow/example_dags/example_xcomargs.py
[2024-09-24T05:09:25.298+0000] {processor.py:839} INFO - DAG(s) dict_keys(['example_xcom_args', 'example_xcom_args_with_operators']) retrieved from /home/airflow/.local/lib/python3.8/site-packages/airflow/example_dags/example_xcomargs.py
[2024-09-24T05:09:25.328+0000] {logging_mixin.py:151} INFO - [2024-09-24T05:09:25.328+0000] {dag.py:2907} INFO - Sync 2 DAGs
[2024-09-24T05:09:25.342+0000] {logging_mixin.py:151} INFO - [2024-09-24T05:09:25.341+0000] {dag.py:3677} INFO - Setting next_dagrun for example_xcom_args to None, run_after=None
[2024-09-24T05:09:25.346+0000] {logging_mixin.py:151} INFO - [2024-09-24T05:09:25.346+0000] {dag.py:3677} INFO - Setting next_dagrun for example_xcom_args_with_operators to None, run_after=None
[2024-09-24T05:09:25.375+0000] {processor.py:179} INFO - Processing /home/airflow/.local/lib/python3.8/site-packages/airflow/example_dags/example_xcomargs.py took 0.093 seconds
[2024-09-24T05:09:56.070+0000] {processor.py:157} INFO - Started process (PID=554) to work on /home/airflow/.local/lib/python3.8/site-packages/airflow/example_dags/example_xcomargs.py
[2024-09-24T05:09:56.072+0000] {processor.py:829} INFO - Processing file /home/airflow/.local/lib/python3.8/site-packages/airflow/example_dags/example_xcomargs.py for tasks to queue
[2024-09-24T05:09:56.076+0000] {logging_mixin.py:151} INFO - [2024-09-24T05:09:56.075+0000] {dagbag.py:539} INFO - Filling up the DagBag from /home/airflow/.local/lib/python3.8/site-packages/airflow/example_dags/example_xcomargs.py
[2024-09-24T05:09:56.090+0000] {processor.py:839} INFO - DAG(s) dict_keys(['example_xcom_args_with_operators', 'example_xcom_args']) retrieved from /home/airflow/.local/lib/python3.8/site-packages/airflow/example_dags/example_xcomargs.py
[2024-09-24T05:09:56.132+0000] {logging_mixin.py:151} INFO - [2024-09-24T05:09:56.132+0000] {dag.py:2907} INFO - Sync 2 DAGs
[2024-09-24T05:09:56.152+0000] {logging_mixin.py:151} INFO - [2024-09-24T05:09:56.152+0000] {dag.py:3677} INFO - Setting next_dagrun for example_xcom_args to None, run_after=None
[2024-09-24T05:09:56.158+0000] {logging_mixin.py:151} INFO - [2024-09-24T05:09:56.157+0000] {dag.py:3677} INFO - Setting next_dagrun for example_xcom_args_with_operators to None, run_after=None
[2024-09-24T05:09:56.193+0000] {processor.py:179} INFO - Processing /home/airflow/.local/lib/python3.8/site-packages/airflow/example_dags/example_xcomargs.py took 0.126 seconds
[2024-09-24T05:10:26.978+0000] {processor.py:157} INFO - Started process (PID=610) to work on /home/airflow/.local/lib/python3.8/site-packages/airflow/example_dags/example_xcomargs.py
[2024-09-24T05:10:26.980+0000] {processor.py:829} INFO - Processing file /home/airflow/.local/lib/python3.8/site-packages/airflow/example_dags/example_xcomargs.py for tasks to queue
[2024-09-24T05:10:26.984+0000] {logging_mixin.py:151} INFO - [2024-09-24T05:10:26.983+0000] {dagbag.py:539} INFO - Filling up the DagBag from /home/airflow/.local/lib/python3.8/site-packages/airflow/example_dags/example_xcomargs.py
[2024-09-24T05:10:26.993+0000] {processor.py:839} INFO - DAG(s) dict_keys(['example_xcom_args', 'example_xcom_args_with_operators']) retrieved from /home/airflow/.local/lib/python3.8/site-packages/airflow/example_dags/example_xcomargs.py
[2024-09-24T05:10:27.032+0000] {logging_mixin.py:151} INFO - [2024-09-24T05:10:27.031+0000] {dag.py:2907} INFO - Sync 2 DAGs
[2024-09-24T05:10:27.048+0000] {logging_mixin.py:151} INFO - [2024-09-24T05:10:27.048+0000] {dag.py:3677} INFO - Setting next_dagrun for example_xcom_args to None, run_after=None
[2024-09-24T05:10:27.055+0000] {logging_mixin.py:151} INFO - [2024-09-24T05:10:27.055+0000] {dag.py:3677} INFO - Setting next_dagrun for example_xcom_args_with_operators to None, run_after=None
[2024-09-24T05:10:27.088+0000] {processor.py:179} INFO - Processing /home/airflow/.local/lib/python3.8/site-packages/airflow/example_dags/example_xcomargs.py took 0.114 seconds
[2024-09-24T05:10:57.560+0000] {processor.py:157} INFO - Started process (PID=666) to work on /home/airflow/.local/lib/python3.8/site-packages/airflow/example_dags/example_xcomargs.py
[2024-09-24T05:10:57.562+0000] {processor.py:829} INFO - Processing file /home/airflow/.local/lib/python3.8/site-packages/airflow/example_dags/example_xcomargs.py for tasks to queue
[2024-09-24T05:10:57.565+0000] {logging_mixin.py:151} INFO - [2024-09-24T05:10:57.565+0000] {dagbag.py:539} INFO - Filling up the DagBag from /home/airflow/.local/lib/python3.8/site-packages/airflow/example_dags/example_xcomargs.py
[2024-09-24T05:10:57.575+0000] {processor.py:839} INFO - DAG(s) dict_keys(['example_xcom_args_with_operators', 'example_xcom_args']) retrieved from /home/airflow/.local/lib/python3.8/site-packages/airflow/example_dags/example_xcomargs.py
[2024-09-24T05:10:57.608+0000] {logging_mixin.py:151} INFO - [2024-09-24T05:10:57.607+0000] {dag.py:2907} INFO - Sync 2 DAGs
[2024-09-24T05:10:57.626+0000] {logging_mixin.py:151} INFO - [2024-09-24T05:10:57.626+0000] {dag.py:3677} INFO - Setting next_dagrun for example_xcom_args to None, run_after=None
[2024-09-24T05:10:57.632+0000] {logging_mixin.py:151} INFO - [2024-09-24T05:10:57.631+0000] {dag.py:3677} INFO - Setting next_dagrun for example_xcom_args_with_operators to None, run_after=None
[2024-09-24T05:10:57.664+0000] {processor.py:179} INFO - Processing /home/airflow/.local/lib/python3.8/site-packages/airflow/example_dags/example_xcomargs.py took 0.107 seconds
[2024-09-24T05:11:27.772+0000] {processor.py:157} INFO - Started process (PID=722) to work on /home/airflow/.local/lib/python3.8/site-packages/airflow/example_dags/example_xcomargs.py
[2024-09-24T05:11:27.773+0000] {processor.py:829} INFO - Processing file /home/airflow/.local/lib/python3.8/site-packages/airflow/example_dags/example_xcomargs.py for tasks to queue
[2024-09-24T05:11:27.776+0000] {logging_mixin.py:151} INFO - [2024-09-24T05:11:27.776+0000] {dagbag.py:539} INFO - Filling up the DagBag from /home/airflow/.local/lib/python3.8/site-packages/airflow/example_dags/example_xcomargs.py
[2024-09-24T05:11:27.784+0000] {processor.py:839} INFO - DAG(s) dict_keys(['example_xcom_args_with_operators', 'example_xcom_args']) retrieved from /home/airflow/.local/lib/python3.8/site-packages/airflow/example_dags/example_xcomargs.py
[2024-09-24T05:11:27.816+0000] {logging_mixin.py:151} INFO - [2024-09-24T05:11:27.815+0000] {dag.py:2907} INFO - Sync 2 DAGs
[2024-09-24T05:11:27.832+0000] {logging_mixin.py:151} INFO - [2024-09-24T05:11:27.832+0000] {dag.py:3677} INFO - Setting next_dagrun for example_xcom_args to None, run_after=None
[2024-09-24T05:11:27.837+0000] {logging_mixin.py:151} INFO - [2024-09-24T05:11:27.837+0000] {dag.py:3677} INFO - Setting next_dagrun for example_xcom_args_with_operators to None, run_after=None
[2024-09-24T05:11:27.864+0000] {processor.py:179} INFO - Processing /home/airflow/.local/lib/python3.8/site-packages/airflow/example_dags/example_xcomargs.py took 0.096 seconds
[2024-09-24T05:11:58.550+0000] {processor.py:157} INFO - Started process (PID=778) to work on /home/airflow/.local/lib/python3.8/site-packages/airflow/example_dags/example_xcomargs.py
[2024-09-24T05:11:58.553+0000] {processor.py:829} INFO - Processing file /home/airflow/.local/lib/python3.8/site-packages/airflow/example_dags/example_xcomargs.py for tasks to queue
[2024-09-24T05:11:58.562+0000] {logging_mixin.py:151} INFO - [2024-09-24T05:11:58.561+0000] {dagbag.py:539} INFO - Filling up the DagBag from /home/airflow/.local/lib/python3.8/site-packages/airflow/example_dags/example_xcomargs.py
[2024-09-24T05:11:58.580+0000] {processor.py:839} INFO - DAG(s) dict_keys(['example_xcom_args', 'example_xcom_args_with_operators']) retrieved from /home/airflow/.local/lib/python3.8/site-packages/airflow/example_dags/example_xcomargs.py
[2024-09-24T05:11:58.658+0000] {logging_mixin.py:151} INFO - [2024-09-24T05:11:58.655+0000] {dag.py:2907} INFO - Sync 2 DAGs
[2024-09-24T05:11:58.725+0000] {logging_mixin.py:151} INFO - [2024-09-24T05:11:58.724+0000] {dag.py:3677} INFO - Setting next_dagrun for example_xcom_args to None, run_after=None
[2024-09-24T05:11:58.735+0000] {logging_mixin.py:151} INFO - [2024-09-24T05:11:58.734+0000] {dag.py:3677} INFO - Setting next_dagrun for example_xcom_args_with_operators to None, run_after=None
[2024-09-24T05:11:58.803+0000] {processor.py:179} INFO - Processing /home/airflow/.local/lib/python3.8/site-packages/airflow/example_dags/example_xcomargs.py took 0.262 seconds
[2024-09-24T05:12:29.464+0000] {processor.py:157} INFO - Started process (PID=838) to work on /home/airflow/.local/lib/python3.8/site-packages/airflow/example_dags/example_xcomargs.py
[2024-09-24T05:12:29.466+0000] {processor.py:829} INFO - Processing file /home/airflow/.local/lib/python3.8/site-packages/airflow/example_dags/example_xcomargs.py for tasks to queue
[2024-09-24T05:12:29.469+0000] {logging_mixin.py:151} INFO - [2024-09-24T05:12:29.469+0000] {dagbag.py:539} INFO - Filling up the DagBag from /home/airflow/.local/lib/python3.8/site-packages/airflow/example_dags/example_xcomargs.py
[2024-09-24T05:12:29.479+0000] {processor.py:839} INFO - DAG(s) dict_keys(['example_xcom_args', 'example_xcom_args_with_operators']) retrieved from /home/airflow/.local/lib/python3.8/site-packages/airflow/example_dags/example_xcomargs.py
[2024-09-24T05:12:29.516+0000] {logging_mixin.py:151} INFO - [2024-09-24T05:12:29.516+0000] {dag.py:2907} INFO - Sync 2 DAGs
[2024-09-24T05:12:29.532+0000] {logging_mixin.py:151} INFO - [2024-09-24T05:12:29.532+0000] {dag.py:3677} INFO - Setting next_dagrun for example_xcom_args to None, run_after=None
[2024-09-24T05:12:29.538+0000] {logging_mixin.py:151} INFO - [2024-09-24T05:12:29.537+0000] {dag.py:3677} INFO - Setting next_dagrun for example_xcom_args_with_operators to None, run_after=None
[2024-09-24T05:12:29.568+0000] {processor.py:179} INFO - Processing /home/airflow/.local/lib/python3.8/site-packages/airflow/example_dags/example_xcomargs.py took 0.108 seconds
[2024-09-24T05:12:59.850+0000] {processor.py:157} INFO - Started process (PID=895) to work on /home/airflow/.local/lib/python3.8/site-packages/airflow/example_dags/example_xcomargs.py
[2024-09-24T05:12:59.851+0000] {processor.py:829} INFO - Processing file /home/airflow/.local/lib/python3.8/site-packages/airflow/example_dags/example_xcomargs.py for tasks to queue
[2024-09-24T05:12:59.854+0000] {logging_mixin.py:151} INFO - [2024-09-24T05:12:59.854+0000] {dagbag.py:539} INFO - Filling up the DagBag from /home/airflow/.local/lib/python3.8/site-packages/airflow/example_dags/example_xcomargs.py
[2024-09-24T05:12:59.864+0000] {processor.py:839} INFO - DAG(s) dict_keys(['example_xcom_args_with_operators', 'example_xcom_args']) retrieved from /home/airflow/.local/lib/python3.8/site-packages/airflow/example_dags/example_xcomargs.py
[2024-09-24T05:12:59.893+0000] {logging_mixin.py:151} INFO - [2024-09-24T05:12:59.892+0000] {dag.py:2907} INFO - Sync 2 DAGs
[2024-09-24T05:12:59.908+0000] {logging_mixin.py:151} INFO - [2024-09-24T05:12:59.908+0000] {dag.py:3677} INFO - Setting next_dagrun for example_xcom_args to None, run_after=None
[2024-09-24T05:12:59.913+0000] {logging_mixin.py:151} INFO - [2024-09-24T05:12:59.913+0000] {dag.py:3677} INFO - Setting next_dagrun for example_xcom_args_with_operators to None, run_after=None
[2024-09-24T05:12:59.941+0000] {processor.py:179} INFO - Processing /home/airflow/.local/lib/python3.8/site-packages/airflow/example_dags/example_xcomargs.py took 0.094 seconds
[2024-09-24T05:13:30.686+0000] {processor.py:157} INFO - Started process (PID=951) to work on /home/airflow/.local/lib/python3.8/site-packages/airflow/example_dags/example_xcomargs.py
[2024-09-24T05:13:30.687+0000] {processor.py:829} INFO - Processing file /home/airflow/.local/lib/python3.8/site-packages/airflow/example_dags/example_xcomargs.py for tasks to queue
[2024-09-24T05:13:30.690+0000] {logging_mixin.py:151} INFO - [2024-09-24T05:13:30.690+0000] {dagbag.py:539} INFO - Filling up the DagBag from /home/airflow/.local/lib/python3.8/site-packages/airflow/example_dags/example_xcomargs.py
[2024-09-24T05:13:30.700+0000] {processor.py:839} INFO - DAG(s) dict_keys(['example_xcom_args_with_operators', 'example_xcom_args']) retrieved from /home/airflow/.local/lib/python3.8/site-packages/airflow/example_dags/example_xcomargs.py
[2024-09-24T05:13:30.729+0000] {logging_mixin.py:151} INFO - [2024-09-24T05:13:30.729+0000] {dag.py:2907} INFO - Sync 2 DAGs
[2024-09-24T05:13:30.745+0000] {logging_mixin.py:151} INFO - [2024-09-24T05:13:30.745+0000] {dag.py:3677} INFO - Setting next_dagrun for example_xcom_args to None, run_after=None
[2024-09-24T05:13:30.751+0000] {logging_mixin.py:151} INFO - [2024-09-24T05:13:30.750+0000] {dag.py:3677} INFO - Setting next_dagrun for example_xcom_args_with_operators to None, run_after=None
[2024-09-24T05:13:30.783+0000] {processor.py:179} INFO - Processing /home/airflow/.local/lib/python3.8/site-packages/airflow/example_dags/example_xcomargs.py took 0.101 seconds
[2024-09-24T05:14:01.236+0000] {processor.py:157} INFO - Started process (PID=1007) to work on /home/airflow/.local/lib/python3.8/site-packages/airflow/example_dags/example_xcomargs.py
[2024-09-24T05:14:01.238+0000] {processor.py:829} INFO - Processing file /home/airflow/.local/lib/python3.8/site-packages/airflow/example_dags/example_xcomargs.py for tasks to queue
[2024-09-24T05:14:01.241+0000] {logging_mixin.py:151} INFO - [2024-09-24T05:14:01.241+0000] {dagbag.py:539} INFO - Filling up the DagBag from /home/airflow/.local/lib/python3.8/site-packages/airflow/example_dags/example_xcomargs.py
[2024-09-24T05:14:01.250+0000] {processor.py:839} INFO - DAG(s) dict_keys(['example_xcom_args', 'example_xcom_args_with_operators']) retrieved from /home/airflow/.local/lib/python3.8/site-packages/airflow/example_dags/example_xcomargs.py
[2024-09-24T05:14:01.280+0000] {logging_mixin.py:151} INFO - [2024-09-24T05:14:01.280+0000] {dag.py:2907} INFO - Sync 2 DAGs
[2024-09-24T05:14:01.296+0000] {logging_mixin.py:151} INFO - [2024-09-24T05:14:01.295+0000] {dag.py:3677} INFO - Setting next_dagrun for example_xcom_args to None, run_after=None
[2024-09-24T05:14:01.300+0000] {logging_mixin.py:151} INFO - [2024-09-24T05:14:01.300+0000] {dag.py:3677} INFO - Setting next_dagrun for example_xcom_args_with_operators to None, run_after=None
[2024-09-24T05:14:01.328+0000] {processor.py:179} INFO - Processing /home/airflow/.local/lib/python3.8/site-packages/airflow/example_dags/example_xcomargs.py took 0.095 seconds
[2024-09-24T05:14:31.541+0000] {processor.py:157} INFO - Started process (PID=1063) to work on /home/airflow/.local/lib/python3.8/site-packages/airflow/example_dags/example_xcomargs.py
[2024-09-24T05:14:31.543+0000] {processor.py:829} INFO - Processing file /home/airflow/.local/lib/python3.8/site-packages/airflow/example_dags/example_xcomargs.py for tasks to queue
[2024-09-24T05:14:31.546+0000] {logging_mixin.py:151} INFO - [2024-09-24T05:14:31.546+0000] {dagbag.py:539} INFO - Filling up the DagBag from /home/airflow/.local/lib/python3.8/site-packages/airflow/example_dags/example_xcomargs.py
[2024-09-24T05:14:31.556+0000] {processor.py:839} INFO - DAG(s) dict_keys(['example_xcom_args_with_operators', 'example_xcom_args']) retrieved from /home/airflow/.local/lib/python3.8/site-packages/airflow/example_dags/example_xcomargs.py
[2024-09-24T05:14:31.587+0000] {logging_mixin.py:151} INFO - [2024-09-24T05:14:31.587+0000] {dag.py:2907} INFO - Sync 2 DAGs
[2024-09-24T05:14:31.601+0000] {logging_mixin.py:151} INFO - [2024-09-24T05:14:31.601+0000] {dag.py:3677} INFO - Setting next_dagrun for example_xcom_args to None, run_after=None
[2024-09-24T05:14:31.606+0000] {logging_mixin.py:151} INFO - [2024-09-24T05:14:31.605+0000] {dag.py:3677} INFO - Setting next_dagrun for example_xcom_args_with_operators to None, run_after=None
[2024-09-24T05:14:31.635+0000] {processor.py:179} INFO - Processing /home/airflow/.local/lib/python3.8/site-packages/airflow/example_dags/example_xcomargs.py took 0.096 seconds
[2024-09-24T05:15:02.019+0000] {processor.py:157} INFO - Started process (PID=1119) to work on /home/airflow/.local/lib/python3.8/site-packages/airflow/example_dags/example_xcomargs.py
[2024-09-24T05:15:02.021+0000] {processor.py:829} INFO - Processing file /home/airflow/.local/lib/python3.8/site-packages/airflow/example_dags/example_xcomargs.py for tasks to queue
[2024-09-24T05:15:02.027+0000] {logging_mixin.py:151} INFO - [2024-09-24T05:15:02.026+0000] {dagbag.py:539} INFO - Filling up the DagBag from /home/airflow/.local/lib/python3.8/site-packages/airflow/example_dags/example_xcomargs.py
[2024-09-24T05:15:02.040+0000] {processor.py:839} INFO - DAG(s) dict_keys(['example_xcom_args', 'example_xcom_args_with_operators']) retrieved from /home/airflow/.local/lib/python3.8/site-packages/airflow/example_dags/example_xcomargs.py
[2024-09-24T05:15:02.080+0000] {logging_mixin.py:151} INFO - [2024-09-24T05:15:02.079+0000] {dag.py:2907} INFO - Sync 2 DAGs
[2024-09-24T05:15:02.094+0000] {logging_mixin.py:151} INFO - [2024-09-24T05:15:02.094+0000] {dag.py:3677} INFO - Setting next_dagrun for example_xcom_args to None, run_after=None
[2024-09-24T05:15:02.099+0000] {logging_mixin.py:151} INFO - [2024-09-24T05:15:02.099+0000] {dag.py:3677} INFO - Setting next_dagrun for example_xcom_args_with_operators to None, run_after=None
[2024-09-24T05:15:02.129+0000] {processor.py:179} INFO - Processing /home/airflow/.local/lib/python3.8/site-packages/airflow/example_dags/example_xcomargs.py took 0.116 seconds
