[2024-09-24T05:05:52.751+0000] {processor.py:157} INFO - Started process (PID=114) to work on /home/airflow/.local/lib/python3.8/site-packages/airflow/example_dags/example_branch_datetime_operator.py
[2024-09-24T05:05:52.754+0000] {processor.py:829} INFO - Processing file /home/airflow/.local/lib/python3.8/site-packages/airflow/example_dags/example_branch_datetime_operator.py for tasks to queue
[2024-09-24T05:05:52.775+0000] {logging_mixin.py:151} INFO - [2024-09-24T05:05:52.774+0000] {dagbag.py:539} INFO - Filling up the DagBag from /home/airflow/.local/lib/python3.8/site-packages/airflow/example_dags/example_branch_datetime_operator.py
[2024-09-24T05:05:52.861+0000] {processor.py:839} INFO - DAG(s) dict_keys(['example_branch_datetime_operator_3', 'example_branch_datetime_operator_2', 'example_branch_datetime_operator']) retrieved from /home/airflow/.local/lib/python3.8/site-packages/airflow/example_dags/example_branch_datetime_operator.py
[2024-09-24T05:05:53.140+0000] {logging_mixin.py:151} INFO - [2024-09-24T05:05:53.140+0000] {dag.py:2907} INFO - Sync 3 DAGs
[2024-09-24T05:05:53.226+0000] {logging_mixin.py:151} INFO - [2024-09-24T05:05:53.225+0000] {dag.py:3677} INFO - Setting next_dagrun for example_branch_datetime_operator to 2024-09-23T00:00:00+00:00, run_after=2024-09-24T00:00:00+00:00
[2024-09-24T05:05:53.242+0000] {logging_mixin.py:151} INFO - [2024-09-24T05:05:53.241+0000] {dag.py:3677} INFO - Setting next_dagrun for example_branch_datetime_operator_2 to 2024-09-23T00:00:00+00:00, run_after=2024-09-24T00:00:00+00:00
[2024-09-24T05:05:53.250+0000] {logging_mixin.py:151} INFO - [2024-09-24T05:05:53.250+0000] {dag.py:3677} INFO - Setting next_dagrun for example_branch_datetime_operator_3 to 2024-09-23T00:00:00+00:00, run_after=2024-09-24T00:00:00+00:00
[2024-09-24T05:05:53.447+0000] {processor.py:179} INFO - Processing /home/airflow/.local/lib/python3.8/site-packages/airflow/example_dags/example_branch_datetime_operator.py took 0.702 seconds
[2024-09-24T05:06:24.055+0000] {processor.py:157} INFO - Started process (PID=170) to work on /home/airflow/.local/lib/python3.8/site-packages/airflow/example_dags/example_branch_datetime_operator.py
[2024-09-24T05:06:24.057+0000] {processor.py:829} INFO - Processing file /home/airflow/.local/lib/python3.8/site-packages/airflow/example_dags/example_branch_datetime_operator.py for tasks to queue
[2024-09-24T05:06:24.060+0000] {logging_mixin.py:151} INFO - [2024-09-24T05:06:24.060+0000] {dagbag.py:539} INFO - Filling up the DagBag from /home/airflow/.local/lib/python3.8/site-packages/airflow/example_dags/example_branch_datetime_operator.py
[2024-09-24T05:06:24.073+0000] {processor.py:839} INFO - DAG(s) dict_keys(['example_branch_datetime_operator_2', 'example_branch_datetime_operator_3', 'example_branch_datetime_operator']) retrieved from /home/airflow/.local/lib/python3.8/site-packages/airflow/example_dags/example_branch_datetime_operator.py
[2024-09-24T05:06:24.113+0000] {logging_mixin.py:151} INFO - [2024-09-24T05:06:24.112+0000] {dag.py:2907} INFO - Sync 3 DAGs
[2024-09-24T05:06:24.142+0000] {logging_mixin.py:151} INFO - [2024-09-24T05:06:24.142+0000] {dag.py:3677} INFO - Setting next_dagrun for example_branch_datetime_operator to 2024-09-23T00:00:00+00:00, run_after=2024-09-24T00:00:00+00:00
[2024-09-24T05:06:24.149+0000] {logging_mixin.py:151} INFO - [2024-09-24T05:06:24.148+0000] {dag.py:3677} INFO - Setting next_dagrun for example_branch_datetime_operator_2 to 2024-09-23T00:00:00+00:00, run_after=2024-09-24T00:00:00+00:00
[2024-09-24T05:06:24.153+0000] {logging_mixin.py:151} INFO - [2024-09-24T05:06:24.153+0000] {dag.py:3677} INFO - Setting next_dagrun for example_branch_datetime_operator_3 to 2024-09-23T00:00:00+00:00, run_after=2024-09-24T00:00:00+00:00
[2024-09-24T05:06:24.176+0000] {processor.py:179} INFO - Processing /home/airflow/.local/lib/python3.8/site-packages/airflow/example_dags/example_branch_datetime_operator.py took 0.125 seconds
[2024-09-24T05:06:54.649+0000] {processor.py:157} INFO - Started process (PID=226) to work on /home/airflow/.local/lib/python3.8/site-packages/airflow/example_dags/example_branch_datetime_operator.py
[2024-09-24T05:06:54.651+0000] {processor.py:829} INFO - Processing file /home/airflow/.local/lib/python3.8/site-packages/airflow/example_dags/example_branch_datetime_operator.py for tasks to queue
[2024-09-24T05:06:54.654+0000] {logging_mixin.py:151} INFO - [2024-09-24T05:06:54.654+0000] {dagbag.py:539} INFO - Filling up the DagBag from /home/airflow/.local/lib/python3.8/site-packages/airflow/example_dags/example_branch_datetime_operator.py
[2024-09-24T05:06:54.666+0000] {processor.py:839} INFO - DAG(s) dict_keys(['example_branch_datetime_operator_3', 'example_branch_datetime_operator_2', 'example_branch_datetime_operator']) retrieved from /home/airflow/.local/lib/python3.8/site-packages/airflow/example_dags/example_branch_datetime_operator.py
[2024-09-24T05:06:54.700+0000] {logging_mixin.py:151} INFO - [2024-09-24T05:06:54.700+0000] {dag.py:2907} INFO - Sync 3 DAGs
[2024-09-24T05:06:54.727+0000] {logging_mixin.py:151} INFO - [2024-09-24T05:06:54.727+0000] {dag.py:3677} INFO - Setting next_dagrun for example_branch_datetime_operator to 2024-09-23T00:00:00+00:00, run_after=2024-09-24T00:00:00+00:00
[2024-09-24T05:06:54.733+0000] {logging_mixin.py:151} INFO - [2024-09-24T05:06:54.733+0000] {dag.py:3677} INFO - Setting next_dagrun for example_branch_datetime_operator_2 to 2024-09-23T00:00:00+00:00, run_after=2024-09-24T00:00:00+00:00
[2024-09-24T05:06:54.738+0000] {logging_mixin.py:151} INFO - [2024-09-24T05:06:54.738+0000] {dag.py:3677} INFO - Setting next_dagrun for example_branch_datetime_operator_3 to 2024-09-23T00:00:00+00:00, run_after=2024-09-24T00:00:00+00:00
[2024-09-24T05:06:54.764+0000] {processor.py:179} INFO - Processing /home/airflow/.local/lib/python3.8/site-packages/airflow/example_dags/example_branch_datetime_operator.py took 0.119 seconds
[2024-09-24T05:07:25.188+0000] {processor.py:157} INFO - Started process (PID=282) to work on /home/airflow/.local/lib/python3.8/site-packages/airflow/example_dags/example_branch_datetime_operator.py
[2024-09-24T05:07:25.190+0000] {processor.py:829} INFO - Processing file /home/airflow/.local/lib/python3.8/site-packages/airflow/example_dags/example_branch_datetime_operator.py for tasks to queue
[2024-09-24T05:07:25.193+0000] {logging_mixin.py:151} INFO - [2024-09-24T05:07:25.192+0000] {dagbag.py:539} INFO - Filling up the DagBag from /home/airflow/.local/lib/python3.8/site-packages/airflow/example_dags/example_branch_datetime_operator.py
[2024-09-24T05:07:25.204+0000] {processor.py:839} INFO - DAG(s) dict_keys(['example_branch_datetime_operator_2', 'example_branch_datetime_operator', 'example_branch_datetime_operator_3']) retrieved from /home/airflow/.local/lib/python3.8/site-packages/airflow/example_dags/example_branch_datetime_operator.py
[2024-09-24T05:07:25.237+0000] {logging_mixin.py:151} INFO - [2024-09-24T05:07:25.237+0000] {dag.py:2907} INFO - Sync 3 DAGs
[2024-09-24T05:07:25.263+0000] {logging_mixin.py:151} INFO - [2024-09-24T05:07:25.263+0000] {dag.py:3677} INFO - Setting next_dagrun for example_branch_datetime_operator to 2024-09-23T00:00:00+00:00, run_after=2024-09-24T00:00:00+00:00
[2024-09-24T05:07:25.269+0000] {logging_mixin.py:151} INFO - [2024-09-24T05:07:25.268+0000] {dag.py:3677} INFO - Setting next_dagrun for example_branch_datetime_operator_2 to 2024-09-23T00:00:00+00:00, run_after=2024-09-24T00:00:00+00:00
[2024-09-24T05:07:25.272+0000] {logging_mixin.py:151} INFO - [2024-09-24T05:07:25.272+0000] {dag.py:3677} INFO - Setting next_dagrun for example_branch_datetime_operator_3 to 2024-09-23T00:00:00+00:00, run_after=2024-09-24T00:00:00+00:00
[2024-09-24T05:07:25.298+0000] {processor.py:179} INFO - Processing /home/airflow/.local/lib/python3.8/site-packages/airflow/example_dags/example_branch_datetime_operator.py took 0.113 seconds
[2024-09-24T05:07:55.734+0000] {processor.py:157} INFO - Started process (PID=338) to work on /home/airflow/.local/lib/python3.8/site-packages/airflow/example_dags/example_branch_datetime_operator.py
[2024-09-24T05:07:55.736+0000] {processor.py:829} INFO - Processing file /home/airflow/.local/lib/python3.8/site-packages/airflow/example_dags/example_branch_datetime_operator.py for tasks to queue
[2024-09-24T05:07:55.740+0000] {logging_mixin.py:151} INFO - [2024-09-24T05:07:55.739+0000] {dagbag.py:539} INFO - Filling up the DagBag from /home/airflow/.local/lib/python3.8/site-packages/airflow/example_dags/example_branch_datetime_operator.py
[2024-09-24T05:07:55.758+0000] {processor.py:839} INFO - DAG(s) dict_keys(['example_branch_datetime_operator_3', 'example_branch_datetime_operator', 'example_branch_datetime_operator_2']) retrieved from /home/airflow/.local/lib/python3.8/site-packages/airflow/example_dags/example_branch_datetime_operator.py
[2024-09-24T05:07:55.794+0000] {logging_mixin.py:151} INFO - [2024-09-24T05:07:55.794+0000] {dag.py:2907} INFO - Sync 3 DAGs
[2024-09-24T05:07:55.822+0000] {logging_mixin.py:151} INFO - [2024-09-24T05:07:55.822+0000] {dag.py:3677} INFO - Setting next_dagrun for example_branch_datetime_operator to 2024-09-23T00:00:00+00:00, run_after=2024-09-24T00:00:00+00:00
[2024-09-24T05:07:55.829+0000] {logging_mixin.py:151} INFO - [2024-09-24T05:07:55.829+0000] {dag.py:3677} INFO - Setting next_dagrun for example_branch_datetime_operator_2 to 2024-09-23T00:00:00+00:00, run_after=2024-09-24T00:00:00+00:00
[2024-09-24T05:07:55.832+0000] {logging_mixin.py:151} INFO - [2024-09-24T05:07:55.832+0000] {dag.py:3677} INFO - Setting next_dagrun for example_branch_datetime_operator_3 to 2024-09-23T00:00:00+00:00, run_after=2024-09-24T00:00:00+00:00
[2024-09-24T05:07:55.860+0000] {processor.py:179} INFO - Processing /home/airflow/.local/lib/python3.8/site-packages/airflow/example_dags/example_branch_datetime_operator.py took 0.130 seconds
[2024-09-24T05:08:26.108+0000] {processor.py:157} INFO - Started process (PID=394) to work on /home/airflow/.local/lib/python3.8/site-packages/airflow/example_dags/example_branch_datetime_operator.py
[2024-09-24T05:08:26.110+0000] {processor.py:829} INFO - Processing file /home/airflow/.local/lib/python3.8/site-packages/airflow/example_dags/example_branch_datetime_operator.py for tasks to queue
[2024-09-24T05:08:26.112+0000] {logging_mixin.py:151} INFO - [2024-09-24T05:08:26.112+0000] {dagbag.py:539} INFO - Filling up the DagBag from /home/airflow/.local/lib/python3.8/site-packages/airflow/example_dags/example_branch_datetime_operator.py
[2024-09-24T05:08:26.123+0000] {processor.py:839} INFO - DAG(s) dict_keys(['example_branch_datetime_operator', 'example_branch_datetime_operator_3', 'example_branch_datetime_operator_2']) retrieved from /home/airflow/.local/lib/python3.8/site-packages/airflow/example_dags/example_branch_datetime_operator.py
[2024-09-24T05:08:26.158+0000] {logging_mixin.py:151} INFO - [2024-09-24T05:08:26.157+0000] {dag.py:2907} INFO - Sync 3 DAGs
[2024-09-24T05:08:26.182+0000] {logging_mixin.py:151} INFO - [2024-09-24T05:08:26.182+0000] {dag.py:3677} INFO - Setting next_dagrun for example_branch_datetime_operator to 2024-09-23T00:00:00+00:00, run_after=2024-09-24T00:00:00+00:00
[2024-09-24T05:08:26.189+0000] {logging_mixin.py:151} INFO - [2024-09-24T05:08:26.189+0000] {dag.py:3677} INFO - Setting next_dagrun for example_branch_datetime_operator_2 to 2024-09-23T00:00:00+00:00, run_after=2024-09-24T00:00:00+00:00
[2024-09-24T05:08:26.193+0000] {logging_mixin.py:151} INFO - [2024-09-24T05:08:26.192+0000] {dag.py:3677} INFO - Setting next_dagrun for example_branch_datetime_operator_3 to 2024-09-23T00:00:00+00:00, run_after=2024-09-24T00:00:00+00:00
[2024-09-24T05:08:26.216+0000] {processor.py:179} INFO - Processing /home/airflow/.local/lib/python3.8/site-packages/airflow/example_dags/example_branch_datetime_operator.py took 0.111 seconds
[2024-09-24T05:08:56.293+0000] {processor.py:157} INFO - Started process (PID=450) to work on /home/airflow/.local/lib/python3.8/site-packages/airflow/example_dags/example_branch_datetime_operator.py
[2024-09-24T05:08:56.296+0000] {processor.py:829} INFO - Processing file /home/airflow/.local/lib/python3.8/site-packages/airflow/example_dags/example_branch_datetime_operator.py for tasks to queue
[2024-09-24T05:08:56.302+0000] {logging_mixin.py:151} INFO - [2024-09-24T05:08:56.302+0000] {dagbag.py:539} INFO - Filling up the DagBag from /home/airflow/.local/lib/python3.8/site-packages/airflow/example_dags/example_branch_datetime_operator.py
[2024-09-24T05:08:56.319+0000] {processor.py:839} INFO - DAG(s) dict_keys(['example_branch_datetime_operator', 'example_branch_datetime_operator_2', 'example_branch_datetime_operator_3']) retrieved from /home/airflow/.local/lib/python3.8/site-packages/airflow/example_dags/example_branch_datetime_operator.py
[2024-09-24T05:08:56.410+0000] {logging_mixin.py:151} INFO - [2024-09-24T05:08:56.409+0000] {dag.py:2907} INFO - Sync 3 DAGs
[2024-09-24T05:08:56.451+0000] {logging_mixin.py:151} INFO - [2024-09-24T05:08:56.451+0000] {dag.py:3677} INFO - Setting next_dagrun for example_branch_datetime_operator to 2024-09-23T00:00:00+00:00, run_after=2024-09-24T00:00:00+00:00
[2024-09-24T05:08:56.464+0000] {logging_mixin.py:151} INFO - [2024-09-24T05:08:56.463+0000] {dag.py:3677} INFO - Setting next_dagrun for example_branch_datetime_operator_2 to 2024-09-23T00:00:00+00:00, run_after=2024-09-24T00:00:00+00:00
[2024-09-24T05:08:56.472+0000] {logging_mixin.py:151} INFO - [2024-09-24T05:08:56.471+0000] {dag.py:3677} INFO - Setting next_dagrun for example_branch_datetime_operator_3 to 2024-09-23T00:00:00+00:00, run_after=2024-09-24T00:00:00+00:00
[2024-09-24T05:08:56.526+0000] {processor.py:179} INFO - Processing /home/airflow/.local/lib/python3.8/site-packages/airflow/example_dags/example_branch_datetime_operator.py took 0.237 seconds
[2024-09-24T05:09:26.974+0000] {processor.py:157} INFO - Started process (PID=506) to work on /home/airflow/.local/lib/python3.8/site-packages/airflow/example_dags/example_branch_datetime_operator.py
[2024-09-24T05:09:26.976+0000] {processor.py:829} INFO - Processing file /home/airflow/.local/lib/python3.8/site-packages/airflow/example_dags/example_branch_datetime_operator.py for tasks to queue
[2024-09-24T05:09:26.979+0000] {logging_mixin.py:151} INFO - [2024-09-24T05:09:26.979+0000] {dagbag.py:539} INFO - Filling up the DagBag from /home/airflow/.local/lib/python3.8/site-packages/airflow/example_dags/example_branch_datetime_operator.py
[2024-09-24T05:09:26.992+0000] {processor.py:839} INFO - DAG(s) dict_keys(['example_branch_datetime_operator', 'example_branch_datetime_operator_3', 'example_branch_datetime_operator_2']) retrieved from /home/airflow/.local/lib/python3.8/site-packages/airflow/example_dags/example_branch_datetime_operator.py
[2024-09-24T05:09:27.032+0000] {logging_mixin.py:151} INFO - [2024-09-24T05:09:27.031+0000] {dag.py:2907} INFO - Sync 3 DAGs
[2024-09-24T05:09:27.066+0000] {logging_mixin.py:151} INFO - [2024-09-24T05:09:27.066+0000] {dag.py:3677} INFO - Setting next_dagrun for example_branch_datetime_operator to 2024-09-23T00:00:00+00:00, run_after=2024-09-24T00:00:00+00:00
[2024-09-24T05:09:27.074+0000] {logging_mixin.py:151} INFO - [2024-09-24T05:09:27.074+0000] {dag.py:3677} INFO - Setting next_dagrun for example_branch_datetime_operator_2 to 2024-09-23T00:00:00+00:00, run_after=2024-09-24T00:00:00+00:00
[2024-09-24T05:09:27.078+0000] {logging_mixin.py:151} INFO - [2024-09-24T05:09:27.077+0000] {dag.py:3677} INFO - Setting next_dagrun for example_branch_datetime_operator_3 to 2024-09-23T00:00:00+00:00, run_after=2024-09-24T00:00:00+00:00
[2024-09-24T05:09:27.105+0000] {processor.py:179} INFO - Processing /home/airflow/.local/lib/python3.8/site-packages/airflow/example_dags/example_branch_datetime_operator.py took 0.134 seconds
[2024-09-24T05:09:57.867+0000] {processor.py:157} INFO - Started process (PID=562) to work on /home/airflow/.local/lib/python3.8/site-packages/airflow/example_dags/example_branch_datetime_operator.py
[2024-09-24T05:09:57.869+0000] {processor.py:829} INFO - Processing file /home/airflow/.local/lib/python3.8/site-packages/airflow/example_dags/example_branch_datetime_operator.py for tasks to queue
[2024-09-24T05:09:57.873+0000] {logging_mixin.py:151} INFO - [2024-09-24T05:09:57.872+0000] {dagbag.py:539} INFO - Filling up the DagBag from /home/airflow/.local/lib/python3.8/site-packages/airflow/example_dags/example_branch_datetime_operator.py
[2024-09-24T05:09:57.885+0000] {processor.py:839} INFO - DAG(s) dict_keys(['example_branch_datetime_operator_2', 'example_branch_datetime_operator_3', 'example_branch_datetime_operator']) retrieved from /home/airflow/.local/lib/python3.8/site-packages/airflow/example_dags/example_branch_datetime_operator.py
[2024-09-24T05:09:57.921+0000] {logging_mixin.py:151} INFO - [2024-09-24T05:09:57.920+0000] {dag.py:2907} INFO - Sync 3 DAGs
[2024-09-24T05:09:57.947+0000] {logging_mixin.py:151} INFO - [2024-09-24T05:09:57.947+0000] {dag.py:3677} INFO - Setting next_dagrun for example_branch_datetime_operator to 2024-09-23T00:00:00+00:00, run_after=2024-09-24T00:00:00+00:00
[2024-09-24T05:09:57.953+0000] {logging_mixin.py:151} INFO - [2024-09-24T05:09:57.953+0000] {dag.py:3677} INFO - Setting next_dagrun for example_branch_datetime_operator_2 to 2024-09-23T00:00:00+00:00, run_after=2024-09-24T00:00:00+00:00
[2024-09-24T05:09:57.957+0000] {logging_mixin.py:151} INFO - [2024-09-24T05:09:57.957+0000] {dag.py:3677} INFO - Setting next_dagrun for example_branch_datetime_operator_3 to 2024-09-23T00:00:00+00:00, run_after=2024-09-24T00:00:00+00:00
[2024-09-24T05:09:57.985+0000] {processor.py:179} INFO - Processing /home/airflow/.local/lib/python3.8/site-packages/airflow/example_dags/example_branch_datetime_operator.py took 0.123 seconds
[2024-09-24T05:10:28.815+0000] {processor.py:157} INFO - Started process (PID=618) to work on /home/airflow/.local/lib/python3.8/site-packages/airflow/example_dags/example_branch_datetime_operator.py
[2024-09-24T05:10:28.817+0000] {processor.py:829} INFO - Processing file /home/airflow/.local/lib/python3.8/site-packages/airflow/example_dags/example_branch_datetime_operator.py for tasks to queue
[2024-09-24T05:10:28.821+0000] {logging_mixin.py:151} INFO - [2024-09-24T05:10:28.820+0000] {dagbag.py:539} INFO - Filling up the DagBag from /home/airflow/.local/lib/python3.8/site-packages/airflow/example_dags/example_branch_datetime_operator.py
[2024-09-24T05:10:28.836+0000] {processor.py:839} INFO - DAG(s) dict_keys(['example_branch_datetime_operator_3', 'example_branch_datetime_operator_2', 'example_branch_datetime_operator']) retrieved from /home/airflow/.local/lib/python3.8/site-packages/airflow/example_dags/example_branch_datetime_operator.py
[2024-09-24T05:10:28.884+0000] {logging_mixin.py:151} INFO - [2024-09-24T05:10:28.884+0000] {dag.py:2907} INFO - Sync 3 DAGs
[2024-09-24T05:10:28.935+0000] {logging_mixin.py:151} INFO - [2024-09-24T05:10:28.934+0000] {dag.py:3677} INFO - Setting next_dagrun for example_branch_datetime_operator to 2024-09-23T00:00:00+00:00, run_after=2024-09-24T00:00:00+00:00
[2024-09-24T05:10:28.943+0000] {logging_mixin.py:151} INFO - [2024-09-24T05:10:28.943+0000] {dag.py:3677} INFO - Setting next_dagrun for example_branch_datetime_operator_2 to 2024-09-23T00:00:00+00:00, run_after=2024-09-24T00:00:00+00:00
[2024-09-24T05:10:28.952+0000] {logging_mixin.py:151} INFO - [2024-09-24T05:10:28.951+0000] {dag.py:3677} INFO - Setting next_dagrun for example_branch_datetime_operator_3 to 2024-09-23T00:00:00+00:00, run_after=2024-09-24T00:00:00+00:00
[2024-09-24T05:10:29.009+0000] {processor.py:179} INFO - Processing /home/airflow/.local/lib/python3.8/site-packages/airflow/example_dags/example_branch_datetime_operator.py took 0.198 seconds
[2024-09-24T05:10:59.201+0000] {processor.py:157} INFO - Started process (PID=674) to work on /home/airflow/.local/lib/python3.8/site-packages/airflow/example_dags/example_branch_datetime_operator.py
[2024-09-24T05:10:59.203+0000] {processor.py:829} INFO - Processing file /home/airflow/.local/lib/python3.8/site-packages/airflow/example_dags/example_branch_datetime_operator.py for tasks to queue
[2024-09-24T05:10:59.206+0000] {logging_mixin.py:151} INFO - [2024-09-24T05:10:59.206+0000] {dagbag.py:539} INFO - Filling up the DagBag from /home/airflow/.local/lib/python3.8/site-packages/airflow/example_dags/example_branch_datetime_operator.py
[2024-09-24T05:10:59.218+0000] {processor.py:839} INFO - DAG(s) dict_keys(['example_branch_datetime_operator_2', 'example_branch_datetime_operator', 'example_branch_datetime_operator_3']) retrieved from /home/airflow/.local/lib/python3.8/site-packages/airflow/example_dags/example_branch_datetime_operator.py
[2024-09-24T05:10:59.255+0000] {logging_mixin.py:151} INFO - [2024-09-24T05:10:59.255+0000] {dag.py:2907} INFO - Sync 3 DAGs
[2024-09-24T05:10:59.287+0000] {logging_mixin.py:151} INFO - [2024-09-24T05:10:59.286+0000] {dag.py:3677} INFO - Setting next_dagrun for example_branch_datetime_operator to 2024-09-23T00:00:00+00:00, run_after=2024-09-24T00:00:00+00:00
[2024-09-24T05:10:59.294+0000] {logging_mixin.py:151} INFO - [2024-09-24T05:10:59.294+0000] {dag.py:3677} INFO - Setting next_dagrun for example_branch_datetime_operator_2 to 2024-09-23T00:00:00+00:00, run_after=2024-09-24T00:00:00+00:00
[2024-09-24T05:10:59.298+0000] {logging_mixin.py:151} INFO - [2024-09-24T05:10:59.298+0000] {dag.py:3677} INFO - Setting next_dagrun for example_branch_datetime_operator_3 to 2024-09-23T00:00:00+00:00, run_after=2024-09-24T00:00:00+00:00
[2024-09-24T05:10:59.329+0000] {processor.py:179} INFO - Processing /home/airflow/.local/lib/python3.8/site-packages/airflow/example_dags/example_branch_datetime_operator.py took 0.133 seconds
[2024-09-24T05:11:29.390+0000] {processor.py:157} INFO - Started process (PID=729) to work on /home/airflow/.local/lib/python3.8/site-packages/airflow/example_dags/example_branch_datetime_operator.py
[2024-09-24T05:11:29.391+0000] {processor.py:829} INFO - Processing file /home/airflow/.local/lib/python3.8/site-packages/airflow/example_dags/example_branch_datetime_operator.py for tasks to queue
[2024-09-24T05:11:29.394+0000] {logging_mixin.py:151} INFO - [2024-09-24T05:11:29.394+0000] {dagbag.py:539} INFO - Filling up the DagBag from /home/airflow/.local/lib/python3.8/site-packages/airflow/example_dags/example_branch_datetime_operator.py
[2024-09-24T05:11:29.405+0000] {processor.py:839} INFO - DAG(s) dict_keys(['example_branch_datetime_operator', 'example_branch_datetime_operator_2', 'example_branch_datetime_operator_3']) retrieved from /home/airflow/.local/lib/python3.8/site-packages/airflow/example_dags/example_branch_datetime_operator.py
[2024-09-24T05:11:29.438+0000] {logging_mixin.py:151} INFO - [2024-09-24T05:11:29.438+0000] {dag.py:2907} INFO - Sync 3 DAGs
[2024-09-24T05:11:29.467+0000] {logging_mixin.py:151} INFO - [2024-09-24T05:11:29.467+0000] {dag.py:3677} INFO - Setting next_dagrun for example_branch_datetime_operator to 2024-09-23T00:00:00+00:00, run_after=2024-09-24T00:00:00+00:00
[2024-09-24T05:11:29.473+0000] {logging_mixin.py:151} INFO - [2024-09-24T05:11:29.473+0000] {dag.py:3677} INFO - Setting next_dagrun for example_branch_datetime_operator_2 to 2024-09-23T00:00:00+00:00, run_after=2024-09-24T00:00:00+00:00
[2024-09-24T05:11:29.477+0000] {logging_mixin.py:151} INFO - [2024-09-24T05:11:29.477+0000] {dag.py:3677} INFO - Setting next_dagrun for example_branch_datetime_operator_3 to 2024-09-23T00:00:00+00:00, run_after=2024-09-24T00:00:00+00:00
[2024-09-24T05:11:29.503+0000] {processor.py:179} INFO - Processing /home/airflow/.local/lib/python3.8/site-packages/airflow/example_dags/example_branch_datetime_operator.py took 0.116 seconds
[2024-09-24T05:12:00.195+0000] {processor.py:157} INFO - Started process (PID=785) to work on /home/airflow/.local/lib/python3.8/site-packages/airflow/example_dags/example_branch_datetime_operator.py
[2024-09-24T05:12:00.198+0000] {processor.py:829} INFO - Processing file /home/airflow/.local/lib/python3.8/site-packages/airflow/example_dags/example_branch_datetime_operator.py for tasks to queue
[2024-09-24T05:12:00.202+0000] {logging_mixin.py:151} INFO - [2024-09-24T05:12:00.202+0000] {dagbag.py:539} INFO - Filling up the DagBag from /home/airflow/.local/lib/python3.8/site-packages/airflow/example_dags/example_branch_datetime_operator.py
[2024-09-24T05:12:00.224+0000] {processor.py:839} INFO - DAG(s) dict_keys(['example_branch_datetime_operator_2', 'example_branch_datetime_operator_3', 'example_branch_datetime_operator']) retrieved from /home/airflow/.local/lib/python3.8/site-packages/airflow/example_dags/example_branch_datetime_operator.py
[2024-09-24T05:12:00.278+0000] {logging_mixin.py:151} INFO - [2024-09-24T05:12:00.277+0000] {dag.py:2907} INFO - Sync 3 DAGs
[2024-09-24T05:12:00.313+0000] {logging_mixin.py:151} INFO - [2024-09-24T05:12:00.313+0000] {dag.py:3677} INFO - Setting next_dagrun for example_branch_datetime_operator to 2024-09-23T00:00:00+00:00, run_after=2024-09-24T00:00:00+00:00
[2024-09-24T05:12:00.322+0000] {logging_mixin.py:151} INFO - [2024-09-24T05:12:00.322+0000] {dag.py:3677} INFO - Setting next_dagrun for example_branch_datetime_operator_2 to 2024-09-23T00:00:00+00:00, run_after=2024-09-24T00:00:00+00:00
[2024-09-24T05:12:00.328+0000] {logging_mixin.py:151} INFO - [2024-09-24T05:12:00.327+0000] {dag.py:3677} INFO - Setting next_dagrun for example_branch_datetime_operator_3 to 2024-09-23T00:00:00+00:00, run_after=2024-09-24T00:00:00+00:00
[2024-09-24T05:12:00.361+0000] {processor.py:179} INFO - Processing /home/airflow/.local/lib/python3.8/site-packages/airflow/example_dags/example_branch_datetime_operator.py took 0.178 seconds
[2024-09-24T05:12:31.102+0000] {processor.py:157} INFO - Started process (PID=845) to work on /home/airflow/.local/lib/python3.8/site-packages/airflow/example_dags/example_branch_datetime_operator.py
[2024-09-24T05:12:31.106+0000] {processor.py:829} INFO - Processing file /home/airflow/.local/lib/python3.8/site-packages/airflow/example_dags/example_branch_datetime_operator.py for tasks to queue
[2024-09-24T05:12:31.116+0000] {logging_mixin.py:151} INFO - [2024-09-24T05:12:31.115+0000] {dagbag.py:539} INFO - Filling up the DagBag from /home/airflow/.local/lib/python3.8/site-packages/airflow/example_dags/example_branch_datetime_operator.py
[2024-09-24T05:12:31.200+0000] {processor.py:839} INFO - DAG(s) dict_keys(['example_branch_datetime_operator', 'example_branch_datetime_operator_2', 'example_branch_datetime_operator_3']) retrieved from /home/airflow/.local/lib/python3.8/site-packages/airflow/example_dags/example_branch_datetime_operator.py
[2024-09-24T05:12:31.361+0000] {logging_mixin.py:151} INFO - [2024-09-24T05:12:31.360+0000] {dag.py:2907} INFO - Sync 3 DAGs
[2024-09-24T05:12:31.448+0000] {logging_mixin.py:151} INFO - [2024-09-24T05:12:31.447+0000] {dag.py:3677} INFO - Setting next_dagrun for example_branch_datetime_operator to 2024-09-23T00:00:00+00:00, run_after=2024-09-24T00:00:00+00:00
[2024-09-24T05:12:31.456+0000] {logging_mixin.py:151} INFO - [2024-09-24T05:12:31.456+0000] {dag.py:3677} INFO - Setting next_dagrun for example_branch_datetime_operator_2 to 2024-09-23T00:00:00+00:00, run_after=2024-09-24T00:00:00+00:00
[2024-09-24T05:12:31.460+0000] {logging_mixin.py:151} INFO - [2024-09-24T05:12:31.460+0000] {dag.py:3677} INFO - Setting next_dagrun for example_branch_datetime_operator_3 to 2024-09-23T00:00:00+00:00, run_after=2024-09-24T00:00:00+00:00
[2024-09-24T05:12:31.493+0000] {processor.py:179} INFO - Processing /home/airflow/.local/lib/python3.8/site-packages/airflow/example_dags/example_branch_datetime_operator.py took 0.403 seconds
[2024-09-24T05:13:02.316+0000] {processor.py:157} INFO - Started process (PID=902) to work on /home/airflow/.local/lib/python3.8/site-packages/airflow/example_dags/example_branch_datetime_operator.py
[2024-09-24T05:13:02.317+0000] {processor.py:829} INFO - Processing file /home/airflow/.local/lib/python3.8/site-packages/airflow/example_dags/example_branch_datetime_operator.py for tasks to queue
[2024-09-24T05:13:02.320+0000] {logging_mixin.py:151} INFO - [2024-09-24T05:13:02.320+0000] {dagbag.py:539} INFO - Filling up the DagBag from /home/airflow/.local/lib/python3.8/site-packages/airflow/example_dags/example_branch_datetime_operator.py
[2024-09-24T05:13:02.333+0000] {processor.py:839} INFO - DAG(s) dict_keys(['example_branch_datetime_operator_3', 'example_branch_datetime_operator_2', 'example_branch_datetime_operator']) retrieved from /home/airflow/.local/lib/python3.8/site-packages/airflow/example_dags/example_branch_datetime_operator.py
[2024-09-24T05:13:02.372+0000] {logging_mixin.py:151} INFO - [2024-09-24T05:13:02.372+0000] {dag.py:2907} INFO - Sync 3 DAGs
[2024-09-24T05:13:02.401+0000] {logging_mixin.py:151} INFO - [2024-09-24T05:13:02.401+0000] {dag.py:3677} INFO - Setting next_dagrun for example_branch_datetime_operator to 2024-09-23T00:00:00+00:00, run_after=2024-09-24T00:00:00+00:00
[2024-09-24T05:13:02.409+0000] {logging_mixin.py:151} INFO - [2024-09-24T05:13:02.409+0000] {dag.py:3677} INFO - Setting next_dagrun for example_branch_datetime_operator_2 to 2024-09-23T00:00:00+00:00, run_after=2024-09-24T00:00:00+00:00
[2024-09-24T05:13:02.413+0000] {logging_mixin.py:151} INFO - [2024-09-24T05:13:02.413+0000] {dag.py:3677} INFO - Setting next_dagrun for example_branch_datetime_operator_3 to 2024-09-23T00:00:00+00:00, run_after=2024-09-24T00:00:00+00:00
[2024-09-24T05:13:02.441+0000] {processor.py:179} INFO - Processing /home/airflow/.local/lib/python3.8/site-packages/airflow/example_dags/example_branch_datetime_operator.py took 0.129 seconds
[2024-09-24T05:13:33.170+0000] {processor.py:157} INFO - Started process (PID=958) to work on /home/airflow/.local/lib/python3.8/site-packages/airflow/example_dags/example_branch_datetime_operator.py
[2024-09-24T05:13:33.171+0000] {processor.py:829} INFO - Processing file /home/airflow/.local/lib/python3.8/site-packages/airflow/example_dags/example_branch_datetime_operator.py for tasks to queue
[2024-09-24T05:13:33.174+0000] {logging_mixin.py:151} INFO - [2024-09-24T05:13:33.173+0000] {dagbag.py:539} INFO - Filling up the DagBag from /home/airflow/.local/lib/python3.8/site-packages/airflow/example_dags/example_branch_datetime_operator.py
[2024-09-24T05:13:33.186+0000] {processor.py:839} INFO - DAG(s) dict_keys(['example_branch_datetime_operator_2', 'example_branch_datetime_operator_3', 'example_branch_datetime_operator']) retrieved from /home/airflow/.local/lib/python3.8/site-packages/airflow/example_dags/example_branch_datetime_operator.py
[2024-09-24T05:13:33.222+0000] {logging_mixin.py:151} INFO - [2024-09-24T05:13:33.221+0000] {dag.py:2907} INFO - Sync 3 DAGs
[2024-09-24T05:13:33.248+0000] {logging_mixin.py:151} INFO - [2024-09-24T05:13:33.248+0000] {dag.py:3677} INFO - Setting next_dagrun for example_branch_datetime_operator to 2024-09-23T00:00:00+00:00, run_after=2024-09-24T00:00:00+00:00
[2024-09-24T05:13:33.254+0000] {logging_mixin.py:151} INFO - [2024-09-24T05:13:33.254+0000] {dag.py:3677} INFO - Setting next_dagrun for example_branch_datetime_operator_2 to 2024-09-23T00:00:00+00:00, run_after=2024-09-24T00:00:00+00:00
[2024-09-24T05:13:33.258+0000] {logging_mixin.py:151} INFO - [2024-09-24T05:13:33.257+0000] {dag.py:3677} INFO - Setting next_dagrun for example_branch_datetime_operator_3 to 2024-09-23T00:00:00+00:00, run_after=2024-09-24T00:00:00+00:00
[2024-09-24T05:13:33.284+0000] {processor.py:179} INFO - Processing /home/airflow/.local/lib/python3.8/site-packages/airflow/example_dags/example_branch_datetime_operator.py took 0.118 seconds
[2024-09-24T05:14:03.688+0000] {processor.py:157} INFO - Started process (PID=1014) to work on /home/airflow/.local/lib/python3.8/site-packages/airflow/example_dags/example_branch_datetime_operator.py
[2024-09-24T05:14:03.690+0000] {processor.py:829} INFO - Processing file /home/airflow/.local/lib/python3.8/site-packages/airflow/example_dags/example_branch_datetime_operator.py for tasks to queue
[2024-09-24T05:14:03.693+0000] {logging_mixin.py:151} INFO - [2024-09-24T05:14:03.693+0000] {dagbag.py:539} INFO - Filling up the DagBag from /home/airflow/.local/lib/python3.8/site-packages/airflow/example_dags/example_branch_datetime_operator.py
[2024-09-24T05:14:03.703+0000] {processor.py:839} INFO - DAG(s) dict_keys(['example_branch_datetime_operator', 'example_branch_datetime_operator_2', 'example_branch_datetime_operator_3']) retrieved from /home/airflow/.local/lib/python3.8/site-packages/airflow/example_dags/example_branch_datetime_operator.py
[2024-09-24T05:14:03.736+0000] {logging_mixin.py:151} INFO - [2024-09-24T05:14:03.736+0000] {dag.py:2907} INFO - Sync 3 DAGs
[2024-09-24T05:14:03.763+0000] {logging_mixin.py:151} INFO - [2024-09-24T05:14:03.762+0000] {dag.py:3677} INFO - Setting next_dagrun for example_branch_datetime_operator to 2024-09-23T00:00:00+00:00, run_after=2024-09-24T00:00:00+00:00
[2024-09-24T05:14:03.771+0000] {logging_mixin.py:151} INFO - [2024-09-24T05:14:03.771+0000] {dag.py:3677} INFO - Setting next_dagrun for example_branch_datetime_operator_2 to 2024-09-23T00:00:00+00:00, run_after=2024-09-24T00:00:00+00:00
[2024-09-24T05:14:03.775+0000] {logging_mixin.py:151} INFO - [2024-09-24T05:14:03.774+0000] {dag.py:3677} INFO - Setting next_dagrun for example_branch_datetime_operator_3 to 2024-09-23T00:00:00+00:00, run_after=2024-09-24T00:00:00+00:00
[2024-09-24T05:14:03.800+0000] {processor.py:179} INFO - Processing /home/airflow/.local/lib/python3.8/site-packages/airflow/example_dags/example_branch_datetime_operator.py took 0.115 seconds
[2024-09-24T05:14:33.995+0000] {processor.py:157} INFO - Started process (PID=1070) to work on /home/airflow/.local/lib/python3.8/site-packages/airflow/example_dags/example_branch_datetime_operator.py
[2024-09-24T05:14:33.997+0000] {processor.py:829} INFO - Processing file /home/airflow/.local/lib/python3.8/site-packages/airflow/example_dags/example_branch_datetime_operator.py for tasks to queue
[2024-09-24T05:14:34.001+0000] {logging_mixin.py:151} INFO - [2024-09-24T05:14:34.000+0000] {dagbag.py:539} INFO - Filling up the DagBag from /home/airflow/.local/lib/python3.8/site-packages/airflow/example_dags/example_branch_datetime_operator.py
[2024-09-24T05:14:34.013+0000] {processor.py:839} INFO - DAG(s) dict_keys(['example_branch_datetime_operator_2', 'example_branch_datetime_operator', 'example_branch_datetime_operator_3']) retrieved from /home/airflow/.local/lib/python3.8/site-packages/airflow/example_dags/example_branch_datetime_operator.py
[2024-09-24T05:14:34.054+0000] {logging_mixin.py:151} INFO - [2024-09-24T05:14:34.054+0000] {dag.py:2907} INFO - Sync 3 DAGs
[2024-09-24T05:14:34.082+0000] {logging_mixin.py:151} INFO - [2024-09-24T05:14:34.081+0000] {dag.py:3677} INFO - Setting next_dagrun for example_branch_datetime_operator to 2024-09-23T00:00:00+00:00, run_after=2024-09-24T00:00:00+00:00
[2024-09-24T05:14:34.088+0000] {logging_mixin.py:151} INFO - [2024-09-24T05:14:34.088+0000] {dag.py:3677} INFO - Setting next_dagrun for example_branch_datetime_operator_2 to 2024-09-23T00:00:00+00:00, run_after=2024-09-24T00:00:00+00:00
[2024-09-24T05:14:34.092+0000] {logging_mixin.py:151} INFO - [2024-09-24T05:14:34.091+0000] {dag.py:3677} INFO - Setting next_dagrun for example_branch_datetime_operator_3 to 2024-09-23T00:00:00+00:00, run_after=2024-09-24T00:00:00+00:00
[2024-09-24T05:14:34.123+0000] {processor.py:179} INFO - Processing /home/airflow/.local/lib/python3.8/site-packages/airflow/example_dags/example_branch_datetime_operator.py took 0.131 seconds
[2024-09-24T05:15:04.561+0000] {processor.py:157} INFO - Started process (PID=1126) to work on /home/airflow/.local/lib/python3.8/site-packages/airflow/example_dags/example_branch_datetime_operator.py
[2024-09-24T05:15:04.563+0000] {processor.py:829} INFO - Processing file /home/airflow/.local/lib/python3.8/site-packages/airflow/example_dags/example_branch_datetime_operator.py for tasks to queue
[2024-09-24T05:15:04.566+0000] {logging_mixin.py:151} INFO - [2024-09-24T05:15:04.565+0000] {dagbag.py:539} INFO - Filling up the DagBag from /home/airflow/.local/lib/python3.8/site-packages/airflow/example_dags/example_branch_datetime_operator.py
[2024-09-24T05:15:04.579+0000] {processor.py:839} INFO - DAG(s) dict_keys(['example_branch_datetime_operator', 'example_branch_datetime_operator_2', 'example_branch_datetime_operator_3']) retrieved from /home/airflow/.local/lib/python3.8/site-packages/airflow/example_dags/example_branch_datetime_operator.py
[2024-09-24T05:15:04.617+0000] {logging_mixin.py:151} INFO - [2024-09-24T05:15:04.617+0000] {dag.py:2907} INFO - Sync 3 DAGs
[2024-09-24T05:15:04.646+0000] {logging_mixin.py:151} INFO - [2024-09-24T05:15:04.646+0000] {dag.py:3677} INFO - Setting next_dagrun for example_branch_datetime_operator to 2024-09-23T00:00:00+00:00, run_after=2024-09-24T00:00:00+00:00
[2024-09-24T05:15:04.652+0000] {logging_mixin.py:151} INFO - [2024-09-24T05:15:04.652+0000] {dag.py:3677} INFO - Setting next_dagrun for example_branch_datetime_operator_2 to 2024-09-23T00:00:00+00:00, run_after=2024-09-24T00:00:00+00:00
[2024-09-24T05:15:04.656+0000] {logging_mixin.py:151} INFO - [2024-09-24T05:15:04.656+0000] {dag.py:3677} INFO - Setting next_dagrun for example_branch_datetime_operator_3 to 2024-09-23T00:00:00+00:00, run_after=2024-09-24T00:00:00+00:00
[2024-09-24T05:15:04.684+0000] {processor.py:179} INFO - Processing /home/airflow/.local/lib/python3.8/site-packages/airflow/example_dags/example_branch_datetime_operator.py took 0.127 seconds
