[2024-09-24T05:05:56.564+0000] {processor.py:157} INFO - Started process (PID=128) to work on /home/airflow/.local/lib/python3.8/site-packages/airflow/example_dags/example_skip_dag.py
[2024-09-24T05:05:56.566+0000] {processor.py:829} INFO - Processing file /home/airflow/.local/lib/python3.8/site-packages/airflow/example_dags/example_skip_dag.py for tasks to queue
[2024-09-24T05:05:56.570+0000] {logging_mixin.py:151} INFO - [2024-09-24T05:05:56.569+0000] {dagbag.py:539} INFO - Filling up the DagBag from /home/airflow/.local/lib/python3.8/site-packages/airflow/example_dags/example_skip_dag.py
[2024-09-24T05:05:56.582+0000] {processor.py:839} INFO - DAG(s) dict_keys(['example_skip_dag']) retrieved from /home/airflow/.local/lib/python3.8/site-packages/airflow/example_dags/example_skip_dag.py
[2024-09-24T05:05:56.621+0000] {logging_mixin.py:151} INFO - [2024-09-24T05:05:56.621+0000] {dag.py:2907} INFO - Sync 1 DAGs
[2024-09-24T05:05:56.659+0000] {logging_mixin.py:151} INFO - [2024-09-24T05:05:56.659+0000] {dag.py:3677} INFO - Setting next_dagrun for example_skip_dag to 2024-09-23T05:05:56.659167+00:00, run_after=2024-09-24T05:05:56.659167+00:00
[2024-09-24T05:05:56.699+0000] {processor.py:179} INFO - Processing /home/airflow/.local/lib/python3.8/site-packages/airflow/example_dags/example_skip_dag.py took 0.142 seconds
[2024-09-24T05:06:27.103+0000] {processor.py:157} INFO - Started process (PID=184) to work on /home/airflow/.local/lib/python3.8/site-packages/airflow/example_dags/example_skip_dag.py
[2024-09-24T05:06:27.105+0000] {processor.py:829} INFO - Processing file /home/airflow/.local/lib/python3.8/site-packages/airflow/example_dags/example_skip_dag.py for tasks to queue
[2024-09-24T05:06:27.108+0000] {logging_mixin.py:151} INFO - [2024-09-24T05:06:27.107+0000] {dagbag.py:539} INFO - Filling up the DagBag from /home/airflow/.local/lib/python3.8/site-packages/airflow/example_dags/example_skip_dag.py
[2024-09-24T05:06:27.116+0000] {processor.py:839} INFO - DAG(s) dict_keys(['example_skip_dag']) retrieved from /home/airflow/.local/lib/python3.8/site-packages/airflow/example_dags/example_skip_dag.py
[2024-09-24T05:06:27.141+0000] {logging_mixin.py:151} INFO - [2024-09-24T05:06:27.141+0000] {dag.py:2907} INFO - Sync 1 DAGs
[2024-09-24T05:06:27.167+0000] {logging_mixin.py:151} INFO - [2024-09-24T05:06:27.167+0000] {dag.py:3677} INFO - Setting next_dagrun for example_skip_dag to 2024-09-23T05:06:27.167089+00:00, run_after=2024-09-24T05:06:27.167089+00:00
[2024-09-24T05:06:27.192+0000] {processor.py:179} INFO - Processing /home/airflow/.local/lib/python3.8/site-packages/airflow/example_dags/example_skip_dag.py took 0.092 seconds
[2024-09-24T05:06:57.725+0000] {processor.py:157} INFO - Started process (PID=240) to work on /home/airflow/.local/lib/python3.8/site-packages/airflow/example_dags/example_skip_dag.py
[2024-09-24T05:06:57.727+0000] {processor.py:829} INFO - Processing file /home/airflow/.local/lib/python3.8/site-packages/airflow/example_dags/example_skip_dag.py for tasks to queue
[2024-09-24T05:06:57.729+0000] {logging_mixin.py:151} INFO - [2024-09-24T05:06:57.729+0000] {dagbag.py:539} INFO - Filling up the DagBag from /home/airflow/.local/lib/python3.8/site-packages/airflow/example_dags/example_skip_dag.py
[2024-09-24T05:06:57.736+0000] {processor.py:839} INFO - DAG(s) dict_keys(['example_skip_dag']) retrieved from /home/airflow/.local/lib/python3.8/site-packages/airflow/example_dags/example_skip_dag.py
[2024-09-24T05:06:57.762+0000] {logging_mixin.py:151} INFO - [2024-09-24T05:06:57.762+0000] {dag.py:2907} INFO - Sync 1 DAGs
[2024-09-24T05:06:57.787+0000] {logging_mixin.py:151} INFO - [2024-09-24T05:06:57.786+0000] {dag.py:3677} INFO - Setting next_dagrun for example_skip_dag to 2024-09-23T05:06:57.786619+00:00, run_after=2024-09-24T05:06:57.786619+00:00
[2024-09-24T05:06:57.814+0000] {processor.py:179} INFO - Processing /home/airflow/.local/lib/python3.8/site-packages/airflow/example_dags/example_skip_dag.py took 0.093 seconds
[2024-09-24T05:07:28.088+0000] {processor.py:157} INFO - Started process (PID=296) to work on /home/airflow/.local/lib/python3.8/site-packages/airflow/example_dags/example_skip_dag.py
[2024-09-24T05:07:28.090+0000] {processor.py:829} INFO - Processing file /home/airflow/.local/lib/python3.8/site-packages/airflow/example_dags/example_skip_dag.py for tasks to queue
[2024-09-24T05:07:28.092+0000] {logging_mixin.py:151} INFO - [2024-09-24T05:07:28.092+0000] {dagbag.py:539} INFO - Filling up the DagBag from /home/airflow/.local/lib/python3.8/site-packages/airflow/example_dags/example_skip_dag.py
[2024-09-24T05:07:28.099+0000] {processor.py:839} INFO - DAG(s) dict_keys(['example_skip_dag']) retrieved from /home/airflow/.local/lib/python3.8/site-packages/airflow/example_dags/example_skip_dag.py
[2024-09-24T05:07:28.126+0000] {logging_mixin.py:151} INFO - [2024-09-24T05:07:28.126+0000] {dag.py:2907} INFO - Sync 1 DAGs
[2024-09-24T05:07:28.151+0000] {logging_mixin.py:151} INFO - [2024-09-24T05:07:28.151+0000] {dag.py:3677} INFO - Setting next_dagrun for example_skip_dag to 2024-09-23T05:07:28.151333+00:00, run_after=2024-09-24T05:07:28.151333+00:00
[2024-09-24T05:07:28.179+0000] {processor.py:179} INFO - Processing /home/airflow/.local/lib/python3.8/site-packages/airflow/example_dags/example_skip_dag.py took 0.094 seconds
[2024-09-24T05:07:58.692+0000] {processor.py:157} INFO - Started process (PID=352) to work on /home/airflow/.local/lib/python3.8/site-packages/airflow/example_dags/example_skip_dag.py
[2024-09-24T05:07:58.693+0000] {processor.py:829} INFO - Processing file /home/airflow/.local/lib/python3.8/site-packages/airflow/example_dags/example_skip_dag.py for tasks to queue
[2024-09-24T05:07:58.696+0000] {logging_mixin.py:151} INFO - [2024-09-24T05:07:58.695+0000] {dagbag.py:539} INFO - Filling up the DagBag from /home/airflow/.local/lib/python3.8/site-packages/airflow/example_dags/example_skip_dag.py
[2024-09-24T05:07:58.703+0000] {processor.py:839} INFO - DAG(s) dict_keys(['example_skip_dag']) retrieved from /home/airflow/.local/lib/python3.8/site-packages/airflow/example_dags/example_skip_dag.py
[2024-09-24T05:07:58.727+0000] {logging_mixin.py:151} INFO - [2024-09-24T05:07:58.726+0000] {dag.py:2907} INFO - Sync 1 DAGs
[2024-09-24T05:07:58.757+0000] {logging_mixin.py:151} INFO - [2024-09-24T05:07:58.757+0000] {dag.py:3677} INFO - Setting next_dagrun for example_skip_dag to 2024-09-23T05:07:58.757032+00:00, run_after=2024-09-24T05:07:58.757032+00:00
[2024-09-24T05:07:58.792+0000] {processor.py:179} INFO - Processing /home/airflow/.local/lib/python3.8/site-packages/airflow/example_dags/example_skip_dag.py took 0.103 seconds
[2024-09-24T05:08:29.051+0000] {processor.py:157} INFO - Started process (PID=408) to work on /home/airflow/.local/lib/python3.8/site-packages/airflow/example_dags/example_skip_dag.py
[2024-09-24T05:08:29.052+0000] {processor.py:829} INFO - Processing file /home/airflow/.local/lib/python3.8/site-packages/airflow/example_dags/example_skip_dag.py for tasks to queue
[2024-09-24T05:08:29.054+0000] {logging_mixin.py:151} INFO - [2024-09-24T05:08:29.054+0000] {dagbag.py:539} INFO - Filling up the DagBag from /home/airflow/.local/lib/python3.8/site-packages/airflow/example_dags/example_skip_dag.py
[2024-09-24T05:08:29.060+0000] {processor.py:839} INFO - DAG(s) dict_keys(['example_skip_dag']) retrieved from /home/airflow/.local/lib/python3.8/site-packages/airflow/example_dags/example_skip_dag.py
[2024-09-24T05:08:29.085+0000] {logging_mixin.py:151} INFO - [2024-09-24T05:08:29.085+0000] {dag.py:2907} INFO - Sync 1 DAGs
[2024-09-24T05:08:29.112+0000] {logging_mixin.py:151} INFO - [2024-09-24T05:08:29.112+0000] {dag.py:3677} INFO - Setting next_dagrun for example_skip_dag to 2024-09-23T05:08:29.112182+00:00, run_after=2024-09-24T05:08:29.112182+00:00
[2024-09-24T05:08:29.139+0000] {processor.py:179} INFO - Processing /home/airflow/.local/lib/python3.8/site-packages/airflow/example_dags/example_skip_dag.py took 0.092 seconds
[2024-09-24T05:08:59.574+0000] {processor.py:157} INFO - Started process (PID=464) to work on /home/airflow/.local/lib/python3.8/site-packages/airflow/example_dags/example_skip_dag.py
[2024-09-24T05:08:59.576+0000] {processor.py:829} INFO - Processing file /home/airflow/.local/lib/python3.8/site-packages/airflow/example_dags/example_skip_dag.py for tasks to queue
[2024-09-24T05:08:59.579+0000] {logging_mixin.py:151} INFO - [2024-09-24T05:08:59.579+0000] {dagbag.py:539} INFO - Filling up the DagBag from /home/airflow/.local/lib/python3.8/site-packages/airflow/example_dags/example_skip_dag.py
[2024-09-24T05:08:59.588+0000] {processor.py:839} INFO - DAG(s) dict_keys(['example_skip_dag']) retrieved from /home/airflow/.local/lib/python3.8/site-packages/airflow/example_dags/example_skip_dag.py
[2024-09-24T05:08:59.620+0000] {logging_mixin.py:151} INFO - [2024-09-24T05:08:59.620+0000] {dag.py:2907} INFO - Sync 1 DAGs
[2024-09-24T05:08:59.650+0000] {logging_mixin.py:151} INFO - [2024-09-24T05:08:59.650+0000] {dag.py:3677} INFO - Setting next_dagrun for example_skip_dag to 2024-09-23T05:08:59.649894+00:00, run_after=2024-09-24T05:08:59.649894+00:00
[2024-09-24T05:08:59.678+0000] {processor.py:179} INFO - Processing /home/airflow/.local/lib/python3.8/site-packages/airflow/example_dags/example_skip_dag.py took 0.109 seconds
[2024-09-24T05:09:31.149+0000] {processor.py:157} INFO - Started process (PID=520) to work on /home/airflow/.local/lib/python3.8/site-packages/airflow/example_dags/example_skip_dag.py
[2024-09-24T05:09:31.159+0000] {processor.py:829} INFO - Processing file /home/airflow/.local/lib/python3.8/site-packages/airflow/example_dags/example_skip_dag.py for tasks to queue
[2024-09-24T05:09:31.169+0000] {logging_mixin.py:151} INFO - [2024-09-24T05:09:31.168+0000] {dagbag.py:539} INFO - Filling up the DagBag from /home/airflow/.local/lib/python3.8/site-packages/airflow/example_dags/example_skip_dag.py
[2024-09-24T05:09:31.204+0000] {processor.py:839} INFO - DAG(s) dict_keys(['example_skip_dag']) retrieved from /home/airflow/.local/lib/python3.8/site-packages/airflow/example_dags/example_skip_dag.py
[2024-09-24T05:09:31.281+0000] {logging_mixin.py:151} INFO - [2024-09-24T05:09:31.281+0000] {dag.py:2907} INFO - Sync 1 DAGs
[2024-09-24T05:09:31.329+0000] {logging_mixin.py:151} INFO - [2024-09-24T05:09:31.328+0000] {dag.py:3677} INFO - Setting next_dagrun for example_skip_dag to 2024-09-23T05:09:31.328548+00:00, run_after=2024-09-24T05:09:31.328548+00:00
[2024-09-24T05:09:31.396+0000] {processor.py:179} INFO - Processing /home/airflow/.local/lib/python3.8/site-packages/airflow/example_dags/example_skip_dag.py took 0.265 seconds
[2024-09-24T05:10:01.962+0000] {processor.py:157} INFO - Started process (PID=576) to work on /home/airflow/.local/lib/python3.8/site-packages/airflow/example_dags/example_skip_dag.py
[2024-09-24T05:10:01.963+0000] {processor.py:829} INFO - Processing file /home/airflow/.local/lib/python3.8/site-packages/airflow/example_dags/example_skip_dag.py for tasks to queue
[2024-09-24T05:10:01.966+0000] {logging_mixin.py:151} INFO - [2024-09-24T05:10:01.966+0000] {dagbag.py:539} INFO - Filling up the DagBag from /home/airflow/.local/lib/python3.8/site-packages/airflow/example_dags/example_skip_dag.py
[2024-09-24T05:10:01.973+0000] {processor.py:839} INFO - DAG(s) dict_keys(['example_skip_dag']) retrieved from /home/airflow/.local/lib/python3.8/site-packages/airflow/example_dags/example_skip_dag.py
[2024-09-24T05:10:02.001+0000] {logging_mixin.py:151} INFO - [2024-09-24T05:10:02.000+0000] {dag.py:2907} INFO - Sync 1 DAGs
[2024-09-24T05:10:02.027+0000] {logging_mixin.py:151} INFO - [2024-09-24T05:10:02.027+0000] {dag.py:3677} INFO - Setting next_dagrun for example_skip_dag to 2024-09-23T05:10:02.027395+00:00, run_after=2024-09-24T05:10:02.027395+00:00
[2024-09-24T05:10:02.057+0000] {processor.py:179} INFO - Processing /home/airflow/.local/lib/python3.8/site-packages/airflow/example_dags/example_skip_dag.py took 0.099 seconds
[2024-09-24T05:10:32.873+0000] {processor.py:157} INFO - Started process (PID=632) to work on /home/airflow/.local/lib/python3.8/site-packages/airflow/example_dags/example_skip_dag.py
[2024-09-24T05:10:32.876+0000] {processor.py:829} INFO - Processing file /home/airflow/.local/lib/python3.8/site-packages/airflow/example_dags/example_skip_dag.py for tasks to queue
[2024-09-24T05:10:32.883+0000] {logging_mixin.py:151} INFO - [2024-09-24T05:10:32.882+0000] {dagbag.py:539} INFO - Filling up the DagBag from /home/airflow/.local/lib/python3.8/site-packages/airflow/example_dags/example_skip_dag.py
[2024-09-24T05:10:32.894+0000] {processor.py:839} INFO - DAG(s) dict_keys(['example_skip_dag']) retrieved from /home/airflow/.local/lib/python3.8/site-packages/airflow/example_dags/example_skip_dag.py
[2024-09-24T05:10:32.926+0000] {logging_mixin.py:151} INFO - [2024-09-24T05:10:32.926+0000] {dag.py:2907} INFO - Sync 1 DAGs
[2024-09-24T05:10:32.971+0000] {logging_mixin.py:151} INFO - [2024-09-24T05:10:32.970+0000] {dag.py:3677} INFO - Setting next_dagrun for example_skip_dag to 2024-09-23T05:10:32.970577+00:00, run_after=2024-09-24T05:10:32.970577+00:00
[2024-09-24T05:10:33.013+0000] {processor.py:179} INFO - Processing /home/airflow/.local/lib/python3.8/site-packages/airflow/example_dags/example_skip_dag.py took 0.152 seconds
[2024-09-24T05:11:03.788+0000] {processor.py:157} INFO - Started process (PID=688) to work on /home/airflow/.local/lib/python3.8/site-packages/airflow/example_dags/example_skip_dag.py
[2024-09-24T05:11:03.790+0000] {processor.py:829} INFO - Processing file /home/airflow/.local/lib/python3.8/site-packages/airflow/example_dags/example_skip_dag.py for tasks to queue
[2024-09-24T05:11:03.792+0000] {logging_mixin.py:151} INFO - [2024-09-24T05:11:03.792+0000] {dagbag.py:539} INFO - Filling up the DagBag from /home/airflow/.local/lib/python3.8/site-packages/airflow/example_dags/example_skip_dag.py
[2024-09-24T05:11:03.801+0000] {processor.py:839} INFO - DAG(s) dict_keys(['example_skip_dag']) retrieved from /home/airflow/.local/lib/python3.8/site-packages/airflow/example_dags/example_skip_dag.py
[2024-09-24T05:11:03.838+0000] {logging_mixin.py:151} INFO - [2024-09-24T05:11:03.837+0000] {dag.py:2907} INFO - Sync 1 DAGs
[2024-09-24T05:11:03.873+0000] {logging_mixin.py:151} INFO - [2024-09-24T05:11:03.873+0000] {dag.py:3677} INFO - Setting next_dagrun for example_skip_dag to 2024-09-23T05:11:03.873037+00:00, run_after=2024-09-24T05:11:03.873037+00:00
[2024-09-24T05:11:03.912+0000] {processor.py:179} INFO - Processing /home/airflow/.local/lib/python3.8/site-packages/airflow/example_dags/example_skip_dag.py took 0.128 seconds
[2024-09-24T05:11:34.642+0000] {processor.py:157} INFO - Started process (PID=744) to work on /home/airflow/.local/lib/python3.8/site-packages/airflow/example_dags/example_skip_dag.py
[2024-09-24T05:11:34.644+0000] {processor.py:829} INFO - Processing file /home/airflow/.local/lib/python3.8/site-packages/airflow/example_dags/example_skip_dag.py for tasks to queue
[2024-09-24T05:11:34.647+0000] {logging_mixin.py:151} INFO - [2024-09-24T05:11:34.647+0000] {dagbag.py:539} INFO - Filling up the DagBag from /home/airflow/.local/lib/python3.8/site-packages/airflow/example_dags/example_skip_dag.py
[2024-09-24T05:11:34.655+0000] {processor.py:839} INFO - DAG(s) dict_keys(['example_skip_dag']) retrieved from /home/airflow/.local/lib/python3.8/site-packages/airflow/example_dags/example_skip_dag.py
[2024-09-24T05:11:34.684+0000] {logging_mixin.py:151} INFO - [2024-09-24T05:11:34.683+0000] {dag.py:2907} INFO - Sync 1 DAGs
[2024-09-24T05:11:34.713+0000] {logging_mixin.py:151} INFO - [2024-09-24T05:11:34.712+0000] {dag.py:3677} INFO - Setting next_dagrun for example_skip_dag to 2024-09-23T05:11:34.712552+00:00, run_after=2024-09-24T05:11:34.712552+00:00
[2024-09-24T05:11:34.742+0000] {processor.py:179} INFO - Processing /home/airflow/.local/lib/python3.8/site-packages/airflow/example_dags/example_skip_dag.py took 0.104 seconds
[2024-09-24T05:12:05.382+0000] {processor.py:157} INFO - Started process (PID=800) to work on /home/airflow/.local/lib/python3.8/site-packages/airflow/example_dags/example_skip_dag.py
[2024-09-24T05:12:05.384+0000] {processor.py:829} INFO - Processing file /home/airflow/.local/lib/python3.8/site-packages/airflow/example_dags/example_skip_dag.py for tasks to queue
[2024-09-24T05:12:05.390+0000] {logging_mixin.py:151} INFO - [2024-09-24T05:12:05.389+0000] {dagbag.py:539} INFO - Filling up the DagBag from /home/airflow/.local/lib/python3.8/site-packages/airflow/example_dags/example_skip_dag.py
[2024-09-24T05:12:05.403+0000] {processor.py:839} INFO - DAG(s) dict_keys(['example_skip_dag']) retrieved from /home/airflow/.local/lib/python3.8/site-packages/airflow/example_dags/example_skip_dag.py
[2024-09-24T05:12:05.440+0000] {logging_mixin.py:151} INFO - [2024-09-24T05:12:05.440+0000] {dag.py:2907} INFO - Sync 1 DAGs
[2024-09-24T05:12:05.473+0000] {logging_mixin.py:151} INFO - [2024-09-24T05:12:05.473+0000] {dag.py:3677} INFO - Setting next_dagrun for example_skip_dag to 2024-09-23T05:12:05.473085+00:00, run_after=2024-09-24T05:12:05.473085+00:00
[2024-09-24T05:12:05.502+0000] {processor.py:179} INFO - Processing /home/airflow/.local/lib/python3.8/site-packages/airflow/example_dags/example_skip_dag.py took 0.124 seconds
[2024-09-24T05:12:36.464+0000] {processor.py:157} INFO - Started process (PID=860) to work on /home/airflow/.local/lib/python3.8/site-packages/airflow/example_dags/example_skip_dag.py
[2024-09-24T05:12:36.467+0000] {processor.py:829} INFO - Processing file /home/airflow/.local/lib/python3.8/site-packages/airflow/example_dags/example_skip_dag.py for tasks to queue
[2024-09-24T05:12:36.472+0000] {logging_mixin.py:151} INFO - [2024-09-24T05:12:36.471+0000] {dagbag.py:539} INFO - Filling up the DagBag from /home/airflow/.local/lib/python3.8/site-packages/airflow/example_dags/example_skip_dag.py
[2024-09-24T05:12:36.483+0000] {processor.py:839} INFO - DAG(s) dict_keys(['example_skip_dag']) retrieved from /home/airflow/.local/lib/python3.8/site-packages/airflow/example_dags/example_skip_dag.py
[2024-09-24T05:12:36.517+0000] {logging_mixin.py:151} INFO - [2024-09-24T05:12:36.517+0000] {dag.py:2907} INFO - Sync 1 DAGs
[2024-09-24T05:12:36.549+0000] {logging_mixin.py:151} INFO - [2024-09-24T05:12:36.549+0000] {dag.py:3677} INFO - Setting next_dagrun for example_skip_dag to 2024-09-23T05:12:36.549466+00:00, run_after=2024-09-24T05:12:36.549466+00:00
[2024-09-24T05:12:36.582+0000] {processor.py:179} INFO - Processing /home/airflow/.local/lib/python3.8/site-packages/airflow/example_dags/example_skip_dag.py took 0.127 seconds
[2024-09-24T05:13:06.782+0000] {processor.py:157} INFO - Started process (PID=917) to work on /home/airflow/.local/lib/python3.8/site-packages/airflow/example_dags/example_skip_dag.py
[2024-09-24T05:13:06.783+0000] {processor.py:829} INFO - Processing file /home/airflow/.local/lib/python3.8/site-packages/airflow/example_dags/example_skip_dag.py for tasks to queue
[2024-09-24T05:13:06.787+0000] {logging_mixin.py:151} INFO - [2024-09-24T05:13:06.787+0000] {dagbag.py:539} INFO - Filling up the DagBag from /home/airflow/.local/lib/python3.8/site-packages/airflow/example_dags/example_skip_dag.py
[2024-09-24T05:13:06.796+0000] {processor.py:839} INFO - DAG(s) dict_keys(['example_skip_dag']) retrieved from /home/airflow/.local/lib/python3.8/site-packages/airflow/example_dags/example_skip_dag.py
[2024-09-24T05:13:06.829+0000] {logging_mixin.py:151} INFO - [2024-09-24T05:13:06.829+0000] {dag.py:2907} INFO - Sync 1 DAGs
[2024-09-24T05:13:06.861+0000] {logging_mixin.py:151} INFO - [2024-09-24T05:13:06.860+0000] {dag.py:3677} INFO - Setting next_dagrun for example_skip_dag to 2024-09-23T05:13:06.860390+00:00, run_after=2024-09-24T05:13:06.860390+00:00
[2024-09-24T05:13:06.893+0000] {processor.py:179} INFO - Processing /home/airflow/.local/lib/python3.8/site-packages/airflow/example_dags/example_skip_dag.py took 0.115 seconds
[2024-09-24T05:13:37.375+0000] {processor.py:157} INFO - Started process (PID=973) to work on /home/airflow/.local/lib/python3.8/site-packages/airflow/example_dags/example_skip_dag.py
[2024-09-24T05:13:37.377+0000] {processor.py:829} INFO - Processing file /home/airflow/.local/lib/python3.8/site-packages/airflow/example_dags/example_skip_dag.py for tasks to queue
[2024-09-24T05:13:37.379+0000] {logging_mixin.py:151} INFO - [2024-09-24T05:13:37.379+0000] {dagbag.py:539} INFO - Filling up the DagBag from /home/airflow/.local/lib/python3.8/site-packages/airflow/example_dags/example_skip_dag.py
[2024-09-24T05:13:37.387+0000] {processor.py:839} INFO - DAG(s) dict_keys(['example_skip_dag']) retrieved from /home/airflow/.local/lib/python3.8/site-packages/airflow/example_dags/example_skip_dag.py
[2024-09-24T05:13:37.414+0000] {logging_mixin.py:151} INFO - [2024-09-24T05:13:37.414+0000] {dag.py:2907} INFO - Sync 1 DAGs
[2024-09-24T05:13:37.442+0000] {logging_mixin.py:151} INFO - [2024-09-24T05:13:37.441+0000] {dag.py:3677} INFO - Setting next_dagrun for example_skip_dag to 2024-09-23T05:13:37.441528+00:00, run_after=2024-09-24T05:13:37.441528+00:00
[2024-09-24T05:13:37.470+0000] {processor.py:179} INFO - Processing /home/airflow/.local/lib/python3.8/site-packages/airflow/example_dags/example_skip_dag.py took 0.099 seconds
[2024-09-24T05:14:07.858+0000] {processor.py:157} INFO - Started process (PID=1029) to work on /home/airflow/.local/lib/python3.8/site-packages/airflow/example_dags/example_skip_dag.py
[2024-09-24T05:14:07.859+0000] {processor.py:829} INFO - Processing file /home/airflow/.local/lib/python3.8/site-packages/airflow/example_dags/example_skip_dag.py for tasks to queue
[2024-09-24T05:14:07.862+0000] {logging_mixin.py:151} INFO - [2024-09-24T05:14:07.861+0000] {dagbag.py:539} INFO - Filling up the DagBag from /home/airflow/.local/lib/python3.8/site-packages/airflow/example_dags/example_skip_dag.py
[2024-09-24T05:14:07.868+0000] {processor.py:839} INFO - DAG(s) dict_keys(['example_skip_dag']) retrieved from /home/airflow/.local/lib/python3.8/site-packages/airflow/example_dags/example_skip_dag.py
[2024-09-24T05:14:07.895+0000] {logging_mixin.py:151} INFO - [2024-09-24T05:14:07.895+0000] {dag.py:2907} INFO - Sync 1 DAGs
[2024-09-24T05:14:07.919+0000] {logging_mixin.py:151} INFO - [2024-09-24T05:14:07.918+0000] {dag.py:3677} INFO - Setting next_dagrun for example_skip_dag to 2024-09-23T05:14:07.918676+00:00, run_after=2024-09-24T05:14:07.918676+00:00
[2024-09-24T05:14:07.944+0000] {processor.py:179} INFO - Processing /home/airflow/.local/lib/python3.8/site-packages/airflow/example_dags/example_skip_dag.py took 0.090 seconds
[2024-09-24T05:14:38.302+0000] {processor.py:157} INFO - Started process (PID=1085) to work on /home/airflow/.local/lib/python3.8/site-packages/airflow/example_dags/example_skip_dag.py
[2024-09-24T05:14:38.304+0000] {processor.py:829} INFO - Processing file /home/airflow/.local/lib/python3.8/site-packages/airflow/example_dags/example_skip_dag.py for tasks to queue
[2024-09-24T05:14:38.308+0000] {logging_mixin.py:151} INFO - [2024-09-24T05:14:38.308+0000] {dagbag.py:539} INFO - Filling up the DagBag from /home/airflow/.local/lib/python3.8/site-packages/airflow/example_dags/example_skip_dag.py
[2024-09-24T05:14:38.318+0000] {processor.py:839} INFO - DAG(s) dict_keys(['example_skip_dag']) retrieved from /home/airflow/.local/lib/python3.8/site-packages/airflow/example_dags/example_skip_dag.py
[2024-09-24T05:14:38.349+0000] {logging_mixin.py:151} INFO - [2024-09-24T05:14:38.349+0000] {dag.py:2907} INFO - Sync 1 DAGs
[2024-09-24T05:14:38.380+0000] {logging_mixin.py:151} INFO - [2024-09-24T05:14:38.380+0000] {dag.py:3677} INFO - Setting next_dagrun for example_skip_dag to 2024-09-23T05:14:38.379758+00:00, run_after=2024-09-24T05:14:38.379758+00:00
[2024-09-24T05:14:38.424+0000] {processor.py:179} INFO - Processing /home/airflow/.local/lib/python3.8/site-packages/airflow/example_dags/example_skip_dag.py took 0.125 seconds
[2024-09-24T05:15:08.866+0000] {processor.py:157} INFO - Started process (PID=1141) to work on /home/airflow/.local/lib/python3.8/site-packages/airflow/example_dags/example_skip_dag.py
[2024-09-24T05:15:08.867+0000] {processor.py:829} INFO - Processing file /home/airflow/.local/lib/python3.8/site-packages/airflow/example_dags/example_skip_dag.py for tasks to queue
[2024-09-24T05:15:08.870+0000] {logging_mixin.py:151} INFO - [2024-09-24T05:15:08.870+0000] {dagbag.py:539} INFO - Filling up the DagBag from /home/airflow/.local/lib/python3.8/site-packages/airflow/example_dags/example_skip_dag.py
[2024-09-24T05:15:08.877+0000] {processor.py:839} INFO - DAG(s) dict_keys(['example_skip_dag']) retrieved from /home/airflow/.local/lib/python3.8/site-packages/airflow/example_dags/example_skip_dag.py
[2024-09-24T05:15:08.903+0000] {logging_mixin.py:151} INFO - [2024-09-24T05:15:08.903+0000] {dag.py:2907} INFO - Sync 1 DAGs
[2024-09-24T05:15:08.930+0000] {logging_mixin.py:151} INFO - [2024-09-24T05:15:08.929+0000] {dag.py:3677} INFO - Setting next_dagrun for example_skip_dag to 2024-09-23T05:15:08.929691+00:00, run_after=2024-09-24T05:15:08.929691+00:00
[2024-09-24T05:15:08.958+0000] {processor.py:179} INFO - Processing /home/airflow/.local/lib/python3.8/site-packages/airflow/example_dags/example_skip_dag.py took 0.095 seconds
