[2024-09-24T04:10:21.087+0000] {processor.py:157} INFO - Started process (PID=53) to work on /home/airflow/.local/lib/python3.8/site-packages/airflow/example_dags/example_subdag_operator.py
[2024-09-24T04:10:21.090+0000] {processor.py:829} INFO - Processing file /home/airflow/.local/lib/python3.8/site-packages/airflow/example_dags/example_subdag_operator.py for tasks to queue
[2024-09-24T04:10:21.097+0000] {logging_mixin.py:151} INFO - [2024-09-24T04:10:21.096+0000] {dagbag.py:539} INFO - Filling up the DagBag from /home/airflow/.local/lib/python3.8/site-packages/airflow/example_dags/example_subdag_operator.py
[2024-09-24T04:10:21.164+0000] {processor.py:839} INFO - DAG(s) dict_keys(['example_subdag_operator.section-1', 'example_subdag_operator.section-2', 'example_subdag_operator']) retrieved from /home/airflow/.local/lib/python3.8/site-packages/airflow/example_dags/example_subdag_operator.py
[2024-09-24T04:10:21.219+0000] {logging_mixin.py:151} INFO - [2024-09-24T04:10:21.219+0000] {dag.py:2907} INFO - Sync 3 DAGs
[2024-09-24T04:10:21.270+0000] {logging_mixin.py:151} INFO - [2024-09-24T04:10:21.270+0000] {dag.py:3677} INFO - Setting next_dagrun for example_subdag_operator to 2022-01-01T00:00:00+00:00, run_after=2022-01-01T00:00:00+00:00
[2024-09-24T04:10:21.280+0000] {logging_mixin.py:151} INFO - [2024-09-24T04:10:21.280+0000] {dag.py:3677} INFO - Setting next_dagrun for example_subdag_operator.section-1 to None, run_after=None
[2024-09-24T04:10:21.284+0000] {logging_mixin.py:151} INFO - [2024-09-24T04:10:21.284+0000] {dag.py:3677} INFO - Setting next_dagrun for example_subdag_operator.section-2 to None, run_after=None
[2024-09-24T04:10:21.307+0000] {logging_mixin.py:151} INFO - [2024-09-24T04:10:21.306+0000] {dag.py:2907} INFO - Sync 2 DAGs
[2024-09-24T04:10:21.326+0000] {logging_mixin.py:151} INFO - [2024-09-24T04:10:21.326+0000] {dag.py:3677} INFO - Setting next_dagrun for example_subdag_operator.section-1 to None, run_after=None
[2024-09-24T04:10:21.330+0000] {logging_mixin.py:151} INFO - [2024-09-24T04:10:21.329+0000] {dag.py:3677} INFO - Setting next_dagrun for example_subdag_operator.section-2 to None, run_after=None
[2024-09-24T04:10:21.369+0000] {processor.py:179} INFO - Processing /home/airflow/.local/lib/python3.8/site-packages/airflow/example_dags/example_subdag_operator.py took 0.288 seconds
[2024-09-24T05:05:29.431+0000] {processor.py:157} INFO - Started process (PID=83) to work on /home/airflow/.local/lib/python3.8/site-packages/airflow/example_dags/example_subdag_operator.py
[2024-09-24T05:05:29.435+0000] {processor.py:829} INFO - Processing file /home/airflow/.local/lib/python3.8/site-packages/airflow/example_dags/example_subdag_operator.py for tasks to queue
[2024-09-24T05:05:29.444+0000] {logging_mixin.py:151} INFO - [2024-09-24T05:05:29.444+0000] {dagbag.py:539} INFO - Filling up the DagBag from /home/airflow/.local/lib/python3.8/site-packages/airflow/example_dags/example_subdag_operator.py
[2024-09-24T05:05:29.532+0000] {processor.py:839} INFO - DAG(s) dict_keys(['example_subdag_operator.section-1', 'example_subdag_operator.section-2', 'example_subdag_operator']) retrieved from /home/airflow/.local/lib/python3.8/site-packages/airflow/example_dags/example_subdag_operator.py
[2024-09-24T05:05:30.125+0000] {logging_mixin.py:151} INFO - [2024-09-24T05:05:30.125+0000] {dag.py:2907} INFO - Sync 3 DAGs
[2024-09-24T05:05:30.205+0000] {logging_mixin.py:151} INFO - [2024-09-24T05:05:30.204+0000] {dag.py:3677} INFO - Setting next_dagrun for example_subdag_operator to 2022-01-01T00:00:00+00:00, run_after=2022-01-01T00:00:00+00:00
[2024-09-24T05:05:30.222+0000] {logging_mixin.py:151} INFO - [2024-09-24T05:05:30.221+0000] {dag.py:3677} INFO - Setting next_dagrun for example_subdag_operator.section-1 to None, run_after=None
[2024-09-24T05:05:30.228+0000] {logging_mixin.py:151} INFO - [2024-09-24T05:05:30.228+0000] {dag.py:3677} INFO - Setting next_dagrun for example_subdag_operator.section-2 to None, run_after=None
[2024-09-24T05:05:30.265+0000] {logging_mixin.py:151} INFO - [2024-09-24T05:05:30.264+0000] {dag.py:2907} INFO - Sync 2 DAGs
[2024-09-24T05:05:30.289+0000] {logging_mixin.py:151} INFO - [2024-09-24T05:05:30.288+0000] {dag.py:3677} INFO - Setting next_dagrun for example_subdag_operator.section-1 to None, run_after=None
[2024-09-24T05:05:30.292+0000] {logging_mixin.py:151} INFO - [2024-09-24T05:05:30.291+0000] {dag.py:3677} INFO - Setting next_dagrun for example_subdag_operator.section-2 to None, run_after=None
[2024-09-24T05:05:30.342+0000] {processor.py:179} INFO - Processing /home/airflow/.local/lib/python3.8/site-packages/airflow/example_dags/example_subdag_operator.py took 0.918 seconds
[2024-09-24T05:06:01.034+0000] {processor.py:157} INFO - Started process (PID=138) to work on /home/airflow/.local/lib/python3.8/site-packages/airflow/example_dags/example_subdag_operator.py
[2024-09-24T05:06:01.036+0000] {processor.py:829} INFO - Processing file /home/airflow/.local/lib/python3.8/site-packages/airflow/example_dags/example_subdag_operator.py for tasks to queue
[2024-09-24T05:06:01.041+0000] {logging_mixin.py:151} INFO - [2024-09-24T05:06:01.041+0000] {dagbag.py:539} INFO - Filling up the DagBag from /home/airflow/.local/lib/python3.8/site-packages/airflow/example_dags/example_subdag_operator.py
[2024-09-24T05:06:01.081+0000] {processor.py:839} INFO - DAG(s) dict_keys(['example_subdag_operator.section-1', 'example_subdag_operator.section-2', 'example_subdag_operator']) retrieved from /home/airflow/.local/lib/python3.8/site-packages/airflow/example_dags/example_subdag_operator.py
[2024-09-24T05:06:01.101+0000] {logging_mixin.py:151} INFO - [2024-09-24T05:06:01.101+0000] {dag.py:2907} INFO - Sync 3 DAGs
[2024-09-24T05:06:01.136+0000] {logging_mixin.py:151} INFO - [2024-09-24T05:06:01.136+0000] {dag.py:3677} INFO - Setting next_dagrun for example_subdag_operator to 2022-01-01T00:00:00+00:00, run_after=2022-01-01T00:00:00+00:00
[2024-09-24T05:06:01.143+0000] {logging_mixin.py:151} INFO - [2024-09-24T05:06:01.143+0000] {dag.py:3677} INFO - Setting next_dagrun for example_subdag_operator.section-1 to None, run_after=None
[2024-09-24T05:06:01.146+0000] {logging_mixin.py:151} INFO - [2024-09-24T05:06:01.146+0000] {dag.py:3677} INFO - Setting next_dagrun for example_subdag_operator.section-2 to None, run_after=None
[2024-09-24T05:06:01.157+0000] {logging_mixin.py:151} INFO - [2024-09-24T05:06:01.156+0000] {dag.py:2907} INFO - Sync 2 DAGs
[2024-09-24T05:06:01.167+0000] {logging_mixin.py:151} INFO - [2024-09-24T05:06:01.166+0000] {dag.py:3677} INFO - Setting next_dagrun for example_subdag_operator.section-1 to None, run_after=None
[2024-09-24T05:06:01.168+0000] {logging_mixin.py:151} INFO - [2024-09-24T05:06:01.168+0000] {dag.py:3677} INFO - Setting next_dagrun for example_subdag_operator.section-2 to None, run_after=None
[2024-09-24T05:06:01.189+0000] {processor.py:179} INFO - Processing /home/airflow/.local/lib/python3.8/site-packages/airflow/example_dags/example_subdag_operator.py took 0.160 seconds
[2024-09-24T05:06:31.382+0000] {processor.py:157} INFO - Started process (PID=194) to work on /home/airflow/.local/lib/python3.8/site-packages/airflow/example_dags/example_subdag_operator.py
[2024-09-24T05:06:31.388+0000] {processor.py:829} INFO - Processing file /home/airflow/.local/lib/python3.8/site-packages/airflow/example_dags/example_subdag_operator.py for tasks to queue
[2024-09-24T05:06:31.392+0000] {logging_mixin.py:151} INFO - [2024-09-24T05:06:31.392+0000] {dagbag.py:539} INFO - Filling up the DagBag from /home/airflow/.local/lib/python3.8/site-packages/airflow/example_dags/example_subdag_operator.py
[2024-09-24T05:06:31.482+0000] {processor.py:839} INFO - DAG(s) dict_keys(['example_subdag_operator.section-1', 'example_subdag_operator.section-2', 'example_subdag_operator']) retrieved from /home/airflow/.local/lib/python3.8/site-packages/airflow/example_dags/example_subdag_operator.py
[2024-09-24T05:06:31.507+0000] {logging_mixin.py:151} INFO - [2024-09-24T05:06:31.507+0000] {dag.py:2907} INFO - Sync 3 DAGs
[2024-09-24T05:06:31.555+0000] {logging_mixin.py:151} INFO - [2024-09-24T05:06:31.554+0000] {dag.py:3677} INFO - Setting next_dagrun for example_subdag_operator to 2022-01-01T00:00:00+00:00, run_after=2022-01-01T00:00:00+00:00
[2024-09-24T05:06:31.560+0000] {logging_mixin.py:151} INFO - [2024-09-24T05:06:31.560+0000] {dag.py:3677} INFO - Setting next_dagrun for example_subdag_operator.section-1 to None, run_after=None
[2024-09-24T05:06:31.564+0000] {logging_mixin.py:151} INFO - [2024-09-24T05:06:31.563+0000] {dag.py:3677} INFO - Setting next_dagrun for example_subdag_operator.section-2 to None, run_after=None
[2024-09-24T05:06:31.576+0000] {logging_mixin.py:151} INFO - [2024-09-24T05:06:31.575+0000] {dag.py:2907} INFO - Sync 2 DAGs
[2024-09-24T05:06:31.586+0000] {logging_mixin.py:151} INFO - [2024-09-24T05:06:31.585+0000] {dag.py:3677} INFO - Setting next_dagrun for example_subdag_operator.section-1 to None, run_after=None
[2024-09-24T05:06:31.586+0000] {logging_mixin.py:151} INFO - [2024-09-24T05:06:31.586+0000] {dag.py:3677} INFO - Setting next_dagrun for example_subdag_operator.section-2 to None, run_after=None
[2024-09-24T05:06:31.608+0000] {processor.py:179} INFO - Processing /home/airflow/.local/lib/python3.8/site-packages/airflow/example_dags/example_subdag_operator.py took 0.231 seconds
[2024-09-24T05:07:02.091+0000] {processor.py:157} INFO - Started process (PID=248) to work on /home/airflow/.local/lib/python3.8/site-packages/airflow/example_dags/example_subdag_operator.py
[2024-09-24T05:07:02.093+0000] {processor.py:829} INFO - Processing file /home/airflow/.local/lib/python3.8/site-packages/airflow/example_dags/example_subdag_operator.py for tasks to queue
[2024-09-24T05:07:02.096+0000] {logging_mixin.py:151} INFO - [2024-09-24T05:07:02.096+0000] {dagbag.py:539} INFO - Filling up the DagBag from /home/airflow/.local/lib/python3.8/site-packages/airflow/example_dags/example_subdag_operator.py
[2024-09-24T05:07:02.135+0000] {processor.py:839} INFO - DAG(s) dict_keys(['example_subdag_operator.section-1', 'example_subdag_operator.section-2', 'example_subdag_operator']) retrieved from /home/airflow/.local/lib/python3.8/site-packages/airflow/example_dags/example_subdag_operator.py
[2024-09-24T05:07:02.171+0000] {logging_mixin.py:151} INFO - [2024-09-24T05:07:02.170+0000] {dag.py:2907} INFO - Sync 3 DAGs
[2024-09-24T05:07:02.216+0000] {logging_mixin.py:151} INFO - [2024-09-24T05:07:02.216+0000] {dag.py:3677} INFO - Setting next_dagrun for example_subdag_operator to 2022-01-01T00:00:00+00:00, run_after=2022-01-01T00:00:00+00:00
[2024-09-24T05:07:02.228+0000] {logging_mixin.py:151} INFO - [2024-09-24T05:07:02.228+0000] {dag.py:3677} INFO - Setting next_dagrun for example_subdag_operator.section-1 to None, run_after=None
[2024-09-24T05:07:02.233+0000] {logging_mixin.py:151} INFO - [2024-09-24T05:07:02.232+0000] {dag.py:3677} INFO - Setting next_dagrun for example_subdag_operator.section-2 to None, run_after=None
[2024-09-24T05:07:02.248+0000] {logging_mixin.py:151} INFO - [2024-09-24T05:07:02.248+0000] {dag.py:2907} INFO - Sync 2 DAGs
[2024-09-24T05:07:02.260+0000] {logging_mixin.py:151} INFO - [2024-09-24T05:07:02.260+0000] {dag.py:3677} INFO - Setting next_dagrun for example_subdag_operator.section-1 to None, run_after=None
[2024-09-24T05:07:02.261+0000] {logging_mixin.py:151} INFO - [2024-09-24T05:07:02.261+0000] {dag.py:3677} INFO - Setting next_dagrun for example_subdag_operator.section-2 to None, run_after=None
[2024-09-24T05:07:02.289+0000] {processor.py:179} INFO - Processing /home/airflow/.local/lib/python3.8/site-packages/airflow/example_dags/example_subdag_operator.py took 0.203 seconds
[2024-09-24T05:07:32.601+0000] {processor.py:157} INFO - Started process (PID=304) to work on /home/airflow/.local/lib/python3.8/site-packages/airflow/example_dags/example_subdag_operator.py
[2024-09-24T05:07:32.607+0000] {processor.py:829} INFO - Processing file /home/airflow/.local/lib/python3.8/site-packages/airflow/example_dags/example_subdag_operator.py for tasks to queue
[2024-09-24T05:07:32.614+0000] {logging_mixin.py:151} INFO - [2024-09-24T05:07:32.613+0000] {dagbag.py:539} INFO - Filling up the DagBag from /home/airflow/.local/lib/python3.8/site-packages/airflow/example_dags/example_subdag_operator.py
[2024-09-24T05:07:32.702+0000] {processor.py:839} INFO - DAG(s) dict_keys(['example_subdag_operator.section-1', 'example_subdag_operator.section-2', 'example_subdag_operator']) retrieved from /home/airflow/.local/lib/python3.8/site-packages/airflow/example_dags/example_subdag_operator.py
[2024-09-24T05:07:32.740+0000] {logging_mixin.py:151} INFO - [2024-09-24T05:07:32.739+0000] {dag.py:2907} INFO - Sync 3 DAGs
[2024-09-24T05:07:32.784+0000] {logging_mixin.py:151} INFO - [2024-09-24T05:07:32.783+0000] {dag.py:3677} INFO - Setting next_dagrun for example_subdag_operator to 2022-01-01T00:00:00+00:00, run_after=2022-01-01T00:00:00+00:00
[2024-09-24T05:07:32.805+0000] {logging_mixin.py:151} INFO - [2024-09-24T05:07:32.804+0000] {dag.py:3677} INFO - Setting next_dagrun for example_subdag_operator.section-1 to None, run_after=None
[2024-09-24T05:07:32.811+0000] {logging_mixin.py:151} INFO - [2024-09-24T05:07:32.810+0000] {dag.py:3677} INFO - Setting next_dagrun for example_subdag_operator.section-2 to None, run_after=None
[2024-09-24T05:07:32.854+0000] {logging_mixin.py:151} INFO - [2024-09-24T05:07:32.852+0000] {dag.py:2907} INFO - Sync 2 DAGs
[2024-09-24T05:07:32.882+0000] {logging_mixin.py:151} INFO - [2024-09-24T05:07:32.882+0000] {dag.py:3677} INFO - Setting next_dagrun for example_subdag_operator.section-1 to None, run_after=None
[2024-09-24T05:07:32.884+0000] {logging_mixin.py:151} INFO - [2024-09-24T05:07:32.884+0000] {dag.py:3677} INFO - Setting next_dagrun for example_subdag_operator.section-2 to None, run_after=None
[2024-09-24T05:07:32.952+0000] {processor.py:179} INFO - Processing /home/airflow/.local/lib/python3.8/site-packages/airflow/example_dags/example_subdag_operator.py took 0.360 seconds
[2024-09-24T05:08:03.086+0000] {processor.py:157} INFO - Started process (PID=360) to work on /home/airflow/.local/lib/python3.8/site-packages/airflow/example_dags/example_subdag_operator.py
[2024-09-24T05:08:03.087+0000] {processor.py:829} INFO - Processing file /home/airflow/.local/lib/python3.8/site-packages/airflow/example_dags/example_subdag_operator.py for tasks to queue
[2024-09-24T05:08:03.090+0000] {logging_mixin.py:151} INFO - [2024-09-24T05:08:03.089+0000] {dagbag.py:539} INFO - Filling up the DagBag from /home/airflow/.local/lib/python3.8/site-packages/airflow/example_dags/example_subdag_operator.py
[2024-09-24T05:08:03.118+0000] {processor.py:839} INFO - DAG(s) dict_keys(['example_subdag_operator.section-1', 'example_subdag_operator.section-2', 'example_subdag_operator']) retrieved from /home/airflow/.local/lib/python3.8/site-packages/airflow/example_dags/example_subdag_operator.py
[2024-09-24T05:08:03.134+0000] {logging_mixin.py:151} INFO - [2024-09-24T05:08:03.134+0000] {dag.py:2907} INFO - Sync 3 DAGs
[2024-09-24T05:08:03.158+0000] {logging_mixin.py:151} INFO - [2024-09-24T05:08:03.157+0000] {dag.py:3677} INFO - Setting next_dagrun for example_subdag_operator to 2022-01-01T00:00:00+00:00, run_after=2022-01-01T00:00:00+00:00
[2024-09-24T05:08:03.162+0000] {logging_mixin.py:151} INFO - [2024-09-24T05:08:03.162+0000] {dag.py:3677} INFO - Setting next_dagrun for example_subdag_operator.section-1 to None, run_after=None
[2024-09-24T05:08:03.165+0000] {logging_mixin.py:151} INFO - [2024-09-24T05:08:03.165+0000] {dag.py:3677} INFO - Setting next_dagrun for example_subdag_operator.section-2 to None, run_after=None
[2024-09-24T05:08:03.173+0000] {logging_mixin.py:151} INFO - [2024-09-24T05:08:03.173+0000] {dag.py:2907} INFO - Sync 2 DAGs
[2024-09-24T05:08:03.180+0000] {logging_mixin.py:151} INFO - [2024-09-24T05:08:03.180+0000] {dag.py:3677} INFO - Setting next_dagrun for example_subdag_operator.section-1 to None, run_after=None
[2024-09-24T05:08:03.181+0000] {logging_mixin.py:151} INFO - [2024-09-24T05:08:03.181+0000] {dag.py:3677} INFO - Setting next_dagrun for example_subdag_operator.section-2 to None, run_after=None
[2024-09-24T05:08:03.208+0000] {processor.py:179} INFO - Processing /home/airflow/.local/lib/python3.8/site-packages/airflow/example_dags/example_subdag_operator.py took 0.125 seconds
[2024-09-24T05:08:33.539+0000] {processor.py:157} INFO - Started process (PID=416) to work on /home/airflow/.local/lib/python3.8/site-packages/airflow/example_dags/example_subdag_operator.py
[2024-09-24T05:08:33.540+0000] {processor.py:829} INFO - Processing file /home/airflow/.local/lib/python3.8/site-packages/airflow/example_dags/example_subdag_operator.py for tasks to queue
[2024-09-24T05:08:33.543+0000] {logging_mixin.py:151} INFO - [2024-09-24T05:08:33.542+0000] {dagbag.py:539} INFO - Filling up the DagBag from /home/airflow/.local/lib/python3.8/site-packages/airflow/example_dags/example_subdag_operator.py
[2024-09-24T05:08:33.574+0000] {processor.py:839} INFO - DAG(s) dict_keys(['example_subdag_operator.section-1', 'example_subdag_operator.section-2', 'example_subdag_operator']) retrieved from /home/airflow/.local/lib/python3.8/site-packages/airflow/example_dags/example_subdag_operator.py
[2024-09-24T05:08:33.591+0000] {logging_mixin.py:151} INFO - [2024-09-24T05:08:33.590+0000] {dag.py:2907} INFO - Sync 3 DAGs
[2024-09-24T05:08:33.615+0000] {logging_mixin.py:151} INFO - [2024-09-24T05:08:33.614+0000] {dag.py:3677} INFO - Setting next_dagrun for example_subdag_operator to 2022-01-01T00:00:00+00:00, run_after=2022-01-01T00:00:00+00:00
[2024-09-24T05:08:33.620+0000] {logging_mixin.py:151} INFO - [2024-09-24T05:08:33.620+0000] {dag.py:3677} INFO - Setting next_dagrun for example_subdag_operator.section-1 to None, run_after=None
[2024-09-24T05:08:33.624+0000] {logging_mixin.py:151} INFO - [2024-09-24T05:08:33.624+0000] {dag.py:3677} INFO - Setting next_dagrun for example_subdag_operator.section-2 to None, run_after=None
[2024-09-24T05:08:33.632+0000] {logging_mixin.py:151} INFO - [2024-09-24T05:08:33.632+0000] {dag.py:2907} INFO - Sync 2 DAGs
[2024-09-24T05:08:33.640+0000] {logging_mixin.py:151} INFO - [2024-09-24T05:08:33.640+0000] {dag.py:3677} INFO - Setting next_dagrun for example_subdag_operator.section-1 to None, run_after=None
[2024-09-24T05:08:33.641+0000] {logging_mixin.py:151} INFO - [2024-09-24T05:08:33.641+0000] {dag.py:3677} INFO - Setting next_dagrun for example_subdag_operator.section-2 to None, run_after=None
[2024-09-24T05:08:33.660+0000] {processor.py:179} INFO - Processing /home/airflow/.local/lib/python3.8/site-packages/airflow/example_dags/example_subdag_operator.py took 0.125 seconds
[2024-09-24T05:09:04.130+0000] {processor.py:157} INFO - Started process (PID=472) to work on /home/airflow/.local/lib/python3.8/site-packages/airflow/example_dags/example_subdag_operator.py
[2024-09-24T05:09:04.132+0000] {processor.py:829} INFO - Processing file /home/airflow/.local/lib/python3.8/site-packages/airflow/example_dags/example_subdag_operator.py for tasks to queue
[2024-09-24T05:09:04.136+0000] {logging_mixin.py:151} INFO - [2024-09-24T05:09:04.135+0000] {dagbag.py:539} INFO - Filling up the DagBag from /home/airflow/.local/lib/python3.8/site-packages/airflow/example_dags/example_subdag_operator.py
[2024-09-24T05:09:04.167+0000] {processor.py:839} INFO - DAG(s) dict_keys(['example_subdag_operator.section-1', 'example_subdag_operator.section-2', 'example_subdag_operator']) retrieved from /home/airflow/.local/lib/python3.8/site-packages/airflow/example_dags/example_subdag_operator.py
[2024-09-24T05:09:04.184+0000] {logging_mixin.py:151} INFO - [2024-09-24T05:09:04.184+0000] {dag.py:2907} INFO - Sync 3 DAGs
[2024-09-24T05:09:04.209+0000] {logging_mixin.py:151} INFO - [2024-09-24T05:09:04.209+0000] {dag.py:3677} INFO - Setting next_dagrun for example_subdag_operator to 2022-01-01T00:00:00+00:00, run_after=2022-01-01T00:00:00+00:00
[2024-09-24T05:09:04.213+0000] {logging_mixin.py:151} INFO - [2024-09-24T05:09:04.213+0000] {dag.py:3677} INFO - Setting next_dagrun for example_subdag_operator.section-1 to None, run_after=None
[2024-09-24T05:09:04.216+0000] {logging_mixin.py:151} INFO - [2024-09-24T05:09:04.216+0000] {dag.py:3677} INFO - Setting next_dagrun for example_subdag_operator.section-2 to None, run_after=None
[2024-09-24T05:09:04.225+0000] {logging_mixin.py:151} INFO - [2024-09-24T05:09:04.225+0000] {dag.py:2907} INFO - Sync 2 DAGs
[2024-09-24T05:09:04.234+0000] {logging_mixin.py:151} INFO - [2024-09-24T05:09:04.233+0000] {dag.py:3677} INFO - Setting next_dagrun for example_subdag_operator.section-1 to None, run_after=None
[2024-09-24T05:09:04.234+0000] {logging_mixin.py:151} INFO - [2024-09-24T05:09:04.234+0000] {dag.py:3677} INFO - Setting next_dagrun for example_subdag_operator.section-2 to None, run_after=None
[2024-09-24T05:09:04.257+0000] {processor.py:179} INFO - Processing /home/airflow/.local/lib/python3.8/site-packages/airflow/example_dags/example_subdag_operator.py took 0.129 seconds
[2024-09-24T05:09:35.056+0000] {processor.py:157} INFO - Started process (PID=528) to work on /home/airflow/.local/lib/python3.8/site-packages/airflow/example_dags/example_subdag_operator.py
[2024-09-24T05:09:35.059+0000] {processor.py:829} INFO - Processing file /home/airflow/.local/lib/python3.8/site-packages/airflow/example_dags/example_subdag_operator.py for tasks to queue
[2024-09-24T05:09:35.063+0000] {logging_mixin.py:151} INFO - [2024-09-24T05:09:35.062+0000] {dagbag.py:539} INFO - Filling up the DagBag from /home/airflow/.local/lib/python3.8/site-packages/airflow/example_dags/example_subdag_operator.py
[2024-09-24T05:09:35.101+0000] {processor.py:839} INFO - DAG(s) dict_keys(['example_subdag_operator.section-1', 'example_subdag_operator.section-2', 'example_subdag_operator']) retrieved from /home/airflow/.local/lib/python3.8/site-packages/airflow/example_dags/example_subdag_operator.py
[2024-09-24T05:09:35.120+0000] {logging_mixin.py:151} INFO - [2024-09-24T05:09:35.119+0000] {dag.py:2907} INFO - Sync 3 DAGs
[2024-09-24T05:09:35.144+0000] {logging_mixin.py:151} INFO - [2024-09-24T05:09:35.144+0000] {dag.py:3677} INFO - Setting next_dagrun for example_subdag_operator to 2022-01-01T00:00:00+00:00, run_after=2022-01-01T00:00:00+00:00
[2024-09-24T05:09:35.151+0000] {logging_mixin.py:151} INFO - [2024-09-24T05:09:35.151+0000] {dag.py:3677} INFO - Setting next_dagrun for example_subdag_operator.section-1 to None, run_after=None
[2024-09-24T05:09:35.154+0000] {logging_mixin.py:151} INFO - [2024-09-24T05:09:35.153+0000] {dag.py:3677} INFO - Setting next_dagrun for example_subdag_operator.section-2 to None, run_after=None
[2024-09-24T05:09:35.164+0000] {logging_mixin.py:151} INFO - [2024-09-24T05:09:35.163+0000] {dag.py:2907} INFO - Sync 2 DAGs
[2024-09-24T05:09:35.173+0000] {logging_mixin.py:151} INFO - [2024-09-24T05:09:35.172+0000] {dag.py:3677} INFO - Setting next_dagrun for example_subdag_operator.section-1 to None, run_after=None
[2024-09-24T05:09:35.174+0000] {logging_mixin.py:151} INFO - [2024-09-24T05:09:35.174+0000] {dag.py:3677} INFO - Setting next_dagrun for example_subdag_operator.section-2 to None, run_after=None
[2024-09-24T05:09:35.203+0000] {processor.py:179} INFO - Processing /home/airflow/.local/lib/python3.8/site-packages/airflow/example_dags/example_subdag_operator.py took 0.153 seconds
[2024-09-24T05:10:05.532+0000] {processor.py:157} INFO - Started process (PID=584) to work on /home/airflow/.local/lib/python3.8/site-packages/airflow/example_dags/example_subdag_operator.py
[2024-09-24T05:10:05.534+0000] {processor.py:829} INFO - Processing file /home/airflow/.local/lib/python3.8/site-packages/airflow/example_dags/example_subdag_operator.py for tasks to queue
[2024-09-24T05:10:05.538+0000] {logging_mixin.py:151} INFO - [2024-09-24T05:10:05.537+0000] {dagbag.py:539} INFO - Filling up the DagBag from /home/airflow/.local/lib/python3.8/site-packages/airflow/example_dags/example_subdag_operator.py
[2024-09-24T05:10:05.582+0000] {processor.py:839} INFO - DAG(s) dict_keys(['example_subdag_operator.section-1', 'example_subdag_operator.section-2', 'example_subdag_operator']) retrieved from /home/airflow/.local/lib/python3.8/site-packages/airflow/example_dags/example_subdag_operator.py
[2024-09-24T05:10:05.603+0000] {logging_mixin.py:151} INFO - [2024-09-24T05:10:05.603+0000] {dag.py:2907} INFO - Sync 3 DAGs
[2024-09-24T05:10:05.639+0000] {logging_mixin.py:151} INFO - [2024-09-24T05:10:05.639+0000] {dag.py:3677} INFO - Setting next_dagrun for example_subdag_operator to 2022-01-01T00:00:00+00:00, run_after=2022-01-01T00:00:00+00:00
[2024-09-24T05:10:05.645+0000] {logging_mixin.py:151} INFO - [2024-09-24T05:10:05.644+0000] {dag.py:3677} INFO - Setting next_dagrun for example_subdag_operator.section-1 to None, run_after=None
[2024-09-24T05:10:05.647+0000] {logging_mixin.py:151} INFO - [2024-09-24T05:10:05.647+0000] {dag.py:3677} INFO - Setting next_dagrun for example_subdag_operator.section-2 to None, run_after=None
[2024-09-24T05:10:05.659+0000] {logging_mixin.py:151} INFO - [2024-09-24T05:10:05.658+0000] {dag.py:2907} INFO - Sync 2 DAGs
[2024-09-24T05:10:05.666+0000] {logging_mixin.py:151} INFO - [2024-09-24T05:10:05.666+0000] {dag.py:3677} INFO - Setting next_dagrun for example_subdag_operator.section-1 to None, run_after=None
[2024-09-24T05:10:05.667+0000] {logging_mixin.py:151} INFO - [2024-09-24T05:10:05.667+0000] {dag.py:3677} INFO - Setting next_dagrun for example_subdag_operator.section-2 to None, run_after=None
[2024-09-24T05:10:05.695+0000] {processor.py:179} INFO - Processing /home/airflow/.local/lib/python3.8/site-packages/airflow/example_dags/example_subdag_operator.py took 0.170 seconds
[2024-09-24T05:10:36.399+0000] {processor.py:157} INFO - Started process (PID=640) to work on /home/airflow/.local/lib/python3.8/site-packages/airflow/example_dags/example_subdag_operator.py
[2024-09-24T05:10:36.401+0000] {processor.py:829} INFO - Processing file /home/airflow/.local/lib/python3.8/site-packages/airflow/example_dags/example_subdag_operator.py for tasks to queue
[2024-09-24T05:10:36.404+0000] {logging_mixin.py:151} INFO - [2024-09-24T05:10:36.403+0000] {dagbag.py:539} INFO - Filling up the DagBag from /home/airflow/.local/lib/python3.8/site-packages/airflow/example_dags/example_subdag_operator.py
[2024-09-24T05:10:36.436+0000] {processor.py:839} INFO - DAG(s) dict_keys(['example_subdag_operator.section-1', 'example_subdag_operator.section-2', 'example_subdag_operator']) retrieved from /home/airflow/.local/lib/python3.8/site-packages/airflow/example_dags/example_subdag_operator.py
[2024-09-24T05:10:36.454+0000] {logging_mixin.py:151} INFO - [2024-09-24T05:10:36.454+0000] {dag.py:2907} INFO - Sync 3 DAGs
[2024-09-24T05:10:36.483+0000] {logging_mixin.py:151} INFO - [2024-09-24T05:10:36.483+0000] {dag.py:3677} INFO - Setting next_dagrun for example_subdag_operator to 2022-01-01T00:00:00+00:00, run_after=2022-01-01T00:00:00+00:00
[2024-09-24T05:10:36.488+0000] {logging_mixin.py:151} INFO - [2024-09-24T05:10:36.488+0000] {dag.py:3677} INFO - Setting next_dagrun for example_subdag_operator.section-1 to None, run_after=None
[2024-09-24T05:10:36.491+0000] {logging_mixin.py:151} INFO - [2024-09-24T05:10:36.491+0000] {dag.py:3677} INFO - Setting next_dagrun for example_subdag_operator.section-2 to None, run_after=None
[2024-09-24T05:10:36.502+0000] {logging_mixin.py:151} INFO - [2024-09-24T05:10:36.501+0000] {dag.py:2907} INFO - Sync 2 DAGs
[2024-09-24T05:10:36.510+0000] {logging_mixin.py:151} INFO - [2024-09-24T05:10:36.510+0000] {dag.py:3677} INFO - Setting next_dagrun for example_subdag_operator.section-1 to None, run_after=None
[2024-09-24T05:10:36.511+0000] {logging_mixin.py:151} INFO - [2024-09-24T05:10:36.511+0000] {dag.py:3677} INFO - Setting next_dagrun for example_subdag_operator.section-2 to None, run_after=None
[2024-09-24T05:10:36.532+0000] {processor.py:179} INFO - Processing /home/airflow/.local/lib/python3.8/site-packages/airflow/example_dags/example_subdag_operator.py took 0.136 seconds
[2024-09-24T05:11:07.395+0000] {processor.py:157} INFO - Started process (PID=696) to work on /home/airflow/.local/lib/python3.8/site-packages/airflow/example_dags/example_subdag_operator.py
[2024-09-24T05:11:07.419+0000] {processor.py:829} INFO - Processing file /home/airflow/.local/lib/python3.8/site-packages/airflow/example_dags/example_subdag_operator.py for tasks to queue
[2024-09-24T05:11:07.422+0000] {logging_mixin.py:151} INFO - [2024-09-24T05:11:07.422+0000] {dagbag.py:539} INFO - Filling up the DagBag from /home/airflow/.local/lib/python3.8/site-packages/airflow/example_dags/example_subdag_operator.py
[2024-09-24T05:11:07.455+0000] {processor.py:839} INFO - DAG(s) dict_keys(['example_subdag_operator.section-1', 'example_subdag_operator.section-2', 'example_subdag_operator']) retrieved from /home/airflow/.local/lib/python3.8/site-packages/airflow/example_dags/example_subdag_operator.py
[2024-09-24T05:11:07.471+0000] {logging_mixin.py:151} INFO - [2024-09-24T05:11:07.471+0000] {dag.py:2907} INFO - Sync 3 DAGs
[2024-09-24T05:11:07.494+0000] {logging_mixin.py:151} INFO - [2024-09-24T05:11:07.494+0000] {dag.py:3677} INFO - Setting next_dagrun for example_subdag_operator to 2022-01-01T00:00:00+00:00, run_after=2022-01-01T00:00:00+00:00
[2024-09-24T05:11:07.499+0000] {logging_mixin.py:151} INFO - [2024-09-24T05:11:07.499+0000] {dag.py:3677} INFO - Setting next_dagrun for example_subdag_operator.section-1 to None, run_after=None
[2024-09-24T05:11:07.501+0000] {logging_mixin.py:151} INFO - [2024-09-24T05:11:07.501+0000] {dag.py:3677} INFO - Setting next_dagrun for example_subdag_operator.section-2 to None, run_after=None
[2024-09-24T05:11:07.510+0000] {logging_mixin.py:151} INFO - [2024-09-24T05:11:07.510+0000] {dag.py:2907} INFO - Sync 2 DAGs
[2024-09-24T05:11:07.517+0000] {logging_mixin.py:151} INFO - [2024-09-24T05:11:07.517+0000] {dag.py:3677} INFO - Setting next_dagrun for example_subdag_operator.section-1 to None, run_after=None
[2024-09-24T05:11:07.519+0000] {logging_mixin.py:151} INFO - [2024-09-24T05:11:07.518+0000] {dag.py:3677} INFO - Setting next_dagrun for example_subdag_operator.section-2 to None, run_after=None
[2024-09-24T05:11:07.632+0000] {processor.py:179} INFO - Processing /home/airflow/.local/lib/python3.8/site-packages/airflow/example_dags/example_subdag_operator.py took 0.241 seconds
[2024-09-24T05:11:38.126+0000] {processor.py:157} INFO - Started process (PID=752) to work on /home/airflow/.local/lib/python3.8/site-packages/airflow/example_dags/example_subdag_operator.py
[2024-09-24T05:11:38.127+0000] {processor.py:829} INFO - Processing file /home/airflow/.local/lib/python3.8/site-packages/airflow/example_dags/example_subdag_operator.py for tasks to queue
[2024-09-24T05:11:38.130+0000] {logging_mixin.py:151} INFO - [2024-09-24T05:11:38.129+0000] {dagbag.py:539} INFO - Filling up the DagBag from /home/airflow/.local/lib/python3.8/site-packages/airflow/example_dags/example_subdag_operator.py
[2024-09-24T05:11:38.161+0000] {processor.py:839} INFO - DAG(s) dict_keys(['example_subdag_operator.section-1', 'example_subdag_operator.section-2', 'example_subdag_operator']) retrieved from /home/airflow/.local/lib/python3.8/site-packages/airflow/example_dags/example_subdag_operator.py
[2024-09-24T05:11:38.179+0000] {logging_mixin.py:151} INFO - [2024-09-24T05:11:38.179+0000] {dag.py:2907} INFO - Sync 3 DAGs
[2024-09-24T05:11:38.201+0000] {logging_mixin.py:151} INFO - [2024-09-24T05:11:38.201+0000] {dag.py:3677} INFO - Setting next_dagrun for example_subdag_operator to 2022-01-01T00:00:00+00:00, run_after=2022-01-01T00:00:00+00:00
[2024-09-24T05:11:38.206+0000] {logging_mixin.py:151} INFO - [2024-09-24T05:11:38.206+0000] {dag.py:3677} INFO - Setting next_dagrun for example_subdag_operator.section-1 to None, run_after=None
[2024-09-24T05:11:38.208+0000] {logging_mixin.py:151} INFO - [2024-09-24T05:11:38.208+0000] {dag.py:3677} INFO - Setting next_dagrun for example_subdag_operator.section-2 to None, run_after=None
[2024-09-24T05:11:38.218+0000] {logging_mixin.py:151} INFO - [2024-09-24T05:11:38.217+0000] {dag.py:2907} INFO - Sync 2 DAGs
[2024-09-24T05:11:38.226+0000] {logging_mixin.py:151} INFO - [2024-09-24T05:11:38.226+0000] {dag.py:3677} INFO - Setting next_dagrun for example_subdag_operator.section-1 to None, run_after=None
[2024-09-24T05:11:38.227+0000] {logging_mixin.py:151} INFO - [2024-09-24T05:11:38.227+0000] {dag.py:3677} INFO - Setting next_dagrun for example_subdag_operator.section-2 to None, run_after=None
[2024-09-24T05:11:38.258+0000] {processor.py:179} INFO - Processing /home/airflow/.local/lib/python3.8/site-packages/airflow/example_dags/example_subdag_operator.py took 0.136 seconds
[2024-09-24T05:12:08.824+0000] {processor.py:157} INFO - Started process (PID=808) to work on /home/airflow/.local/lib/python3.8/site-packages/airflow/example_dags/example_subdag_operator.py
[2024-09-24T05:12:08.825+0000] {processor.py:829} INFO - Processing file /home/airflow/.local/lib/python3.8/site-packages/airflow/example_dags/example_subdag_operator.py for tasks to queue
[2024-09-24T05:12:08.828+0000] {logging_mixin.py:151} INFO - [2024-09-24T05:12:08.827+0000] {dagbag.py:539} INFO - Filling up the DagBag from /home/airflow/.local/lib/python3.8/site-packages/airflow/example_dags/example_subdag_operator.py
[2024-09-24T05:12:08.856+0000] {processor.py:839} INFO - DAG(s) dict_keys(['example_subdag_operator.section-1', 'example_subdag_operator.section-2', 'example_subdag_operator']) retrieved from /home/airflow/.local/lib/python3.8/site-packages/airflow/example_dags/example_subdag_operator.py
[2024-09-24T05:12:08.873+0000] {logging_mixin.py:151} INFO - [2024-09-24T05:12:08.873+0000] {dag.py:2907} INFO - Sync 3 DAGs
[2024-09-24T05:12:08.908+0000] {logging_mixin.py:151} INFO - [2024-09-24T05:12:08.906+0000] {dag.py:3677} INFO - Setting next_dagrun for example_subdag_operator to 2022-01-01T00:00:00+00:00, run_after=2022-01-01T00:00:00+00:00
[2024-09-24T05:12:08.919+0000] {logging_mixin.py:151} INFO - [2024-09-24T05:12:08.919+0000] {dag.py:3677} INFO - Setting next_dagrun for example_subdag_operator.section-1 to None, run_after=None
[2024-09-24T05:12:08.923+0000] {logging_mixin.py:151} INFO - [2024-09-24T05:12:08.922+0000] {dag.py:3677} INFO - Setting next_dagrun for example_subdag_operator.section-2 to None, run_after=None
[2024-09-24T05:12:08.938+0000] {logging_mixin.py:151} INFO - [2024-09-24T05:12:08.937+0000] {dag.py:2907} INFO - Sync 2 DAGs
[2024-09-24T05:12:08.947+0000] {logging_mixin.py:151} INFO - [2024-09-24T05:12:08.947+0000] {dag.py:3677} INFO - Setting next_dagrun for example_subdag_operator.section-1 to None, run_after=None
[2024-09-24T05:12:08.948+0000] {logging_mixin.py:151} INFO - [2024-09-24T05:12:08.948+0000] {dag.py:3677} INFO - Setting next_dagrun for example_subdag_operator.section-2 to None, run_after=None
[2024-09-24T05:12:08.978+0000] {processor.py:179} INFO - Processing /home/airflow/.local/lib/python3.8/site-packages/airflow/example_dags/example_subdag_operator.py took 0.157 seconds
[2024-09-24T05:12:39.032+0000] {processor.py:157} INFO - Started process (PID=868) to work on /home/airflow/.local/lib/python3.8/site-packages/airflow/example_dags/example_subdag_operator.py
[2024-09-24T05:12:39.034+0000] {processor.py:829} INFO - Processing file /home/airflow/.local/lib/python3.8/site-packages/airflow/example_dags/example_subdag_operator.py for tasks to queue
[2024-09-24T05:12:39.037+0000] {logging_mixin.py:151} INFO - [2024-09-24T05:12:39.036+0000] {dagbag.py:539} INFO - Filling up the DagBag from /home/airflow/.local/lib/python3.8/site-packages/airflow/example_dags/example_subdag_operator.py
[2024-09-24T05:12:39.068+0000] {processor.py:839} INFO - DAG(s) dict_keys(['example_subdag_operator.section-1', 'example_subdag_operator.section-2', 'example_subdag_operator']) retrieved from /home/airflow/.local/lib/python3.8/site-packages/airflow/example_dags/example_subdag_operator.py
[2024-09-24T05:12:39.086+0000] {logging_mixin.py:151} INFO - [2024-09-24T05:12:39.085+0000] {dag.py:2907} INFO - Sync 3 DAGs
[2024-09-24T05:12:39.110+0000] {logging_mixin.py:151} INFO - [2024-09-24T05:12:39.110+0000] {dag.py:3677} INFO - Setting next_dagrun for example_subdag_operator to 2022-01-01T00:00:00+00:00, run_after=2022-01-01T00:00:00+00:00
[2024-09-24T05:12:39.115+0000] {logging_mixin.py:151} INFO - [2024-09-24T05:12:39.115+0000] {dag.py:3677} INFO - Setting next_dagrun for example_subdag_operator.section-1 to None, run_after=None
[2024-09-24T05:12:39.117+0000] {logging_mixin.py:151} INFO - [2024-09-24T05:12:39.117+0000] {dag.py:3677} INFO - Setting next_dagrun for example_subdag_operator.section-2 to None, run_after=None
[2024-09-24T05:12:39.126+0000] {logging_mixin.py:151} INFO - [2024-09-24T05:12:39.126+0000] {dag.py:2907} INFO - Sync 2 DAGs
[2024-09-24T05:12:39.133+0000] {logging_mixin.py:151} INFO - [2024-09-24T05:12:39.132+0000] {dag.py:3677} INFO - Setting next_dagrun for example_subdag_operator.section-1 to None, run_after=None
[2024-09-24T05:12:39.133+0000] {logging_mixin.py:151} INFO - [2024-09-24T05:12:39.133+0000] {dag.py:3677} INFO - Setting next_dagrun for example_subdag_operator.section-2 to None, run_after=None
[2024-09-24T05:12:39.150+0000] {processor.py:179} INFO - Processing /home/airflow/.local/lib/python3.8/site-packages/airflow/example_dags/example_subdag_operator.py took 0.121 seconds
[2024-09-24T05:13:09.247+0000] {processor.py:157} INFO - Started process (PID=925) to work on /home/airflow/.local/lib/python3.8/site-packages/airflow/example_dags/example_subdag_operator.py
[2024-09-24T05:13:09.249+0000] {processor.py:829} INFO - Processing file /home/airflow/.local/lib/python3.8/site-packages/airflow/example_dags/example_subdag_operator.py for tasks to queue
[2024-09-24T05:13:09.251+0000] {logging_mixin.py:151} INFO - [2024-09-24T05:13:09.251+0000] {dagbag.py:539} INFO - Filling up the DagBag from /home/airflow/.local/lib/python3.8/site-packages/airflow/example_dags/example_subdag_operator.py
[2024-09-24T05:13:09.289+0000] {processor.py:839} INFO - DAG(s) dict_keys(['example_subdag_operator.section-1', 'example_subdag_operator.section-2', 'example_subdag_operator']) retrieved from /home/airflow/.local/lib/python3.8/site-packages/airflow/example_dags/example_subdag_operator.py
[2024-09-24T05:13:09.307+0000] {logging_mixin.py:151} INFO - [2024-09-24T05:13:09.307+0000] {dag.py:2907} INFO - Sync 3 DAGs
[2024-09-24T05:13:09.337+0000] {logging_mixin.py:151} INFO - [2024-09-24T05:13:09.337+0000] {dag.py:3677} INFO - Setting next_dagrun for example_subdag_operator to 2022-01-01T00:00:00+00:00, run_after=2022-01-01T00:00:00+00:00
[2024-09-24T05:13:09.343+0000] {logging_mixin.py:151} INFO - [2024-09-24T05:13:09.342+0000] {dag.py:3677} INFO - Setting next_dagrun for example_subdag_operator.section-1 to None, run_after=None
[2024-09-24T05:13:09.346+0000] {logging_mixin.py:151} INFO - [2024-09-24T05:13:09.345+0000] {dag.py:3677} INFO - Setting next_dagrun for example_subdag_operator.section-2 to None, run_after=None
[2024-09-24T05:13:09.358+0000] {logging_mixin.py:151} INFO - [2024-09-24T05:13:09.358+0000] {dag.py:2907} INFO - Sync 2 DAGs
[2024-09-24T05:13:09.369+0000] {logging_mixin.py:151} INFO - [2024-09-24T05:13:09.369+0000] {dag.py:3677} INFO - Setting next_dagrun for example_subdag_operator.section-1 to None, run_after=None
[2024-09-24T05:13:09.371+0000] {logging_mixin.py:151} INFO - [2024-09-24T05:13:09.370+0000] {dag.py:3677} INFO - Setting next_dagrun for example_subdag_operator.section-2 to None, run_after=None
[2024-09-24T05:13:09.396+0000] {processor.py:179} INFO - Processing /home/airflow/.local/lib/python3.8/site-packages/airflow/example_dags/example_subdag_operator.py took 0.154 seconds
[2024-09-24T05:13:39.748+0000] {processor.py:157} INFO - Started process (PID=981) to work on /home/airflow/.local/lib/python3.8/site-packages/airflow/example_dags/example_subdag_operator.py
[2024-09-24T05:13:39.750+0000] {processor.py:829} INFO - Processing file /home/airflow/.local/lib/python3.8/site-packages/airflow/example_dags/example_subdag_operator.py for tasks to queue
[2024-09-24T05:13:39.755+0000] {logging_mixin.py:151} INFO - [2024-09-24T05:13:39.754+0000] {dagbag.py:539} INFO - Filling up the DagBag from /home/airflow/.local/lib/python3.8/site-packages/airflow/example_dags/example_subdag_operator.py
[2024-09-24T05:13:39.800+0000] {processor.py:839} INFO - DAG(s) dict_keys(['example_subdag_operator.section-1', 'example_subdag_operator.section-2', 'example_subdag_operator']) retrieved from /home/airflow/.local/lib/python3.8/site-packages/airflow/example_dags/example_subdag_operator.py
[2024-09-24T05:13:39.827+0000] {logging_mixin.py:151} INFO - [2024-09-24T05:13:39.826+0000] {dag.py:2907} INFO - Sync 3 DAGs
[2024-09-24T05:13:39.859+0000] {logging_mixin.py:151} INFO - [2024-09-24T05:13:39.858+0000] {dag.py:3677} INFO - Setting next_dagrun for example_subdag_operator to 2022-01-01T00:00:00+00:00, run_after=2022-01-01T00:00:00+00:00
[2024-09-24T05:13:39.864+0000] {logging_mixin.py:151} INFO - [2024-09-24T05:13:39.864+0000] {dag.py:3677} INFO - Setting next_dagrun for example_subdag_operator.section-1 to None, run_after=None
[2024-09-24T05:13:39.867+0000] {logging_mixin.py:151} INFO - [2024-09-24T05:13:39.867+0000] {dag.py:3677} INFO - Setting next_dagrun for example_subdag_operator.section-2 to None, run_after=None
[2024-09-24T05:13:39.878+0000] {logging_mixin.py:151} INFO - [2024-09-24T05:13:39.878+0000] {dag.py:2907} INFO - Sync 2 DAGs
[2024-09-24T05:13:39.885+0000] {logging_mixin.py:151} INFO - [2024-09-24T05:13:39.884+0000] {dag.py:3677} INFO - Setting next_dagrun for example_subdag_operator.section-1 to None, run_after=None
[2024-09-24T05:13:39.885+0000] {logging_mixin.py:151} INFO - [2024-09-24T05:13:39.885+0000] {dag.py:3677} INFO - Setting next_dagrun for example_subdag_operator.section-2 to None, run_after=None
[2024-09-24T05:13:39.902+0000] {processor.py:179} INFO - Processing /home/airflow/.local/lib/python3.8/site-packages/airflow/example_dags/example_subdag_operator.py took 0.158 seconds
[2024-09-24T05:14:10.221+0000] {processor.py:157} INFO - Started process (PID=1037) to work on /home/airflow/.local/lib/python3.8/site-packages/airflow/example_dags/example_subdag_operator.py
[2024-09-24T05:14:10.223+0000] {processor.py:829} INFO - Processing file /home/airflow/.local/lib/python3.8/site-packages/airflow/example_dags/example_subdag_operator.py for tasks to queue
[2024-09-24T05:14:10.226+0000] {logging_mixin.py:151} INFO - [2024-09-24T05:14:10.226+0000] {dagbag.py:539} INFO - Filling up the DagBag from /home/airflow/.local/lib/python3.8/site-packages/airflow/example_dags/example_subdag_operator.py
[2024-09-24T05:14:10.261+0000] {processor.py:839} INFO - DAG(s) dict_keys(['example_subdag_operator.section-1', 'example_subdag_operator.section-2', 'example_subdag_operator']) retrieved from /home/airflow/.local/lib/python3.8/site-packages/airflow/example_dags/example_subdag_operator.py
[2024-09-24T05:14:10.281+0000] {logging_mixin.py:151} INFO - [2024-09-24T05:14:10.280+0000] {dag.py:2907} INFO - Sync 3 DAGs
[2024-09-24T05:14:10.311+0000] {logging_mixin.py:151} INFO - [2024-09-24T05:14:10.310+0000] {dag.py:3677} INFO - Setting next_dagrun for example_subdag_operator to 2022-01-01T00:00:00+00:00, run_after=2022-01-01T00:00:00+00:00
[2024-09-24T05:14:10.315+0000] {logging_mixin.py:151} INFO - [2024-09-24T05:14:10.315+0000] {dag.py:3677} INFO - Setting next_dagrun for example_subdag_operator.section-1 to None, run_after=None
[2024-09-24T05:14:10.317+0000] {logging_mixin.py:151} INFO - [2024-09-24T05:14:10.317+0000] {dag.py:3677} INFO - Setting next_dagrun for example_subdag_operator.section-2 to None, run_after=None
[2024-09-24T05:14:10.325+0000] {logging_mixin.py:151} INFO - [2024-09-24T05:14:10.325+0000] {dag.py:2907} INFO - Sync 2 DAGs
[2024-09-24T05:14:10.333+0000] {logging_mixin.py:151} INFO - [2024-09-24T05:14:10.332+0000] {dag.py:3677} INFO - Setting next_dagrun for example_subdag_operator.section-1 to None, run_after=None
[2024-09-24T05:14:10.333+0000] {logging_mixin.py:151} INFO - [2024-09-24T05:14:10.333+0000] {dag.py:3677} INFO - Setting next_dagrun for example_subdag_operator.section-2 to None, run_after=None
[2024-09-24T05:14:10.366+0000] {processor.py:179} INFO - Processing /home/airflow/.local/lib/python3.8/site-packages/airflow/example_dags/example_subdag_operator.py took 0.148 seconds
[2024-09-24T05:14:40.721+0000] {processor.py:157} INFO - Started process (PID=1093) to work on /home/airflow/.local/lib/python3.8/site-packages/airflow/example_dags/example_subdag_operator.py
[2024-09-24T05:14:40.723+0000] {processor.py:829} INFO - Processing file /home/airflow/.local/lib/python3.8/site-packages/airflow/example_dags/example_subdag_operator.py for tasks to queue
[2024-09-24T05:14:40.725+0000] {logging_mixin.py:151} INFO - [2024-09-24T05:14:40.725+0000] {dagbag.py:539} INFO - Filling up the DagBag from /home/airflow/.local/lib/python3.8/site-packages/airflow/example_dags/example_subdag_operator.py
[2024-09-24T05:14:40.760+0000] {processor.py:839} INFO - DAG(s) dict_keys(['example_subdag_operator.section-1', 'example_subdag_operator.section-2', 'example_subdag_operator']) retrieved from /home/airflow/.local/lib/python3.8/site-packages/airflow/example_dags/example_subdag_operator.py
[2024-09-24T05:14:40.779+0000] {logging_mixin.py:151} INFO - [2024-09-24T05:14:40.778+0000] {dag.py:2907} INFO - Sync 3 DAGs
[2024-09-24T05:14:40.804+0000] {logging_mixin.py:151} INFO - [2024-09-24T05:14:40.804+0000] {dag.py:3677} INFO - Setting next_dagrun for example_subdag_operator to 2022-01-01T00:00:00+00:00, run_after=2022-01-01T00:00:00+00:00
[2024-09-24T05:14:40.809+0000] {logging_mixin.py:151} INFO - [2024-09-24T05:14:40.809+0000] {dag.py:3677} INFO - Setting next_dagrun for example_subdag_operator.section-1 to None, run_after=None
[2024-09-24T05:14:40.812+0000] {logging_mixin.py:151} INFO - [2024-09-24T05:14:40.812+0000] {dag.py:3677} INFO - Setting next_dagrun for example_subdag_operator.section-2 to None, run_after=None
[2024-09-24T05:14:40.823+0000] {logging_mixin.py:151} INFO - [2024-09-24T05:14:40.823+0000] {dag.py:2907} INFO - Sync 2 DAGs
[2024-09-24T05:14:40.832+0000] {logging_mixin.py:151} INFO - [2024-09-24T05:14:40.832+0000] {dag.py:3677} INFO - Setting next_dagrun for example_subdag_operator.section-1 to None, run_after=None
[2024-09-24T05:14:40.833+0000] {logging_mixin.py:151} INFO - [2024-09-24T05:14:40.833+0000] {dag.py:3677} INFO - Setting next_dagrun for example_subdag_operator.section-2 to None, run_after=None
[2024-09-24T05:14:40.849+0000] {processor.py:179} INFO - Processing /home/airflow/.local/lib/python3.8/site-packages/airflow/example_dags/example_subdag_operator.py took 0.132 seconds
[2024-09-24T05:15:11.322+0000] {processor.py:157} INFO - Started process (PID=1149) to work on /home/airflow/.local/lib/python3.8/site-packages/airflow/example_dags/example_subdag_operator.py
[2024-09-24T05:15:11.323+0000] {processor.py:829} INFO - Processing file /home/airflow/.local/lib/python3.8/site-packages/airflow/example_dags/example_subdag_operator.py for tasks to queue
[2024-09-24T05:15:11.328+0000] {logging_mixin.py:151} INFO - [2024-09-24T05:15:11.327+0000] {dagbag.py:539} INFO - Filling up the DagBag from /home/airflow/.local/lib/python3.8/site-packages/airflow/example_dags/example_subdag_operator.py
[2024-09-24T05:15:11.366+0000] {processor.py:839} INFO - DAG(s) dict_keys(['example_subdag_operator.section-1', 'example_subdag_operator.section-2', 'example_subdag_operator']) retrieved from /home/airflow/.local/lib/python3.8/site-packages/airflow/example_dags/example_subdag_operator.py
[2024-09-24T05:15:11.383+0000] {logging_mixin.py:151} INFO - [2024-09-24T05:15:11.383+0000] {dag.py:2907} INFO - Sync 3 DAGs
[2024-09-24T05:15:11.413+0000] {logging_mixin.py:151} INFO - [2024-09-24T05:15:11.413+0000] {dag.py:3677} INFO - Setting next_dagrun for example_subdag_operator to 2022-01-01T00:00:00+00:00, run_after=2022-01-01T00:00:00+00:00
[2024-09-24T05:15:11.418+0000] {logging_mixin.py:151} INFO - [2024-09-24T05:15:11.418+0000] {dag.py:3677} INFO - Setting next_dagrun for example_subdag_operator.section-1 to None, run_after=None
[2024-09-24T05:15:11.421+0000] {logging_mixin.py:151} INFO - [2024-09-24T05:15:11.420+0000] {dag.py:3677} INFO - Setting next_dagrun for example_subdag_operator.section-2 to None, run_after=None
[2024-09-24T05:15:11.432+0000] {logging_mixin.py:151} INFO - [2024-09-24T05:15:11.431+0000] {dag.py:2907} INFO - Sync 2 DAGs
[2024-09-24T05:15:11.443+0000] {logging_mixin.py:151} INFO - [2024-09-24T05:15:11.442+0000] {dag.py:3677} INFO - Setting next_dagrun for example_subdag_operator.section-1 to None, run_after=None
[2024-09-24T05:15:11.444+0000] {logging_mixin.py:151} INFO - [2024-09-24T05:15:11.444+0000] {dag.py:3677} INFO - Setting next_dagrun for example_subdag_operator.section-2 to None, run_after=None
[2024-09-24T05:15:11.467+0000] {processor.py:179} INFO - Processing /home/airflow/.local/lib/python3.8/site-packages/airflow/example_dags/example_subdag_operator.py took 0.149 seconds
