[2024-09-24T04:10:23.151+0000] {processor.py:157} INFO - Started process (PID=60) to work on /home/airflow/.local/lib/python3.8/site-packages/airflow/example_dags/example_branch_day_of_week_operator.py
[2024-09-24T04:10:23.153+0000] {processor.py:829} INFO - Processing file /home/airflow/.local/lib/python3.8/site-packages/airflow/example_dags/example_branch_day_of_week_operator.py for tasks to queue
[2024-09-24T04:10:23.174+0000] {logging_mixin.py:151} INFO - [2024-09-24T04:10:23.173+0000] {dagbag.py:539} INFO - Filling up the DagBag from /home/airflow/.local/lib/python3.8/site-packages/airflow/example_dags/example_branch_day_of_week_operator.py
[2024-09-24T04:10:23.200+0000] {processor.py:839} INFO - DAG(s) dict_keys(['example_weekday_branch_operator']) retrieved from /home/airflow/.local/lib/python3.8/site-packages/airflow/example_dags/example_branch_day_of_week_operator.py
[2024-09-24T04:10:23.258+0000] {logging_mixin.py:151} INFO - [2024-09-24T04:10:23.257+0000] {dag.py:2907} INFO - Sync 1 DAGs
[2024-09-24T04:10:23.305+0000] {logging_mixin.py:151} INFO - [2024-09-24T04:10:23.305+0000] {dag.py:3677} INFO - Setting next_dagrun for example_weekday_branch_operator to 2024-09-23T00:00:00+00:00, run_after=2024-09-24T00:00:00+00:00
[2024-09-24T04:10:23.358+0000] {processor.py:179} INFO - Processing /home/airflow/.local/lib/python3.8/site-packages/airflow/example_dags/example_branch_day_of_week_operator.py took 0.217 seconds
[2024-09-24T05:05:41.251+0000] {processor.py:157} INFO - Started process (PID=90) to work on /home/airflow/.local/lib/python3.8/site-packages/airflow/example_dags/example_branch_day_of_week_operator.py
[2024-09-24T05:05:41.259+0000] {processor.py:829} INFO - Processing file /home/airflow/.local/lib/python3.8/site-packages/airflow/example_dags/example_branch_day_of_week_operator.py for tasks to queue
[2024-09-24T05:05:41.270+0000] {logging_mixin.py:151} INFO - [2024-09-24T05:05:41.269+0000] {dagbag.py:539} INFO - Filling up the DagBag from /home/airflow/.local/lib/python3.8/site-packages/airflow/example_dags/example_branch_day_of_week_operator.py
[2024-09-24T05:05:41.322+0000] {processor.py:839} INFO - DAG(s) dict_keys(['example_weekday_branch_operator']) retrieved from /home/airflow/.local/lib/python3.8/site-packages/airflow/example_dags/example_branch_day_of_week_operator.py
[2024-09-24T05:05:43.223+0000] {logging_mixin.py:151} INFO - [2024-09-24T05:05:43.222+0000] {dag.py:2907} INFO - Sync 1 DAGs
[2024-09-24T05:05:43.321+0000] {logging_mixin.py:151} INFO - [2024-09-24T05:05:43.321+0000] {dag.py:3677} INFO - Setting next_dagrun for example_weekday_branch_operator to 2024-09-23T00:00:00+00:00, run_after=2024-09-24T00:00:00+00:00
[2024-09-24T05:05:43.385+0000] {processor.py:179} INFO - Processing /home/airflow/.local/lib/python3.8/site-packages/airflow/example_dags/example_branch_day_of_week_operator.py took 2.145 seconds
[2024-09-24T05:06:13.826+0000] {processor.py:157} INFO - Started process (PID=146) to work on /home/airflow/.local/lib/python3.8/site-packages/airflow/example_dags/example_branch_day_of_week_operator.py
[2024-09-24T05:06:13.828+0000] {processor.py:829} INFO - Processing file /home/airflow/.local/lib/python3.8/site-packages/airflow/example_dags/example_branch_day_of_week_operator.py for tasks to queue
[2024-09-24T05:06:13.832+0000] {logging_mixin.py:151} INFO - [2024-09-24T05:06:13.831+0000] {dagbag.py:539} INFO - Filling up the DagBag from /home/airflow/.local/lib/python3.8/site-packages/airflow/example_dags/example_branch_day_of_week_operator.py
[2024-09-24T05:06:13.840+0000] {processor.py:839} INFO - DAG(s) dict_keys(['example_weekday_branch_operator']) retrieved from /home/airflow/.local/lib/python3.8/site-packages/airflow/example_dags/example_branch_day_of_week_operator.py
[2024-09-24T05:06:13.867+0000] {logging_mixin.py:151} INFO - [2024-09-24T05:06:13.867+0000] {dag.py:2907} INFO - Sync 1 DAGs
[2024-09-24T05:06:13.895+0000] {logging_mixin.py:151} INFO - [2024-09-24T05:06:13.895+0000] {dag.py:3677} INFO - Setting next_dagrun for example_weekday_branch_operator to 2024-09-23T00:00:00+00:00, run_after=2024-09-24T00:00:00+00:00
[2024-09-24T05:06:13.925+0000] {processor.py:179} INFO - Processing /home/airflow/.local/lib/python3.8/site-packages/airflow/example_dags/example_branch_day_of_week_operator.py took 0.102 seconds
[2024-09-24T05:06:44.242+0000] {processor.py:157} INFO - Started process (PID=202) to work on /home/airflow/.local/lib/python3.8/site-packages/airflow/example_dags/example_branch_day_of_week_operator.py
[2024-09-24T05:06:44.244+0000] {processor.py:829} INFO - Processing file /home/airflow/.local/lib/python3.8/site-packages/airflow/example_dags/example_branch_day_of_week_operator.py for tasks to queue
[2024-09-24T05:06:44.248+0000] {logging_mixin.py:151} INFO - [2024-09-24T05:06:44.247+0000] {dagbag.py:539} INFO - Filling up the DagBag from /home/airflow/.local/lib/python3.8/site-packages/airflow/example_dags/example_branch_day_of_week_operator.py
[2024-09-24T05:06:44.256+0000] {processor.py:839} INFO - DAG(s) dict_keys(['example_weekday_branch_operator']) retrieved from /home/airflow/.local/lib/python3.8/site-packages/airflow/example_dags/example_branch_day_of_week_operator.py
[2024-09-24T05:06:44.283+0000] {logging_mixin.py:151} INFO - [2024-09-24T05:06:44.283+0000] {dag.py:2907} INFO - Sync 1 DAGs
[2024-09-24T05:06:44.310+0000] {logging_mixin.py:151} INFO - [2024-09-24T05:06:44.309+0000] {dag.py:3677} INFO - Setting next_dagrun for example_weekday_branch_operator to 2024-09-23T00:00:00+00:00, run_after=2024-09-24T00:00:00+00:00
[2024-09-24T05:06:44.340+0000] {processor.py:179} INFO - Processing /home/airflow/.local/lib/python3.8/site-packages/airflow/example_dags/example_branch_day_of_week_operator.py took 0.101 seconds
[2024-09-24T05:07:14.914+0000] {processor.py:157} INFO - Started process (PID=258) to work on /home/airflow/.local/lib/python3.8/site-packages/airflow/example_dags/example_branch_day_of_week_operator.py
[2024-09-24T05:07:14.916+0000] {processor.py:829} INFO - Processing file /home/airflow/.local/lib/python3.8/site-packages/airflow/example_dags/example_branch_day_of_week_operator.py for tasks to queue
[2024-09-24T05:07:14.920+0000] {logging_mixin.py:151} INFO - [2024-09-24T05:07:14.920+0000] {dagbag.py:539} INFO - Filling up the DagBag from /home/airflow/.local/lib/python3.8/site-packages/airflow/example_dags/example_branch_day_of_week_operator.py
[2024-09-24T05:07:14.928+0000] {processor.py:839} INFO - DAG(s) dict_keys(['example_weekday_branch_operator']) retrieved from /home/airflow/.local/lib/python3.8/site-packages/airflow/example_dags/example_branch_day_of_week_operator.py
[2024-09-24T05:07:14.953+0000] {logging_mixin.py:151} INFO - [2024-09-24T05:07:14.953+0000] {dag.py:2907} INFO - Sync 1 DAGs
[2024-09-24T05:07:14.980+0000] {logging_mixin.py:151} INFO - [2024-09-24T05:07:14.979+0000] {dag.py:3677} INFO - Setting next_dagrun for example_weekday_branch_operator to 2024-09-23T00:00:00+00:00, run_after=2024-09-24T00:00:00+00:00
[2024-09-24T05:07:15.009+0000] {processor.py:179} INFO - Processing /home/airflow/.local/lib/python3.8/site-packages/airflow/example_dags/example_branch_day_of_week_operator.py took 0.098 seconds
[2024-09-24T05:07:45.336+0000] {processor.py:157} INFO - Started process (PID=314) to work on /home/airflow/.local/lib/python3.8/site-packages/airflow/example_dags/example_branch_day_of_week_operator.py
[2024-09-24T05:07:45.338+0000] {processor.py:829} INFO - Processing file /home/airflow/.local/lib/python3.8/site-packages/airflow/example_dags/example_branch_day_of_week_operator.py for tasks to queue
[2024-09-24T05:07:45.342+0000] {logging_mixin.py:151} INFO - [2024-09-24T05:07:45.341+0000] {dagbag.py:539} INFO - Filling up the DagBag from /home/airflow/.local/lib/python3.8/site-packages/airflow/example_dags/example_branch_day_of_week_operator.py
[2024-09-24T05:07:45.354+0000] {processor.py:839} INFO - DAG(s) dict_keys(['example_weekday_branch_operator']) retrieved from /home/airflow/.local/lib/python3.8/site-packages/airflow/example_dags/example_branch_day_of_week_operator.py
[2024-09-24T05:07:45.384+0000] {logging_mixin.py:151} INFO - [2024-09-24T05:07:45.384+0000] {dag.py:2907} INFO - Sync 1 DAGs
[2024-09-24T05:07:45.412+0000] {logging_mixin.py:151} INFO - [2024-09-24T05:07:45.411+0000] {dag.py:3677} INFO - Setting next_dagrun for example_weekday_branch_operator to 2024-09-23T00:00:00+00:00, run_after=2024-09-24T00:00:00+00:00
[2024-09-24T05:07:45.444+0000] {processor.py:179} INFO - Processing /home/airflow/.local/lib/python3.8/site-packages/airflow/example_dags/example_branch_day_of_week_operator.py took 0.112 seconds
[2024-09-24T05:08:15.775+0000] {processor.py:157} INFO - Started process (PID=370) to work on /home/airflow/.local/lib/python3.8/site-packages/airflow/example_dags/example_branch_day_of_week_operator.py
[2024-09-24T05:08:15.777+0000] {processor.py:829} INFO - Processing file /home/airflow/.local/lib/python3.8/site-packages/airflow/example_dags/example_branch_day_of_week_operator.py for tasks to queue
[2024-09-24T05:08:15.780+0000] {logging_mixin.py:151} INFO - [2024-09-24T05:08:15.780+0000] {dagbag.py:539} INFO - Filling up the DagBag from /home/airflow/.local/lib/python3.8/site-packages/airflow/example_dags/example_branch_day_of_week_operator.py
[2024-09-24T05:08:15.788+0000] {processor.py:839} INFO - DAG(s) dict_keys(['example_weekday_branch_operator']) retrieved from /home/airflow/.local/lib/python3.8/site-packages/airflow/example_dags/example_branch_day_of_week_operator.py
[2024-09-24T05:08:15.815+0000] {logging_mixin.py:151} INFO - [2024-09-24T05:08:15.815+0000] {dag.py:2907} INFO - Sync 1 DAGs
[2024-09-24T05:08:15.842+0000] {logging_mixin.py:151} INFO - [2024-09-24T05:08:15.841+0000] {dag.py:3677} INFO - Setting next_dagrun for example_weekday_branch_operator to 2024-09-23T00:00:00+00:00, run_after=2024-09-24T00:00:00+00:00
[2024-09-24T05:08:15.869+0000] {processor.py:179} INFO - Processing /home/airflow/.local/lib/python3.8/site-packages/airflow/example_dags/example_branch_day_of_week_operator.py took 0.096 seconds
[2024-09-24T05:08:46.114+0000] {processor.py:157} INFO - Started process (PID=426) to work on /home/airflow/.local/lib/python3.8/site-packages/airflow/example_dags/example_branch_day_of_week_operator.py
[2024-09-24T05:08:46.116+0000] {processor.py:829} INFO - Processing file /home/airflow/.local/lib/python3.8/site-packages/airflow/example_dags/example_branch_day_of_week_operator.py for tasks to queue
[2024-09-24T05:08:46.119+0000] {logging_mixin.py:151} INFO - [2024-09-24T05:08:46.118+0000] {dagbag.py:539} INFO - Filling up the DagBag from /home/airflow/.local/lib/python3.8/site-packages/airflow/example_dags/example_branch_day_of_week_operator.py
[2024-09-24T05:08:46.127+0000] {processor.py:839} INFO - DAG(s) dict_keys(['example_weekday_branch_operator']) retrieved from /home/airflow/.local/lib/python3.8/site-packages/airflow/example_dags/example_branch_day_of_week_operator.py
[2024-09-24T05:08:46.154+0000] {logging_mixin.py:151} INFO - [2024-09-24T05:08:46.153+0000] {dag.py:2907} INFO - Sync 1 DAGs
[2024-09-24T05:08:46.179+0000] {logging_mixin.py:151} INFO - [2024-09-24T05:08:46.179+0000] {dag.py:3677} INFO - Setting next_dagrun for example_weekday_branch_operator to 2024-09-23T00:00:00+00:00, run_after=2024-09-24T00:00:00+00:00
[2024-09-24T05:08:46.209+0000] {processor.py:179} INFO - Processing /home/airflow/.local/lib/python3.8/site-packages/airflow/example_dags/example_branch_day_of_week_operator.py took 0.097 seconds
[2024-09-24T05:09:16.466+0000] {processor.py:157} INFO - Started process (PID=482) to work on /home/airflow/.local/lib/python3.8/site-packages/airflow/example_dags/example_branch_day_of_week_operator.py
[2024-09-24T05:09:16.468+0000] {processor.py:829} INFO - Processing file /home/airflow/.local/lib/python3.8/site-packages/airflow/example_dags/example_branch_day_of_week_operator.py for tasks to queue
[2024-09-24T05:09:16.477+0000] {logging_mixin.py:151} INFO - [2024-09-24T05:09:16.477+0000] {dagbag.py:539} INFO - Filling up the DagBag from /home/airflow/.local/lib/python3.8/site-packages/airflow/example_dags/example_branch_day_of_week_operator.py
[2024-09-24T05:09:16.486+0000] {processor.py:839} INFO - DAG(s) dict_keys(['example_weekday_branch_operator']) retrieved from /home/airflow/.local/lib/python3.8/site-packages/airflow/example_dags/example_branch_day_of_week_operator.py
[2024-09-24T05:09:16.520+0000] {logging_mixin.py:151} INFO - [2024-09-24T05:09:16.520+0000] {dag.py:2907} INFO - Sync 1 DAGs
[2024-09-24T05:09:16.547+0000] {logging_mixin.py:151} INFO - [2024-09-24T05:09:16.547+0000] {dag.py:3677} INFO - Setting next_dagrun for example_weekday_branch_operator to 2024-09-23T00:00:00+00:00, run_after=2024-09-24T00:00:00+00:00
[2024-09-24T05:09:16.576+0000] {processor.py:179} INFO - Processing /home/airflow/.local/lib/python3.8/site-packages/airflow/example_dags/example_branch_day_of_week_operator.py took 0.113 seconds
[2024-09-24T05:09:47.262+0000] {processor.py:157} INFO - Started process (PID=538) to work on /home/airflow/.local/lib/python3.8/site-packages/airflow/example_dags/example_branch_day_of_week_operator.py
[2024-09-24T05:09:47.265+0000] {processor.py:829} INFO - Processing file /home/airflow/.local/lib/python3.8/site-packages/airflow/example_dags/example_branch_day_of_week_operator.py for tasks to queue
[2024-09-24T05:09:47.270+0000] {logging_mixin.py:151} INFO - [2024-09-24T05:09:47.270+0000] {dagbag.py:539} INFO - Filling up the DagBag from /home/airflow/.local/lib/python3.8/site-packages/airflow/example_dags/example_branch_day_of_week_operator.py
[2024-09-24T05:09:47.289+0000] {processor.py:839} INFO - DAG(s) dict_keys(['example_weekday_branch_operator']) retrieved from /home/airflow/.local/lib/python3.8/site-packages/airflow/example_dags/example_branch_day_of_week_operator.py
[2024-09-24T05:09:47.322+0000] {logging_mixin.py:151} INFO - [2024-09-24T05:09:47.322+0000] {dag.py:2907} INFO - Sync 1 DAGs
[2024-09-24T05:09:47.362+0000] {logging_mixin.py:151} INFO - [2024-09-24T05:09:47.362+0000] {dag.py:3677} INFO - Setting next_dagrun for example_weekday_branch_operator to 2024-09-23T00:00:00+00:00, run_after=2024-09-24T00:00:00+00:00
[2024-09-24T05:09:47.397+0000] {processor.py:179} INFO - Processing /home/airflow/.local/lib/python3.8/site-packages/airflow/example_dags/example_branch_day_of_week_operator.py took 0.140 seconds
[2024-09-24T05:10:18.223+0000] {processor.py:157} INFO - Started process (PID=594) to work on /home/airflow/.local/lib/python3.8/site-packages/airflow/example_dags/example_branch_day_of_week_operator.py
[2024-09-24T05:10:18.232+0000] {processor.py:829} INFO - Processing file /home/airflow/.local/lib/python3.8/site-packages/airflow/example_dags/example_branch_day_of_week_operator.py for tasks to queue
[2024-09-24T05:10:18.244+0000] {logging_mixin.py:151} INFO - [2024-09-24T05:10:18.242+0000] {dagbag.py:539} INFO - Filling up the DagBag from /home/airflow/.local/lib/python3.8/site-packages/airflow/example_dags/example_branch_day_of_week_operator.py
[2024-09-24T05:10:18.258+0000] {processor.py:839} INFO - DAG(s) dict_keys(['example_weekday_branch_operator']) retrieved from /home/airflow/.local/lib/python3.8/site-packages/airflow/example_dags/example_branch_day_of_week_operator.py
[2024-09-24T05:10:18.324+0000] {logging_mixin.py:151} INFO - [2024-09-24T05:10:18.323+0000] {dag.py:2907} INFO - Sync 1 DAGs
[2024-09-24T05:10:18.403+0000] {logging_mixin.py:151} INFO - [2024-09-24T05:10:18.403+0000] {dag.py:3677} INFO - Setting next_dagrun for example_weekday_branch_operator to 2024-09-23T00:00:00+00:00, run_after=2024-09-24T00:00:00+00:00
[2024-09-24T05:10:18.479+0000] {processor.py:179} INFO - Processing /home/airflow/.local/lib/python3.8/site-packages/airflow/example_dags/example_branch_day_of_week_operator.py took 0.313 seconds
[2024-09-24T05:10:48.653+0000] {processor.py:157} INFO - Started process (PID=649) to work on /home/airflow/.local/lib/python3.8/site-packages/airflow/example_dags/example_branch_day_of_week_operator.py
[2024-09-24T05:10:48.655+0000] {processor.py:829} INFO - Processing file /home/airflow/.local/lib/python3.8/site-packages/airflow/example_dags/example_branch_day_of_week_operator.py for tasks to queue
[2024-09-24T05:10:48.660+0000] {logging_mixin.py:151} INFO - [2024-09-24T05:10:48.659+0000] {dagbag.py:539} INFO - Filling up the DagBag from /home/airflow/.local/lib/python3.8/site-packages/airflow/example_dags/example_branch_day_of_week_operator.py
[2024-09-24T05:10:48.677+0000] {processor.py:839} INFO - DAG(s) dict_keys(['example_weekday_branch_operator']) retrieved from /home/airflow/.local/lib/python3.8/site-packages/airflow/example_dags/example_branch_day_of_week_operator.py
[2024-09-24T05:10:48.716+0000] {logging_mixin.py:151} INFO - [2024-09-24T05:10:48.716+0000] {dag.py:2907} INFO - Sync 1 DAGs
[2024-09-24T05:10:48.768+0000] {logging_mixin.py:151} INFO - [2024-09-24T05:10:48.767+0000] {dag.py:3677} INFO - Setting next_dagrun for example_weekday_branch_operator to 2024-09-23T00:00:00+00:00, run_after=2024-09-24T00:00:00+00:00
[2024-09-24T05:10:48.811+0000] {processor.py:179} INFO - Processing /home/airflow/.local/lib/python3.8/site-packages/airflow/example_dags/example_branch_day_of_week_operator.py took 0.163 seconds
[2024-09-24T05:11:18.973+0000] {processor.py:157} INFO - Started process (PID=705) to work on /home/airflow/.local/lib/python3.8/site-packages/airflow/example_dags/example_branch_day_of_week_operator.py
[2024-09-24T05:11:18.974+0000] {processor.py:829} INFO - Processing file /home/airflow/.local/lib/python3.8/site-packages/airflow/example_dags/example_branch_day_of_week_operator.py for tasks to queue
[2024-09-24T05:11:18.978+0000] {logging_mixin.py:151} INFO - [2024-09-24T05:11:18.977+0000] {dagbag.py:539} INFO - Filling up the DagBag from /home/airflow/.local/lib/python3.8/site-packages/airflow/example_dags/example_branch_day_of_week_operator.py
[2024-09-24T05:11:18.988+0000] {processor.py:839} INFO - DAG(s) dict_keys(['example_weekday_branch_operator']) retrieved from /home/airflow/.local/lib/python3.8/site-packages/airflow/example_dags/example_branch_day_of_week_operator.py
[2024-09-24T05:11:19.014+0000] {logging_mixin.py:151} INFO - [2024-09-24T05:11:19.014+0000] {dag.py:2907} INFO - Sync 1 DAGs
[2024-09-24T05:11:19.039+0000] {logging_mixin.py:151} INFO - [2024-09-24T05:11:19.038+0000] {dag.py:3677} INFO - Setting next_dagrun for example_weekday_branch_operator to 2024-09-23T00:00:00+00:00, run_after=2024-09-24T00:00:00+00:00
[2024-09-24T05:11:19.064+0000] {processor.py:179} INFO - Processing /home/airflow/.local/lib/python3.8/site-packages/airflow/example_dags/example_branch_day_of_week_operator.py took 0.095 seconds
[2024-09-24T05:11:49.712+0000] {processor.py:157} INFO - Started process (PID=761) to work on /home/airflow/.local/lib/python3.8/site-packages/airflow/example_dags/example_branch_day_of_week_operator.py
[2024-09-24T05:11:49.714+0000] {processor.py:829} INFO - Processing file /home/airflow/.local/lib/python3.8/site-packages/airflow/example_dags/example_branch_day_of_week_operator.py for tasks to queue
[2024-09-24T05:11:49.718+0000] {logging_mixin.py:151} INFO - [2024-09-24T05:11:49.717+0000] {dagbag.py:539} INFO - Filling up the DagBag from /home/airflow/.local/lib/python3.8/site-packages/airflow/example_dags/example_branch_day_of_week_operator.py
[2024-09-24T05:11:49.733+0000] {processor.py:839} INFO - DAG(s) dict_keys(['example_weekday_branch_operator']) retrieved from /home/airflow/.local/lib/python3.8/site-packages/airflow/example_dags/example_branch_day_of_week_operator.py
[2024-09-24T05:11:49.767+0000] {logging_mixin.py:151} INFO - [2024-09-24T05:11:49.767+0000] {dag.py:2907} INFO - Sync 1 DAGs
[2024-09-24T05:11:49.802+0000] {logging_mixin.py:151} INFO - [2024-09-24T05:11:49.802+0000] {dag.py:3677} INFO - Setting next_dagrun for example_weekday_branch_operator to 2024-09-23T00:00:00+00:00, run_after=2024-09-24T00:00:00+00:00
[2024-09-24T05:11:49.834+0000] {processor.py:179} INFO - Processing /home/airflow/.local/lib/python3.8/site-packages/airflow/example_dags/example_branch_day_of_week_operator.py took 0.126 seconds
[2024-09-24T05:12:20.576+0000] {processor.py:157} INFO - Started process (PID=818) to work on /home/airflow/.local/lib/python3.8/site-packages/airflow/example_dags/example_branch_day_of_week_operator.py
[2024-09-24T05:12:20.578+0000] {processor.py:829} INFO - Processing file /home/airflow/.local/lib/python3.8/site-packages/airflow/example_dags/example_branch_day_of_week_operator.py for tasks to queue
[2024-09-24T05:12:20.582+0000] {logging_mixin.py:151} INFO - [2024-09-24T05:12:20.582+0000] {dagbag.py:539} INFO - Filling up the DagBag from /home/airflow/.local/lib/python3.8/site-packages/airflow/example_dags/example_branch_day_of_week_operator.py
[2024-09-24T05:12:20.590+0000] {processor.py:839} INFO - DAG(s) dict_keys(['example_weekday_branch_operator']) retrieved from /home/airflow/.local/lib/python3.8/site-packages/airflow/example_dags/example_branch_day_of_week_operator.py
[2024-09-24T05:12:20.615+0000] {logging_mixin.py:151} INFO - [2024-09-24T05:12:20.615+0000] {dag.py:2907} INFO - Sync 1 DAGs
[2024-09-24T05:12:20.642+0000] {logging_mixin.py:151} INFO - [2024-09-24T05:12:20.642+0000] {dag.py:3677} INFO - Setting next_dagrun for example_weekday_branch_operator to 2024-09-23T00:00:00+00:00, run_after=2024-09-24T00:00:00+00:00
[2024-09-24T05:12:20.669+0000] {processor.py:179} INFO - Processing /home/airflow/.local/lib/python3.8/site-packages/airflow/example_dags/example_branch_day_of_week_operator.py took 0.096 seconds
[2024-09-24T05:12:50.726+0000] {processor.py:157} INFO - Started process (PID=877) to work on /home/airflow/.local/lib/python3.8/site-packages/airflow/example_dags/example_branch_day_of_week_operator.py
[2024-09-24T05:12:50.727+0000] {processor.py:829} INFO - Processing file /home/airflow/.local/lib/python3.8/site-packages/airflow/example_dags/example_branch_day_of_week_operator.py for tasks to queue
[2024-09-24T05:12:50.730+0000] {logging_mixin.py:151} INFO - [2024-09-24T05:12:50.729+0000] {dagbag.py:539} INFO - Filling up the DagBag from /home/airflow/.local/lib/python3.8/site-packages/airflow/example_dags/example_branch_day_of_week_operator.py
[2024-09-24T05:12:50.738+0000] {processor.py:839} INFO - DAG(s) dict_keys(['example_weekday_branch_operator']) retrieved from /home/airflow/.local/lib/python3.8/site-packages/airflow/example_dags/example_branch_day_of_week_operator.py
[2024-09-24T05:12:50.762+0000] {logging_mixin.py:151} INFO - [2024-09-24T05:12:50.762+0000] {dag.py:2907} INFO - Sync 1 DAGs
[2024-09-24T05:12:50.786+0000] {logging_mixin.py:151} INFO - [2024-09-24T05:12:50.786+0000] {dag.py:3677} INFO - Setting next_dagrun for example_weekday_branch_operator to 2024-09-23T00:00:00+00:00, run_after=2024-09-24T00:00:00+00:00
[2024-09-24T05:12:50.812+0000] {processor.py:179} INFO - Processing /home/airflow/.local/lib/python3.8/site-packages/airflow/example_dags/example_branch_day_of_week_operator.py took 0.090 seconds
[2024-09-24T05:13:20.895+0000] {processor.py:157} INFO - Started process (PID=934) to work on /home/airflow/.local/lib/python3.8/site-packages/airflow/example_dags/example_branch_day_of_week_operator.py
[2024-09-24T05:13:20.897+0000] {processor.py:829} INFO - Processing file /home/airflow/.local/lib/python3.8/site-packages/airflow/example_dags/example_branch_day_of_week_operator.py for tasks to queue
[2024-09-24T05:13:20.900+0000] {logging_mixin.py:151} INFO - [2024-09-24T05:13:20.900+0000] {dagbag.py:539} INFO - Filling up the DagBag from /home/airflow/.local/lib/python3.8/site-packages/airflow/example_dags/example_branch_day_of_week_operator.py
[2024-09-24T05:13:20.909+0000] {processor.py:839} INFO - DAG(s) dict_keys(['example_weekday_branch_operator']) retrieved from /home/airflow/.local/lib/python3.8/site-packages/airflow/example_dags/example_branch_day_of_week_operator.py
[2024-09-24T05:13:20.935+0000] {logging_mixin.py:151} INFO - [2024-09-24T05:13:20.935+0000] {dag.py:2907} INFO - Sync 1 DAGs
[2024-09-24T05:13:20.963+0000] {logging_mixin.py:151} INFO - [2024-09-24T05:13:20.963+0000] {dag.py:3677} INFO - Setting next_dagrun for example_weekday_branch_operator to 2024-09-23T00:00:00+00:00, run_after=2024-09-24T00:00:00+00:00
[2024-09-24T05:13:20.992+0000] {processor.py:179} INFO - Processing /home/airflow/.local/lib/python3.8/site-packages/airflow/example_dags/example_branch_day_of_week_operator.py took 0.100 seconds
[2024-09-24T05:13:51.299+0000] {processor.py:157} INFO - Started process (PID=990) to work on /home/airflow/.local/lib/python3.8/site-packages/airflow/example_dags/example_branch_day_of_week_operator.py
[2024-09-24T05:13:51.301+0000] {processor.py:829} INFO - Processing file /home/airflow/.local/lib/python3.8/site-packages/airflow/example_dags/example_branch_day_of_week_operator.py for tasks to queue
[2024-09-24T05:13:51.305+0000] {logging_mixin.py:151} INFO - [2024-09-24T05:13:51.304+0000] {dagbag.py:539} INFO - Filling up the DagBag from /home/airflow/.local/lib/python3.8/site-packages/airflow/example_dags/example_branch_day_of_week_operator.py
[2024-09-24T05:13:51.314+0000] {processor.py:839} INFO - DAG(s) dict_keys(['example_weekday_branch_operator']) retrieved from /home/airflow/.local/lib/python3.8/site-packages/airflow/example_dags/example_branch_day_of_week_operator.py
[2024-09-24T05:13:51.342+0000] {logging_mixin.py:151} INFO - [2024-09-24T05:13:51.342+0000] {dag.py:2907} INFO - Sync 1 DAGs
[2024-09-24T05:13:51.370+0000] {logging_mixin.py:151} INFO - [2024-09-24T05:13:51.370+0000] {dag.py:3677} INFO - Setting next_dagrun for example_weekday_branch_operator to 2024-09-23T00:00:00+00:00, run_after=2024-09-24T00:00:00+00:00
[2024-09-24T05:13:51.411+0000] {processor.py:179} INFO - Processing /home/airflow/.local/lib/python3.8/site-packages/airflow/example_dags/example_branch_day_of_week_operator.py took 0.116 seconds
[2024-09-24T05:14:21.830+0000] {processor.py:157} INFO - Started process (PID=1046) to work on /home/airflow/.local/lib/python3.8/site-packages/airflow/example_dags/example_branch_day_of_week_operator.py
[2024-09-24T05:14:21.832+0000] {processor.py:829} INFO - Processing file /home/airflow/.local/lib/python3.8/site-packages/airflow/example_dags/example_branch_day_of_week_operator.py for tasks to queue
[2024-09-24T05:14:21.835+0000] {logging_mixin.py:151} INFO - [2024-09-24T05:14:21.835+0000] {dagbag.py:539} INFO - Filling up the DagBag from /home/airflow/.local/lib/python3.8/site-packages/airflow/example_dags/example_branch_day_of_week_operator.py
[2024-09-24T05:14:21.845+0000] {processor.py:839} INFO - DAG(s) dict_keys(['example_weekday_branch_operator']) retrieved from /home/airflow/.local/lib/python3.8/site-packages/airflow/example_dags/example_branch_day_of_week_operator.py
[2024-09-24T05:14:21.872+0000] {logging_mixin.py:151} INFO - [2024-09-24T05:14:21.871+0000] {dag.py:2907} INFO - Sync 1 DAGs
[2024-09-24T05:14:21.900+0000] {logging_mixin.py:151} INFO - [2024-09-24T05:14:21.900+0000] {dag.py:3677} INFO - Setting next_dagrun for example_weekday_branch_operator to 2024-09-23T00:00:00+00:00, run_after=2024-09-24T00:00:00+00:00
[2024-09-24T05:14:21.928+0000] {processor.py:179} INFO - Processing /home/airflow/.local/lib/python3.8/site-packages/airflow/example_dags/example_branch_day_of_week_operator.py took 0.101 seconds
[2024-09-24T05:14:52.249+0000] {processor.py:157} INFO - Started process (PID=1102) to work on /home/airflow/.local/lib/python3.8/site-packages/airflow/example_dags/example_branch_day_of_week_operator.py
[2024-09-24T05:14:52.251+0000] {processor.py:829} INFO - Processing file /home/airflow/.local/lib/python3.8/site-packages/airflow/example_dags/example_branch_day_of_week_operator.py for tasks to queue
[2024-09-24T05:14:52.255+0000] {logging_mixin.py:151} INFO - [2024-09-24T05:14:52.255+0000] {dagbag.py:539} INFO - Filling up the DagBag from /home/airflow/.local/lib/python3.8/site-packages/airflow/example_dags/example_branch_day_of_week_operator.py
[2024-09-24T05:14:52.263+0000] {processor.py:839} INFO - DAG(s) dict_keys(['example_weekday_branch_operator']) retrieved from /home/airflow/.local/lib/python3.8/site-packages/airflow/example_dags/example_branch_day_of_week_operator.py
[2024-09-24T05:14:52.288+0000] {logging_mixin.py:151} INFO - [2024-09-24T05:14:52.288+0000] {dag.py:2907} INFO - Sync 1 DAGs
[2024-09-24T05:14:52.316+0000] {logging_mixin.py:151} INFO - [2024-09-24T05:14:52.316+0000] {dag.py:3677} INFO - Setting next_dagrun for example_weekday_branch_operator to 2024-09-23T00:00:00+00:00, run_after=2024-09-24T00:00:00+00:00
[2024-09-24T05:14:52.355+0000] {processor.py:179} INFO - Processing /home/airflow/.local/lib/python3.8/site-packages/airflow/example_dags/example_branch_day_of_week_operator.py took 0.109 seconds
