[2024-09-24T05:05:54.560+0000] {processor.py:157} INFO - Started process (PID=119) to work on /home/airflow/.local/lib/python3.8/site-packages/airflow/example_dags/example_dag_decorator.py
[2024-09-24T05:05:54.562+0000] {processor.py:829} INFO - Processing file /home/airflow/.local/lib/python3.8/site-packages/airflow/example_dags/example_dag_decorator.py for tasks to queue
[2024-09-24T05:05:54.567+0000] {logging_mixin.py:151} INFO - [2024-09-24T05:05:54.567+0000] {dagbag.py:539} INFO - Filling up the DagBag from /home/airflow/.local/lib/python3.8/site-packages/airflow/example_dags/example_dag_decorator.py
[2024-09-24T05:05:55.228+0000] {processor.py:839} INFO - DAG(s) dict_keys(['example_dag_decorator']) retrieved from /home/airflow/.local/lib/python3.8/site-packages/airflow/example_dags/example_dag_decorator.py
[2024-09-24T05:05:55.691+0000] {logging_mixin.py:151} INFO - [2024-09-24T05:05:55.691+0000] {dag.py:2907} INFO - Sync 1 DAGs
[2024-09-24T05:05:55.710+0000] {logging_mixin.py:151} INFO - [2024-09-24T05:05:55.710+0000] {dag.py:3677} INFO - Setting next_dagrun for example_dag_decorator to None, run_after=None
[2024-09-24T05:05:55.767+0000] {processor.py:179} INFO - Processing /home/airflow/.local/lib/python3.8/site-packages/airflow/example_dags/example_dag_decorator.py took 1.225 seconds
[2024-09-24T05:06:26.404+0000] {processor.py:157} INFO - Started process (PID=176) to work on /home/airflow/.local/lib/python3.8/site-packages/airflow/example_dags/example_dag_decorator.py
[2024-09-24T05:06:26.405+0000] {processor.py:829} INFO - Processing file /home/airflow/.local/lib/python3.8/site-packages/airflow/example_dags/example_dag_decorator.py for tasks to queue
[2024-09-24T05:06:26.408+0000] {logging_mixin.py:151} INFO - [2024-09-24T05:06:26.408+0000] {dagbag.py:539} INFO - Filling up the DagBag from /home/airflow/.local/lib/python3.8/site-packages/airflow/example_dags/example_dag_decorator.py
[2024-09-24T05:06:26.639+0000] {processor.py:839} INFO - DAG(s) dict_keys(['example_dag_decorator']) retrieved from /home/airflow/.local/lib/python3.8/site-packages/airflow/example_dags/example_dag_decorator.py
[2024-09-24T05:06:26.761+0000] {logging_mixin.py:151} INFO - [2024-09-24T05:06:26.761+0000] {dag.py:2907} INFO - Sync 1 DAGs
[2024-09-24T05:06:26.773+0000] {logging_mixin.py:151} INFO - [2024-09-24T05:06:26.773+0000] {dag.py:3677} INFO - Setting next_dagrun for example_dag_decorator to None, run_after=None
[2024-09-24T05:06:26.801+0000] {processor.py:179} INFO - Processing /home/airflow/.local/lib/python3.8/site-packages/airflow/example_dags/example_dag_decorator.py took 0.401 seconds
[2024-09-24T05:06:57.083+0000] {processor.py:157} INFO - Started process (PID=232) to work on /home/airflow/.local/lib/python3.8/site-packages/airflow/example_dags/example_dag_decorator.py
[2024-09-24T05:06:57.085+0000] {processor.py:829} INFO - Processing file /home/airflow/.local/lib/python3.8/site-packages/airflow/example_dags/example_dag_decorator.py for tasks to queue
[2024-09-24T05:06:57.088+0000] {logging_mixin.py:151} INFO - [2024-09-24T05:06:57.087+0000] {dagbag.py:539} INFO - Filling up the DagBag from /home/airflow/.local/lib/python3.8/site-packages/airflow/example_dags/example_dag_decorator.py
[2024-09-24T05:06:57.192+0000] {processor.py:839} INFO - DAG(s) dict_keys(['example_dag_decorator']) retrieved from /home/airflow/.local/lib/python3.8/site-packages/airflow/example_dags/example_dag_decorator.py
[2024-09-24T05:06:57.345+0000] {logging_mixin.py:151} INFO - [2024-09-24T05:06:57.345+0000] {dag.py:2907} INFO - Sync 1 DAGs
[2024-09-24T05:06:57.360+0000] {logging_mixin.py:151} INFO - [2024-09-24T05:06:57.359+0000] {dag.py:3677} INFO - Setting next_dagrun for example_dag_decorator to None, run_after=None
[2024-09-24T05:06:57.390+0000] {processor.py:179} INFO - Processing /home/airflow/.local/lib/python3.8/site-packages/airflow/example_dags/example_dag_decorator.py took 0.310 seconds
[2024-09-24T05:07:27.512+0000] {processor.py:157} INFO - Started process (PID=288) to work on /home/airflow/.local/lib/python3.8/site-packages/airflow/example_dags/example_dag_decorator.py
[2024-09-24T05:07:27.514+0000] {processor.py:829} INFO - Processing file /home/airflow/.local/lib/python3.8/site-packages/airflow/example_dags/example_dag_decorator.py for tasks to queue
[2024-09-24T05:07:27.517+0000] {logging_mixin.py:151} INFO - [2024-09-24T05:07:27.516+0000] {dagbag.py:539} INFO - Filling up the DagBag from /home/airflow/.local/lib/python3.8/site-packages/airflow/example_dags/example_dag_decorator.py
[2024-09-24T05:07:27.593+0000] {processor.py:839} INFO - DAG(s) dict_keys(['example_dag_decorator']) retrieved from /home/airflow/.local/lib/python3.8/site-packages/airflow/example_dags/example_dag_decorator.py
[2024-09-24T05:07:27.709+0000] {logging_mixin.py:151} INFO - [2024-09-24T05:07:27.708+0000] {dag.py:2907} INFO - Sync 1 DAGs
[2024-09-24T05:07:27.721+0000] {logging_mixin.py:151} INFO - [2024-09-24T05:07:27.721+0000] {dag.py:3677} INFO - Setting next_dagrun for example_dag_decorator to None, run_after=None
[2024-09-24T05:07:27.748+0000] {processor.py:179} INFO - Processing /home/airflow/.local/lib/python3.8/site-packages/airflow/example_dags/example_dag_decorator.py took 0.238 seconds
[2024-09-24T05:07:58.074+0000] {processor.py:157} INFO - Started process (PID=344) to work on /home/airflow/.local/lib/python3.8/site-packages/airflow/example_dags/example_dag_decorator.py
[2024-09-24T05:07:58.075+0000] {processor.py:829} INFO - Processing file /home/airflow/.local/lib/python3.8/site-packages/airflow/example_dags/example_dag_decorator.py for tasks to queue
[2024-09-24T05:07:58.078+0000] {logging_mixin.py:151} INFO - [2024-09-24T05:07:58.078+0000] {dagbag.py:539} INFO - Filling up the DagBag from /home/airflow/.local/lib/python3.8/site-packages/airflow/example_dags/example_dag_decorator.py
[2024-09-24T05:07:58.152+0000] {processor.py:839} INFO - DAG(s) dict_keys(['example_dag_decorator']) retrieved from /home/airflow/.local/lib/python3.8/site-packages/airflow/example_dags/example_dag_decorator.py
[2024-09-24T05:07:58.177+0000] {logging_mixin.py:151} INFO - [2024-09-24T05:07:58.177+0000] {dag.py:2907} INFO - Sync 1 DAGs
[2024-09-24T05:07:58.193+0000] {logging_mixin.py:151} INFO - [2024-09-24T05:07:58.193+0000] {dag.py:3677} INFO - Setting next_dagrun for example_dag_decorator to None, run_after=None
[2024-09-24T05:07:58.222+0000] {processor.py:179} INFO - Processing /home/airflow/.local/lib/python3.8/site-packages/airflow/example_dags/example_dag_decorator.py took 0.151 seconds
[2024-09-24T05:08:28.424+0000] {processor.py:157} INFO - Started process (PID=400) to work on /home/airflow/.local/lib/python3.8/site-packages/airflow/example_dags/example_dag_decorator.py
[2024-09-24T05:08:28.426+0000] {processor.py:829} INFO - Processing file /home/airflow/.local/lib/python3.8/site-packages/airflow/example_dags/example_dag_decorator.py for tasks to queue
[2024-09-24T05:08:28.429+0000] {logging_mixin.py:151} INFO - [2024-09-24T05:08:28.429+0000] {dagbag.py:539} INFO - Filling up the DagBag from /home/airflow/.local/lib/python3.8/site-packages/airflow/example_dags/example_dag_decorator.py
[2024-09-24T05:08:28.503+0000] {processor.py:839} INFO - DAG(s) dict_keys(['example_dag_decorator']) retrieved from /home/airflow/.local/lib/python3.8/site-packages/airflow/example_dags/example_dag_decorator.py
[2024-09-24T05:08:28.530+0000] {logging_mixin.py:151} INFO - [2024-09-24T05:08:28.530+0000] {dag.py:2907} INFO - Sync 1 DAGs
[2024-09-24T05:08:28.545+0000] {logging_mixin.py:151} INFO - [2024-09-24T05:08:28.545+0000] {dag.py:3677} INFO - Setting next_dagrun for example_dag_decorator to None, run_after=None
[2024-09-24T05:08:28.572+0000] {processor.py:179} INFO - Processing /home/airflow/.local/lib/python3.8/site-packages/airflow/example_dags/example_dag_decorator.py took 0.151 seconds
[2024-09-24T05:08:58.845+0000] {processor.py:157} INFO - Started process (PID=456) to work on /home/airflow/.local/lib/python3.8/site-packages/airflow/example_dags/example_dag_decorator.py
[2024-09-24T05:08:58.847+0000] {processor.py:829} INFO - Processing file /home/airflow/.local/lib/python3.8/site-packages/airflow/example_dags/example_dag_decorator.py for tasks to queue
[2024-09-24T05:08:58.850+0000] {logging_mixin.py:151} INFO - [2024-09-24T05:08:58.849+0000] {dagbag.py:539} INFO - Filling up the DagBag from /home/airflow/.local/lib/python3.8/site-packages/airflow/example_dags/example_dag_decorator.py
[2024-09-24T05:08:58.941+0000] {processor.py:839} INFO - DAG(s) dict_keys(['example_dag_decorator']) retrieved from /home/airflow/.local/lib/python3.8/site-packages/airflow/example_dags/example_dag_decorator.py
[2024-09-24T05:08:59.202+0000] {logging_mixin.py:151} INFO - [2024-09-24T05:08:59.202+0000] {dag.py:2907} INFO - Sync 1 DAGs
[2024-09-24T05:08:59.214+0000] {logging_mixin.py:151} INFO - [2024-09-24T05:08:59.214+0000] {dag.py:3677} INFO - Setting next_dagrun for example_dag_decorator to None, run_after=None
[2024-09-24T05:08:59.241+0000] {processor.py:179} INFO - Processing /home/airflow/.local/lib/python3.8/site-packages/airflow/example_dags/example_dag_decorator.py took 0.399 seconds
[2024-09-24T05:09:29.376+0000] {processor.py:157} INFO - Started process (PID=512) to work on /home/airflow/.local/lib/python3.8/site-packages/airflow/example_dags/example_dag_decorator.py
[2024-09-24T05:09:29.377+0000] {processor.py:829} INFO - Processing file /home/airflow/.local/lib/python3.8/site-packages/airflow/example_dags/example_dag_decorator.py for tasks to queue
[2024-09-24T05:09:29.380+0000] {logging_mixin.py:151} INFO - [2024-09-24T05:09:29.380+0000] {dagbag.py:539} INFO - Filling up the DagBag from /home/airflow/.local/lib/python3.8/site-packages/airflow/example_dags/example_dag_decorator.py
[2024-09-24T05:09:29.468+0000] {processor.py:839} INFO - DAG(s) dict_keys(['example_dag_decorator']) retrieved from /home/airflow/.local/lib/python3.8/site-packages/airflow/example_dags/example_dag_decorator.py
[2024-09-24T05:09:29.781+0000] {logging_mixin.py:151} INFO - [2024-09-24T05:09:29.780+0000] {dag.py:2907} INFO - Sync 1 DAGs
[2024-09-24T05:09:29.827+0000] {logging_mixin.py:151} INFO - [2024-09-24T05:09:29.826+0000] {dag.py:3677} INFO - Setting next_dagrun for example_dag_decorator to None, run_after=None
[2024-09-24T05:09:29.906+0000] {processor.py:179} INFO - Processing /home/airflow/.local/lib/python3.8/site-packages/airflow/example_dags/example_dag_decorator.py took 0.534 seconds
[2024-09-24T05:10:00.236+0000] {processor.py:157} INFO - Started process (PID=568) to work on /home/airflow/.local/lib/python3.8/site-packages/airflow/example_dags/example_dag_decorator.py
[2024-09-24T05:10:00.238+0000] {processor.py:829} INFO - Processing file /home/airflow/.local/lib/python3.8/site-packages/airflow/example_dags/example_dag_decorator.py for tasks to queue
[2024-09-24T05:10:00.242+0000] {logging_mixin.py:151} INFO - [2024-09-24T05:10:00.241+0000] {dagbag.py:539} INFO - Filling up the DagBag from /home/airflow/.local/lib/python3.8/site-packages/airflow/example_dags/example_dag_decorator.py
[2024-09-24T05:10:00.329+0000] {processor.py:839} INFO - DAG(s) dict_keys(['example_dag_decorator']) retrieved from /home/airflow/.local/lib/python3.8/site-packages/airflow/example_dags/example_dag_decorator.py
[2024-09-24T05:10:00.521+0000] {logging_mixin.py:151} INFO - [2024-09-24T05:10:00.520+0000] {dag.py:2907} INFO - Sync 1 DAGs
[2024-09-24T05:10:00.538+0000] {logging_mixin.py:151} INFO - [2024-09-24T05:10:00.537+0000] {dag.py:3677} INFO - Setting next_dagrun for example_dag_decorator to None, run_after=None
[2024-09-24T05:10:00.576+0000] {processor.py:179} INFO - Processing /home/airflow/.local/lib/python3.8/site-packages/airflow/example_dags/example_dag_decorator.py took 0.345 seconds
[2024-09-24T05:10:30.663+0000] {processor.py:157} INFO - Started process (PID=625) to work on /home/airflow/.local/lib/python3.8/site-packages/airflow/example_dags/example_dag_decorator.py
[2024-09-24T05:10:30.666+0000] {processor.py:829} INFO - Processing file /home/airflow/.local/lib/python3.8/site-packages/airflow/example_dags/example_dag_decorator.py for tasks to queue
[2024-09-24T05:10:30.671+0000] {logging_mixin.py:151} INFO - [2024-09-24T05:10:30.670+0000] {dagbag.py:539} INFO - Filling up the DagBag from /home/airflow/.local/lib/python3.8/site-packages/airflow/example_dags/example_dag_decorator.py
[2024-09-24T05:10:30.856+0000] {processor.py:839} INFO - DAG(s) dict_keys(['example_dag_decorator']) retrieved from /home/airflow/.local/lib/python3.8/site-packages/airflow/example_dags/example_dag_decorator.py
[2024-09-24T05:10:31.209+0000] {logging_mixin.py:151} INFO - [2024-09-24T05:10:31.208+0000] {dag.py:2907} INFO - Sync 1 DAGs
[2024-09-24T05:10:31.232+0000] {logging_mixin.py:151} INFO - [2024-09-24T05:10:31.231+0000] {dag.py:3677} INFO - Setting next_dagrun for example_dag_decorator to None, run_after=None
[2024-09-24T05:10:31.287+0000] {processor.py:179} INFO - Processing /home/airflow/.local/lib/python3.8/site-packages/airflow/example_dags/example_dag_decorator.py took 0.633 seconds
[2024-09-24T05:11:02.232+0000] {processor.py:157} INFO - Started process (PID=682) to work on /home/airflow/.local/lib/python3.8/site-packages/airflow/example_dags/example_dag_decorator.py
[2024-09-24T05:11:02.235+0000] {processor.py:829} INFO - Processing file /home/airflow/.local/lib/python3.8/site-packages/airflow/example_dags/example_dag_decorator.py for tasks to queue
[2024-09-24T05:11:02.238+0000] {logging_mixin.py:151} INFO - [2024-09-24T05:11:02.238+0000] {dagbag.py:539} INFO - Filling up the DagBag from /home/airflow/.local/lib/python3.8/site-packages/airflow/example_dags/example_dag_decorator.py
[2024-09-24T05:11:02.320+0000] {processor.py:839} INFO - DAG(s) dict_keys(['example_dag_decorator']) retrieved from /home/airflow/.local/lib/python3.8/site-packages/airflow/example_dags/example_dag_decorator.py
[2024-09-24T05:11:02.462+0000] {logging_mixin.py:151} INFO - [2024-09-24T05:11:02.462+0000] {dag.py:2907} INFO - Sync 1 DAGs
[2024-09-24T05:11:02.479+0000] {logging_mixin.py:151} INFO - [2024-09-24T05:11:02.479+0000] {dag.py:3677} INFO - Setting next_dagrun for example_dag_decorator to None, run_after=None
[2024-09-24T05:11:02.512+0000] {processor.py:179} INFO - Processing /home/airflow/.local/lib/python3.8/site-packages/airflow/example_dags/example_dag_decorator.py took 0.284 seconds
[2024-09-24T05:11:33.165+0000] {processor.py:157} INFO - Started process (PID=738) to work on /home/airflow/.local/lib/python3.8/site-packages/airflow/example_dags/example_dag_decorator.py
[2024-09-24T05:11:33.166+0000] {processor.py:829} INFO - Processing file /home/airflow/.local/lib/python3.8/site-packages/airflow/example_dags/example_dag_decorator.py for tasks to queue
[2024-09-24T05:11:33.170+0000] {logging_mixin.py:151} INFO - [2024-09-24T05:11:33.169+0000] {dagbag.py:539} INFO - Filling up the DagBag from /home/airflow/.local/lib/python3.8/site-packages/airflow/example_dags/example_dag_decorator.py
[2024-09-24T05:11:33.252+0000] {processor.py:839} INFO - DAG(s) dict_keys(['example_dag_decorator']) retrieved from /home/airflow/.local/lib/python3.8/site-packages/airflow/example_dags/example_dag_decorator.py
[2024-09-24T05:11:33.398+0000] {logging_mixin.py:151} INFO - [2024-09-24T05:11:33.398+0000] {dag.py:2907} INFO - Sync 1 DAGs
[2024-09-24T05:11:33.413+0000] {logging_mixin.py:151} INFO - [2024-09-24T05:11:33.413+0000] {dag.py:3677} INFO - Setting next_dagrun for example_dag_decorator to None, run_after=None
[2024-09-24T05:11:33.445+0000] {processor.py:179} INFO - Processing /home/airflow/.local/lib/python3.8/site-packages/airflow/example_dags/example_dag_decorator.py took 0.283 seconds
[2024-09-24T05:12:03.774+0000] {processor.py:157} INFO - Started process (PID=794) to work on /home/airflow/.local/lib/python3.8/site-packages/airflow/example_dags/example_dag_decorator.py
[2024-09-24T05:12:03.777+0000] {processor.py:829} INFO - Processing file /home/airflow/.local/lib/python3.8/site-packages/airflow/example_dags/example_dag_decorator.py for tasks to queue
[2024-09-24T05:12:03.781+0000] {logging_mixin.py:151} INFO - [2024-09-24T05:12:03.781+0000] {dagbag.py:539} INFO - Filling up the DagBag from /home/airflow/.local/lib/python3.8/site-packages/airflow/example_dags/example_dag_decorator.py
[2024-09-24T05:12:03.865+0000] {processor.py:839} INFO - DAG(s) dict_keys(['example_dag_decorator']) retrieved from /home/airflow/.local/lib/python3.8/site-packages/airflow/example_dags/example_dag_decorator.py
[2024-09-24T05:12:04.003+0000] {logging_mixin.py:151} INFO - [2024-09-24T05:12:04.002+0000] {dag.py:2907} INFO - Sync 1 DAGs
[2024-09-24T05:12:04.016+0000] {logging_mixin.py:151} INFO - [2024-09-24T05:12:04.016+0000] {dag.py:3677} INFO - Setting next_dagrun for example_dag_decorator to None, run_after=None
[2024-09-24T05:12:04.050+0000] {processor.py:179} INFO - Processing /home/airflow/.local/lib/python3.8/site-packages/airflow/example_dags/example_dag_decorator.py took 0.279 seconds
[2024-09-24T05:12:34.813+0000] {processor.py:157} INFO - Started process (PID=854) to work on /home/airflow/.local/lib/python3.8/site-packages/airflow/example_dags/example_dag_decorator.py
[2024-09-24T05:12:34.816+0000] {processor.py:829} INFO - Processing file /home/airflow/.local/lib/python3.8/site-packages/airflow/example_dags/example_dag_decorator.py for tasks to queue
[2024-09-24T05:12:34.821+0000] {logging_mixin.py:151} INFO - [2024-09-24T05:12:34.820+0000] {dagbag.py:539} INFO - Filling up the DagBag from /home/airflow/.local/lib/python3.8/site-packages/airflow/example_dags/example_dag_decorator.py
[2024-09-24T05:12:34.913+0000] {processor.py:839} INFO - DAG(s) dict_keys(['example_dag_decorator']) retrieved from /home/airflow/.local/lib/python3.8/site-packages/airflow/example_dags/example_dag_decorator.py
[2024-09-24T05:12:35.074+0000] {logging_mixin.py:151} INFO - [2024-09-24T05:12:35.074+0000] {dag.py:2907} INFO - Sync 1 DAGs
[2024-09-24T05:12:35.088+0000] {logging_mixin.py:151} INFO - [2024-09-24T05:12:35.088+0000] {dag.py:3677} INFO - Setting next_dagrun for example_dag_decorator to None, run_after=None
[2024-09-24T05:12:35.124+0000] {processor.py:179} INFO - Processing /home/airflow/.local/lib/python3.8/site-packages/airflow/example_dags/example_dag_decorator.py took 0.317 seconds
[2024-09-24T05:13:05.284+0000] {processor.py:157} INFO - Started process (PID=912) to work on /home/airflow/.local/lib/python3.8/site-packages/airflow/example_dags/example_dag_decorator.py
[2024-09-24T05:13:05.286+0000] {processor.py:829} INFO - Processing file /home/airflow/.local/lib/python3.8/site-packages/airflow/example_dags/example_dag_decorator.py for tasks to queue
[2024-09-24T05:13:05.289+0000] {logging_mixin.py:151} INFO - [2024-09-24T05:13:05.289+0000] {dagbag.py:539} INFO - Filling up the DagBag from /home/airflow/.local/lib/python3.8/site-packages/airflow/example_dags/example_dag_decorator.py
[2024-09-24T05:13:05.394+0000] {processor.py:839} INFO - DAG(s) dict_keys(['example_dag_decorator']) retrieved from /home/airflow/.local/lib/python3.8/site-packages/airflow/example_dags/example_dag_decorator.py
[2024-09-24T05:13:05.598+0000] {logging_mixin.py:151} INFO - [2024-09-24T05:13:05.598+0000] {dag.py:2907} INFO - Sync 1 DAGs
[2024-09-24T05:13:05.612+0000] {logging_mixin.py:151} INFO - [2024-09-24T05:13:05.612+0000] {dag.py:3677} INFO - Setting next_dagrun for example_dag_decorator to None, run_after=None
[2024-09-24T05:13:05.645+0000] {processor.py:179} INFO - Processing /home/airflow/.local/lib/python3.8/site-packages/airflow/example_dags/example_dag_decorator.py took 0.365 seconds
[2024-09-24T05:13:35.900+0000] {processor.py:157} INFO - Started process (PID=967) to work on /home/airflow/.local/lib/python3.8/site-packages/airflow/example_dags/example_dag_decorator.py
[2024-09-24T05:13:35.902+0000] {processor.py:829} INFO - Processing file /home/airflow/.local/lib/python3.8/site-packages/airflow/example_dags/example_dag_decorator.py for tasks to queue
[2024-09-24T05:13:35.906+0000] {logging_mixin.py:151} INFO - [2024-09-24T05:13:35.906+0000] {dagbag.py:539} INFO - Filling up the DagBag from /home/airflow/.local/lib/python3.8/site-packages/airflow/example_dags/example_dag_decorator.py
[2024-09-24T05:13:35.982+0000] {processor.py:839} INFO - DAG(s) dict_keys(['example_dag_decorator']) retrieved from /home/airflow/.local/lib/python3.8/site-packages/airflow/example_dags/example_dag_decorator.py
[2024-09-24T05:13:36.040+0000] {logging_mixin.py:151} INFO - [2024-09-24T05:13:36.039+0000] {dag.py:2907} INFO - Sync 1 DAGs
[2024-09-24T05:13:36.056+0000] {logging_mixin.py:151} INFO - [2024-09-24T05:13:36.056+0000] {dag.py:3677} INFO - Setting next_dagrun for example_dag_decorator to None, run_after=None
[2024-09-24T05:13:36.087+0000] {processor.py:179} INFO - Processing /home/airflow/.local/lib/python3.8/site-packages/airflow/example_dags/example_dag_decorator.py took 0.189 seconds
[2024-09-24T05:14:06.403+0000] {processor.py:157} INFO - Started process (PID=1023) to work on /home/airflow/.local/lib/python3.8/site-packages/airflow/example_dags/example_dag_decorator.py
[2024-09-24T05:14:06.404+0000] {processor.py:829} INFO - Processing file /home/airflow/.local/lib/python3.8/site-packages/airflow/example_dags/example_dag_decorator.py for tasks to queue
[2024-09-24T05:14:06.408+0000] {logging_mixin.py:151} INFO - [2024-09-24T05:14:06.407+0000] {dagbag.py:539} INFO - Filling up the DagBag from /home/airflow/.local/lib/python3.8/site-packages/airflow/example_dags/example_dag_decorator.py
[2024-09-24T05:14:06.477+0000] {processor.py:839} INFO - DAG(s) dict_keys(['example_dag_decorator']) retrieved from /home/airflow/.local/lib/python3.8/site-packages/airflow/example_dags/example_dag_decorator.py
[2024-09-24T05:14:06.604+0000] {logging_mixin.py:151} INFO - [2024-09-24T05:14:06.604+0000] {dag.py:2907} INFO - Sync 1 DAGs
[2024-09-24T05:14:06.616+0000] {logging_mixin.py:151} INFO - [2024-09-24T05:14:06.616+0000] {dag.py:3677} INFO - Setting next_dagrun for example_dag_decorator to None, run_after=None
[2024-09-24T05:14:06.651+0000] {processor.py:179} INFO - Processing /home/airflow/.local/lib/python3.8/site-packages/airflow/example_dags/example_dag_decorator.py took 0.251 seconds
[2024-09-24T05:14:36.778+0000] {processor.py:157} INFO - Started process (PID=1079) to work on /home/airflow/.local/lib/python3.8/site-packages/airflow/example_dags/example_dag_decorator.py
[2024-09-24T05:14:36.779+0000] {processor.py:829} INFO - Processing file /home/airflow/.local/lib/python3.8/site-packages/airflow/example_dags/example_dag_decorator.py for tasks to queue
[2024-09-24T05:14:36.783+0000] {logging_mixin.py:151} INFO - [2024-09-24T05:14:36.783+0000] {dagbag.py:539} INFO - Filling up the DagBag from /home/airflow/.local/lib/python3.8/site-packages/airflow/example_dags/example_dag_decorator.py
[2024-09-24T05:14:36.867+0000] {processor.py:839} INFO - DAG(s) dict_keys(['example_dag_decorator']) retrieved from /home/airflow/.local/lib/python3.8/site-packages/airflow/example_dags/example_dag_decorator.py
[2024-09-24T05:14:36.998+0000] {logging_mixin.py:151} INFO - [2024-09-24T05:14:36.998+0000] {dag.py:2907} INFO - Sync 1 DAGs
[2024-09-24T05:14:37.011+0000] {logging_mixin.py:151} INFO - [2024-09-24T05:14:37.010+0000] {dag.py:3677} INFO - Setting next_dagrun for example_dag_decorator to None, run_after=None
[2024-09-24T05:14:37.045+0000] {processor.py:179} INFO - Processing /home/airflow/.local/lib/python3.8/site-packages/airflow/example_dags/example_dag_decorator.py took 0.271 seconds
[2024-09-24T05:15:07.409+0000] {processor.py:157} INFO - Started process (PID=1135) to work on /home/airflow/.local/lib/python3.8/site-packages/airflow/example_dags/example_dag_decorator.py
[2024-09-24T05:15:07.411+0000] {processor.py:829} INFO - Processing file /home/airflow/.local/lib/python3.8/site-packages/airflow/example_dags/example_dag_decorator.py for tasks to queue
[2024-09-24T05:15:07.414+0000] {logging_mixin.py:151} INFO - [2024-09-24T05:15:07.414+0000] {dagbag.py:539} INFO - Filling up the DagBag from /home/airflow/.local/lib/python3.8/site-packages/airflow/example_dags/example_dag_decorator.py
[2024-09-24T05:15:07.489+0000] {processor.py:839} INFO - DAG(s) dict_keys(['example_dag_decorator']) retrieved from /home/airflow/.local/lib/python3.8/site-packages/airflow/example_dags/example_dag_decorator.py
[2024-09-24T05:15:07.612+0000] {logging_mixin.py:151} INFO - [2024-09-24T05:15:07.612+0000] {dag.py:2907} INFO - Sync 1 DAGs
[2024-09-24T05:15:07.624+0000] {logging_mixin.py:151} INFO - [2024-09-24T05:15:07.624+0000] {dag.py:3677} INFO - Setting next_dagrun for example_dag_decorator to None, run_after=None
[2024-09-24T05:15:07.655+0000] {processor.py:179} INFO - Processing /home/airflow/.local/lib/python3.8/site-packages/airflow/example_dags/example_dag_decorator.py took 0.250 seconds
