[2024-09-24T04:10:26.981+0000] {processor.py:157} INFO - Started process (PID=64) to work on /home/airflow/.local/lib/python3.8/site-packages/airflow/example_dags/tutorial.py
[2024-09-24T04:10:26.983+0000] {processor.py:829} INFO - Processing file /home/airflow/.local/lib/python3.8/site-packages/airflow/example_dags/tutorial.py for tasks to queue
[2024-09-24T04:10:26.987+0000] {logging_mixin.py:151} INFO - [2024-09-24T04:10:26.986+0000] {dagbag.py:539} INFO - Filling up the DagBag from /home/airflow/.local/lib/python3.8/site-packages/airflow/example_dags/tutorial.py
[2024-09-24T04:10:26.999+0000] {processor.py:839} INFO - DAG(s) dict_keys(['tutorial']) retrieved from /home/airflow/.local/lib/python3.8/site-packages/airflow/example_dags/tutorial.py
[2024-09-24T04:10:27.078+0000] {logging_mixin.py:151} INFO - [2024-09-24T04:10:27.077+0000] {dag.py:2907} INFO - Sync 1 DAGs
[2024-09-24T04:10:27.191+0000] {logging_mixin.py:151} INFO - [2024-09-24T04:10:27.191+0000] {dag.py:3677} INFO - Setting next_dagrun for tutorial to 2024-09-23T04:10:27.190389+00:00, run_after=2024-09-24T04:10:27.190389+00:00
[2024-09-24T04:10:27.243+0000] {processor.py:179} INFO - Processing /home/airflow/.local/lib/python3.8/site-packages/airflow/example_dags/tutorial.py took 0.267 seconds
[2024-09-24T05:05:47.387+0000] {processor.py:157} INFO - Started process (PID=94) to work on /home/airflow/.local/lib/python3.8/site-packages/airflow/example_dags/tutorial.py
[2024-09-24T05:05:47.389+0000] {processor.py:829} INFO - Processing file /home/airflow/.local/lib/python3.8/site-packages/airflow/example_dags/tutorial.py for tasks to queue
[2024-09-24T05:05:47.401+0000] {logging_mixin.py:151} INFO - [2024-09-24T05:05:47.400+0000] {dagbag.py:539} INFO - Filling up the DagBag from /home/airflow/.local/lib/python3.8/site-packages/airflow/example_dags/tutorial.py
[2024-09-24T05:05:48.122+0000] {processor.py:839} INFO - DAG(s) dict_keys(['tutorial']) retrieved from /home/airflow/.local/lib/python3.8/site-packages/airflow/example_dags/tutorial.py
[2024-09-24T05:05:48.274+0000] {logging_mixin.py:151} INFO - [2024-09-24T05:05:48.273+0000] {dag.py:2907} INFO - Sync 1 DAGs
[2024-09-24T05:05:48.322+0000] {logging_mixin.py:151} INFO - [2024-09-24T05:05:48.321+0000] {dag.py:3677} INFO - Setting next_dagrun for tutorial to 2024-09-23T05:05:48.321372+00:00, run_after=2024-09-24T05:05:48.321372+00:00
[2024-09-24T05:05:48.445+0000] {processor.py:179} INFO - Processing /home/airflow/.local/lib/python3.8/site-packages/airflow/example_dags/tutorial.py took 1.067 seconds
[2024-09-24T05:06:19.045+0000] {processor.py:157} INFO - Started process (PID=150) to work on /home/airflow/.local/lib/python3.8/site-packages/airflow/example_dags/tutorial.py
[2024-09-24T05:06:19.047+0000] {processor.py:829} INFO - Processing file /home/airflow/.local/lib/python3.8/site-packages/airflow/example_dags/tutorial.py for tasks to queue
[2024-09-24T05:06:19.049+0000] {logging_mixin.py:151} INFO - [2024-09-24T05:06:19.049+0000] {dagbag.py:539} INFO - Filling up the DagBag from /home/airflow/.local/lib/python3.8/site-packages/airflow/example_dags/tutorial.py
[2024-09-24T05:06:19.056+0000] {processor.py:839} INFO - DAG(s) dict_keys(['tutorial']) retrieved from /home/airflow/.local/lib/python3.8/site-packages/airflow/example_dags/tutorial.py
[2024-09-24T05:06:19.082+0000] {logging_mixin.py:151} INFO - [2024-09-24T05:06:19.081+0000] {dag.py:2907} INFO - Sync 1 DAGs
[2024-09-24T05:06:19.105+0000] {logging_mixin.py:151} INFO - [2024-09-24T05:06:19.105+0000] {dag.py:3677} INFO - Setting next_dagrun for tutorial to 2024-09-23T05:06:19.105134+00:00, run_after=2024-09-24T05:06:19.105134+00:00
[2024-09-24T05:06:19.132+0000] {processor.py:179} INFO - Processing /home/airflow/.local/lib/python3.8/site-packages/airflow/example_dags/tutorial.py took 0.090 seconds
[2024-09-24T05:06:49.581+0000] {processor.py:157} INFO - Started process (PID=206) to work on /home/airflow/.local/lib/python3.8/site-packages/airflow/example_dags/tutorial.py
[2024-09-24T05:06:49.583+0000] {processor.py:829} INFO - Processing file /home/airflow/.local/lib/python3.8/site-packages/airflow/example_dags/tutorial.py for tasks to queue
[2024-09-24T05:06:49.587+0000] {logging_mixin.py:151} INFO - [2024-09-24T05:06:49.586+0000] {dagbag.py:539} INFO - Filling up the DagBag from /home/airflow/.local/lib/python3.8/site-packages/airflow/example_dags/tutorial.py
[2024-09-24T05:06:49.594+0000] {processor.py:839} INFO - DAG(s) dict_keys(['tutorial']) retrieved from /home/airflow/.local/lib/python3.8/site-packages/airflow/example_dags/tutorial.py
[2024-09-24T05:06:49.620+0000] {logging_mixin.py:151} INFO - [2024-09-24T05:06:49.620+0000] {dag.py:2907} INFO - Sync 1 DAGs
[2024-09-24T05:06:49.646+0000] {logging_mixin.py:151} INFO - [2024-09-24T05:06:49.646+0000] {dag.py:3677} INFO - Setting next_dagrun for tutorial to 2024-09-23T05:06:49.645860+00:00, run_after=2024-09-24T05:06:49.645860+00:00
[2024-09-24T05:06:49.671+0000] {processor.py:179} INFO - Processing /home/airflow/.local/lib/python3.8/site-packages/airflow/example_dags/tutorial.py took 0.094 seconds
[2024-09-24T05:07:20.245+0000] {processor.py:157} INFO - Started process (PID=262) to work on /home/airflow/.local/lib/python3.8/site-packages/airflow/example_dags/tutorial.py
[2024-09-24T05:07:20.247+0000] {processor.py:829} INFO - Processing file /home/airflow/.local/lib/python3.8/site-packages/airflow/example_dags/tutorial.py for tasks to queue
[2024-09-24T05:07:20.250+0000] {logging_mixin.py:151} INFO - [2024-09-24T05:07:20.249+0000] {dagbag.py:539} INFO - Filling up the DagBag from /home/airflow/.local/lib/python3.8/site-packages/airflow/example_dags/tutorial.py
[2024-09-24T05:07:20.256+0000] {processor.py:839} INFO - DAG(s) dict_keys(['tutorial']) retrieved from /home/airflow/.local/lib/python3.8/site-packages/airflow/example_dags/tutorial.py
[2024-09-24T05:07:20.283+0000] {logging_mixin.py:151} INFO - [2024-09-24T05:07:20.282+0000] {dag.py:2907} INFO - Sync 1 DAGs
[2024-09-24T05:07:20.308+0000] {logging_mixin.py:151} INFO - [2024-09-24T05:07:20.308+0000] {dag.py:3677} INFO - Setting next_dagrun for tutorial to 2024-09-23T05:07:20.307841+00:00, run_after=2024-09-24T05:07:20.307841+00:00
[2024-09-24T05:07:20.342+0000] {processor.py:179} INFO - Processing /home/airflow/.local/lib/python3.8/site-packages/airflow/example_dags/tutorial.py took 0.100 seconds
[2024-09-24T05:07:50.672+0000] {processor.py:157} INFO - Started process (PID=318) to work on /home/airflow/.local/lib/python3.8/site-packages/airflow/example_dags/tutorial.py
[2024-09-24T05:07:50.674+0000] {processor.py:829} INFO - Processing file /home/airflow/.local/lib/python3.8/site-packages/airflow/example_dags/tutorial.py for tasks to queue
[2024-09-24T05:07:50.677+0000] {logging_mixin.py:151} INFO - [2024-09-24T05:07:50.677+0000] {dagbag.py:539} INFO - Filling up the DagBag from /home/airflow/.local/lib/python3.8/site-packages/airflow/example_dags/tutorial.py
[2024-09-24T05:07:50.686+0000] {processor.py:839} INFO - DAG(s) dict_keys(['tutorial']) retrieved from /home/airflow/.local/lib/python3.8/site-packages/airflow/example_dags/tutorial.py
[2024-09-24T05:07:50.735+0000] {logging_mixin.py:151} INFO - [2024-09-24T05:07:50.734+0000] {dag.py:2907} INFO - Sync 1 DAGs
[2024-09-24T05:07:50.768+0000] {logging_mixin.py:151} INFO - [2024-09-24T05:07:50.768+0000] {dag.py:3677} INFO - Setting next_dagrun for tutorial to 2024-09-23T05:07:50.768156+00:00, run_after=2024-09-24T05:07:50.768156+00:00
[2024-09-24T05:07:50.809+0000] {processor.py:179} INFO - Processing /home/airflow/.local/lib/python3.8/site-packages/airflow/example_dags/tutorial.py took 0.141 seconds
[2024-09-24T05:08:21.117+0000] {processor.py:157} INFO - Started process (PID=374) to work on /home/airflow/.local/lib/python3.8/site-packages/airflow/example_dags/tutorial.py
[2024-09-24T05:08:21.119+0000] {processor.py:829} INFO - Processing file /home/airflow/.local/lib/python3.8/site-packages/airflow/example_dags/tutorial.py for tasks to queue
[2024-09-24T05:08:21.122+0000] {logging_mixin.py:151} INFO - [2024-09-24T05:08:21.121+0000] {dagbag.py:539} INFO - Filling up the DagBag from /home/airflow/.local/lib/python3.8/site-packages/airflow/example_dags/tutorial.py
[2024-09-24T05:08:21.128+0000] {processor.py:839} INFO - DAG(s) dict_keys(['tutorial']) retrieved from /home/airflow/.local/lib/python3.8/site-packages/airflow/example_dags/tutorial.py
[2024-09-24T05:08:21.167+0000] {logging_mixin.py:151} INFO - [2024-09-24T05:08:21.167+0000] {dag.py:2907} INFO - Sync 1 DAGs
[2024-09-24T05:08:21.193+0000] {logging_mixin.py:151} INFO - [2024-09-24T05:08:21.193+0000] {dag.py:3677} INFO - Setting next_dagrun for tutorial to 2024-09-23T05:08:21.192456+00:00, run_after=2024-09-24T05:08:21.192456+00:00
[2024-09-24T05:08:21.231+0000] {processor.py:179} INFO - Processing /home/airflow/.local/lib/python3.8/site-packages/airflow/example_dags/tutorial.py took 0.117 seconds
[2024-09-24T05:08:51.708+0000] {processor.py:157} INFO - Started process (PID=430) to work on /home/airflow/.local/lib/python3.8/site-packages/airflow/example_dags/tutorial.py
[2024-09-24T05:08:51.719+0000] {processor.py:829} INFO - Processing file /home/airflow/.local/lib/python3.8/site-packages/airflow/example_dags/tutorial.py for tasks to queue
[2024-09-24T05:08:51.741+0000] {logging_mixin.py:151} INFO - [2024-09-24T05:08:51.740+0000] {dagbag.py:539} INFO - Filling up the DagBag from /home/airflow/.local/lib/python3.8/site-packages/airflow/example_dags/tutorial.py
[2024-09-24T05:08:51.822+0000] {processor.py:839} INFO - DAG(s) dict_keys(['tutorial']) retrieved from /home/airflow/.local/lib/python3.8/site-packages/airflow/example_dags/tutorial.py
[2024-09-24T05:08:53.678+0000] {logging_mixin.py:151} INFO - [2024-09-24T05:08:53.677+0000] {dag.py:2907} INFO - Sync 1 DAGs
[2024-09-24T05:08:53.754+0000] {logging_mixin.py:151} INFO - [2024-09-24T05:08:53.753+0000] {dag.py:3677} INFO - Setting next_dagrun for tutorial to 2024-09-23T05:08:53.753028+00:00, run_after=2024-09-24T05:08:53.753028+00:00
[2024-09-24T05:08:53.818+0000] {processor.py:179} INFO - Processing /home/airflow/.local/lib/python3.8/site-packages/airflow/example_dags/tutorial.py took 2.140 seconds
[2024-09-24T05:09:23.957+0000] {processor.py:157} INFO - Started process (PID=493) to work on /home/airflow/.local/lib/python3.8/site-packages/airflow/example_dags/tutorial.py
[2024-09-24T05:09:23.958+0000] {processor.py:829} INFO - Processing file /home/airflow/.local/lib/python3.8/site-packages/airflow/example_dags/tutorial.py for tasks to queue
[2024-09-24T05:09:23.961+0000] {logging_mixin.py:151} INFO - [2024-09-24T05:09:23.960+0000] {dagbag.py:539} INFO - Filling up the DagBag from /home/airflow/.local/lib/python3.8/site-packages/airflow/example_dags/tutorial.py
[2024-09-24T05:09:23.968+0000] {processor.py:839} INFO - DAG(s) dict_keys(['tutorial']) retrieved from /home/airflow/.local/lib/python3.8/site-packages/airflow/example_dags/tutorial.py
[2024-09-24T05:09:23.994+0000] {logging_mixin.py:151} INFO - [2024-09-24T05:09:23.993+0000] {dag.py:2907} INFO - Sync 1 DAGs
[2024-09-24T05:09:24.019+0000] {logging_mixin.py:151} INFO - [2024-09-24T05:09:24.018+0000] {dag.py:3677} INFO - Setting next_dagrun for tutorial to 2024-09-23T05:09:24.018734+00:00, run_after=2024-09-24T05:09:24.018734+00:00
[2024-09-24T05:09:24.047+0000] {processor.py:179} INFO - Processing /home/airflow/.local/lib/python3.8/site-packages/airflow/example_dags/tutorial.py took 0.094 seconds
[2024-09-24T05:09:54.592+0000] {processor.py:157} INFO - Started process (PID=549) to work on /home/airflow/.local/lib/python3.8/site-packages/airflow/example_dags/tutorial.py
[2024-09-24T05:09:54.595+0000] {processor.py:829} INFO - Processing file /home/airflow/.local/lib/python3.8/site-packages/airflow/example_dags/tutorial.py for tasks to queue
[2024-09-24T05:09:54.598+0000] {logging_mixin.py:151} INFO - [2024-09-24T05:09:54.597+0000] {dagbag.py:539} INFO - Filling up the DagBag from /home/airflow/.local/lib/python3.8/site-packages/airflow/example_dags/tutorial.py
[2024-09-24T05:09:54.605+0000] {processor.py:839} INFO - DAG(s) dict_keys(['tutorial']) retrieved from /home/airflow/.local/lib/python3.8/site-packages/airflow/example_dags/tutorial.py
[2024-09-24T05:09:54.636+0000] {logging_mixin.py:151} INFO - [2024-09-24T05:09:54.636+0000] {dag.py:2907} INFO - Sync 1 DAGs
[2024-09-24T05:09:54.664+0000] {logging_mixin.py:151} INFO - [2024-09-24T05:09:54.663+0000] {dag.py:3677} INFO - Setting next_dagrun for tutorial to 2024-09-23T05:09:54.663708+00:00, run_after=2024-09-24T05:09:54.663708+00:00
[2024-09-24T05:09:54.693+0000] {processor.py:179} INFO - Processing /home/airflow/.local/lib/python3.8/site-packages/airflow/example_dags/tutorial.py took 0.105 seconds
[2024-09-24T05:10:25.555+0000] {processor.py:157} INFO - Started process (PID=605) to work on /home/airflow/.local/lib/python3.8/site-packages/airflow/example_dags/tutorial.py
[2024-09-24T05:10:25.558+0000] {processor.py:829} INFO - Processing file /home/airflow/.local/lib/python3.8/site-packages/airflow/example_dags/tutorial.py for tasks to queue
[2024-09-24T05:10:25.563+0000] {logging_mixin.py:151} INFO - [2024-09-24T05:10:25.563+0000] {dagbag.py:539} INFO - Filling up the DagBag from /home/airflow/.local/lib/python3.8/site-packages/airflow/example_dags/tutorial.py
[2024-09-24T05:10:25.573+0000] {processor.py:839} INFO - DAG(s) dict_keys(['tutorial']) retrieved from /home/airflow/.local/lib/python3.8/site-packages/airflow/example_dags/tutorial.py
[2024-09-24T05:10:25.611+0000] {logging_mixin.py:151} INFO - [2024-09-24T05:10:25.610+0000] {dag.py:2907} INFO - Sync 1 DAGs
[2024-09-24T05:10:25.650+0000] {logging_mixin.py:151} INFO - [2024-09-24T05:10:25.650+0000] {dag.py:3677} INFO - Setting next_dagrun for tutorial to 2024-09-23T05:10:25.649988+00:00, run_after=2024-09-24T05:10:25.649988+00:00
[2024-09-24T05:10:25.685+0000] {processor.py:179} INFO - Processing /home/airflow/.local/lib/python3.8/site-packages/airflow/example_dags/tutorial.py took 0.134 seconds
[2024-09-24T05:10:56.148+0000] {processor.py:157} INFO - Started process (PID=661) to work on /home/airflow/.local/lib/python3.8/site-packages/airflow/example_dags/tutorial.py
[2024-09-24T05:10:56.151+0000] {processor.py:829} INFO - Processing file /home/airflow/.local/lib/python3.8/site-packages/airflow/example_dags/tutorial.py for tasks to queue
[2024-09-24T05:10:56.156+0000] {logging_mixin.py:151} INFO - [2024-09-24T05:10:56.155+0000] {dagbag.py:539} INFO - Filling up the DagBag from /home/airflow/.local/lib/python3.8/site-packages/airflow/example_dags/tutorial.py
[2024-09-24T05:10:56.169+0000] {processor.py:839} INFO - DAG(s) dict_keys(['tutorial']) retrieved from /home/airflow/.local/lib/python3.8/site-packages/airflow/example_dags/tutorial.py
[2024-09-24T05:10:56.214+0000] {logging_mixin.py:151} INFO - [2024-09-24T05:10:56.213+0000] {dag.py:2907} INFO - Sync 1 DAGs
[2024-09-24T05:10:56.255+0000] {logging_mixin.py:151} INFO - [2024-09-24T05:10:56.255+0000] {dag.py:3677} INFO - Setting next_dagrun for tutorial to 2024-09-23T05:10:56.255083+00:00, run_after=2024-09-24T05:10:56.255083+00:00
[2024-09-24T05:10:56.295+0000] {processor.py:179} INFO - Processing /home/airflow/.local/lib/python3.8/site-packages/airflow/example_dags/tutorial.py took 0.154 seconds
[2024-09-24T05:11:26.396+0000] {processor.py:157} INFO - Started process (PID=717) to work on /home/airflow/.local/lib/python3.8/site-packages/airflow/example_dags/tutorial.py
[2024-09-24T05:11:26.397+0000] {processor.py:829} INFO - Processing file /home/airflow/.local/lib/python3.8/site-packages/airflow/example_dags/tutorial.py for tasks to queue
[2024-09-24T05:11:26.401+0000] {logging_mixin.py:151} INFO - [2024-09-24T05:11:26.400+0000] {dagbag.py:539} INFO - Filling up the DagBag from /home/airflow/.local/lib/python3.8/site-packages/airflow/example_dags/tutorial.py
[2024-09-24T05:11:26.408+0000] {processor.py:839} INFO - DAG(s) dict_keys(['tutorial']) retrieved from /home/airflow/.local/lib/python3.8/site-packages/airflow/example_dags/tutorial.py
[2024-09-24T05:11:26.446+0000] {logging_mixin.py:151} INFO - [2024-09-24T05:11:26.445+0000] {dag.py:2907} INFO - Sync 1 DAGs
[2024-09-24T05:11:26.477+0000] {logging_mixin.py:151} INFO - [2024-09-24T05:11:26.477+0000] {dag.py:3677} INFO - Setting next_dagrun for tutorial to 2024-09-23T05:11:26.477040+00:00, run_after=2024-09-24T05:11:26.477040+00:00
[2024-09-24T05:11:26.515+0000] {processor.py:179} INFO - Processing /home/airflow/.local/lib/python3.8/site-packages/airflow/example_dags/tutorial.py took 0.123 seconds
[2024-09-24T05:11:57.588+0000] {processor.py:157} INFO - Started process (PID=773) to work on /home/airflow/.local/lib/python3.8/site-packages/airflow/example_dags/tutorial.py
[2024-09-24T05:11:57.598+0000] {processor.py:829} INFO - Processing file /home/airflow/.local/lib/python3.8/site-packages/airflow/example_dags/tutorial.py for tasks to queue
[2024-09-24T05:11:57.608+0000] {logging_mixin.py:151} INFO - [2024-09-24T05:11:57.606+0000] {dagbag.py:539} INFO - Filling up the DagBag from /home/airflow/.local/lib/python3.8/site-packages/airflow/example_dags/tutorial.py
[2024-09-24T05:11:57.635+0000] {processor.py:839} INFO - DAG(s) dict_keys(['tutorial']) retrieved from /home/airflow/.local/lib/python3.8/site-packages/airflow/example_dags/tutorial.py
[2024-09-24T05:11:57.724+0000] {logging_mixin.py:151} INFO - [2024-09-24T05:11:57.722+0000] {dag.py:2907} INFO - Sync 1 DAGs
[2024-09-24T05:11:57.802+0000] {logging_mixin.py:151} INFO - [2024-09-24T05:11:57.801+0000] {dag.py:3677} INFO - Setting next_dagrun for tutorial to 2024-09-23T05:11:57.801502+00:00, run_after=2024-09-24T05:11:57.801502+00:00
[2024-09-24T05:11:57.851+0000] {processor.py:179} INFO - Processing /home/airflow/.local/lib/python3.8/site-packages/airflow/example_dags/tutorial.py took 0.274 seconds
[2024-09-24T05:12:27.970+0000] {processor.py:157} INFO - Started process (PID=833) to work on /home/airflow/.local/lib/python3.8/site-packages/airflow/example_dags/tutorial.py
[2024-09-24T05:12:27.973+0000] {processor.py:829} INFO - Processing file /home/airflow/.local/lib/python3.8/site-packages/airflow/example_dags/tutorial.py for tasks to queue
[2024-09-24T05:12:27.980+0000] {logging_mixin.py:151} INFO - [2024-09-24T05:12:27.979+0000] {dagbag.py:539} INFO - Filling up the DagBag from /home/airflow/.local/lib/python3.8/site-packages/airflow/example_dags/tutorial.py
[2024-09-24T05:12:27.993+0000] {processor.py:839} INFO - DAG(s) dict_keys(['tutorial']) retrieved from /home/airflow/.local/lib/python3.8/site-packages/airflow/example_dags/tutorial.py
[2024-09-24T05:12:28.028+0000] {logging_mixin.py:151} INFO - [2024-09-24T05:12:28.027+0000] {dag.py:2907} INFO - Sync 1 DAGs
[2024-09-24T05:12:28.066+0000] {logging_mixin.py:151} INFO - [2024-09-24T05:12:28.066+0000] {dag.py:3677} INFO - Setting next_dagrun for tutorial to 2024-09-23T05:12:28.066226+00:00, run_after=2024-09-24T05:12:28.066226+00:00
[2024-09-24T05:12:28.100+0000] {processor.py:179} INFO - Processing /home/airflow/.local/lib/python3.8/site-packages/airflow/example_dags/tutorial.py took 0.138 seconds
[2024-09-24T05:12:58.438+0000] {processor.py:157} INFO - Started process (PID=890) to work on /home/airflow/.local/lib/python3.8/site-packages/airflow/example_dags/tutorial.py
[2024-09-24T05:12:58.439+0000] {processor.py:829} INFO - Processing file /home/airflow/.local/lib/python3.8/site-packages/airflow/example_dags/tutorial.py for tasks to queue
[2024-09-24T05:12:58.443+0000] {logging_mixin.py:151} INFO - [2024-09-24T05:12:58.442+0000] {dagbag.py:539} INFO - Filling up the DagBag from /home/airflow/.local/lib/python3.8/site-packages/airflow/example_dags/tutorial.py
[2024-09-24T05:12:58.450+0000] {processor.py:839} INFO - DAG(s) dict_keys(['tutorial']) retrieved from /home/airflow/.local/lib/python3.8/site-packages/airflow/example_dags/tutorial.py
[2024-09-24T05:12:58.476+0000] {logging_mixin.py:151} INFO - [2024-09-24T05:12:58.476+0000] {dag.py:2907} INFO - Sync 1 DAGs
[2024-09-24T05:12:58.501+0000] {logging_mixin.py:151} INFO - [2024-09-24T05:12:58.500+0000] {dag.py:3677} INFO - Setting next_dagrun for tutorial to 2024-09-23T05:12:58.500634+00:00, run_after=2024-09-24T05:12:58.500634+00:00
[2024-09-24T05:12:58.529+0000] {processor.py:179} INFO - Processing /home/airflow/.local/lib/python3.8/site-packages/airflow/example_dags/tutorial.py took 0.095 seconds
[2024-09-24T05:13:29.270+0000] {processor.py:157} INFO - Started process (PID=946) to work on /home/airflow/.local/lib/python3.8/site-packages/airflow/example_dags/tutorial.py
[2024-09-24T05:13:29.272+0000] {processor.py:829} INFO - Processing file /home/airflow/.local/lib/python3.8/site-packages/airflow/example_dags/tutorial.py for tasks to queue
[2024-09-24T05:13:29.275+0000] {logging_mixin.py:151} INFO - [2024-09-24T05:13:29.274+0000] {dagbag.py:539} INFO - Filling up the DagBag from /home/airflow/.local/lib/python3.8/site-packages/airflow/example_dags/tutorial.py
[2024-09-24T05:13:29.281+0000] {processor.py:839} INFO - DAG(s) dict_keys(['tutorial']) retrieved from /home/airflow/.local/lib/python3.8/site-packages/airflow/example_dags/tutorial.py
[2024-09-24T05:13:29.311+0000] {logging_mixin.py:151} INFO - [2024-09-24T05:13:29.310+0000] {dag.py:2907} INFO - Sync 1 DAGs
[2024-09-24T05:13:29.336+0000] {logging_mixin.py:151} INFO - [2024-09-24T05:13:29.335+0000] {dag.py:3677} INFO - Setting next_dagrun for tutorial to 2024-09-23T05:13:29.335566+00:00, run_after=2024-09-24T05:13:29.335566+00:00
[2024-09-24T05:13:29.362+0000] {processor.py:179} INFO - Processing /home/airflow/.local/lib/python3.8/site-packages/airflow/example_dags/tutorial.py took 0.095 seconds
[2024-09-24T05:13:59.808+0000] {processor.py:157} INFO - Started process (PID=1002) to work on /home/airflow/.local/lib/python3.8/site-packages/airflow/example_dags/tutorial.py
[2024-09-24T05:13:59.810+0000] {processor.py:829} INFO - Processing file /home/airflow/.local/lib/python3.8/site-packages/airflow/example_dags/tutorial.py for tasks to queue
[2024-09-24T05:13:59.812+0000] {logging_mixin.py:151} INFO - [2024-09-24T05:13:59.812+0000] {dagbag.py:539} INFO - Filling up the DagBag from /home/airflow/.local/lib/python3.8/site-packages/airflow/example_dags/tutorial.py
[2024-09-24T05:13:59.818+0000] {processor.py:839} INFO - DAG(s) dict_keys(['tutorial']) retrieved from /home/airflow/.local/lib/python3.8/site-packages/airflow/example_dags/tutorial.py
[2024-09-24T05:13:59.848+0000] {logging_mixin.py:151} INFO - [2024-09-24T05:13:59.848+0000] {dag.py:2907} INFO - Sync 1 DAGs
[2024-09-24T05:13:59.874+0000] {logging_mixin.py:151} INFO - [2024-09-24T05:13:59.873+0000] {dag.py:3677} INFO - Setting next_dagrun for tutorial to 2024-09-23T05:13:59.873675+00:00, run_after=2024-09-24T05:13:59.873675+00:00
[2024-09-24T05:13:59.899+0000] {processor.py:179} INFO - Processing /home/airflow/.local/lib/python3.8/site-packages/airflow/example_dags/tutorial.py took 0.095 seconds
[2024-09-24T05:14:30.101+0000] {processor.py:157} INFO - Started process (PID=1058) to work on /home/airflow/.local/lib/python3.8/site-packages/airflow/example_dags/tutorial.py
[2024-09-24T05:14:30.103+0000] {processor.py:829} INFO - Processing file /home/airflow/.local/lib/python3.8/site-packages/airflow/example_dags/tutorial.py for tasks to queue
[2024-09-24T05:14:30.106+0000] {logging_mixin.py:151} INFO - [2024-09-24T05:14:30.106+0000] {dagbag.py:539} INFO - Filling up the DagBag from /home/airflow/.local/lib/python3.8/site-packages/airflow/example_dags/tutorial.py
[2024-09-24T05:14:30.113+0000] {processor.py:839} INFO - DAG(s) dict_keys(['tutorial']) retrieved from /home/airflow/.local/lib/python3.8/site-packages/airflow/example_dags/tutorial.py
[2024-09-24T05:14:30.140+0000] {logging_mixin.py:151} INFO - [2024-09-24T05:14:30.140+0000] {dag.py:2907} INFO - Sync 1 DAGs
[2024-09-24T05:14:30.164+0000] {logging_mixin.py:151} INFO - [2024-09-24T05:14:30.164+0000] {dag.py:3677} INFO - Setting next_dagrun for tutorial to 2024-09-23T05:14:30.163857+00:00, run_after=2024-09-24T05:14:30.163857+00:00
[2024-09-24T05:14:30.207+0000] {processor.py:179} INFO - Processing /home/airflow/.local/lib/python3.8/site-packages/airflow/example_dags/tutorial.py took 0.110 seconds
[2024-09-24T05:15:00.568+0000] {processor.py:157} INFO - Started process (PID=1114) to work on /home/airflow/.local/lib/python3.8/site-packages/airflow/example_dags/tutorial.py
[2024-09-24T05:15:00.569+0000] {processor.py:829} INFO - Processing file /home/airflow/.local/lib/python3.8/site-packages/airflow/example_dags/tutorial.py for tasks to queue
[2024-09-24T05:15:00.572+0000] {logging_mixin.py:151} INFO - [2024-09-24T05:15:00.572+0000] {dagbag.py:539} INFO - Filling up the DagBag from /home/airflow/.local/lib/python3.8/site-packages/airflow/example_dags/tutorial.py
[2024-09-24T05:15:00.579+0000] {processor.py:839} INFO - DAG(s) dict_keys(['tutorial']) retrieved from /home/airflow/.local/lib/python3.8/site-packages/airflow/example_dags/tutorial.py
[2024-09-24T05:15:00.607+0000] {logging_mixin.py:151} INFO - [2024-09-24T05:15:00.606+0000] {dag.py:2907} INFO - Sync 1 DAGs
[2024-09-24T05:15:00.633+0000] {logging_mixin.py:151} INFO - [2024-09-24T05:15:00.633+0000] {dag.py:3677} INFO - Setting next_dagrun for tutorial to 2024-09-23T05:15:00.633199+00:00, run_after=2024-09-24T05:15:00.633199+00:00
[2024-09-24T05:15:00.661+0000] {processor.py:179} INFO - Processing /home/airflow/.local/lib/python3.8/site-packages/airflow/example_dags/tutorial.py took 0.098 seconds
