[2024-09-24T05:05:52.154+0000] {processor.py:157} INFO - Started process (PID=112) to work on /home/airflow/.local/lib/python3.8/site-packages/airflow/example_dags/tutorial_dag.py
[2024-09-24T05:05:52.158+0000] {processor.py:829} INFO - Processing file /home/airflow/.local/lib/python3.8/site-packages/airflow/example_dags/tutorial_dag.py for tasks to queue
[2024-09-24T05:05:52.165+0000] {logging_mixin.py:151} INFO - [2024-09-24T05:05:52.164+0000] {dagbag.py:539} INFO - Filling up the DagBag from /home/airflow/.local/lib/python3.8/site-packages/airflow/example_dags/tutorial_dag.py
[2024-09-24T05:05:52.196+0000] {processor.py:839} INFO - DAG(s) dict_keys(['tutorial_dag']) retrieved from /home/airflow/.local/lib/python3.8/site-packages/airflow/example_dags/tutorial_dag.py
[2024-09-24T05:05:52.284+0000] {logging_mixin.py:151} INFO - [2024-09-24T05:05:52.284+0000] {dag.py:2907} INFO - Sync 1 DAGs
[2024-09-24T05:05:52.349+0000] {logging_mixin.py:151} INFO - [2024-09-24T05:05:52.348+0000] {dag.py:3677} INFO - Setting next_dagrun for tutorial_dag to None, run_after=None
[2024-09-24T05:05:52.664+0000] {processor.py:179} INFO - Processing /home/airflow/.local/lib/python3.8/site-packages/airflow/example_dags/tutorial_dag.py took 0.523 seconds
[2024-09-24T05:06:22.918+0000] {processor.py:157} INFO - Started process (PID=161) to work on /home/airflow/.local/lib/python3.8/site-packages/airflow/example_dags/tutorial_dag.py
[2024-09-24T05:06:22.920+0000] {processor.py:829} INFO - Processing file /home/airflow/.local/lib/python3.8/site-packages/airflow/example_dags/tutorial_dag.py for tasks to queue
[2024-09-24T05:06:22.923+0000] {logging_mixin.py:151} INFO - [2024-09-24T05:06:22.922+0000] {dagbag.py:539} INFO - Filling up the DagBag from /home/airflow/.local/lib/python3.8/site-packages/airflow/example_dags/tutorial_dag.py
[2024-09-24T05:06:22.928+0000] {processor.py:839} INFO - DAG(s) dict_keys(['tutorial_dag']) retrieved from /home/airflow/.local/lib/python3.8/site-packages/airflow/example_dags/tutorial_dag.py
[2024-09-24T05:06:22.952+0000] {logging_mixin.py:151} INFO - [2024-09-24T05:06:22.952+0000] {dag.py:2907} INFO - Sync 1 DAGs
[2024-09-24T05:06:22.966+0000] {logging_mixin.py:151} INFO - [2024-09-24T05:06:22.965+0000] {dag.py:3677} INFO - Setting next_dagrun for tutorial_dag to None, run_after=None
[2024-09-24T05:06:22.994+0000] {processor.py:179} INFO - Processing /home/airflow/.local/lib/python3.8/site-packages/airflow/example_dags/tutorial_dag.py took 0.080 seconds
[2024-09-24T05:06:53.525+0000] {processor.py:157} INFO - Started process (PID=224) to work on /home/airflow/.local/lib/python3.8/site-packages/airflow/example_dags/tutorial_dag.py
[2024-09-24T05:06:53.526+0000] {processor.py:829} INFO - Processing file /home/airflow/.local/lib/python3.8/site-packages/airflow/example_dags/tutorial_dag.py for tasks to queue
[2024-09-24T05:06:53.529+0000] {logging_mixin.py:151} INFO - [2024-09-24T05:06:53.528+0000] {dagbag.py:539} INFO - Filling up the DagBag from /home/airflow/.local/lib/python3.8/site-packages/airflow/example_dags/tutorial_dag.py
[2024-09-24T05:06:53.534+0000] {processor.py:839} INFO - DAG(s) dict_keys(['tutorial_dag']) retrieved from /home/airflow/.local/lib/python3.8/site-packages/airflow/example_dags/tutorial_dag.py
[2024-09-24T05:06:53.557+0000] {logging_mixin.py:151} INFO - [2024-09-24T05:06:53.557+0000] {dag.py:2907} INFO - Sync 1 DAGs
[2024-09-24T05:06:53.571+0000] {logging_mixin.py:151} INFO - [2024-09-24T05:06:53.570+0000] {dag.py:3677} INFO - Setting next_dagrun for tutorial_dag to None, run_after=None
[2024-09-24T05:06:53.595+0000] {processor.py:179} INFO - Processing /home/airflow/.local/lib/python3.8/site-packages/airflow/example_dags/tutorial_dag.py took 0.073 seconds
[2024-09-24T05:07:24.046+0000] {processor.py:157} INFO - Started process (PID=280) to work on /home/airflow/.local/lib/python3.8/site-packages/airflow/example_dags/tutorial_dag.py
[2024-09-24T05:07:24.047+0000] {processor.py:829} INFO - Processing file /home/airflow/.local/lib/python3.8/site-packages/airflow/example_dags/tutorial_dag.py for tasks to queue
[2024-09-24T05:07:24.051+0000] {logging_mixin.py:151} INFO - [2024-09-24T05:07:24.051+0000] {dagbag.py:539} INFO - Filling up the DagBag from /home/airflow/.local/lib/python3.8/site-packages/airflow/example_dags/tutorial_dag.py
[2024-09-24T05:07:24.056+0000] {processor.py:839} INFO - DAG(s) dict_keys(['tutorial_dag']) retrieved from /home/airflow/.local/lib/python3.8/site-packages/airflow/example_dags/tutorial_dag.py
[2024-09-24T05:07:24.082+0000] {logging_mixin.py:151} INFO - [2024-09-24T05:07:24.082+0000] {dag.py:2907} INFO - Sync 1 DAGs
[2024-09-24T05:07:24.098+0000] {logging_mixin.py:151} INFO - [2024-09-24T05:07:24.097+0000] {dag.py:3677} INFO - Setting next_dagrun for tutorial_dag to None, run_after=None
[2024-09-24T05:07:24.131+0000] {processor.py:179} INFO - Processing /home/airflow/.local/lib/python3.8/site-packages/airflow/example_dags/tutorial_dag.py took 0.088 seconds
[2024-09-24T05:07:54.590+0000] {processor.py:157} INFO - Started process (PID=336) to work on /home/airflow/.local/lib/python3.8/site-packages/airflow/example_dags/tutorial_dag.py
[2024-09-24T05:07:54.592+0000] {processor.py:829} INFO - Processing file /home/airflow/.local/lib/python3.8/site-packages/airflow/example_dags/tutorial_dag.py for tasks to queue
[2024-09-24T05:07:54.595+0000] {logging_mixin.py:151} INFO - [2024-09-24T05:07:54.595+0000] {dagbag.py:539} INFO - Filling up the DagBag from /home/airflow/.local/lib/python3.8/site-packages/airflow/example_dags/tutorial_dag.py
[2024-09-24T05:07:54.601+0000] {processor.py:839} INFO - DAG(s) dict_keys(['tutorial_dag']) retrieved from /home/airflow/.local/lib/python3.8/site-packages/airflow/example_dags/tutorial_dag.py
[2024-09-24T05:07:54.629+0000] {logging_mixin.py:151} INFO - [2024-09-24T05:07:54.629+0000] {dag.py:2907} INFO - Sync 1 DAGs
[2024-09-24T05:07:54.645+0000] {logging_mixin.py:151} INFO - [2024-09-24T05:07:54.645+0000] {dag.py:3677} INFO - Setting next_dagrun for tutorial_dag to None, run_after=None
[2024-09-24T05:07:54.679+0000] {processor.py:179} INFO - Processing /home/airflow/.local/lib/python3.8/site-packages/airflow/example_dags/tutorial_dag.py took 0.093 seconds
[2024-09-24T05:08:24.974+0000] {processor.py:157} INFO - Started process (PID=392) to work on /home/airflow/.local/lib/python3.8/site-packages/airflow/example_dags/tutorial_dag.py
[2024-09-24T05:08:24.975+0000] {processor.py:829} INFO - Processing file /home/airflow/.local/lib/python3.8/site-packages/airflow/example_dags/tutorial_dag.py for tasks to queue
[2024-09-24T05:08:24.979+0000] {logging_mixin.py:151} INFO - [2024-09-24T05:08:24.978+0000] {dagbag.py:539} INFO - Filling up the DagBag from /home/airflow/.local/lib/python3.8/site-packages/airflow/example_dags/tutorial_dag.py
[2024-09-24T05:08:24.989+0000] {processor.py:839} INFO - DAG(s) dict_keys(['tutorial_dag']) retrieved from /home/airflow/.local/lib/python3.8/site-packages/airflow/example_dags/tutorial_dag.py
[2024-09-24T05:08:25.014+0000] {logging_mixin.py:151} INFO - [2024-09-24T05:08:25.014+0000] {dag.py:2907} INFO - Sync 1 DAGs
[2024-09-24T05:08:25.028+0000] {logging_mixin.py:151} INFO - [2024-09-24T05:08:25.028+0000] {dag.py:3677} INFO - Setting next_dagrun for tutorial_dag to None, run_after=None
[2024-09-24T05:08:25.055+0000] {processor.py:179} INFO - Processing /home/airflow/.local/lib/python3.8/site-packages/airflow/example_dags/tutorial_dag.py took 0.085 seconds
[2024-09-24T05:08:55.775+0000] {processor.py:157} INFO - Started process (PID=448) to work on /home/airflow/.local/lib/python3.8/site-packages/airflow/example_dags/tutorial_dag.py
[2024-09-24T05:08:55.778+0000] {processor.py:829} INFO - Processing file /home/airflow/.local/lib/python3.8/site-packages/airflow/example_dags/tutorial_dag.py for tasks to queue
[2024-09-24T05:08:55.787+0000] {logging_mixin.py:151} INFO - [2024-09-24T05:08:55.786+0000] {dagbag.py:539} INFO - Filling up the DagBag from /home/airflow/.local/lib/python3.8/site-packages/airflow/example_dags/tutorial_dag.py
[2024-09-24T05:08:55.809+0000] {processor.py:839} INFO - DAG(s) dict_keys(['tutorial_dag']) retrieved from /home/airflow/.local/lib/python3.8/site-packages/airflow/example_dags/tutorial_dag.py
[2024-09-24T05:08:55.888+0000] {logging_mixin.py:151} INFO - [2024-09-24T05:08:55.888+0000] {dag.py:2907} INFO - Sync 1 DAGs
[2024-09-24T05:08:55.913+0000] {logging_mixin.py:151} INFO - [2024-09-24T05:08:55.912+0000] {dag.py:3677} INFO - Setting next_dagrun for tutorial_dag to None, run_after=None
[2024-09-24T05:08:55.968+0000] {processor.py:179} INFO - Processing /home/airflow/.local/lib/python3.8/site-packages/airflow/example_dags/tutorial_dag.py took 0.197 seconds
[2024-09-24T05:09:26.721+0000] {processor.py:157} INFO - Started process (PID=504) to work on /home/airflow/.local/lib/python3.8/site-packages/airflow/example_dags/tutorial_dag.py
[2024-09-24T05:09:26.722+0000] {processor.py:829} INFO - Processing file /home/airflow/.local/lib/python3.8/site-packages/airflow/example_dags/tutorial_dag.py for tasks to queue
[2024-09-24T05:09:26.726+0000] {logging_mixin.py:151} INFO - [2024-09-24T05:09:26.725+0000] {dagbag.py:539} INFO - Filling up the DagBag from /home/airflow/.local/lib/python3.8/site-packages/airflow/example_dags/tutorial_dag.py
[2024-09-24T05:09:26.731+0000] {processor.py:839} INFO - DAG(s) dict_keys(['tutorial_dag']) retrieved from /home/airflow/.local/lib/python3.8/site-packages/airflow/example_dags/tutorial_dag.py
[2024-09-24T05:09:26.756+0000] {logging_mixin.py:151} INFO - [2024-09-24T05:09:26.756+0000] {dag.py:2907} INFO - Sync 1 DAGs
[2024-09-24T05:09:26.771+0000] {logging_mixin.py:151} INFO - [2024-09-24T05:09:26.770+0000] {dag.py:3677} INFO - Setting next_dagrun for tutorial_dag to None, run_after=None
[2024-09-24T05:09:26.796+0000] {processor.py:179} INFO - Processing /home/airflow/.local/lib/python3.8/site-packages/airflow/example_dags/tutorial_dag.py took 0.080 seconds
[2024-09-24T05:09:57.600+0000] {processor.py:157} INFO - Started process (PID=560) to work on /home/airflow/.local/lib/python3.8/site-packages/airflow/example_dags/tutorial_dag.py
[2024-09-24T05:09:57.603+0000] {processor.py:829} INFO - Processing file /home/airflow/.local/lib/python3.8/site-packages/airflow/example_dags/tutorial_dag.py for tasks to queue
[2024-09-24T05:09:57.608+0000] {logging_mixin.py:151} INFO - [2024-09-24T05:09:57.607+0000] {dagbag.py:539} INFO - Filling up the DagBag from /home/airflow/.local/lib/python3.8/site-packages/airflow/example_dags/tutorial_dag.py
[2024-09-24T05:09:57.616+0000] {processor.py:839} INFO - DAG(s) dict_keys(['tutorial_dag']) retrieved from /home/airflow/.local/lib/python3.8/site-packages/airflow/example_dags/tutorial_dag.py
[2024-09-24T05:09:57.643+0000] {logging_mixin.py:151} INFO - [2024-09-24T05:09:57.642+0000] {dag.py:2907} INFO - Sync 1 DAGs
[2024-09-24T05:09:57.659+0000] {logging_mixin.py:151} INFO - [2024-09-24T05:09:57.658+0000] {dag.py:3677} INFO - Setting next_dagrun for tutorial_dag to None, run_after=None
[2024-09-24T05:09:57.684+0000] {processor.py:179} INFO - Processing /home/airflow/.local/lib/python3.8/site-packages/airflow/example_dags/tutorial_dag.py took 0.087 seconds
[2024-09-24T05:10:28.487+0000] {processor.py:157} INFO - Started process (PID=616) to work on /home/airflow/.local/lib/python3.8/site-packages/airflow/example_dags/tutorial_dag.py
[2024-09-24T05:10:28.489+0000] {processor.py:829} INFO - Processing file /home/airflow/.local/lib/python3.8/site-packages/airflow/example_dags/tutorial_dag.py for tasks to queue
[2024-09-24T05:10:28.493+0000] {logging_mixin.py:151} INFO - [2024-09-24T05:10:28.492+0000] {dagbag.py:539} INFO - Filling up the DagBag from /home/airflow/.local/lib/python3.8/site-packages/airflow/example_dags/tutorial_dag.py
[2024-09-24T05:10:28.500+0000] {processor.py:839} INFO - DAG(s) dict_keys(['tutorial_dag']) retrieved from /home/airflow/.local/lib/python3.8/site-packages/airflow/example_dags/tutorial_dag.py
[2024-09-24T05:10:28.535+0000] {logging_mixin.py:151} INFO - [2024-09-24T05:10:28.534+0000] {dag.py:2907} INFO - Sync 1 DAGs
[2024-09-24T05:10:28.552+0000] {logging_mixin.py:151} INFO - [2024-09-24T05:10:28.551+0000] {dag.py:3677} INFO - Setting next_dagrun for tutorial_dag to None, run_after=None
[2024-09-24T05:10:28.585+0000] {processor.py:179} INFO - Processing /home/airflow/.local/lib/python3.8/site-packages/airflow/example_dags/tutorial_dag.py took 0.102 seconds
[2024-09-24T05:10:58.895+0000] {processor.py:157} INFO - Started process (PID=671) to work on /home/airflow/.local/lib/python3.8/site-packages/airflow/example_dags/tutorial_dag.py
[2024-09-24T05:10:58.897+0000] {processor.py:829} INFO - Processing file /home/airflow/.local/lib/python3.8/site-packages/airflow/example_dags/tutorial_dag.py for tasks to queue
[2024-09-24T05:10:58.901+0000] {logging_mixin.py:151} INFO - [2024-09-24T05:10:58.900+0000] {dagbag.py:539} INFO - Filling up the DagBag from /home/airflow/.local/lib/python3.8/site-packages/airflow/example_dags/tutorial_dag.py
[2024-09-24T05:10:58.907+0000] {processor.py:839} INFO - DAG(s) dict_keys(['tutorial_dag']) retrieved from /home/airflow/.local/lib/python3.8/site-packages/airflow/example_dags/tutorial_dag.py
[2024-09-24T05:10:58.937+0000] {logging_mixin.py:151} INFO - [2024-09-24T05:10:58.936+0000] {dag.py:2907} INFO - Sync 1 DAGs
[2024-09-24T05:10:58.953+0000] {logging_mixin.py:151} INFO - [2024-09-24T05:10:58.953+0000] {dag.py:3677} INFO - Setting next_dagrun for tutorial_dag to None, run_after=None
[2024-09-24T05:10:58.986+0000] {processor.py:179} INFO - Processing /home/airflow/.local/lib/python3.8/site-packages/airflow/example_dags/tutorial_dag.py took 0.095 seconds
[2024-09-24T05:11:29.098+0000] {processor.py:157} INFO - Started process (PID=727) to work on /home/airflow/.local/lib/python3.8/site-packages/airflow/example_dags/tutorial_dag.py
[2024-09-24T05:11:29.100+0000] {processor.py:829} INFO - Processing file /home/airflow/.local/lib/python3.8/site-packages/airflow/example_dags/tutorial_dag.py for tasks to queue
[2024-09-24T05:11:29.104+0000] {logging_mixin.py:151} INFO - [2024-09-24T05:11:29.103+0000] {dagbag.py:539} INFO - Filling up the DagBag from /home/airflow/.local/lib/python3.8/site-packages/airflow/example_dags/tutorial_dag.py
[2024-09-24T05:11:29.110+0000] {processor.py:839} INFO - DAG(s) dict_keys(['tutorial_dag']) retrieved from /home/airflow/.local/lib/python3.8/site-packages/airflow/example_dags/tutorial_dag.py
[2024-09-24T05:11:29.146+0000] {logging_mixin.py:151} INFO - [2024-09-24T05:11:29.146+0000] {dag.py:2907} INFO - Sync 1 DAGs
[2024-09-24T05:11:29.161+0000] {logging_mixin.py:151} INFO - [2024-09-24T05:11:29.161+0000] {dag.py:3677} INFO - Setting next_dagrun for tutorial_dag to None, run_after=None
[2024-09-24T05:11:29.194+0000] {processor.py:179} INFO - Processing /home/airflow/.local/lib/python3.8/site-packages/airflow/example_dags/tutorial_dag.py took 0.099 seconds
[2024-09-24T05:11:59.372+0000] {processor.py:157} INFO - Started process (PID=783) to work on /home/airflow/.local/lib/python3.8/site-packages/airflow/example_dags/tutorial_dag.py
[2024-09-24T05:11:59.375+0000] {processor.py:829} INFO - Processing file /home/airflow/.local/lib/python3.8/site-packages/airflow/example_dags/tutorial_dag.py for tasks to queue
[2024-09-24T05:11:59.382+0000] {logging_mixin.py:151} INFO - [2024-09-24T05:11:59.381+0000] {dagbag.py:539} INFO - Filling up the DagBag from /home/airflow/.local/lib/python3.8/site-packages/airflow/example_dags/tutorial_dag.py
[2024-09-24T05:11:59.394+0000] {processor.py:839} INFO - DAG(s) dict_keys(['tutorial_dag']) retrieved from /home/airflow/.local/lib/python3.8/site-packages/airflow/example_dags/tutorial_dag.py
[2024-09-24T05:11:59.461+0000] {logging_mixin.py:151} INFO - [2024-09-24T05:11:59.460+0000] {dag.py:2907} INFO - Sync 1 DAGs
[2024-09-24T05:11:59.492+0000] {logging_mixin.py:151} INFO - [2024-09-24T05:11:59.492+0000] {dag.py:3677} INFO - Setting next_dagrun for tutorial_dag to None, run_after=None
[2024-09-24T05:11:59.579+0000] {processor.py:179} INFO - Processing /home/airflow/.local/lib/python3.8/site-packages/airflow/example_dags/tutorial_dag.py took 0.221 seconds
[2024-09-24T05:12:29.863+0000] {processor.py:157} INFO - Started process (PID=843) to work on /home/airflow/.local/lib/python3.8/site-packages/airflow/example_dags/tutorial_dag.py
[2024-09-24T05:12:29.865+0000] {processor.py:829} INFO - Processing file /home/airflow/.local/lib/python3.8/site-packages/airflow/example_dags/tutorial_dag.py for tasks to queue
[2024-09-24T05:12:29.869+0000] {logging_mixin.py:151} INFO - [2024-09-24T05:12:29.868+0000] {dagbag.py:539} INFO - Filling up the DagBag from /home/airflow/.local/lib/python3.8/site-packages/airflow/example_dags/tutorial_dag.py
[2024-09-24T05:12:29.884+0000] {processor.py:839} INFO - DAG(s) dict_keys(['tutorial_dag']) retrieved from /home/airflow/.local/lib/python3.8/site-packages/airflow/example_dags/tutorial_dag.py
[2024-09-24T05:12:29.946+0000] {logging_mixin.py:151} INFO - [2024-09-24T05:12:29.946+0000] {dag.py:2907} INFO - Sync 1 DAGs
[2024-09-24T05:12:29.975+0000] {logging_mixin.py:151} INFO - [2024-09-24T05:12:29.974+0000] {dag.py:3677} INFO - Setting next_dagrun for tutorial_dag to None, run_after=None
[2024-09-24T05:12:30.015+0000] {processor.py:179} INFO - Processing /home/airflow/.local/lib/python3.8/site-packages/airflow/example_dags/tutorial_dag.py took 0.156 seconds
[2024-09-24T05:13:00.279+0000] {processor.py:157} INFO - Started process (PID=900) to work on /home/airflow/.local/lib/python3.8/site-packages/airflow/example_dags/tutorial_dag.py
[2024-09-24T05:13:00.280+0000] {processor.py:829} INFO - Processing file /home/airflow/.local/lib/python3.8/site-packages/airflow/example_dags/tutorial_dag.py for tasks to queue
[2024-09-24T05:13:00.283+0000] {logging_mixin.py:151} INFO - [2024-09-24T05:13:00.282+0000] {dagbag.py:539} INFO - Filling up the DagBag from /home/airflow/.local/lib/python3.8/site-packages/airflow/example_dags/tutorial_dag.py
[2024-09-24T05:13:00.290+0000] {processor.py:839} INFO - DAG(s) dict_keys(['tutorial_dag']) retrieved from /home/airflow/.local/lib/python3.8/site-packages/airflow/example_dags/tutorial_dag.py
[2024-09-24T05:13:00.313+0000] {logging_mixin.py:151} INFO - [2024-09-24T05:13:00.313+0000] {dag.py:2907} INFO - Sync 1 DAGs
[2024-09-24T05:13:00.328+0000] {logging_mixin.py:151} INFO - [2024-09-24T05:13:00.327+0000] {dag.py:3677} INFO - Setting next_dagrun for tutorial_dag to None, run_after=None
[2024-09-24T05:13:00.354+0000] {processor.py:179} INFO - Processing /home/airflow/.local/lib/python3.8/site-packages/airflow/example_dags/tutorial_dag.py took 0.079 seconds
[2024-09-24T05:13:31.143+0000] {processor.py:157} INFO - Started process (PID=956) to work on /home/airflow/.local/lib/python3.8/site-packages/airflow/example_dags/tutorial_dag.py
[2024-09-24T05:13:31.144+0000] {processor.py:829} INFO - Processing file /home/airflow/.local/lib/python3.8/site-packages/airflow/example_dags/tutorial_dag.py for tasks to queue
[2024-09-24T05:13:31.147+0000] {logging_mixin.py:151} INFO - [2024-09-24T05:13:31.147+0000] {dagbag.py:539} INFO - Filling up the DagBag from /home/airflow/.local/lib/python3.8/site-packages/airflow/example_dags/tutorial_dag.py
[2024-09-24T05:13:31.153+0000] {processor.py:839} INFO - DAG(s) dict_keys(['tutorial_dag']) retrieved from /home/airflow/.local/lib/python3.8/site-packages/airflow/example_dags/tutorial_dag.py
[2024-09-24T05:13:31.181+0000] {logging_mixin.py:151} INFO - [2024-09-24T05:13:31.181+0000] {dag.py:2907} INFO - Sync 1 DAGs
[2024-09-24T05:13:31.198+0000] {logging_mixin.py:151} INFO - [2024-09-24T05:13:31.197+0000] {dag.py:3677} INFO - Setting next_dagrun for tutorial_dag to None, run_after=None
[2024-09-24T05:13:31.231+0000] {processor.py:179} INFO - Processing /home/airflow/.local/lib/python3.8/site-packages/airflow/example_dags/tutorial_dag.py took 0.092 seconds
[2024-09-24T05:14:01.639+0000] {processor.py:157} INFO - Started process (PID=1012) to work on /home/airflow/.local/lib/python3.8/site-packages/airflow/example_dags/tutorial_dag.py
[2024-09-24T05:14:01.640+0000] {processor.py:829} INFO - Processing file /home/airflow/.local/lib/python3.8/site-packages/airflow/example_dags/tutorial_dag.py for tasks to queue
[2024-09-24T05:14:01.643+0000] {logging_mixin.py:151} INFO - [2024-09-24T05:14:01.643+0000] {dagbag.py:539} INFO - Filling up the DagBag from /home/airflow/.local/lib/python3.8/site-packages/airflow/example_dags/tutorial_dag.py
[2024-09-24T05:14:01.648+0000] {processor.py:839} INFO - DAG(s) dict_keys(['tutorial_dag']) retrieved from /home/airflow/.local/lib/python3.8/site-packages/airflow/example_dags/tutorial_dag.py
[2024-09-24T05:14:01.672+0000] {logging_mixin.py:151} INFO - [2024-09-24T05:14:01.672+0000] {dag.py:2907} INFO - Sync 1 DAGs
[2024-09-24T05:14:01.687+0000] {logging_mixin.py:151} INFO - [2024-09-24T05:14:01.687+0000] {dag.py:3677} INFO - Setting next_dagrun for tutorial_dag to None, run_after=None
[2024-09-24T05:14:01.713+0000] {processor.py:179} INFO - Processing /home/airflow/.local/lib/python3.8/site-packages/airflow/example_dags/tutorial_dag.py took 0.078 seconds
[2024-09-24T05:14:31.937+0000] {processor.py:157} INFO - Started process (PID=1068) to work on /home/airflow/.local/lib/python3.8/site-packages/airflow/example_dags/tutorial_dag.py
[2024-09-24T05:14:31.939+0000] {processor.py:829} INFO - Processing file /home/airflow/.local/lib/python3.8/site-packages/airflow/example_dags/tutorial_dag.py for tasks to queue
[2024-09-24T05:14:31.942+0000] {logging_mixin.py:151} INFO - [2024-09-24T05:14:31.941+0000] {dagbag.py:539} INFO - Filling up the DagBag from /home/airflow/.local/lib/python3.8/site-packages/airflow/example_dags/tutorial_dag.py
[2024-09-24T05:14:31.948+0000] {processor.py:839} INFO - DAG(s) dict_keys(['tutorial_dag']) retrieved from /home/airflow/.local/lib/python3.8/site-packages/airflow/example_dags/tutorial_dag.py
[2024-09-24T05:14:31.970+0000] {logging_mixin.py:151} INFO - [2024-09-24T05:14:31.970+0000] {dag.py:2907} INFO - Sync 1 DAGs
[2024-09-24T05:14:31.985+0000] {logging_mixin.py:151} INFO - [2024-09-24T05:14:31.985+0000] {dag.py:3677} INFO - Setting next_dagrun for tutorial_dag to None, run_after=None
[2024-09-24T05:14:32.012+0000] {processor.py:179} INFO - Processing /home/airflow/.local/lib/python3.8/site-packages/airflow/example_dags/tutorial_dag.py took 0.079 seconds
[2024-09-24T05:15:02.505+0000] {processor.py:157} INFO - Started process (PID=1124) to work on /home/airflow/.local/lib/python3.8/site-packages/airflow/example_dags/tutorial_dag.py
[2024-09-24T05:15:02.507+0000] {processor.py:829} INFO - Processing file /home/airflow/.local/lib/python3.8/site-packages/airflow/example_dags/tutorial_dag.py for tasks to queue
[2024-09-24T05:15:02.510+0000] {logging_mixin.py:151} INFO - [2024-09-24T05:15:02.510+0000] {dagbag.py:539} INFO - Filling up the DagBag from /home/airflow/.local/lib/python3.8/site-packages/airflow/example_dags/tutorial_dag.py
[2024-09-24T05:15:02.517+0000] {processor.py:839} INFO - DAG(s) dict_keys(['tutorial_dag']) retrieved from /home/airflow/.local/lib/python3.8/site-packages/airflow/example_dags/tutorial_dag.py
[2024-09-24T05:15:02.540+0000] {logging_mixin.py:151} INFO - [2024-09-24T05:15:02.540+0000] {dag.py:2907} INFO - Sync 1 DAGs
[2024-09-24T05:15:02.555+0000] {logging_mixin.py:151} INFO - [2024-09-24T05:15:02.555+0000] {dag.py:3677} INFO - Setting next_dagrun for tutorial_dag to None, run_after=None
[2024-09-24T05:15:02.586+0000] {processor.py:179} INFO - Processing /home/airflow/.local/lib/python3.8/site-packages/airflow/example_dags/tutorial_dag.py took 0.085 seconds
