[2024-09-24T04:10:20.711+0000] {processor.py:157} INFO - Started process (PID=52) to work on /home/airflow/.local/lib/python3.8/site-packages/airflow/example_dags/tutorial_taskflow_api.py
[2024-09-24T04:10:20.720+0000] {processor.py:829} INFO - Processing file /home/airflow/.local/lib/python3.8/site-packages/airflow/example_dags/tutorial_taskflow_api.py for tasks to queue
[2024-09-24T04:10:20.743+0000] {logging_mixin.py:151} INFO - [2024-09-24T04:10:20.737+0000] {dagbag.py:539} INFO - Filling up the DagBag from /home/airflow/.local/lib/python3.8/site-packages/airflow/example_dags/tutorial_taskflow_api.py
[2024-09-24T04:10:20.827+0000] {processor.py:839} INFO - DAG(s) dict_keys(['tutorial_taskflow_api']) retrieved from /home/airflow/.local/lib/python3.8/site-packages/airflow/example_dags/tutorial_taskflow_api.py
[2024-09-24T04:10:20.919+0000] {logging_mixin.py:151} INFO - [2024-09-24T04:10:20.918+0000] {dag.py:2907} INFO - Sync 1 DAGs
[2024-09-24T04:10:20.962+0000] {logging_mixin.py:151} INFO - [2024-09-24T04:10:20.962+0000] {dag.py:3677} INFO - Setting next_dagrun for tutorial_taskflow_api to None, run_after=None
[2024-09-24T04:10:21.018+0000] {processor.py:179} INFO - Processing /home/airflow/.local/lib/python3.8/site-packages/airflow/example_dags/tutorial_taskflow_api.py took 0.340 seconds
[2024-09-24T05:05:28.492+0000] {processor.py:157} INFO - Started process (PID=82) to work on /home/airflow/.local/lib/python3.8/site-packages/airflow/example_dags/tutorial_taskflow_api.py
[2024-09-24T05:05:28.495+0000] {processor.py:829} INFO - Processing file /home/airflow/.local/lib/python3.8/site-packages/airflow/example_dags/tutorial_taskflow_api.py for tasks to queue
[2024-09-24T05:05:28.501+0000] {logging_mixin.py:151} INFO - [2024-09-24T05:05:28.501+0000] {dagbag.py:539} INFO - Filling up the DagBag from /home/airflow/.local/lib/python3.8/site-packages/airflow/example_dags/tutorial_taskflow_api.py
[2024-09-24T05:05:28.525+0000] {processor.py:839} INFO - DAG(s) dict_keys(['tutorial_taskflow_api']) retrieved from /home/airflow/.local/lib/python3.8/site-packages/airflow/example_dags/tutorial_taskflow_api.py
[2024-09-24T05:05:28.648+0000] {logging_mixin.py:151} INFO - [2024-09-24T05:05:28.647+0000] {dag.py:2907} INFO - Sync 1 DAGs
[2024-09-24T05:05:29.244+0000] {logging_mixin.py:151} INFO - [2024-09-24T05:05:29.244+0000] {dag.py:3677} INFO - Setting next_dagrun for tutorial_taskflow_api to None, run_after=None
[2024-09-24T05:05:29.317+0000] {processor.py:179} INFO - Processing /home/airflow/.local/lib/python3.8/site-packages/airflow/example_dags/tutorial_taskflow_api.py took 0.832 seconds
[2024-09-24T05:05:59.894+0000] {processor.py:157} INFO - Started process (PID=137) to work on /home/airflow/.local/lib/python3.8/site-packages/airflow/example_dags/tutorial_taskflow_api.py
[2024-09-24T05:05:59.896+0000] {processor.py:829} INFO - Processing file /home/airflow/.local/lib/python3.8/site-packages/airflow/example_dags/tutorial_taskflow_api.py for tasks to queue
[2024-09-24T05:05:59.899+0000] {logging_mixin.py:151} INFO - [2024-09-24T05:05:59.899+0000] {dagbag.py:539} INFO - Filling up the DagBag from /home/airflow/.local/lib/python3.8/site-packages/airflow/example_dags/tutorial_taskflow_api.py
[2024-09-24T05:05:59.912+0000] {processor.py:839} INFO - DAG(s) dict_keys(['tutorial_taskflow_api']) retrieved from /home/airflow/.local/lib/python3.8/site-packages/airflow/example_dags/tutorial_taskflow_api.py
[2024-09-24T05:05:59.947+0000] {logging_mixin.py:151} INFO - [2024-09-24T05:05:59.946+0000] {dag.py:2907} INFO - Sync 1 DAGs
[2024-09-24T05:05:59.968+0000] {logging_mixin.py:151} INFO - [2024-09-24T05:05:59.967+0000] {dag.py:3677} INFO - Setting next_dagrun for tutorial_taskflow_api to None, run_after=None
[2024-09-24T05:06:00.012+0000] {processor.py:179} INFO - Processing /home/airflow/.local/lib/python3.8/site-packages/airflow/example_dags/tutorial_taskflow_api.py took 0.123 seconds
[2024-09-24T05:06:30.577+0000] {processor.py:157} INFO - Started process (PID=191) to work on /home/airflow/.local/lib/python3.8/site-packages/airflow/example_dags/tutorial_taskflow_api.py
[2024-09-24T05:06:30.579+0000] {processor.py:829} INFO - Processing file /home/airflow/.local/lib/python3.8/site-packages/airflow/example_dags/tutorial_taskflow_api.py for tasks to queue
[2024-09-24T05:06:30.584+0000] {logging_mixin.py:151} INFO - [2024-09-24T05:06:30.584+0000] {dagbag.py:539} INFO - Filling up the DagBag from /home/airflow/.local/lib/python3.8/site-packages/airflow/example_dags/tutorial_taskflow_api.py
[2024-09-24T05:06:30.594+0000] {processor.py:839} INFO - DAG(s) dict_keys(['tutorial_taskflow_api']) retrieved from /home/airflow/.local/lib/python3.8/site-packages/airflow/example_dags/tutorial_taskflow_api.py
[2024-09-24T05:06:30.637+0000] {logging_mixin.py:151} INFO - [2024-09-24T05:06:30.636+0000] {dag.py:2907} INFO - Sync 1 DAGs
[2024-09-24T05:06:30.682+0000] {logging_mixin.py:151} INFO - [2024-09-24T05:06:30.681+0000] {dag.py:3677} INFO - Setting next_dagrun for tutorial_taskflow_api to None, run_after=None
[2024-09-24T05:06:30.722+0000] {processor.py:179} INFO - Processing /home/airflow/.local/lib/python3.8/site-packages/airflow/example_dags/tutorial_taskflow_api.py took 0.149 seconds
[2024-09-24T05:07:01.063+0000] {processor.py:157} INFO - Started process (PID=247) to work on /home/airflow/.local/lib/python3.8/site-packages/airflow/example_dags/tutorial_taskflow_api.py
[2024-09-24T05:07:01.065+0000] {processor.py:829} INFO - Processing file /home/airflow/.local/lib/python3.8/site-packages/airflow/example_dags/tutorial_taskflow_api.py for tasks to queue
[2024-09-24T05:07:01.067+0000] {logging_mixin.py:151} INFO - [2024-09-24T05:07:01.067+0000] {dagbag.py:539} INFO - Filling up the DagBag from /home/airflow/.local/lib/python3.8/site-packages/airflow/example_dags/tutorial_taskflow_api.py
[2024-09-24T05:07:01.074+0000] {processor.py:839} INFO - DAG(s) dict_keys(['tutorial_taskflow_api']) retrieved from /home/airflow/.local/lib/python3.8/site-packages/airflow/example_dags/tutorial_taskflow_api.py
[2024-09-24T05:07:01.100+0000] {logging_mixin.py:151} INFO - [2024-09-24T05:07:01.100+0000] {dag.py:2907} INFO - Sync 1 DAGs
[2024-09-24T05:07:01.115+0000] {logging_mixin.py:151} INFO - [2024-09-24T05:07:01.115+0000] {dag.py:3677} INFO - Setting next_dagrun for tutorial_taskflow_api to None, run_after=None
[2024-09-24T05:07:01.142+0000] {processor.py:179} INFO - Processing /home/airflow/.local/lib/python3.8/site-packages/airflow/example_dags/tutorial_taskflow_api.py took 0.083 seconds
[2024-09-24T05:07:31.561+0000] {processor.py:157} INFO - Started process (PID=303) to work on /home/airflow/.local/lib/python3.8/site-packages/airflow/example_dags/tutorial_taskflow_api.py
[2024-09-24T05:07:31.563+0000] {processor.py:829} INFO - Processing file /home/airflow/.local/lib/python3.8/site-packages/airflow/example_dags/tutorial_taskflow_api.py for tasks to queue
[2024-09-24T05:07:31.565+0000] {logging_mixin.py:151} INFO - [2024-09-24T05:07:31.565+0000] {dagbag.py:539} INFO - Filling up the DagBag from /home/airflow/.local/lib/python3.8/site-packages/airflow/example_dags/tutorial_taskflow_api.py
[2024-09-24T05:07:31.575+0000] {processor.py:839} INFO - DAG(s) dict_keys(['tutorial_taskflow_api']) retrieved from /home/airflow/.local/lib/python3.8/site-packages/airflow/example_dags/tutorial_taskflow_api.py
[2024-09-24T05:07:31.636+0000] {logging_mixin.py:151} INFO - [2024-09-24T05:07:31.636+0000] {dag.py:2907} INFO - Sync 1 DAGs
[2024-09-24T05:07:31.667+0000] {logging_mixin.py:151} INFO - [2024-09-24T05:07:31.666+0000] {dag.py:3677} INFO - Setting next_dagrun for tutorial_taskflow_api to None, run_after=None
[2024-09-24T05:07:31.737+0000] {processor.py:179} INFO - Processing /home/airflow/.local/lib/python3.8/site-packages/airflow/example_dags/tutorial_taskflow_api.py took 0.179 seconds
[2024-09-24T05:08:02.066+0000] {processor.py:157} INFO - Started process (PID=359) to work on /home/airflow/.local/lib/python3.8/site-packages/airflow/example_dags/tutorial_taskflow_api.py
[2024-09-24T05:08:02.068+0000] {processor.py:829} INFO - Processing file /home/airflow/.local/lib/python3.8/site-packages/airflow/example_dags/tutorial_taskflow_api.py for tasks to queue
[2024-09-24T05:08:02.071+0000] {logging_mixin.py:151} INFO - [2024-09-24T05:08:02.071+0000] {dagbag.py:539} INFO - Filling up the DagBag from /home/airflow/.local/lib/python3.8/site-packages/airflow/example_dags/tutorial_taskflow_api.py
[2024-09-24T05:08:02.078+0000] {processor.py:839} INFO - DAG(s) dict_keys(['tutorial_taskflow_api']) retrieved from /home/airflow/.local/lib/python3.8/site-packages/airflow/example_dags/tutorial_taskflow_api.py
[2024-09-24T05:08:02.102+0000] {logging_mixin.py:151} INFO - [2024-09-24T05:08:02.102+0000] {dag.py:2907} INFO - Sync 1 DAGs
[2024-09-24T05:08:02.116+0000] {logging_mixin.py:151} INFO - [2024-09-24T05:08:02.116+0000] {dag.py:3677} INFO - Setting next_dagrun for tutorial_taskflow_api to None, run_after=None
[2024-09-24T05:08:02.141+0000] {processor.py:179} INFO - Processing /home/airflow/.local/lib/python3.8/site-packages/airflow/example_dags/tutorial_taskflow_api.py took 0.078 seconds
[2024-09-24T05:08:32.514+0000] {processor.py:157} INFO - Started process (PID=415) to work on /home/airflow/.local/lib/python3.8/site-packages/airflow/example_dags/tutorial_taskflow_api.py
[2024-09-24T05:08:32.516+0000] {processor.py:829} INFO - Processing file /home/airflow/.local/lib/python3.8/site-packages/airflow/example_dags/tutorial_taskflow_api.py for tasks to queue
[2024-09-24T05:08:32.518+0000] {logging_mixin.py:151} INFO - [2024-09-24T05:08:32.518+0000] {dagbag.py:539} INFO - Filling up the DagBag from /home/airflow/.local/lib/python3.8/site-packages/airflow/example_dags/tutorial_taskflow_api.py
[2024-09-24T05:08:32.525+0000] {processor.py:839} INFO - DAG(s) dict_keys(['tutorial_taskflow_api']) retrieved from /home/airflow/.local/lib/python3.8/site-packages/airflow/example_dags/tutorial_taskflow_api.py
[2024-09-24T05:08:32.548+0000] {logging_mixin.py:151} INFO - [2024-09-24T05:08:32.547+0000] {dag.py:2907} INFO - Sync 1 DAGs
[2024-09-24T05:08:32.562+0000] {logging_mixin.py:151} INFO - [2024-09-24T05:08:32.561+0000] {dag.py:3677} INFO - Setting next_dagrun for tutorial_taskflow_api to None, run_after=None
[2024-09-24T05:08:32.593+0000] {processor.py:179} INFO - Processing /home/airflow/.local/lib/python3.8/site-packages/airflow/example_dags/tutorial_taskflow_api.py took 0.082 seconds
[2024-09-24T05:09:03.117+0000] {processor.py:157} INFO - Started process (PID=471) to work on /home/airflow/.local/lib/python3.8/site-packages/airflow/example_dags/tutorial_taskflow_api.py
[2024-09-24T05:09:03.134+0000] {processor.py:829} INFO - Processing file /home/airflow/.local/lib/python3.8/site-packages/airflow/example_dags/tutorial_taskflow_api.py for tasks to queue
[2024-09-24T05:09:03.136+0000] {logging_mixin.py:151} INFO - [2024-09-24T05:09:03.136+0000] {dagbag.py:539} INFO - Filling up the DagBag from /home/airflow/.local/lib/python3.8/site-packages/airflow/example_dags/tutorial_taskflow_api.py
[2024-09-24T05:09:03.144+0000] {processor.py:839} INFO - DAG(s) dict_keys(['tutorial_taskflow_api']) retrieved from /home/airflow/.local/lib/python3.8/site-packages/airflow/example_dags/tutorial_taskflow_api.py
[2024-09-24T05:09:03.195+0000] {logging_mixin.py:151} INFO - [2024-09-24T05:09:03.195+0000] {dag.py:2907} INFO - Sync 1 DAGs
[2024-09-24T05:09:03.211+0000] {logging_mixin.py:151} INFO - [2024-09-24T05:09:03.211+0000] {dag.py:3677} INFO - Setting next_dagrun for tutorial_taskflow_api to None, run_after=None
[2024-09-24T05:09:03.260+0000] {processor.py:179} INFO - Processing /home/airflow/.local/lib/python3.8/site-packages/airflow/example_dags/tutorial_taskflow_api.py took 0.145 seconds
[2024-09-24T05:09:33.991+0000] {processor.py:157} INFO - Started process (PID=527) to work on /home/airflow/.local/lib/python3.8/site-packages/airflow/example_dags/tutorial_taskflow_api.py
[2024-09-24T05:09:33.992+0000] {processor.py:829} INFO - Processing file /home/airflow/.local/lib/python3.8/site-packages/airflow/example_dags/tutorial_taskflow_api.py for tasks to queue
[2024-09-24T05:09:33.996+0000] {logging_mixin.py:151} INFO - [2024-09-24T05:09:33.995+0000] {dagbag.py:539} INFO - Filling up the DagBag from /home/airflow/.local/lib/python3.8/site-packages/airflow/example_dags/tutorial_taskflow_api.py
[2024-09-24T05:09:34.005+0000] {processor.py:839} INFO - DAG(s) dict_keys(['tutorial_taskflow_api']) retrieved from /home/airflow/.local/lib/python3.8/site-packages/airflow/example_dags/tutorial_taskflow_api.py
[2024-09-24T05:09:34.034+0000] {logging_mixin.py:151} INFO - [2024-09-24T05:09:34.034+0000] {dag.py:2907} INFO - Sync 1 DAGs
[2024-09-24T05:09:34.051+0000] {logging_mixin.py:151} INFO - [2024-09-24T05:09:34.050+0000] {dag.py:3677} INFO - Setting next_dagrun for tutorial_taskflow_api to None, run_after=None
[2024-09-24T05:09:34.087+0000] {processor.py:179} INFO - Processing /home/airflow/.local/lib/python3.8/site-packages/airflow/example_dags/tutorial_taskflow_api.py took 0.100 seconds
[2024-09-24T05:10:04.500+0000] {processor.py:157} INFO - Started process (PID=583) to work on /home/airflow/.local/lib/python3.8/site-packages/airflow/example_dags/tutorial_taskflow_api.py
[2024-09-24T05:10:04.501+0000] {processor.py:829} INFO - Processing file /home/airflow/.local/lib/python3.8/site-packages/airflow/example_dags/tutorial_taskflow_api.py for tasks to queue
[2024-09-24T05:10:04.505+0000] {logging_mixin.py:151} INFO - [2024-09-24T05:10:04.504+0000] {dagbag.py:539} INFO - Filling up the DagBag from /home/airflow/.local/lib/python3.8/site-packages/airflow/example_dags/tutorial_taskflow_api.py
[2024-09-24T05:10:04.514+0000] {processor.py:839} INFO - DAG(s) dict_keys(['tutorial_taskflow_api']) retrieved from /home/airflow/.local/lib/python3.8/site-packages/airflow/example_dags/tutorial_taskflow_api.py
[2024-09-24T05:10:04.550+0000] {logging_mixin.py:151} INFO - [2024-09-24T05:10:04.549+0000] {dag.py:2907} INFO - Sync 1 DAGs
[2024-09-24T05:10:04.568+0000] {logging_mixin.py:151} INFO - [2024-09-24T05:10:04.567+0000] {dag.py:3677} INFO - Setting next_dagrun for tutorial_taskflow_api to None, run_after=None
[2024-09-24T05:10:04.606+0000] {processor.py:179} INFO - Processing /home/airflow/.local/lib/python3.8/site-packages/airflow/example_dags/tutorial_taskflow_api.py took 0.110 seconds
[2024-09-24T05:10:35.281+0000] {processor.py:157} INFO - Started process (PID=639) to work on /home/airflow/.local/lib/python3.8/site-packages/airflow/example_dags/tutorial_taskflow_api.py
[2024-09-24T05:10:35.283+0000] {processor.py:829} INFO - Processing file /home/airflow/.local/lib/python3.8/site-packages/airflow/example_dags/tutorial_taskflow_api.py for tasks to queue
[2024-09-24T05:10:35.286+0000] {logging_mixin.py:151} INFO - [2024-09-24T05:10:35.286+0000] {dagbag.py:539} INFO - Filling up the DagBag from /home/airflow/.local/lib/python3.8/site-packages/airflow/example_dags/tutorial_taskflow_api.py
[2024-09-24T05:10:35.294+0000] {processor.py:839} INFO - DAG(s) dict_keys(['tutorial_taskflow_api']) retrieved from /home/airflow/.local/lib/python3.8/site-packages/airflow/example_dags/tutorial_taskflow_api.py
[2024-09-24T05:10:35.319+0000] {logging_mixin.py:151} INFO - [2024-09-24T05:10:35.319+0000] {dag.py:2907} INFO - Sync 1 DAGs
[2024-09-24T05:10:35.337+0000] {logging_mixin.py:151} INFO - [2024-09-24T05:10:35.336+0000] {dag.py:3677} INFO - Setting next_dagrun for tutorial_taskflow_api to None, run_after=None
[2024-09-24T05:10:35.366+0000] {processor.py:179} INFO - Processing /home/airflow/.local/lib/python3.8/site-packages/airflow/example_dags/tutorial_taskflow_api.py took 0.088 seconds
[2024-09-24T05:11:06.364+0000] {processor.py:157} INFO - Started process (PID=695) to work on /home/airflow/.local/lib/python3.8/site-packages/airflow/example_dags/tutorial_taskflow_api.py
[2024-09-24T05:11:06.366+0000] {processor.py:829} INFO - Processing file /home/airflow/.local/lib/python3.8/site-packages/airflow/example_dags/tutorial_taskflow_api.py for tasks to queue
[2024-09-24T05:11:06.369+0000] {logging_mixin.py:151} INFO - [2024-09-24T05:11:06.369+0000] {dagbag.py:539} INFO - Filling up the DagBag from /home/airflow/.local/lib/python3.8/site-packages/airflow/example_dags/tutorial_taskflow_api.py
[2024-09-24T05:11:06.378+0000] {processor.py:839} INFO - DAG(s) dict_keys(['tutorial_taskflow_api']) retrieved from /home/airflow/.local/lib/python3.8/site-packages/airflow/example_dags/tutorial_taskflow_api.py
[2024-09-24T05:11:06.407+0000] {logging_mixin.py:151} INFO - [2024-09-24T05:11:06.407+0000] {dag.py:2907} INFO - Sync 1 DAGs
[2024-09-24T05:11:06.423+0000] {logging_mixin.py:151} INFO - [2024-09-24T05:11:06.423+0000] {dag.py:3677} INFO - Setting next_dagrun for tutorial_taskflow_api to None, run_after=None
[2024-09-24T05:11:06.456+0000] {processor.py:179} INFO - Processing /home/airflow/.local/lib/python3.8/site-packages/airflow/example_dags/tutorial_taskflow_api.py took 0.096 seconds
[2024-09-24T05:11:37.028+0000] {processor.py:157} INFO - Started process (PID=751) to work on /home/airflow/.local/lib/python3.8/site-packages/airflow/example_dags/tutorial_taskflow_api.py
[2024-09-24T05:11:37.029+0000] {processor.py:829} INFO - Processing file /home/airflow/.local/lib/python3.8/site-packages/airflow/example_dags/tutorial_taskflow_api.py for tasks to queue
[2024-09-24T05:11:37.032+0000] {logging_mixin.py:151} INFO - [2024-09-24T05:11:37.032+0000] {dagbag.py:539} INFO - Filling up the DagBag from /home/airflow/.local/lib/python3.8/site-packages/airflow/example_dags/tutorial_taskflow_api.py
[2024-09-24T05:11:37.039+0000] {processor.py:839} INFO - DAG(s) dict_keys(['tutorial_taskflow_api']) retrieved from /home/airflow/.local/lib/python3.8/site-packages/airflow/example_dags/tutorial_taskflow_api.py
[2024-09-24T05:11:37.066+0000] {logging_mixin.py:151} INFO - [2024-09-24T05:11:37.066+0000] {dag.py:2907} INFO - Sync 1 DAGs
[2024-09-24T05:11:37.081+0000] {logging_mixin.py:151} INFO - [2024-09-24T05:11:37.080+0000] {dag.py:3677} INFO - Setting next_dagrun for tutorial_taskflow_api to None, run_after=None
[2024-09-24T05:11:37.111+0000] {processor.py:179} INFO - Processing /home/airflow/.local/lib/python3.8/site-packages/airflow/example_dags/tutorial_taskflow_api.py took 0.087 seconds
[2024-09-24T05:12:07.809+0000] {processor.py:157} INFO - Started process (PID=807) to work on /home/airflow/.local/lib/python3.8/site-packages/airflow/example_dags/tutorial_taskflow_api.py
[2024-09-24T05:12:07.810+0000] {processor.py:829} INFO - Processing file /home/airflow/.local/lib/python3.8/site-packages/airflow/example_dags/tutorial_taskflow_api.py for tasks to queue
[2024-09-24T05:12:07.813+0000] {logging_mixin.py:151} INFO - [2024-09-24T05:12:07.813+0000] {dagbag.py:539} INFO - Filling up the DagBag from /home/airflow/.local/lib/python3.8/site-packages/airflow/example_dags/tutorial_taskflow_api.py
[2024-09-24T05:12:07.820+0000] {processor.py:839} INFO - DAG(s) dict_keys(['tutorial_taskflow_api']) retrieved from /home/airflow/.local/lib/python3.8/site-packages/airflow/example_dags/tutorial_taskflow_api.py
[2024-09-24T05:12:07.845+0000] {logging_mixin.py:151} INFO - [2024-09-24T05:12:07.845+0000] {dag.py:2907} INFO - Sync 1 DAGs
[2024-09-24T05:12:07.861+0000] {logging_mixin.py:151} INFO - [2024-09-24T05:12:07.861+0000] {dag.py:3677} INFO - Setting next_dagrun for tutorial_taskflow_api to None, run_after=None
[2024-09-24T05:12:07.886+0000] {processor.py:179} INFO - Processing /home/airflow/.local/lib/python3.8/site-packages/airflow/example_dags/tutorial_taskflow_api.py took 0.081 seconds
[2024-09-24T05:12:38.913+0000] {processor.py:157} INFO - Started process (PID=867) to work on /home/airflow/.local/lib/python3.8/site-packages/airflow/example_dags/tutorial_taskflow_api.py
[2024-09-24T05:12:38.915+0000] {processor.py:829} INFO - Processing file /home/airflow/.local/lib/python3.8/site-packages/airflow/example_dags/tutorial_taskflow_api.py for tasks to queue
[2024-09-24T05:12:38.918+0000] {logging_mixin.py:151} INFO - [2024-09-24T05:12:38.917+0000] {dagbag.py:539} INFO - Filling up the DagBag from /home/airflow/.local/lib/python3.8/site-packages/airflow/example_dags/tutorial_taskflow_api.py
[2024-09-24T05:12:38.925+0000] {processor.py:839} INFO - DAG(s) dict_keys(['tutorial_taskflow_api']) retrieved from /home/airflow/.local/lib/python3.8/site-packages/airflow/example_dags/tutorial_taskflow_api.py
[2024-09-24T05:12:38.948+0000] {logging_mixin.py:151} INFO - [2024-09-24T05:12:38.948+0000] {dag.py:2907} INFO - Sync 1 DAGs
[2024-09-24T05:12:38.961+0000] {logging_mixin.py:151} INFO - [2024-09-24T05:12:38.961+0000] {dag.py:3677} INFO - Setting next_dagrun for tutorial_taskflow_api to None, run_after=None
[2024-09-24T05:12:38.986+0000] {processor.py:179} INFO - Processing /home/airflow/.local/lib/python3.8/site-packages/airflow/example_dags/tutorial_taskflow_api.py took 0.076 seconds
[2024-09-24T05:13:09.245+0000] {processor.py:157} INFO - Started process (PID=924) to work on /home/airflow/.local/lib/python3.8/site-packages/airflow/example_dags/tutorial_taskflow_api.py
[2024-09-24T05:13:09.248+0000] {processor.py:829} INFO - Processing file /home/airflow/.local/lib/python3.8/site-packages/airflow/example_dags/tutorial_taskflow_api.py for tasks to queue
[2024-09-24T05:13:09.251+0000] {logging_mixin.py:151} INFO - [2024-09-24T05:13:09.251+0000] {dagbag.py:539} INFO - Filling up the DagBag from /home/airflow/.local/lib/python3.8/site-packages/airflow/example_dags/tutorial_taskflow_api.py
[2024-09-24T05:13:09.258+0000] {processor.py:839} INFO - DAG(s) dict_keys(['tutorial_taskflow_api']) retrieved from /home/airflow/.local/lib/python3.8/site-packages/airflow/example_dags/tutorial_taskflow_api.py
[2024-09-24T05:13:09.289+0000] {logging_mixin.py:151} INFO - [2024-09-24T05:13:09.288+0000] {dag.py:2907} INFO - Sync 1 DAGs
[2024-09-24T05:13:09.304+0000] {logging_mixin.py:151} INFO - [2024-09-24T05:13:09.304+0000] {dag.py:3677} INFO - Setting next_dagrun for tutorial_taskflow_api to None, run_after=None
[2024-09-24T05:13:09.334+0000] {processor.py:179} INFO - Processing /home/airflow/.local/lib/python3.8/site-packages/airflow/example_dags/tutorial_taskflow_api.py took 0.094 seconds
[2024-09-24T05:13:39.746+0000] {processor.py:157} INFO - Started process (PID=980) to work on /home/airflow/.local/lib/python3.8/site-packages/airflow/example_dags/tutorial_taskflow_api.py
[2024-09-24T05:13:39.747+0000] {processor.py:829} INFO - Processing file /home/airflow/.local/lib/python3.8/site-packages/airflow/example_dags/tutorial_taskflow_api.py for tasks to queue
[2024-09-24T05:13:39.751+0000] {logging_mixin.py:151} INFO - [2024-09-24T05:13:39.750+0000] {dagbag.py:539} INFO - Filling up the DagBag from /home/airflow/.local/lib/python3.8/site-packages/airflow/example_dags/tutorial_taskflow_api.py
[2024-09-24T05:13:39.759+0000] {processor.py:839} INFO - DAG(s) dict_keys(['tutorial_taskflow_api']) retrieved from /home/airflow/.local/lib/python3.8/site-packages/airflow/example_dags/tutorial_taskflow_api.py
[2024-09-24T05:13:39.796+0000] {logging_mixin.py:151} INFO - [2024-09-24T05:13:39.795+0000] {dag.py:2907} INFO - Sync 1 DAGs
[2024-09-24T05:13:39.819+0000] {logging_mixin.py:151} INFO - [2024-09-24T05:13:39.818+0000] {dag.py:3677} INFO - Setting next_dagrun for tutorial_taskflow_api to None, run_after=None
[2024-09-24T05:13:39.854+0000] {processor.py:179} INFO - Processing /home/airflow/.local/lib/python3.8/site-packages/airflow/example_dags/tutorial_taskflow_api.py took 0.113 seconds
[2024-09-24T05:14:10.222+0000] {processor.py:157} INFO - Started process (PID=1036) to work on /home/airflow/.local/lib/python3.8/site-packages/airflow/example_dags/tutorial_taskflow_api.py
[2024-09-24T05:14:10.224+0000] {processor.py:829} INFO - Processing file /home/airflow/.local/lib/python3.8/site-packages/airflow/example_dags/tutorial_taskflow_api.py for tasks to queue
[2024-09-24T05:14:10.228+0000] {logging_mixin.py:151} INFO - [2024-09-24T05:14:10.228+0000] {dagbag.py:539} INFO - Filling up the DagBag from /home/airflow/.local/lib/python3.8/site-packages/airflow/example_dags/tutorial_taskflow_api.py
[2024-09-24T05:14:10.236+0000] {processor.py:839} INFO - DAG(s) dict_keys(['tutorial_taskflow_api']) retrieved from /home/airflow/.local/lib/python3.8/site-packages/airflow/example_dags/tutorial_taskflow_api.py
[2024-09-24T05:14:10.260+0000] {logging_mixin.py:151} INFO - [2024-09-24T05:14:10.260+0000] {dag.py:2907} INFO - Sync 1 DAGs
[2024-09-24T05:14:10.275+0000] {logging_mixin.py:151} INFO - [2024-09-24T05:14:10.275+0000] {dag.py:3677} INFO - Setting next_dagrun for tutorial_taskflow_api to None, run_after=None
[2024-09-24T05:14:10.365+0000] {processor.py:179} INFO - Processing /home/airflow/.local/lib/python3.8/site-packages/airflow/example_dags/tutorial_taskflow_api.py took 0.147 seconds
[2024-09-24T05:14:40.720+0000] {processor.py:157} INFO - Started process (PID=1092) to work on /home/airflow/.local/lib/python3.8/site-packages/airflow/example_dags/tutorial_taskflow_api.py
[2024-09-24T05:14:40.721+0000] {processor.py:829} INFO - Processing file /home/airflow/.local/lib/python3.8/site-packages/airflow/example_dags/tutorial_taskflow_api.py for tasks to queue
[2024-09-24T05:14:40.724+0000] {logging_mixin.py:151} INFO - [2024-09-24T05:14:40.723+0000] {dagbag.py:539} INFO - Filling up the DagBag from /home/airflow/.local/lib/python3.8/site-packages/airflow/example_dags/tutorial_taskflow_api.py
[2024-09-24T05:14:40.730+0000] {processor.py:839} INFO - DAG(s) dict_keys(['tutorial_taskflow_api']) retrieved from /home/airflow/.local/lib/python3.8/site-packages/airflow/example_dags/tutorial_taskflow_api.py
[2024-09-24T05:14:40.759+0000] {logging_mixin.py:151} INFO - [2024-09-24T05:14:40.759+0000] {dag.py:2907} INFO - Sync 1 DAGs
[2024-09-24T05:14:40.775+0000] {logging_mixin.py:151} INFO - [2024-09-24T05:14:40.774+0000] {dag.py:3677} INFO - Setting next_dagrun for tutorial_taskflow_api to None, run_after=None
[2024-09-24T05:14:40.800+0000] {processor.py:179} INFO - Processing /home/airflow/.local/lib/python3.8/site-packages/airflow/example_dags/tutorial_taskflow_api.py took 0.084 seconds
[2024-09-24T05:15:11.321+0000] {processor.py:157} INFO - Started process (PID=1148) to work on /home/airflow/.local/lib/python3.8/site-packages/airflow/example_dags/tutorial_taskflow_api.py
[2024-09-24T05:15:11.323+0000] {processor.py:829} INFO - Processing file /home/airflow/.local/lib/python3.8/site-packages/airflow/example_dags/tutorial_taskflow_api.py for tasks to queue
[2024-09-24T05:15:11.326+0000] {logging_mixin.py:151} INFO - [2024-09-24T05:15:11.325+0000] {dagbag.py:539} INFO - Filling up the DagBag from /home/airflow/.local/lib/python3.8/site-packages/airflow/example_dags/tutorial_taskflow_api.py
[2024-09-24T05:15:11.333+0000] {processor.py:839} INFO - DAG(s) dict_keys(['tutorial_taskflow_api']) retrieved from /home/airflow/.local/lib/python3.8/site-packages/airflow/example_dags/tutorial_taskflow_api.py
[2024-09-24T05:15:11.362+0000] {logging_mixin.py:151} INFO - [2024-09-24T05:15:11.362+0000] {dag.py:2907} INFO - Sync 1 DAGs
[2024-09-24T05:15:11.378+0000] {logging_mixin.py:151} INFO - [2024-09-24T05:15:11.378+0000] {dag.py:3677} INFO - Setting next_dagrun for tutorial_taskflow_api to None, run_after=None
[2024-09-24T05:15:11.410+0000] {processor.py:179} INFO - Processing /home/airflow/.local/lib/python3.8/site-packages/airflow/example_dags/tutorial_taskflow_api.py took 0.093 seconds
