[2024-10-03T06:34:04.015+0000] {processor.py:157} INFO - Started process (PID=132) to work on /home/airflow/.local/lib/python3.8/site-packages/airflow/example_dags/example_latest_only.py
[2024-10-03T06:34:04.017+0000] {processor.py:829} INFO - Processing file /home/airflow/.local/lib/python3.8/site-packages/airflow/example_dags/example_latest_only.py for tasks to queue
[2024-10-03T06:34:04.020+0000] {logging_mixin.py:151} INFO - [2024-10-03T06:34:04.019+0000] {dagbag.py:539} INFO - Filling up the DagBag from /home/airflow/.local/lib/python3.8/site-packages/airflow/example_dags/example_latest_only.py
[2024-10-03T06:34:04.026+0000] {processor.py:839} INFO - DAG(s) dict_keys(['latest_only']) retrieved from /home/airflow/.local/lib/python3.8/site-packages/airflow/example_dags/example_latest_only.py
[2024-10-03T06:34:04.163+0000] {logging_mixin.py:151} INFO - [2024-10-03T06:34:04.163+0000] {manager.py:501} INFO - Created Permission View: can delete on DAG:latest_only
[2024-10-03T06:34:04.186+0000] {logging_mixin.py:151} INFO - [2024-10-03T06:34:04.186+0000] {manager.py:501} INFO - Created Permission View: can read on DAG:latest_only
[2024-10-03T06:34:04.204+0000] {logging_mixin.py:151} INFO - [2024-10-03T06:34:04.204+0000] {manager.py:501} INFO - Created Permission View: can edit on DAG:latest_only
[2024-10-03T06:34:04.241+0000] {logging_mixin.py:151} INFO - [2024-10-03T06:34:04.240+0000] {dag.py:2907} INFO - Sync 1 DAGs
[2024-10-03T06:34:04.260+0000] {logging_mixin.py:151} INFO - [2024-10-03T06:34:04.259+0000] {dag.py:2929} INFO - Creating ORM DAG for latest_only
[2024-10-03T06:34:04.280+0000] {logging_mixin.py:151} INFO - [2024-10-03T06:34:04.279+0000] {dag.py:3677} INFO - Setting next_dagrun for latest_only to 2024-10-03T02:34:04.279457+00:00, run_after=2024-10-03T06:34:04.279457+00:00
[2024-10-03T06:34:04.335+0000] {processor.py:179} INFO - Processing /home/airflow/.local/lib/python3.8/site-packages/airflow/example_dags/example_latest_only.py took 0.325 seconds
[2024-10-03T06:34:34.471+0000] {processor.py:157} INFO - Started process (PID=190) to work on /home/airflow/.local/lib/python3.8/site-packages/airflow/example_dags/example_latest_only.py
[2024-10-03T06:34:34.472+0000] {processor.py:829} INFO - Processing file /home/airflow/.local/lib/python3.8/site-packages/airflow/example_dags/example_latest_only.py for tasks to queue
[2024-10-03T06:34:34.475+0000] {logging_mixin.py:151} INFO - [2024-10-03T06:34:34.475+0000] {dagbag.py:539} INFO - Filling up the DagBag from /home/airflow/.local/lib/python3.8/site-packages/airflow/example_dags/example_latest_only.py
[2024-10-03T06:34:34.484+0000] {processor.py:839} INFO - DAG(s) dict_keys(['latest_only']) retrieved from /home/airflow/.local/lib/python3.8/site-packages/airflow/example_dags/example_latest_only.py
[2024-10-03T06:34:34.528+0000] {logging_mixin.py:151} INFO - [2024-10-03T06:34:34.527+0000] {dag.py:2907} INFO - Sync 1 DAGs
[2024-10-03T06:34:34.599+0000] {logging_mixin.py:151} INFO - [2024-10-03T06:34:34.598+0000] {dag.py:3677} INFO - Setting next_dagrun for latest_only to 2024-10-03T02:34:34.598193+00:00, run_after=2024-10-03T06:34:34.598193+00:00
[2024-10-03T06:34:34.641+0000] {processor.py:179} INFO - Processing /home/airflow/.local/lib/python3.8/site-packages/airflow/example_dags/example_latest_only.py took 0.175 seconds
[2024-10-03T06:35:04.934+0000] {processor.py:157} INFO - Started process (PID=248) to work on /home/airflow/.local/lib/python3.8/site-packages/airflow/example_dags/example_latest_only.py
[2024-10-03T06:35:04.937+0000] {processor.py:829} INFO - Processing file /home/airflow/.local/lib/python3.8/site-packages/airflow/example_dags/example_latest_only.py for tasks to queue
[2024-10-03T06:35:04.941+0000] {logging_mixin.py:151} INFO - [2024-10-03T06:35:04.941+0000] {dagbag.py:539} INFO - Filling up the DagBag from /home/airflow/.local/lib/python3.8/site-packages/airflow/example_dags/example_latest_only.py
[2024-10-03T06:35:04.950+0000] {processor.py:839} INFO - DAG(s) dict_keys(['latest_only']) retrieved from /home/airflow/.local/lib/python3.8/site-packages/airflow/example_dags/example_latest_only.py
[2024-10-03T06:35:04.986+0000] {logging_mixin.py:151} INFO - [2024-10-03T06:35:04.985+0000] {dag.py:2907} INFO - Sync 1 DAGs
[2024-10-03T06:35:05.026+0000] {logging_mixin.py:151} INFO - [2024-10-03T06:35:05.026+0000] {dag.py:3677} INFO - Setting next_dagrun for latest_only to 2024-10-03T02:35:05.025784+00:00, run_after=2024-10-03T06:35:05.025784+00:00
[2024-10-03T06:35:05.075+0000] {processor.py:179} INFO - Processing /home/airflow/.local/lib/python3.8/site-packages/airflow/example_dags/example_latest_only.py took 0.145 seconds
[2024-10-03T06:35:35.316+0000] {processor.py:157} INFO - Started process (PID=306) to work on /home/airflow/.local/lib/python3.8/site-packages/airflow/example_dags/example_latest_only.py
[2024-10-03T06:35:35.318+0000] {processor.py:829} INFO - Processing file /home/airflow/.local/lib/python3.8/site-packages/airflow/example_dags/example_latest_only.py for tasks to queue
[2024-10-03T06:35:35.322+0000] {logging_mixin.py:151} INFO - [2024-10-03T06:35:35.321+0000] {dagbag.py:539} INFO - Filling up the DagBag from /home/airflow/.local/lib/python3.8/site-packages/airflow/example_dags/example_latest_only.py
[2024-10-03T06:35:35.330+0000] {processor.py:839} INFO - DAG(s) dict_keys(['latest_only']) retrieved from /home/airflow/.local/lib/python3.8/site-packages/airflow/example_dags/example_latest_only.py
[2024-10-03T06:35:35.365+0000] {logging_mixin.py:151} INFO - [2024-10-03T06:35:35.365+0000] {dag.py:2907} INFO - Sync 1 DAGs
[2024-10-03T06:35:35.404+0000] {logging_mixin.py:151} INFO - [2024-10-03T06:35:35.403+0000] {dag.py:3677} INFO - Setting next_dagrun for latest_only to 2024-10-03T02:35:35.403582+00:00, run_after=2024-10-03T06:35:35.403582+00:00
[2024-10-03T06:35:35.454+0000] {processor.py:179} INFO - Processing /home/airflow/.local/lib/python3.8/site-packages/airflow/example_dags/example_latest_only.py took 0.143 seconds
[2024-10-03T06:36:05.904+0000] {processor.py:157} INFO - Started process (PID=365) to work on /home/airflow/.local/lib/python3.8/site-packages/airflow/example_dags/example_latest_only.py
[2024-10-03T06:36:05.906+0000] {processor.py:829} INFO - Processing file /home/airflow/.local/lib/python3.8/site-packages/airflow/example_dags/example_latest_only.py for tasks to queue
[2024-10-03T06:36:05.911+0000] {logging_mixin.py:151} INFO - [2024-10-03T06:36:05.910+0000] {dagbag.py:539} INFO - Filling up the DagBag from /home/airflow/.local/lib/python3.8/site-packages/airflow/example_dags/example_latest_only.py
[2024-10-03T06:36:05.920+0000] {processor.py:839} INFO - DAG(s) dict_keys(['latest_only']) retrieved from /home/airflow/.local/lib/python3.8/site-packages/airflow/example_dags/example_latest_only.py
[2024-10-03T06:36:05.960+0000] {logging_mixin.py:151} INFO - [2024-10-03T06:36:05.960+0000] {dag.py:2907} INFO - Sync 1 DAGs
[2024-10-03T06:36:06.010+0000] {logging_mixin.py:151} INFO - [2024-10-03T06:36:06.009+0000] {dag.py:3677} INFO - Setting next_dagrun for latest_only to 2024-10-03T02:36:06.009446+00:00, run_after=2024-10-03T06:36:06.009446+00:00
[2024-10-03T06:36:06.058+0000] {processor.py:179} INFO - Processing /home/airflow/.local/lib/python3.8/site-packages/airflow/example_dags/example_latest_only.py took 0.160 seconds
[2024-10-03T06:36:36.629+0000] {processor.py:157} INFO - Started process (PID=423) to work on /home/airflow/.local/lib/python3.8/site-packages/airflow/example_dags/example_latest_only.py
[2024-10-03T06:36:36.631+0000] {processor.py:829} INFO - Processing file /home/airflow/.local/lib/python3.8/site-packages/airflow/example_dags/example_latest_only.py for tasks to queue
[2024-10-03T06:36:36.635+0000] {logging_mixin.py:151} INFO - [2024-10-03T06:36:36.634+0000] {dagbag.py:539} INFO - Filling up the DagBag from /home/airflow/.local/lib/python3.8/site-packages/airflow/example_dags/example_latest_only.py
[2024-10-03T06:36:36.646+0000] {processor.py:839} INFO - DAG(s) dict_keys(['latest_only']) retrieved from /home/airflow/.local/lib/python3.8/site-packages/airflow/example_dags/example_latest_only.py
[2024-10-03T06:36:36.687+0000] {logging_mixin.py:151} INFO - [2024-10-03T06:36:36.686+0000] {dag.py:2907} INFO - Sync 1 DAGs
[2024-10-03T06:36:36.730+0000] {logging_mixin.py:151} INFO - [2024-10-03T06:36:36.730+0000] {dag.py:3677} INFO - Setting next_dagrun for latest_only to 2024-10-03T02:36:36.729549+00:00, run_after=2024-10-03T06:36:36.729549+00:00
[2024-10-03T06:36:36.771+0000] {processor.py:179} INFO - Processing /home/airflow/.local/lib/python3.8/site-packages/airflow/example_dags/example_latest_only.py took 0.148 seconds
[2024-10-03T06:41:24.940+0000] {processor.py:157} INFO - Started process (PID=118) to work on /home/airflow/.local/lib/python3.8/site-packages/airflow/example_dags/example_latest_only.py
[2024-10-03T06:41:24.942+0000] {processor.py:829} INFO - Processing file /home/airflow/.local/lib/python3.8/site-packages/airflow/example_dags/example_latest_only.py for tasks to queue
[2024-10-03T06:41:24.958+0000] {logging_mixin.py:151} INFO - [2024-10-03T06:41:24.957+0000] {dagbag.py:539} INFO - Filling up the DagBag from /home/airflow/.local/lib/python3.8/site-packages/airflow/example_dags/example_latest_only.py
[2024-10-03T06:41:24.975+0000] {processor.py:839} INFO - DAG(s) dict_keys(['latest_only']) retrieved from /home/airflow/.local/lib/python3.8/site-packages/airflow/example_dags/example_latest_only.py
[2024-10-03T06:41:25.108+0000] {logging_mixin.py:151} INFO - [2024-10-03T06:41:25.107+0000] {dag.py:2907} INFO - Sync 1 DAGs
[2024-10-03T06:41:25.210+0000] {logging_mixin.py:151} INFO - [2024-10-03T06:41:25.209+0000] {dag.py:3677} INFO - Setting next_dagrun for latest_only to 2024-10-03T02:41:25.208374+00:00, run_after=2024-10-03T06:41:25.208374+00:00
[2024-10-03T06:41:25.295+0000] {processor.py:179} INFO - Processing /home/airflow/.local/lib/python3.8/site-packages/airflow/example_dags/example_latest_only.py took 0.385 seconds
[2024-10-03T06:41:55.593+0000] {processor.py:157} INFO - Started process (PID=176) to work on /home/airflow/.local/lib/python3.8/site-packages/airflow/example_dags/example_latest_only.py
[2024-10-03T06:41:55.598+0000] {processor.py:829} INFO - Processing file /home/airflow/.local/lib/python3.8/site-packages/airflow/example_dags/example_latest_only.py for tasks to queue
[2024-10-03T06:41:55.605+0000] {logging_mixin.py:151} INFO - [2024-10-03T06:41:55.604+0000] {dagbag.py:539} INFO - Filling up the DagBag from /home/airflow/.local/lib/python3.8/site-packages/airflow/example_dags/example_latest_only.py
[2024-10-03T06:41:55.623+0000] {processor.py:839} INFO - DAG(s) dict_keys(['latest_only']) retrieved from /home/airflow/.local/lib/python3.8/site-packages/airflow/example_dags/example_latest_only.py
[2024-10-03T06:41:55.704+0000] {logging_mixin.py:151} INFO - [2024-10-03T06:41:55.703+0000] {dag.py:2907} INFO - Sync 1 DAGs
[2024-10-03T06:41:55.859+0000] {logging_mixin.py:151} INFO - [2024-10-03T06:41:55.858+0000] {dag.py:3677} INFO - Setting next_dagrun for latest_only to 2024-10-03T02:41:55.854813+00:00, run_after=2024-10-03T06:41:55.854813+00:00
[2024-10-03T06:41:55.952+0000] {processor.py:179} INFO - Processing /home/airflow/.local/lib/python3.8/site-packages/airflow/example_dags/example_latest_only.py took 0.368 seconds
[2024-10-03T06:42:27.567+0000] {processor.py:157} INFO - Started process (PID=234) to work on /home/airflow/.local/lib/python3.8/site-packages/airflow/example_dags/example_latest_only.py
[2024-10-03T06:42:27.572+0000] {processor.py:829} INFO - Processing file /home/airflow/.local/lib/python3.8/site-packages/airflow/example_dags/example_latest_only.py for tasks to queue
[2024-10-03T06:42:27.581+0000] {logging_mixin.py:151} INFO - [2024-10-03T06:42:27.579+0000] {dagbag.py:539} INFO - Filling up the DagBag from /home/airflow/.local/lib/python3.8/site-packages/airflow/example_dags/example_latest_only.py
[2024-10-03T06:42:27.613+0000] {processor.py:839} INFO - DAG(s) dict_keys(['latest_only']) retrieved from /home/airflow/.local/lib/python3.8/site-packages/airflow/example_dags/example_latest_only.py
[2024-10-03T06:42:27.710+0000] {logging_mixin.py:151} INFO - [2024-10-03T06:42:27.708+0000] {dag.py:2907} INFO - Sync 1 DAGs
[2024-10-03T06:42:27.825+0000] {logging_mixin.py:151} INFO - [2024-10-03T06:42:27.824+0000] {dag.py:3677} INFO - Setting next_dagrun for latest_only to 2024-10-03T02:42:27.814293+00:00, run_after=2024-10-03T06:42:27.814293+00:00
[2024-10-03T06:42:28.000+0000] {processor.py:179} INFO - Processing /home/airflow/.local/lib/python3.8/site-packages/airflow/example_dags/example_latest_only.py took 0.447 seconds
[2024-10-03T06:52:55.444+0000] {processor.py:186} INFO - Started process (PID=118) to work on /home/airflow/.local/lib/python3.12/site-packages/airflow/example_dags/example_latest_only.py
[2024-10-03T06:52:55.448+0000] {processor.py:914} INFO - Processing file /home/airflow/.local/lib/python3.12/site-packages/airflow/example_dags/example_latest_only.py for tasks to queue
[2024-10-03T06:52:55.455+0000] {logging_mixin.py:190} INFO - [2024-10-03T06:52:55.453+0000] {dagbag.py:588} INFO - Filling up the DagBag from /home/airflow/.local/lib/python3.12/site-packages/airflow/example_dags/example_latest_only.py
[2024-10-03T06:52:55.476+0000] {processor.py:925} INFO - DAG(s) 'latest_only' retrieved from /home/airflow/.local/lib/python3.12/site-packages/airflow/example_dags/example_latest_only.py
[2024-10-03T06:52:55.967+0000] {logging_mixin.py:190} INFO - [2024-10-03T06:52:55.966+0000] {dag.py:3239} INFO - Sync 1 DAGs
[2024-10-03T06:52:56.103+0000] {logging_mixin.py:190} INFO - [2024-10-03T06:52:56.102+0000] {dag.py:4180} INFO - Setting next_dagrun for latest_only to 2024-10-03 00:00:00+00:00, run_after=2024-10-03 04:00:00+00:00
[2024-10-03T06:52:56.278+0000] {processor.py:208} INFO - Processing /home/airflow/.local/lib/python3.12/site-packages/airflow/example_dags/example_latest_only.py took 0.846 seconds
[2024-10-03T06:53:26.655+0000] {processor.py:186} INFO - Started process (PID=182) to work on /home/airflow/.local/lib/python3.12/site-packages/airflow/example_dags/example_latest_only.py
[2024-10-03T06:53:26.657+0000] {processor.py:914} INFO - Processing file /home/airflow/.local/lib/python3.12/site-packages/airflow/example_dags/example_latest_only.py for tasks to queue
[2024-10-03T06:53:26.660+0000] {logging_mixin.py:190} INFO - [2024-10-03T06:53:26.660+0000] {dagbag.py:588} INFO - Filling up the DagBag from /home/airflow/.local/lib/python3.12/site-packages/airflow/example_dags/example_latest_only.py
[2024-10-03T06:53:26.668+0000] {processor.py:925} INFO - DAG(s) 'latest_only' retrieved from /home/airflow/.local/lib/python3.12/site-packages/airflow/example_dags/example_latest_only.py
[2024-10-03T06:53:26.693+0000] {logging_mixin.py:190} INFO - [2024-10-03T06:53:26.692+0000] {dag.py:3239} INFO - Sync 1 DAGs
[2024-10-03T06:53:26.720+0000] {logging_mixin.py:190} INFO - [2024-10-03T06:53:26.720+0000] {dag.py:4180} INFO - Setting next_dagrun for latest_only to 2024-10-03 00:00:00+00:00, run_after=2024-10-03 04:00:00+00:00
[2024-10-03T06:53:26.748+0000] {processor.py:208} INFO - Processing /home/airflow/.local/lib/python3.12/site-packages/airflow/example_dags/example_latest_only.py took 0.101 seconds
[2024-10-03T06:53:56.942+0000] {processor.py:186} INFO - Started process (PID=246) to work on /home/airflow/.local/lib/python3.12/site-packages/airflow/example_dags/example_latest_only.py
[2024-10-03T06:53:56.952+0000] {processor.py:914} INFO - Processing file /home/airflow/.local/lib/python3.12/site-packages/airflow/example_dags/example_latest_only.py for tasks to queue
[2024-10-03T06:53:56.957+0000] {logging_mixin.py:190} INFO - [2024-10-03T06:53:56.956+0000] {dagbag.py:588} INFO - Filling up the DagBag from /home/airflow/.local/lib/python3.12/site-packages/airflow/example_dags/example_latest_only.py
[2024-10-03T06:53:56.976+0000] {processor.py:925} INFO - DAG(s) 'latest_only' retrieved from /home/airflow/.local/lib/python3.12/site-packages/airflow/example_dags/example_latest_only.py
[2024-10-03T06:53:57.013+0000] {logging_mixin.py:190} INFO - [2024-10-03T06:53:57.012+0000] {dag.py:3239} INFO - Sync 1 DAGs
[2024-10-03T06:53:57.046+0000] {logging_mixin.py:190} INFO - [2024-10-03T06:53:57.045+0000] {dag.py:4180} INFO - Setting next_dagrun for latest_only to 2024-10-03 00:00:00+00:00, run_after=2024-10-03 04:00:00+00:00
[2024-10-03T06:53:57.383+0000] {processor.py:208} INFO - Processing /home/airflow/.local/lib/python3.12/site-packages/airflow/example_dags/example_latest_only.py took 0.447 seconds
[2024-10-03T06:54:27.854+0000] {processor.py:186} INFO - Started process (PID=309) to work on /home/airflow/.local/lib/python3.12/site-packages/airflow/example_dags/example_latest_only.py
[2024-10-03T06:54:27.858+0000] {processor.py:914} INFO - Processing file /home/airflow/.local/lib/python3.12/site-packages/airflow/example_dags/example_latest_only.py for tasks to queue
[2024-10-03T06:54:27.866+0000] {logging_mixin.py:190} INFO - [2024-10-03T06:54:27.865+0000] {dagbag.py:588} INFO - Filling up the DagBag from /home/airflow/.local/lib/python3.12/site-packages/airflow/example_dags/example_latest_only.py
[2024-10-03T06:54:27.894+0000] {processor.py:925} INFO - DAG(s) 'latest_only' retrieved from /home/airflow/.local/lib/python3.12/site-packages/airflow/example_dags/example_latest_only.py
[2024-10-03T06:54:27.979+0000] {logging_mixin.py:190} INFO - [2024-10-03T06:54:27.977+0000] {dag.py:3239} INFO - Sync 1 DAGs
[2024-10-03T06:54:28.072+0000] {logging_mixin.py:190} INFO - [2024-10-03T06:54:28.071+0000] {dag.py:4180} INFO - Setting next_dagrun for latest_only to 2024-10-03 00:00:00+00:00, run_after=2024-10-03 04:00:00+00:00
[2024-10-03T06:54:28.157+0000] {processor.py:208} INFO - Processing /home/airflow/.local/lib/python3.12/site-packages/airflow/example_dags/example_latest_only.py took 0.319 seconds
[2024-10-03T06:54:58.548+0000] {processor.py:186} INFO - Started process (PID=373) to work on /home/airflow/.local/lib/python3.12/site-packages/airflow/example_dags/example_latest_only.py
[2024-10-03T06:54:58.553+0000] {processor.py:914} INFO - Processing file /home/airflow/.local/lib/python3.12/site-packages/airflow/example_dags/example_latest_only.py for tasks to queue
[2024-10-03T06:54:58.557+0000] {logging_mixin.py:190} INFO - [2024-10-03T06:54:58.557+0000] {dagbag.py:588} INFO - Filling up the DagBag from /home/airflow/.local/lib/python3.12/site-packages/airflow/example_dags/example_latest_only.py
[2024-10-03T06:54:58.582+0000] {processor.py:925} INFO - DAG(s) 'latest_only' retrieved from /home/airflow/.local/lib/python3.12/site-packages/airflow/example_dags/example_latest_only.py
[2024-10-03T06:54:58.612+0000] {logging_mixin.py:190} INFO - [2024-10-03T06:54:58.612+0000] {dag.py:3239} INFO - Sync 1 DAGs
[2024-10-03T06:54:58.653+0000] {logging_mixin.py:190} INFO - [2024-10-03T06:54:58.652+0000] {dag.py:4180} INFO - Setting next_dagrun for latest_only to 2024-10-03 00:00:00+00:00, run_after=2024-10-03 04:00:00+00:00
[2024-10-03T06:54:58.689+0000] {processor.py:208} INFO - Processing /home/airflow/.local/lib/python3.12/site-packages/airflow/example_dags/example_latest_only.py took 0.152 seconds
[2024-10-03T06:55:29.881+0000] {processor.py:186} INFO - Started process (PID=437) to work on /home/airflow/.local/lib/python3.12/site-packages/airflow/example_dags/example_latest_only.py
[2024-10-03T06:55:29.889+0000] {processor.py:914} INFO - Processing file /home/airflow/.local/lib/python3.12/site-packages/airflow/example_dags/example_latest_only.py for tasks to queue
[2024-10-03T06:55:29.893+0000] {logging_mixin.py:190} INFO - [2024-10-03T06:55:29.893+0000] {dagbag.py:588} INFO - Filling up the DagBag from /home/airflow/.local/lib/python3.12/site-packages/airflow/example_dags/example_latest_only.py
[2024-10-03T06:55:29.909+0000] {processor.py:925} INFO - DAG(s) 'latest_only' retrieved from /home/airflow/.local/lib/python3.12/site-packages/airflow/example_dags/example_latest_only.py
[2024-10-03T06:55:29.936+0000] {logging_mixin.py:190} INFO - [2024-10-03T06:55:29.936+0000] {dag.py:3239} INFO - Sync 1 DAGs
[2024-10-03T06:55:29.966+0000] {logging_mixin.py:190} INFO - [2024-10-03T06:55:29.966+0000] {dag.py:4180} INFO - Setting next_dagrun for latest_only to 2024-10-03 00:00:00+00:00, run_after=2024-10-03 04:00:00+00:00
[2024-10-03T06:55:29.995+0000] {processor.py:208} INFO - Processing /home/airflow/.local/lib/python3.12/site-packages/airflow/example_dags/example_latest_only.py took 0.121 seconds
[2024-10-03T06:56:00.152+0000] {processor.py:186} INFO - Started process (PID=501) to work on /home/airflow/.local/lib/python3.12/site-packages/airflow/example_dags/example_latest_only.py
[2024-10-03T06:56:00.154+0000] {processor.py:914} INFO - Processing file /home/airflow/.local/lib/python3.12/site-packages/airflow/example_dags/example_latest_only.py for tasks to queue
[2024-10-03T06:56:00.159+0000] {logging_mixin.py:190} INFO - [2024-10-03T06:56:00.159+0000] {dagbag.py:588} INFO - Filling up the DagBag from /home/airflow/.local/lib/python3.12/site-packages/airflow/example_dags/example_latest_only.py
[2024-10-03T06:56:00.171+0000] {processor.py:925} INFO - DAG(s) 'latest_only' retrieved from /home/airflow/.local/lib/python3.12/site-packages/airflow/example_dags/example_latest_only.py
[2024-10-03T06:56:00.206+0000] {logging_mixin.py:190} INFO - [2024-10-03T06:56:00.205+0000] {dag.py:3239} INFO - Sync 1 DAGs
[2024-10-03T06:56:00.244+0000] {logging_mixin.py:190} INFO - [2024-10-03T06:56:00.244+0000] {dag.py:4180} INFO - Setting next_dagrun for latest_only to 2024-10-03 00:00:00+00:00, run_after=2024-10-03 04:00:00+00:00
[2024-10-03T06:56:00.278+0000] {processor.py:208} INFO - Processing /home/airflow/.local/lib/python3.12/site-packages/airflow/example_dags/example_latest_only.py took 0.134 seconds
[2024-10-03T06:56:30.434+0000] {processor.py:186} INFO - Started process (PID=565) to work on /home/airflow/.local/lib/python3.12/site-packages/airflow/example_dags/example_latest_only.py
[2024-10-03T06:56:30.436+0000] {processor.py:914} INFO - Processing file /home/airflow/.local/lib/python3.12/site-packages/airflow/example_dags/example_latest_only.py for tasks to queue
[2024-10-03T06:56:30.439+0000] {logging_mixin.py:190} INFO - [2024-10-03T06:56:30.438+0000] {dagbag.py:588} INFO - Filling up the DagBag from /home/airflow/.local/lib/python3.12/site-packages/airflow/example_dags/example_latest_only.py
[2024-10-03T06:56:30.447+0000] {processor.py:925} INFO - DAG(s) 'latest_only' retrieved from /home/airflow/.local/lib/python3.12/site-packages/airflow/example_dags/example_latest_only.py
[2024-10-03T06:56:30.476+0000] {logging_mixin.py:190} INFO - [2024-10-03T06:56:30.475+0000] {dag.py:3239} INFO - Sync 1 DAGs
[2024-10-03T06:56:30.517+0000] {logging_mixin.py:190} INFO - [2024-10-03T06:56:30.516+0000] {dag.py:4180} INFO - Setting next_dagrun for latest_only to 2024-10-03 00:00:00+00:00, run_after=2024-10-03 04:00:00+00:00
[2024-10-03T06:56:30.571+0000] {processor.py:208} INFO - Processing /home/airflow/.local/lib/python3.12/site-packages/airflow/example_dags/example_latest_only.py took 0.143 seconds
[2024-10-03T06:57:01.089+0000] {processor.py:186} INFO - Started process (PID=629) to work on /home/airflow/.local/lib/python3.12/site-packages/airflow/example_dags/example_latest_only.py
[2024-10-03T06:57:01.092+0000] {processor.py:914} INFO - Processing file /home/airflow/.local/lib/python3.12/site-packages/airflow/example_dags/example_latest_only.py for tasks to queue
[2024-10-03T06:57:01.097+0000] {logging_mixin.py:190} INFO - [2024-10-03T06:57:01.096+0000] {dagbag.py:588} INFO - Filling up the DagBag from /home/airflow/.local/lib/python3.12/site-packages/airflow/example_dags/example_latest_only.py
[2024-10-03T06:57:01.112+0000] {processor.py:925} INFO - DAG(s) 'latest_only' retrieved from /home/airflow/.local/lib/python3.12/site-packages/airflow/example_dags/example_latest_only.py
[2024-10-03T06:57:01.157+0000] {logging_mixin.py:190} INFO - [2024-10-03T06:57:01.157+0000] {dag.py:3239} INFO - Sync 1 DAGs
[2024-10-03T06:57:01.210+0000] {logging_mixin.py:190} INFO - [2024-10-03T06:57:01.209+0000] {dag.py:4180} INFO - Setting next_dagrun for latest_only to 2024-10-03 00:00:00+00:00, run_after=2024-10-03 04:00:00+00:00
[2024-10-03T06:57:01.252+0000] {processor.py:208} INFO - Processing /home/airflow/.local/lib/python3.12/site-packages/airflow/example_dags/example_latest_only.py took 0.175 seconds
[2024-10-03T06:57:31.958+0000] {processor.py:186} INFO - Started process (PID=693) to work on /home/airflow/.local/lib/python3.12/site-packages/airflow/example_dags/example_latest_only.py
[2024-10-03T06:57:31.965+0000] {processor.py:914} INFO - Processing file /home/airflow/.local/lib/python3.12/site-packages/airflow/example_dags/example_latest_only.py for tasks to queue
[2024-10-03T06:57:31.974+0000] {logging_mixin.py:190} INFO - [2024-10-03T06:57:31.973+0000] {dagbag.py:588} INFO - Filling up the DagBag from /home/airflow/.local/lib/python3.12/site-packages/airflow/example_dags/example_latest_only.py
[2024-10-03T06:57:32.003+0000] {processor.py:925} INFO - DAG(s) 'latest_only' retrieved from /home/airflow/.local/lib/python3.12/site-packages/airflow/example_dags/example_latest_only.py
[2024-10-03T06:57:32.085+0000] {logging_mixin.py:190} INFO - [2024-10-03T06:57:32.084+0000] {dag.py:3239} INFO - Sync 1 DAGs
[2024-10-03T06:57:32.190+0000] {logging_mixin.py:190} INFO - [2024-10-03T06:57:32.189+0000] {dag.py:4180} INFO - Setting next_dagrun for latest_only to 2024-10-03 00:00:00+00:00, run_after=2024-10-03 04:00:00+00:00
[2024-10-03T06:57:32.288+0000] {processor.py:208} INFO - Processing /home/airflow/.local/lib/python3.12/site-packages/airflow/example_dags/example_latest_only.py took 0.351 seconds
[2024-10-03T06:58:02.438+0000] {processor.py:186} INFO - Started process (PID=757) to work on /home/airflow/.local/lib/python3.12/site-packages/airflow/example_dags/example_latest_only.py
[2024-10-03T06:58:02.440+0000] {processor.py:914} INFO - Processing file /home/airflow/.local/lib/python3.12/site-packages/airflow/example_dags/example_latest_only.py for tasks to queue
[2024-10-03T06:58:02.443+0000] {logging_mixin.py:190} INFO - [2024-10-03T06:58:02.443+0000] {dagbag.py:588} INFO - Filling up the DagBag from /home/airflow/.local/lib/python3.12/site-packages/airflow/example_dags/example_latest_only.py
[2024-10-03T06:58:02.452+0000] {processor.py:925} INFO - DAG(s) 'latest_only' retrieved from /home/airflow/.local/lib/python3.12/site-packages/airflow/example_dags/example_latest_only.py
[2024-10-03T06:58:02.479+0000] {logging_mixin.py:190} INFO - [2024-10-03T06:58:02.478+0000] {dag.py:3239} INFO - Sync 1 DAGs
[2024-10-03T06:58:02.508+0000] {logging_mixin.py:190} INFO - [2024-10-03T06:58:02.508+0000] {dag.py:4180} INFO - Setting next_dagrun for latest_only to 2024-10-03 00:00:00+00:00, run_after=2024-10-03 04:00:00+00:00
[2024-10-03T06:58:02.539+0000] {processor.py:208} INFO - Processing /home/airflow/.local/lib/python3.12/site-packages/airflow/example_dags/example_latest_only.py took 0.108 seconds
[2024-10-03T06:58:32.801+0000] {processor.py:186} INFO - Started process (PID=821) to work on /home/airflow/.local/lib/python3.12/site-packages/airflow/example_dags/example_latest_only.py
[2024-10-03T06:58:32.802+0000] {processor.py:914} INFO - Processing file /home/airflow/.local/lib/python3.12/site-packages/airflow/example_dags/example_latest_only.py for tasks to queue
[2024-10-03T06:58:32.805+0000] {logging_mixin.py:190} INFO - [2024-10-03T06:58:32.805+0000] {dagbag.py:588} INFO - Filling up the DagBag from /home/airflow/.local/lib/python3.12/site-packages/airflow/example_dags/example_latest_only.py
[2024-10-03T06:58:32.814+0000] {processor.py:925} INFO - DAG(s) 'latest_only' retrieved from /home/airflow/.local/lib/python3.12/site-packages/airflow/example_dags/example_latest_only.py
[2024-10-03T06:58:32.841+0000] {logging_mixin.py:190} INFO - [2024-10-03T06:58:32.841+0000] {dag.py:3239} INFO - Sync 1 DAGs
[2024-10-03T06:58:32.870+0000] {logging_mixin.py:190} INFO - [2024-10-03T06:58:32.870+0000] {dag.py:4180} INFO - Setting next_dagrun for latest_only to 2024-10-03 00:00:00+00:00, run_after=2024-10-03 04:00:00+00:00
[2024-10-03T06:58:32.898+0000] {processor.py:208} INFO - Processing /home/airflow/.local/lib/python3.12/site-packages/airflow/example_dags/example_latest_only.py took 0.103 seconds
[2024-10-03T06:59:03.671+0000] {processor.py:186} INFO - Started process (PID=885) to work on /home/airflow/.local/lib/python3.12/site-packages/airflow/example_dags/example_latest_only.py
[2024-10-03T06:59:03.673+0000] {processor.py:914} INFO - Processing file /home/airflow/.local/lib/python3.12/site-packages/airflow/example_dags/example_latest_only.py for tasks to queue
[2024-10-03T06:59:03.676+0000] {logging_mixin.py:190} INFO - [2024-10-03T06:59:03.676+0000] {dagbag.py:588} INFO - Filling up the DagBag from /home/airflow/.local/lib/python3.12/site-packages/airflow/example_dags/example_latest_only.py
[2024-10-03T06:59:03.688+0000] {processor.py:925} INFO - DAG(s) 'latest_only' retrieved from /home/airflow/.local/lib/python3.12/site-packages/airflow/example_dags/example_latest_only.py
[2024-10-03T06:59:03.721+0000] {logging_mixin.py:190} INFO - [2024-10-03T06:59:03.721+0000] {dag.py:3239} INFO - Sync 1 DAGs
[2024-10-03T06:59:03.754+0000] {logging_mixin.py:190} INFO - [2024-10-03T06:59:03.754+0000] {dag.py:4180} INFO - Setting next_dagrun for latest_only to 2024-10-03 00:00:00+00:00, run_after=2024-10-03 04:00:00+00:00
[2024-10-03T06:59:03.790+0000] {processor.py:208} INFO - Processing /home/airflow/.local/lib/python3.12/site-packages/airflow/example_dags/example_latest_only.py took 0.127 seconds
[2024-10-03T06:59:36.063+0000] {processor.py:186} INFO - Started process (PID=949) to work on /home/airflow/.local/lib/python3.12/site-packages/airflow/example_dags/example_latest_only.py
[2024-10-03T06:59:36.066+0000] {processor.py:914} INFO - Processing file /home/airflow/.local/lib/python3.12/site-packages/airflow/example_dags/example_latest_only.py for tasks to queue
[2024-10-03T06:59:36.076+0000] {logging_mixin.py:190} INFO - [2024-10-03T06:59:36.075+0000] {dagbag.py:588} INFO - Filling up the DagBag from /home/airflow/.local/lib/python3.12/site-packages/airflow/example_dags/example_latest_only.py
[2024-10-03T06:59:36.108+0000] {processor.py:925} INFO - DAG(s) 'latest_only' retrieved from /home/airflow/.local/lib/python3.12/site-packages/airflow/example_dags/example_latest_only.py
[2024-10-03T06:59:36.255+0000] {logging_mixin.py:190} INFO - [2024-10-03T06:59:36.254+0000] {dag.py:3239} INFO - Sync 1 DAGs
[2024-10-03T06:59:36.366+0000] {logging_mixin.py:190} INFO - [2024-10-03T06:59:36.366+0000] {dag.py:4180} INFO - Setting next_dagrun for latest_only to 2024-10-03 00:00:00+00:00, run_after=2024-10-03 04:00:00+00:00
[2024-10-03T06:59:36.446+0000] {processor.py:208} INFO - Processing /home/airflow/.local/lib/python3.12/site-packages/airflow/example_dags/example_latest_only.py took 0.397 seconds
[2024-10-03T07:00:13.473+0000] {processor.py:186} INFO - Started process (PID=1014) to work on /home/airflow/.local/lib/python3.12/site-packages/airflow/example_dags/example_latest_only.py
[2024-10-03T07:00:13.477+0000] {processor.py:914} INFO - Processing file /home/airflow/.local/lib/python3.12/site-packages/airflow/example_dags/example_latest_only.py for tasks to queue
[2024-10-03T07:00:13.484+0000] {logging_mixin.py:190} INFO - [2024-10-03T07:00:13.483+0000] {dagbag.py:588} INFO - Filling up the DagBag from /home/airflow/.local/lib/python3.12/site-packages/airflow/example_dags/example_latest_only.py
[2024-10-03T07:00:13.504+0000] {processor.py:925} INFO - DAG(s) 'latest_only' retrieved from /home/airflow/.local/lib/python3.12/site-packages/airflow/example_dags/example_latest_only.py
[2024-10-03T07:00:13.564+0000] {logging_mixin.py:190} INFO - [2024-10-03T07:00:13.564+0000] {dag.py:3239} INFO - Sync 1 DAGs
[2024-10-03T07:00:13.629+0000] {logging_mixin.py:190} INFO - [2024-10-03T07:00:13.628+0000] {dag.py:4180} INFO - Setting next_dagrun for latest_only to 2024-10-03 00:00:00+00:00, run_after=2024-10-03 04:00:00+00:00
[2024-10-03T07:00:13.672+0000] {processor.py:208} INFO - Processing /home/airflow/.local/lib/python3.12/site-packages/airflow/example_dags/example_latest_only.py took 0.216 seconds
[2024-10-03T07:00:44.398+0000] {processor.py:186} INFO - Started process (PID=1078) to work on /home/airflow/.local/lib/python3.12/site-packages/airflow/example_dags/example_latest_only.py
[2024-10-03T07:00:44.400+0000] {processor.py:914} INFO - Processing file /home/airflow/.local/lib/python3.12/site-packages/airflow/example_dags/example_latest_only.py for tasks to queue
[2024-10-03T07:00:44.403+0000] {logging_mixin.py:190} INFO - [2024-10-03T07:00:44.402+0000] {dagbag.py:588} INFO - Filling up the DagBag from /home/airflow/.local/lib/python3.12/site-packages/airflow/example_dags/example_latest_only.py
[2024-10-03T07:00:44.411+0000] {processor.py:925} INFO - DAG(s) 'latest_only' retrieved from /home/airflow/.local/lib/python3.12/site-packages/airflow/example_dags/example_latest_only.py
[2024-10-03T07:00:44.434+0000] {logging_mixin.py:190} INFO - [2024-10-03T07:00:44.433+0000] {dag.py:3239} INFO - Sync 1 DAGs
[2024-10-03T07:00:44.463+0000] {logging_mixin.py:190} INFO - [2024-10-03T07:00:44.462+0000] {dag.py:4180} INFO - Setting next_dagrun for latest_only to 2024-10-03 00:00:00+00:00, run_after=2024-10-03 04:00:00+00:00
[2024-10-03T07:00:44.489+0000] {processor.py:208} INFO - Processing /home/airflow/.local/lib/python3.12/site-packages/airflow/example_dags/example_latest_only.py took 0.097 seconds
[2024-10-03T07:01:21.812+0000] {processor.py:186} INFO - Started process (PID=1125) to work on /home/airflow/.local/lib/python3.12/site-packages/airflow/example_dags/example_latest_only.py
[2024-10-03T07:01:21.815+0000] {processor.py:914} INFO - Processing file /home/airflow/.local/lib/python3.12/site-packages/airflow/example_dags/example_latest_only.py for tasks to queue
[2024-10-03T07:01:21.819+0000] {logging_mixin.py:190} INFO - [2024-10-03T07:01:21.818+0000] {dagbag.py:588} INFO - Filling up the DagBag from /home/airflow/.local/lib/python3.12/site-packages/airflow/example_dags/example_latest_only.py
[2024-10-03T07:01:21.834+0000] {processor.py:925} INFO - DAG(s) 'latest_only' retrieved from /home/airflow/.local/lib/python3.12/site-packages/airflow/example_dags/example_latest_only.py
[2024-10-03T07:01:21.872+0000] {logging_mixin.py:190} INFO - [2024-10-03T07:01:21.872+0000] {dag.py:3239} INFO - Sync 1 DAGs
[2024-10-03T07:01:21.909+0000] {logging_mixin.py:190} INFO - [2024-10-03T07:01:21.909+0000] {dag.py:4180} INFO - Setting next_dagrun for latest_only to 2024-10-03 00:00:00+00:00, run_after=2024-10-03 04:00:00+00:00
[2024-10-03T07:01:21.947+0000] {processor.py:208} INFO - Processing /home/airflow/.local/lib/python3.12/site-packages/airflow/example_dags/example_latest_only.py took 0.144 seconds
[2024-10-03T07:02:41.863+0000] {processor.py:186} INFO - Started process (PID=1183) to work on /home/airflow/.local/lib/python3.12/site-packages/airflow/example_dags/example_latest_only.py
[2024-10-03T07:02:41.866+0000] {processor.py:914} INFO - Processing file /home/airflow/.local/lib/python3.12/site-packages/airflow/example_dags/example_latest_only.py for tasks to queue
[2024-10-03T07:02:41.870+0000] {logging_mixin.py:190} INFO - [2024-10-03T07:02:41.868+0000] {dagbag.py:588} INFO - Filling up the DagBag from /home/airflow/.local/lib/python3.12/site-packages/airflow/example_dags/example_latest_only.py
[2024-10-03T07:02:41.900+0000] {processor.py:925} INFO - DAG(s) 'latest_only' retrieved from /home/airflow/.local/lib/python3.12/site-packages/airflow/example_dags/example_latest_only.py
[2024-10-03T07:02:42.040+0000] {logging_mixin.py:190} INFO - [2024-10-03T07:02:42.039+0000] {dag.py:3239} INFO - Sync 1 DAGs
[2024-10-03T07:02:42.137+0000] {logging_mixin.py:190} INFO - [2024-10-03T07:02:42.137+0000] {dag.py:4180} INFO - Setting next_dagrun for latest_only to 2024-10-03 00:00:00+00:00, run_after=2024-10-03 04:00:00+00:00
[2024-10-03T07:02:42.170+0000] {processor.py:208} INFO - Processing /home/airflow/.local/lib/python3.12/site-packages/airflow/example_dags/example_latest_only.py took 0.328 seconds
[2024-10-03T07:03:12.352+0000] {processor.py:186} INFO - Started process (PID=1246) to work on /home/airflow/.local/lib/python3.12/site-packages/airflow/example_dags/example_latest_only.py
[2024-10-03T07:03:12.354+0000] {processor.py:914} INFO - Processing file /home/airflow/.local/lib/python3.12/site-packages/airflow/example_dags/example_latest_only.py for tasks to queue
[2024-10-03T07:03:12.355+0000] {logging_mixin.py:190} INFO - [2024-10-03T07:03:12.355+0000] {dagbag.py:588} INFO - Filling up the DagBag from /home/airflow/.local/lib/python3.12/site-packages/airflow/example_dags/example_latest_only.py
[2024-10-03T07:03:12.364+0000] {processor.py:925} INFO - DAG(s) 'latest_only' retrieved from /home/airflow/.local/lib/python3.12/site-packages/airflow/example_dags/example_latest_only.py
[2024-10-03T07:03:12.388+0000] {logging_mixin.py:190} INFO - [2024-10-03T07:03:12.387+0000] {dag.py:3239} INFO - Sync 1 DAGs
[2024-10-03T07:03:12.415+0000] {logging_mixin.py:190} INFO - [2024-10-03T07:03:12.414+0000] {dag.py:4180} INFO - Setting next_dagrun for latest_only to 2024-10-03 00:00:00+00:00, run_after=2024-10-03 04:00:00+00:00
[2024-10-03T07:03:12.441+0000] {processor.py:208} INFO - Processing /home/airflow/.local/lib/python3.12/site-packages/airflow/example_dags/example_latest_only.py took 0.095 seconds
[2024-10-03T07:03:43.364+0000] {processor.py:186} INFO - Started process (PID=1309) to work on /home/airflow/.local/lib/python3.12/site-packages/airflow/example_dags/example_latest_only.py
[2024-10-03T07:03:43.366+0000] {processor.py:914} INFO - Processing file /home/airflow/.local/lib/python3.12/site-packages/airflow/example_dags/example_latest_only.py for tasks to queue
[2024-10-03T07:03:43.367+0000] {logging_mixin.py:190} INFO - [2024-10-03T07:03:43.367+0000] {dagbag.py:588} INFO - Filling up the DagBag from /home/airflow/.local/lib/python3.12/site-packages/airflow/example_dags/example_latest_only.py
[2024-10-03T07:03:43.379+0000] {processor.py:925} INFO - DAG(s) 'latest_only' retrieved from /home/airflow/.local/lib/python3.12/site-packages/airflow/example_dags/example_latest_only.py
[2024-10-03T07:03:43.403+0000] {logging_mixin.py:190} INFO - [2024-10-03T07:03:43.403+0000] {dag.py:3239} INFO - Sync 1 DAGs
[2024-10-03T07:03:43.433+0000] {logging_mixin.py:190} INFO - [2024-10-03T07:03:43.433+0000] {dag.py:4180} INFO - Setting next_dagrun for latest_only to 2024-10-03 00:00:00+00:00, run_after=2024-10-03 04:00:00+00:00
[2024-10-03T07:03:43.464+0000] {processor.py:208} INFO - Processing /home/airflow/.local/lib/python3.12/site-packages/airflow/example_dags/example_latest_only.py took 0.106 seconds
[2024-10-03T07:04:14.681+0000] {processor.py:186} INFO - Started process (PID=1372) to work on /home/airflow/.local/lib/python3.12/site-packages/airflow/example_dags/example_latest_only.py
[2024-10-03T07:04:14.682+0000] {processor.py:914} INFO - Processing file /home/airflow/.local/lib/python3.12/site-packages/airflow/example_dags/example_latest_only.py for tasks to queue
[2024-10-03T07:04:14.684+0000] {logging_mixin.py:190} INFO - [2024-10-03T07:04:14.684+0000] {dagbag.py:588} INFO - Filling up the DagBag from /home/airflow/.local/lib/python3.12/site-packages/airflow/example_dags/example_latest_only.py
[2024-10-03T07:04:14.695+0000] {processor.py:925} INFO - DAG(s) 'latest_only' retrieved from /home/airflow/.local/lib/python3.12/site-packages/airflow/example_dags/example_latest_only.py
[2024-10-03T07:04:14.722+0000] {logging_mixin.py:190} INFO - [2024-10-03T07:04:14.722+0000] {dag.py:3239} INFO - Sync 1 DAGs
[2024-10-03T07:04:14.755+0000] {logging_mixin.py:190} INFO - [2024-10-03T07:04:14.755+0000] {dag.py:4180} INFO - Setting next_dagrun for latest_only to 2024-10-03 00:00:00+00:00, run_after=2024-10-03 04:00:00+00:00
[2024-10-03T07:04:14.785+0000] {processor.py:208} INFO - Processing /home/airflow/.local/lib/python3.12/site-packages/airflow/example_dags/example_latest_only.py took 0.111 seconds
[2024-10-03T07:04:45.785+0000] {processor.py:186} INFO - Started process (PID=1435) to work on /home/airflow/.local/lib/python3.12/site-packages/airflow/example_dags/example_latest_only.py
[2024-10-03T07:04:45.786+0000] {processor.py:914} INFO - Processing file /home/airflow/.local/lib/python3.12/site-packages/airflow/example_dags/example_latest_only.py for tasks to queue
[2024-10-03T07:04:45.788+0000] {logging_mixin.py:190} INFO - [2024-10-03T07:04:45.788+0000] {dagbag.py:588} INFO - Filling up the DagBag from /home/airflow/.local/lib/python3.12/site-packages/airflow/example_dags/example_latest_only.py
[2024-10-03T07:04:45.801+0000] {processor.py:925} INFO - DAG(s) 'latest_only' retrieved from /home/airflow/.local/lib/python3.12/site-packages/airflow/example_dags/example_latest_only.py
[2024-10-03T07:04:45.836+0000] {logging_mixin.py:190} INFO - [2024-10-03T07:04:45.835+0000] {dag.py:3239} INFO - Sync 1 DAGs
[2024-10-03T07:04:45.870+0000] {logging_mixin.py:190} INFO - [2024-10-03T07:04:45.870+0000] {dag.py:4180} INFO - Setting next_dagrun for latest_only to 2024-10-03 00:00:00+00:00, run_after=2024-10-03 04:00:00+00:00
[2024-10-03T07:04:45.905+0000] {processor.py:208} INFO - Processing /home/airflow/.local/lib/python3.12/site-packages/airflow/example_dags/example_latest_only.py took 0.127 seconds
[2024-10-03T07:05:16.446+0000] {processor.py:186} INFO - Started process (PID=1497) to work on /home/airflow/.local/lib/python3.12/site-packages/airflow/example_dags/example_latest_only.py
[2024-10-03T07:05:16.448+0000] {processor.py:914} INFO - Processing file /home/airflow/.local/lib/python3.12/site-packages/airflow/example_dags/example_latest_only.py for tasks to queue
[2024-10-03T07:05:16.451+0000] {logging_mixin.py:190} INFO - [2024-10-03T07:05:16.450+0000] {dagbag.py:588} INFO - Filling up the DagBag from /home/airflow/.local/lib/python3.12/site-packages/airflow/example_dags/example_latest_only.py
[2024-10-03T07:05:16.465+0000] {processor.py:925} INFO - DAG(s) 'latest_only' retrieved from /home/airflow/.local/lib/python3.12/site-packages/airflow/example_dags/example_latest_only.py
[2024-10-03T07:05:16.494+0000] {logging_mixin.py:190} INFO - [2024-10-03T07:05:16.494+0000] {dag.py:3239} INFO - Sync 1 DAGs
[2024-10-03T07:05:16.529+0000] {logging_mixin.py:190} INFO - [2024-10-03T07:05:16.529+0000] {dag.py:4180} INFO - Setting next_dagrun for latest_only to 2024-10-03 00:00:00+00:00, run_after=2024-10-03 04:00:00+00:00
[2024-10-03T07:05:16.565+0000] {processor.py:208} INFO - Processing /home/airflow/.local/lib/python3.12/site-packages/airflow/example_dags/example_latest_only.py took 0.130 seconds
[2024-10-03T07:07:10.466+0000] {processor.py:186} INFO - Started process (PID=1560) to work on /home/airflow/.local/lib/python3.12/site-packages/airflow/example_dags/example_latest_only.py
[2024-10-03T07:07:10.469+0000] {processor.py:914} INFO - Processing file /home/airflow/.local/lib/python3.12/site-packages/airflow/example_dags/example_latest_only.py for tasks to queue
[2024-10-03T07:07:10.471+0000] {logging_mixin.py:190} INFO - [2024-10-03T07:07:10.471+0000] {dagbag.py:588} INFO - Filling up the DagBag from /home/airflow/.local/lib/python3.12/site-packages/airflow/example_dags/example_latest_only.py
[2024-10-03T07:07:10.482+0000] {processor.py:925} INFO - DAG(s) 'latest_only' retrieved from /home/airflow/.local/lib/python3.12/site-packages/airflow/example_dags/example_latest_only.py
[2024-10-03T07:07:10.514+0000] {logging_mixin.py:190} INFO - [2024-10-03T07:07:10.513+0000] {dag.py:3239} INFO - Sync 1 DAGs
[2024-10-03T07:07:10.551+0000] {logging_mixin.py:190} INFO - [2024-10-03T07:07:10.551+0000] {dag.py:4180} INFO - Setting next_dagrun for latest_only to 2024-10-03 00:00:00+00:00, run_after=2024-10-03 04:00:00+00:00
[2024-10-03T07:07:10.582+0000] {processor.py:208} INFO - Processing /home/airflow/.local/lib/python3.12/site-packages/airflow/example_dags/example_latest_only.py took 0.125 seconds
[2024-10-03T07:07:41.291+0000] {processor.py:186} INFO - Started process (PID=1623) to work on /home/airflow/.local/lib/python3.12/site-packages/airflow/example_dags/example_latest_only.py
[2024-10-03T07:07:41.293+0000] {processor.py:914} INFO - Processing file /home/airflow/.local/lib/python3.12/site-packages/airflow/example_dags/example_latest_only.py for tasks to queue
[2024-10-03T07:07:41.295+0000] {logging_mixin.py:190} INFO - [2024-10-03T07:07:41.295+0000] {dagbag.py:588} INFO - Filling up the DagBag from /home/airflow/.local/lib/python3.12/site-packages/airflow/example_dags/example_latest_only.py
[2024-10-03T07:07:41.313+0000] {processor.py:925} INFO - DAG(s) 'latest_only' retrieved from /home/airflow/.local/lib/python3.12/site-packages/airflow/example_dags/example_latest_only.py
[2024-10-03T07:07:41.381+0000] {logging_mixin.py:190} INFO - [2024-10-03T07:07:41.381+0000] {dag.py:3239} INFO - Sync 1 DAGs
[2024-10-03T07:07:41.443+0000] {logging_mixin.py:190} INFO - [2024-10-03T07:07:41.443+0000] {dag.py:4180} INFO - Setting next_dagrun for latest_only to 2024-10-03 00:00:00+00:00, run_after=2024-10-03 04:00:00+00:00
[2024-10-03T07:07:41.478+0000] {processor.py:208} INFO - Processing /home/airflow/.local/lib/python3.12/site-packages/airflow/example_dags/example_latest_only.py took 0.194 seconds
[2024-10-03T07:08:11.556+0000] {processor.py:186} INFO - Started process (PID=1685) to work on /home/airflow/.local/lib/python3.12/site-packages/airflow/example_dags/example_latest_only.py
[2024-10-03T07:08:11.558+0000] {processor.py:914} INFO - Processing file /home/airflow/.local/lib/python3.12/site-packages/airflow/example_dags/example_latest_only.py for tasks to queue
[2024-10-03T07:08:11.561+0000] {logging_mixin.py:190} INFO - [2024-10-03T07:08:11.560+0000] {dagbag.py:588} INFO - Filling up the DagBag from /home/airflow/.local/lib/python3.12/site-packages/airflow/example_dags/example_latest_only.py
[2024-10-03T07:08:11.575+0000] {processor.py:925} INFO - DAG(s) 'latest_only' retrieved from /home/airflow/.local/lib/python3.12/site-packages/airflow/example_dags/example_latest_only.py
[2024-10-03T07:08:11.603+0000] {logging_mixin.py:190} INFO - [2024-10-03T07:08:11.603+0000] {dag.py:3239} INFO - Sync 1 DAGs
[2024-10-03T07:08:11.634+0000] {logging_mixin.py:190} INFO - [2024-10-03T07:08:11.634+0000] {dag.py:4180} INFO - Setting next_dagrun for latest_only to 2024-10-03 00:00:00+00:00, run_after=2024-10-03 04:00:00+00:00
[2024-10-03T07:08:11.666+0000] {processor.py:208} INFO - Processing /home/airflow/.local/lib/python3.12/site-packages/airflow/example_dags/example_latest_only.py took 0.117 seconds
[2024-10-03T07:08:52.624+0000] {processor.py:186} INFO - Started process (PID=1745) to work on /home/airflow/.local/lib/python3.12/site-packages/airflow/example_dags/example_latest_only.py
[2024-10-03T07:08:52.626+0000] {processor.py:914} INFO - Processing file /home/airflow/.local/lib/python3.12/site-packages/airflow/example_dags/example_latest_only.py for tasks to queue
[2024-10-03T07:08:52.627+0000] {logging_mixin.py:190} INFO - [2024-10-03T07:08:52.627+0000] {dagbag.py:588} INFO - Filling up the DagBag from /home/airflow/.local/lib/python3.12/site-packages/airflow/example_dags/example_latest_only.py
[2024-10-03T07:08:52.637+0000] {processor.py:925} INFO - DAG(s) 'latest_only' retrieved from /home/airflow/.local/lib/python3.12/site-packages/airflow/example_dags/example_latest_only.py
[2024-10-03T07:08:52.673+0000] {logging_mixin.py:190} INFO - [2024-10-03T07:08:52.672+0000] {dag.py:3239} INFO - Sync 1 DAGs
[2024-10-03T07:08:52.713+0000] {logging_mixin.py:190} INFO - [2024-10-03T07:08:52.713+0000] {dag.py:4180} INFO - Setting next_dagrun for latest_only to 2024-10-03 00:00:00+00:00, run_after=2024-10-03 04:00:00+00:00
[2024-10-03T07:08:52.746+0000] {processor.py:208} INFO - Processing /home/airflow/.local/lib/python3.12/site-packages/airflow/example_dags/example_latest_only.py took 0.129 seconds
[2024-10-03T07:09:23.505+0000] {processor.py:186} INFO - Started process (PID=1808) to work on /home/airflow/.local/lib/python3.12/site-packages/airflow/example_dags/example_latest_only.py
[2024-10-03T07:09:23.507+0000] {processor.py:914} INFO - Processing file /home/airflow/.local/lib/python3.12/site-packages/airflow/example_dags/example_latest_only.py for tasks to queue
[2024-10-03T07:09:23.509+0000] {logging_mixin.py:190} INFO - [2024-10-03T07:09:23.508+0000] {dagbag.py:588} INFO - Filling up the DagBag from /home/airflow/.local/lib/python3.12/site-packages/airflow/example_dags/example_latest_only.py
[2024-10-03T07:09:23.520+0000] {processor.py:925} INFO - DAG(s) 'latest_only' retrieved from /home/airflow/.local/lib/python3.12/site-packages/airflow/example_dags/example_latest_only.py
[2024-10-03T07:09:23.555+0000] {logging_mixin.py:190} INFO - [2024-10-03T07:09:23.555+0000] {dag.py:3239} INFO - Sync 1 DAGs
[2024-10-03T07:09:23.602+0000] {logging_mixin.py:190} INFO - [2024-10-03T07:09:23.601+0000] {dag.py:4180} INFO - Setting next_dagrun for latest_only to 2024-10-03 00:00:00+00:00, run_after=2024-10-03 04:00:00+00:00
[2024-10-03T07:09:23.646+0000] {processor.py:208} INFO - Processing /home/airflow/.local/lib/python3.12/site-packages/airflow/example_dags/example_latest_only.py took 0.148 seconds
[2024-10-03T07:09:54.723+0000] {processor.py:186} INFO - Started process (PID=1871) to work on /home/airflow/.local/lib/python3.12/site-packages/airflow/example_dags/example_latest_only.py
[2024-10-03T07:09:54.724+0000] {processor.py:914} INFO - Processing file /home/airflow/.local/lib/python3.12/site-packages/airflow/example_dags/example_latest_only.py for tasks to queue
[2024-10-03T07:09:54.726+0000] {logging_mixin.py:190} INFO - [2024-10-03T07:09:54.726+0000] {dagbag.py:588} INFO - Filling up the DagBag from /home/airflow/.local/lib/python3.12/site-packages/airflow/example_dags/example_latest_only.py
[2024-10-03T07:09:54.736+0000] {processor.py:925} INFO - DAG(s) 'latest_only' retrieved from /home/airflow/.local/lib/python3.12/site-packages/airflow/example_dags/example_latest_only.py
[2024-10-03T07:09:54.765+0000] {logging_mixin.py:190} INFO - [2024-10-03T07:09:54.765+0000] {dag.py:3239} INFO - Sync 1 DAGs
[2024-10-03T07:09:54.791+0000] {logging_mixin.py:190} INFO - [2024-10-03T07:09:54.791+0000] {dag.py:4180} INFO - Setting next_dagrun for latest_only to 2024-10-03 00:00:00+00:00, run_after=2024-10-03 04:00:00+00:00
[2024-10-03T07:09:54.820+0000] {processor.py:208} INFO - Processing /home/airflow/.local/lib/python3.12/site-packages/airflow/example_dags/example_latest_only.py took 0.106 seconds
[2024-10-03T07:10:24.943+0000] {processor.py:186} INFO - Started process (PID=1934) to work on /home/airflow/.local/lib/python3.12/site-packages/airflow/example_dags/example_latest_only.py
[2024-10-03T07:10:24.944+0000] {processor.py:914} INFO - Processing file /home/airflow/.local/lib/python3.12/site-packages/airflow/example_dags/example_latest_only.py for tasks to queue
[2024-10-03T07:10:24.946+0000] {logging_mixin.py:190} INFO - [2024-10-03T07:10:24.946+0000] {dagbag.py:588} INFO - Filling up the DagBag from /home/airflow/.local/lib/python3.12/site-packages/airflow/example_dags/example_latest_only.py
[2024-10-03T07:10:24.955+0000] {processor.py:925} INFO - DAG(s) 'latest_only' retrieved from /home/airflow/.local/lib/python3.12/site-packages/airflow/example_dags/example_latest_only.py
[2024-10-03T07:10:24.982+0000] {logging_mixin.py:190} INFO - [2024-10-03T07:10:24.981+0000] {dag.py:3239} INFO - Sync 1 DAGs
[2024-10-03T07:10:25.012+0000] {logging_mixin.py:190} INFO - [2024-10-03T07:10:25.011+0000] {dag.py:4180} INFO - Setting next_dagrun for latest_only to 2024-10-03 00:00:00+00:00, run_after=2024-10-03 04:00:00+00:00
[2024-10-03T07:10:25.042+0000] {processor.py:208} INFO - Processing /home/airflow/.local/lib/python3.12/site-packages/airflow/example_dags/example_latest_only.py took 0.108 seconds
[2024-10-03T07:10:55.198+0000] {processor.py:186} INFO - Started process (PID=1997) to work on /home/airflow/.local/lib/python3.12/site-packages/airflow/example_dags/example_latest_only.py
[2024-10-03T07:10:55.199+0000] {processor.py:914} INFO - Processing file /home/airflow/.local/lib/python3.12/site-packages/airflow/example_dags/example_latest_only.py for tasks to queue
[2024-10-03T07:10:55.200+0000] {logging_mixin.py:190} INFO - [2024-10-03T07:10:55.200+0000] {dagbag.py:588} INFO - Filling up the DagBag from /home/airflow/.local/lib/python3.12/site-packages/airflow/example_dags/example_latest_only.py
[2024-10-03T07:10:55.208+0000] {processor.py:925} INFO - DAG(s) 'latest_only' retrieved from /home/airflow/.local/lib/python3.12/site-packages/airflow/example_dags/example_latest_only.py
[2024-10-03T07:10:55.232+0000] {logging_mixin.py:190} INFO - [2024-10-03T07:10:55.232+0000] {dag.py:3239} INFO - Sync 1 DAGs
[2024-10-03T07:10:55.259+0000] {logging_mixin.py:190} INFO - [2024-10-03T07:10:55.259+0000] {dag.py:4180} INFO - Setting next_dagrun for latest_only to 2024-10-03 00:00:00+00:00, run_after=2024-10-03 04:00:00+00:00
[2024-10-03T07:10:55.285+0000] {processor.py:208} INFO - Processing /home/airflow/.local/lib/python3.12/site-packages/airflow/example_dags/example_latest_only.py took 0.094 seconds
[2024-10-03T07:11:25.603+0000] {processor.py:186} INFO - Started process (PID=2060) to work on /home/airflow/.local/lib/python3.12/site-packages/airflow/example_dags/example_latest_only.py
[2024-10-03T07:11:25.605+0000] {processor.py:914} INFO - Processing file /home/airflow/.local/lib/python3.12/site-packages/airflow/example_dags/example_latest_only.py for tasks to queue
[2024-10-03T07:11:25.607+0000] {logging_mixin.py:190} INFO - [2024-10-03T07:11:25.606+0000] {dagbag.py:588} INFO - Filling up the DagBag from /home/airflow/.local/lib/python3.12/site-packages/airflow/example_dags/example_latest_only.py
[2024-10-03T07:11:25.615+0000] {processor.py:925} INFO - DAG(s) 'latest_only' retrieved from /home/airflow/.local/lib/python3.12/site-packages/airflow/example_dags/example_latest_only.py
[2024-10-03T07:11:25.639+0000] {logging_mixin.py:190} INFO - [2024-10-03T07:11:25.639+0000] {dag.py:3239} INFO - Sync 1 DAGs
[2024-10-03T07:11:25.667+0000] {logging_mixin.py:190} INFO - [2024-10-03T07:11:25.666+0000] {dag.py:4180} INFO - Setting next_dagrun for latest_only to 2024-10-03 00:00:00+00:00, run_after=2024-10-03 04:00:00+00:00
[2024-10-03T07:11:25.695+0000] {processor.py:208} INFO - Processing /home/airflow/.local/lib/python3.12/site-packages/airflow/example_dags/example_latest_only.py took 0.098 seconds
[2024-10-03T07:11:56.850+0000] {processor.py:186} INFO - Started process (PID=2123) to work on /home/airflow/.local/lib/python3.12/site-packages/airflow/example_dags/example_latest_only.py
[2024-10-03T07:11:56.852+0000] {processor.py:914} INFO - Processing file /home/airflow/.local/lib/python3.12/site-packages/airflow/example_dags/example_latest_only.py for tasks to queue
[2024-10-03T07:11:56.854+0000] {logging_mixin.py:190} INFO - [2024-10-03T07:11:56.854+0000] {dagbag.py:588} INFO - Filling up the DagBag from /home/airflow/.local/lib/python3.12/site-packages/airflow/example_dags/example_latest_only.py
[2024-10-03T07:11:56.863+0000] {processor.py:925} INFO - DAG(s) 'latest_only' retrieved from /home/airflow/.local/lib/python3.12/site-packages/airflow/example_dags/example_latest_only.py
[2024-10-03T07:11:56.888+0000] {logging_mixin.py:190} INFO - [2024-10-03T07:11:56.887+0000] {dag.py:3239} INFO - Sync 1 DAGs
[2024-10-03T07:11:56.915+0000] {logging_mixin.py:190} INFO - [2024-10-03T07:11:56.915+0000] {dag.py:4180} INFO - Setting next_dagrun for latest_only to 2024-10-03 00:00:00+00:00, run_after=2024-10-03 04:00:00+00:00
[2024-10-03T07:11:56.944+0000] {processor.py:208} INFO - Processing /home/airflow/.local/lib/python3.12/site-packages/airflow/example_dags/example_latest_only.py took 0.099 seconds
[2024-10-03T07:12:27.489+0000] {processor.py:186} INFO - Started process (PID=2186) to work on /home/airflow/.local/lib/python3.12/site-packages/airflow/example_dags/example_latest_only.py
[2024-10-03T07:12:27.491+0000] {processor.py:914} INFO - Processing file /home/airflow/.local/lib/python3.12/site-packages/airflow/example_dags/example_latest_only.py for tasks to queue
[2024-10-03T07:12:27.492+0000] {logging_mixin.py:190} INFO - [2024-10-03T07:12:27.492+0000] {dagbag.py:588} INFO - Filling up the DagBag from /home/airflow/.local/lib/python3.12/site-packages/airflow/example_dags/example_latest_only.py
[2024-10-03T07:12:27.501+0000] {processor.py:925} INFO - DAG(s) 'latest_only' retrieved from /home/airflow/.local/lib/python3.12/site-packages/airflow/example_dags/example_latest_only.py
[2024-10-03T07:12:27.524+0000] {logging_mixin.py:190} INFO - [2024-10-03T07:12:27.523+0000] {dag.py:3239} INFO - Sync 1 DAGs
[2024-10-03T07:12:27.552+0000] {logging_mixin.py:190} INFO - [2024-10-03T07:12:27.552+0000] {dag.py:4180} INFO - Setting next_dagrun for latest_only to 2024-10-03 00:00:00+00:00, run_after=2024-10-03 04:00:00+00:00
[2024-10-03T07:12:27.580+0000] {processor.py:208} INFO - Processing /home/airflow/.local/lib/python3.12/site-packages/airflow/example_dags/example_latest_only.py took 0.097 seconds
[2024-10-03T07:12:59.082+0000] {processor.py:186} INFO - Started process (PID=2249) to work on /home/airflow/.local/lib/python3.12/site-packages/airflow/example_dags/example_latest_only.py
[2024-10-03T07:12:59.084+0000] {processor.py:914} INFO - Processing file /home/airflow/.local/lib/python3.12/site-packages/airflow/example_dags/example_latest_only.py for tasks to queue
[2024-10-03T07:12:59.087+0000] {logging_mixin.py:190} INFO - [2024-10-03T07:12:59.087+0000] {dagbag.py:588} INFO - Filling up the DagBag from /home/airflow/.local/lib/python3.12/site-packages/airflow/example_dags/example_latest_only.py
[2024-10-03T07:12:59.099+0000] {processor.py:925} INFO - DAG(s) 'latest_only' retrieved from /home/airflow/.local/lib/python3.12/site-packages/airflow/example_dags/example_latest_only.py
[2024-10-03T07:12:59.128+0000] {logging_mixin.py:190} INFO - [2024-10-03T07:12:59.128+0000] {dag.py:3239} INFO - Sync 1 DAGs
[2024-10-03T07:12:59.154+0000] {logging_mixin.py:190} INFO - [2024-10-03T07:12:59.154+0000] {dag.py:4180} INFO - Setting next_dagrun for latest_only to 2024-10-03 00:00:00+00:00, run_after=2024-10-03 04:00:00+00:00
[2024-10-03T07:12:59.180+0000] {processor.py:208} INFO - Processing /home/airflow/.local/lib/python3.12/site-packages/airflow/example_dags/example_latest_only.py took 0.108 seconds
[2024-10-03T07:13:29.600+0000] {processor.py:186} INFO - Started process (PID=2312) to work on /home/airflow/.local/lib/python3.12/site-packages/airflow/example_dags/example_latest_only.py
[2024-10-03T07:13:29.601+0000] {processor.py:914} INFO - Processing file /home/airflow/.local/lib/python3.12/site-packages/airflow/example_dags/example_latest_only.py for tasks to queue
[2024-10-03T07:13:29.603+0000] {logging_mixin.py:190} INFO - [2024-10-03T07:13:29.602+0000] {dagbag.py:588} INFO - Filling up the DagBag from /home/airflow/.local/lib/python3.12/site-packages/airflow/example_dags/example_latest_only.py
[2024-10-03T07:13:29.613+0000] {processor.py:925} INFO - DAG(s) 'latest_only' retrieved from /home/airflow/.local/lib/python3.12/site-packages/airflow/example_dags/example_latest_only.py
[2024-10-03T07:13:29.642+0000] {logging_mixin.py:190} INFO - [2024-10-03T07:13:29.641+0000] {dag.py:3239} INFO - Sync 1 DAGs
[2024-10-03T07:13:29.671+0000] {logging_mixin.py:190} INFO - [2024-10-03T07:13:29.670+0000] {dag.py:4180} INFO - Setting next_dagrun for latest_only to 2024-10-03 00:00:00+00:00, run_after=2024-10-03 04:00:00+00:00
[2024-10-03T07:13:29.699+0000] {processor.py:208} INFO - Processing /home/airflow/.local/lib/python3.12/site-packages/airflow/example_dags/example_latest_only.py took 0.106 seconds
[2024-10-03T07:14:02.405+0000] {processor.py:186} INFO - Started process (PID=2375) to work on /home/airflow/.local/lib/python3.12/site-packages/airflow/example_dags/example_latest_only.py
[2024-10-03T07:14:02.406+0000] {processor.py:914} INFO - Processing file /home/airflow/.local/lib/python3.12/site-packages/airflow/example_dags/example_latest_only.py for tasks to queue
[2024-10-03T07:14:02.409+0000] {logging_mixin.py:190} INFO - [2024-10-03T07:14:02.408+0000] {dagbag.py:588} INFO - Filling up the DagBag from /home/airflow/.local/lib/python3.12/site-packages/airflow/example_dags/example_latest_only.py
[2024-10-03T07:14:02.420+0000] {processor.py:925} INFO - DAG(s) 'latest_only' retrieved from /home/airflow/.local/lib/python3.12/site-packages/airflow/example_dags/example_latest_only.py
[2024-10-03T07:14:02.449+0000] {logging_mixin.py:190} INFO - [2024-10-03T07:14:02.449+0000] {dag.py:3239} INFO - Sync 1 DAGs
[2024-10-03T07:14:02.481+0000] {logging_mixin.py:190} INFO - [2024-10-03T07:14:02.480+0000] {dag.py:4180} INFO - Setting next_dagrun for latest_only to 2024-10-03 00:00:00+00:00, run_after=2024-10-03 04:00:00+00:00
[2024-10-03T07:14:02.522+0000] {processor.py:208} INFO - Processing /home/airflow/.local/lib/python3.12/site-packages/airflow/example_dags/example_latest_only.py took 0.124 seconds
[2024-10-03T07:14:32.988+0000] {processor.py:186} INFO - Started process (PID=2438) to work on /home/airflow/.local/lib/python3.12/site-packages/airflow/example_dags/example_latest_only.py
[2024-10-03T07:14:32.990+0000] {processor.py:914} INFO - Processing file /home/airflow/.local/lib/python3.12/site-packages/airflow/example_dags/example_latest_only.py for tasks to queue
[2024-10-03T07:14:32.992+0000] {logging_mixin.py:190} INFO - [2024-10-03T07:14:32.991+0000] {dagbag.py:588} INFO - Filling up the DagBag from /home/airflow/.local/lib/python3.12/site-packages/airflow/example_dags/example_latest_only.py
[2024-10-03T07:14:33.002+0000] {processor.py:925} INFO - DAG(s) 'latest_only' retrieved from /home/airflow/.local/lib/python3.12/site-packages/airflow/example_dags/example_latest_only.py
[2024-10-03T07:14:33.036+0000] {logging_mixin.py:190} INFO - [2024-10-03T07:14:33.036+0000] {dag.py:3239} INFO - Sync 1 DAGs
[2024-10-03T07:14:33.066+0000] {logging_mixin.py:190} INFO - [2024-10-03T07:14:33.066+0000] {dag.py:4180} INFO - Setting next_dagrun for latest_only to 2024-10-03 00:00:00+00:00, run_after=2024-10-03 04:00:00+00:00
[2024-10-03T07:14:33.099+0000] {processor.py:208} INFO - Processing /home/airflow/.local/lib/python3.12/site-packages/airflow/example_dags/example_latest_only.py took 0.118 seconds
[2024-10-03T07:15:03.500+0000] {processor.py:186} INFO - Started process (PID=2501) to work on /home/airflow/.local/lib/python3.12/site-packages/airflow/example_dags/example_latest_only.py
[2024-10-03T07:15:03.502+0000] {processor.py:914} INFO - Processing file /home/airflow/.local/lib/python3.12/site-packages/airflow/example_dags/example_latest_only.py for tasks to queue
[2024-10-03T07:15:03.505+0000] {logging_mixin.py:190} INFO - [2024-10-03T07:15:03.504+0000] {dagbag.py:588} INFO - Filling up the DagBag from /home/airflow/.local/lib/python3.12/site-packages/airflow/example_dags/example_latest_only.py
[2024-10-03T07:15:03.525+0000] {processor.py:925} INFO - DAG(s) 'latest_only' retrieved from /home/airflow/.local/lib/python3.12/site-packages/airflow/example_dags/example_latest_only.py
[2024-10-03T07:15:03.568+0000] {logging_mixin.py:190} INFO - [2024-10-03T07:15:03.567+0000] {dag.py:3239} INFO - Sync 1 DAGs
[2024-10-03T07:15:03.611+0000] {logging_mixin.py:190} INFO - [2024-10-03T07:15:03.610+0000] {dag.py:4180} INFO - Setting next_dagrun for latest_only to 2024-10-03 00:00:00+00:00, run_after=2024-10-03 04:00:00+00:00
[2024-10-03T07:15:03.663+0000] {processor.py:208} INFO - Processing /home/airflow/.local/lib/python3.12/site-packages/airflow/example_dags/example_latest_only.py took 0.178 seconds
[2024-10-03T07:15:34.147+0000] {processor.py:186} INFO - Started process (PID=2564) to work on /home/airflow/.local/lib/python3.12/site-packages/airflow/example_dags/example_latest_only.py
[2024-10-03T07:15:34.151+0000] {processor.py:914} INFO - Processing file /home/airflow/.local/lib/python3.12/site-packages/airflow/example_dags/example_latest_only.py for tasks to queue
[2024-10-03T07:15:34.155+0000] {logging_mixin.py:190} INFO - [2024-10-03T07:15:34.154+0000] {dagbag.py:588} INFO - Filling up the DagBag from /home/airflow/.local/lib/python3.12/site-packages/airflow/example_dags/example_latest_only.py
[2024-10-03T07:15:34.173+0000] {processor.py:925} INFO - DAG(s) 'latest_only' retrieved from /home/airflow/.local/lib/python3.12/site-packages/airflow/example_dags/example_latest_only.py
[2024-10-03T07:15:34.201+0000] {logging_mixin.py:190} INFO - [2024-10-03T07:15:34.200+0000] {dag.py:3239} INFO - Sync 1 DAGs
[2024-10-03T07:15:34.229+0000] {logging_mixin.py:190} INFO - [2024-10-03T07:15:34.228+0000] {dag.py:4180} INFO - Setting next_dagrun for latest_only to 2024-10-03 00:00:00+00:00, run_after=2024-10-03 04:00:00+00:00
[2024-10-03T07:15:34.258+0000] {processor.py:208} INFO - Processing /home/airflow/.local/lib/python3.12/site-packages/airflow/example_dags/example_latest_only.py took 0.119 seconds
[2024-10-03T07:16:04.973+0000] {processor.py:186} INFO - Started process (PID=2627) to work on /home/airflow/.local/lib/python3.12/site-packages/airflow/example_dags/example_latest_only.py
[2024-10-03T07:16:04.975+0000] {processor.py:914} INFO - Processing file /home/airflow/.local/lib/python3.12/site-packages/airflow/example_dags/example_latest_only.py for tasks to queue
[2024-10-03T07:16:04.977+0000] {logging_mixin.py:190} INFO - [2024-10-03T07:16:04.976+0000] {dagbag.py:588} INFO - Filling up the DagBag from /home/airflow/.local/lib/python3.12/site-packages/airflow/example_dags/example_latest_only.py
[2024-10-03T07:16:04.986+0000] {processor.py:925} INFO - DAG(s) 'latest_only' retrieved from /home/airflow/.local/lib/python3.12/site-packages/airflow/example_dags/example_latest_only.py
[2024-10-03T07:16:05.011+0000] {logging_mixin.py:190} INFO - [2024-10-03T07:16:05.011+0000] {dag.py:3239} INFO - Sync 1 DAGs
[2024-10-03T07:16:05.038+0000] {logging_mixin.py:190} INFO - [2024-10-03T07:16:05.038+0000] {dag.py:4180} INFO - Setting next_dagrun for latest_only to 2024-10-03 00:00:00+00:00, run_after=2024-10-03 04:00:00+00:00
[2024-10-03T07:16:05.065+0000] {processor.py:208} INFO - Processing /home/airflow/.local/lib/python3.12/site-packages/airflow/example_dags/example_latest_only.py took 0.098 seconds
[2024-10-03T07:16:36.228+0000] {processor.py:186} INFO - Started process (PID=2690) to work on /home/airflow/.local/lib/python3.12/site-packages/airflow/example_dags/example_latest_only.py
[2024-10-03T07:16:36.230+0000] {processor.py:914} INFO - Processing file /home/airflow/.local/lib/python3.12/site-packages/airflow/example_dags/example_latest_only.py for tasks to queue
[2024-10-03T07:16:36.233+0000] {logging_mixin.py:190} INFO - [2024-10-03T07:16:36.232+0000] {dagbag.py:588} INFO - Filling up the DagBag from /home/airflow/.local/lib/python3.12/site-packages/airflow/example_dags/example_latest_only.py
[2024-10-03T07:16:36.245+0000] {processor.py:925} INFO - DAG(s) 'latest_only' retrieved from /home/airflow/.local/lib/python3.12/site-packages/airflow/example_dags/example_latest_only.py
[2024-10-03T07:16:36.279+0000] {logging_mixin.py:190} INFO - [2024-10-03T07:16:36.278+0000] {dag.py:3239} INFO - Sync 1 DAGs
[2024-10-03T07:16:36.315+0000] {logging_mixin.py:190} INFO - [2024-10-03T07:16:36.315+0000] {dag.py:4180} INFO - Setting next_dagrun for latest_only to 2024-10-03 00:00:00+00:00, run_after=2024-10-03 04:00:00+00:00
[2024-10-03T07:16:36.352+0000] {processor.py:208} INFO - Processing /home/airflow/.local/lib/python3.12/site-packages/airflow/example_dags/example_latest_only.py took 0.134 seconds
[2024-10-03T07:17:06.494+0000] {processor.py:186} INFO - Started process (PID=2753) to work on /home/airflow/.local/lib/python3.12/site-packages/airflow/example_dags/example_latest_only.py
[2024-10-03T07:17:06.496+0000] {processor.py:914} INFO - Processing file /home/airflow/.local/lib/python3.12/site-packages/airflow/example_dags/example_latest_only.py for tasks to queue
[2024-10-03T07:17:06.498+0000] {logging_mixin.py:190} INFO - [2024-10-03T07:17:06.497+0000] {dagbag.py:588} INFO - Filling up the DagBag from /home/airflow/.local/lib/python3.12/site-packages/airflow/example_dags/example_latest_only.py
[2024-10-03T07:17:06.506+0000] {processor.py:925} INFO - DAG(s) 'latest_only' retrieved from /home/airflow/.local/lib/python3.12/site-packages/airflow/example_dags/example_latest_only.py
[2024-10-03T07:17:06.532+0000] {logging_mixin.py:190} INFO - [2024-10-03T07:17:06.532+0000] {dag.py:3239} INFO - Sync 1 DAGs
[2024-10-03T07:17:06.561+0000] {logging_mixin.py:190} INFO - [2024-10-03T07:17:06.561+0000] {dag.py:4180} INFO - Setting next_dagrun for latest_only to 2024-10-03 00:00:00+00:00, run_after=2024-10-03 04:00:00+00:00
[2024-10-03T07:17:06.595+0000] {processor.py:208} INFO - Processing /home/airflow/.local/lib/python3.12/site-packages/airflow/example_dags/example_latest_only.py took 0.107 seconds
[2024-10-03T07:17:37.219+0000] {processor.py:186} INFO - Started process (PID=2814) to work on /home/airflow/.local/lib/python3.12/site-packages/airflow/example_dags/example_latest_only.py
[2024-10-03T07:17:37.220+0000] {processor.py:914} INFO - Processing file /home/airflow/.local/lib/python3.12/site-packages/airflow/example_dags/example_latest_only.py for tasks to queue
[2024-10-03T07:17:37.222+0000] {logging_mixin.py:190} INFO - [2024-10-03T07:17:37.222+0000] {dagbag.py:588} INFO - Filling up the DagBag from /home/airflow/.local/lib/python3.12/site-packages/airflow/example_dags/example_latest_only.py
[2024-10-03T07:17:37.230+0000] {processor.py:925} INFO - DAG(s) 'latest_only' retrieved from /home/airflow/.local/lib/python3.12/site-packages/airflow/example_dags/example_latest_only.py
[2024-10-03T07:17:37.252+0000] {logging_mixin.py:190} INFO - [2024-10-03T07:17:37.252+0000] {dag.py:3239} INFO - Sync 1 DAGs
[2024-10-03T07:17:37.281+0000] {logging_mixin.py:190} INFO - [2024-10-03T07:17:37.280+0000] {dag.py:4180} INFO - Setting next_dagrun for latest_only to 2024-10-03 00:00:00+00:00, run_after=2024-10-03 04:00:00+00:00
[2024-10-03T07:17:37.310+0000] {processor.py:208} INFO - Processing /home/airflow/.local/lib/python3.12/site-packages/airflow/example_dags/example_latest_only.py took 0.098 seconds
[2024-10-03T07:18:07.939+0000] {processor.py:186} INFO - Started process (PID=2877) to work on /home/airflow/.local/lib/python3.12/site-packages/airflow/example_dags/example_latest_only.py
[2024-10-03T07:18:07.940+0000] {processor.py:914} INFO - Processing file /home/airflow/.local/lib/python3.12/site-packages/airflow/example_dags/example_latest_only.py for tasks to queue
[2024-10-03T07:18:07.942+0000] {logging_mixin.py:190} INFO - [2024-10-03T07:18:07.942+0000] {dagbag.py:588} INFO - Filling up the DagBag from /home/airflow/.local/lib/python3.12/site-packages/airflow/example_dags/example_latest_only.py
[2024-10-03T07:18:07.952+0000] {processor.py:925} INFO - DAG(s) 'latest_only' retrieved from /home/airflow/.local/lib/python3.12/site-packages/airflow/example_dags/example_latest_only.py
[2024-10-03T07:18:07.979+0000] {logging_mixin.py:190} INFO - [2024-10-03T07:18:07.979+0000] {dag.py:3239} INFO - Sync 1 DAGs
[2024-10-03T07:18:08.012+0000] {logging_mixin.py:190} INFO - [2024-10-03T07:18:08.012+0000] {dag.py:4180} INFO - Setting next_dagrun for latest_only to 2024-10-03 00:00:00+00:00, run_after=2024-10-03 04:00:00+00:00
[2024-10-03T07:18:08.036+0000] {processor.py:208} INFO - Processing /home/airflow/.local/lib/python3.12/site-packages/airflow/example_dags/example_latest_only.py took 0.104 seconds
[2024-10-03T07:18:38.685+0000] {processor.py:186} INFO - Started process (PID=2940) to work on /home/airflow/.local/lib/python3.12/site-packages/airflow/example_dags/example_latest_only.py
[2024-10-03T07:18:38.687+0000] {processor.py:914} INFO - Processing file /home/airflow/.local/lib/python3.12/site-packages/airflow/example_dags/example_latest_only.py for tasks to queue
[2024-10-03T07:18:38.689+0000] {logging_mixin.py:190} INFO - [2024-10-03T07:18:38.688+0000] {dagbag.py:588} INFO - Filling up the DagBag from /home/airflow/.local/lib/python3.12/site-packages/airflow/example_dags/example_latest_only.py
[2024-10-03T07:18:38.700+0000] {processor.py:925} INFO - DAG(s) 'latest_only' retrieved from /home/airflow/.local/lib/python3.12/site-packages/airflow/example_dags/example_latest_only.py
[2024-10-03T07:18:38.726+0000] {logging_mixin.py:190} INFO - [2024-10-03T07:18:38.726+0000] {dag.py:3239} INFO - Sync 1 DAGs
[2024-10-03T07:18:38.753+0000] {logging_mixin.py:190} INFO - [2024-10-03T07:18:38.753+0000] {dag.py:4180} INFO - Setting next_dagrun for latest_only to 2024-10-03 00:00:00+00:00, run_after=2024-10-03 04:00:00+00:00
[2024-10-03T07:18:38.781+0000] {processor.py:208} INFO - Processing /home/airflow/.local/lib/python3.12/site-packages/airflow/example_dags/example_latest_only.py took 0.104 seconds
