[2024-10-03T06:34:05.978+0000] {processor.py:157} INFO - Started process (PID=141) to work on /home/airflow/.local/lib/python3.8/site-packages/airflow/example_dags/example_external_task_marker_dag.py
[2024-10-03T06:34:05.981+0000] {processor.py:829} INFO - Processing file /home/airflow/.local/lib/python3.8/site-packages/airflow/example_dags/example_external_task_marker_dag.py for tasks to queue
[2024-10-03T06:34:05.986+0000] {logging_mixin.py:151} INFO - [2024-10-03T06:34:05.986+0000] {dagbag.py:539} INFO - Filling up the DagBag from /home/airflow/.local/lib/python3.8/site-packages/airflow/example_dags/example_external_task_marker_dag.py
[2024-10-03T06:34:06.002+0000] {processor.py:839} INFO - DAG(s) dict_keys(['example_external_task_marker_parent', 'example_external_task_marker_child']) retrieved from /home/airflow/.local/lib/python3.8/site-packages/airflow/example_dags/example_external_task_marker_dag.py
[2024-10-03T06:34:06.194+0000] {logging_mixin.py:151} INFO - [2024-10-03T06:34:06.194+0000] {manager.py:501} INFO - Created Permission View: can delete on DAG:example_external_task_marker_parent
[2024-10-03T06:34:06.223+0000] {logging_mixin.py:151} INFO - [2024-10-03T06:34:06.222+0000] {manager.py:501} INFO - Created Permission View: can read on DAG:example_external_task_marker_parent
[2024-10-03T06:34:06.244+0000] {logging_mixin.py:151} INFO - [2024-10-03T06:34:06.244+0000] {manager.py:501} INFO - Created Permission View: can edit on DAG:example_external_task_marker_parent
[2024-10-03T06:34:06.298+0000] {logging_mixin.py:151} INFO - [2024-10-03T06:34:06.297+0000] {manager.py:501} INFO - Created Permission View: can delete on DAG:example_external_task_marker_child
[2024-10-03T06:34:06.315+0000] {logging_mixin.py:151} INFO - [2024-10-03T06:34:06.315+0000] {manager.py:501} INFO - Created Permission View: can read on DAG:example_external_task_marker_child
[2024-10-03T06:34:06.338+0000] {logging_mixin.py:151} INFO - [2024-10-03T06:34:06.338+0000] {manager.py:501} INFO - Created Permission View: can edit on DAG:example_external_task_marker_child
[2024-10-03T06:34:06.348+0000] {logging_mixin.py:151} INFO - [2024-10-03T06:34:06.348+0000] {dag.py:2907} INFO - Sync 2 DAGs
[2024-10-03T06:34:06.362+0000] {logging_mixin.py:151} INFO - [2024-10-03T06:34:06.362+0000] {dag.py:2929} INFO - Creating ORM DAG for example_external_task_marker_child
[2024-10-03T06:34:06.364+0000] {logging_mixin.py:151} INFO - [2024-10-03T06:34:06.364+0000] {dag.py:2929} INFO - Creating ORM DAG for example_external_task_marker_parent
[2024-10-03T06:34:06.365+0000] {logging_mixin.py:151} INFO - [2024-10-03T06:34:06.365+0000] {dag.py:3677} INFO - Setting next_dagrun for example_external_task_marker_child to None, run_after=None
[2024-10-03T06:34:06.366+0000] {logging_mixin.py:151} INFO - [2024-10-03T06:34:06.366+0000] {dag.py:3677} INFO - Setting next_dagrun for example_external_task_marker_parent to None, run_after=None
[2024-10-03T06:34:06.712+0000] {processor.py:179} INFO - Processing /home/airflow/.local/lib/python3.8/site-packages/airflow/example_dags/example_external_task_marker_dag.py took 0.740 seconds
[2024-10-03T06:34:37.510+0000] {processor.py:157} INFO - Started process (PID=198) to work on /home/airflow/.local/lib/python3.8/site-packages/airflow/example_dags/example_external_task_marker_dag.py
[2024-10-03T06:34:37.512+0000] {processor.py:829} INFO - Processing file /home/airflow/.local/lib/python3.8/site-packages/airflow/example_dags/example_external_task_marker_dag.py for tasks to queue
[2024-10-03T06:34:37.518+0000] {logging_mixin.py:151} INFO - [2024-10-03T06:34:37.517+0000] {dagbag.py:539} INFO - Filling up the DagBag from /home/airflow/.local/lib/python3.8/site-packages/airflow/example_dags/example_external_task_marker_dag.py
[2024-10-03T06:34:37.531+0000] {processor.py:839} INFO - DAG(s) dict_keys(['example_external_task_marker_child', 'example_external_task_marker_parent']) retrieved from /home/airflow/.local/lib/python3.8/site-packages/airflow/example_dags/example_external_task_marker_dag.py
[2024-10-03T06:34:37.578+0000] {logging_mixin.py:151} INFO - [2024-10-03T06:34:37.577+0000] {dag.py:2907} INFO - Sync 2 DAGs
[2024-10-03T06:34:37.596+0000] {logging_mixin.py:151} INFO - [2024-10-03T06:34:37.595+0000] {dag.py:3677} INFO - Setting next_dagrun for example_external_task_marker_child to None, run_after=None
[2024-10-03T06:34:37.603+0000] {logging_mixin.py:151} INFO - [2024-10-03T06:34:37.603+0000] {dag.py:3677} INFO - Setting next_dagrun for example_external_task_marker_parent to None, run_after=None
[2024-10-03T06:34:37.636+0000] {processor.py:179} INFO - Processing /home/airflow/.local/lib/python3.8/site-packages/airflow/example_dags/example_external_task_marker_dag.py took 0.131 seconds
[2024-10-03T06:35:07.967+0000] {processor.py:157} INFO - Started process (PID=256) to work on /home/airflow/.local/lib/python3.8/site-packages/airflow/example_dags/example_external_task_marker_dag.py
[2024-10-03T06:35:07.974+0000] {processor.py:829} INFO - Processing file /home/airflow/.local/lib/python3.8/site-packages/airflow/example_dags/example_external_task_marker_dag.py for tasks to queue
[2024-10-03T06:35:07.981+0000] {logging_mixin.py:151} INFO - [2024-10-03T06:35:07.980+0000] {dagbag.py:539} INFO - Filling up the DagBag from /home/airflow/.local/lib/python3.8/site-packages/airflow/example_dags/example_external_task_marker_dag.py
[2024-10-03T06:35:07.992+0000] {processor.py:839} INFO - DAG(s) dict_keys(['example_external_task_marker_child', 'example_external_task_marker_parent']) retrieved from /home/airflow/.local/lib/python3.8/site-packages/airflow/example_dags/example_external_task_marker_dag.py
[2024-10-03T06:35:08.055+0000] {logging_mixin.py:151} INFO - [2024-10-03T06:35:08.055+0000] {dag.py:2907} INFO - Sync 2 DAGs
[2024-10-03T06:35:08.088+0000] {logging_mixin.py:151} INFO - [2024-10-03T06:35:08.087+0000] {dag.py:3677} INFO - Setting next_dagrun for example_external_task_marker_child to None, run_after=None
[2024-10-03T06:35:08.099+0000] {logging_mixin.py:151} INFO - [2024-10-03T06:35:08.098+0000] {dag.py:3677} INFO - Setting next_dagrun for example_external_task_marker_parent to None, run_after=None
[2024-10-03T06:35:08.216+0000] {processor.py:179} INFO - Processing /home/airflow/.local/lib/python3.8/site-packages/airflow/example_dags/example_external_task_marker_dag.py took 0.256 seconds
[2024-10-03T06:35:38.665+0000] {processor.py:157} INFO - Started process (PID=315) to work on /home/airflow/.local/lib/python3.8/site-packages/airflow/example_dags/example_external_task_marker_dag.py
[2024-10-03T06:35:38.669+0000] {processor.py:829} INFO - Processing file /home/airflow/.local/lib/python3.8/site-packages/airflow/example_dags/example_external_task_marker_dag.py for tasks to queue
[2024-10-03T06:35:38.674+0000] {logging_mixin.py:151} INFO - [2024-10-03T06:35:38.674+0000] {dagbag.py:539} INFO - Filling up the DagBag from /home/airflow/.local/lib/python3.8/site-packages/airflow/example_dags/example_external_task_marker_dag.py
[2024-10-03T06:35:38.687+0000] {processor.py:839} INFO - DAG(s) dict_keys(['example_external_task_marker_child', 'example_external_task_marker_parent']) retrieved from /home/airflow/.local/lib/python3.8/site-packages/airflow/example_dags/example_external_task_marker_dag.py
[2024-10-03T06:35:38.742+0000] {logging_mixin.py:151} INFO - [2024-10-03T06:35:38.741+0000] {dag.py:2907} INFO - Sync 2 DAGs
[2024-10-03T06:35:38.770+0000] {logging_mixin.py:151} INFO - [2024-10-03T06:35:38.769+0000] {dag.py:3677} INFO - Setting next_dagrun for example_external_task_marker_child to None, run_after=None
[2024-10-03T06:35:38.778+0000] {logging_mixin.py:151} INFO - [2024-10-03T06:35:38.777+0000] {dag.py:3677} INFO - Setting next_dagrun for example_external_task_marker_parent to None, run_after=None
[2024-10-03T06:35:38.825+0000] {processor.py:179} INFO - Processing /home/airflow/.local/lib/python3.8/site-packages/airflow/example_dags/example_external_task_marker_dag.py took 0.166 seconds
[2024-10-03T06:36:09.083+0000] {processor.py:157} INFO - Started process (PID=374) to work on /home/airflow/.local/lib/python3.8/site-packages/airflow/example_dags/example_external_task_marker_dag.py
[2024-10-03T06:36:09.085+0000] {processor.py:829} INFO - Processing file /home/airflow/.local/lib/python3.8/site-packages/airflow/example_dags/example_external_task_marker_dag.py for tasks to queue
[2024-10-03T06:36:09.090+0000] {logging_mixin.py:151} INFO - [2024-10-03T06:36:09.089+0000] {dagbag.py:539} INFO - Filling up the DagBag from /home/airflow/.local/lib/python3.8/site-packages/airflow/example_dags/example_external_task_marker_dag.py
[2024-10-03T06:36:09.104+0000] {processor.py:839} INFO - DAG(s) dict_keys(['example_external_task_marker_child', 'example_external_task_marker_parent']) retrieved from /home/airflow/.local/lib/python3.8/site-packages/airflow/example_dags/example_external_task_marker_dag.py
[2024-10-03T06:36:09.149+0000] {logging_mixin.py:151} INFO - [2024-10-03T06:36:09.149+0000] {dag.py:2907} INFO - Sync 2 DAGs
[2024-10-03T06:36:09.172+0000] {logging_mixin.py:151} INFO - [2024-10-03T06:36:09.172+0000] {dag.py:3677} INFO - Setting next_dagrun for example_external_task_marker_child to None, run_after=None
[2024-10-03T06:36:09.178+0000] {logging_mixin.py:151} INFO - [2024-10-03T06:36:09.178+0000] {dag.py:3677} INFO - Setting next_dagrun for example_external_task_marker_parent to None, run_after=None
[2024-10-03T06:36:09.215+0000] {processor.py:179} INFO - Processing /home/airflow/.local/lib/python3.8/site-packages/airflow/example_dags/example_external_task_marker_dag.py took 0.139 seconds
[2024-10-03T06:36:39.388+0000] {processor.py:157} INFO - Started process (PID=432) to work on /home/airflow/.local/lib/python3.8/site-packages/airflow/example_dags/example_external_task_marker_dag.py
[2024-10-03T06:36:39.390+0000] {processor.py:829} INFO - Processing file /home/airflow/.local/lib/python3.8/site-packages/airflow/example_dags/example_external_task_marker_dag.py for tasks to queue
[2024-10-03T06:36:39.396+0000] {logging_mixin.py:151} INFO - [2024-10-03T06:36:39.395+0000] {dagbag.py:539} INFO - Filling up the DagBag from /home/airflow/.local/lib/python3.8/site-packages/airflow/example_dags/example_external_task_marker_dag.py
[2024-10-03T06:36:39.409+0000] {processor.py:839} INFO - DAG(s) dict_keys(['example_external_task_marker_parent', 'example_external_task_marker_child']) retrieved from /home/airflow/.local/lib/python3.8/site-packages/airflow/example_dags/example_external_task_marker_dag.py
[2024-10-03T06:36:39.479+0000] {logging_mixin.py:151} INFO - [2024-10-03T06:36:39.478+0000] {dag.py:2907} INFO - Sync 2 DAGs
[2024-10-03T06:36:39.506+0000] {logging_mixin.py:151} INFO - [2024-10-03T06:36:39.505+0000] {dag.py:3677} INFO - Setting next_dagrun for example_external_task_marker_child to None, run_after=None
[2024-10-03T06:36:39.512+0000] {logging_mixin.py:151} INFO - [2024-10-03T06:36:39.512+0000] {dag.py:3677} INFO - Setting next_dagrun for example_external_task_marker_parent to None, run_after=None
[2024-10-03T06:36:39.550+0000] {processor.py:179} INFO - Processing /home/airflow/.local/lib/python3.8/site-packages/airflow/example_dags/example_external_task_marker_dag.py took 0.169 seconds
[2024-10-03T06:41:28.325+0000] {processor.py:157} INFO - Started process (PID=127) to work on /home/airflow/.local/lib/python3.8/site-packages/airflow/example_dags/example_external_task_marker_dag.py
[2024-10-03T06:41:28.328+0000] {processor.py:829} INFO - Processing file /home/airflow/.local/lib/python3.8/site-packages/airflow/example_dags/example_external_task_marker_dag.py for tasks to queue
[2024-10-03T06:41:28.336+0000] {logging_mixin.py:151} INFO - [2024-10-03T06:41:28.334+0000] {dagbag.py:539} INFO - Filling up the DagBag from /home/airflow/.local/lib/python3.8/site-packages/airflow/example_dags/example_external_task_marker_dag.py
[2024-10-03T06:41:28.356+0000] {processor.py:839} INFO - DAG(s) dict_keys(['example_external_task_marker_parent', 'example_external_task_marker_child']) retrieved from /home/airflow/.local/lib/python3.8/site-packages/airflow/example_dags/example_external_task_marker_dag.py
[2024-10-03T06:41:28.600+0000] {logging_mixin.py:151} INFO - [2024-10-03T06:41:28.599+0000] {dag.py:2907} INFO - Sync 2 DAGs
[2024-10-03T06:41:28.639+0000] {logging_mixin.py:151} INFO - [2024-10-03T06:41:28.638+0000] {dag.py:3677} INFO - Setting next_dagrun for example_external_task_marker_child to None, run_after=None
[2024-10-03T06:41:28.651+0000] {logging_mixin.py:151} INFO - [2024-10-03T06:41:28.650+0000] {dag.py:3677} INFO - Setting next_dagrun for example_external_task_marker_parent to None, run_after=None
[2024-10-03T06:41:28.707+0000] {processor.py:179} INFO - Processing /home/airflow/.local/lib/python3.8/site-packages/airflow/example_dags/example_external_task_marker_dag.py took 0.392 seconds
[2024-10-03T06:41:59.875+0000] {processor.py:157} INFO - Started process (PID=185) to work on /home/airflow/.local/lib/python3.8/site-packages/airflow/example_dags/example_external_task_marker_dag.py
[2024-10-03T06:41:59.878+0000] {processor.py:829} INFO - Processing file /home/airflow/.local/lib/python3.8/site-packages/airflow/example_dags/example_external_task_marker_dag.py for tasks to queue
[2024-10-03T06:41:59.884+0000] {logging_mixin.py:151} INFO - [2024-10-03T06:41:59.883+0000] {dagbag.py:539} INFO - Filling up the DagBag from /home/airflow/.local/lib/python3.8/site-packages/airflow/example_dags/example_external_task_marker_dag.py
[2024-10-03T06:41:59.897+0000] {processor.py:839} INFO - DAG(s) dict_keys(['example_external_task_marker_child', 'example_external_task_marker_parent']) retrieved from /home/airflow/.local/lib/python3.8/site-packages/airflow/example_dags/example_external_task_marker_dag.py
[2024-10-03T06:42:00.072+0000] {logging_mixin.py:151} INFO - [2024-10-03T06:42:00.072+0000] {dag.py:2907} INFO - Sync 2 DAGs
[2024-10-03T06:42:00.111+0000] {logging_mixin.py:151} INFO - [2024-10-03T06:42:00.110+0000] {dag.py:3677} INFO - Setting next_dagrun for example_external_task_marker_child to None, run_after=None
[2024-10-03T06:42:00.122+0000] {logging_mixin.py:151} INFO - [2024-10-03T06:42:00.122+0000] {dag.py:3677} INFO - Setting next_dagrun for example_external_task_marker_parent to None, run_after=None
[2024-10-03T06:42:00.208+0000] {processor.py:179} INFO - Processing /home/airflow/.local/lib/python3.8/site-packages/airflow/example_dags/example_external_task_marker_dag.py took 0.343 seconds
[2024-10-03T06:42:31.734+0000] {processor.py:157} INFO - Started process (PID=243) to work on /home/airflow/.local/lib/python3.8/site-packages/airflow/example_dags/example_external_task_marker_dag.py
[2024-10-03T06:42:31.743+0000] {processor.py:829} INFO - Processing file /home/airflow/.local/lib/python3.8/site-packages/airflow/example_dags/example_external_task_marker_dag.py for tasks to queue
[2024-10-03T06:42:31.751+0000] {logging_mixin.py:151} INFO - [2024-10-03T06:42:31.750+0000] {dagbag.py:539} INFO - Filling up the DagBag from /home/airflow/.local/lib/python3.8/site-packages/airflow/example_dags/example_external_task_marker_dag.py
[2024-10-03T06:42:31.766+0000] {processor.py:839} INFO - DAG(s) dict_keys(['example_external_task_marker_child', 'example_external_task_marker_parent']) retrieved from /home/airflow/.local/lib/python3.8/site-packages/airflow/example_dags/example_external_task_marker_dag.py
[2024-10-03T06:42:31.852+0000] {logging_mixin.py:151} INFO - [2024-10-03T06:42:31.852+0000] {dag.py:2907} INFO - Sync 2 DAGs
[2024-10-03T06:42:31.881+0000] {logging_mixin.py:151} INFO - [2024-10-03T06:42:31.881+0000] {dag.py:3677} INFO - Setting next_dagrun for example_external_task_marker_child to None, run_after=None
[2024-10-03T06:42:31.893+0000] {logging_mixin.py:151} INFO - [2024-10-03T06:42:31.893+0000] {dag.py:3677} INFO - Setting next_dagrun for example_external_task_marker_parent to None, run_after=None
[2024-10-03T06:42:31.941+0000] {processor.py:179} INFO - Processing /home/airflow/.local/lib/python3.8/site-packages/airflow/example_dags/example_external_task_marker_dag.py took 0.214 seconds
[2024-10-03T06:53:00.117+0000] {processor.py:186} INFO - Started process (PID=128) to work on /home/airflow/.local/lib/python3.12/site-packages/airflow/example_dags/example_external_task_marker_dag.py
[2024-10-03T06:53:00.123+0000] {processor.py:914} INFO - Processing file /home/airflow/.local/lib/python3.12/site-packages/airflow/example_dags/example_external_task_marker_dag.py for tasks to queue
[2024-10-03T06:53:00.145+0000] {logging_mixin.py:190} INFO - [2024-10-03T06:53:00.143+0000] {dagbag.py:588} INFO - Filling up the DagBag from /home/airflow/.local/lib/python3.12/site-packages/airflow/example_dags/example_external_task_marker_dag.py
[2024-10-03T06:53:00.209+0000] {processor.py:925} INFO - DAG(s) 'example_external_task_marker_parent', 'example_external_task_marker_child' retrieved from /home/airflow/.local/lib/python3.12/site-packages/airflow/example_dags/example_external_task_marker_dag.py
[2024-10-03T06:53:02.629+0000] {logging_mixin.py:190} INFO - [2024-10-03T06:53:02.628+0000] {dag.py:3239} INFO - Sync 2 DAGs
[2024-10-03T06:53:02.793+0000] {logging_mixin.py:190} INFO - [2024-10-03T06:53:02.793+0000] {dag.py:4180} INFO - Setting next_dagrun for example_external_task_marker_child to None, run_after=None
[2024-10-03T06:53:02.820+0000] {logging_mixin.py:190} INFO - [2024-10-03T06:53:02.820+0000] {dag.py:4180} INFO - Setting next_dagrun for example_external_task_marker_parent to None, run_after=None
[2024-10-03T06:53:02.985+0000] {processor.py:208} INFO - Processing /home/airflow/.local/lib/python3.12/site-packages/airflow/example_dags/example_external_task_marker_dag.py took 2.894 seconds
[2024-10-03T06:53:33.240+0000] {processor.py:186} INFO - Started process (PID=191) to work on /home/airflow/.local/lib/python3.12/site-packages/airflow/example_dags/example_external_task_marker_dag.py
[2024-10-03T06:53:33.242+0000] {processor.py:914} INFO - Processing file /home/airflow/.local/lib/python3.12/site-packages/airflow/example_dags/example_external_task_marker_dag.py for tasks to queue
[2024-10-03T06:53:33.248+0000] {logging_mixin.py:190} INFO - [2024-10-03T06:53:33.247+0000] {dagbag.py:588} INFO - Filling up the DagBag from /home/airflow/.local/lib/python3.12/site-packages/airflow/example_dags/example_external_task_marker_dag.py
[2024-10-03T06:53:33.262+0000] {processor.py:925} INFO - DAG(s) 'example_external_task_marker_child', 'example_external_task_marker_parent' retrieved from /home/airflow/.local/lib/python3.12/site-packages/airflow/example_dags/example_external_task_marker_dag.py
[2024-10-03T06:53:33.300+0000] {logging_mixin.py:190} INFO - [2024-10-03T06:53:33.299+0000] {dag.py:3239} INFO - Sync 2 DAGs
[2024-10-03T06:53:33.328+0000] {logging_mixin.py:190} INFO - [2024-10-03T06:53:33.328+0000] {dag.py:4180} INFO - Setting next_dagrun for example_external_task_marker_child to None, run_after=None
[2024-10-03T06:53:33.333+0000] {logging_mixin.py:190} INFO - [2024-10-03T06:53:33.333+0000] {dag.py:4180} INFO - Setting next_dagrun for example_external_task_marker_parent to None, run_after=None
[2024-10-03T06:53:33.362+0000] {processor.py:208} INFO - Processing /home/airflow/.local/lib/python3.12/site-packages/airflow/example_dags/example_external_task_marker_dag.py took 0.134 seconds
[2024-10-03T06:54:03.632+0000] {processor.py:186} INFO - Started process (PID=255) to work on /home/airflow/.local/lib/python3.12/site-packages/airflow/example_dags/example_external_task_marker_dag.py
[2024-10-03T06:54:03.634+0000] {processor.py:914} INFO - Processing file /home/airflow/.local/lib/python3.12/site-packages/airflow/example_dags/example_external_task_marker_dag.py for tasks to queue
[2024-10-03T06:54:03.639+0000] {logging_mixin.py:190} INFO - [2024-10-03T06:54:03.639+0000] {dagbag.py:588} INFO - Filling up the DagBag from /home/airflow/.local/lib/python3.12/site-packages/airflow/example_dags/example_external_task_marker_dag.py
[2024-10-03T06:54:03.652+0000] {processor.py:925} INFO - DAG(s) 'example_external_task_marker_child', 'example_external_task_marker_parent' retrieved from /home/airflow/.local/lib/python3.12/site-packages/airflow/example_dags/example_external_task_marker_dag.py
[2024-10-03T06:54:03.693+0000] {logging_mixin.py:190} INFO - [2024-10-03T06:54:03.693+0000] {dag.py:3239} INFO - Sync 2 DAGs
[2024-10-03T06:54:03.720+0000] {logging_mixin.py:190} INFO - [2024-10-03T06:54:03.720+0000] {dag.py:4180} INFO - Setting next_dagrun for example_external_task_marker_child to None, run_after=None
[2024-10-03T06:54:03.727+0000] {logging_mixin.py:190} INFO - [2024-10-03T06:54:03.727+0000] {dag.py:4180} INFO - Setting next_dagrun for example_external_task_marker_parent to None, run_after=None
[2024-10-03T06:54:03.761+0000] {processor.py:208} INFO - Processing /home/airflow/.local/lib/python3.12/site-packages/airflow/example_dags/example_external_task_marker_dag.py took 0.138 seconds
[2024-10-03T06:54:34.586+0000] {processor.py:186} INFO - Started process (PID=325) to work on /home/airflow/.local/lib/python3.12/site-packages/airflow/example_dags/example_external_task_marker_dag.py
[2024-10-03T06:54:34.588+0000] {processor.py:914} INFO - Processing file /home/airflow/.local/lib/python3.12/site-packages/airflow/example_dags/example_external_task_marker_dag.py for tasks to queue
[2024-10-03T06:54:34.592+0000] {logging_mixin.py:190} INFO - [2024-10-03T06:54:34.592+0000] {dagbag.py:588} INFO - Filling up the DagBag from /home/airflow/.local/lib/python3.12/site-packages/airflow/example_dags/example_external_task_marker_dag.py
[2024-10-03T06:54:34.606+0000] {processor.py:925} INFO - DAG(s) 'example_external_task_marker_parent', 'example_external_task_marker_child' retrieved from /home/airflow/.local/lib/python3.12/site-packages/airflow/example_dags/example_external_task_marker_dag.py
[2024-10-03T06:54:34.641+0000] {logging_mixin.py:190} INFO - [2024-10-03T06:54:34.641+0000] {dag.py:3239} INFO - Sync 2 DAGs
[2024-10-03T06:54:34.662+0000] {logging_mixin.py:190} INFO - [2024-10-03T06:54:34.662+0000] {dag.py:4180} INFO - Setting next_dagrun for example_external_task_marker_child to None, run_after=None
[2024-10-03T06:54:34.669+0000] {logging_mixin.py:190} INFO - [2024-10-03T06:54:34.668+0000] {dag.py:4180} INFO - Setting next_dagrun for example_external_task_marker_parent to None, run_after=None
[2024-10-03T06:54:34.721+0000] {processor.py:208} INFO - Processing /home/airflow/.local/lib/python3.12/site-packages/airflow/example_dags/example_external_task_marker_dag.py took 0.145 seconds
[2024-10-03T06:55:05.100+0000] {processor.py:186} INFO - Started process (PID=389) to work on /home/airflow/.local/lib/python3.12/site-packages/airflow/example_dags/example_external_task_marker_dag.py
[2024-10-03T06:55:05.102+0000] {processor.py:914} INFO - Processing file /home/airflow/.local/lib/python3.12/site-packages/airflow/example_dags/example_external_task_marker_dag.py for tasks to queue
[2024-10-03T06:55:05.107+0000] {logging_mixin.py:190} INFO - [2024-10-03T06:55:05.105+0000] {dagbag.py:588} INFO - Filling up the DagBag from /home/airflow/.local/lib/python3.12/site-packages/airflow/example_dags/example_external_task_marker_dag.py
[2024-10-03T06:55:05.122+0000] {processor.py:925} INFO - DAG(s) 'example_external_task_marker_parent', 'example_external_task_marker_child' retrieved from /home/airflow/.local/lib/python3.12/site-packages/airflow/example_dags/example_external_task_marker_dag.py
[2024-10-03T06:55:05.169+0000] {logging_mixin.py:190} INFO - [2024-10-03T06:55:05.168+0000] {dag.py:3239} INFO - Sync 2 DAGs
[2024-10-03T06:55:05.194+0000] {logging_mixin.py:190} INFO - [2024-10-03T06:55:05.194+0000] {dag.py:4180} INFO - Setting next_dagrun for example_external_task_marker_child to None, run_after=None
[2024-10-03T06:55:05.200+0000] {logging_mixin.py:190} INFO - [2024-10-03T06:55:05.200+0000] {dag.py:4180} INFO - Setting next_dagrun for example_external_task_marker_parent to None, run_after=None
[2024-10-03T06:55:05.235+0000] {processor.py:208} INFO - Processing /home/airflow/.local/lib/python3.12/site-packages/airflow/example_dags/example_external_task_marker_dag.py took 0.142 seconds
[2024-10-03T06:55:36.213+0000] {processor.py:186} INFO - Started process (PID=453) to work on /home/airflow/.local/lib/python3.12/site-packages/airflow/example_dags/example_external_task_marker_dag.py
[2024-10-03T06:55:36.215+0000] {processor.py:914} INFO - Processing file /home/airflow/.local/lib/python3.12/site-packages/airflow/example_dags/example_external_task_marker_dag.py for tasks to queue
[2024-10-03T06:55:36.220+0000] {logging_mixin.py:190} INFO - [2024-10-03T06:55:36.220+0000] {dagbag.py:588} INFO - Filling up the DagBag from /home/airflow/.local/lib/python3.12/site-packages/airflow/example_dags/example_external_task_marker_dag.py
[2024-10-03T06:55:36.242+0000] {processor.py:925} INFO - DAG(s) 'example_external_task_marker_child', 'example_external_task_marker_parent' retrieved from /home/airflow/.local/lib/python3.12/site-packages/airflow/example_dags/example_external_task_marker_dag.py
[2024-10-03T06:55:36.286+0000] {logging_mixin.py:190} INFO - [2024-10-03T06:55:36.286+0000] {dag.py:3239} INFO - Sync 2 DAGs
[2024-10-03T06:55:36.314+0000] {logging_mixin.py:190} INFO - [2024-10-03T06:55:36.314+0000] {dag.py:4180} INFO - Setting next_dagrun for example_external_task_marker_child to None, run_after=None
[2024-10-03T06:55:36.322+0000] {logging_mixin.py:190} INFO - [2024-10-03T06:55:36.322+0000] {dag.py:4180} INFO - Setting next_dagrun for example_external_task_marker_parent to None, run_after=None
[2024-10-03T06:55:36.358+0000] {processor.py:208} INFO - Processing /home/airflow/.local/lib/python3.12/site-packages/airflow/example_dags/example_external_task_marker_dag.py took 0.154 seconds
[2024-10-03T06:56:06.554+0000] {processor.py:186} INFO - Started process (PID=517) to work on /home/airflow/.local/lib/python3.12/site-packages/airflow/example_dags/example_external_task_marker_dag.py
[2024-10-03T06:56:06.558+0000] {processor.py:914} INFO - Processing file /home/airflow/.local/lib/python3.12/site-packages/airflow/example_dags/example_external_task_marker_dag.py for tasks to queue
[2024-10-03T06:56:06.564+0000] {logging_mixin.py:190} INFO - [2024-10-03T06:56:06.564+0000] {dagbag.py:588} INFO - Filling up the DagBag from /home/airflow/.local/lib/python3.12/site-packages/airflow/example_dags/example_external_task_marker_dag.py
[2024-10-03T06:56:06.581+0000] {processor.py:925} INFO - DAG(s) 'example_external_task_marker_child', 'example_external_task_marker_parent' retrieved from /home/airflow/.local/lib/python3.12/site-packages/airflow/example_dags/example_external_task_marker_dag.py
[2024-10-03T06:56:06.638+0000] {logging_mixin.py:190} INFO - [2024-10-03T06:56:06.637+0000] {dag.py:3239} INFO - Sync 2 DAGs
[2024-10-03T06:56:06.669+0000] {logging_mixin.py:190} INFO - [2024-10-03T06:56:06.668+0000] {dag.py:4180} INFO - Setting next_dagrun for example_external_task_marker_child to None, run_after=None
[2024-10-03T06:56:06.675+0000] {logging_mixin.py:190} INFO - [2024-10-03T06:56:06.675+0000] {dag.py:4180} INFO - Setting next_dagrun for example_external_task_marker_parent to None, run_after=None
[2024-10-03T06:56:06.702+0000] {processor.py:208} INFO - Processing /home/airflow/.local/lib/python3.12/site-packages/airflow/example_dags/example_external_task_marker_dag.py took 0.161 seconds
[2024-10-03T06:56:37.146+0000] {processor.py:186} INFO - Started process (PID=581) to work on /home/airflow/.local/lib/python3.12/site-packages/airflow/example_dags/example_external_task_marker_dag.py
[2024-10-03T06:56:37.148+0000] {processor.py:914} INFO - Processing file /home/airflow/.local/lib/python3.12/site-packages/airflow/example_dags/example_external_task_marker_dag.py for tasks to queue
[2024-10-03T06:56:37.153+0000] {logging_mixin.py:190} INFO - [2024-10-03T06:56:37.152+0000] {dagbag.py:588} INFO - Filling up the DagBag from /home/airflow/.local/lib/python3.12/site-packages/airflow/example_dags/example_external_task_marker_dag.py
[2024-10-03T06:56:37.173+0000] {processor.py:925} INFO - DAG(s) 'example_external_task_marker_parent', 'example_external_task_marker_child' retrieved from /home/airflow/.local/lib/python3.12/site-packages/airflow/example_dags/example_external_task_marker_dag.py
[2024-10-03T06:56:37.203+0000] {logging_mixin.py:190} INFO - [2024-10-03T06:56:37.203+0000] {dag.py:3239} INFO - Sync 2 DAGs
[2024-10-03T06:56:37.223+0000] {logging_mixin.py:190} INFO - [2024-10-03T06:56:37.223+0000] {dag.py:4180} INFO - Setting next_dagrun for example_external_task_marker_child to None, run_after=None
[2024-10-03T06:56:37.229+0000] {logging_mixin.py:190} INFO - [2024-10-03T06:56:37.228+0000] {dag.py:4180} INFO - Setting next_dagrun for example_external_task_marker_parent to None, run_after=None
[2024-10-03T06:56:37.254+0000] {processor.py:208} INFO - Processing /home/airflow/.local/lib/python3.12/site-packages/airflow/example_dags/example_external_task_marker_dag.py took 0.120 seconds
[2024-10-03T06:57:07.577+0000] {processor.py:186} INFO - Started process (PID=645) to work on /home/airflow/.local/lib/python3.12/site-packages/airflow/example_dags/example_external_task_marker_dag.py
[2024-10-03T06:57:07.581+0000] {processor.py:914} INFO - Processing file /home/airflow/.local/lib/python3.12/site-packages/airflow/example_dags/example_external_task_marker_dag.py for tasks to queue
[2024-10-03T06:57:07.585+0000] {logging_mixin.py:190} INFO - [2024-10-03T06:57:07.584+0000] {dagbag.py:588} INFO - Filling up the DagBag from /home/airflow/.local/lib/python3.12/site-packages/airflow/example_dags/example_external_task_marker_dag.py
[2024-10-03T06:57:07.596+0000] {processor.py:925} INFO - DAG(s) 'example_external_task_marker_parent', 'example_external_task_marker_child' retrieved from /home/airflow/.local/lib/python3.12/site-packages/airflow/example_dags/example_external_task_marker_dag.py
[2024-10-03T06:57:07.629+0000] {logging_mixin.py:190} INFO - [2024-10-03T06:57:07.629+0000] {dag.py:3239} INFO - Sync 2 DAGs
[2024-10-03T06:57:07.648+0000] {logging_mixin.py:190} INFO - [2024-10-03T06:57:07.647+0000] {dag.py:4180} INFO - Setting next_dagrun for example_external_task_marker_child to None, run_after=None
[2024-10-03T06:57:07.654+0000] {logging_mixin.py:190} INFO - [2024-10-03T06:57:07.654+0000] {dag.py:4180} INFO - Setting next_dagrun for example_external_task_marker_parent to None, run_after=None
[2024-10-03T06:57:07.690+0000] {processor.py:208} INFO - Processing /home/airflow/.local/lib/python3.12/site-packages/airflow/example_dags/example_external_task_marker_dag.py took 0.119 seconds
[2024-10-03T06:57:37.895+0000] {processor.py:186} INFO - Started process (PID=709) to work on /home/airflow/.local/lib/python3.12/site-packages/airflow/example_dags/example_external_task_marker_dag.py
[2024-10-03T06:57:37.898+0000] {processor.py:914} INFO - Processing file /home/airflow/.local/lib/python3.12/site-packages/airflow/example_dags/example_external_task_marker_dag.py for tasks to queue
[2024-10-03T06:57:37.903+0000] {logging_mixin.py:190} INFO - [2024-10-03T06:57:37.902+0000] {dagbag.py:588} INFO - Filling up the DagBag from /home/airflow/.local/lib/python3.12/site-packages/airflow/example_dags/example_external_task_marker_dag.py
[2024-10-03T06:57:37.918+0000] {processor.py:925} INFO - DAG(s) 'example_external_task_marker_parent', 'example_external_task_marker_child' retrieved from /home/airflow/.local/lib/python3.12/site-packages/airflow/example_dags/example_external_task_marker_dag.py
[2024-10-03T06:57:37.962+0000] {logging_mixin.py:190} INFO - [2024-10-03T06:57:37.962+0000] {dag.py:3239} INFO - Sync 2 DAGs
[2024-10-03T06:57:37.987+0000] {logging_mixin.py:190} INFO - [2024-10-03T06:57:37.986+0000] {dag.py:4180} INFO - Setting next_dagrun for example_external_task_marker_child to None, run_after=None
[2024-10-03T06:57:37.994+0000] {logging_mixin.py:190} INFO - [2024-10-03T06:57:37.994+0000] {dag.py:4180} INFO - Setting next_dagrun for example_external_task_marker_parent to None, run_after=None
[2024-10-03T06:57:38.031+0000] {processor.py:208} INFO - Processing /home/airflow/.local/lib/python3.12/site-packages/airflow/example_dags/example_external_task_marker_dag.py took 0.145 seconds
[2024-10-03T06:58:08.430+0000] {processor.py:186} INFO - Started process (PID=773) to work on /home/airflow/.local/lib/python3.12/site-packages/airflow/example_dags/example_external_task_marker_dag.py
[2024-10-03T06:58:08.433+0000] {processor.py:914} INFO - Processing file /home/airflow/.local/lib/python3.12/site-packages/airflow/example_dags/example_external_task_marker_dag.py for tasks to queue
[2024-10-03T06:58:08.436+0000] {logging_mixin.py:190} INFO - [2024-10-03T06:58:08.435+0000] {dagbag.py:588} INFO - Filling up the DagBag from /home/airflow/.local/lib/python3.12/site-packages/airflow/example_dags/example_external_task_marker_dag.py
[2024-10-03T06:58:08.443+0000] {processor.py:925} INFO - DAG(s) 'example_external_task_marker_parent', 'example_external_task_marker_child' retrieved from /home/airflow/.local/lib/python3.12/site-packages/airflow/example_dags/example_external_task_marker_dag.py
[2024-10-03T06:58:08.471+0000] {logging_mixin.py:190} INFO - [2024-10-03T06:58:08.470+0000] {dag.py:3239} INFO - Sync 2 DAGs
[2024-10-03T06:58:08.487+0000] {logging_mixin.py:190} INFO - [2024-10-03T06:58:08.487+0000] {dag.py:4180} INFO - Setting next_dagrun for example_external_task_marker_child to None, run_after=None
[2024-10-03T06:58:08.492+0000] {logging_mixin.py:190} INFO - [2024-10-03T06:58:08.492+0000] {dag.py:4180} INFO - Setting next_dagrun for example_external_task_marker_parent to None, run_after=None
[2024-10-03T06:58:08.516+0000] {processor.py:208} INFO - Processing /home/airflow/.local/lib/python3.12/site-packages/airflow/example_dags/example_external_task_marker_dag.py took 0.093 seconds
[2024-10-03T06:58:38.814+0000] {processor.py:186} INFO - Started process (PID=837) to work on /home/airflow/.local/lib/python3.12/site-packages/airflow/example_dags/example_external_task_marker_dag.py
[2024-10-03T06:58:38.816+0000] {processor.py:914} INFO - Processing file /home/airflow/.local/lib/python3.12/site-packages/airflow/example_dags/example_external_task_marker_dag.py for tasks to queue
[2024-10-03T06:58:38.819+0000] {logging_mixin.py:190} INFO - [2024-10-03T06:58:38.818+0000] {dagbag.py:588} INFO - Filling up the DagBag from /home/airflow/.local/lib/python3.12/site-packages/airflow/example_dags/example_external_task_marker_dag.py
[2024-10-03T06:58:38.828+0000] {processor.py:925} INFO - DAG(s) 'example_external_task_marker_parent', 'example_external_task_marker_child' retrieved from /home/airflow/.local/lib/python3.12/site-packages/airflow/example_dags/example_external_task_marker_dag.py
[2024-10-03T06:58:38.858+0000] {logging_mixin.py:190} INFO - [2024-10-03T06:58:38.858+0000] {dag.py:3239} INFO - Sync 2 DAGs
[2024-10-03T06:58:38.875+0000] {logging_mixin.py:190} INFO - [2024-10-03T06:58:38.875+0000] {dag.py:4180} INFO - Setting next_dagrun for example_external_task_marker_child to None, run_after=None
[2024-10-03T06:58:38.880+0000] {logging_mixin.py:190} INFO - [2024-10-03T06:58:38.879+0000] {dag.py:4180} INFO - Setting next_dagrun for example_external_task_marker_parent to None, run_after=None
[2024-10-03T06:58:38.903+0000] {processor.py:208} INFO - Processing /home/airflow/.local/lib/python3.12/site-packages/airflow/example_dags/example_external_task_marker_dag.py took 0.095 seconds
[2024-10-03T06:59:09.849+0000] {processor.py:186} INFO - Started process (PID=902) to work on /home/airflow/.local/lib/python3.12/site-packages/airflow/example_dags/example_external_task_marker_dag.py
[2024-10-03T06:59:09.855+0000] {processor.py:914} INFO - Processing file /home/airflow/.local/lib/python3.12/site-packages/airflow/example_dags/example_external_task_marker_dag.py for tasks to queue
[2024-10-03T06:59:09.859+0000] {logging_mixin.py:190} INFO - [2024-10-03T06:59:09.858+0000] {dagbag.py:588} INFO - Filling up the DagBag from /home/airflow/.local/lib/python3.12/site-packages/airflow/example_dags/example_external_task_marker_dag.py
[2024-10-03T06:59:09.868+0000] {processor.py:925} INFO - DAG(s) 'example_external_task_marker_child', 'example_external_task_marker_parent' retrieved from /home/airflow/.local/lib/python3.12/site-packages/airflow/example_dags/example_external_task_marker_dag.py
[2024-10-03T06:59:09.896+0000] {logging_mixin.py:190} INFO - [2024-10-03T06:59:09.895+0000] {dag.py:3239} INFO - Sync 2 DAGs
[2024-10-03T06:59:09.913+0000] {logging_mixin.py:190} INFO - [2024-10-03T06:59:09.913+0000] {dag.py:4180} INFO - Setting next_dagrun for example_external_task_marker_child to None, run_after=None
[2024-10-03T06:59:09.918+0000] {logging_mixin.py:190} INFO - [2024-10-03T06:59:09.918+0000] {dag.py:4180} INFO - Setting next_dagrun for example_external_task_marker_parent to None, run_after=None
[2024-10-03T06:59:10.134+0000] {processor.py:208} INFO - Processing /home/airflow/.local/lib/python3.12/site-packages/airflow/example_dags/example_external_task_marker_dag.py took 0.292 seconds
[2024-10-03T07:00:10.448+0000] {processor.py:186} INFO - Started process (PID=994) to work on /home/airflow/.local/lib/python3.12/site-packages/airflow/example_dags/example_external_task_marker_dag.py
[2024-10-03T07:00:10.450+0000] {processor.py:914} INFO - Processing file /home/airflow/.local/lib/python3.12/site-packages/airflow/example_dags/example_external_task_marker_dag.py for tasks to queue
[2024-10-03T07:00:10.454+0000] {logging_mixin.py:190} INFO - [2024-10-03T07:00:10.453+0000] {dagbag.py:588} INFO - Filling up the DagBag from /home/airflow/.local/lib/python3.12/site-packages/airflow/example_dags/example_external_task_marker_dag.py
[2024-10-03T07:00:10.468+0000] {processor.py:925} INFO - DAG(s) 'example_external_task_marker_parent', 'example_external_task_marker_child' retrieved from /home/airflow/.local/lib/python3.12/site-packages/airflow/example_dags/example_external_task_marker_dag.py
[2024-10-03T07:00:10.513+0000] {logging_mixin.py:190} INFO - [2024-10-03T07:00:10.513+0000] {dag.py:3239} INFO - Sync 2 DAGs
[2024-10-03T07:00:10.547+0000] {logging_mixin.py:190} INFO - [2024-10-03T07:00:10.547+0000] {dag.py:4180} INFO - Setting next_dagrun for example_external_task_marker_child to None, run_after=None
[2024-10-03T07:00:10.554+0000] {logging_mixin.py:190} INFO - [2024-10-03T07:00:10.553+0000] {dag.py:4180} INFO - Setting next_dagrun for example_external_task_marker_parent to None, run_after=None
[2024-10-03T07:00:10.598+0000] {processor.py:208} INFO - Processing /home/airflow/.local/lib/python3.12/site-packages/airflow/example_dags/example_external_task_marker_dag.py took 0.159 seconds
[2024-10-03T07:00:41.456+0000] {processor.py:186} INFO - Started process (PID=1057) to work on /home/airflow/.local/lib/python3.12/site-packages/airflow/example_dags/example_external_task_marker_dag.py
[2024-10-03T07:00:41.458+0000] {processor.py:914} INFO - Processing file /home/airflow/.local/lib/python3.12/site-packages/airflow/example_dags/example_external_task_marker_dag.py for tasks to queue
[2024-10-03T07:00:41.462+0000] {logging_mixin.py:190} INFO - [2024-10-03T07:00:41.461+0000] {dagbag.py:588} INFO - Filling up the DagBag from /home/airflow/.local/lib/python3.12/site-packages/airflow/example_dags/example_external_task_marker_dag.py
[2024-10-03T07:00:41.472+0000] {processor.py:925} INFO - DAG(s) 'example_external_task_marker_child', 'example_external_task_marker_parent' retrieved from /home/airflow/.local/lib/python3.12/site-packages/airflow/example_dags/example_external_task_marker_dag.py
[2024-10-03T07:00:41.501+0000] {logging_mixin.py:190} INFO - [2024-10-03T07:00:41.501+0000] {dag.py:3239} INFO - Sync 2 DAGs
[2024-10-03T07:00:41.520+0000] {logging_mixin.py:190} INFO - [2024-10-03T07:00:41.519+0000] {dag.py:4180} INFO - Setting next_dagrun for example_external_task_marker_child to None, run_after=None
[2024-10-03T07:00:41.525+0000] {logging_mixin.py:190} INFO - [2024-10-03T07:00:41.525+0000] {dag.py:4180} INFO - Setting next_dagrun for example_external_task_marker_parent to None, run_after=None
[2024-10-03T07:00:41.550+0000] {processor.py:208} INFO - Processing /home/airflow/.local/lib/python3.12/site-packages/airflow/example_dags/example_external_task_marker_dag.py took 0.100 seconds
[2024-10-03T07:01:22.596+0000] {processor.py:186} INFO - Started process (PID=1131) to work on /home/airflow/.local/lib/python3.12/site-packages/airflow/example_dags/example_external_task_marker_dag.py
[2024-10-03T07:01:22.598+0000] {processor.py:914} INFO - Processing file /home/airflow/.local/lib/python3.12/site-packages/airflow/example_dags/example_external_task_marker_dag.py for tasks to queue
[2024-10-03T07:01:22.601+0000] {logging_mixin.py:190} INFO - [2024-10-03T07:01:22.601+0000] {dagbag.py:588} INFO - Filling up the DagBag from /home/airflow/.local/lib/python3.12/site-packages/airflow/example_dags/example_external_task_marker_dag.py
[2024-10-03T07:01:22.617+0000] {processor.py:925} INFO - DAG(s) 'example_external_task_marker_parent', 'example_external_task_marker_child' retrieved from /home/airflow/.local/lib/python3.12/site-packages/airflow/example_dags/example_external_task_marker_dag.py
[2024-10-03T07:01:22.671+0000] {logging_mixin.py:190} INFO - [2024-10-03T07:01:22.671+0000] {dag.py:3239} INFO - Sync 2 DAGs
[2024-10-03T07:01:22.706+0000] {logging_mixin.py:190} INFO - [2024-10-03T07:01:22.706+0000] {dag.py:4180} INFO - Setting next_dagrun for example_external_task_marker_child to None, run_after=None
[2024-10-03T07:01:22.714+0000] {logging_mixin.py:190} INFO - [2024-10-03T07:01:22.714+0000] {dag.py:4180} INFO - Setting next_dagrun for example_external_task_marker_parent to None, run_after=None
[2024-10-03T07:01:22.755+0000] {processor.py:208} INFO - Processing /home/airflow/.local/lib/python3.12/site-packages/airflow/example_dags/example_external_task_marker_dag.py took 0.169 seconds
[2024-10-03T07:02:42.847+0000] {processor.py:186} INFO - Started process (PID=1192) to work on /home/airflow/.local/lib/python3.12/site-packages/airflow/example_dags/example_external_task_marker_dag.py
[2024-10-03T07:02:42.849+0000] {processor.py:914} INFO - Processing file /home/airflow/.local/lib/python3.12/site-packages/airflow/example_dags/example_external_task_marker_dag.py for tasks to queue
[2024-10-03T07:02:42.851+0000] {logging_mixin.py:190} INFO - [2024-10-03T07:02:42.851+0000] {dagbag.py:588} INFO - Filling up the DagBag from /home/airflow/.local/lib/python3.12/site-packages/airflow/example_dags/example_external_task_marker_dag.py
[2024-10-03T07:02:42.865+0000] {processor.py:925} INFO - DAG(s) 'example_external_task_marker_child', 'example_external_task_marker_parent' retrieved from /home/airflow/.local/lib/python3.12/site-packages/airflow/example_dags/example_external_task_marker_dag.py
[2024-10-03T07:02:42.901+0000] {logging_mixin.py:190} INFO - [2024-10-03T07:02:42.900+0000] {dag.py:3239} INFO - Sync 2 DAGs
[2024-10-03T07:02:42.926+0000] {logging_mixin.py:190} INFO - [2024-10-03T07:02:42.926+0000] {dag.py:4180} INFO - Setting next_dagrun for example_external_task_marker_child to None, run_after=None
[2024-10-03T07:02:42.934+0000] {logging_mixin.py:190} INFO - [2024-10-03T07:02:42.934+0000] {dag.py:4180} INFO - Setting next_dagrun for example_external_task_marker_parent to None, run_after=None
[2024-10-03T07:02:42.968+0000] {processor.py:208} INFO - Processing /home/airflow/.local/lib/python3.12/site-packages/airflow/example_dags/example_external_task_marker_dag.py took 0.130 seconds
[2024-10-03T07:03:13.065+0000] {processor.py:186} INFO - Started process (PID=1254) to work on /home/airflow/.local/lib/python3.12/site-packages/airflow/example_dags/example_external_task_marker_dag.py
[2024-10-03T07:03:13.067+0000] {processor.py:914} INFO - Processing file /home/airflow/.local/lib/python3.12/site-packages/airflow/example_dags/example_external_task_marker_dag.py for tasks to queue
[2024-10-03T07:03:13.069+0000] {logging_mixin.py:190} INFO - [2024-10-03T07:03:13.068+0000] {dagbag.py:588} INFO - Filling up the DagBag from /home/airflow/.local/lib/python3.12/site-packages/airflow/example_dags/example_external_task_marker_dag.py
[2024-10-03T07:03:13.080+0000] {processor.py:925} INFO - DAG(s) 'example_external_task_marker_child', 'example_external_task_marker_parent' retrieved from /home/airflow/.local/lib/python3.12/site-packages/airflow/example_dags/example_external_task_marker_dag.py
[2024-10-03T07:03:13.105+0000] {logging_mixin.py:190} INFO - [2024-10-03T07:03:13.105+0000] {dag.py:3239} INFO - Sync 2 DAGs
[2024-10-03T07:03:13.124+0000] {logging_mixin.py:190} INFO - [2024-10-03T07:03:13.124+0000] {dag.py:4180} INFO - Setting next_dagrun for example_external_task_marker_child to None, run_after=None
[2024-10-03T07:03:13.130+0000] {logging_mixin.py:190} INFO - [2024-10-03T07:03:13.130+0000] {dag.py:4180} INFO - Setting next_dagrun for example_external_task_marker_parent to None, run_after=None
[2024-10-03T07:03:13.152+0000] {processor.py:208} INFO - Processing /home/airflow/.local/lib/python3.12/site-packages/airflow/example_dags/example_external_task_marker_dag.py took 0.094 seconds
[2024-10-03T07:03:44.452+0000] {processor.py:186} INFO - Started process (PID=1317) to work on /home/airflow/.local/lib/python3.12/site-packages/airflow/example_dags/example_external_task_marker_dag.py
[2024-10-03T07:03:44.454+0000] {processor.py:914} INFO - Processing file /home/airflow/.local/lib/python3.12/site-packages/airflow/example_dags/example_external_task_marker_dag.py for tasks to queue
[2024-10-03T07:03:44.456+0000] {logging_mixin.py:190} INFO - [2024-10-03T07:03:44.455+0000] {dagbag.py:588} INFO - Filling up the DagBag from /home/airflow/.local/lib/python3.12/site-packages/airflow/example_dags/example_external_task_marker_dag.py
[2024-10-03T07:03:44.467+0000] {processor.py:925} INFO - DAG(s) 'example_external_task_marker_child', 'example_external_task_marker_parent' retrieved from /home/airflow/.local/lib/python3.12/site-packages/airflow/example_dags/example_external_task_marker_dag.py
[2024-10-03T07:03:44.499+0000] {logging_mixin.py:190} INFO - [2024-10-03T07:03:44.499+0000] {dag.py:3239} INFO - Sync 2 DAGs
[2024-10-03T07:03:44.521+0000] {logging_mixin.py:190} INFO - [2024-10-03T07:03:44.521+0000] {dag.py:4180} INFO - Setting next_dagrun for example_external_task_marker_child to None, run_after=None
[2024-10-03T07:03:44.527+0000] {logging_mixin.py:190} INFO - [2024-10-03T07:03:44.527+0000] {dag.py:4180} INFO - Setting next_dagrun for example_external_task_marker_parent to None, run_after=None
[2024-10-03T07:03:44.558+0000] {processor.py:208} INFO - Processing /home/airflow/.local/lib/python3.12/site-packages/airflow/example_dags/example_external_task_marker_dag.py took 0.113 seconds
[2024-10-03T07:04:15.774+0000] {processor.py:186} INFO - Started process (PID=1380) to work on /home/airflow/.local/lib/python3.12/site-packages/airflow/example_dags/example_external_task_marker_dag.py
[2024-10-03T07:04:15.777+0000] {processor.py:914} INFO - Processing file /home/airflow/.local/lib/python3.12/site-packages/airflow/example_dags/example_external_task_marker_dag.py for tasks to queue
[2024-10-03T07:04:15.780+0000] {logging_mixin.py:190} INFO - [2024-10-03T07:04:15.779+0000] {dagbag.py:588} INFO - Filling up the DagBag from /home/airflow/.local/lib/python3.12/site-packages/airflow/example_dags/example_external_task_marker_dag.py
[2024-10-03T07:04:15.792+0000] {processor.py:925} INFO - DAG(s) 'example_external_task_marker_parent', 'example_external_task_marker_child' retrieved from /home/airflow/.local/lib/python3.12/site-packages/airflow/example_dags/example_external_task_marker_dag.py
[2024-10-03T07:04:15.830+0000] {logging_mixin.py:190} INFO - [2024-10-03T07:04:15.830+0000] {dag.py:3239} INFO - Sync 2 DAGs
[2024-10-03T07:04:15.850+0000] {logging_mixin.py:190} INFO - [2024-10-03T07:04:15.849+0000] {dag.py:4180} INFO - Setting next_dagrun for example_external_task_marker_child to None, run_after=None
[2024-10-03T07:04:15.856+0000] {logging_mixin.py:190} INFO - [2024-10-03T07:04:15.856+0000] {dag.py:4180} INFO - Setting next_dagrun for example_external_task_marker_parent to None, run_after=None
[2024-10-03T07:04:15.897+0000] {processor.py:208} INFO - Processing /home/airflow/.local/lib/python3.12/site-packages/airflow/example_dags/example_external_task_marker_dag.py took 0.130 seconds
[2024-10-03T07:04:46.524+0000] {processor.py:186} INFO - Started process (PID=1443) to work on /home/airflow/.local/lib/python3.12/site-packages/airflow/example_dags/example_external_task_marker_dag.py
[2024-10-03T07:04:46.526+0000] {processor.py:914} INFO - Processing file /home/airflow/.local/lib/python3.12/site-packages/airflow/example_dags/example_external_task_marker_dag.py for tasks to queue
[2024-10-03T07:04:46.528+0000] {logging_mixin.py:190} INFO - [2024-10-03T07:04:46.527+0000] {dagbag.py:588} INFO - Filling up the DagBag from /home/airflow/.local/lib/python3.12/site-packages/airflow/example_dags/example_external_task_marker_dag.py
[2024-10-03T07:04:46.541+0000] {processor.py:925} INFO - DAG(s) 'example_external_task_marker_child', 'example_external_task_marker_parent' retrieved from /home/airflow/.local/lib/python3.12/site-packages/airflow/example_dags/example_external_task_marker_dag.py
[2024-10-03T07:04:46.575+0000] {logging_mixin.py:190} INFO - [2024-10-03T07:04:46.574+0000] {dag.py:3239} INFO - Sync 2 DAGs
[2024-10-03T07:04:46.597+0000] {logging_mixin.py:190} INFO - [2024-10-03T07:04:46.597+0000] {dag.py:4180} INFO - Setting next_dagrun for example_external_task_marker_child to None, run_after=None
[2024-10-03T07:04:46.603+0000] {logging_mixin.py:190} INFO - [2024-10-03T07:04:46.603+0000] {dag.py:4180} INFO - Setting next_dagrun for example_external_task_marker_parent to None, run_after=None
[2024-10-03T07:04:46.628+0000] {processor.py:208} INFO - Processing /home/airflow/.local/lib/python3.12/site-packages/airflow/example_dags/example_external_task_marker_dag.py took 0.111 seconds
[2024-10-03T07:05:17.808+0000] {processor.py:186} INFO - Started process (PID=1506) to work on /home/airflow/.local/lib/python3.12/site-packages/airflow/example_dags/example_external_task_marker_dag.py
[2024-10-03T07:05:17.810+0000] {processor.py:914} INFO - Processing file /home/airflow/.local/lib/python3.12/site-packages/airflow/example_dags/example_external_task_marker_dag.py for tasks to queue
[2024-10-03T07:05:17.812+0000] {logging_mixin.py:190} INFO - [2024-10-03T07:05:17.812+0000] {dagbag.py:588} INFO - Filling up the DagBag from /home/airflow/.local/lib/python3.12/site-packages/airflow/example_dags/example_external_task_marker_dag.py
[2024-10-03T07:05:17.827+0000] {processor.py:925} INFO - DAG(s) 'example_external_task_marker_child', 'example_external_task_marker_parent' retrieved from /home/airflow/.local/lib/python3.12/site-packages/airflow/example_dags/example_external_task_marker_dag.py
[2024-10-03T07:05:17.871+0000] {logging_mixin.py:190} INFO - [2024-10-03T07:05:17.870+0000] {dag.py:3239} INFO - Sync 2 DAGs
[2024-10-03T07:05:17.896+0000] {logging_mixin.py:190} INFO - [2024-10-03T07:05:17.896+0000] {dag.py:4180} INFO - Setting next_dagrun for example_external_task_marker_child to None, run_after=None
[2024-10-03T07:05:17.903+0000] {logging_mixin.py:190} INFO - [2024-10-03T07:05:17.903+0000] {dag.py:4180} INFO - Setting next_dagrun for example_external_task_marker_parent to None, run_after=None
[2024-10-03T07:05:17.951+0000] {processor.py:208} INFO - Processing /home/airflow/.local/lib/python3.12/site-packages/airflow/example_dags/example_external_task_marker_dag.py took 0.152 seconds
[2024-10-03T07:07:11.961+0000] {processor.py:186} INFO - Started process (PID=1569) to work on /home/airflow/.local/lib/python3.12/site-packages/airflow/example_dags/example_external_task_marker_dag.py
[2024-10-03T07:07:11.962+0000] {processor.py:914} INFO - Processing file /home/airflow/.local/lib/python3.12/site-packages/airflow/example_dags/example_external_task_marker_dag.py for tasks to queue
[2024-10-03T07:07:11.964+0000] {logging_mixin.py:190} INFO - [2024-10-03T07:07:11.964+0000] {dagbag.py:588} INFO - Filling up the DagBag from /home/airflow/.local/lib/python3.12/site-packages/airflow/example_dags/example_external_task_marker_dag.py
[2024-10-03T07:07:11.974+0000] {processor.py:925} INFO - DAG(s) 'example_external_task_marker_parent', 'example_external_task_marker_child' retrieved from /home/airflow/.local/lib/python3.12/site-packages/airflow/example_dags/example_external_task_marker_dag.py
[2024-10-03T07:07:12.008+0000] {logging_mixin.py:190} INFO - [2024-10-03T07:07:12.007+0000] {dag.py:3239} INFO - Sync 2 DAGs
[2024-10-03T07:07:12.027+0000] {logging_mixin.py:190} INFO - [2024-10-03T07:07:12.027+0000] {dag.py:4180} INFO - Setting next_dagrun for example_external_task_marker_child to None, run_after=None
[2024-10-03T07:07:12.034+0000] {logging_mixin.py:190} INFO - [2024-10-03T07:07:12.034+0000] {dag.py:4180} INFO - Setting next_dagrun for example_external_task_marker_parent to None, run_after=None
[2024-10-03T07:07:12.060+0000] {processor.py:208} INFO - Processing /home/airflow/.local/lib/python3.12/site-packages/airflow/example_dags/example_external_task_marker_dag.py took 0.107 seconds
[2024-10-03T07:07:42.253+0000] {processor.py:186} INFO - Started process (PID=1631) to work on /home/airflow/.local/lib/python3.12/site-packages/airflow/example_dags/example_external_task_marker_dag.py
[2024-10-03T07:07:42.254+0000] {processor.py:914} INFO - Processing file /home/airflow/.local/lib/python3.12/site-packages/airflow/example_dags/example_external_task_marker_dag.py for tasks to queue
[2024-10-03T07:07:42.256+0000] {logging_mixin.py:190} INFO - [2024-10-03T07:07:42.255+0000] {dagbag.py:588} INFO - Filling up the DagBag from /home/airflow/.local/lib/python3.12/site-packages/airflow/example_dags/example_external_task_marker_dag.py
[2024-10-03T07:07:42.265+0000] {processor.py:925} INFO - DAG(s) 'example_external_task_marker_parent', 'example_external_task_marker_child' retrieved from /home/airflow/.local/lib/python3.12/site-packages/airflow/example_dags/example_external_task_marker_dag.py
[2024-10-03T07:07:42.293+0000] {logging_mixin.py:190} INFO - [2024-10-03T07:07:42.293+0000] {dag.py:3239} INFO - Sync 2 DAGs
[2024-10-03T07:07:42.310+0000] {logging_mixin.py:190} INFO - [2024-10-03T07:07:42.310+0000] {dag.py:4180} INFO - Setting next_dagrun for example_external_task_marker_child to None, run_after=None
[2024-10-03T07:07:42.316+0000] {logging_mixin.py:190} INFO - [2024-10-03T07:07:42.316+0000] {dag.py:4180} INFO - Setting next_dagrun for example_external_task_marker_parent to None, run_after=None
[2024-10-03T07:07:42.342+0000] {processor.py:208} INFO - Processing /home/airflow/.local/lib/python3.12/site-packages/airflow/example_dags/example_external_task_marker_dag.py took 0.097 seconds
[2024-10-03T07:08:13.551+0000] {processor.py:186} INFO - Started process (PID=1694) to work on /home/airflow/.local/lib/python3.12/site-packages/airflow/example_dags/example_external_task_marker_dag.py
[2024-10-03T07:08:13.553+0000] {processor.py:914} INFO - Processing file /home/airflow/.local/lib/python3.12/site-packages/airflow/example_dags/example_external_task_marker_dag.py for tasks to queue
[2024-10-03T07:08:13.556+0000] {logging_mixin.py:190} INFO - [2024-10-03T07:08:13.555+0000] {dagbag.py:588} INFO - Filling up the DagBag from /home/airflow/.local/lib/python3.12/site-packages/airflow/example_dags/example_external_task_marker_dag.py
[2024-10-03T07:08:13.567+0000] {processor.py:925} INFO - DAG(s) 'example_external_task_marker_parent', 'example_external_task_marker_child' retrieved from /home/airflow/.local/lib/python3.12/site-packages/airflow/example_dags/example_external_task_marker_dag.py
[2024-10-03T07:08:13.607+0000] {logging_mixin.py:190} INFO - [2024-10-03T07:08:13.606+0000] {dag.py:3239} INFO - Sync 2 DAGs
[2024-10-03T07:08:13.636+0000] {logging_mixin.py:190} INFO - [2024-10-03T07:08:13.636+0000] {dag.py:4180} INFO - Setting next_dagrun for example_external_task_marker_child to None, run_after=None
[2024-10-03T07:08:13.647+0000] {logging_mixin.py:190} INFO - [2024-10-03T07:08:13.647+0000] {dag.py:4180} INFO - Setting next_dagrun for example_external_task_marker_parent to None, run_after=None
[2024-10-03T07:08:13.694+0000] {processor.py:208} INFO - Processing /home/airflow/.local/lib/python3.12/site-packages/airflow/example_dags/example_external_task_marker_dag.py took 0.151 seconds
[2024-10-03T07:08:53.557+0000] {processor.py:186} INFO - Started process (PID=1755) to work on /home/airflow/.local/lib/python3.12/site-packages/airflow/example_dags/example_external_task_marker_dag.py
[2024-10-03T07:08:53.558+0000] {processor.py:914} INFO - Processing file /home/airflow/.local/lib/python3.12/site-packages/airflow/example_dags/example_external_task_marker_dag.py for tasks to queue
[2024-10-03T07:08:53.560+0000] {logging_mixin.py:190} INFO - [2024-10-03T07:08:53.560+0000] {dagbag.py:588} INFO - Filling up the DagBag from /home/airflow/.local/lib/python3.12/site-packages/airflow/example_dags/example_external_task_marker_dag.py
[2024-10-03T07:08:53.571+0000] {processor.py:925} INFO - DAG(s) 'example_external_task_marker_parent', 'example_external_task_marker_child' retrieved from /home/airflow/.local/lib/python3.12/site-packages/airflow/example_dags/example_external_task_marker_dag.py
[2024-10-03T07:08:53.603+0000] {logging_mixin.py:190} INFO - [2024-10-03T07:08:53.603+0000] {dag.py:3239} INFO - Sync 2 DAGs
[2024-10-03T07:08:53.629+0000] {logging_mixin.py:190} INFO - [2024-10-03T07:08:53.628+0000] {dag.py:4180} INFO - Setting next_dagrun for example_external_task_marker_child to None, run_after=None
[2024-10-03T07:08:53.637+0000] {logging_mixin.py:190} INFO - [2024-10-03T07:08:53.636+0000] {dag.py:4180} INFO - Setting next_dagrun for example_external_task_marker_parent to None, run_after=None
[2024-10-03T07:08:53.677+0000] {processor.py:208} INFO - Processing /home/airflow/.local/lib/python3.12/site-packages/airflow/example_dags/example_external_task_marker_dag.py took 0.127 seconds
[2024-10-03T07:09:24.686+0000] {processor.py:186} INFO - Started process (PID=1817) to work on /home/airflow/.local/lib/python3.12/site-packages/airflow/example_dags/example_external_task_marker_dag.py
[2024-10-03T07:09:24.689+0000] {processor.py:914} INFO - Processing file /home/airflow/.local/lib/python3.12/site-packages/airflow/example_dags/example_external_task_marker_dag.py for tasks to queue
[2024-10-03T07:09:24.693+0000] {logging_mixin.py:190} INFO - [2024-10-03T07:09:24.692+0000] {dagbag.py:588} INFO - Filling up the DagBag from /home/airflow/.local/lib/python3.12/site-packages/airflow/example_dags/example_external_task_marker_dag.py
[2024-10-03T07:09:24.711+0000] {processor.py:925} INFO - DAG(s) 'example_external_task_marker_child', 'example_external_task_marker_parent' retrieved from /home/airflow/.local/lib/python3.12/site-packages/airflow/example_dags/example_external_task_marker_dag.py
[2024-10-03T07:09:24.763+0000] {logging_mixin.py:190} INFO - [2024-10-03T07:09:24.763+0000] {dag.py:3239} INFO - Sync 2 DAGs
[2024-10-03T07:09:24.800+0000] {logging_mixin.py:190} INFO - [2024-10-03T07:09:24.800+0000] {dag.py:4180} INFO - Setting next_dagrun for example_external_task_marker_child to None, run_after=None
[2024-10-03T07:09:24.810+0000] {logging_mixin.py:190} INFO - [2024-10-03T07:09:24.809+0000] {dag.py:4180} INFO - Setting next_dagrun for example_external_task_marker_parent to None, run_after=None
[2024-10-03T07:09:24.845+0000] {processor.py:208} INFO - Processing /home/airflow/.local/lib/python3.12/site-packages/airflow/example_dags/example_external_task_marker_dag.py took 0.175 seconds
[2024-10-03T07:09:55.758+0000] {processor.py:186} INFO - Started process (PID=1880) to work on /home/airflow/.local/lib/python3.12/site-packages/airflow/example_dags/example_external_task_marker_dag.py
[2024-10-03T07:09:55.760+0000] {processor.py:914} INFO - Processing file /home/airflow/.local/lib/python3.12/site-packages/airflow/example_dags/example_external_task_marker_dag.py for tasks to queue
[2024-10-03T07:09:55.762+0000] {logging_mixin.py:190} INFO - [2024-10-03T07:09:55.761+0000] {dagbag.py:588} INFO - Filling up the DagBag from /home/airflow/.local/lib/python3.12/site-packages/airflow/example_dags/example_external_task_marker_dag.py
[2024-10-03T07:09:55.770+0000] {processor.py:925} INFO - DAG(s) 'example_external_task_marker_parent', 'example_external_task_marker_child' retrieved from /home/airflow/.local/lib/python3.12/site-packages/airflow/example_dags/example_external_task_marker_dag.py
[2024-10-03T07:09:55.799+0000] {logging_mixin.py:190} INFO - [2024-10-03T07:09:55.798+0000] {dag.py:3239} INFO - Sync 2 DAGs
[2024-10-03T07:09:55.817+0000] {logging_mixin.py:190} INFO - [2024-10-03T07:09:55.816+0000] {dag.py:4180} INFO - Setting next_dagrun for example_external_task_marker_child to None, run_after=None
[2024-10-03T07:09:55.821+0000] {logging_mixin.py:190} INFO - [2024-10-03T07:09:55.821+0000] {dag.py:4180} INFO - Setting next_dagrun for example_external_task_marker_parent to None, run_after=None
[2024-10-03T07:09:55.843+0000] {processor.py:208} INFO - Processing /home/airflow/.local/lib/python3.12/site-packages/airflow/example_dags/example_external_task_marker_dag.py took 0.091 seconds
[2024-10-03T07:10:26.012+0000] {processor.py:186} INFO - Started process (PID=1943) to work on /home/airflow/.local/lib/python3.12/site-packages/airflow/example_dags/example_external_task_marker_dag.py
[2024-10-03T07:10:26.013+0000] {processor.py:914} INFO - Processing file /home/airflow/.local/lib/python3.12/site-packages/airflow/example_dags/example_external_task_marker_dag.py for tasks to queue
[2024-10-03T07:10:26.015+0000] {logging_mixin.py:190} INFO - [2024-10-03T07:10:26.014+0000] {dagbag.py:588} INFO - Filling up the DagBag from /home/airflow/.local/lib/python3.12/site-packages/airflow/example_dags/example_external_task_marker_dag.py
[2024-10-03T07:10:26.024+0000] {processor.py:925} INFO - DAG(s) 'example_external_task_marker_parent', 'example_external_task_marker_child' retrieved from /home/airflow/.local/lib/python3.12/site-packages/airflow/example_dags/example_external_task_marker_dag.py
[2024-10-03T07:10:26.053+0000] {logging_mixin.py:190} INFO - [2024-10-03T07:10:26.053+0000] {dag.py:3239} INFO - Sync 2 DAGs
[2024-10-03T07:10:26.070+0000] {logging_mixin.py:190} INFO - [2024-10-03T07:10:26.070+0000] {dag.py:4180} INFO - Setting next_dagrun for example_external_task_marker_child to None, run_after=None
[2024-10-03T07:10:26.075+0000] {logging_mixin.py:190} INFO - [2024-10-03T07:10:26.075+0000] {dag.py:4180} INFO - Setting next_dagrun for example_external_task_marker_parent to None, run_after=None
[2024-10-03T07:10:26.106+0000] {processor.py:208} INFO - Processing /home/airflow/.local/lib/python3.12/site-packages/airflow/example_dags/example_external_task_marker_dag.py took 0.100 seconds
[2024-10-03T07:10:56.160+0000] {processor.py:186} INFO - Started process (PID=2006) to work on /home/airflow/.local/lib/python3.12/site-packages/airflow/example_dags/example_external_task_marker_dag.py
[2024-10-03T07:10:56.161+0000] {processor.py:914} INFO - Processing file /home/airflow/.local/lib/python3.12/site-packages/airflow/example_dags/example_external_task_marker_dag.py for tasks to queue
[2024-10-03T07:10:56.162+0000] {logging_mixin.py:190} INFO - [2024-10-03T07:10:56.162+0000] {dagbag.py:588} INFO - Filling up the DagBag from /home/airflow/.local/lib/python3.12/site-packages/airflow/example_dags/example_external_task_marker_dag.py
[2024-10-03T07:10:56.173+0000] {processor.py:925} INFO - DAG(s) 'example_external_task_marker_child', 'example_external_task_marker_parent' retrieved from /home/airflow/.local/lib/python3.12/site-packages/airflow/example_dags/example_external_task_marker_dag.py
[2024-10-03T07:10:56.206+0000] {logging_mixin.py:190} INFO - [2024-10-03T07:10:56.205+0000] {dag.py:3239} INFO - Sync 2 DAGs
[2024-10-03T07:10:56.225+0000] {logging_mixin.py:190} INFO - [2024-10-03T07:10:56.225+0000] {dag.py:4180} INFO - Setting next_dagrun for example_external_task_marker_child to None, run_after=None
[2024-10-03T07:10:56.230+0000] {logging_mixin.py:190} INFO - [2024-10-03T07:10:56.230+0000] {dag.py:4180} INFO - Setting next_dagrun for example_external_task_marker_parent to None, run_after=None
[2024-10-03T07:10:56.256+0000] {processor.py:208} INFO - Processing /home/airflow/.local/lib/python3.12/site-packages/airflow/example_dags/example_external_task_marker_dag.py took 0.103 seconds
[2024-10-03T07:11:26.478+0000] {processor.py:186} INFO - Started process (PID=2069) to work on /home/airflow/.local/lib/python3.12/site-packages/airflow/example_dags/example_external_task_marker_dag.py
[2024-10-03T07:11:26.479+0000] {processor.py:914} INFO - Processing file /home/airflow/.local/lib/python3.12/site-packages/airflow/example_dags/example_external_task_marker_dag.py for tasks to queue
[2024-10-03T07:11:26.481+0000] {logging_mixin.py:190} INFO - [2024-10-03T07:11:26.481+0000] {dagbag.py:588} INFO - Filling up the DagBag from /home/airflow/.local/lib/python3.12/site-packages/airflow/example_dags/example_external_task_marker_dag.py
[2024-10-03T07:11:26.492+0000] {processor.py:925} INFO - DAG(s) 'example_external_task_marker_parent', 'example_external_task_marker_child' retrieved from /home/airflow/.local/lib/python3.12/site-packages/airflow/example_dags/example_external_task_marker_dag.py
[2024-10-03T07:11:26.518+0000] {logging_mixin.py:190} INFO - [2024-10-03T07:11:26.518+0000] {dag.py:3239} INFO - Sync 2 DAGs
[2024-10-03T07:11:26.541+0000] {logging_mixin.py:190} INFO - [2024-10-03T07:11:26.540+0000] {dag.py:4180} INFO - Setting next_dagrun for example_external_task_marker_child to None, run_after=None
[2024-10-03T07:11:26.549+0000] {logging_mixin.py:190} INFO - [2024-10-03T07:11:26.548+0000] {dag.py:4180} INFO - Setting next_dagrun for example_external_task_marker_parent to None, run_after=None
[2024-10-03T07:11:26.589+0000] {processor.py:208} INFO - Processing /home/airflow/.local/lib/python3.12/site-packages/airflow/example_dags/example_external_task_marker_dag.py took 0.117 seconds
[2024-10-03T07:11:57.756+0000] {processor.py:186} INFO - Started process (PID=2132) to work on /home/airflow/.local/lib/python3.12/site-packages/airflow/example_dags/example_external_task_marker_dag.py
[2024-10-03T07:11:57.758+0000] {processor.py:914} INFO - Processing file /home/airflow/.local/lib/python3.12/site-packages/airflow/example_dags/example_external_task_marker_dag.py for tasks to queue
[2024-10-03T07:11:57.760+0000] {logging_mixin.py:190} INFO - [2024-10-03T07:11:57.759+0000] {dagbag.py:588} INFO - Filling up the DagBag from /home/airflow/.local/lib/python3.12/site-packages/airflow/example_dags/example_external_task_marker_dag.py
[2024-10-03T07:11:57.770+0000] {processor.py:925} INFO - DAG(s) 'example_external_task_marker_child', 'example_external_task_marker_parent' retrieved from /home/airflow/.local/lib/python3.12/site-packages/airflow/example_dags/example_external_task_marker_dag.py
[2024-10-03T07:11:57.798+0000] {logging_mixin.py:190} INFO - [2024-10-03T07:11:57.797+0000] {dag.py:3239} INFO - Sync 2 DAGs
[2024-10-03T07:11:57.816+0000] {logging_mixin.py:190} INFO - [2024-10-03T07:11:57.816+0000] {dag.py:4180} INFO - Setting next_dagrun for example_external_task_marker_child to None, run_after=None
[2024-10-03T07:11:57.821+0000] {logging_mixin.py:190} INFO - [2024-10-03T07:11:57.821+0000] {dag.py:4180} INFO - Setting next_dagrun for example_external_task_marker_parent to None, run_after=None
[2024-10-03T07:11:57.845+0000] {processor.py:208} INFO - Processing /home/airflow/.local/lib/python3.12/site-packages/airflow/example_dags/example_external_task_marker_dag.py took 0.096 seconds
[2024-10-03T07:12:28.318+0000] {processor.py:186} INFO - Started process (PID=2195) to work on /home/airflow/.local/lib/python3.12/site-packages/airflow/example_dags/example_external_task_marker_dag.py
[2024-10-03T07:12:28.320+0000] {processor.py:914} INFO - Processing file /home/airflow/.local/lib/python3.12/site-packages/airflow/example_dags/example_external_task_marker_dag.py for tasks to queue
[2024-10-03T07:12:28.322+0000] {logging_mixin.py:190} INFO - [2024-10-03T07:12:28.322+0000] {dagbag.py:588} INFO - Filling up the DagBag from /home/airflow/.local/lib/python3.12/site-packages/airflow/example_dags/example_external_task_marker_dag.py
[2024-10-03T07:12:28.332+0000] {processor.py:925} INFO - DAG(s) 'example_external_task_marker_parent', 'example_external_task_marker_child' retrieved from /home/airflow/.local/lib/python3.12/site-packages/airflow/example_dags/example_external_task_marker_dag.py
[2024-10-03T07:12:28.359+0000] {logging_mixin.py:190} INFO - [2024-10-03T07:12:28.359+0000] {dag.py:3239} INFO - Sync 2 DAGs
[2024-10-03T07:12:28.377+0000] {logging_mixin.py:190} INFO - [2024-10-03T07:12:28.377+0000] {dag.py:4180} INFO - Setting next_dagrun for example_external_task_marker_child to None, run_after=None
[2024-10-03T07:12:28.381+0000] {logging_mixin.py:190} INFO - [2024-10-03T07:12:28.381+0000] {dag.py:4180} INFO - Setting next_dagrun for example_external_task_marker_parent to None, run_after=None
[2024-10-03T07:12:28.404+0000] {processor.py:208} INFO - Processing /home/airflow/.local/lib/python3.12/site-packages/airflow/example_dags/example_external_task_marker_dag.py took 0.092 seconds
[2024-10-03T07:13:00.201+0000] {processor.py:186} INFO - Started process (PID=2258) to work on /home/airflow/.local/lib/python3.12/site-packages/airflow/example_dags/example_external_task_marker_dag.py
[2024-10-03T07:13:00.202+0000] {processor.py:914} INFO - Processing file /home/airflow/.local/lib/python3.12/site-packages/airflow/example_dags/example_external_task_marker_dag.py for tasks to queue
[2024-10-03T07:13:00.204+0000] {logging_mixin.py:190} INFO - [2024-10-03T07:13:00.203+0000] {dagbag.py:588} INFO - Filling up the DagBag from /home/airflow/.local/lib/python3.12/site-packages/airflow/example_dags/example_external_task_marker_dag.py
[2024-10-03T07:13:00.214+0000] {processor.py:925} INFO - DAG(s) 'example_external_task_marker_parent', 'example_external_task_marker_child' retrieved from /home/airflow/.local/lib/python3.12/site-packages/airflow/example_dags/example_external_task_marker_dag.py
[2024-10-03T07:13:00.252+0000] {logging_mixin.py:190} INFO - [2024-10-03T07:13:00.252+0000] {dag.py:3239} INFO - Sync 2 DAGs
[2024-10-03T07:13:00.273+0000] {logging_mixin.py:190} INFO - [2024-10-03T07:13:00.272+0000] {dag.py:4180} INFO - Setting next_dagrun for example_external_task_marker_child to None, run_after=None
[2024-10-03T07:13:00.278+0000] {logging_mixin.py:190} INFO - [2024-10-03T07:13:00.278+0000] {dag.py:4180} INFO - Setting next_dagrun for example_external_task_marker_parent to None, run_after=None
[2024-10-03T07:13:00.311+0000] {processor.py:208} INFO - Processing /home/airflow/.local/lib/python3.12/site-packages/airflow/example_dags/example_external_task_marker_dag.py took 0.120 seconds
[2024-10-03T07:13:30.509+0000] {processor.py:186} INFO - Started process (PID=2321) to work on /home/airflow/.local/lib/python3.12/site-packages/airflow/example_dags/example_external_task_marker_dag.py
[2024-10-03T07:13:30.511+0000] {processor.py:914} INFO - Processing file /home/airflow/.local/lib/python3.12/site-packages/airflow/example_dags/example_external_task_marker_dag.py for tasks to queue
[2024-10-03T07:13:30.513+0000] {logging_mixin.py:190} INFO - [2024-10-03T07:13:30.512+0000] {dagbag.py:588} INFO - Filling up the DagBag from /home/airflow/.local/lib/python3.12/site-packages/airflow/example_dags/example_external_task_marker_dag.py
[2024-10-03T07:13:30.527+0000] {processor.py:925} INFO - DAG(s) 'example_external_task_marker_parent', 'example_external_task_marker_child' retrieved from /home/airflow/.local/lib/python3.12/site-packages/airflow/example_dags/example_external_task_marker_dag.py
[2024-10-03T07:13:30.565+0000] {logging_mixin.py:190} INFO - [2024-10-03T07:13:30.565+0000] {dag.py:3239} INFO - Sync 2 DAGs
[2024-10-03T07:13:30.589+0000] {logging_mixin.py:190} INFO - [2024-10-03T07:13:30.588+0000] {dag.py:4180} INFO - Setting next_dagrun for example_external_task_marker_child to None, run_after=None
[2024-10-03T07:13:30.595+0000] {logging_mixin.py:190} INFO - [2024-10-03T07:13:30.595+0000] {dag.py:4180} INFO - Setting next_dagrun for example_external_task_marker_parent to None, run_after=None
[2024-10-03T07:13:30.625+0000] {processor.py:208} INFO - Processing /home/airflow/.local/lib/python3.12/site-packages/airflow/example_dags/example_external_task_marker_dag.py took 0.122 seconds
[2024-10-03T07:14:03.682+0000] {processor.py:186} INFO - Started process (PID=2384) to work on /home/airflow/.local/lib/python3.12/site-packages/airflow/example_dags/example_external_task_marker_dag.py
[2024-10-03T07:14:03.685+0000] {processor.py:914} INFO - Processing file /home/airflow/.local/lib/python3.12/site-packages/airflow/example_dags/example_external_task_marker_dag.py for tasks to queue
[2024-10-03T07:14:03.687+0000] {logging_mixin.py:190} INFO - [2024-10-03T07:14:03.686+0000] {dagbag.py:588} INFO - Filling up the DagBag from /home/airflow/.local/lib/python3.12/site-packages/airflow/example_dags/example_external_task_marker_dag.py
[2024-10-03T07:14:03.702+0000] {processor.py:925} INFO - DAG(s) 'example_external_task_marker_parent', 'example_external_task_marker_child' retrieved from /home/airflow/.local/lib/python3.12/site-packages/airflow/example_dags/example_external_task_marker_dag.py
[2024-10-03T07:14:03.744+0000] {logging_mixin.py:190} INFO - [2024-10-03T07:14:03.744+0000] {dag.py:3239} INFO - Sync 2 DAGs
[2024-10-03T07:14:03.767+0000] {logging_mixin.py:190} INFO - [2024-10-03T07:14:03.767+0000] {dag.py:4180} INFO - Setting next_dagrun for example_external_task_marker_child to None, run_after=None
[2024-10-03T07:14:03.773+0000] {logging_mixin.py:190} INFO - [2024-10-03T07:14:03.773+0000] {dag.py:4180} INFO - Setting next_dagrun for example_external_task_marker_parent to None, run_after=None
[2024-10-03T07:14:03.812+0000] {processor.py:208} INFO - Processing /home/airflow/.local/lib/python3.12/site-packages/airflow/example_dags/example_external_task_marker_dag.py took 0.139 seconds
[2024-10-03T07:14:34.247+0000] {processor.py:186} INFO - Started process (PID=2447) to work on /home/airflow/.local/lib/python3.12/site-packages/airflow/example_dags/example_external_task_marker_dag.py
[2024-10-03T07:14:34.249+0000] {processor.py:914} INFO - Processing file /home/airflow/.local/lib/python3.12/site-packages/airflow/example_dags/example_external_task_marker_dag.py for tasks to queue
[2024-10-03T07:14:34.252+0000] {logging_mixin.py:190} INFO - [2024-10-03T07:14:34.251+0000] {dagbag.py:588} INFO - Filling up the DagBag from /home/airflow/.local/lib/python3.12/site-packages/airflow/example_dags/example_external_task_marker_dag.py
[2024-10-03T07:14:34.267+0000] {processor.py:925} INFO - DAG(s) 'example_external_task_marker_parent', 'example_external_task_marker_child' retrieved from /home/airflow/.local/lib/python3.12/site-packages/airflow/example_dags/example_external_task_marker_dag.py
[2024-10-03T07:14:34.309+0000] {logging_mixin.py:190} INFO - [2024-10-03T07:14:34.309+0000] {dag.py:3239} INFO - Sync 2 DAGs
[2024-10-03T07:14:34.336+0000] {logging_mixin.py:190} INFO - [2024-10-03T07:14:34.336+0000] {dag.py:4180} INFO - Setting next_dagrun for example_external_task_marker_child to None, run_after=None
[2024-10-03T07:14:34.343+0000] {logging_mixin.py:190} INFO - [2024-10-03T07:14:34.343+0000] {dag.py:4180} INFO - Setting next_dagrun for example_external_task_marker_parent to None, run_after=None
[2024-10-03T07:14:34.393+0000] {processor.py:208} INFO - Processing /home/airflow/.local/lib/python3.12/site-packages/airflow/example_dags/example_external_task_marker_dag.py took 0.155 seconds
[2024-10-03T07:15:04.524+0000] {processor.py:186} INFO - Started process (PID=2510) to work on /home/airflow/.local/lib/python3.12/site-packages/airflow/example_dags/example_external_task_marker_dag.py
[2024-10-03T07:15:04.525+0000] {processor.py:914} INFO - Processing file /home/airflow/.local/lib/python3.12/site-packages/airflow/example_dags/example_external_task_marker_dag.py for tasks to queue
[2024-10-03T07:15:04.528+0000] {logging_mixin.py:190} INFO - [2024-10-03T07:15:04.527+0000] {dagbag.py:588} INFO - Filling up the DagBag from /home/airflow/.local/lib/python3.12/site-packages/airflow/example_dags/example_external_task_marker_dag.py
[2024-10-03T07:15:04.543+0000] {processor.py:925} INFO - DAG(s) 'example_external_task_marker_child', 'example_external_task_marker_parent' retrieved from /home/airflow/.local/lib/python3.12/site-packages/airflow/example_dags/example_external_task_marker_dag.py
[2024-10-03T07:15:04.582+0000] {logging_mixin.py:190} INFO - [2024-10-03T07:15:04.582+0000] {dag.py:3239} INFO - Sync 2 DAGs
[2024-10-03T07:15:04.602+0000] {logging_mixin.py:190} INFO - [2024-10-03T07:15:04.602+0000] {dag.py:4180} INFO - Setting next_dagrun for example_external_task_marker_child to None, run_after=None
[2024-10-03T07:15:04.607+0000] {logging_mixin.py:190} INFO - [2024-10-03T07:15:04.607+0000] {dag.py:4180} INFO - Setting next_dagrun for example_external_task_marker_parent to None, run_after=None
[2024-10-03T07:15:04.632+0000] {processor.py:208} INFO - Processing /home/airflow/.local/lib/python3.12/site-packages/airflow/example_dags/example_external_task_marker_dag.py took 0.116 seconds
[2024-10-03T07:15:35.017+0000] {processor.py:186} INFO - Started process (PID=2573) to work on /home/airflow/.local/lib/python3.12/site-packages/airflow/example_dags/example_external_task_marker_dag.py
[2024-10-03T07:15:35.018+0000] {processor.py:914} INFO - Processing file /home/airflow/.local/lib/python3.12/site-packages/airflow/example_dags/example_external_task_marker_dag.py for tasks to queue
[2024-10-03T07:15:35.020+0000] {logging_mixin.py:190} INFO - [2024-10-03T07:15:35.019+0000] {dagbag.py:588} INFO - Filling up the DagBag from /home/airflow/.local/lib/python3.12/site-packages/airflow/example_dags/example_external_task_marker_dag.py
[2024-10-03T07:15:35.030+0000] {processor.py:925} INFO - DAG(s) 'example_external_task_marker_parent', 'example_external_task_marker_child' retrieved from /home/airflow/.local/lib/python3.12/site-packages/airflow/example_dags/example_external_task_marker_dag.py
[2024-10-03T07:15:35.059+0000] {logging_mixin.py:190} INFO - [2024-10-03T07:15:35.059+0000] {dag.py:3239} INFO - Sync 2 DAGs
[2024-10-03T07:15:35.077+0000] {logging_mixin.py:190} INFO - [2024-10-03T07:15:35.077+0000] {dag.py:4180} INFO - Setting next_dagrun for example_external_task_marker_child to None, run_after=None
[2024-10-03T07:15:35.082+0000] {logging_mixin.py:190} INFO - [2024-10-03T07:15:35.082+0000] {dag.py:4180} INFO - Setting next_dagrun for example_external_task_marker_parent to None, run_after=None
[2024-10-03T07:15:35.107+0000] {processor.py:208} INFO - Processing /home/airflow/.local/lib/python3.12/site-packages/airflow/example_dags/example_external_task_marker_dag.py took 0.097 seconds
[2024-10-03T07:16:05.796+0000] {processor.py:186} INFO - Started process (PID=2636) to work on /home/airflow/.local/lib/python3.12/site-packages/airflow/example_dags/example_external_task_marker_dag.py
[2024-10-03T07:16:05.797+0000] {processor.py:914} INFO - Processing file /home/airflow/.local/lib/python3.12/site-packages/airflow/example_dags/example_external_task_marker_dag.py for tasks to queue
[2024-10-03T07:16:05.799+0000] {logging_mixin.py:190} INFO - [2024-10-03T07:16:05.798+0000] {dagbag.py:588} INFO - Filling up the DagBag from /home/airflow/.local/lib/python3.12/site-packages/airflow/example_dags/example_external_task_marker_dag.py
[2024-10-03T07:16:05.806+0000] {processor.py:925} INFO - DAG(s) 'example_external_task_marker_child', 'example_external_task_marker_parent' retrieved from /home/airflow/.local/lib/python3.12/site-packages/airflow/example_dags/example_external_task_marker_dag.py
[2024-10-03T07:16:05.832+0000] {logging_mixin.py:190} INFO - [2024-10-03T07:16:05.832+0000] {dag.py:3239} INFO - Sync 2 DAGs
[2024-10-03T07:16:05.848+0000] {logging_mixin.py:190} INFO - [2024-10-03T07:16:05.848+0000] {dag.py:4180} INFO - Setting next_dagrun for example_external_task_marker_child to None, run_after=None
[2024-10-03T07:16:05.853+0000] {logging_mixin.py:190} INFO - [2024-10-03T07:16:05.853+0000] {dag.py:4180} INFO - Setting next_dagrun for example_external_task_marker_parent to None, run_after=None
[2024-10-03T07:16:05.878+0000] {processor.py:208} INFO - Processing /home/airflow/.local/lib/python3.12/site-packages/airflow/example_dags/example_external_task_marker_dag.py took 0.088 seconds
[2024-10-03T07:16:37.828+0000] {processor.py:186} INFO - Started process (PID=2699) to work on /home/airflow/.local/lib/python3.12/site-packages/airflow/example_dags/example_external_task_marker_dag.py
[2024-10-03T07:16:37.829+0000] {processor.py:914} INFO - Processing file /home/airflow/.local/lib/python3.12/site-packages/airflow/example_dags/example_external_task_marker_dag.py for tasks to queue
[2024-10-03T07:16:37.832+0000] {logging_mixin.py:190} INFO - [2024-10-03T07:16:37.831+0000] {dagbag.py:588} INFO - Filling up the DagBag from /home/airflow/.local/lib/python3.12/site-packages/airflow/example_dags/example_external_task_marker_dag.py
[2024-10-03T07:16:37.847+0000] {processor.py:925} INFO - DAG(s) 'example_external_task_marker_child', 'example_external_task_marker_parent' retrieved from /home/airflow/.local/lib/python3.12/site-packages/airflow/example_dags/example_external_task_marker_dag.py
[2024-10-03T07:16:37.943+0000] {logging_mixin.py:190} INFO - [2024-10-03T07:16:37.942+0000] {dag.py:3239} INFO - Sync 2 DAGs
[2024-10-03T07:16:37.988+0000] {logging_mixin.py:190} INFO - [2024-10-03T07:16:37.986+0000] {dag.py:4180} INFO - Setting next_dagrun for example_external_task_marker_child to None, run_after=None
[2024-10-03T07:16:38.001+0000] {logging_mixin.py:190} INFO - [2024-10-03T07:16:38.000+0000] {dag.py:4180} INFO - Setting next_dagrun for example_external_task_marker_parent to None, run_after=None
[2024-10-03T07:16:38.095+0000] {processor.py:208} INFO - Processing /home/airflow/.local/lib/python3.12/site-packages/airflow/example_dags/example_external_task_marker_dag.py took 0.275 seconds
[2024-10-03T07:17:08.531+0000] {processor.py:186} INFO - Started process (PID=2762) to work on /home/airflow/.local/lib/python3.12/site-packages/airflow/example_dags/example_external_task_marker_dag.py
[2024-10-03T07:17:08.533+0000] {processor.py:914} INFO - Processing file /home/airflow/.local/lib/python3.12/site-packages/airflow/example_dags/example_external_task_marker_dag.py for tasks to queue
[2024-10-03T07:17:08.536+0000] {logging_mixin.py:190} INFO - [2024-10-03T07:17:08.535+0000] {dagbag.py:588} INFO - Filling up the DagBag from /home/airflow/.local/lib/python3.12/site-packages/airflow/example_dags/example_external_task_marker_dag.py
[2024-10-03T07:17:08.544+0000] {processor.py:925} INFO - DAG(s) 'example_external_task_marker_parent', 'example_external_task_marker_child' retrieved from /home/airflow/.local/lib/python3.12/site-packages/airflow/example_dags/example_external_task_marker_dag.py
[2024-10-03T07:17:08.573+0000] {logging_mixin.py:190} INFO - [2024-10-03T07:17:08.573+0000] {dag.py:3239} INFO - Sync 2 DAGs
[2024-10-03T07:17:08.590+0000] {logging_mixin.py:190} INFO - [2024-10-03T07:17:08.589+0000] {dag.py:4180} INFO - Setting next_dagrun for example_external_task_marker_child to None, run_after=None
[2024-10-03T07:17:08.594+0000] {logging_mixin.py:190} INFO - [2024-10-03T07:17:08.594+0000] {dag.py:4180} INFO - Setting next_dagrun for example_external_task_marker_parent to None, run_after=None
[2024-10-03T07:17:08.616+0000] {processor.py:208} INFO - Processing /home/airflow/.local/lib/python3.12/site-packages/airflow/example_dags/example_external_task_marker_dag.py took 0.091 seconds
[2024-10-03T07:17:39.147+0000] {processor.py:186} INFO - Started process (PID=2825) to work on /home/airflow/.local/lib/python3.12/site-packages/airflow/example_dags/example_external_task_marker_dag.py
[2024-10-03T07:17:39.149+0000] {processor.py:914} INFO - Processing file /home/airflow/.local/lib/python3.12/site-packages/airflow/example_dags/example_external_task_marker_dag.py for tasks to queue
[2024-10-03T07:17:39.151+0000] {logging_mixin.py:190} INFO - [2024-10-03T07:17:39.151+0000] {dagbag.py:588} INFO - Filling up the DagBag from /home/airflow/.local/lib/python3.12/site-packages/airflow/example_dags/example_external_task_marker_dag.py
[2024-10-03T07:17:39.162+0000] {processor.py:925} INFO - DAG(s) 'example_external_task_marker_child', 'example_external_task_marker_parent' retrieved from /home/airflow/.local/lib/python3.12/site-packages/airflow/example_dags/example_external_task_marker_dag.py
[2024-10-03T07:17:39.193+0000] {logging_mixin.py:190} INFO - [2024-10-03T07:17:39.193+0000] {dag.py:3239} INFO - Sync 2 DAGs
[2024-10-03T07:17:39.212+0000] {logging_mixin.py:190} INFO - [2024-10-03T07:17:39.212+0000] {dag.py:4180} INFO - Setting next_dagrun for example_external_task_marker_child to None, run_after=None
[2024-10-03T07:17:39.217+0000] {logging_mixin.py:190} INFO - [2024-10-03T07:17:39.217+0000] {dag.py:4180} INFO - Setting next_dagrun for example_external_task_marker_parent to None, run_after=None
[2024-10-03T07:17:39.244+0000] {processor.py:208} INFO - Processing /home/airflow/.local/lib/python3.12/site-packages/airflow/example_dags/example_external_task_marker_dag.py took 0.104 seconds
[2024-10-03T07:18:10.027+0000] {processor.py:186} INFO - Started process (PID=2888) to work on /home/airflow/.local/lib/python3.12/site-packages/airflow/example_dags/example_external_task_marker_dag.py
[2024-10-03T07:18:10.028+0000] {processor.py:914} INFO - Processing file /home/airflow/.local/lib/python3.12/site-packages/airflow/example_dags/example_external_task_marker_dag.py for tasks to queue
[2024-10-03T07:18:10.029+0000] {logging_mixin.py:190} INFO - [2024-10-03T07:18:10.029+0000] {dagbag.py:588} INFO - Filling up the DagBag from /home/airflow/.local/lib/python3.12/site-packages/airflow/example_dags/example_external_task_marker_dag.py
[2024-10-03T07:18:10.038+0000] {processor.py:925} INFO - DAG(s) 'example_external_task_marker_child', 'example_external_task_marker_parent' retrieved from /home/airflow/.local/lib/python3.12/site-packages/airflow/example_dags/example_external_task_marker_dag.py
[2024-10-03T07:18:10.066+0000] {logging_mixin.py:190} INFO - [2024-10-03T07:18:10.066+0000] {dag.py:3239} INFO - Sync 2 DAGs
[2024-10-03T07:18:10.084+0000] {logging_mixin.py:190} INFO - [2024-10-03T07:18:10.083+0000] {dag.py:4180} INFO - Setting next_dagrun for example_external_task_marker_child to None, run_after=None
[2024-10-03T07:18:10.089+0000] {logging_mixin.py:190} INFO - [2024-10-03T07:18:10.089+0000] {dag.py:4180} INFO - Setting next_dagrun for example_external_task_marker_parent to None, run_after=None
[2024-10-03T07:18:10.114+0000] {processor.py:208} INFO - Processing /home/airflow/.local/lib/python3.12/site-packages/airflow/example_dags/example_external_task_marker_dag.py took 0.094 seconds
[2024-10-03T07:18:40.739+0000] {processor.py:186} INFO - Started process (PID=2951) to work on /home/airflow/.local/lib/python3.12/site-packages/airflow/example_dags/example_external_task_marker_dag.py
[2024-10-03T07:18:40.740+0000] {processor.py:914} INFO - Processing file /home/airflow/.local/lib/python3.12/site-packages/airflow/example_dags/example_external_task_marker_dag.py for tasks to queue
[2024-10-03T07:18:40.744+0000] {logging_mixin.py:190} INFO - [2024-10-03T07:18:40.743+0000] {dagbag.py:588} INFO - Filling up the DagBag from /home/airflow/.local/lib/python3.12/site-packages/airflow/example_dags/example_external_task_marker_dag.py
[2024-10-03T07:18:40.753+0000] {processor.py:925} INFO - DAG(s) 'example_external_task_marker_child', 'example_external_task_marker_parent' retrieved from /home/airflow/.local/lib/python3.12/site-packages/airflow/example_dags/example_external_task_marker_dag.py
[2024-10-03T07:18:40.785+0000] {logging_mixin.py:190} INFO - [2024-10-03T07:18:40.785+0000] {dag.py:3239} INFO - Sync 2 DAGs
[2024-10-03T07:18:40.806+0000] {logging_mixin.py:190} INFO - [2024-10-03T07:18:40.806+0000] {dag.py:4180} INFO - Setting next_dagrun for example_external_task_marker_child to None, run_after=None
[2024-10-03T07:18:40.814+0000] {logging_mixin.py:190} INFO - [2024-10-03T07:18:40.813+0000] {dag.py:4180} INFO - Setting next_dagrun for example_external_task_marker_parent to None, run_after=None
[2024-10-03T07:18:40.839+0000] {processor.py:208} INFO - Processing /home/airflow/.local/lib/python3.12/site-packages/airflow/example_dags/example_external_task_marker_dag.py took 0.106 seconds
