[2024-10-03T06:34:01.349+0000] {processor.py:157} INFO - Started process (PID=124) to work on /home/airflow/.local/lib/python3.8/site-packages/airflow/example_dags/example_xcomargs.py
[2024-10-03T06:34:01.352+0000] {processor.py:829} INFO - Processing file /home/airflow/.local/lib/python3.8/site-packages/airflow/example_dags/example_xcomargs.py for tasks to queue
[2024-10-03T06:34:01.358+0000] {logging_mixin.py:151} INFO - [2024-10-03T06:34:01.357+0000] {dagbag.py:539} INFO - Filling up the DagBag from /home/airflow/.local/lib/python3.8/site-packages/airflow/example_dags/example_xcomargs.py
[2024-10-03T06:34:01.378+0000] {processor.py:839} INFO - DAG(s) dict_keys(['example_xcom_args', 'example_xcom_args_with_operators']) retrieved from /home/airflow/.local/lib/python3.8/site-packages/airflow/example_dags/example_xcomargs.py
[2024-10-03T06:34:01.620+0000] {logging_mixin.py:151} INFO - [2024-10-03T06:34:01.619+0000] {manager.py:501} INFO - Created Permission View: can delete on DAG:example_xcom_args
[2024-10-03T06:34:01.654+0000] {logging_mixin.py:151} INFO - [2024-10-03T06:34:01.653+0000] {manager.py:501} INFO - Created Permission View: can read on DAG:example_xcom_args
[2024-10-03T06:34:01.680+0000] {logging_mixin.py:151} INFO - [2024-10-03T06:34:01.679+0000] {manager.py:501} INFO - Created Permission View: can edit on DAG:example_xcom_args
[2024-10-03T06:34:01.762+0000] {logging_mixin.py:151} INFO - [2024-10-03T06:34:01.761+0000] {manager.py:501} INFO - Created Permission View: can delete on DAG:example_xcom_args_with_operators
[2024-10-03T06:34:01.780+0000] {logging_mixin.py:151} INFO - [2024-10-03T06:34:01.779+0000] {manager.py:501} INFO - Created Permission View: can read on DAG:example_xcom_args_with_operators
[2024-10-03T06:34:01.798+0000] {logging_mixin.py:151} INFO - [2024-10-03T06:34:01.797+0000] {manager.py:501} INFO - Created Permission View: can edit on DAG:example_xcom_args_with_operators
[2024-10-03T06:34:01.813+0000] {logging_mixin.py:151} INFO - [2024-10-03T06:34:01.812+0000] {dag.py:2907} INFO - Sync 2 DAGs
[2024-10-03T06:34:01.833+0000] {logging_mixin.py:151} INFO - [2024-10-03T06:34:01.832+0000] {dag.py:2929} INFO - Creating ORM DAG for example_xcom_args
[2024-10-03T06:34:01.834+0000] {logging_mixin.py:151} INFO - [2024-10-03T06:34:01.834+0000] {dag.py:2929} INFO - Creating ORM DAG for example_xcom_args_with_operators
[2024-10-03T06:34:01.836+0000] {logging_mixin.py:151} INFO - [2024-10-03T06:34:01.836+0000] {dag.py:3677} INFO - Setting next_dagrun for example_xcom_args to None, run_after=None
[2024-10-03T06:34:01.838+0000] {logging_mixin.py:151} INFO - [2024-10-03T06:34:01.838+0000] {dag.py:3677} INFO - Setting next_dagrun for example_xcom_args_with_operators to None, run_after=None
[2024-10-03T06:34:01.883+0000] {processor.py:179} INFO - Processing /home/airflow/.local/lib/python3.8/site-packages/airflow/example_dags/example_xcomargs.py took 0.539 seconds
[2024-10-03T06:34:31.974+0000] {processor.py:157} INFO - Started process (PID=182) to work on /home/airflow/.local/lib/python3.8/site-packages/airflow/example_dags/example_xcomargs.py
[2024-10-03T06:34:31.976+0000] {processor.py:829} INFO - Processing file /home/airflow/.local/lib/python3.8/site-packages/airflow/example_dags/example_xcomargs.py for tasks to queue
[2024-10-03T06:34:31.981+0000] {logging_mixin.py:151} INFO - [2024-10-03T06:34:31.980+0000] {dagbag.py:539} INFO - Filling up the DagBag from /home/airflow/.local/lib/python3.8/site-packages/airflow/example_dags/example_xcomargs.py
[2024-10-03T06:34:32.000+0000] {processor.py:839} INFO - DAG(s) dict_keys(['example_xcom_args_with_operators', 'example_xcom_args']) retrieved from /home/airflow/.local/lib/python3.8/site-packages/airflow/example_dags/example_xcomargs.py
[2024-10-03T06:34:32.068+0000] {logging_mixin.py:151} INFO - [2024-10-03T06:34:32.068+0000] {dag.py:2907} INFO - Sync 2 DAGs
[2024-10-03T06:34:32.097+0000] {logging_mixin.py:151} INFO - [2024-10-03T06:34:32.097+0000] {dag.py:3677} INFO - Setting next_dagrun for example_xcom_args to None, run_after=None
[2024-10-03T06:34:32.109+0000] {logging_mixin.py:151} INFO - [2024-10-03T06:34:32.108+0000] {dag.py:3677} INFO - Setting next_dagrun for example_xcom_args_with_operators to None, run_after=None
[2024-10-03T06:34:32.164+0000] {processor.py:179} INFO - Processing /home/airflow/.local/lib/python3.8/site-packages/airflow/example_dags/example_xcomargs.py took 0.196 seconds
[2024-10-03T06:35:02.503+0000] {processor.py:157} INFO - Started process (PID=239) to work on /home/airflow/.local/lib/python3.8/site-packages/airflow/example_dags/example_xcomargs.py
[2024-10-03T06:35:02.505+0000] {processor.py:829} INFO - Processing file /home/airflow/.local/lib/python3.8/site-packages/airflow/example_dags/example_xcomargs.py for tasks to queue
[2024-10-03T06:35:02.509+0000] {logging_mixin.py:151} INFO - [2024-10-03T06:35:02.509+0000] {dagbag.py:539} INFO - Filling up the DagBag from /home/airflow/.local/lib/python3.8/site-packages/airflow/example_dags/example_xcomargs.py
[2024-10-03T06:35:02.522+0000] {processor.py:839} INFO - DAG(s) dict_keys(['example_xcom_args', 'example_xcom_args_with_operators']) retrieved from /home/airflow/.local/lib/python3.8/site-packages/airflow/example_dags/example_xcomargs.py
[2024-10-03T06:35:02.566+0000] {logging_mixin.py:151} INFO - [2024-10-03T06:35:02.566+0000] {dag.py:2907} INFO - Sync 2 DAGs
[2024-10-03T06:35:02.586+0000] {logging_mixin.py:151} INFO - [2024-10-03T06:35:02.586+0000] {dag.py:3677} INFO - Setting next_dagrun for example_xcom_args to None, run_after=None
[2024-10-03T06:35:02.593+0000] {logging_mixin.py:151} INFO - [2024-10-03T06:35:02.592+0000] {dag.py:3677} INFO - Setting next_dagrun for example_xcom_args_with_operators to None, run_after=None
[2024-10-03T06:35:02.631+0000] {processor.py:179} INFO - Processing /home/airflow/.local/lib/python3.8/site-packages/airflow/example_dags/example_xcomargs.py took 0.133 seconds
[2024-10-03T06:35:33.025+0000] {processor.py:157} INFO - Started process (PID=297) to work on /home/airflow/.local/lib/python3.8/site-packages/airflow/example_dags/example_xcomargs.py
[2024-10-03T06:35:33.033+0000] {processor.py:829} INFO - Processing file /home/airflow/.local/lib/python3.8/site-packages/airflow/example_dags/example_xcomargs.py for tasks to queue
[2024-10-03T06:35:33.039+0000] {logging_mixin.py:151} INFO - [2024-10-03T06:35:33.038+0000] {dagbag.py:539} INFO - Filling up the DagBag from /home/airflow/.local/lib/python3.8/site-packages/airflow/example_dags/example_xcomargs.py
[2024-10-03T06:35:33.060+0000] {processor.py:839} INFO - DAG(s) dict_keys(['example_xcom_args_with_operators', 'example_xcom_args']) retrieved from /home/airflow/.local/lib/python3.8/site-packages/airflow/example_dags/example_xcomargs.py
[2024-10-03T06:35:33.112+0000] {logging_mixin.py:151} INFO - [2024-10-03T06:35:33.112+0000] {dag.py:2907} INFO - Sync 2 DAGs
[2024-10-03T06:35:33.143+0000] {logging_mixin.py:151} INFO - [2024-10-03T06:35:33.143+0000] {dag.py:3677} INFO - Setting next_dagrun for example_xcom_args to None, run_after=None
[2024-10-03T06:35:33.152+0000] {logging_mixin.py:151} INFO - [2024-10-03T06:35:33.152+0000] {dag.py:3677} INFO - Setting next_dagrun for example_xcom_args_with_operators to None, run_after=None
[2024-10-03T06:35:33.199+0000] {processor.py:179} INFO - Processing /home/airflow/.local/lib/python3.8/site-packages/airflow/example_dags/example_xcomargs.py took 0.182 seconds
[2024-10-03T06:36:03.949+0000] {processor.py:157} INFO - Started process (PID=356) to work on /home/airflow/.local/lib/python3.8/site-packages/airflow/example_dags/example_xcomargs.py
[2024-10-03T06:36:03.953+0000] {processor.py:829} INFO - Processing file /home/airflow/.local/lib/python3.8/site-packages/airflow/example_dags/example_xcomargs.py for tasks to queue
[2024-10-03T06:36:03.962+0000] {logging_mixin.py:151} INFO - [2024-10-03T06:36:03.961+0000] {dagbag.py:539} INFO - Filling up the DagBag from /home/airflow/.local/lib/python3.8/site-packages/airflow/example_dags/example_xcomargs.py
[2024-10-03T06:36:03.983+0000] {processor.py:839} INFO - DAG(s) dict_keys(['example_xcom_args_with_operators', 'example_xcom_args']) retrieved from /home/airflow/.local/lib/python3.8/site-packages/airflow/example_dags/example_xcomargs.py
[2024-10-03T06:36:04.077+0000] {logging_mixin.py:151} INFO - [2024-10-03T06:36:04.077+0000] {dag.py:2907} INFO - Sync 2 DAGs
[2024-10-03T06:36:04.117+0000] {logging_mixin.py:151} INFO - [2024-10-03T06:36:04.117+0000] {dag.py:3677} INFO - Setting next_dagrun for example_xcom_args to None, run_after=None
[2024-10-03T06:36:04.126+0000] {logging_mixin.py:151} INFO - [2024-10-03T06:36:04.125+0000] {dag.py:3677} INFO - Setting next_dagrun for example_xcom_args_with_operators to None, run_after=None
[2024-10-03T06:36:04.170+0000] {processor.py:179} INFO - Processing /home/airflow/.local/lib/python3.8/site-packages/airflow/example_dags/example_xcomargs.py took 0.230 seconds
[2024-10-03T06:36:34.339+0000] {processor.py:157} INFO - Started process (PID=414) to work on /home/airflow/.local/lib/python3.8/site-packages/airflow/example_dags/example_xcomargs.py
[2024-10-03T06:36:34.341+0000] {processor.py:829} INFO - Processing file /home/airflow/.local/lib/python3.8/site-packages/airflow/example_dags/example_xcomargs.py for tasks to queue
[2024-10-03T06:36:34.346+0000] {logging_mixin.py:151} INFO - [2024-10-03T06:36:34.345+0000] {dagbag.py:539} INFO - Filling up the DagBag from /home/airflow/.local/lib/python3.8/site-packages/airflow/example_dags/example_xcomargs.py
[2024-10-03T06:36:34.360+0000] {processor.py:839} INFO - DAG(s) dict_keys(['example_xcom_args_with_operators', 'example_xcom_args']) retrieved from /home/airflow/.local/lib/python3.8/site-packages/airflow/example_dags/example_xcomargs.py
[2024-10-03T06:36:34.430+0000] {logging_mixin.py:151} INFO - [2024-10-03T06:36:34.430+0000] {dag.py:2907} INFO - Sync 2 DAGs
[2024-10-03T06:36:34.456+0000] {logging_mixin.py:151} INFO - [2024-10-03T06:36:34.455+0000] {dag.py:3677} INFO - Setting next_dagrun for example_xcom_args to None, run_after=None
[2024-10-03T06:36:34.465+0000] {logging_mixin.py:151} INFO - [2024-10-03T06:36:34.464+0000] {dag.py:3677} INFO - Setting next_dagrun for example_xcom_args_with_operators to None, run_after=None
[2024-10-03T06:36:34.506+0000] {processor.py:179} INFO - Processing /home/airflow/.local/lib/python3.8/site-packages/airflow/example_dags/example_xcomargs.py took 0.173 seconds
[2024-10-03T06:41:21.308+0000] {processor.py:157} INFO - Started process (PID=110) to work on /home/airflow/.local/lib/python3.8/site-packages/airflow/example_dags/example_xcomargs.py
[2024-10-03T06:41:21.318+0000] {processor.py:829} INFO - Processing file /home/airflow/.local/lib/python3.8/site-packages/airflow/example_dags/example_xcomargs.py for tasks to queue
[2024-10-03T06:41:21.325+0000] {logging_mixin.py:151} INFO - [2024-10-03T06:41:21.324+0000] {dagbag.py:539} INFO - Filling up the DagBag from /home/airflow/.local/lib/python3.8/site-packages/airflow/example_dags/example_xcomargs.py
[2024-10-03T06:41:21.359+0000] {processor.py:839} INFO - DAG(s) dict_keys(['example_xcom_args', 'example_xcom_args_with_operators']) retrieved from /home/airflow/.local/lib/python3.8/site-packages/airflow/example_dags/example_xcomargs.py
[2024-10-03T06:41:21.649+0000] {logging_mixin.py:151} INFO - [2024-10-03T06:41:21.648+0000] {dag.py:2907} INFO - Sync 2 DAGs
[2024-10-03T06:41:21.808+0000] {logging_mixin.py:151} INFO - [2024-10-03T06:41:21.808+0000] {dag.py:3677} INFO - Setting next_dagrun for example_xcom_args to None, run_after=None
[2024-10-03T06:41:21.822+0000] {logging_mixin.py:151} INFO - [2024-10-03T06:41:21.821+0000] {dag.py:3677} INFO - Setting next_dagrun for example_xcom_args_with_operators to None, run_after=None
[2024-10-03T06:41:21.995+0000] {processor.py:179} INFO - Processing /home/airflow/.local/lib/python3.8/site-packages/airflow/example_dags/example_xcomargs.py took 0.701 seconds
[2024-10-03T06:41:52.416+0000] {processor.py:157} INFO - Started process (PID=168) to work on /home/airflow/.local/lib/python3.8/site-packages/airflow/example_dags/example_xcomargs.py
[2024-10-03T06:41:52.419+0000] {processor.py:829} INFO - Processing file /home/airflow/.local/lib/python3.8/site-packages/airflow/example_dags/example_xcomargs.py for tasks to queue
[2024-10-03T06:41:52.424+0000] {logging_mixin.py:151} INFO - [2024-10-03T06:41:52.423+0000] {dagbag.py:539} INFO - Filling up the DagBag from /home/airflow/.local/lib/python3.8/site-packages/airflow/example_dags/example_xcomargs.py
[2024-10-03T06:41:52.443+0000] {processor.py:839} INFO - DAG(s) dict_keys(['example_xcom_args_with_operators', 'example_xcom_args']) retrieved from /home/airflow/.local/lib/python3.8/site-packages/airflow/example_dags/example_xcomargs.py
[2024-10-03T06:41:52.509+0000] {logging_mixin.py:151} INFO - [2024-10-03T06:41:52.508+0000] {dag.py:2907} INFO - Sync 2 DAGs
[2024-10-03T06:41:52.539+0000] {logging_mixin.py:151} INFO - [2024-10-03T06:41:52.539+0000] {dag.py:3677} INFO - Setting next_dagrun for example_xcom_args to None, run_after=None
[2024-10-03T06:41:52.549+0000] {logging_mixin.py:151} INFO - [2024-10-03T06:41:52.549+0000] {dag.py:3677} INFO - Setting next_dagrun for example_xcom_args_with_operators to None, run_after=None
[2024-10-03T06:41:52.598+0000] {processor.py:179} INFO - Processing /home/airflow/.local/lib/python3.8/site-packages/airflow/example_dags/example_xcomargs.py took 0.189 seconds
[2024-10-03T06:42:23.382+0000] {processor.py:157} INFO - Started process (PID=225) to work on /home/airflow/.local/lib/python3.8/site-packages/airflow/example_dags/example_xcomargs.py
[2024-10-03T06:42:23.391+0000] {processor.py:829} INFO - Processing file /home/airflow/.local/lib/python3.8/site-packages/airflow/example_dags/example_xcomargs.py for tasks to queue
[2024-10-03T06:42:23.406+0000] {logging_mixin.py:151} INFO - [2024-10-03T06:42:23.403+0000] {dagbag.py:539} INFO - Filling up the DagBag from /home/airflow/.local/lib/python3.8/site-packages/airflow/example_dags/example_xcomargs.py
[2024-10-03T06:42:23.498+0000] {processor.py:839} INFO - DAG(s) dict_keys(['example_xcom_args_with_operators', 'example_xcom_args']) retrieved from /home/airflow/.local/lib/python3.8/site-packages/airflow/example_dags/example_xcomargs.py
[2024-10-03T06:42:23.668+0000] {logging_mixin.py:151} INFO - [2024-10-03T06:42:23.667+0000] {dag.py:2907} INFO - Sync 2 DAGs
[2024-10-03T06:42:23.745+0000] {logging_mixin.py:151} INFO - [2024-10-03T06:42:23.744+0000] {dag.py:3677} INFO - Setting next_dagrun for example_xcom_args to None, run_after=None
[2024-10-03T06:42:23.758+0000] {logging_mixin.py:151} INFO - [2024-10-03T06:42:23.758+0000] {dag.py:3677} INFO - Setting next_dagrun for example_xcom_args_with_operators to None, run_after=None
[2024-10-03T06:42:23.808+0000] {processor.py:179} INFO - Processing /home/airflow/.local/lib/python3.8/site-packages/airflow/example_dags/example_xcomargs.py took 0.449 seconds
[2024-10-03T06:52:50.461+0000] {processor.py:186} INFO - Started process (PID=109) to work on /home/airflow/.local/lib/python3.12/site-packages/airflow/example_dags/example_xcomargs.py
[2024-10-03T06:52:50.463+0000] {processor.py:914} INFO - Processing file /home/airflow/.local/lib/python3.12/site-packages/airflow/example_dags/example_xcomargs.py for tasks to queue
[2024-10-03T06:52:50.467+0000] {logging_mixin.py:190} INFO - [2024-10-03T06:52:50.467+0000] {dagbag.py:588} INFO - Filling up the DagBag from /home/airflow/.local/lib/python3.12/site-packages/airflow/example_dags/example_xcomargs.py
[2024-10-03T06:52:50.523+0000] {processor.py:925} INFO - DAG(s) 'example_xcom_args_with_operators', 'example_xcom_args' retrieved from /home/airflow/.local/lib/python3.12/site-packages/airflow/example_dags/example_xcomargs.py
[2024-10-03T06:52:51.029+0000] {logging_mixin.py:190} INFO - [2024-10-03T06:52:51.028+0000] {dag.py:3239} INFO - Sync 2 DAGs
[2024-10-03T06:52:51.059+0000] {logging_mixin.py:190} INFO - [2024-10-03T06:52:51.059+0000] {dag.py:4180} INFO - Setting next_dagrun for example_xcom_args to None, run_after=None
[2024-10-03T06:52:51.065+0000] {logging_mixin.py:190} INFO - [2024-10-03T06:52:51.065+0000] {dag.py:4180} INFO - Setting next_dagrun for example_xcom_args_with_operators to None, run_after=None
[2024-10-03T06:52:51.202+0000] {processor.py:208} INFO - Processing /home/airflow/.local/lib/python3.12/site-packages/airflow/example_dags/example_xcomargs.py took 0.749 seconds
[2024-10-03T06:53:21.809+0000] {processor.py:186} INFO - Started process (PID=173) to work on /home/airflow/.local/lib/python3.12/site-packages/airflow/example_dags/example_xcomargs.py
[2024-10-03T06:53:21.812+0000] {processor.py:914} INFO - Processing file /home/airflow/.local/lib/python3.12/site-packages/airflow/example_dags/example_xcomargs.py for tasks to queue
[2024-10-03T06:53:21.817+0000] {logging_mixin.py:190} INFO - [2024-10-03T06:53:21.816+0000] {dagbag.py:588} INFO - Filling up the DagBag from /home/airflow/.local/lib/python3.12/site-packages/airflow/example_dags/example_xcomargs.py
[2024-10-03T06:53:21.845+0000] {processor.py:925} INFO - DAG(s) 'example_xcom_args_with_operators', 'example_xcom_args' retrieved from /home/airflow/.local/lib/python3.12/site-packages/airflow/example_dags/example_xcomargs.py
[2024-10-03T06:53:21.885+0000] {logging_mixin.py:190} INFO - [2024-10-03T06:53:21.885+0000] {dag.py:3239} INFO - Sync 2 DAGs
[2024-10-03T06:53:21.908+0000] {logging_mixin.py:190} INFO - [2024-10-03T06:53:21.907+0000] {dag.py:4180} INFO - Setting next_dagrun for example_xcom_args to None, run_after=None
[2024-10-03T06:53:21.914+0000] {logging_mixin.py:190} INFO - [2024-10-03T06:53:21.913+0000] {dag.py:4180} INFO - Setting next_dagrun for example_xcom_args_with_operators to None, run_after=None
[2024-10-03T06:53:21.971+0000] {processor.py:208} INFO - Processing /home/airflow/.local/lib/python3.12/site-packages/airflow/example_dags/example_xcomargs.py took 0.171 seconds
[2024-10-03T06:53:52.126+0000] {processor.py:186} INFO - Started process (PID=237) to work on /home/airflow/.local/lib/python3.12/site-packages/airflow/example_dags/example_xcomargs.py
[2024-10-03T06:53:52.132+0000] {processor.py:914} INFO - Processing file /home/airflow/.local/lib/python3.12/site-packages/airflow/example_dags/example_xcomargs.py for tasks to queue
[2024-10-03T06:53:52.136+0000] {logging_mixin.py:190} INFO - [2024-10-03T06:53:52.136+0000] {dagbag.py:588} INFO - Filling up the DagBag from /home/airflow/.local/lib/python3.12/site-packages/airflow/example_dags/example_xcomargs.py
[2024-10-03T06:53:52.151+0000] {processor.py:925} INFO - DAG(s) 'example_xcom_args', 'example_xcom_args_with_operators' retrieved from /home/airflow/.local/lib/python3.12/site-packages/airflow/example_dags/example_xcomargs.py
[2024-10-03T06:53:52.193+0000] {logging_mixin.py:190} INFO - [2024-10-03T06:53:52.193+0000] {dag.py:3239} INFO - Sync 2 DAGs
[2024-10-03T06:53:52.212+0000] {logging_mixin.py:190} INFO - [2024-10-03T06:53:52.211+0000] {dag.py:4180} INFO - Setting next_dagrun for example_xcom_args to None, run_after=None
[2024-10-03T06:53:52.217+0000] {logging_mixin.py:190} INFO - [2024-10-03T06:53:52.216+0000] {dag.py:4180} INFO - Setting next_dagrun for example_xcom_args_with_operators to None, run_after=None
[2024-10-03T06:53:52.244+0000] {processor.py:208} INFO - Processing /home/airflow/.local/lib/python3.12/site-packages/airflow/example_dags/example_xcomargs.py took 0.126 seconds
[2024-10-03T06:54:22.845+0000] {processor.py:186} INFO - Started process (PID=301) to work on /home/airflow/.local/lib/python3.12/site-packages/airflow/example_dags/example_xcomargs.py
[2024-10-03T06:54:22.848+0000] {processor.py:914} INFO - Processing file /home/airflow/.local/lib/python3.12/site-packages/airflow/example_dags/example_xcomargs.py for tasks to queue
[2024-10-03T06:54:22.854+0000] {logging_mixin.py:190} INFO - [2024-10-03T06:54:22.854+0000] {dagbag.py:588} INFO - Filling up the DagBag from /home/airflow/.local/lib/python3.12/site-packages/airflow/example_dags/example_xcomargs.py
[2024-10-03T06:54:22.873+0000] {processor.py:925} INFO - DAG(s) 'example_xcom_args', 'example_xcom_args_with_operators' retrieved from /home/airflow/.local/lib/python3.12/site-packages/airflow/example_dags/example_xcomargs.py
[2024-10-03T06:54:22.919+0000] {logging_mixin.py:190} INFO - [2024-10-03T06:54:22.918+0000] {dag.py:3239} INFO - Sync 2 DAGs
[2024-10-03T06:54:22.949+0000] {logging_mixin.py:190} INFO - [2024-10-03T06:54:22.948+0000] {dag.py:4180} INFO - Setting next_dagrun for example_xcom_args to None, run_after=None
[2024-10-03T06:54:22.955+0000] {logging_mixin.py:190} INFO - [2024-10-03T06:54:22.955+0000] {dag.py:4180} INFO - Setting next_dagrun for example_xcom_args_with_operators to None, run_after=None
[2024-10-03T06:54:22.990+0000] {processor.py:208} INFO - Processing /home/airflow/.local/lib/python3.12/site-packages/airflow/example_dags/example_xcomargs.py took 0.154 seconds
[2024-10-03T06:54:53.368+0000] {processor.py:186} INFO - Started process (PID=365) to work on /home/airflow/.local/lib/python3.12/site-packages/airflow/example_dags/example_xcomargs.py
[2024-10-03T06:54:53.370+0000] {processor.py:914} INFO - Processing file /home/airflow/.local/lib/python3.12/site-packages/airflow/example_dags/example_xcomargs.py for tasks to queue
[2024-10-03T06:54:53.375+0000] {logging_mixin.py:190} INFO - [2024-10-03T06:54:53.374+0000] {dagbag.py:588} INFO - Filling up the DagBag from /home/airflow/.local/lib/python3.12/site-packages/airflow/example_dags/example_xcomargs.py
[2024-10-03T06:54:53.395+0000] {processor.py:925} INFO - DAG(s) 'example_xcom_args', 'example_xcom_args_with_operators' retrieved from /home/airflow/.local/lib/python3.12/site-packages/airflow/example_dags/example_xcomargs.py
[2024-10-03T06:54:53.442+0000] {logging_mixin.py:190} INFO - [2024-10-03T06:54:53.442+0000] {dag.py:3239} INFO - Sync 2 DAGs
[2024-10-03T06:54:53.470+0000] {logging_mixin.py:190} INFO - [2024-10-03T06:54:53.470+0000] {dag.py:4180} INFO - Setting next_dagrun for example_xcom_args to None, run_after=None
[2024-10-03T06:54:53.479+0000] {logging_mixin.py:190} INFO - [2024-10-03T06:54:53.479+0000] {dag.py:4180} INFO - Setting next_dagrun for example_xcom_args_with_operators to None, run_after=None
[2024-10-03T06:54:53.537+0000] {processor.py:208} INFO - Processing /home/airflow/.local/lib/python3.12/site-packages/airflow/example_dags/example_xcomargs.py took 0.181 seconds
[2024-10-03T06:55:24.301+0000] {processor.py:186} INFO - Started process (PID=429) to work on /home/airflow/.local/lib/python3.12/site-packages/airflow/example_dags/example_xcomargs.py
[2024-10-03T06:55:24.303+0000] {processor.py:914} INFO - Processing file /home/airflow/.local/lib/python3.12/site-packages/airflow/example_dags/example_xcomargs.py for tasks to queue
[2024-10-03T06:55:24.307+0000] {logging_mixin.py:190} INFO - [2024-10-03T06:55:24.307+0000] {dagbag.py:588} INFO - Filling up the DagBag from /home/airflow/.local/lib/python3.12/site-packages/airflow/example_dags/example_xcomargs.py
[2024-10-03T06:55:24.342+0000] {processor.py:925} INFO - DAG(s) 'example_xcom_args_with_operators', 'example_xcom_args' retrieved from /home/airflow/.local/lib/python3.12/site-packages/airflow/example_dags/example_xcomargs.py
[2024-10-03T06:55:24.381+0000] {logging_mixin.py:190} INFO - [2024-10-03T06:55:24.380+0000] {dag.py:3239} INFO - Sync 2 DAGs
[2024-10-03T06:55:24.401+0000] {logging_mixin.py:190} INFO - [2024-10-03T06:55:24.401+0000] {dag.py:4180} INFO - Setting next_dagrun for example_xcom_args to None, run_after=None
[2024-10-03T06:55:24.406+0000] {logging_mixin.py:190} INFO - [2024-10-03T06:55:24.406+0000] {dag.py:4180} INFO - Setting next_dagrun for example_xcom_args_with_operators to None, run_after=None
[2024-10-03T06:55:24.781+0000] {processor.py:208} INFO - Processing /home/airflow/.local/lib/python3.12/site-packages/airflow/example_dags/example_xcomargs.py took 0.488 seconds
[2024-10-03T06:55:55.134+0000] {processor.py:186} INFO - Started process (PID=493) to work on /home/airflow/.local/lib/python3.12/site-packages/airflow/example_dags/example_xcomargs.py
[2024-10-03T06:55:55.136+0000] {processor.py:914} INFO - Processing file /home/airflow/.local/lib/python3.12/site-packages/airflow/example_dags/example_xcomargs.py for tasks to queue
[2024-10-03T06:55:55.139+0000] {logging_mixin.py:190} INFO - [2024-10-03T06:55:55.139+0000] {dagbag.py:588} INFO - Filling up the DagBag from /home/airflow/.local/lib/python3.12/site-packages/airflow/example_dags/example_xcomargs.py
[2024-10-03T06:55:55.152+0000] {processor.py:925} INFO - DAG(s) 'example_xcom_args', 'example_xcom_args_with_operators' retrieved from /home/airflow/.local/lib/python3.12/site-packages/airflow/example_dags/example_xcomargs.py
[2024-10-03T06:55:55.196+0000] {logging_mixin.py:190} INFO - [2024-10-03T06:55:55.196+0000] {dag.py:3239} INFO - Sync 2 DAGs
[2024-10-03T06:55:55.218+0000] {logging_mixin.py:190} INFO - [2024-10-03T06:55:55.218+0000] {dag.py:4180} INFO - Setting next_dagrun for example_xcom_args to None, run_after=None
[2024-10-03T06:55:55.224+0000] {logging_mixin.py:190} INFO - [2024-10-03T06:55:55.224+0000] {dag.py:4180} INFO - Setting next_dagrun for example_xcom_args_with_operators to None, run_after=None
[2024-10-03T06:55:55.256+0000] {processor.py:208} INFO - Processing /home/airflow/.local/lib/python3.12/site-packages/airflow/example_dags/example_xcomargs.py took 0.128 seconds
[2024-10-03T06:56:25.606+0000] {processor.py:186} INFO - Started process (PID=557) to work on /home/airflow/.local/lib/python3.12/site-packages/airflow/example_dags/example_xcomargs.py
[2024-10-03T06:56:25.608+0000] {processor.py:914} INFO - Processing file /home/airflow/.local/lib/python3.12/site-packages/airflow/example_dags/example_xcomargs.py for tasks to queue
[2024-10-03T06:56:25.615+0000] {logging_mixin.py:190} INFO - [2024-10-03T06:56:25.614+0000] {dagbag.py:588} INFO - Filling up the DagBag from /home/airflow/.local/lib/python3.12/site-packages/airflow/example_dags/example_xcomargs.py
[2024-10-03T06:56:25.632+0000] {processor.py:925} INFO - DAG(s) 'example_xcom_args', 'example_xcom_args_with_operators' retrieved from /home/airflow/.local/lib/python3.12/site-packages/airflow/example_dags/example_xcomargs.py
[2024-10-03T06:56:25.670+0000] {logging_mixin.py:190} INFO - [2024-10-03T06:56:25.670+0000] {dag.py:3239} INFO - Sync 2 DAGs
[2024-10-03T06:56:25.692+0000] {logging_mixin.py:190} INFO - [2024-10-03T06:56:25.692+0000] {dag.py:4180} INFO - Setting next_dagrun for example_xcom_args to None, run_after=None
[2024-10-03T06:56:25.698+0000] {logging_mixin.py:190} INFO - [2024-10-03T06:56:25.698+0000] {dag.py:4180} INFO - Setting next_dagrun for example_xcom_args_with_operators to None, run_after=None
[2024-10-03T06:56:25.731+0000] {processor.py:208} INFO - Processing /home/airflow/.local/lib/python3.12/site-packages/airflow/example_dags/example_xcomargs.py took 0.138 seconds
[2024-10-03T06:56:56.677+0000] {processor.py:186} INFO - Started process (PID=621) to work on /home/airflow/.local/lib/python3.12/site-packages/airflow/example_dags/example_xcomargs.py
[2024-10-03T06:56:56.679+0000] {processor.py:914} INFO - Processing file /home/airflow/.local/lib/python3.12/site-packages/airflow/example_dags/example_xcomargs.py for tasks to queue
[2024-10-03T06:56:56.684+0000] {logging_mixin.py:190} INFO - [2024-10-03T06:56:56.683+0000] {dagbag.py:588} INFO - Filling up the DagBag from /home/airflow/.local/lib/python3.12/site-packages/airflow/example_dags/example_xcomargs.py
[2024-10-03T06:56:56.714+0000] {processor.py:925} INFO - DAG(s) 'example_xcom_args', 'example_xcom_args_with_operators' retrieved from /home/airflow/.local/lib/python3.12/site-packages/airflow/example_dags/example_xcomargs.py
[2024-10-03T06:56:56.772+0000] {logging_mixin.py:190} INFO - [2024-10-03T06:56:56.772+0000] {dag.py:3239} INFO - Sync 2 DAGs
[2024-10-03T06:56:56.806+0000] {logging_mixin.py:190} INFO - [2024-10-03T06:56:56.805+0000] {dag.py:4180} INFO - Setting next_dagrun for example_xcom_args to None, run_after=None
[2024-10-03T06:56:56.816+0000] {logging_mixin.py:190} INFO - [2024-10-03T06:56:56.816+0000] {dag.py:4180} INFO - Setting next_dagrun for example_xcom_args_with_operators to None, run_after=None
[2024-10-03T06:56:56.853+0000] {processor.py:208} INFO - Processing /home/airflow/.local/lib/python3.12/site-packages/airflow/example_dags/example_xcomargs.py took 0.188 seconds
[2024-10-03T06:57:28.435+0000] {processor.py:186} INFO - Started process (PID=685) to work on /home/airflow/.local/lib/python3.12/site-packages/airflow/example_dags/example_xcomargs.py
[2024-10-03T06:57:28.441+0000] {processor.py:914} INFO - Processing file /home/airflow/.local/lib/python3.12/site-packages/airflow/example_dags/example_xcomargs.py for tasks to queue
[2024-10-03T06:57:28.451+0000] {logging_mixin.py:190} INFO - [2024-10-03T06:57:28.449+0000] {dagbag.py:588} INFO - Filling up the DagBag from /home/airflow/.local/lib/python3.12/site-packages/airflow/example_dags/example_xcomargs.py
[2024-10-03T06:57:28.507+0000] {processor.py:925} INFO - DAG(s) 'example_xcom_args', 'example_xcom_args_with_operators' retrieved from /home/airflow/.local/lib/python3.12/site-packages/airflow/example_dags/example_xcomargs.py
[2024-10-03T06:57:28.625+0000] {logging_mixin.py:190} INFO - [2024-10-03T06:57:28.624+0000] {dag.py:3239} INFO - Sync 2 DAGs
[2024-10-03T06:57:28.701+0000] {logging_mixin.py:190} INFO - [2024-10-03T06:57:28.700+0000] {dag.py:4180} INFO - Setting next_dagrun for example_xcom_args to None, run_after=None
[2024-10-03T06:57:28.718+0000] {logging_mixin.py:190} INFO - [2024-10-03T06:57:28.718+0000] {dag.py:4180} INFO - Setting next_dagrun for example_xcom_args_with_operators to None, run_after=None
[2024-10-03T06:57:28.807+0000] {processor.py:208} INFO - Processing /home/airflow/.local/lib/python3.12/site-packages/airflow/example_dags/example_xcomargs.py took 0.399 seconds
[2024-10-03T06:57:59.738+0000] {processor.py:186} INFO - Started process (PID=749) to work on /home/airflow/.local/lib/python3.12/site-packages/airflow/example_dags/example_xcomargs.py
[2024-10-03T06:57:59.740+0000] {processor.py:914} INFO - Processing file /home/airflow/.local/lib/python3.12/site-packages/airflow/example_dags/example_xcomargs.py for tasks to queue
[2024-10-03T06:57:59.743+0000] {logging_mixin.py:190} INFO - [2024-10-03T06:57:59.743+0000] {dagbag.py:588} INFO - Filling up the DagBag from /home/airflow/.local/lib/python3.12/site-packages/airflow/example_dags/example_xcomargs.py
[2024-10-03T06:57:59.756+0000] {processor.py:925} INFO - DAG(s) 'example_xcom_args_with_operators', 'example_xcom_args' retrieved from /home/airflow/.local/lib/python3.12/site-packages/airflow/example_dags/example_xcomargs.py
[2024-10-03T06:57:59.786+0000] {logging_mixin.py:190} INFO - [2024-10-03T06:57:59.785+0000] {dag.py:3239} INFO - Sync 2 DAGs
[2024-10-03T06:57:59.804+0000] {logging_mixin.py:190} INFO - [2024-10-03T06:57:59.803+0000] {dag.py:4180} INFO - Setting next_dagrun for example_xcom_args to None, run_after=None
[2024-10-03T06:57:59.808+0000] {logging_mixin.py:190} INFO - [2024-10-03T06:57:59.808+0000] {dag.py:4180} INFO - Setting next_dagrun for example_xcom_args_with_operators to None, run_after=None
[2024-10-03T06:57:59.835+0000] {processor.py:208} INFO - Processing /home/airflow/.local/lib/python3.12/site-packages/airflow/example_dags/example_xcomargs.py took 0.103 seconds
[2024-10-03T06:58:29.974+0000] {processor.py:186} INFO - Started process (PID=812) to work on /home/airflow/.local/lib/python3.12/site-packages/airflow/example_dags/example_xcomargs.py
[2024-10-03T06:58:29.976+0000] {processor.py:914} INFO - Processing file /home/airflow/.local/lib/python3.12/site-packages/airflow/example_dags/example_xcomargs.py for tasks to queue
[2024-10-03T06:58:29.981+0000] {logging_mixin.py:190} INFO - [2024-10-03T06:58:29.980+0000] {dagbag.py:588} INFO - Filling up the DagBag from /home/airflow/.local/lib/python3.12/site-packages/airflow/example_dags/example_xcomargs.py
[2024-10-03T06:58:29.991+0000] {processor.py:925} INFO - DAG(s) 'example_xcom_args_with_operators', 'example_xcom_args' retrieved from /home/airflow/.local/lib/python3.12/site-packages/airflow/example_dags/example_xcomargs.py
[2024-10-03T06:58:30.023+0000] {logging_mixin.py:190} INFO - [2024-10-03T06:58:30.023+0000] {dag.py:3239} INFO - Sync 2 DAGs
[2024-10-03T06:58:30.042+0000] {logging_mixin.py:190} INFO - [2024-10-03T06:58:30.042+0000] {dag.py:4180} INFO - Setting next_dagrun for example_xcom_args to None, run_after=None
[2024-10-03T06:58:30.048+0000] {logging_mixin.py:190} INFO - [2024-10-03T06:58:30.048+0000] {dag.py:4180} INFO - Setting next_dagrun for example_xcom_args_with_operators to None, run_after=None
[2024-10-03T06:58:30.078+0000] {processor.py:208} INFO - Processing /home/airflow/.local/lib/python3.12/site-packages/airflow/example_dags/example_xcomargs.py took 0.110 seconds
[2024-10-03T06:59:00.846+0000] {processor.py:186} INFO - Started process (PID=877) to work on /home/airflow/.local/lib/python3.12/site-packages/airflow/example_dags/example_xcomargs.py
[2024-10-03T06:59:00.849+0000] {processor.py:914} INFO - Processing file /home/airflow/.local/lib/python3.12/site-packages/airflow/example_dags/example_xcomargs.py for tasks to queue
[2024-10-03T06:59:00.853+0000] {logging_mixin.py:190} INFO - [2024-10-03T06:59:00.852+0000] {dagbag.py:588} INFO - Filling up the DagBag from /home/airflow/.local/lib/python3.12/site-packages/airflow/example_dags/example_xcomargs.py
[2024-10-03T06:59:00.867+0000] {processor.py:925} INFO - DAG(s) 'example_xcom_args', 'example_xcom_args_with_operators' retrieved from /home/airflow/.local/lib/python3.12/site-packages/airflow/example_dags/example_xcomargs.py
[2024-10-03T06:59:00.898+0000] {logging_mixin.py:190} INFO - [2024-10-03T06:59:00.898+0000] {dag.py:3239} INFO - Sync 2 DAGs
[2024-10-03T06:59:00.918+0000] {logging_mixin.py:190} INFO - [2024-10-03T06:59:00.918+0000] {dag.py:4180} INFO - Setting next_dagrun for example_xcom_args to None, run_after=None
[2024-10-03T06:59:00.924+0000] {logging_mixin.py:190} INFO - [2024-10-03T06:59:00.923+0000] {dag.py:4180} INFO - Setting next_dagrun for example_xcom_args_with_operators to None, run_after=None
[2024-10-03T06:59:00.953+0000] {processor.py:208} INFO - Processing /home/airflow/.local/lib/python3.12/site-packages/airflow/example_dags/example_xcomargs.py took 0.115 seconds
[2024-10-03T06:59:31.352+0000] {processor.py:186} INFO - Started process (PID=941) to work on /home/airflow/.local/lib/python3.12/site-packages/airflow/example_dags/example_xcomargs.py
[2024-10-03T06:59:31.360+0000] {processor.py:914} INFO - Processing file /home/airflow/.local/lib/python3.12/site-packages/airflow/example_dags/example_xcomargs.py for tasks to queue
[2024-10-03T06:59:31.374+0000] {logging_mixin.py:190} INFO - [2024-10-03T06:59:31.372+0000] {dagbag.py:588} INFO - Filling up the DagBag from /home/airflow/.local/lib/python3.12/site-packages/airflow/example_dags/example_xcomargs.py
[2024-10-03T06:59:31.475+0000] {processor.py:925} INFO - DAG(s) 'example_xcom_args', 'example_xcom_args_with_operators' retrieved from /home/airflow/.local/lib/python3.12/site-packages/airflow/example_dags/example_xcomargs.py
[2024-10-03T06:59:31.578+0000] {logging_mixin.py:190} INFO - [2024-10-03T06:59:31.577+0000] {dag.py:3239} INFO - Sync 2 DAGs
[2024-10-03T06:59:31.626+0000] {logging_mixin.py:190} INFO - [2024-10-03T06:59:31.626+0000] {dag.py:4180} INFO - Setting next_dagrun for example_xcom_args to None, run_after=None
[2024-10-03T06:59:31.696+0000] {logging_mixin.py:190} INFO - [2024-10-03T06:59:31.696+0000] {dag.py:4180} INFO - Setting next_dagrun for example_xcom_args_with_operators to None, run_after=None
[2024-10-03T06:59:31.883+0000] {processor.py:208} INFO - Processing /home/airflow/.local/lib/python3.12/site-packages/airflow/example_dags/example_xcomargs.py took 0.631 seconds
[2024-10-03T07:00:09.975+0000] {processor.py:186} INFO - Started process (PID=990) to work on /home/airflow/.local/lib/python3.12/site-packages/airflow/example_dags/example_xcomargs.py
[2024-10-03T07:00:09.977+0000] {processor.py:914} INFO - Processing file /home/airflow/.local/lib/python3.12/site-packages/airflow/example_dags/example_xcomargs.py for tasks to queue
[2024-10-03T07:00:09.982+0000] {logging_mixin.py:190} INFO - [2024-10-03T07:00:09.981+0000] {dagbag.py:588} INFO - Filling up the DagBag from /home/airflow/.local/lib/python3.12/site-packages/airflow/example_dags/example_xcomargs.py
[2024-10-03T07:00:10.007+0000] {processor.py:925} INFO - DAG(s) 'example_xcom_args_with_operators', 'example_xcom_args' retrieved from /home/airflow/.local/lib/python3.12/site-packages/airflow/example_dags/example_xcomargs.py
[2024-10-03T07:00:10.066+0000] {logging_mixin.py:190} INFO - [2024-10-03T07:00:10.065+0000] {dag.py:3239} INFO - Sync 2 DAGs
[2024-10-03T07:00:10.099+0000] {logging_mixin.py:190} INFO - [2024-10-03T07:00:10.099+0000] {dag.py:4180} INFO - Setting next_dagrun for example_xcom_args to None, run_after=None
[2024-10-03T07:00:10.108+0000] {logging_mixin.py:190} INFO - [2024-10-03T07:00:10.107+0000] {dag.py:4180} INFO - Setting next_dagrun for example_xcom_args_with_operators to None, run_after=None
[2024-10-03T07:00:10.147+0000] {processor.py:208} INFO - Processing /home/airflow/.local/lib/python3.12/site-packages/airflow/example_dags/example_xcomargs.py took 0.181 seconds
[2024-10-03T07:00:41.139+0000] {processor.py:186} INFO - Started process (PID=1054) to work on /home/airflow/.local/lib/python3.12/site-packages/airflow/example_dags/example_xcomargs.py
[2024-10-03T07:00:41.140+0000] {processor.py:914} INFO - Processing file /home/airflow/.local/lib/python3.12/site-packages/airflow/example_dags/example_xcomargs.py for tasks to queue
[2024-10-03T07:00:41.144+0000] {logging_mixin.py:190} INFO - [2024-10-03T07:00:41.143+0000] {dagbag.py:588} INFO - Filling up the DagBag from /home/airflow/.local/lib/python3.12/site-packages/airflow/example_dags/example_xcomargs.py
[2024-10-03T07:00:41.160+0000] {processor.py:925} INFO - DAG(s) 'example_xcom_args_with_operators', 'example_xcom_args' retrieved from /home/airflow/.local/lib/python3.12/site-packages/airflow/example_dags/example_xcomargs.py
[2024-10-03T07:00:41.192+0000] {logging_mixin.py:190} INFO - [2024-10-03T07:00:41.192+0000] {dag.py:3239} INFO - Sync 2 DAGs
[2024-10-03T07:00:41.210+0000] {logging_mixin.py:190} INFO - [2024-10-03T07:00:41.210+0000] {dag.py:4180} INFO - Setting next_dagrun for example_xcom_args to None, run_after=None
[2024-10-03T07:00:41.216+0000] {logging_mixin.py:190} INFO - [2024-10-03T07:00:41.215+0000] {dag.py:4180} INFO - Setting next_dagrun for example_xcom_args_with_operators to None, run_after=None
[2024-10-03T07:00:41.249+0000] {processor.py:208} INFO - Processing /home/airflow/.local/lib/python3.12/site-packages/airflow/example_dags/example_xcomargs.py took 0.118 seconds
[2024-10-03T07:01:20.625+0000] {processor.py:186} INFO - Started process (PID=1117) to work on /home/airflow/.local/lib/python3.12/site-packages/airflow/example_dags/example_xcomargs.py
[2024-10-03T07:01:20.627+0000] {processor.py:914} INFO - Processing file /home/airflow/.local/lib/python3.12/site-packages/airflow/example_dags/example_xcomargs.py for tasks to queue
[2024-10-03T07:01:20.630+0000] {logging_mixin.py:190} INFO - [2024-10-03T07:01:20.629+0000] {dagbag.py:588} INFO - Filling up the DagBag from /home/airflow/.local/lib/python3.12/site-packages/airflow/example_dags/example_xcomargs.py
[2024-10-03T07:01:20.652+0000] {processor.py:925} INFO - DAG(s) 'example_xcom_args_with_operators', 'example_xcom_args' retrieved from /home/airflow/.local/lib/python3.12/site-packages/airflow/example_dags/example_xcomargs.py
[2024-10-03T07:01:20.694+0000] {logging_mixin.py:190} INFO - [2024-10-03T07:01:20.693+0000] {dag.py:3239} INFO - Sync 2 DAGs
[2024-10-03T07:01:20.722+0000] {logging_mixin.py:190} INFO - [2024-10-03T07:01:20.721+0000] {dag.py:4180} INFO - Setting next_dagrun for example_xcom_args to None, run_after=None
[2024-10-03T07:01:20.730+0000] {logging_mixin.py:190} INFO - [2024-10-03T07:01:20.729+0000] {dag.py:4180} INFO - Setting next_dagrun for example_xcom_args_with_operators to None, run_after=None
[2024-10-03T07:01:20.772+0000] {processor.py:208} INFO - Processing /home/airflow/.local/lib/python3.12/site-packages/airflow/example_dags/example_xcomargs.py took 0.159 seconds
[2024-10-03T07:02:39.362+0000] {processor.py:186} INFO - Started process (PID=1174) to work on /home/airflow/.local/lib/python3.12/site-packages/airflow/example_dags/example_xcomargs.py
[2024-10-03T07:02:39.367+0000] {processor.py:914} INFO - Processing file /home/airflow/.local/lib/python3.12/site-packages/airflow/example_dags/example_xcomargs.py for tasks to queue
[2024-10-03T07:02:39.371+0000] {logging_mixin.py:190} INFO - [2024-10-03T07:02:39.369+0000] {dagbag.py:588} INFO - Filling up the DagBag from /home/airflow/.local/lib/python3.12/site-packages/airflow/example_dags/example_xcomargs.py
[2024-10-03T07:02:39.399+0000] {processor.py:925} INFO - DAG(s) 'example_xcom_args', 'example_xcom_args_with_operators' retrieved from /home/airflow/.local/lib/python3.12/site-packages/airflow/example_dags/example_xcomargs.py
[2024-10-03T07:02:39.639+0000] {logging_mixin.py:190} INFO - [2024-10-03T07:02:39.638+0000] {dag.py:3239} INFO - Sync 2 DAGs
[2024-10-03T07:02:39.662+0000] {logging_mixin.py:190} INFO - [2024-10-03T07:02:39.661+0000] {dag.py:4180} INFO - Setting next_dagrun for example_xcom_args to None, run_after=None
[2024-10-03T07:02:39.669+0000] {logging_mixin.py:190} INFO - [2024-10-03T07:02:39.668+0000] {dag.py:4180} INFO - Setting next_dagrun for example_xcom_args_with_operators to None, run_after=None
[2024-10-03T07:02:39.709+0000] {processor.py:208} INFO - Processing /home/airflow/.local/lib/python3.12/site-packages/airflow/example_dags/example_xcomargs.py took 0.361 seconds
[2024-10-03T07:03:09.959+0000] {processor.py:186} INFO - Started process (PID=1237) to work on /home/airflow/.local/lib/python3.12/site-packages/airflow/example_dags/example_xcomargs.py
[2024-10-03T07:03:09.960+0000] {processor.py:914} INFO - Processing file /home/airflow/.local/lib/python3.12/site-packages/airflow/example_dags/example_xcomargs.py for tasks to queue
[2024-10-03T07:03:09.962+0000] {logging_mixin.py:190} INFO - [2024-10-03T07:03:09.962+0000] {dagbag.py:588} INFO - Filling up the DagBag from /home/airflow/.local/lib/python3.12/site-packages/airflow/example_dags/example_xcomargs.py
[2024-10-03T07:03:09.977+0000] {processor.py:925} INFO - DAG(s) 'example_xcom_args_with_operators', 'example_xcom_args' retrieved from /home/airflow/.local/lib/python3.12/site-packages/airflow/example_dags/example_xcomargs.py
[2024-10-03T07:03:10.031+0000] {logging_mixin.py:190} INFO - [2024-10-03T07:03:10.031+0000] {dag.py:3239} INFO - Sync 2 DAGs
[2024-10-03T07:03:10.053+0000] {logging_mixin.py:190} INFO - [2024-10-03T07:03:10.053+0000] {dag.py:4180} INFO - Setting next_dagrun for example_xcom_args to None, run_after=None
[2024-10-03T07:03:10.058+0000] {logging_mixin.py:190} INFO - [2024-10-03T07:03:10.058+0000] {dag.py:4180} INFO - Setting next_dagrun for example_xcom_args_with_operators to None, run_after=None
[2024-10-03T07:03:10.089+0000] {processor.py:208} INFO - Processing /home/airflow/.local/lib/python3.12/site-packages/airflow/example_dags/example_xcomargs.py took 0.136 seconds
[2024-10-03T07:03:40.520+0000] {processor.py:186} INFO - Started process (PID=1300) to work on /home/airflow/.local/lib/python3.12/site-packages/airflow/example_dags/example_xcomargs.py
[2024-10-03T07:03:40.522+0000] {processor.py:914} INFO - Processing file /home/airflow/.local/lib/python3.12/site-packages/airflow/example_dags/example_xcomargs.py for tasks to queue
[2024-10-03T07:03:40.525+0000] {logging_mixin.py:190} INFO - [2024-10-03T07:03:40.524+0000] {dagbag.py:588} INFO - Filling up the DagBag from /home/airflow/.local/lib/python3.12/site-packages/airflow/example_dags/example_xcomargs.py
[2024-10-03T07:03:40.538+0000] {processor.py:925} INFO - DAG(s) 'example_xcom_args', 'example_xcom_args_with_operators' retrieved from /home/airflow/.local/lib/python3.12/site-packages/airflow/example_dags/example_xcomargs.py
[2024-10-03T07:03:40.564+0000] {logging_mixin.py:190} INFO - [2024-10-03T07:03:40.564+0000] {dag.py:3239} INFO - Sync 2 DAGs
[2024-10-03T07:03:40.582+0000] {logging_mixin.py:190} INFO - [2024-10-03T07:03:40.582+0000] {dag.py:4180} INFO - Setting next_dagrun for example_xcom_args to None, run_after=None
[2024-10-03T07:03:40.587+0000] {logging_mixin.py:190} INFO - [2024-10-03T07:03:40.587+0000] {dag.py:4180} INFO - Setting next_dagrun for example_xcom_args_with_operators to None, run_after=None
[2024-10-03T07:03:40.611+0000] {processor.py:208} INFO - Processing /home/airflow/.local/lib/python3.12/site-packages/airflow/example_dags/example_xcomargs.py took 0.097 seconds
[2024-10-03T07:04:11.331+0000] {processor.py:186} INFO - Started process (PID=1363) to work on /home/airflow/.local/lib/python3.12/site-packages/airflow/example_dags/example_xcomargs.py
[2024-10-03T07:04:11.332+0000] {processor.py:914} INFO - Processing file /home/airflow/.local/lib/python3.12/site-packages/airflow/example_dags/example_xcomargs.py for tasks to queue
[2024-10-03T07:04:11.334+0000] {logging_mixin.py:190} INFO - [2024-10-03T07:04:11.334+0000] {dagbag.py:588} INFO - Filling up the DagBag from /home/airflow/.local/lib/python3.12/site-packages/airflow/example_dags/example_xcomargs.py
[2024-10-03T07:04:11.347+0000] {processor.py:925} INFO - DAG(s) 'example_xcom_args_with_operators', 'example_xcom_args' retrieved from /home/airflow/.local/lib/python3.12/site-packages/airflow/example_dags/example_xcomargs.py
[2024-10-03T07:04:11.379+0000] {logging_mixin.py:190} INFO - [2024-10-03T07:04:11.378+0000] {dag.py:3239} INFO - Sync 2 DAGs
[2024-10-03T07:04:11.399+0000] {logging_mixin.py:190} INFO - [2024-10-03T07:04:11.399+0000] {dag.py:4180} INFO - Setting next_dagrun for example_xcom_args to None, run_after=None
[2024-10-03T07:04:11.404+0000] {logging_mixin.py:190} INFO - [2024-10-03T07:04:11.404+0000] {dag.py:4180} INFO - Setting next_dagrun for example_xcom_args_with_operators to None, run_after=None
[2024-10-03T07:04:11.434+0000] {processor.py:208} INFO - Processing /home/airflow/.local/lib/python3.12/site-packages/airflow/example_dags/example_xcomargs.py took 0.111 seconds
[2024-10-03T07:04:41.678+0000] {processor.py:186} INFO - Started process (PID=1426) to work on /home/airflow/.local/lib/python3.12/site-packages/airflow/example_dags/example_xcomargs.py
[2024-10-03T07:04:41.680+0000] {processor.py:914} INFO - Processing file /home/airflow/.local/lib/python3.12/site-packages/airflow/example_dags/example_xcomargs.py for tasks to queue
[2024-10-03T07:04:41.682+0000] {logging_mixin.py:190} INFO - [2024-10-03T07:04:41.681+0000] {dagbag.py:588} INFO - Filling up the DagBag from /home/airflow/.local/lib/python3.12/site-packages/airflow/example_dags/example_xcomargs.py
[2024-10-03T07:04:41.704+0000] {processor.py:925} INFO - DAG(s) 'example_xcom_args_with_operators', 'example_xcom_args' retrieved from /home/airflow/.local/lib/python3.12/site-packages/airflow/example_dags/example_xcomargs.py
[2024-10-03T07:04:41.744+0000] {logging_mixin.py:190} INFO - [2024-10-03T07:04:41.743+0000] {dag.py:3239} INFO - Sync 2 DAGs
[2024-10-03T07:04:41.770+0000] {logging_mixin.py:190} INFO - [2024-10-03T07:04:41.769+0000] {dag.py:4180} INFO - Setting next_dagrun for example_xcom_args to None, run_after=None
[2024-10-03T07:04:41.778+0000] {logging_mixin.py:190} INFO - [2024-10-03T07:04:41.778+0000] {dag.py:4180} INFO - Setting next_dagrun for example_xcom_args_with_operators to None, run_after=None
[2024-10-03T07:04:41.812+0000] {processor.py:208} INFO - Processing /home/airflow/.local/lib/python3.12/site-packages/airflow/example_dags/example_xcomargs.py took 0.144 seconds
[2024-10-03T07:05:13.545+0000] {processor.py:186} INFO - Started process (PID=1488) to work on /home/airflow/.local/lib/python3.12/site-packages/airflow/example_dags/example_xcomargs.py
[2024-10-03T07:05:13.546+0000] {processor.py:914} INFO - Processing file /home/airflow/.local/lib/python3.12/site-packages/airflow/example_dags/example_xcomargs.py for tasks to queue
[2024-10-03T07:05:13.548+0000] {logging_mixin.py:190} INFO - [2024-10-03T07:05:13.548+0000] {dagbag.py:588} INFO - Filling up the DagBag from /home/airflow/.local/lib/python3.12/site-packages/airflow/example_dags/example_xcomargs.py
[2024-10-03T07:05:13.565+0000] {processor.py:925} INFO - DAG(s) 'example_xcom_args', 'example_xcom_args_with_operators' retrieved from /home/airflow/.local/lib/python3.12/site-packages/airflow/example_dags/example_xcomargs.py
[2024-10-03T07:05:13.602+0000] {logging_mixin.py:190} INFO - [2024-10-03T07:05:13.602+0000] {dag.py:3239} INFO - Sync 2 DAGs
[2024-10-03T07:05:13.626+0000] {logging_mixin.py:190} INFO - [2024-10-03T07:05:13.626+0000] {dag.py:4180} INFO - Setting next_dagrun for example_xcom_args to None, run_after=None
[2024-10-03T07:05:13.633+0000] {logging_mixin.py:190} INFO - [2024-10-03T07:05:13.633+0000] {dag.py:4180} INFO - Setting next_dagrun for example_xcom_args_with_operators to None, run_after=None
[2024-10-03T07:05:13.670+0000] {processor.py:208} INFO - Processing /home/airflow/.local/lib/python3.12/site-packages/airflow/example_dags/example_xcomargs.py took 0.135 seconds
[2024-10-03T07:07:08.604+0000] {processor.py:186} INFO - Started process (PID=1551) to work on /home/airflow/.local/lib/python3.12/site-packages/airflow/example_dags/example_xcomargs.py
[2024-10-03T07:07:08.606+0000] {processor.py:914} INFO - Processing file /home/airflow/.local/lib/python3.12/site-packages/airflow/example_dags/example_xcomargs.py for tasks to queue
[2024-10-03T07:07:08.608+0000] {logging_mixin.py:190} INFO - [2024-10-03T07:07:08.608+0000] {dagbag.py:588} INFO - Filling up the DagBag from /home/airflow/.local/lib/python3.12/site-packages/airflow/example_dags/example_xcomargs.py
[2024-10-03T07:07:08.632+0000] {processor.py:925} INFO - DAG(s) 'example_xcom_args_with_operators', 'example_xcom_args' retrieved from /home/airflow/.local/lib/python3.12/site-packages/airflow/example_dags/example_xcomargs.py
[2024-10-03T07:07:08.670+0000] {logging_mixin.py:190} INFO - [2024-10-03T07:07:08.670+0000] {dag.py:3239} INFO - Sync 2 DAGs
[2024-10-03T07:07:08.694+0000] {logging_mixin.py:190} INFO - [2024-10-03T07:07:08.694+0000] {dag.py:4180} INFO - Setting next_dagrun for example_xcom_args to None, run_after=None
[2024-10-03T07:07:08.701+0000] {logging_mixin.py:190} INFO - [2024-10-03T07:07:08.700+0000] {dag.py:4180} INFO - Setting next_dagrun for example_xcom_args_with_operators to None, run_after=None
[2024-10-03T07:07:08.736+0000] {processor.py:208} INFO - Processing /home/airflow/.local/lib/python3.12/site-packages/airflow/example_dags/example_xcomargs.py took 0.141 seconds
[2024-10-03T07:07:39.300+0000] {processor.py:186} INFO - Started process (PID=1614) to work on /home/airflow/.local/lib/python3.12/site-packages/airflow/example_dags/example_xcomargs.py
[2024-10-03T07:07:39.301+0000] {processor.py:914} INFO - Processing file /home/airflow/.local/lib/python3.12/site-packages/airflow/example_dags/example_xcomargs.py for tasks to queue
[2024-10-03T07:07:39.303+0000] {logging_mixin.py:190} INFO - [2024-10-03T07:07:39.303+0000] {dagbag.py:588} INFO - Filling up the DagBag from /home/airflow/.local/lib/python3.12/site-packages/airflow/example_dags/example_xcomargs.py
[2024-10-03T07:07:39.320+0000] {processor.py:925} INFO - DAG(s) 'example_xcom_args', 'example_xcom_args_with_operators' retrieved from /home/airflow/.local/lib/python3.12/site-packages/airflow/example_dags/example_xcomargs.py
[2024-10-03T07:07:39.353+0000] {logging_mixin.py:190} INFO - [2024-10-03T07:07:39.352+0000] {dag.py:3239} INFO - Sync 2 DAGs
[2024-10-03T07:07:39.372+0000] {logging_mixin.py:190} INFO - [2024-10-03T07:07:39.372+0000] {dag.py:4180} INFO - Setting next_dagrun for example_xcom_args to None, run_after=None
[2024-10-03T07:07:39.378+0000] {logging_mixin.py:190} INFO - [2024-10-03T07:07:39.377+0000] {dag.py:4180} INFO - Setting next_dagrun for example_xcom_args_with_operators to None, run_after=None
[2024-10-03T07:07:39.415+0000] {processor.py:208} INFO - Processing /home/airflow/.local/lib/python3.12/site-packages/airflow/example_dags/example_xcomargs.py took 0.123 seconds
[2024-10-03T07:08:09.717+0000] {processor.py:186} INFO - Started process (PID=1677) to work on /home/airflow/.local/lib/python3.12/site-packages/airflow/example_dags/example_xcomargs.py
[2024-10-03T07:08:09.719+0000] {processor.py:914} INFO - Processing file /home/airflow/.local/lib/python3.12/site-packages/airflow/example_dags/example_xcomargs.py for tasks to queue
[2024-10-03T07:08:09.720+0000] {logging_mixin.py:190} INFO - [2024-10-03T07:08:09.720+0000] {dagbag.py:588} INFO - Filling up the DagBag from /home/airflow/.local/lib/python3.12/site-packages/airflow/example_dags/example_xcomargs.py
[2024-10-03T07:08:09.732+0000] {processor.py:925} INFO - DAG(s) 'example_xcom_args', 'example_xcom_args_with_operators' retrieved from /home/airflow/.local/lib/python3.12/site-packages/airflow/example_dags/example_xcomargs.py
[2024-10-03T07:08:09.758+0000] {logging_mixin.py:190} INFO - [2024-10-03T07:08:09.758+0000] {dag.py:3239} INFO - Sync 2 DAGs
[2024-10-03T07:08:09.778+0000] {logging_mixin.py:190} INFO - [2024-10-03T07:08:09.778+0000] {dag.py:4180} INFO - Setting next_dagrun for example_xcom_args to None, run_after=None
[2024-10-03T07:08:09.784+0000] {logging_mixin.py:190} INFO - [2024-10-03T07:08:09.783+0000] {dag.py:4180} INFO - Setting next_dagrun for example_xcom_args_with_operators to None, run_after=None
[2024-10-03T07:08:09.806+0000] {processor.py:208} INFO - Processing /home/airflow/.local/lib/python3.12/site-packages/airflow/example_dags/example_xcomargs.py took 0.095 seconds
[2024-10-03T07:08:51.984+0000] {processor.py:186} INFO - Started process (PID=1737) to work on /home/airflow/.local/lib/python3.12/site-packages/airflow/example_dags/example_xcomargs.py
[2024-10-03T07:08:51.986+0000] {processor.py:914} INFO - Processing file /home/airflow/.local/lib/python3.12/site-packages/airflow/example_dags/example_xcomargs.py for tasks to queue
[2024-10-03T07:08:51.988+0000] {logging_mixin.py:190} INFO - [2024-10-03T07:08:51.988+0000] {dagbag.py:588} INFO - Filling up the DagBag from /home/airflow/.local/lib/python3.12/site-packages/airflow/example_dags/example_xcomargs.py
[2024-10-03T07:08:52.005+0000] {processor.py:925} INFO - DAG(s) 'example_xcom_args_with_operators', 'example_xcom_args' retrieved from /home/airflow/.local/lib/python3.12/site-packages/airflow/example_dags/example_xcomargs.py
[2024-10-03T07:08:52.040+0000] {logging_mixin.py:190} INFO - [2024-10-03T07:08:52.039+0000] {dag.py:3239} INFO - Sync 2 DAGs
[2024-10-03T07:08:52.070+0000] {logging_mixin.py:190} INFO - [2024-10-03T07:08:52.070+0000] {dag.py:4180} INFO - Setting next_dagrun for example_xcom_args to None, run_after=None
[2024-10-03T07:08:52.080+0000] {logging_mixin.py:190} INFO - [2024-10-03T07:08:52.080+0000] {dag.py:4180} INFO - Setting next_dagrun for example_xcom_args_with_operators to None, run_after=None
[2024-10-03T07:08:52.107+0000] {processor.py:208} INFO - Processing /home/airflow/.local/lib/python3.12/site-packages/airflow/example_dags/example_xcomargs.py took 0.131 seconds
[2024-10-03T07:09:22.569+0000] {processor.py:186} INFO - Started process (PID=1800) to work on /home/airflow/.local/lib/python3.12/site-packages/airflow/example_dags/example_xcomargs.py
[2024-10-03T07:09:22.571+0000] {processor.py:914} INFO - Processing file /home/airflow/.local/lib/python3.12/site-packages/airflow/example_dags/example_xcomargs.py for tasks to queue
[2024-10-03T07:09:22.574+0000] {logging_mixin.py:190} INFO - [2024-10-03T07:09:22.573+0000] {dagbag.py:588} INFO - Filling up the DagBag from /home/airflow/.local/lib/python3.12/site-packages/airflow/example_dags/example_xcomargs.py
[2024-10-03T07:09:22.588+0000] {processor.py:925} INFO - DAG(s) 'example_xcom_args_with_operators', 'example_xcom_args' retrieved from /home/airflow/.local/lib/python3.12/site-packages/airflow/example_dags/example_xcomargs.py
[2024-10-03T07:09:22.625+0000] {logging_mixin.py:190} INFO - [2024-10-03T07:09:22.625+0000] {dag.py:3239} INFO - Sync 2 DAGs
[2024-10-03T07:09:22.655+0000] {logging_mixin.py:190} INFO - [2024-10-03T07:09:22.655+0000] {dag.py:4180} INFO - Setting next_dagrun for example_xcom_args to None, run_after=None
[2024-10-03T07:09:22.668+0000] {logging_mixin.py:190} INFO - [2024-10-03T07:09:22.667+0000] {dag.py:4180} INFO - Setting next_dagrun for example_xcom_args_with_operators to None, run_after=None
[2024-10-03T07:09:22.719+0000] {processor.py:208} INFO - Processing /home/airflow/.local/lib/python3.12/site-packages/airflow/example_dags/example_xcomargs.py took 0.159 seconds
[2024-10-03T07:09:53.795+0000] {processor.py:186} INFO - Started process (PID=1863) to work on /home/airflow/.local/lib/python3.12/site-packages/airflow/example_dags/example_xcomargs.py
[2024-10-03T07:09:53.797+0000] {processor.py:914} INFO - Processing file /home/airflow/.local/lib/python3.12/site-packages/airflow/example_dags/example_xcomargs.py for tasks to queue
[2024-10-03T07:09:53.799+0000] {logging_mixin.py:190} INFO - [2024-10-03T07:09:53.798+0000] {dagbag.py:588} INFO - Filling up the DagBag from /home/airflow/.local/lib/python3.12/site-packages/airflow/example_dags/example_xcomargs.py
[2024-10-03T07:09:53.813+0000] {processor.py:925} INFO - DAG(s) 'example_xcom_args_with_operators', 'example_xcom_args' retrieved from /home/airflow/.local/lib/python3.12/site-packages/airflow/example_dags/example_xcomargs.py
[2024-10-03T07:09:53.844+0000] {logging_mixin.py:190} INFO - [2024-10-03T07:09:53.844+0000] {dag.py:3239} INFO - Sync 2 DAGs
[2024-10-03T07:09:53.864+0000] {logging_mixin.py:190} INFO - [2024-10-03T07:09:53.864+0000] {dag.py:4180} INFO - Setting next_dagrun for example_xcom_args to None, run_after=None
[2024-10-03T07:09:53.870+0000] {logging_mixin.py:190} INFO - [2024-10-03T07:09:53.869+0000] {dag.py:4180} INFO - Setting next_dagrun for example_xcom_args_with_operators to None, run_after=None
[2024-10-03T07:09:53.893+0000] {processor.py:208} INFO - Processing /home/airflow/.local/lib/python3.12/site-packages/airflow/example_dags/example_xcomargs.py took 0.107 seconds
[2024-10-03T07:10:24.036+0000] {processor.py:186} INFO - Started process (PID=1926) to work on /home/airflow/.local/lib/python3.12/site-packages/airflow/example_dags/example_xcomargs.py
[2024-10-03T07:10:24.038+0000] {processor.py:914} INFO - Processing file /home/airflow/.local/lib/python3.12/site-packages/airflow/example_dags/example_xcomargs.py for tasks to queue
[2024-10-03T07:10:24.041+0000] {logging_mixin.py:190} INFO - [2024-10-03T07:10:24.040+0000] {dagbag.py:588} INFO - Filling up the DagBag from /home/airflow/.local/lib/python3.12/site-packages/airflow/example_dags/example_xcomargs.py
[2024-10-03T07:10:24.059+0000] {processor.py:925} INFO - DAG(s) 'example_xcom_args', 'example_xcom_args_with_operators' retrieved from /home/airflow/.local/lib/python3.12/site-packages/airflow/example_dags/example_xcomargs.py
[2024-10-03T07:10:24.099+0000] {logging_mixin.py:190} INFO - [2024-10-03T07:10:24.098+0000] {dag.py:3239} INFO - Sync 2 DAGs
[2024-10-03T07:10:24.132+0000] {logging_mixin.py:190} INFO - [2024-10-03T07:10:24.132+0000] {dag.py:4180} INFO - Setting next_dagrun for example_xcom_args to None, run_after=None
[2024-10-03T07:10:24.140+0000] {logging_mixin.py:190} INFO - [2024-10-03T07:10:24.140+0000] {dag.py:4180} INFO - Setting next_dagrun for example_xcom_args_with_operators to None, run_after=None
[2024-10-03T07:10:24.176+0000] {processor.py:208} INFO - Processing /home/airflow/.local/lib/python3.12/site-packages/airflow/example_dags/example_xcomargs.py took 0.148 seconds
[2024-10-03T07:10:54.492+0000] {processor.py:186} INFO - Started process (PID=1989) to work on /home/airflow/.local/lib/python3.12/site-packages/airflow/example_dags/example_xcomargs.py
[2024-10-03T07:10:54.494+0000] {processor.py:914} INFO - Processing file /home/airflow/.local/lib/python3.12/site-packages/airflow/example_dags/example_xcomargs.py for tasks to queue
[2024-10-03T07:10:54.496+0000] {logging_mixin.py:190} INFO - [2024-10-03T07:10:54.495+0000] {dagbag.py:588} INFO - Filling up the DagBag from /home/airflow/.local/lib/python3.12/site-packages/airflow/example_dags/example_xcomargs.py
[2024-10-03T07:10:54.506+0000] {processor.py:925} INFO - DAG(s) 'example_xcom_args_with_operators', 'example_xcom_args' retrieved from /home/airflow/.local/lib/python3.12/site-packages/airflow/example_dags/example_xcomargs.py
[2024-10-03T07:10:54.534+0000] {logging_mixin.py:190} INFO - [2024-10-03T07:10:54.534+0000] {dag.py:3239} INFO - Sync 2 DAGs
[2024-10-03T07:10:54.552+0000] {logging_mixin.py:190} INFO - [2024-10-03T07:10:54.552+0000] {dag.py:4180} INFO - Setting next_dagrun for example_xcom_args to None, run_after=None
[2024-10-03T07:10:54.557+0000] {logging_mixin.py:190} INFO - [2024-10-03T07:10:54.557+0000] {dag.py:4180} INFO - Setting next_dagrun for example_xcom_args_with_operators to None, run_after=None
[2024-10-03T07:10:54.580+0000] {processor.py:208} INFO - Processing /home/airflow/.local/lib/python3.12/site-packages/airflow/example_dags/example_xcomargs.py took 0.093 seconds
[2024-10-03T07:11:25.025+0000] {processor.py:186} INFO - Started process (PID=2052) to work on /home/airflow/.local/lib/python3.12/site-packages/airflow/example_dags/example_xcomargs.py
[2024-10-03T07:11:25.027+0000] {processor.py:914} INFO - Processing file /home/airflow/.local/lib/python3.12/site-packages/airflow/example_dags/example_xcomargs.py for tasks to queue
[2024-10-03T07:11:25.029+0000] {logging_mixin.py:190} INFO - [2024-10-03T07:11:25.028+0000] {dagbag.py:588} INFO - Filling up the DagBag from /home/airflow/.local/lib/python3.12/site-packages/airflow/example_dags/example_xcomargs.py
[2024-10-03T07:11:25.042+0000] {processor.py:925} INFO - DAG(s) 'example_xcom_args', 'example_xcom_args_with_operators' retrieved from /home/airflow/.local/lib/python3.12/site-packages/airflow/example_dags/example_xcomargs.py
[2024-10-03T07:11:25.075+0000] {logging_mixin.py:190} INFO - [2024-10-03T07:11:25.074+0000] {dag.py:3239} INFO - Sync 2 DAGs
[2024-10-03T07:11:25.093+0000] {logging_mixin.py:190} INFO - [2024-10-03T07:11:25.093+0000] {dag.py:4180} INFO - Setting next_dagrun for example_xcom_args to None, run_after=None
[2024-10-03T07:11:25.098+0000] {logging_mixin.py:190} INFO - [2024-10-03T07:11:25.098+0000] {dag.py:4180} INFO - Setting next_dagrun for example_xcom_args_with_operators to None, run_after=None
[2024-10-03T07:11:25.126+0000] {processor.py:208} INFO - Processing /home/airflow/.local/lib/python3.12/site-packages/airflow/example_dags/example_xcomargs.py took 0.107 seconds
[2024-10-03T07:11:56.028+0000] {processor.py:186} INFO - Started process (PID=2115) to work on /home/airflow/.local/lib/python3.12/site-packages/airflow/example_dags/example_xcomargs.py
[2024-10-03T07:11:56.029+0000] {processor.py:914} INFO - Processing file /home/airflow/.local/lib/python3.12/site-packages/airflow/example_dags/example_xcomargs.py for tasks to queue
[2024-10-03T07:11:56.031+0000] {logging_mixin.py:190} INFO - [2024-10-03T07:11:56.031+0000] {dagbag.py:588} INFO - Filling up the DagBag from /home/airflow/.local/lib/python3.12/site-packages/airflow/example_dags/example_xcomargs.py
[2024-10-03T07:11:56.043+0000] {processor.py:925} INFO - DAG(s) 'example_xcom_args_with_operators', 'example_xcom_args' retrieved from /home/airflow/.local/lib/python3.12/site-packages/airflow/example_dags/example_xcomargs.py
[2024-10-03T07:11:56.070+0000] {logging_mixin.py:190} INFO - [2024-10-03T07:11:56.070+0000] {dag.py:3239} INFO - Sync 2 DAGs
[2024-10-03T07:11:56.088+0000] {logging_mixin.py:190} INFO - [2024-10-03T07:11:56.088+0000] {dag.py:4180} INFO - Setting next_dagrun for example_xcom_args to None, run_after=None
[2024-10-03T07:11:56.093+0000] {logging_mixin.py:190} INFO - [2024-10-03T07:11:56.093+0000] {dag.py:4180} INFO - Setting next_dagrun for example_xcom_args_with_operators to None, run_after=None
[2024-10-03T07:11:56.115+0000] {processor.py:208} INFO - Processing /home/airflow/.local/lib/python3.12/site-packages/airflow/example_dags/example_xcomargs.py took 0.093 seconds
[2024-10-03T07:12:26.737+0000] {processor.py:186} INFO - Started process (PID=2178) to work on /home/airflow/.local/lib/python3.12/site-packages/airflow/example_dags/example_xcomargs.py
[2024-10-03T07:12:26.738+0000] {processor.py:914} INFO - Processing file /home/airflow/.local/lib/python3.12/site-packages/airflow/example_dags/example_xcomargs.py for tasks to queue
[2024-10-03T07:12:26.740+0000] {logging_mixin.py:190} INFO - [2024-10-03T07:12:26.739+0000] {dagbag.py:588} INFO - Filling up the DagBag from /home/airflow/.local/lib/python3.12/site-packages/airflow/example_dags/example_xcomargs.py
[2024-10-03T07:12:26.750+0000] {processor.py:925} INFO - DAG(s) 'example_xcom_args_with_operators', 'example_xcom_args' retrieved from /home/airflow/.local/lib/python3.12/site-packages/airflow/example_dags/example_xcomargs.py
[2024-10-03T07:12:26.776+0000] {logging_mixin.py:190} INFO - [2024-10-03T07:12:26.776+0000] {dag.py:3239} INFO - Sync 2 DAGs
[2024-10-03T07:12:26.792+0000] {logging_mixin.py:190} INFO - [2024-10-03T07:12:26.792+0000] {dag.py:4180} INFO - Setting next_dagrun for example_xcom_args to None, run_after=None
[2024-10-03T07:12:26.797+0000] {logging_mixin.py:190} INFO - [2024-10-03T07:12:26.797+0000] {dag.py:4180} INFO - Setting next_dagrun for example_xcom_args_with_operators to None, run_after=None
[2024-10-03T07:12:26.821+0000] {processor.py:208} INFO - Processing /home/airflow/.local/lib/python3.12/site-packages/airflow/example_dags/example_xcomargs.py took 0.092 seconds
[2024-10-03T07:12:58.479+0000] {processor.py:186} INFO - Started process (PID=2241) to work on /home/airflow/.local/lib/python3.12/site-packages/airflow/example_dags/example_xcomargs.py
[2024-10-03T07:12:58.480+0000] {processor.py:914} INFO - Processing file /home/airflow/.local/lib/python3.12/site-packages/airflow/example_dags/example_xcomargs.py for tasks to queue
[2024-10-03T07:12:58.482+0000] {logging_mixin.py:190} INFO - [2024-10-03T07:12:58.482+0000] {dagbag.py:588} INFO - Filling up the DagBag from /home/airflow/.local/lib/python3.12/site-packages/airflow/example_dags/example_xcomargs.py
[2024-10-03T07:12:58.495+0000] {processor.py:925} INFO - DAG(s) 'example_xcom_args', 'example_xcom_args_with_operators' retrieved from /home/airflow/.local/lib/python3.12/site-packages/airflow/example_dags/example_xcomargs.py
[2024-10-03T07:12:58.527+0000] {logging_mixin.py:190} INFO - [2024-10-03T07:12:58.527+0000] {dag.py:3239} INFO - Sync 2 DAGs
[2024-10-03T07:12:58.550+0000] {logging_mixin.py:190} INFO - [2024-10-03T07:12:58.549+0000] {dag.py:4180} INFO - Setting next_dagrun for example_xcom_args to None, run_after=None
[2024-10-03T07:12:58.555+0000] {logging_mixin.py:190} INFO - [2024-10-03T07:12:58.555+0000] {dag.py:4180} INFO - Setting next_dagrun for example_xcom_args_with_operators to None, run_after=None
[2024-10-03T07:12:58.585+0000] {processor.py:208} INFO - Processing /home/airflow/.local/lib/python3.12/site-packages/airflow/example_dags/example_xcomargs.py took 0.112 seconds
[2024-10-03T07:13:28.946+0000] {processor.py:186} INFO - Started process (PID=2304) to work on /home/airflow/.local/lib/python3.12/site-packages/airflow/example_dags/example_xcomargs.py
[2024-10-03T07:13:28.947+0000] {processor.py:914} INFO - Processing file /home/airflow/.local/lib/python3.12/site-packages/airflow/example_dags/example_xcomargs.py for tasks to queue
[2024-10-03T07:13:28.949+0000] {logging_mixin.py:190} INFO - [2024-10-03T07:13:28.949+0000] {dagbag.py:588} INFO - Filling up the DagBag from /home/airflow/.local/lib/python3.12/site-packages/airflow/example_dags/example_xcomargs.py
[2024-10-03T07:13:28.963+0000] {processor.py:925} INFO - DAG(s) 'example_xcom_args', 'example_xcom_args_with_operators' retrieved from /home/airflow/.local/lib/python3.12/site-packages/airflow/example_dags/example_xcomargs.py
[2024-10-03T07:13:28.997+0000] {logging_mixin.py:190} INFO - [2024-10-03T07:13:28.997+0000] {dag.py:3239} INFO - Sync 2 DAGs
[2024-10-03T07:13:29.016+0000] {logging_mixin.py:190} INFO - [2024-10-03T07:13:29.016+0000] {dag.py:4180} INFO - Setting next_dagrun for example_xcom_args to None, run_after=None
[2024-10-03T07:13:29.022+0000] {logging_mixin.py:190} INFO - [2024-10-03T07:13:29.021+0000] {dag.py:4180} INFO - Setting next_dagrun for example_xcom_args_with_operators to None, run_after=None
[2024-10-03T07:13:29.052+0000] {processor.py:208} INFO - Processing /home/airflow/.local/lib/python3.12/site-packages/airflow/example_dags/example_xcomargs.py took 0.113 seconds
[2024-10-03T07:14:01.195+0000] {processor.py:186} INFO - Started process (PID=2367) to work on /home/airflow/.local/lib/python3.12/site-packages/airflow/example_dags/example_xcomargs.py
[2024-10-03T07:14:01.197+0000] {processor.py:914} INFO - Processing file /home/airflow/.local/lib/python3.12/site-packages/airflow/example_dags/example_xcomargs.py for tasks to queue
[2024-10-03T07:14:01.200+0000] {logging_mixin.py:190} INFO - [2024-10-03T07:14:01.199+0000] {dagbag.py:588} INFO - Filling up the DagBag from /home/airflow/.local/lib/python3.12/site-packages/airflow/example_dags/example_xcomargs.py
[2024-10-03T07:14:01.215+0000] {processor.py:925} INFO - DAG(s) 'example_xcom_args_with_operators', 'example_xcom_args' retrieved from /home/airflow/.local/lib/python3.12/site-packages/airflow/example_dags/example_xcomargs.py
[2024-10-03T07:14:01.260+0000] {logging_mixin.py:190} INFO - [2024-10-03T07:14:01.259+0000] {dag.py:3239} INFO - Sync 2 DAGs
[2024-10-03T07:14:01.286+0000] {logging_mixin.py:190} INFO - [2024-10-03T07:14:01.285+0000] {dag.py:4180} INFO - Setting next_dagrun for example_xcom_args to None, run_after=None
[2024-10-03T07:14:01.293+0000] {logging_mixin.py:190} INFO - [2024-10-03T07:14:01.293+0000] {dag.py:4180} INFO - Setting next_dagrun for example_xcom_args_with_operators to None, run_after=None
[2024-10-03T07:14:01.333+0000] {processor.py:208} INFO - Processing /home/airflow/.local/lib/python3.12/site-packages/airflow/example_dags/example_xcomargs.py took 0.146 seconds
[2024-10-03T07:14:31.957+0000] {processor.py:186} INFO - Started process (PID=2430) to work on /home/airflow/.local/lib/python3.12/site-packages/airflow/example_dags/example_xcomargs.py
[2024-10-03T07:14:31.960+0000] {processor.py:914} INFO - Processing file /home/airflow/.local/lib/python3.12/site-packages/airflow/example_dags/example_xcomargs.py for tasks to queue
[2024-10-03T07:14:31.962+0000] {logging_mixin.py:190} INFO - [2024-10-03T07:14:31.961+0000] {dagbag.py:588} INFO - Filling up the DagBag from /home/airflow/.local/lib/python3.12/site-packages/airflow/example_dags/example_xcomargs.py
[2024-10-03T07:14:31.990+0000] {processor.py:925} INFO - DAG(s) 'example_xcom_args', 'example_xcom_args_with_operators' retrieved from /home/airflow/.local/lib/python3.12/site-packages/airflow/example_dags/example_xcomargs.py
[2024-10-03T07:14:32.053+0000] {logging_mixin.py:190} INFO - [2024-10-03T07:14:32.052+0000] {dag.py:3239} INFO - Sync 2 DAGs
[2024-10-03T07:14:32.090+0000] {logging_mixin.py:190} INFO - [2024-10-03T07:14:32.089+0000] {dag.py:4180} INFO - Setting next_dagrun for example_xcom_args to None, run_after=None
[2024-10-03T07:14:32.099+0000] {logging_mixin.py:190} INFO - [2024-10-03T07:14:32.098+0000] {dag.py:4180} INFO - Setting next_dagrun for example_xcom_args_with_operators to None, run_after=None
[2024-10-03T07:14:32.149+0000] {processor.py:208} INFO - Processing /home/airflow/.local/lib/python3.12/site-packages/airflow/example_dags/example_xcomargs.py took 0.201 seconds
[2024-10-03T07:15:02.891+0000] {processor.py:186} INFO - Started process (PID=2493) to work on /home/airflow/.local/lib/python3.12/site-packages/airflow/example_dags/example_xcomargs.py
[2024-10-03T07:15:02.893+0000] {processor.py:914} INFO - Processing file /home/airflow/.local/lib/python3.12/site-packages/airflow/example_dags/example_xcomargs.py for tasks to queue
[2024-10-03T07:15:02.895+0000] {logging_mixin.py:190} INFO - [2024-10-03T07:15:02.894+0000] {dagbag.py:588} INFO - Filling up the DagBag from /home/airflow/.local/lib/python3.12/site-packages/airflow/example_dags/example_xcomargs.py
[2024-10-03T07:15:02.907+0000] {processor.py:925} INFO - DAG(s) 'example_xcom_args', 'example_xcom_args_with_operators' retrieved from /home/airflow/.local/lib/python3.12/site-packages/airflow/example_dags/example_xcomargs.py
[2024-10-03T07:15:02.938+0000] {logging_mixin.py:190} INFO - [2024-10-03T07:15:02.938+0000] {dag.py:3239} INFO - Sync 2 DAGs
[2024-10-03T07:15:02.956+0000] {logging_mixin.py:190} INFO - [2024-10-03T07:15:02.956+0000] {dag.py:4180} INFO - Setting next_dagrun for example_xcom_args to None, run_after=None
[2024-10-03T07:15:02.962+0000] {logging_mixin.py:190} INFO - [2024-10-03T07:15:02.962+0000] {dag.py:4180} INFO - Setting next_dagrun for example_xcom_args_with_operators to None, run_after=None
[2024-10-03T07:15:02.985+0000] {processor.py:208} INFO - Processing /home/airflow/.local/lib/python3.12/site-packages/airflow/example_dags/example_xcomargs.py took 0.100 seconds
[2024-10-03T07:15:33.544+0000] {processor.py:186} INFO - Started process (PID=2556) to work on /home/airflow/.local/lib/python3.12/site-packages/airflow/example_dags/example_xcomargs.py
[2024-10-03T07:15:33.546+0000] {processor.py:914} INFO - Processing file /home/airflow/.local/lib/python3.12/site-packages/airflow/example_dags/example_xcomargs.py for tasks to queue
[2024-10-03T07:15:33.549+0000] {logging_mixin.py:190} INFO - [2024-10-03T07:15:33.548+0000] {dagbag.py:588} INFO - Filling up the DagBag from /home/airflow/.local/lib/python3.12/site-packages/airflow/example_dags/example_xcomargs.py
[2024-10-03T07:15:33.566+0000] {processor.py:925} INFO - DAG(s) 'example_xcom_args_with_operators', 'example_xcom_args' retrieved from /home/airflow/.local/lib/python3.12/site-packages/airflow/example_dags/example_xcomargs.py
[2024-10-03T07:15:33.599+0000] {logging_mixin.py:190} INFO - [2024-10-03T07:15:33.599+0000] {dag.py:3239} INFO - Sync 2 DAGs
[2024-10-03T07:15:33.634+0000] {logging_mixin.py:190} INFO - [2024-10-03T07:15:33.634+0000] {dag.py:4180} INFO - Setting next_dagrun for example_xcom_args to None, run_after=None
[2024-10-03T07:15:33.641+0000] {logging_mixin.py:190} INFO - [2024-10-03T07:15:33.640+0000] {dag.py:4180} INFO - Setting next_dagrun for example_xcom_args_with_operators to None, run_after=None
[2024-10-03T07:15:33.666+0000] {processor.py:208} INFO - Processing /home/airflow/.local/lib/python3.12/site-packages/airflow/example_dags/example_xcomargs.py took 0.130 seconds
[2024-10-03T07:16:04.320+0000] {processor.py:186} INFO - Started process (PID=2617) to work on /home/airflow/.local/lib/python3.12/site-packages/airflow/example_dags/example_xcomargs.py
[2024-10-03T07:16:04.321+0000] {processor.py:914} INFO - Processing file /home/airflow/.local/lib/python3.12/site-packages/airflow/example_dags/example_xcomargs.py for tasks to queue
[2024-10-03T07:16:04.323+0000] {logging_mixin.py:190} INFO - [2024-10-03T07:16:04.323+0000] {dagbag.py:588} INFO - Filling up the DagBag from /home/airflow/.local/lib/python3.12/site-packages/airflow/example_dags/example_xcomargs.py
[2024-10-03T07:16:04.337+0000] {processor.py:925} INFO - DAG(s) 'example_xcom_args_with_operators', 'example_xcom_args' retrieved from /home/airflow/.local/lib/python3.12/site-packages/airflow/example_dags/example_xcomargs.py
[2024-10-03T07:16:04.374+0000] {logging_mixin.py:190} INFO - [2024-10-03T07:16:04.373+0000] {dag.py:3239} INFO - Sync 2 DAGs
[2024-10-03T07:16:04.394+0000] {logging_mixin.py:190} INFO - [2024-10-03T07:16:04.394+0000] {dag.py:4180} INFO - Setting next_dagrun for example_xcom_args to None, run_after=None
[2024-10-03T07:16:04.400+0000] {logging_mixin.py:190} INFO - [2024-10-03T07:16:04.399+0000] {dag.py:4180} INFO - Setting next_dagrun for example_xcom_args_with_operators to None, run_after=None
[2024-10-03T07:16:04.428+0000] {processor.py:208} INFO - Processing /home/airflow/.local/lib/python3.12/site-packages/airflow/example_dags/example_xcomargs.py took 0.116 seconds
[2024-10-03T07:16:35.302+0000] {processor.py:186} INFO - Started process (PID=2680) to work on /home/airflow/.local/lib/python3.12/site-packages/airflow/example_dags/example_xcomargs.py
[2024-10-03T07:16:35.304+0000] {processor.py:914} INFO - Processing file /home/airflow/.local/lib/python3.12/site-packages/airflow/example_dags/example_xcomargs.py for tasks to queue
[2024-10-03T07:16:35.306+0000] {logging_mixin.py:190} INFO - [2024-10-03T07:16:35.306+0000] {dagbag.py:588} INFO - Filling up the DagBag from /home/airflow/.local/lib/python3.12/site-packages/airflow/example_dags/example_xcomargs.py
[2024-10-03T07:16:35.322+0000] {processor.py:925} INFO - DAG(s) 'example_xcom_args', 'example_xcom_args_with_operators' retrieved from /home/airflow/.local/lib/python3.12/site-packages/airflow/example_dags/example_xcomargs.py
[2024-10-03T07:16:35.355+0000] {logging_mixin.py:190} INFO - [2024-10-03T07:16:35.354+0000] {dag.py:3239} INFO - Sync 2 DAGs
[2024-10-03T07:16:35.377+0000] {logging_mixin.py:190} INFO - [2024-10-03T07:16:35.377+0000] {dag.py:4180} INFO - Setting next_dagrun for example_xcom_args to None, run_after=None
[2024-10-03T07:16:35.382+0000] {logging_mixin.py:190} INFO - [2024-10-03T07:16:35.382+0000] {dag.py:4180} INFO - Setting next_dagrun for example_xcom_args_with_operators to None, run_after=None
[2024-10-03T07:16:35.412+0000] {processor.py:208} INFO - Processing /home/airflow/.local/lib/python3.12/site-packages/airflow/example_dags/example_xcomargs.py took 0.118 seconds
[2024-10-03T07:17:05.835+0000] {processor.py:186} INFO - Started process (PID=2743) to work on /home/airflow/.local/lib/python3.12/site-packages/airflow/example_dags/example_xcomargs.py
[2024-10-03T07:17:05.837+0000] {processor.py:914} INFO - Processing file /home/airflow/.local/lib/python3.12/site-packages/airflow/example_dags/example_xcomargs.py for tasks to queue
[2024-10-03T07:17:05.838+0000] {logging_mixin.py:190} INFO - [2024-10-03T07:17:05.838+0000] {dagbag.py:588} INFO - Filling up the DagBag from /home/airflow/.local/lib/python3.12/site-packages/airflow/example_dags/example_xcomargs.py
[2024-10-03T07:17:05.850+0000] {processor.py:925} INFO - DAG(s) 'example_xcom_args', 'example_xcom_args_with_operators' retrieved from /home/airflow/.local/lib/python3.12/site-packages/airflow/example_dags/example_xcomargs.py
[2024-10-03T07:17:05.880+0000] {logging_mixin.py:190} INFO - [2024-10-03T07:17:05.880+0000] {dag.py:3239} INFO - Sync 2 DAGs
[2024-10-03T07:17:05.898+0000] {logging_mixin.py:190} INFO - [2024-10-03T07:17:05.898+0000] {dag.py:4180} INFO - Setting next_dagrun for example_xcom_args to None, run_after=None
[2024-10-03T07:17:05.903+0000] {logging_mixin.py:190} INFO - [2024-10-03T07:17:05.903+0000] {dag.py:4180} INFO - Setting next_dagrun for example_xcom_args_with_operators to None, run_after=None
[2024-10-03T07:17:05.931+0000] {processor.py:208} INFO - Processing /home/airflow/.local/lib/python3.12/site-packages/airflow/example_dags/example_xcomargs.py took 0.102 seconds
[2024-10-03T07:17:36.523+0000] {processor.py:186} INFO - Started process (PID=2806) to work on /home/airflow/.local/lib/python3.12/site-packages/airflow/example_dags/example_xcomargs.py
[2024-10-03T07:17:36.524+0000] {processor.py:914} INFO - Processing file /home/airflow/.local/lib/python3.12/site-packages/airflow/example_dags/example_xcomargs.py for tasks to queue
[2024-10-03T07:17:36.526+0000] {logging_mixin.py:190} INFO - [2024-10-03T07:17:36.526+0000] {dagbag.py:588} INFO - Filling up the DagBag from /home/airflow/.local/lib/python3.12/site-packages/airflow/example_dags/example_xcomargs.py
[2024-10-03T07:17:36.538+0000] {processor.py:925} INFO - DAG(s) 'example_xcom_args', 'example_xcom_args_with_operators' retrieved from /home/airflow/.local/lib/python3.12/site-packages/airflow/example_dags/example_xcomargs.py
[2024-10-03T07:17:36.565+0000] {logging_mixin.py:190} INFO - [2024-10-03T07:17:36.565+0000] {dag.py:3239} INFO - Sync 2 DAGs
[2024-10-03T07:17:36.583+0000] {logging_mixin.py:190} INFO - [2024-10-03T07:17:36.582+0000] {dag.py:4180} INFO - Setting next_dagrun for example_xcom_args to None, run_after=None
[2024-10-03T07:17:36.588+0000] {logging_mixin.py:190} INFO - [2024-10-03T07:17:36.588+0000] {dag.py:4180} INFO - Setting next_dagrun for example_xcom_args_with_operators to None, run_after=None
[2024-10-03T07:17:36.614+0000] {processor.py:208} INFO - Processing /home/airflow/.local/lib/python3.12/site-packages/airflow/example_dags/example_xcomargs.py took 0.097 seconds
[2024-10-03T07:18:07.066+0000] {processor.py:186} INFO - Started process (PID=2868) to work on /home/airflow/.local/lib/python3.12/site-packages/airflow/example_dags/example_xcomargs.py
[2024-10-03T07:18:07.067+0000] {processor.py:914} INFO - Processing file /home/airflow/.local/lib/python3.12/site-packages/airflow/example_dags/example_xcomargs.py for tasks to queue
[2024-10-03T07:18:07.069+0000] {logging_mixin.py:190} INFO - [2024-10-03T07:18:07.069+0000] {dagbag.py:588} INFO - Filling up the DagBag from /home/airflow/.local/lib/python3.12/site-packages/airflow/example_dags/example_xcomargs.py
[2024-10-03T07:18:07.082+0000] {processor.py:925} INFO - DAG(s) 'example_xcom_args', 'example_xcom_args_with_operators' retrieved from /home/airflow/.local/lib/python3.12/site-packages/airflow/example_dags/example_xcomargs.py
[2024-10-03T07:18:07.113+0000] {logging_mixin.py:190} INFO - [2024-10-03T07:18:07.113+0000] {dag.py:3239} INFO - Sync 2 DAGs
[2024-10-03T07:18:07.131+0000] {logging_mixin.py:190} INFO - [2024-10-03T07:18:07.131+0000] {dag.py:4180} INFO - Setting next_dagrun for example_xcom_args to None, run_after=None
[2024-10-03T07:18:07.136+0000] {logging_mixin.py:190} INFO - [2024-10-03T07:18:07.136+0000] {dag.py:4180} INFO - Setting next_dagrun for example_xcom_args_with_operators to None, run_after=None
[2024-10-03T07:18:07.163+0000] {processor.py:208} INFO - Processing /home/airflow/.local/lib/python3.12/site-packages/airflow/example_dags/example_xcomargs.py took 0.104 seconds
[2024-10-03T07:18:37.819+0000] {processor.py:186} INFO - Started process (PID=2931) to work on /home/airflow/.local/lib/python3.12/site-packages/airflow/example_dags/example_xcomargs.py
[2024-10-03T07:18:37.821+0000] {processor.py:914} INFO - Processing file /home/airflow/.local/lib/python3.12/site-packages/airflow/example_dags/example_xcomargs.py for tasks to queue
[2024-10-03T07:18:37.823+0000] {logging_mixin.py:190} INFO - [2024-10-03T07:18:37.823+0000] {dagbag.py:588} INFO - Filling up the DagBag from /home/airflow/.local/lib/python3.12/site-packages/airflow/example_dags/example_xcomargs.py
[2024-10-03T07:18:37.837+0000] {processor.py:925} INFO - DAG(s) 'example_xcom_args_with_operators', 'example_xcom_args' retrieved from /home/airflow/.local/lib/python3.12/site-packages/airflow/example_dags/example_xcomargs.py
[2024-10-03T07:18:37.887+0000] {logging_mixin.py:190} INFO - [2024-10-03T07:18:37.887+0000] {dag.py:3239} INFO - Sync 2 DAGs
[2024-10-03T07:18:37.907+0000] {logging_mixin.py:190} INFO - [2024-10-03T07:18:37.907+0000] {dag.py:4180} INFO - Setting next_dagrun for example_xcom_args to None, run_after=None
[2024-10-03T07:18:37.913+0000] {logging_mixin.py:190} INFO - [2024-10-03T07:18:37.912+0000] {dag.py:4180} INFO - Setting next_dagrun for example_xcom_args_with_operators to None, run_after=None
[2024-10-03T07:18:37.941+0000] {processor.py:208} INFO - Processing /home/airflow/.local/lib/python3.12/site-packages/airflow/example_dags/example_xcomargs.py took 0.129 seconds
