[2024-10-03T06:34:02.128+0000] {processor.py:157} INFO - Started process (PID=127) to work on /home/airflow/.local/lib/python3.8/site-packages/airflow/example_dags/example_branch_operator.py
[2024-10-03T06:34:02.131+0000] {processor.py:829} INFO - Processing file /home/airflow/.local/lib/python3.8/site-packages/airflow/example_dags/example_branch_operator.py for tasks to queue
[2024-10-03T06:34:02.136+0000] {logging_mixin.py:151} INFO - [2024-10-03T06:34:02.135+0000] {dagbag.py:539} INFO - Filling up the DagBag from /home/airflow/.local/lib/python3.8/site-packages/airflow/example_dags/example_branch_operator.py
[2024-10-03T06:34:02.155+0000] {processor.py:839} INFO - DAG(s) dict_keys(['example_branch_operator']) retrieved from /home/airflow/.local/lib/python3.8/site-packages/airflow/example_dags/example_branch_operator.py
[2024-10-03T06:34:02.396+0000] {logging_mixin.py:151} INFO - [2024-10-03T06:34:02.395+0000] {manager.py:501} INFO - Created Permission View: can delete on DAG:example_branch_operator
[2024-10-03T06:34:02.686+0000] {logging_mixin.py:151} INFO - [2024-10-03T06:34:02.685+0000] {manager.py:501} INFO - Created Permission View: can read on DAG:example_branch_operator
[2024-10-03T06:34:02.711+0000] {logging_mixin.py:151} INFO - [2024-10-03T06:34:02.711+0000] {manager.py:501} INFO - Created Permission View: can edit on DAG:example_branch_operator
[2024-10-03T06:34:02.756+0000] {logging_mixin.py:151} INFO - [2024-10-03T06:34:02.755+0000] {dag.py:2907} INFO - Sync 1 DAGs
[2024-10-03T06:34:02.786+0000] {logging_mixin.py:151} INFO - [2024-10-03T06:34:02.785+0000] {dag.py:2929} INFO - Creating ORM DAG for example_branch_operator
[2024-10-03T06:34:02.829+0000] {logging_mixin.py:151} INFO - [2024-10-03T06:34:02.829+0000] {dag.py:3677} INFO - Setting next_dagrun for example_branch_operator to 2024-10-02T00:00:00+00:00, run_after=2024-10-03T00:00:00+00:00
[2024-10-03T06:34:02.889+0000] {processor.py:179} INFO - Processing /home/airflow/.local/lib/python3.8/site-packages/airflow/example_dags/example_branch_operator.py took 0.768 seconds
[2024-10-03T06:34:33.666+0000] {processor.py:157} INFO - Started process (PID=185) to work on /home/airflow/.local/lib/python3.8/site-packages/airflow/example_dags/example_branch_operator.py
[2024-10-03T06:34:33.668+0000] {processor.py:829} INFO - Processing file /home/airflow/.local/lib/python3.8/site-packages/airflow/example_dags/example_branch_operator.py for tasks to queue
[2024-10-03T06:34:33.672+0000] {logging_mixin.py:151} INFO - [2024-10-03T06:34:33.672+0000] {dagbag.py:539} INFO - Filling up the DagBag from /home/airflow/.local/lib/python3.8/site-packages/airflow/example_dags/example_branch_operator.py
[2024-10-03T06:34:33.688+0000] {processor.py:839} INFO - DAG(s) dict_keys(['example_branch_operator']) retrieved from /home/airflow/.local/lib/python3.8/site-packages/airflow/example_dags/example_branch_operator.py
[2024-10-03T06:34:33.747+0000] {logging_mixin.py:151} INFO - [2024-10-03T06:34:33.747+0000] {dag.py:2907} INFO - Sync 1 DAGs
[2024-10-03T06:34:33.793+0000] {logging_mixin.py:151} INFO - [2024-10-03T06:34:33.793+0000] {dag.py:3677} INFO - Setting next_dagrun for example_branch_operator to 2024-10-02T00:00:00+00:00, run_after=2024-10-03T00:00:00+00:00
[2024-10-03T06:34:33.966+0000] {processor.py:179} INFO - Processing /home/airflow/.local/lib/python3.8/site-packages/airflow/example_dags/example_branch_operator.py took 0.305 seconds
[2024-10-03T06:35:04.185+0000] {processor.py:157} INFO - Started process (PID=243) to work on /home/airflow/.local/lib/python3.8/site-packages/airflow/example_dags/example_branch_operator.py
[2024-10-03T06:35:04.188+0000] {processor.py:829} INFO - Processing file /home/airflow/.local/lib/python3.8/site-packages/airflow/example_dags/example_branch_operator.py for tasks to queue
[2024-10-03T06:35:04.194+0000] {logging_mixin.py:151} INFO - [2024-10-03T06:35:04.194+0000] {dagbag.py:539} INFO - Filling up the DagBag from /home/airflow/.local/lib/python3.8/site-packages/airflow/example_dags/example_branch_operator.py
[2024-10-03T06:35:04.220+0000] {processor.py:839} INFO - DAG(s) dict_keys(['example_branch_operator']) retrieved from /home/airflow/.local/lib/python3.8/site-packages/airflow/example_dags/example_branch_operator.py
[2024-10-03T06:35:04.277+0000] {logging_mixin.py:151} INFO - [2024-10-03T06:35:04.276+0000] {dag.py:2907} INFO - Sync 1 DAGs
[2024-10-03T06:35:04.331+0000] {logging_mixin.py:151} INFO - [2024-10-03T06:35:04.330+0000] {dag.py:3677} INFO - Setting next_dagrun for example_branch_operator to 2024-10-02T00:00:00+00:00, run_after=2024-10-03T00:00:00+00:00
[2024-10-03T06:35:04.398+0000] {processor.py:179} INFO - Processing /home/airflow/.local/lib/python3.8/site-packages/airflow/example_dags/example_branch_operator.py took 0.219 seconds
[2024-10-03T06:35:34.703+0000] {processor.py:157} INFO - Started process (PID=301) to work on /home/airflow/.local/lib/python3.8/site-packages/airflow/example_dags/example_branch_operator.py
[2024-10-03T06:35:34.705+0000] {processor.py:829} INFO - Processing file /home/airflow/.local/lib/python3.8/site-packages/airflow/example_dags/example_branch_operator.py for tasks to queue
[2024-10-03T06:35:34.710+0000] {logging_mixin.py:151} INFO - [2024-10-03T06:35:34.709+0000] {dagbag.py:539} INFO - Filling up the DagBag from /home/airflow/.local/lib/python3.8/site-packages/airflow/example_dags/example_branch_operator.py
[2024-10-03T06:35:34.723+0000] {processor.py:839} INFO - DAG(s) dict_keys(['example_branch_operator']) retrieved from /home/airflow/.local/lib/python3.8/site-packages/airflow/example_dags/example_branch_operator.py
[2024-10-03T06:35:34.762+0000] {logging_mixin.py:151} INFO - [2024-10-03T06:35:34.761+0000] {dag.py:2907} INFO - Sync 1 DAGs
[2024-10-03T06:35:34.804+0000] {logging_mixin.py:151} INFO - [2024-10-03T06:35:34.803+0000] {dag.py:3677} INFO - Setting next_dagrun for example_branch_operator to 2024-10-02T00:00:00+00:00, run_after=2024-10-03T00:00:00+00:00
[2024-10-03T06:35:34.849+0000] {processor.py:179} INFO - Processing /home/airflow/.local/lib/python3.8/site-packages/airflow/example_dags/example_branch_operator.py took 0.151 seconds
[2024-10-03T06:36:05.473+0000] {processor.py:157} INFO - Started process (PID=360) to work on /home/airflow/.local/lib/python3.8/site-packages/airflow/example_dags/example_branch_operator.py
[2024-10-03T06:36:05.475+0000] {processor.py:829} INFO - Processing file /home/airflow/.local/lib/python3.8/site-packages/airflow/example_dags/example_branch_operator.py for tasks to queue
[2024-10-03T06:36:05.480+0000] {logging_mixin.py:151} INFO - [2024-10-03T06:36:05.480+0000] {dagbag.py:539} INFO - Filling up the DagBag from /home/airflow/.local/lib/python3.8/site-packages/airflow/example_dags/example_branch_operator.py
[2024-10-03T06:36:05.497+0000] {processor.py:839} INFO - DAG(s) dict_keys(['example_branch_operator']) retrieved from /home/airflow/.local/lib/python3.8/site-packages/airflow/example_dags/example_branch_operator.py
[2024-10-03T06:36:05.540+0000] {logging_mixin.py:151} INFO - [2024-10-03T06:36:05.540+0000] {dag.py:2907} INFO - Sync 1 DAGs
[2024-10-03T06:36:05.581+0000] {logging_mixin.py:151} INFO - [2024-10-03T06:36:05.581+0000] {dag.py:3677} INFO - Setting next_dagrun for example_branch_operator to 2024-10-02T00:00:00+00:00, run_after=2024-10-03T00:00:00+00:00
[2024-10-03T06:36:05.620+0000] {processor.py:179} INFO - Processing /home/airflow/.local/lib/python3.8/site-packages/airflow/example_dags/example_branch_operator.py took 0.153 seconds
[2024-10-03T06:36:35.826+0000] {processor.py:157} INFO - Started process (PID=418) to work on /home/airflow/.local/lib/python3.8/site-packages/airflow/example_dags/example_branch_operator.py
[2024-10-03T06:36:35.829+0000] {processor.py:829} INFO - Processing file /home/airflow/.local/lib/python3.8/site-packages/airflow/example_dags/example_branch_operator.py for tasks to queue
[2024-10-03T06:36:35.835+0000] {logging_mixin.py:151} INFO - [2024-10-03T06:36:35.834+0000] {dagbag.py:539} INFO - Filling up the DagBag from /home/airflow/.local/lib/python3.8/site-packages/airflow/example_dags/example_branch_operator.py
[2024-10-03T06:36:35.851+0000] {processor.py:839} INFO - DAG(s) dict_keys(['example_branch_operator']) retrieved from /home/airflow/.local/lib/python3.8/site-packages/airflow/example_dags/example_branch_operator.py
[2024-10-03T06:36:35.902+0000] {logging_mixin.py:151} INFO - [2024-10-03T06:36:35.902+0000] {dag.py:2907} INFO - Sync 1 DAGs
[2024-10-03T06:36:35.955+0000] {logging_mixin.py:151} INFO - [2024-10-03T06:36:35.954+0000] {dag.py:3677} INFO - Setting next_dagrun for example_branch_operator to 2024-10-02T00:00:00+00:00, run_after=2024-10-03T00:00:00+00:00
[2024-10-03T06:36:36.011+0000] {processor.py:179} INFO - Processing /home/airflow/.local/lib/python3.8/site-packages/airflow/example_dags/example_branch_operator.py took 0.190 seconds
[2024-10-03T06:41:23.107+0000] {processor.py:157} INFO - Started process (PID=113) to work on /home/airflow/.local/lib/python3.8/site-packages/airflow/example_dags/example_branch_operator.py
[2024-10-03T06:41:23.113+0000] {processor.py:829} INFO - Processing file /home/airflow/.local/lib/python3.8/site-packages/airflow/example_dags/example_branch_operator.py for tasks to queue
[2024-10-03T06:41:23.124+0000] {logging_mixin.py:151} INFO - [2024-10-03T06:41:23.122+0000] {dagbag.py:539} INFO - Filling up the DagBag from /home/airflow/.local/lib/python3.8/site-packages/airflow/example_dags/example_branch_operator.py
[2024-10-03T06:41:23.255+0000] {processor.py:839} INFO - DAG(s) dict_keys(['example_branch_operator']) retrieved from /home/airflow/.local/lib/python3.8/site-packages/airflow/example_dags/example_branch_operator.py
[2024-10-03T06:41:23.419+0000] {logging_mixin.py:151} INFO - [2024-10-03T06:41:23.416+0000] {dag.py:2907} INFO - Sync 1 DAGs
[2024-10-03T06:41:23.516+0000] {logging_mixin.py:151} INFO - [2024-10-03T06:41:23.515+0000] {dag.py:3677} INFO - Setting next_dagrun for example_branch_operator to 2024-10-02T00:00:00+00:00, run_after=2024-10-03T00:00:00+00:00
[2024-10-03T06:41:23.616+0000] {processor.py:179} INFO - Processing /home/airflow/.local/lib/python3.8/site-packages/airflow/example_dags/example_branch_operator.py took 0.523 seconds
[2024-10-03T06:41:54.002+0000] {processor.py:157} INFO - Started process (PID=171) to work on /home/airflow/.local/lib/python3.8/site-packages/airflow/example_dags/example_branch_operator.py
[2024-10-03T06:41:54.004+0000] {processor.py:829} INFO - Processing file /home/airflow/.local/lib/python3.8/site-packages/airflow/example_dags/example_branch_operator.py for tasks to queue
[2024-10-03T06:41:54.009+0000] {logging_mixin.py:151} INFO - [2024-10-03T06:41:54.008+0000] {dagbag.py:539} INFO - Filling up the DagBag from /home/airflow/.local/lib/python3.8/site-packages/airflow/example_dags/example_branch_operator.py
[2024-10-03T06:41:54.025+0000] {processor.py:839} INFO - DAG(s) dict_keys(['example_branch_operator']) retrieved from /home/airflow/.local/lib/python3.8/site-packages/airflow/example_dags/example_branch_operator.py
[2024-10-03T06:41:54.074+0000] {logging_mixin.py:151} INFO - [2024-10-03T06:41:54.074+0000] {dag.py:2907} INFO - Sync 1 DAGs
[2024-10-03T06:41:54.117+0000] {logging_mixin.py:151} INFO - [2024-10-03T06:41:54.117+0000] {dag.py:3677} INFO - Setting next_dagrun for example_branch_operator to 2024-10-02T00:00:00+00:00, run_after=2024-10-03T00:00:00+00:00
[2024-10-03T06:41:54.158+0000] {processor.py:179} INFO - Processing /home/airflow/.local/lib/python3.8/site-packages/airflow/example_dags/example_branch_operator.py took 0.161 seconds
[2024-10-03T06:42:25.276+0000] {processor.py:157} INFO - Started process (PID=229) to work on /home/airflow/.local/lib/python3.8/site-packages/airflow/example_dags/example_branch_operator.py
[2024-10-03T06:42:25.283+0000] {processor.py:829} INFO - Processing file /home/airflow/.local/lib/python3.8/site-packages/airflow/example_dags/example_branch_operator.py for tasks to queue
[2024-10-03T06:42:25.291+0000] {logging_mixin.py:151} INFO - [2024-10-03T06:42:25.290+0000] {dagbag.py:539} INFO - Filling up the DagBag from /home/airflow/.local/lib/python3.8/site-packages/airflow/example_dags/example_branch_operator.py
[2024-10-03T06:42:25.338+0000] {processor.py:839} INFO - DAG(s) dict_keys(['example_branch_operator']) retrieved from /home/airflow/.local/lib/python3.8/site-packages/airflow/example_dags/example_branch_operator.py
[2024-10-03T06:42:25.456+0000] {logging_mixin.py:151} INFO - [2024-10-03T06:42:25.455+0000] {dag.py:2907} INFO - Sync 1 DAGs
[2024-10-03T06:42:25.627+0000] {logging_mixin.py:151} INFO - [2024-10-03T06:42:25.626+0000] {dag.py:3677} INFO - Setting next_dagrun for example_branch_operator to 2024-10-02T00:00:00+00:00, run_after=2024-10-03T00:00:00+00:00
[2024-10-03T06:42:25.728+0000] {processor.py:179} INFO - Processing /home/airflow/.local/lib/python3.8/site-packages/airflow/example_dags/example_branch_operator.py took 0.461 seconds
[2024-10-03T06:52:51.979+0000] {processor.py:186} INFO - Started process (PID=112) to work on /home/airflow/.local/lib/python3.12/site-packages/airflow/example_dags/example_branch_operator.py
[2024-10-03T06:52:51.983+0000] {processor.py:914} INFO - Processing file /home/airflow/.local/lib/python3.12/site-packages/airflow/example_dags/example_branch_operator.py for tasks to queue
[2024-10-03T06:52:51.990+0000] {logging_mixin.py:190} INFO - [2024-10-03T06:52:51.989+0000] {dagbag.py:588} INFO - Filling up the DagBag from /home/airflow/.local/lib/python3.12/site-packages/airflow/example_dags/example_branch_operator.py
[2024-10-03T06:52:52.042+0000] {processor.py:925} INFO - DAG(s) 'example_branch_operator' retrieved from /home/airflow/.local/lib/python3.12/site-packages/airflow/example_dags/example_branch_operator.py
[2024-10-03T06:52:52.462+0000] {logging_mixin.py:190} INFO - [2024-10-03T06:52:52.462+0000] {dag.py:3239} INFO - Sync 1 DAGs
[2024-10-03T06:52:52.537+0000] {logging_mixin.py:190} INFO - [2024-10-03T06:52:52.536+0000] {dag.py:4180} INFO - Setting next_dagrun for example_branch_operator to 2024-10-02 00:00:00+00:00, run_after=2024-10-03 00:00:00+00:00
[2024-10-03T06:52:52.727+0000] {processor.py:208} INFO - Processing /home/airflow/.local/lib/python3.12/site-packages/airflow/example_dags/example_branch_operator.py took 0.763 seconds
[2024-10-03T06:53:23.542+0000] {processor.py:186} INFO - Started process (PID=176) to work on /home/airflow/.local/lib/python3.12/site-packages/airflow/example_dags/example_branch_operator.py
[2024-10-03T06:53:23.545+0000] {processor.py:914} INFO - Processing file /home/airflow/.local/lib/python3.12/site-packages/airflow/example_dags/example_branch_operator.py for tasks to queue
[2024-10-03T06:53:23.552+0000] {logging_mixin.py:190} INFO - [2024-10-03T06:53:23.551+0000] {dagbag.py:588} INFO - Filling up the DagBag from /home/airflow/.local/lib/python3.12/site-packages/airflow/example_dags/example_branch_operator.py
[2024-10-03T06:53:23.597+0000] {processor.py:925} INFO - DAG(s) 'example_branch_operator' retrieved from /home/airflow/.local/lib/python3.12/site-packages/airflow/example_dags/example_branch_operator.py
[2024-10-03T06:53:23.671+0000] {logging_mixin.py:190} INFO - [2024-10-03T06:53:23.671+0000] {dag.py:3239} INFO - Sync 1 DAGs
[2024-10-03T06:53:23.758+0000] {logging_mixin.py:190} INFO - [2024-10-03T06:53:23.758+0000] {dag.py:4180} INFO - Setting next_dagrun for example_branch_operator to 2024-10-02 00:00:00+00:00, run_after=2024-10-03 00:00:00+00:00
[2024-10-03T06:53:23.817+0000] {processor.py:208} INFO - Processing /home/airflow/.local/lib/python3.12/site-packages/airflow/example_dags/example_branch_operator.py took 0.287 seconds
[2024-10-03T06:53:54.334+0000] {processor.py:186} INFO - Started process (PID=240) to work on /home/airflow/.local/lib/python3.12/site-packages/airflow/example_dags/example_branch_operator.py
[2024-10-03T06:53:54.341+0000] {processor.py:914} INFO - Processing file /home/airflow/.local/lib/python3.12/site-packages/airflow/example_dags/example_branch_operator.py for tasks to queue
[2024-10-03T06:53:54.345+0000] {logging_mixin.py:190} INFO - [2024-10-03T06:53:54.344+0000] {dagbag.py:588} INFO - Filling up the DagBag from /home/airflow/.local/lib/python3.12/site-packages/airflow/example_dags/example_branch_operator.py
[2024-10-03T06:53:54.371+0000] {processor.py:925} INFO - DAG(s) 'example_branch_operator' retrieved from /home/airflow/.local/lib/python3.12/site-packages/airflow/example_dags/example_branch_operator.py
[2024-10-03T06:53:54.406+0000] {logging_mixin.py:190} INFO - [2024-10-03T06:53:54.405+0000] {dag.py:3239} INFO - Sync 1 DAGs
[2024-10-03T06:53:54.437+0000] {logging_mixin.py:190} INFO - [2024-10-03T06:53:54.436+0000] {dag.py:4180} INFO - Setting next_dagrun for example_branch_operator to 2024-10-02 00:00:00+00:00, run_after=2024-10-03 00:00:00+00:00
[2024-10-03T06:53:54.493+0000] {processor.py:208} INFO - Processing /home/airflow/.local/lib/python3.12/site-packages/airflow/example_dags/example_branch_operator.py took 0.167 seconds
[2024-10-03T06:54:25.172+0000] {processor.py:186} INFO - Started process (PID=304) to work on /home/airflow/.local/lib/python3.12/site-packages/airflow/example_dags/example_branch_operator.py
[2024-10-03T06:54:25.245+0000] {processor.py:914} INFO - Processing file /home/airflow/.local/lib/python3.12/site-packages/airflow/example_dags/example_branch_operator.py for tasks to queue
[2024-10-03T06:54:25.250+0000] {logging_mixin.py:190} INFO - [2024-10-03T06:54:25.249+0000] {dagbag.py:588} INFO - Filling up the DagBag from /home/airflow/.local/lib/python3.12/site-packages/airflow/example_dags/example_branch_operator.py
[2024-10-03T06:54:25.471+0000] {processor.py:925} INFO - DAG(s) 'example_branch_operator' retrieved from /home/airflow/.local/lib/python3.12/site-packages/airflow/example_dags/example_branch_operator.py
[2024-10-03T06:54:25.667+0000] {logging_mixin.py:190} INFO - [2024-10-03T06:54:25.665+0000] {dag.py:3239} INFO - Sync 1 DAGs
[2024-10-03T06:54:25.769+0000] {logging_mixin.py:190} INFO - [2024-10-03T06:54:25.769+0000] {dag.py:4180} INFO - Setting next_dagrun for example_branch_operator to 2024-10-02 00:00:00+00:00, run_after=2024-10-03 00:00:00+00:00
[2024-10-03T06:54:25.852+0000] {processor.py:208} INFO - Processing /home/airflow/.local/lib/python3.12/site-packages/airflow/example_dags/example_branch_operator.py took 0.687 seconds
[2024-10-03T06:54:56.217+0000] {processor.py:186} INFO - Started process (PID=368) to work on /home/airflow/.local/lib/python3.12/site-packages/airflow/example_dags/example_branch_operator.py
[2024-10-03T06:54:56.296+0000] {processor.py:914} INFO - Processing file /home/airflow/.local/lib/python3.12/site-packages/airflow/example_dags/example_branch_operator.py for tasks to queue
[2024-10-03T06:54:56.301+0000] {logging_mixin.py:190} INFO - [2024-10-03T06:54:56.300+0000] {dagbag.py:588} INFO - Filling up the DagBag from /home/airflow/.local/lib/python3.12/site-packages/airflow/example_dags/example_branch_operator.py
[2024-10-03T06:54:56.328+0000] {processor.py:925} INFO - DAG(s) 'example_branch_operator' retrieved from /home/airflow/.local/lib/python3.12/site-packages/airflow/example_dags/example_branch_operator.py
[2024-10-03T06:54:56.465+0000] {logging_mixin.py:190} INFO - [2024-10-03T06:54:56.464+0000] {dag.py:3239} INFO - Sync 1 DAGs
[2024-10-03T06:54:56.518+0000] {logging_mixin.py:190} INFO - [2024-10-03T06:54:56.517+0000] {dag.py:4180} INFO - Setting next_dagrun for example_branch_operator to 2024-10-02 00:00:00+00:00, run_after=2024-10-03 00:00:00+00:00
[2024-10-03T06:54:56.565+0000] {processor.py:208} INFO - Processing /home/airflow/.local/lib/python3.12/site-packages/airflow/example_dags/example_branch_operator.py took 0.358 seconds
[2024-10-03T06:55:26.689+0000] {processor.py:186} INFO - Started process (PID=432) to work on /home/airflow/.local/lib/python3.12/site-packages/airflow/example_dags/example_branch_operator.py
[2024-10-03T06:55:26.692+0000] {processor.py:914} INFO - Processing file /home/airflow/.local/lib/python3.12/site-packages/airflow/example_dags/example_branch_operator.py for tasks to queue
[2024-10-03T06:55:26.695+0000] {logging_mixin.py:190} INFO - [2024-10-03T06:55:26.695+0000] {dagbag.py:588} INFO - Filling up the DagBag from /home/airflow/.local/lib/python3.12/site-packages/airflow/example_dags/example_branch_operator.py
[2024-10-03T06:55:26.733+0000] {processor.py:925} INFO - DAG(s) 'example_branch_operator' retrieved from /home/airflow/.local/lib/python3.12/site-packages/airflow/example_dags/example_branch_operator.py
[2024-10-03T06:55:26.840+0000] {logging_mixin.py:190} INFO - [2024-10-03T06:55:26.839+0000] {dag.py:3239} INFO - Sync 1 DAGs
[2024-10-03T06:55:26.877+0000] {logging_mixin.py:190} INFO - [2024-10-03T06:55:26.876+0000] {dag.py:4180} INFO - Setting next_dagrun for example_branch_operator to 2024-10-02 00:00:00+00:00, run_after=2024-10-03 00:00:00+00:00
[2024-10-03T06:55:26.949+0000] {processor.py:208} INFO - Processing /home/airflow/.local/lib/python3.12/site-packages/airflow/example_dags/example_branch_operator.py took 0.273 seconds
[2024-10-03T06:55:57.564+0000] {processor.py:186} INFO - Started process (PID=496) to work on /home/airflow/.local/lib/python3.12/site-packages/airflow/example_dags/example_branch_operator.py
[2024-10-03T06:55:57.566+0000] {processor.py:914} INFO - Processing file /home/airflow/.local/lib/python3.12/site-packages/airflow/example_dags/example_branch_operator.py for tasks to queue
[2024-10-03T06:55:57.571+0000] {logging_mixin.py:190} INFO - [2024-10-03T06:55:57.570+0000] {dagbag.py:588} INFO - Filling up the DagBag from /home/airflow/.local/lib/python3.12/site-packages/airflow/example_dags/example_branch_operator.py
[2024-10-03T06:55:57.601+0000] {processor.py:925} INFO - DAG(s) 'example_branch_operator' retrieved from /home/airflow/.local/lib/python3.12/site-packages/airflow/example_dags/example_branch_operator.py
[2024-10-03T06:55:57.652+0000] {logging_mixin.py:190} INFO - [2024-10-03T06:55:57.650+0000] {dag.py:3239} INFO - Sync 1 DAGs
[2024-10-03T06:55:57.723+0000] {logging_mixin.py:190} INFO - [2024-10-03T06:55:57.723+0000] {dag.py:4180} INFO - Setting next_dagrun for example_branch_operator to 2024-10-02 00:00:00+00:00, run_after=2024-10-03 00:00:00+00:00
[2024-10-03T06:55:57.796+0000] {processor.py:208} INFO - Processing /home/airflow/.local/lib/python3.12/site-packages/airflow/example_dags/example_branch_operator.py took 0.245 seconds
[2024-10-03T06:56:28.015+0000] {processor.py:186} INFO - Started process (PID=561) to work on /home/airflow/.local/lib/python3.12/site-packages/airflow/example_dags/example_branch_operator.py
[2024-10-03T06:56:28.017+0000] {processor.py:914} INFO - Processing file /home/airflow/.local/lib/python3.12/site-packages/airflow/example_dags/example_branch_operator.py for tasks to queue
[2024-10-03T06:56:28.020+0000] {logging_mixin.py:190} INFO - [2024-10-03T06:56:28.019+0000] {dagbag.py:588} INFO - Filling up the DagBag from /home/airflow/.local/lib/python3.12/site-packages/airflow/example_dags/example_branch_operator.py
[2024-10-03T06:56:28.047+0000] {processor.py:925} INFO - DAG(s) 'example_branch_operator' retrieved from /home/airflow/.local/lib/python3.12/site-packages/airflow/example_dags/example_branch_operator.py
[2024-10-03T06:56:28.084+0000] {logging_mixin.py:190} INFO - [2024-10-03T06:56:28.084+0000] {dag.py:3239} INFO - Sync 1 DAGs
[2024-10-03T06:56:28.126+0000] {logging_mixin.py:190} INFO - [2024-10-03T06:56:28.126+0000] {dag.py:4180} INFO - Setting next_dagrun for example_branch_operator to 2024-10-02 00:00:00+00:00, run_after=2024-10-03 00:00:00+00:00
[2024-10-03T06:56:28.157+0000] {processor.py:208} INFO - Processing /home/airflow/.local/lib/python3.12/site-packages/airflow/example_dags/example_branch_operator.py took 0.150 seconds
[2024-10-03T06:56:58.446+0000] {processor.py:186} INFO - Started process (PID=625) to work on /home/airflow/.local/lib/python3.12/site-packages/airflow/example_dags/example_branch_operator.py
[2024-10-03T06:56:58.448+0000] {processor.py:914} INFO - Processing file /home/airflow/.local/lib/python3.12/site-packages/airflow/example_dags/example_branch_operator.py for tasks to queue
[2024-10-03T06:56:58.453+0000] {logging_mixin.py:190} INFO - [2024-10-03T06:56:58.452+0000] {dagbag.py:588} INFO - Filling up the DagBag from /home/airflow/.local/lib/python3.12/site-packages/airflow/example_dags/example_branch_operator.py
[2024-10-03T06:56:58.483+0000] {processor.py:925} INFO - DAG(s) 'example_branch_operator' retrieved from /home/airflow/.local/lib/python3.12/site-packages/airflow/example_dags/example_branch_operator.py
[2024-10-03T06:56:58.581+0000] {logging_mixin.py:190} INFO - [2024-10-03T06:56:58.580+0000] {dag.py:3239} INFO - Sync 1 DAGs
[2024-10-03T06:56:58.615+0000] {logging_mixin.py:190} INFO - [2024-10-03T06:56:58.615+0000] {dag.py:4180} INFO - Setting next_dagrun for example_branch_operator to 2024-10-02 00:00:00+00:00, run_after=2024-10-03 00:00:00+00:00
[2024-10-03T06:56:58.693+0000] {processor.py:208} INFO - Processing /home/airflow/.local/lib/python3.12/site-packages/airflow/example_dags/example_branch_operator.py took 0.255 seconds
[2024-10-03T06:57:30.860+0000] {processor.py:186} INFO - Started process (PID=688) to work on /home/airflow/.local/lib/python3.12/site-packages/airflow/example_dags/example_branch_operator.py
[2024-10-03T06:57:30.865+0000] {processor.py:914} INFO - Processing file /home/airflow/.local/lib/python3.12/site-packages/airflow/example_dags/example_branch_operator.py for tasks to queue
[2024-10-03T06:57:30.872+0000] {logging_mixin.py:190} INFO - [2024-10-03T06:57:30.871+0000] {dagbag.py:588} INFO - Filling up the DagBag from /home/airflow/.local/lib/python3.12/site-packages/airflow/example_dags/example_branch_operator.py
[2024-10-03T06:57:30.946+0000] {processor.py:925} INFO - DAG(s) 'example_branch_operator' retrieved from /home/airflow/.local/lib/python3.12/site-packages/airflow/example_dags/example_branch_operator.py
[2024-10-03T06:57:31.062+0000] {logging_mixin.py:190} INFO - [2024-10-03T06:57:31.060+0000] {dag.py:3239} INFO - Sync 1 DAGs
[2024-10-03T06:57:31.160+0000] {logging_mixin.py:190} INFO - [2024-10-03T06:57:31.159+0000] {dag.py:4180} INFO - Setting next_dagrun for example_branch_operator to 2024-10-02 00:00:00+00:00, run_after=2024-10-03 00:00:00+00:00
[2024-10-03T06:57:31.246+0000] {processor.py:208} INFO - Processing /home/airflow/.local/lib/python3.12/site-packages/airflow/example_dags/example_branch_operator.py took 0.401 seconds
[2024-10-03T06:58:02.085+0000] {processor.py:186} INFO - Started process (PID=752) to work on /home/airflow/.local/lib/python3.12/site-packages/airflow/example_dags/example_branch_operator.py
[2024-10-03T06:58:02.087+0000] {processor.py:914} INFO - Processing file /home/airflow/.local/lib/python3.12/site-packages/airflow/example_dags/example_branch_operator.py for tasks to queue
[2024-10-03T06:58:02.090+0000] {logging_mixin.py:190} INFO - [2024-10-03T06:58:02.090+0000] {dagbag.py:588} INFO - Filling up the DagBag from /home/airflow/.local/lib/python3.12/site-packages/airflow/example_dags/example_branch_operator.py
[2024-10-03T06:58:02.110+0000] {processor.py:925} INFO - DAG(s) 'example_branch_operator' retrieved from /home/airflow/.local/lib/python3.12/site-packages/airflow/example_dags/example_branch_operator.py
[2024-10-03T06:58:02.143+0000] {logging_mixin.py:190} INFO - [2024-10-03T06:58:02.143+0000] {dag.py:3239} INFO - Sync 1 DAGs
[2024-10-03T06:58:02.172+0000] {logging_mixin.py:190} INFO - [2024-10-03T06:58:02.172+0000] {dag.py:4180} INFO - Setting next_dagrun for example_branch_operator to 2024-10-02 00:00:00+00:00, run_after=2024-10-03 00:00:00+00:00
[2024-10-03T06:58:02.201+0000] {processor.py:208} INFO - Processing /home/airflow/.local/lib/python3.12/site-packages/airflow/example_dags/example_branch_operator.py took 0.124 seconds
[2024-10-03T06:58:32.465+0000] {processor.py:186} INFO - Started process (PID=816) to work on /home/airflow/.local/lib/python3.12/site-packages/airflow/example_dags/example_branch_operator.py
[2024-10-03T06:58:32.466+0000] {processor.py:914} INFO - Processing file /home/airflow/.local/lib/python3.12/site-packages/airflow/example_dags/example_branch_operator.py for tasks to queue
[2024-10-03T06:58:32.470+0000] {logging_mixin.py:190} INFO - [2024-10-03T06:58:32.469+0000] {dagbag.py:588} INFO - Filling up the DagBag from /home/airflow/.local/lib/python3.12/site-packages/airflow/example_dags/example_branch_operator.py
[2024-10-03T06:58:32.489+0000] {processor.py:925} INFO - DAG(s) 'example_branch_operator' retrieved from /home/airflow/.local/lib/python3.12/site-packages/airflow/example_dags/example_branch_operator.py
[2024-10-03T06:58:32.521+0000] {logging_mixin.py:190} INFO - [2024-10-03T06:58:32.521+0000] {dag.py:3239} INFO - Sync 1 DAGs
[2024-10-03T06:58:32.553+0000] {logging_mixin.py:190} INFO - [2024-10-03T06:58:32.553+0000] {dag.py:4180} INFO - Setting next_dagrun for example_branch_operator to 2024-10-02 00:00:00+00:00, run_after=2024-10-03 00:00:00+00:00
[2024-10-03T06:58:32.583+0000] {processor.py:208} INFO - Processing /home/airflow/.local/lib/python3.12/site-packages/airflow/example_dags/example_branch_operator.py took 0.127 seconds
[2024-10-03T06:59:03.209+0000] {processor.py:186} INFO - Started process (PID=880) to work on /home/airflow/.local/lib/python3.12/site-packages/airflow/example_dags/example_branch_operator.py
[2024-10-03T06:59:03.211+0000] {processor.py:914} INFO - Processing file /home/airflow/.local/lib/python3.12/site-packages/airflow/example_dags/example_branch_operator.py for tasks to queue
[2024-10-03T06:59:03.215+0000] {logging_mixin.py:190} INFO - [2024-10-03T06:59:03.215+0000] {dagbag.py:588} INFO - Filling up the DagBag from /home/airflow/.local/lib/python3.12/site-packages/airflow/example_dags/example_branch_operator.py
[2024-10-03T06:59:03.239+0000] {processor.py:925} INFO - DAG(s) 'example_branch_operator' retrieved from /home/airflow/.local/lib/python3.12/site-packages/airflow/example_dags/example_branch_operator.py
[2024-10-03T06:59:03.283+0000] {logging_mixin.py:190} INFO - [2024-10-03T06:59:03.282+0000] {dag.py:3239} INFO - Sync 1 DAGs
[2024-10-03T06:59:03.316+0000] {logging_mixin.py:190} INFO - [2024-10-03T06:59:03.316+0000] {dag.py:4180} INFO - Setting next_dagrun for example_branch_operator to 2024-10-02 00:00:00+00:00, run_after=2024-10-03 00:00:00+00:00
[2024-10-03T06:59:03.361+0000] {processor.py:208} INFO - Processing /home/airflow/.local/lib/python3.12/site-packages/airflow/example_dags/example_branch_operator.py took 0.159 seconds
[2024-10-03T06:59:34.211+0000] {processor.py:186} INFO - Started process (PID=944) to work on /home/airflow/.local/lib/python3.12/site-packages/airflow/example_dags/example_branch_operator.py
[2024-10-03T06:59:34.224+0000] {processor.py:914} INFO - Processing file /home/airflow/.local/lib/python3.12/site-packages/airflow/example_dags/example_branch_operator.py for tasks to queue
[2024-10-03T06:59:34.251+0000] {logging_mixin.py:190} INFO - [2024-10-03T06:59:34.246+0000] {dagbag.py:588} INFO - Filling up the DagBag from /home/airflow/.local/lib/python3.12/site-packages/airflow/example_dags/example_branch_operator.py
[2024-10-03T06:59:34.509+0000] {processor.py:925} INFO - DAG(s) 'example_branch_operator' retrieved from /home/airflow/.local/lib/python3.12/site-packages/airflow/example_dags/example_branch_operator.py
[2024-10-03T06:59:35.133+0000] {logging_mixin.py:190} INFO - [2024-10-03T06:59:35.132+0000] {dag.py:3239} INFO - Sync 1 DAGs
[2024-10-03T06:59:35.371+0000] {logging_mixin.py:190} INFO - [2024-10-03T06:59:35.371+0000] {dag.py:4180} INFO - Setting next_dagrun for example_branch_operator to 2024-10-02 00:00:00+00:00, run_after=2024-10-03 00:00:00+00:00
[2024-10-03T06:59:35.427+0000] {processor.py:208} INFO - Processing /home/airflow/.local/lib/python3.12/site-packages/airflow/example_dags/example_branch_operator.py took 1.365 seconds
[2024-10-03T07:00:12.599+0000] {processor.py:186} INFO - Started process (PID=1009) to work on /home/airflow/.local/lib/python3.12/site-packages/airflow/example_dags/example_branch_operator.py
[2024-10-03T07:00:12.602+0000] {processor.py:914} INFO - Processing file /home/airflow/.local/lib/python3.12/site-packages/airflow/example_dags/example_branch_operator.py for tasks to queue
[2024-10-03T07:00:12.607+0000] {logging_mixin.py:190} INFO - [2024-10-03T07:00:12.606+0000] {dagbag.py:588} INFO - Filling up the DagBag from /home/airflow/.local/lib/python3.12/site-packages/airflow/example_dags/example_branch_operator.py
[2024-10-03T07:00:12.646+0000] {processor.py:925} INFO - DAG(s) 'example_branch_operator' retrieved from /home/airflow/.local/lib/python3.12/site-packages/airflow/example_dags/example_branch_operator.py
[2024-10-03T07:00:12.699+0000] {logging_mixin.py:190} INFO - [2024-10-03T07:00:12.699+0000] {dag.py:3239} INFO - Sync 1 DAGs
[2024-10-03T07:00:12.747+0000] {logging_mixin.py:190} INFO - [2024-10-03T07:00:12.746+0000] {dag.py:4180} INFO - Setting next_dagrun for example_branch_operator to 2024-10-02 00:00:00+00:00, run_after=2024-10-03 00:00:00+00:00
[2024-10-03T07:00:12.789+0000] {processor.py:208} INFO - Processing /home/airflow/.local/lib/python3.12/site-packages/airflow/example_dags/example_branch_operator.py took 0.202 seconds
[2024-10-03T07:00:43.698+0000] {processor.py:186} INFO - Started process (PID=1069) to work on /home/airflow/.local/lib/python3.12/site-packages/airflow/example_dags/example_branch_operator.py
[2024-10-03T07:00:43.700+0000] {processor.py:914} INFO - Processing file /home/airflow/.local/lib/python3.12/site-packages/airflow/example_dags/example_branch_operator.py for tasks to queue
[2024-10-03T07:00:43.702+0000] {logging_mixin.py:190} INFO - [2024-10-03T07:00:43.702+0000] {dagbag.py:588} INFO - Filling up the DagBag from /home/airflow/.local/lib/python3.12/site-packages/airflow/example_dags/example_branch_operator.py
[2024-10-03T07:00:43.721+0000] {processor.py:925} INFO - DAG(s) 'example_branch_operator' retrieved from /home/airflow/.local/lib/python3.12/site-packages/airflow/example_dags/example_branch_operator.py
[2024-10-03T07:00:43.754+0000] {logging_mixin.py:190} INFO - [2024-10-03T07:00:43.753+0000] {dag.py:3239} INFO - Sync 1 DAGs
[2024-10-03T07:00:43.782+0000] {logging_mixin.py:190} INFO - [2024-10-03T07:00:43.782+0000] {dag.py:4180} INFO - Setting next_dagrun for example_branch_operator to 2024-10-02 00:00:00+00:00, run_after=2024-10-03 00:00:00+00:00
[2024-10-03T07:00:43.809+0000] {processor.py:208} INFO - Processing /home/airflow/.local/lib/python3.12/site-packages/airflow/example_dags/example_branch_operator.py took 0.117 seconds
[2024-10-03T07:01:21.013+0000] {processor.py:186} INFO - Started process (PID=1120) to work on /home/airflow/.local/lib/python3.12/site-packages/airflow/example_dags/example_branch_operator.py
[2024-10-03T07:01:21.016+0000] {processor.py:914} INFO - Processing file /home/airflow/.local/lib/python3.12/site-packages/airflow/example_dags/example_branch_operator.py for tasks to queue
[2024-10-03T07:01:21.020+0000] {logging_mixin.py:190} INFO - [2024-10-03T07:01:21.019+0000] {dagbag.py:588} INFO - Filling up the DagBag from /home/airflow/.local/lib/python3.12/site-packages/airflow/example_dags/example_branch_operator.py
[2024-10-03T07:01:21.064+0000] {processor.py:925} INFO - DAG(s) 'example_branch_operator' retrieved from /home/airflow/.local/lib/python3.12/site-packages/airflow/example_dags/example_branch_operator.py
[2024-10-03T07:01:21.119+0000] {logging_mixin.py:190} INFO - [2024-10-03T07:01:21.118+0000] {dag.py:3239} INFO - Sync 1 DAGs
[2024-10-03T07:01:21.167+0000] {logging_mixin.py:190} INFO - [2024-10-03T07:01:21.166+0000] {dag.py:4180} INFO - Setting next_dagrun for example_branch_operator to 2024-10-02 00:00:00+00:00, run_after=2024-10-03 00:00:00+00:00
[2024-10-03T07:01:21.212+0000] {processor.py:208} INFO - Processing /home/airflow/.local/lib/python3.12/site-packages/airflow/example_dags/example_branch_operator.py took 0.221 seconds
[2024-10-03T07:02:39.804+0000] {processor.py:186} INFO - Started process (PID=1177) to work on /home/airflow/.local/lib/python3.12/site-packages/airflow/example_dags/example_branch_operator.py
[2024-10-03T07:02:39.806+0000] {processor.py:914} INFO - Processing file /home/airflow/.local/lib/python3.12/site-packages/airflow/example_dags/example_branch_operator.py for tasks to queue
[2024-10-03T07:02:39.808+0000] {logging_mixin.py:190} INFO - [2024-10-03T07:02:39.808+0000] {dagbag.py:588} INFO - Filling up the DagBag from /home/airflow/.local/lib/python3.12/site-packages/airflow/example_dags/example_branch_operator.py
[2024-10-03T07:02:39.847+0000] {processor.py:925} INFO - DAG(s) 'example_branch_operator' retrieved from /home/airflow/.local/lib/python3.12/site-packages/airflow/example_dags/example_branch_operator.py
[2024-10-03T07:02:40.139+0000] {logging_mixin.py:190} INFO - [2024-10-03T07:02:40.130+0000] {dag.py:3239} INFO - Sync 1 DAGs
[2024-10-03T07:02:40.208+0000] {logging_mixin.py:190} INFO - [2024-10-03T07:02:40.208+0000] {dag.py:4180} INFO - Setting next_dagrun for example_branch_operator to 2024-10-02 00:00:00+00:00, run_after=2024-10-03 00:00:00+00:00
[2024-10-03T07:02:40.252+0000] {processor.py:208} INFO - Processing /home/airflow/.local/lib/python3.12/site-packages/airflow/example_dags/example_branch_operator.py took 0.455 seconds
[2024-10-03T07:03:10.408+0000] {processor.py:186} INFO - Started process (PID=1240) to work on /home/airflow/.local/lib/python3.12/site-packages/airflow/example_dags/example_branch_operator.py
[2024-10-03T07:03:10.409+0000] {processor.py:914} INFO - Processing file /home/airflow/.local/lib/python3.12/site-packages/airflow/example_dags/example_branch_operator.py for tasks to queue
[2024-10-03T07:03:10.411+0000] {logging_mixin.py:190} INFO - [2024-10-03T07:03:10.411+0000] {dagbag.py:588} INFO - Filling up the DagBag from /home/airflow/.local/lib/python3.12/site-packages/airflow/example_dags/example_branch_operator.py
[2024-10-03T07:03:10.441+0000] {processor.py:925} INFO - DAG(s) 'example_branch_operator' retrieved from /home/airflow/.local/lib/python3.12/site-packages/airflow/example_dags/example_branch_operator.py
[2024-10-03T07:03:10.483+0000] {logging_mixin.py:190} INFO - [2024-10-03T07:03:10.482+0000] {dag.py:3239} INFO - Sync 1 DAGs
[2024-10-03T07:03:10.523+0000] {logging_mixin.py:190} INFO - [2024-10-03T07:03:10.523+0000] {dag.py:4180} INFO - Setting next_dagrun for example_branch_operator to 2024-10-02 00:00:00+00:00, run_after=2024-10-03 00:00:00+00:00
[2024-10-03T07:03:10.564+0000] {processor.py:208} INFO - Processing /home/airflow/.local/lib/python3.12/site-packages/airflow/example_dags/example_branch_operator.py took 0.163 seconds
[2024-10-03T07:03:40.756+0000] {processor.py:186} INFO - Started process (PID=1303) to work on /home/airflow/.local/lib/python3.12/site-packages/airflow/example_dags/example_branch_operator.py
[2024-10-03T07:03:40.758+0000] {processor.py:914} INFO - Processing file /home/airflow/.local/lib/python3.12/site-packages/airflow/example_dags/example_branch_operator.py for tasks to queue
[2024-10-03T07:03:40.759+0000] {logging_mixin.py:190} INFO - [2024-10-03T07:03:40.759+0000] {dagbag.py:588} INFO - Filling up the DagBag from /home/airflow/.local/lib/python3.12/site-packages/airflow/example_dags/example_branch_operator.py
[2024-10-03T07:03:40.783+0000] {processor.py:925} INFO - DAG(s) 'example_branch_operator' retrieved from /home/airflow/.local/lib/python3.12/site-packages/airflow/example_dags/example_branch_operator.py
[2024-10-03T07:03:40.816+0000] {logging_mixin.py:190} INFO - [2024-10-03T07:03:40.815+0000] {dag.py:3239} INFO - Sync 1 DAGs
[2024-10-03T07:03:40.845+0000] {logging_mixin.py:190} INFO - [2024-10-03T07:03:40.845+0000] {dag.py:4180} INFO - Setting next_dagrun for example_branch_operator to 2024-10-02 00:00:00+00:00, run_after=2024-10-03 00:00:00+00:00
[2024-10-03T07:03:40.868+0000] {processor.py:208} INFO - Processing /home/airflow/.local/lib/python3.12/site-packages/airflow/example_dags/example_branch_operator.py took 0.118 seconds
[2024-10-03T07:04:11.681+0000] {processor.py:186} INFO - Started process (PID=1366) to work on /home/airflow/.local/lib/python3.12/site-packages/airflow/example_dags/example_branch_operator.py
[2024-10-03T07:04:11.682+0000] {processor.py:914} INFO - Processing file /home/airflow/.local/lib/python3.12/site-packages/airflow/example_dags/example_branch_operator.py for tasks to queue
[2024-10-03T07:04:11.684+0000] {logging_mixin.py:190} INFO - [2024-10-03T07:04:11.683+0000] {dagbag.py:588} INFO - Filling up the DagBag from /home/airflow/.local/lib/python3.12/site-packages/airflow/example_dags/example_branch_operator.py
[2024-10-03T07:04:11.707+0000] {processor.py:925} INFO - DAG(s) 'example_branch_operator' retrieved from /home/airflow/.local/lib/python3.12/site-packages/airflow/example_dags/example_branch_operator.py
[2024-10-03T07:04:11.743+0000] {logging_mixin.py:190} INFO - [2024-10-03T07:04:11.742+0000] {dag.py:3239} INFO - Sync 1 DAGs
[2024-10-03T07:04:11.776+0000] {logging_mixin.py:190} INFO - [2024-10-03T07:04:11.776+0000] {dag.py:4180} INFO - Setting next_dagrun for example_branch_operator to 2024-10-02 00:00:00+00:00, run_after=2024-10-03 00:00:00+00:00
[2024-10-03T07:04:11.808+0000] {processor.py:208} INFO - Processing /home/airflow/.local/lib/python3.12/site-packages/airflow/example_dags/example_branch_operator.py took 0.135 seconds
[2024-10-03T07:04:41.945+0000] {processor.py:186} INFO - Started process (PID=1429) to work on /home/airflow/.local/lib/python3.12/site-packages/airflow/example_dags/example_branch_operator.py
[2024-10-03T07:04:41.946+0000] {processor.py:914} INFO - Processing file /home/airflow/.local/lib/python3.12/site-packages/airflow/example_dags/example_branch_operator.py for tasks to queue
[2024-10-03T07:04:41.947+0000] {logging_mixin.py:190} INFO - [2024-10-03T07:04:41.947+0000] {dagbag.py:588} INFO - Filling up the DagBag from /home/airflow/.local/lib/python3.12/site-packages/airflow/example_dags/example_branch_operator.py
[2024-10-03T07:04:41.970+0000] {processor.py:925} INFO - DAG(s) 'example_branch_operator' retrieved from /home/airflow/.local/lib/python3.12/site-packages/airflow/example_dags/example_branch_operator.py
[2024-10-03T07:04:42.010+0000] {logging_mixin.py:190} INFO - [2024-10-03T07:04:42.009+0000] {dag.py:3239} INFO - Sync 1 DAGs
[2024-10-03T07:04:42.043+0000] {logging_mixin.py:190} INFO - [2024-10-03T07:04:42.042+0000] {dag.py:4180} INFO - Setting next_dagrun for example_branch_operator to 2024-10-02 00:00:00+00:00, run_after=2024-10-03 00:00:00+00:00
[2024-10-03T07:04:42.074+0000] {processor.py:208} INFO - Processing /home/airflow/.local/lib/python3.12/site-packages/airflow/example_dags/example_branch_operator.py took 0.136 seconds
[2024-10-03T07:05:13.892+0000] {processor.py:186} INFO - Started process (PID=1491) to work on /home/airflow/.local/lib/python3.12/site-packages/airflow/example_dags/example_branch_operator.py
[2024-10-03T07:05:13.895+0000] {processor.py:914} INFO - Processing file /home/airflow/.local/lib/python3.12/site-packages/airflow/example_dags/example_branch_operator.py for tasks to queue
[2024-10-03T07:05:13.896+0000] {logging_mixin.py:190} INFO - [2024-10-03T07:05:13.896+0000] {dagbag.py:588} INFO - Filling up the DagBag from /home/airflow/.local/lib/python3.12/site-packages/airflow/example_dags/example_branch_operator.py
[2024-10-03T07:05:13.920+0000] {processor.py:925} INFO - DAG(s) 'example_branch_operator' retrieved from /home/airflow/.local/lib/python3.12/site-packages/airflow/example_dags/example_branch_operator.py
[2024-10-03T07:05:13.960+0000] {logging_mixin.py:190} INFO - [2024-10-03T07:05:13.960+0000] {dag.py:3239} INFO - Sync 1 DAGs
[2024-10-03T07:05:14.000+0000] {logging_mixin.py:190} INFO - [2024-10-03T07:05:14.000+0000] {dag.py:4180} INFO - Setting next_dagrun for example_branch_operator to 2024-10-02 00:00:00+00:00, run_after=2024-10-03 00:00:00+00:00
[2024-10-03T07:05:14.040+0000] {processor.py:208} INFO - Processing /home/airflow/.local/lib/python3.12/site-packages/airflow/example_dags/example_branch_operator.py took 0.157 seconds
[2024-10-03T07:07:09.019+0000] {processor.py:186} INFO - Started process (PID=1554) to work on /home/airflow/.local/lib/python3.12/site-packages/airflow/example_dags/example_branch_operator.py
[2024-10-03T07:07:09.020+0000] {processor.py:914} INFO - Processing file /home/airflow/.local/lib/python3.12/site-packages/airflow/example_dags/example_branch_operator.py for tasks to queue
[2024-10-03T07:07:09.022+0000] {logging_mixin.py:190} INFO - [2024-10-03T07:07:09.022+0000] {dagbag.py:588} INFO - Filling up the DagBag from /home/airflow/.local/lib/python3.12/site-packages/airflow/example_dags/example_branch_operator.py
[2024-10-03T07:07:09.048+0000] {processor.py:925} INFO - DAG(s) 'example_branch_operator' retrieved from /home/airflow/.local/lib/python3.12/site-packages/airflow/example_dags/example_branch_operator.py
[2024-10-03T07:07:09.086+0000] {logging_mixin.py:190} INFO - [2024-10-03T07:07:09.086+0000] {dag.py:3239} INFO - Sync 1 DAGs
[2024-10-03T07:07:09.123+0000] {logging_mixin.py:190} INFO - [2024-10-03T07:07:09.122+0000] {dag.py:4180} INFO - Setting next_dagrun for example_branch_operator to 2024-10-02 00:00:00+00:00, run_after=2024-10-03 00:00:00+00:00
[2024-10-03T07:07:09.155+0000] {processor.py:208} INFO - Processing /home/airflow/.local/lib/python3.12/site-packages/airflow/example_dags/example_branch_operator.py took 0.144 seconds
[2024-10-03T07:07:39.566+0000] {processor.py:186} INFO - Started process (PID=1617) to work on /home/airflow/.local/lib/python3.12/site-packages/airflow/example_dags/example_branch_operator.py
[2024-10-03T07:07:39.567+0000] {processor.py:914} INFO - Processing file /home/airflow/.local/lib/python3.12/site-packages/airflow/example_dags/example_branch_operator.py for tasks to queue
[2024-10-03T07:07:39.569+0000] {logging_mixin.py:190} INFO - [2024-10-03T07:07:39.569+0000] {dagbag.py:588} INFO - Filling up the DagBag from /home/airflow/.local/lib/python3.12/site-packages/airflow/example_dags/example_branch_operator.py
[2024-10-03T07:07:39.596+0000] {processor.py:925} INFO - DAG(s) 'example_branch_operator' retrieved from /home/airflow/.local/lib/python3.12/site-packages/airflow/example_dags/example_branch_operator.py
[2024-10-03T07:07:39.634+0000] {logging_mixin.py:190} INFO - [2024-10-03T07:07:39.633+0000] {dag.py:3239} INFO - Sync 1 DAGs
[2024-10-03T07:07:39.669+0000] {logging_mixin.py:190} INFO - [2024-10-03T07:07:39.668+0000] {dag.py:4180} INFO - Setting next_dagrun for example_branch_operator to 2024-10-02 00:00:00+00:00, run_after=2024-10-03 00:00:00+00:00
[2024-10-03T07:07:39.703+0000] {processor.py:208} INFO - Processing /home/airflow/.local/lib/python3.12/site-packages/airflow/example_dags/example_branch_operator.py took 0.145 seconds
[2024-10-03T07:08:10.015+0000] {processor.py:186} INFO - Started process (PID=1680) to work on /home/airflow/.local/lib/python3.12/site-packages/airflow/example_dags/example_branch_operator.py
[2024-10-03T07:08:10.016+0000] {processor.py:914} INFO - Processing file /home/airflow/.local/lib/python3.12/site-packages/airflow/example_dags/example_branch_operator.py for tasks to queue
[2024-10-03T07:08:10.017+0000] {logging_mixin.py:190} INFO - [2024-10-03T07:08:10.017+0000] {dagbag.py:588} INFO - Filling up the DagBag from /home/airflow/.local/lib/python3.12/site-packages/airflow/example_dags/example_branch_operator.py
[2024-10-03T07:08:10.038+0000] {processor.py:925} INFO - DAG(s) 'example_branch_operator' retrieved from /home/airflow/.local/lib/python3.12/site-packages/airflow/example_dags/example_branch_operator.py
[2024-10-03T07:08:10.078+0000] {logging_mixin.py:190} INFO - [2024-10-03T07:08:10.077+0000] {dag.py:3239} INFO - Sync 1 DAGs
[2024-10-03T07:08:10.108+0000] {logging_mixin.py:190} INFO - [2024-10-03T07:08:10.107+0000] {dag.py:4180} INFO - Setting next_dagrun for example_branch_operator to 2024-10-02 00:00:00+00:00, run_after=2024-10-03 00:00:00+00:00
[2024-10-03T07:08:10.137+0000] {processor.py:208} INFO - Processing /home/airflow/.local/lib/python3.12/site-packages/airflow/example_dags/example_branch_operator.py took 0.130 seconds
[2024-10-03T07:08:52.225+0000] {processor.py:186} INFO - Started process (PID=1740) to work on /home/airflow/.local/lib/python3.12/site-packages/airflow/example_dags/example_branch_operator.py
[2024-10-03T07:08:52.226+0000] {processor.py:914} INFO - Processing file /home/airflow/.local/lib/python3.12/site-packages/airflow/example_dags/example_branch_operator.py for tasks to queue
[2024-10-03T07:08:52.228+0000] {logging_mixin.py:190} INFO - [2024-10-03T07:08:52.228+0000] {dagbag.py:588} INFO - Filling up the DagBag from /home/airflow/.local/lib/python3.12/site-packages/airflow/example_dags/example_branch_operator.py
[2024-10-03T07:08:52.246+0000] {processor.py:925} INFO - DAG(s) 'example_branch_operator' retrieved from /home/airflow/.local/lib/python3.12/site-packages/airflow/example_dags/example_branch_operator.py
[2024-10-03T07:08:52.282+0000] {logging_mixin.py:190} INFO - [2024-10-03T07:08:52.281+0000] {dag.py:3239} INFO - Sync 1 DAGs
[2024-10-03T07:08:52.315+0000] {logging_mixin.py:190} INFO - [2024-10-03T07:08:52.314+0000] {dag.py:4180} INFO - Setting next_dagrun for example_branch_operator to 2024-10-02 00:00:00+00:00, run_after=2024-10-03 00:00:00+00:00
[2024-10-03T07:08:52.347+0000] {processor.py:208} INFO - Processing /home/airflow/.local/lib/python3.12/site-packages/airflow/example_dags/example_branch_operator.py took 0.128 seconds
[2024-10-03T07:09:22.899+0000] {processor.py:186} INFO - Started process (PID=1803) to work on /home/airflow/.local/lib/python3.12/site-packages/airflow/example_dags/example_branch_operator.py
[2024-10-03T07:09:22.901+0000] {processor.py:914} INFO - Processing file /home/airflow/.local/lib/python3.12/site-packages/airflow/example_dags/example_branch_operator.py for tasks to queue
[2024-10-03T07:09:22.903+0000] {logging_mixin.py:190} INFO - [2024-10-03T07:09:22.902+0000] {dagbag.py:588} INFO - Filling up the DagBag from /home/airflow/.local/lib/python3.12/site-packages/airflow/example_dags/example_branch_operator.py
[2024-10-03T07:09:22.931+0000] {processor.py:925} INFO - DAG(s) 'example_branch_operator' retrieved from /home/airflow/.local/lib/python3.12/site-packages/airflow/example_dags/example_branch_operator.py
[2024-10-03T07:09:23.002+0000] {logging_mixin.py:190} INFO - [2024-10-03T07:09:23.002+0000] {dag.py:3239} INFO - Sync 1 DAGs
[2024-10-03T07:09:23.054+0000] {logging_mixin.py:190} INFO - [2024-10-03T07:09:23.054+0000] {dag.py:4180} INFO - Setting next_dagrun for example_branch_operator to 2024-10-02 00:00:00+00:00, run_after=2024-10-03 00:00:00+00:00
[2024-10-03T07:09:23.099+0000] {processor.py:208} INFO - Processing /home/airflow/.local/lib/python3.12/site-packages/airflow/example_dags/example_branch_operator.py took 0.209 seconds
[2024-10-03T07:09:54.136+0000] {processor.py:186} INFO - Started process (PID=1866) to work on /home/airflow/.local/lib/python3.12/site-packages/airflow/example_dags/example_branch_operator.py
[2024-10-03T07:09:54.139+0000] {processor.py:914} INFO - Processing file /home/airflow/.local/lib/python3.12/site-packages/airflow/example_dags/example_branch_operator.py for tasks to queue
[2024-10-03T07:09:54.142+0000] {logging_mixin.py:190} INFO - [2024-10-03T07:09:54.142+0000] {dagbag.py:588} INFO - Filling up the DagBag from /home/airflow/.local/lib/python3.12/site-packages/airflow/example_dags/example_branch_operator.py
[2024-10-03T07:09:54.174+0000] {processor.py:925} INFO - DAG(s) 'example_branch_operator' retrieved from /home/airflow/.local/lib/python3.12/site-packages/airflow/example_dags/example_branch_operator.py
[2024-10-03T07:09:54.229+0000] {logging_mixin.py:190} INFO - [2024-10-03T07:09:54.229+0000] {dag.py:3239} INFO - Sync 1 DAGs
[2024-10-03T07:09:54.267+0000] {logging_mixin.py:190} INFO - [2024-10-03T07:09:54.267+0000] {dag.py:4180} INFO - Setting next_dagrun for example_branch_operator to 2024-10-02 00:00:00+00:00, run_after=2024-10-03 00:00:00+00:00
[2024-10-03T07:09:54.298+0000] {processor.py:208} INFO - Processing /home/airflow/.local/lib/python3.12/site-packages/airflow/example_dags/example_branch_operator.py took 0.174 seconds
[2024-10-03T07:10:24.406+0000] {processor.py:186} INFO - Started process (PID=1929) to work on /home/airflow/.local/lib/python3.12/site-packages/airflow/example_dags/example_branch_operator.py
[2024-10-03T07:10:24.408+0000] {processor.py:914} INFO - Processing file /home/airflow/.local/lib/python3.12/site-packages/airflow/example_dags/example_branch_operator.py for tasks to queue
[2024-10-03T07:10:24.409+0000] {logging_mixin.py:190} INFO - [2024-10-03T07:10:24.409+0000] {dagbag.py:588} INFO - Filling up the DagBag from /home/airflow/.local/lib/python3.12/site-packages/airflow/example_dags/example_branch_operator.py
[2024-10-03T07:10:24.428+0000] {processor.py:925} INFO - DAG(s) 'example_branch_operator' retrieved from /home/airflow/.local/lib/python3.12/site-packages/airflow/example_dags/example_branch_operator.py
[2024-10-03T07:10:24.462+0000] {logging_mixin.py:190} INFO - [2024-10-03T07:10:24.462+0000] {dag.py:3239} INFO - Sync 1 DAGs
[2024-10-03T07:10:24.495+0000] {logging_mixin.py:190} INFO - [2024-10-03T07:10:24.495+0000] {dag.py:4180} INFO - Setting next_dagrun for example_branch_operator to 2024-10-02 00:00:00+00:00, run_after=2024-10-03 00:00:00+00:00
[2024-10-03T07:10:24.536+0000] {processor.py:208} INFO - Processing /home/airflow/.local/lib/python3.12/site-packages/airflow/example_dags/example_branch_operator.py took 0.137 seconds
[2024-10-03T07:10:54.785+0000] {processor.py:186} INFO - Started process (PID=1992) to work on /home/airflow/.local/lib/python3.12/site-packages/airflow/example_dags/example_branch_operator.py
[2024-10-03T07:10:54.786+0000] {processor.py:914} INFO - Processing file /home/airflow/.local/lib/python3.12/site-packages/airflow/example_dags/example_branch_operator.py for tasks to queue
[2024-10-03T07:10:54.788+0000] {logging_mixin.py:190} INFO - [2024-10-03T07:10:54.788+0000] {dagbag.py:588} INFO - Filling up the DagBag from /home/airflow/.local/lib/python3.12/site-packages/airflow/example_dags/example_branch_operator.py
[2024-10-03T07:10:54.806+0000] {processor.py:925} INFO - DAG(s) 'example_branch_operator' retrieved from /home/airflow/.local/lib/python3.12/site-packages/airflow/example_dags/example_branch_operator.py
[2024-10-03T07:10:54.840+0000] {logging_mixin.py:190} INFO - [2024-10-03T07:10:54.840+0000] {dag.py:3239} INFO - Sync 1 DAGs
[2024-10-03T07:10:54.866+0000] {logging_mixin.py:190} INFO - [2024-10-03T07:10:54.866+0000] {dag.py:4180} INFO - Setting next_dagrun for example_branch_operator to 2024-10-02 00:00:00+00:00, run_after=2024-10-03 00:00:00+00:00
[2024-10-03T07:10:54.893+0000] {processor.py:208} INFO - Processing /home/airflow/.local/lib/python3.12/site-packages/airflow/example_dags/example_branch_operator.py took 0.114 seconds
[2024-10-03T07:11:25.266+0000] {processor.py:186} INFO - Started process (PID=2055) to work on /home/airflow/.local/lib/python3.12/site-packages/airflow/example_dags/example_branch_operator.py
[2024-10-03T07:11:25.268+0000] {processor.py:914} INFO - Processing file /home/airflow/.local/lib/python3.12/site-packages/airflow/example_dags/example_branch_operator.py for tasks to queue
[2024-10-03T07:11:25.270+0000] {logging_mixin.py:190} INFO - [2024-10-03T07:11:25.269+0000] {dagbag.py:588} INFO - Filling up the DagBag from /home/airflow/.local/lib/python3.12/site-packages/airflow/example_dags/example_branch_operator.py
[2024-10-03T07:11:25.290+0000] {processor.py:925} INFO - DAG(s) 'example_branch_operator' retrieved from /home/airflow/.local/lib/python3.12/site-packages/airflow/example_dags/example_branch_operator.py
[2024-10-03T07:11:25.323+0000] {logging_mixin.py:190} INFO - [2024-10-03T07:11:25.323+0000] {dag.py:3239} INFO - Sync 1 DAGs
[2024-10-03T07:11:25.354+0000] {logging_mixin.py:190} INFO - [2024-10-03T07:11:25.354+0000] {dag.py:4180} INFO - Setting next_dagrun for example_branch_operator to 2024-10-02 00:00:00+00:00, run_after=2024-10-03 00:00:00+00:00
[2024-10-03T07:11:25.378+0000] {processor.py:208} INFO - Processing /home/airflow/.local/lib/python3.12/site-packages/airflow/example_dags/example_branch_operator.py took 0.119 seconds
[2024-10-03T07:11:56.320+0000] {processor.py:186} INFO - Started process (PID=2118) to work on /home/airflow/.local/lib/python3.12/site-packages/airflow/example_dags/example_branch_operator.py
[2024-10-03T07:11:56.321+0000] {processor.py:914} INFO - Processing file /home/airflow/.local/lib/python3.12/site-packages/airflow/example_dags/example_branch_operator.py for tasks to queue
[2024-10-03T07:11:56.323+0000] {logging_mixin.py:190} INFO - [2024-10-03T07:11:56.323+0000] {dagbag.py:588} INFO - Filling up the DagBag from /home/airflow/.local/lib/python3.12/site-packages/airflow/example_dags/example_branch_operator.py
[2024-10-03T07:11:56.340+0000] {processor.py:925} INFO - DAG(s) 'example_branch_operator' retrieved from /home/airflow/.local/lib/python3.12/site-packages/airflow/example_dags/example_branch_operator.py
[2024-10-03T07:11:56.372+0000] {logging_mixin.py:190} INFO - [2024-10-03T07:11:56.372+0000] {dag.py:3239} INFO - Sync 1 DAGs
[2024-10-03T07:11:56.399+0000] {logging_mixin.py:190} INFO - [2024-10-03T07:11:56.398+0000] {dag.py:4180} INFO - Setting next_dagrun for example_branch_operator to 2024-10-02 00:00:00+00:00, run_after=2024-10-03 00:00:00+00:00
[2024-10-03T07:11:56.425+0000] {processor.py:208} INFO - Processing /home/airflow/.local/lib/python3.12/site-packages/airflow/example_dags/example_branch_operator.py took 0.111 seconds
[2024-10-03T07:12:27.028+0000] {processor.py:186} INFO - Started process (PID=2181) to work on /home/airflow/.local/lib/python3.12/site-packages/airflow/example_dags/example_branch_operator.py
[2024-10-03T07:12:27.030+0000] {processor.py:914} INFO - Processing file /home/airflow/.local/lib/python3.12/site-packages/airflow/example_dags/example_branch_operator.py for tasks to queue
[2024-10-03T07:12:27.032+0000] {logging_mixin.py:190} INFO - [2024-10-03T07:12:27.031+0000] {dagbag.py:588} INFO - Filling up the DagBag from /home/airflow/.local/lib/python3.12/site-packages/airflow/example_dags/example_branch_operator.py
[2024-10-03T07:12:27.050+0000] {processor.py:925} INFO - DAG(s) 'example_branch_operator' retrieved from /home/airflow/.local/lib/python3.12/site-packages/airflow/example_dags/example_branch_operator.py
[2024-10-03T07:12:27.081+0000] {logging_mixin.py:190} INFO - [2024-10-03T07:12:27.081+0000] {dag.py:3239} INFO - Sync 1 DAGs
[2024-10-03T07:12:27.112+0000] {logging_mixin.py:190} INFO - [2024-10-03T07:12:27.112+0000] {dag.py:4180} INFO - Setting next_dagrun for example_branch_operator to 2024-10-02 00:00:00+00:00, run_after=2024-10-03 00:00:00+00:00
[2024-10-03T07:12:27.138+0000] {processor.py:208} INFO - Processing /home/airflow/.local/lib/python3.12/site-packages/airflow/example_dags/example_branch_operator.py took 0.116 seconds
[2024-10-03T07:12:58.728+0000] {processor.py:186} INFO - Started process (PID=2244) to work on /home/airflow/.local/lib/python3.12/site-packages/airflow/example_dags/example_branch_operator.py
[2024-10-03T07:12:58.730+0000] {processor.py:914} INFO - Processing file /home/airflow/.local/lib/python3.12/site-packages/airflow/example_dags/example_branch_operator.py for tasks to queue
[2024-10-03T07:12:58.732+0000] {logging_mixin.py:190} INFO - [2024-10-03T07:12:58.732+0000] {dagbag.py:588} INFO - Filling up the DagBag from /home/airflow/.local/lib/python3.12/site-packages/airflow/example_dags/example_branch_operator.py
[2024-10-03T07:12:58.753+0000] {processor.py:925} INFO - DAG(s) 'example_branch_operator' retrieved from /home/airflow/.local/lib/python3.12/site-packages/airflow/example_dags/example_branch_operator.py
[2024-10-03T07:12:58.788+0000] {logging_mixin.py:190} INFO - [2024-10-03T07:12:58.787+0000] {dag.py:3239} INFO - Sync 1 DAGs
[2024-10-03T07:12:58.817+0000] {logging_mixin.py:190} INFO - [2024-10-03T07:12:58.816+0000] {dag.py:4180} INFO - Setting next_dagrun for example_branch_operator to 2024-10-02 00:00:00+00:00, run_after=2024-10-03 00:00:00+00:00
[2024-10-03T07:12:58.845+0000] {processor.py:208} INFO - Processing /home/airflow/.local/lib/python3.12/site-packages/airflow/example_dags/example_branch_operator.py took 0.123 seconds
[2024-10-03T07:13:29.194+0000] {processor.py:186} INFO - Started process (PID=2307) to work on /home/airflow/.local/lib/python3.12/site-packages/airflow/example_dags/example_branch_operator.py
[2024-10-03T07:13:29.195+0000] {processor.py:914} INFO - Processing file /home/airflow/.local/lib/python3.12/site-packages/airflow/example_dags/example_branch_operator.py for tasks to queue
[2024-10-03T07:13:29.196+0000] {logging_mixin.py:190} INFO - [2024-10-03T07:13:29.196+0000] {dagbag.py:588} INFO - Filling up the DagBag from /home/airflow/.local/lib/python3.12/site-packages/airflow/example_dags/example_branch_operator.py
[2024-10-03T07:13:29.226+0000] {processor.py:925} INFO - DAG(s) 'example_branch_operator' retrieved from /home/airflow/.local/lib/python3.12/site-packages/airflow/example_dags/example_branch_operator.py
[2024-10-03T07:13:29.263+0000] {logging_mixin.py:190} INFO - [2024-10-03T07:13:29.263+0000] {dag.py:3239} INFO - Sync 1 DAGs
[2024-10-03T07:13:29.296+0000] {logging_mixin.py:190} INFO - [2024-10-03T07:13:29.296+0000] {dag.py:4180} INFO - Setting next_dagrun for example_branch_operator to 2024-10-02 00:00:00+00:00, run_after=2024-10-03 00:00:00+00:00
[2024-10-03T07:13:29.330+0000] {processor.py:208} INFO - Processing /home/airflow/.local/lib/python3.12/site-packages/airflow/example_dags/example_branch_operator.py took 0.144 seconds
[2024-10-03T07:14:01.582+0000] {processor.py:186} INFO - Started process (PID=2370) to work on /home/airflow/.local/lib/python3.12/site-packages/airflow/example_dags/example_branch_operator.py
[2024-10-03T07:14:01.585+0000] {processor.py:914} INFO - Processing file /home/airflow/.local/lib/python3.12/site-packages/airflow/example_dags/example_branch_operator.py for tasks to queue
[2024-10-03T07:14:01.589+0000] {logging_mixin.py:190} INFO - [2024-10-03T07:14:01.588+0000] {dagbag.py:588} INFO - Filling up the DagBag from /home/airflow/.local/lib/python3.12/site-packages/airflow/example_dags/example_branch_operator.py
[2024-10-03T07:14:01.642+0000] {processor.py:925} INFO - DAG(s) 'example_branch_operator' retrieved from /home/airflow/.local/lib/python3.12/site-packages/airflow/example_dags/example_branch_operator.py
[2024-10-03T07:14:01.721+0000] {logging_mixin.py:190} INFO - [2024-10-03T07:14:01.720+0000] {dag.py:3239} INFO - Sync 1 DAGs
[2024-10-03T07:14:01.806+0000] {logging_mixin.py:190} INFO - [2024-10-03T07:14:01.805+0000] {dag.py:4180} INFO - Setting next_dagrun for example_branch_operator to 2024-10-02 00:00:00+00:00, run_after=2024-10-03 00:00:00+00:00
[2024-10-03T07:14:01.869+0000] {processor.py:208} INFO - Processing /home/airflow/.local/lib/python3.12/site-packages/airflow/example_dags/example_branch_operator.py took 0.299 seconds
[2024-10-03T07:14:32.409+0000] {processor.py:186} INFO - Started process (PID=2433) to work on /home/airflow/.local/lib/python3.12/site-packages/airflow/example_dags/example_branch_operator.py
[2024-10-03T07:14:32.412+0000] {processor.py:914} INFO - Processing file /home/airflow/.local/lib/python3.12/site-packages/airflow/example_dags/example_branch_operator.py for tasks to queue
[2024-10-03T07:14:32.413+0000] {logging_mixin.py:190} INFO - [2024-10-03T07:14:32.413+0000] {dagbag.py:588} INFO - Filling up the DagBag from /home/airflow/.local/lib/python3.12/site-packages/airflow/example_dags/example_branch_operator.py
[2024-10-03T07:14:32.432+0000] {processor.py:925} INFO - DAG(s) 'example_branch_operator' retrieved from /home/airflow/.local/lib/python3.12/site-packages/airflow/example_dags/example_branch_operator.py
[2024-10-03T07:14:32.472+0000] {logging_mixin.py:190} INFO - [2024-10-03T07:14:32.471+0000] {dag.py:3239} INFO - Sync 1 DAGs
[2024-10-03T07:14:32.512+0000] {logging_mixin.py:190} INFO - [2024-10-03T07:14:32.511+0000] {dag.py:4180} INFO - Setting next_dagrun for example_branch_operator to 2024-10-02 00:00:00+00:00, run_after=2024-10-03 00:00:00+00:00
[2024-10-03T07:14:32.554+0000] {processor.py:208} INFO - Processing /home/airflow/.local/lib/python3.12/site-packages/airflow/example_dags/example_branch_operator.py took 0.150 seconds
[2024-10-03T07:15:03.091+0000] {processor.py:186} INFO - Started process (PID=2496) to work on /home/airflow/.local/lib/python3.12/site-packages/airflow/example_dags/example_branch_operator.py
[2024-10-03T07:15:03.093+0000] {processor.py:914} INFO - Processing file /home/airflow/.local/lib/python3.12/site-packages/airflow/example_dags/example_branch_operator.py for tasks to queue
[2024-10-03T07:15:03.094+0000] {logging_mixin.py:190} INFO - [2024-10-03T07:15:03.094+0000] {dagbag.py:588} INFO - Filling up the DagBag from /home/airflow/.local/lib/python3.12/site-packages/airflow/example_dags/example_branch_operator.py
[2024-10-03T07:15:03.116+0000] {processor.py:925} INFO - DAG(s) 'example_branch_operator' retrieved from /home/airflow/.local/lib/python3.12/site-packages/airflow/example_dags/example_branch_operator.py
[2024-10-03T07:15:03.149+0000] {logging_mixin.py:190} INFO - [2024-10-03T07:15:03.148+0000] {dag.py:3239} INFO - Sync 1 DAGs
[2024-10-03T07:15:03.177+0000] {logging_mixin.py:190} INFO - [2024-10-03T07:15:03.177+0000] {dag.py:4180} INFO - Setting next_dagrun for example_branch_operator to 2024-10-02 00:00:00+00:00, run_after=2024-10-03 00:00:00+00:00
[2024-10-03T07:15:03.206+0000] {processor.py:208} INFO - Processing /home/airflow/.local/lib/python3.12/site-packages/airflow/example_dags/example_branch_operator.py took 0.121 seconds
[2024-10-03T07:15:33.780+0000] {processor.py:186} INFO - Started process (PID=2559) to work on /home/airflow/.local/lib/python3.12/site-packages/airflow/example_dags/example_branch_operator.py
[2024-10-03T07:15:33.781+0000] {processor.py:914} INFO - Processing file /home/airflow/.local/lib/python3.12/site-packages/airflow/example_dags/example_branch_operator.py for tasks to queue
[2024-10-03T07:15:33.783+0000] {logging_mixin.py:190} INFO - [2024-10-03T07:15:33.783+0000] {dagbag.py:588} INFO - Filling up the DagBag from /home/airflow/.local/lib/python3.12/site-packages/airflow/example_dags/example_branch_operator.py
[2024-10-03T07:15:33.805+0000] {processor.py:925} INFO - DAG(s) 'example_branch_operator' retrieved from /home/airflow/.local/lib/python3.12/site-packages/airflow/example_dags/example_branch_operator.py
[2024-10-03T07:15:33.848+0000] {logging_mixin.py:190} INFO - [2024-10-03T07:15:33.848+0000] {dag.py:3239} INFO - Sync 1 DAGs
[2024-10-03T07:15:33.880+0000] {logging_mixin.py:190} INFO - [2024-10-03T07:15:33.879+0000] {dag.py:4180} INFO - Setting next_dagrun for example_branch_operator to 2024-10-02 00:00:00+00:00, run_after=2024-10-03 00:00:00+00:00
[2024-10-03T07:15:33.907+0000] {processor.py:208} INFO - Processing /home/airflow/.local/lib/python3.12/site-packages/airflow/example_dags/example_branch_operator.py took 0.135 seconds
[2024-10-03T07:16:04.627+0000] {processor.py:186} INFO - Started process (PID=2622) to work on /home/airflow/.local/lib/python3.12/site-packages/airflow/example_dags/example_branch_operator.py
[2024-10-03T07:16:04.629+0000] {processor.py:914} INFO - Processing file /home/airflow/.local/lib/python3.12/site-packages/airflow/example_dags/example_branch_operator.py for tasks to queue
[2024-10-03T07:16:04.631+0000] {logging_mixin.py:190} INFO - [2024-10-03T07:16:04.630+0000] {dagbag.py:588} INFO - Filling up the DagBag from /home/airflow/.local/lib/python3.12/site-packages/airflow/example_dags/example_branch_operator.py
[2024-10-03T07:16:04.650+0000] {processor.py:925} INFO - DAG(s) 'example_branch_operator' retrieved from /home/airflow/.local/lib/python3.12/site-packages/airflow/example_dags/example_branch_operator.py
[2024-10-03T07:16:04.687+0000] {logging_mixin.py:190} INFO - [2024-10-03T07:16:04.686+0000] {dag.py:3239} INFO - Sync 1 DAGs
[2024-10-03T07:16:04.719+0000] {logging_mixin.py:190} INFO - [2024-10-03T07:16:04.719+0000] {dag.py:4180} INFO - Setting next_dagrun for example_branch_operator to 2024-10-02 00:00:00+00:00, run_after=2024-10-03 00:00:00+00:00
[2024-10-03T07:16:04.748+0000] {processor.py:208} INFO - Processing /home/airflow/.local/lib/python3.12/site-packages/airflow/example_dags/example_branch_operator.py took 0.128 seconds
[2024-10-03T07:16:35.512+0000] {processor.py:186} INFO - Started process (PID=2683) to work on /home/airflow/.local/lib/python3.12/site-packages/airflow/example_dags/example_branch_operator.py
[2024-10-03T07:16:35.515+0000] {processor.py:914} INFO - Processing file /home/airflow/.local/lib/python3.12/site-packages/airflow/example_dags/example_branch_operator.py for tasks to queue
[2024-10-03T07:16:35.518+0000] {logging_mixin.py:190} INFO - [2024-10-03T07:16:35.517+0000] {dagbag.py:588} INFO - Filling up the DagBag from /home/airflow/.local/lib/python3.12/site-packages/airflow/example_dags/example_branch_operator.py
[2024-10-03T07:16:35.546+0000] {processor.py:925} INFO - DAG(s) 'example_branch_operator' retrieved from /home/airflow/.local/lib/python3.12/site-packages/airflow/example_dags/example_branch_operator.py
[2024-10-03T07:16:35.582+0000] {logging_mixin.py:190} INFO - [2024-10-03T07:16:35.582+0000] {dag.py:3239} INFO - Sync 1 DAGs
[2024-10-03T07:16:35.625+0000] {logging_mixin.py:190} INFO - [2024-10-03T07:16:35.624+0000] {dag.py:4180} INFO - Setting next_dagrun for example_branch_operator to 2024-10-02 00:00:00+00:00, run_after=2024-10-03 00:00:00+00:00
[2024-10-03T07:16:35.665+0000] {processor.py:208} INFO - Processing /home/airflow/.local/lib/python3.12/site-packages/airflow/example_dags/example_branch_operator.py took 0.162 seconds
[2024-10-03T07:17:06.024+0000] {processor.py:186} INFO - Started process (PID=2746) to work on /home/airflow/.local/lib/python3.12/site-packages/airflow/example_dags/example_branch_operator.py
[2024-10-03T07:17:06.026+0000] {processor.py:914} INFO - Processing file /home/airflow/.local/lib/python3.12/site-packages/airflow/example_dags/example_branch_operator.py for tasks to queue
[2024-10-03T07:17:06.027+0000] {logging_mixin.py:190} INFO - [2024-10-03T07:17:06.027+0000] {dagbag.py:588} INFO - Filling up the DagBag from /home/airflow/.local/lib/python3.12/site-packages/airflow/example_dags/example_branch_operator.py
[2024-10-03T07:17:06.045+0000] {processor.py:925} INFO - DAG(s) 'example_branch_operator' retrieved from /home/airflow/.local/lib/python3.12/site-packages/airflow/example_dags/example_branch_operator.py
[2024-10-03T07:17:06.076+0000] {logging_mixin.py:190} INFO - [2024-10-03T07:17:06.076+0000] {dag.py:3239} INFO - Sync 1 DAGs
[2024-10-03T07:17:06.106+0000] {logging_mixin.py:190} INFO - [2024-10-03T07:17:06.105+0000] {dag.py:4180} INFO - Setting next_dagrun for example_branch_operator to 2024-10-02 00:00:00+00:00, run_after=2024-10-03 00:00:00+00:00
[2024-10-03T07:17:06.132+0000] {processor.py:208} INFO - Processing /home/airflow/.local/lib/python3.12/site-packages/airflow/example_dags/example_branch_operator.py took 0.115 seconds
[2024-10-03T07:17:36.771+0000] {processor.py:186} INFO - Started process (PID=2809) to work on /home/airflow/.local/lib/python3.12/site-packages/airflow/example_dags/example_branch_operator.py
[2024-10-03T07:17:36.772+0000] {processor.py:914} INFO - Processing file /home/airflow/.local/lib/python3.12/site-packages/airflow/example_dags/example_branch_operator.py for tasks to queue
[2024-10-03T07:17:36.774+0000] {logging_mixin.py:190} INFO - [2024-10-03T07:17:36.773+0000] {dagbag.py:588} INFO - Filling up the DagBag from /home/airflow/.local/lib/python3.12/site-packages/airflow/example_dags/example_branch_operator.py
[2024-10-03T07:17:36.794+0000] {processor.py:925} INFO - DAG(s) 'example_branch_operator' retrieved from /home/airflow/.local/lib/python3.12/site-packages/airflow/example_dags/example_branch_operator.py
[2024-10-03T07:17:36.826+0000] {logging_mixin.py:190} INFO - [2024-10-03T07:17:36.825+0000] {dag.py:3239} INFO - Sync 1 DAGs
[2024-10-03T07:17:36.853+0000] {logging_mixin.py:190} INFO - [2024-10-03T07:17:36.853+0000] {dag.py:4180} INFO - Setting next_dagrun for example_branch_operator to 2024-10-02 00:00:00+00:00, run_after=2024-10-03 00:00:00+00:00
[2024-10-03T07:17:36.882+0000] {processor.py:208} INFO - Processing /home/airflow/.local/lib/python3.12/site-packages/airflow/example_dags/example_branch_operator.py took 0.117 seconds
[2024-10-03T07:18:07.533+0000] {processor.py:186} INFO - Started process (PID=2872) to work on /home/airflow/.local/lib/python3.12/site-packages/airflow/example_dags/example_branch_operator.py
[2024-10-03T07:18:07.534+0000] {processor.py:914} INFO - Processing file /home/airflow/.local/lib/python3.12/site-packages/airflow/example_dags/example_branch_operator.py for tasks to queue
[2024-10-03T07:18:07.536+0000] {logging_mixin.py:190} INFO - [2024-10-03T07:18:07.535+0000] {dagbag.py:588} INFO - Filling up the DagBag from /home/airflow/.local/lib/python3.12/site-packages/airflow/example_dags/example_branch_operator.py
[2024-10-03T07:18:07.554+0000] {processor.py:925} INFO - DAG(s) 'example_branch_operator' retrieved from /home/airflow/.local/lib/python3.12/site-packages/airflow/example_dags/example_branch_operator.py
[2024-10-03T07:18:07.586+0000] {logging_mixin.py:190} INFO - [2024-10-03T07:18:07.586+0000] {dag.py:3239} INFO - Sync 1 DAGs
[2024-10-03T07:18:07.614+0000] {logging_mixin.py:190} INFO - [2024-10-03T07:18:07.614+0000] {dag.py:4180} INFO - Setting next_dagrun for example_branch_operator to 2024-10-02 00:00:00+00:00, run_after=2024-10-03 00:00:00+00:00
[2024-10-03T07:18:07.643+0000] {processor.py:208} INFO - Processing /home/airflow/.local/lib/python3.12/site-packages/airflow/example_dags/example_branch_operator.py took 0.117 seconds
[2024-10-03T07:18:38.080+0000] {processor.py:186} INFO - Started process (PID=2934) to work on /home/airflow/.local/lib/python3.12/site-packages/airflow/example_dags/example_branch_operator.py
[2024-10-03T07:18:38.082+0000] {processor.py:914} INFO - Processing file /home/airflow/.local/lib/python3.12/site-packages/airflow/example_dags/example_branch_operator.py for tasks to queue
[2024-10-03T07:18:38.083+0000] {logging_mixin.py:190} INFO - [2024-10-03T07:18:38.083+0000] {dagbag.py:588} INFO - Filling up the DagBag from /home/airflow/.local/lib/python3.12/site-packages/airflow/example_dags/example_branch_operator.py
[2024-10-03T07:18:38.104+0000] {processor.py:925} INFO - DAG(s) 'example_branch_operator' retrieved from /home/airflow/.local/lib/python3.12/site-packages/airflow/example_dags/example_branch_operator.py
[2024-10-03T07:18:38.146+0000] {logging_mixin.py:190} INFO - [2024-10-03T07:18:38.145+0000] {dag.py:3239} INFO - Sync 1 DAGs
[2024-10-03T07:18:38.188+0000] {logging_mixin.py:190} INFO - [2024-10-03T07:18:38.187+0000] {dag.py:4180} INFO - Setting next_dagrun for example_branch_operator to 2024-10-02 00:00:00+00:00, run_after=2024-10-03 00:00:00+00:00
[2024-10-03T07:18:38.223+0000] {processor.py:208} INFO - Processing /home/airflow/.local/lib/python3.12/site-packages/airflow/example_dags/example_branch_operator.py took 0.149 seconds
