[2024-10-03T06:34:01.589+0000] {processor.py:157} INFO - Started process (PID=125) to work on /home/airflow/.local/lib/python3.8/site-packages/airflow/example_dags/example_latest_only_with_trigger.py
[2024-10-03T06:34:01.591+0000] {processor.py:829} INFO - Processing file /home/airflow/.local/lib/python3.8/site-packages/airflow/example_dags/example_latest_only_with_trigger.py for tasks to queue
[2024-10-03T06:34:01.596+0000] {logging_mixin.py:151} INFO - [2024-10-03T06:34:01.596+0000] {dagbag.py:539} INFO - Filling up the DagBag from /home/airflow/.local/lib/python3.8/site-packages/airflow/example_dags/example_latest_only_with_trigger.py
[2024-10-03T06:34:01.612+0000] {processor.py:839} INFO - DAG(s) dict_keys(['latest_only_with_trigger']) retrieved from /home/airflow/.local/lib/python3.8/site-packages/airflow/example_dags/example_latest_only_with_trigger.py
[2024-10-03T06:34:01.843+0000] {logging_mixin.py:151} INFO - [2024-10-03T06:34:01.843+0000] {manager.py:501} INFO - Created Permission View: can delete on DAG:latest_only_with_trigger
[2024-10-03T06:34:01.871+0000] {logging_mixin.py:151} INFO - [2024-10-03T06:34:01.870+0000] {manager.py:501} INFO - Created Permission View: can read on DAG:latest_only_with_trigger
[2024-10-03T06:34:01.900+0000] {logging_mixin.py:151} INFO - [2024-10-03T06:34:01.899+0000] {manager.py:501} INFO - Created Permission View: can edit on DAG:latest_only_with_trigger
[2024-10-03T06:34:01.945+0000] {logging_mixin.py:151} INFO - [2024-10-03T06:34:01.944+0000] {dag.py:2907} INFO - Sync 1 DAGs
[2024-10-03T06:34:01.970+0000] {logging_mixin.py:151} INFO - [2024-10-03T06:34:01.970+0000] {dag.py:2929} INFO - Creating ORM DAG for latest_only_with_trigger
[2024-10-03T06:34:01.992+0000] {logging_mixin.py:151} INFO - [2024-10-03T06:34:01.991+0000] {dag.py:3677} INFO - Setting next_dagrun for latest_only_with_trigger to 2024-10-03T02:34:01.991174+00:00, run_after=2024-10-03T06:34:01.991174+00:00
[2024-10-03T06:34:02.029+0000] {processor.py:179} INFO - Processing /home/airflow/.local/lib/python3.8/site-packages/airflow/example_dags/example_latest_only_with_trigger.py took 0.448 seconds
[2024-10-03T06:34:32.282+0000] {processor.py:157} INFO - Started process (PID=183) to work on /home/airflow/.local/lib/python3.8/site-packages/airflow/example_dags/example_latest_only_with_trigger.py
[2024-10-03T06:34:32.284+0000] {processor.py:829} INFO - Processing file /home/airflow/.local/lib/python3.8/site-packages/airflow/example_dags/example_latest_only_with_trigger.py for tasks to queue
[2024-10-03T06:34:32.287+0000] {logging_mixin.py:151} INFO - [2024-10-03T06:34:32.287+0000] {dagbag.py:539} INFO - Filling up the DagBag from /home/airflow/.local/lib/python3.8/site-packages/airflow/example_dags/example_latest_only_with_trigger.py
[2024-10-03T06:34:32.303+0000] {processor.py:839} INFO - DAG(s) dict_keys(['latest_only_with_trigger']) retrieved from /home/airflow/.local/lib/python3.8/site-packages/airflow/example_dags/example_latest_only_with_trigger.py
[2024-10-03T06:34:32.373+0000] {logging_mixin.py:151} INFO - [2024-10-03T06:34:32.373+0000] {dag.py:2907} INFO - Sync 1 DAGs
[2024-10-03T06:34:32.504+0000] {logging_mixin.py:151} INFO - [2024-10-03T06:34:32.504+0000] {dag.py:3677} INFO - Setting next_dagrun for latest_only_with_trigger to 2024-10-03T02:34:32.503954+00:00, run_after=2024-10-03T06:34:32.503954+00:00
[2024-10-03T06:34:32.555+0000] {processor.py:179} INFO - Processing /home/airflow/.local/lib/python3.8/site-packages/airflow/example_dags/example_latest_only_with_trigger.py took 0.279 seconds
[2024-10-03T06:35:02.722+0000] {processor.py:157} INFO - Started process (PID=241) to work on /home/airflow/.local/lib/python3.8/site-packages/airflow/example_dags/example_latest_only_with_trigger.py
[2024-10-03T06:35:02.724+0000] {processor.py:829} INFO - Processing file /home/airflow/.local/lib/python3.8/site-packages/airflow/example_dags/example_latest_only_with_trigger.py for tasks to queue
[2024-10-03T06:35:02.728+0000] {logging_mixin.py:151} INFO - [2024-10-03T06:35:02.728+0000] {dagbag.py:539} INFO - Filling up the DagBag from /home/airflow/.local/lib/python3.8/site-packages/airflow/example_dags/example_latest_only_with_trigger.py
[2024-10-03T06:35:02.738+0000] {processor.py:839} INFO - DAG(s) dict_keys(['latest_only_with_trigger']) retrieved from /home/airflow/.local/lib/python3.8/site-packages/airflow/example_dags/example_latest_only_with_trigger.py
[2024-10-03T06:35:02.776+0000] {logging_mixin.py:151} INFO - [2024-10-03T06:35:02.775+0000] {dag.py:2907} INFO - Sync 1 DAGs
[2024-10-03T06:35:02.813+0000] {logging_mixin.py:151} INFO - [2024-10-03T06:35:02.812+0000] {dag.py:3677} INFO - Setting next_dagrun for latest_only_with_trigger to 2024-10-03T02:35:02.812448+00:00, run_after=2024-10-03T06:35:02.812448+00:00
[2024-10-03T06:35:02.855+0000] {processor.py:179} INFO - Processing /home/airflow/.local/lib/python3.8/site-packages/airflow/example_dags/example_latest_only_with_trigger.py took 0.138 seconds
[2024-10-03T06:35:33.279+0000] {processor.py:157} INFO - Started process (PID=298) to work on /home/airflow/.local/lib/python3.8/site-packages/airflow/example_dags/example_latest_only_with_trigger.py
[2024-10-03T06:35:33.282+0000] {processor.py:829} INFO - Processing file /home/airflow/.local/lib/python3.8/site-packages/airflow/example_dags/example_latest_only_with_trigger.py for tasks to queue
[2024-10-03T06:35:33.287+0000] {logging_mixin.py:151} INFO - [2024-10-03T06:35:33.286+0000] {dagbag.py:539} INFO - Filling up the DagBag from /home/airflow/.local/lib/python3.8/site-packages/airflow/example_dags/example_latest_only_with_trigger.py
[2024-10-03T06:35:33.301+0000] {processor.py:839} INFO - DAG(s) dict_keys(['latest_only_with_trigger']) retrieved from /home/airflow/.local/lib/python3.8/site-packages/airflow/example_dags/example_latest_only_with_trigger.py
[2024-10-03T06:35:33.340+0000] {logging_mixin.py:151} INFO - [2024-10-03T06:35:33.340+0000] {dag.py:2907} INFO - Sync 1 DAGs
[2024-10-03T06:35:33.379+0000] {logging_mixin.py:151} INFO - [2024-10-03T06:35:33.379+0000] {dag.py:3677} INFO - Setting next_dagrun for latest_only_with_trigger to 2024-10-03T02:35:33.378550+00:00, run_after=2024-10-03T06:35:33.378550+00:00
[2024-10-03T06:35:33.421+0000] {processor.py:179} INFO - Processing /home/airflow/.local/lib/python3.8/site-packages/airflow/example_dags/example_latest_only_with_trigger.py took 0.150 seconds
[2024-10-03T06:36:04.234+0000] {processor.py:157} INFO - Started process (PID=357) to work on /home/airflow/.local/lib/python3.8/site-packages/airflow/example_dags/example_latest_only_with_trigger.py
[2024-10-03T06:36:04.236+0000] {processor.py:829} INFO - Processing file /home/airflow/.local/lib/python3.8/site-packages/airflow/example_dags/example_latest_only_with_trigger.py for tasks to queue
[2024-10-03T06:36:04.242+0000] {logging_mixin.py:151} INFO - [2024-10-03T06:36:04.241+0000] {dagbag.py:539} INFO - Filling up the DagBag from /home/airflow/.local/lib/python3.8/site-packages/airflow/example_dags/example_latest_only_with_trigger.py
[2024-10-03T06:36:04.253+0000] {processor.py:839} INFO - DAG(s) dict_keys(['latest_only_with_trigger']) retrieved from /home/airflow/.local/lib/python3.8/site-packages/airflow/example_dags/example_latest_only_with_trigger.py
[2024-10-03T06:36:04.305+0000] {logging_mixin.py:151} INFO - [2024-10-03T06:36:04.305+0000] {dag.py:2907} INFO - Sync 1 DAGs
[2024-10-03T06:36:04.348+0000] {logging_mixin.py:151} INFO - [2024-10-03T06:36:04.348+0000] {dag.py:3677} INFO - Setting next_dagrun for latest_only_with_trigger to 2024-10-03T02:36:04.347674+00:00, run_after=2024-10-03T06:36:04.347674+00:00
[2024-10-03T06:36:04.392+0000] {processor.py:179} INFO - Processing /home/airflow/.local/lib/python3.8/site-packages/airflow/example_dags/example_latest_only_with_trigger.py took 0.164 seconds
[2024-10-03T06:36:34.580+0000] {processor.py:157} INFO - Started process (PID=415) to work on /home/airflow/.local/lib/python3.8/site-packages/airflow/example_dags/example_latest_only_with_trigger.py
[2024-10-03T06:36:34.583+0000] {processor.py:829} INFO - Processing file /home/airflow/.local/lib/python3.8/site-packages/airflow/example_dags/example_latest_only_with_trigger.py for tasks to queue
[2024-10-03T06:36:34.588+0000] {logging_mixin.py:151} INFO - [2024-10-03T06:36:34.587+0000] {dagbag.py:539} INFO - Filling up the DagBag from /home/airflow/.local/lib/python3.8/site-packages/airflow/example_dags/example_latest_only_with_trigger.py
[2024-10-03T06:36:34.598+0000] {processor.py:839} INFO - DAG(s) dict_keys(['latest_only_with_trigger']) retrieved from /home/airflow/.local/lib/python3.8/site-packages/airflow/example_dags/example_latest_only_with_trigger.py
[2024-10-03T06:36:34.644+0000] {logging_mixin.py:151} INFO - [2024-10-03T06:36:34.643+0000] {dag.py:2907} INFO - Sync 1 DAGs
[2024-10-03T06:36:34.680+0000] {logging_mixin.py:151} INFO - [2024-10-03T06:36:34.679+0000] {dag.py:3677} INFO - Setting next_dagrun for latest_only_with_trigger to 2024-10-03T02:36:34.679598+00:00, run_after=2024-10-03T06:36:34.679598+00:00
[2024-10-03T06:36:34.715+0000] {processor.py:179} INFO - Processing /home/airflow/.local/lib/python3.8/site-packages/airflow/example_dags/example_latest_only_with_trigger.py took 0.144 seconds
[2024-10-03T06:41:22.118+0000] {processor.py:157} INFO - Started process (PID=111) to work on /home/airflow/.local/lib/python3.8/site-packages/airflow/example_dags/example_latest_only_with_trigger.py
[2024-10-03T06:41:22.128+0000] {processor.py:829} INFO - Processing file /home/airflow/.local/lib/python3.8/site-packages/airflow/example_dags/example_latest_only_with_trigger.py for tasks to queue
[2024-10-03T06:41:22.144+0000] {logging_mixin.py:151} INFO - [2024-10-03T06:41:22.143+0000] {dagbag.py:539} INFO - Filling up the DagBag from /home/airflow/.local/lib/python3.8/site-packages/airflow/example_dags/example_latest_only_with_trigger.py
[2024-10-03T06:41:22.175+0000] {processor.py:839} INFO - DAG(s) dict_keys(['latest_only_with_trigger']) retrieved from /home/airflow/.local/lib/python3.8/site-packages/airflow/example_dags/example_latest_only_with_trigger.py
[2024-10-03T06:41:22.353+0000] {logging_mixin.py:151} INFO - [2024-10-03T06:41:22.352+0000] {dag.py:2907} INFO - Sync 1 DAGs
[2024-10-03T06:41:22.498+0000] {logging_mixin.py:151} INFO - [2024-10-03T06:41:22.498+0000] {dag.py:3677} INFO - Setting next_dagrun for latest_only_with_trigger to 2024-10-03T02:41:22.497535+00:00, run_after=2024-10-03T06:41:22.497535+00:00
[2024-10-03T06:41:22.921+0000] {processor.py:179} INFO - Processing /home/airflow/.local/lib/python3.8/site-packages/airflow/example_dags/example_latest_only_with_trigger.py took 0.811 seconds
[2024-10-03T06:41:53.732+0000] {processor.py:157} INFO - Started process (PID=169) to work on /home/airflow/.local/lib/python3.8/site-packages/airflow/example_dags/example_latest_only_with_trigger.py
[2024-10-03T06:41:53.734+0000] {processor.py:829} INFO - Processing file /home/airflow/.local/lib/python3.8/site-packages/airflow/example_dags/example_latest_only_with_trigger.py for tasks to queue
[2024-10-03T06:41:53.739+0000] {logging_mixin.py:151} INFO - [2024-10-03T06:41:53.739+0000] {dagbag.py:539} INFO - Filling up the DagBag from /home/airflow/.local/lib/python3.8/site-packages/airflow/example_dags/example_latest_only_with_trigger.py
[2024-10-03T06:41:53.752+0000] {processor.py:839} INFO - DAG(s) dict_keys(['latest_only_with_trigger']) retrieved from /home/airflow/.local/lib/python3.8/site-packages/airflow/example_dags/example_latest_only_with_trigger.py
[2024-10-03T06:41:53.802+0000] {logging_mixin.py:151} INFO - [2024-10-03T06:41:53.802+0000] {dag.py:2907} INFO - Sync 1 DAGs
[2024-10-03T06:41:53.854+0000] {logging_mixin.py:151} INFO - [2024-10-03T06:41:53.854+0000] {dag.py:3677} INFO - Setting next_dagrun for latest_only_with_trigger to 2024-10-03T02:41:53.853660+00:00, run_after=2024-10-03T06:41:53.853660+00:00
[2024-10-03T06:41:53.912+0000] {processor.py:179} INFO - Processing /home/airflow/.local/lib/python3.8/site-packages/airflow/example_dags/example_latest_only_with_trigger.py took 0.186 seconds
[2024-10-03T06:42:24.920+0000] {processor.py:157} INFO - Started process (PID=227) to work on /home/airflow/.local/lib/python3.8/site-packages/airflow/example_dags/example_latest_only_with_trigger.py
[2024-10-03T06:42:24.940+0000] {processor.py:829} INFO - Processing file /home/airflow/.local/lib/python3.8/site-packages/airflow/example_dags/example_latest_only_with_trigger.py for tasks to queue
[2024-10-03T06:42:24.953+0000] {logging_mixin.py:151} INFO - [2024-10-03T06:42:24.952+0000] {dagbag.py:539} INFO - Filling up the DagBag from /home/airflow/.local/lib/python3.8/site-packages/airflow/example_dags/example_latest_only_with_trigger.py
[2024-10-03T06:42:24.973+0000] {processor.py:839} INFO - DAG(s) dict_keys(['latest_only_with_trigger']) retrieved from /home/airflow/.local/lib/python3.8/site-packages/airflow/example_dags/example_latest_only_with_trigger.py
[2024-10-03T06:42:25.016+0000] {logging_mixin.py:151} INFO - [2024-10-03T06:42:25.015+0000] {dag.py:2907} INFO - Sync 1 DAGs
[2024-10-03T06:42:25.054+0000] {logging_mixin.py:151} INFO - [2024-10-03T06:42:25.054+0000] {dag.py:3677} INFO - Setting next_dagrun for latest_only_with_trigger to 2024-10-03T02:42:25.054417+00:00, run_after=2024-10-03T06:42:25.054417+00:00
[2024-10-03T06:42:25.148+0000] {processor.py:179} INFO - Processing /home/airflow/.local/lib/python3.8/site-packages/airflow/example_dags/example_latest_only_with_trigger.py took 0.244 seconds
[2024-10-03T06:52:51.311+0000] {processor.py:186} INFO - Started process (PID=110) to work on /home/airflow/.local/lib/python3.12/site-packages/airflow/example_dags/example_latest_only_with_trigger.py
[2024-10-03T06:52:51.314+0000] {processor.py:914} INFO - Processing file /home/airflow/.local/lib/python3.12/site-packages/airflow/example_dags/example_latest_only_with_trigger.py for tasks to queue
[2024-10-03T06:52:51.322+0000] {logging_mixin.py:190} INFO - [2024-10-03T06:52:51.320+0000] {dagbag.py:588} INFO - Filling up the DagBag from /home/airflow/.local/lib/python3.12/site-packages/airflow/example_dags/example_latest_only_with_trigger.py
[2024-10-03T06:52:51.348+0000] {processor.py:925} INFO - DAG(s) 'latest_only_with_trigger' retrieved from /home/airflow/.local/lib/python3.12/site-packages/airflow/example_dags/example_latest_only_with_trigger.py
[2024-10-03T06:52:51.703+0000] {logging_mixin.py:190} INFO - [2024-10-03T06:52:51.702+0000] {dag.py:3239} INFO - Sync 1 DAGs
[2024-10-03T06:52:51.774+0000] {logging_mixin.py:190} INFO - [2024-10-03T06:52:51.773+0000] {dag.py:4180} INFO - Setting next_dagrun for latest_only_with_trigger to 2024-10-03 00:00:00+00:00, run_after=2024-10-03 04:00:00+00:00
[2024-10-03T06:52:51.873+0000] {processor.py:208} INFO - Processing /home/airflow/.local/lib/python3.12/site-packages/airflow/example_dags/example_latest_only_with_trigger.py took 0.574 seconds
[2024-10-03T06:53:22.201+0000] {processor.py:186} INFO - Started process (PID=174) to work on /home/airflow/.local/lib/python3.12/site-packages/airflow/example_dags/example_latest_only_with_trigger.py
[2024-10-03T06:53:22.205+0000] {processor.py:914} INFO - Processing file /home/airflow/.local/lib/python3.12/site-packages/airflow/example_dags/example_latest_only_with_trigger.py for tasks to queue
[2024-10-03T06:53:22.210+0000] {logging_mixin.py:190} INFO - [2024-10-03T06:53:22.210+0000] {dagbag.py:588} INFO - Filling up the DagBag from /home/airflow/.local/lib/python3.12/site-packages/airflow/example_dags/example_latest_only_with_trigger.py
[2024-10-03T06:53:22.267+0000] {processor.py:925} INFO - DAG(s) 'latest_only_with_trigger' retrieved from /home/airflow/.local/lib/python3.12/site-packages/airflow/example_dags/example_latest_only_with_trigger.py
[2024-10-03T06:53:22.291+0000] {logging_mixin.py:190} INFO - [2024-10-03T06:53:22.291+0000] {dag.py:3239} INFO - Sync 1 DAGs
[2024-10-03T06:53:22.316+0000] {logging_mixin.py:190} INFO - [2024-10-03T06:53:22.316+0000] {dag.py:4180} INFO - Setting next_dagrun for latest_only_with_trigger to 2024-10-03 00:00:00+00:00, run_after=2024-10-03 04:00:00+00:00
[2024-10-03T06:53:22.423+0000] {processor.py:208} INFO - Processing /home/airflow/.local/lib/python3.12/site-packages/airflow/example_dags/example_latest_only_with_trigger.py took 0.229 seconds
[2024-10-03T06:53:53.149+0000] {processor.py:186} INFO - Started process (PID=238) to work on /home/airflow/.local/lib/python3.12/site-packages/airflow/example_dags/example_latest_only_with_trigger.py
[2024-10-03T06:53:53.151+0000] {processor.py:914} INFO - Processing file /home/airflow/.local/lib/python3.12/site-packages/airflow/example_dags/example_latest_only_with_trigger.py for tasks to queue
[2024-10-03T06:53:53.156+0000] {logging_mixin.py:190} INFO - [2024-10-03T06:53:53.155+0000] {dagbag.py:588} INFO - Filling up the DagBag from /home/airflow/.local/lib/python3.12/site-packages/airflow/example_dags/example_latest_only_with_trigger.py
[2024-10-03T06:53:53.168+0000] {processor.py:925} INFO - DAG(s) 'latest_only_with_trigger' retrieved from /home/airflow/.local/lib/python3.12/site-packages/airflow/example_dags/example_latest_only_with_trigger.py
[2024-10-03T06:53:53.200+0000] {logging_mixin.py:190} INFO - [2024-10-03T06:53:53.200+0000] {dag.py:3239} INFO - Sync 1 DAGs
[2024-10-03T06:53:53.237+0000] {logging_mixin.py:190} INFO - [2024-10-03T06:53:53.237+0000] {dag.py:4180} INFO - Setting next_dagrun for latest_only_with_trigger to 2024-10-03 00:00:00+00:00, run_after=2024-10-03 04:00:00+00:00
[2024-10-03T06:53:53.270+0000] {processor.py:208} INFO - Processing /home/airflow/.local/lib/python3.12/site-packages/airflow/example_dags/example_latest_only_with_trigger.py took 0.131 seconds
[2024-10-03T06:54:23.977+0000] {processor.py:186} INFO - Started process (PID=302) to work on /home/airflow/.local/lib/python3.12/site-packages/airflow/example_dags/example_latest_only_with_trigger.py
[2024-10-03T06:54:23.981+0000] {processor.py:914} INFO - Processing file /home/airflow/.local/lib/python3.12/site-packages/airflow/example_dags/example_latest_only_with_trigger.py for tasks to queue
[2024-10-03T06:54:23.988+0000] {logging_mixin.py:190} INFO - [2024-10-03T06:54:23.988+0000] {dagbag.py:588} INFO - Filling up the DagBag from /home/airflow/.local/lib/python3.12/site-packages/airflow/example_dags/example_latest_only_with_trigger.py
[2024-10-03T06:54:24.008+0000] {processor.py:925} INFO - DAG(s) 'latest_only_with_trigger' retrieved from /home/airflow/.local/lib/python3.12/site-packages/airflow/example_dags/example_latest_only_with_trigger.py
[2024-10-03T06:54:24.093+0000] {logging_mixin.py:190} INFO - [2024-10-03T06:54:24.092+0000] {dag.py:3239} INFO - Sync 1 DAGs
[2024-10-03T06:54:24.213+0000] {logging_mixin.py:190} INFO - [2024-10-03T06:54:24.212+0000] {dag.py:4180} INFO - Setting next_dagrun for latest_only_with_trigger to 2024-10-03 00:00:00+00:00, run_after=2024-10-03 04:00:00+00:00
[2024-10-03T06:54:24.278+0000] {processor.py:208} INFO - Processing /home/airflow/.local/lib/python3.12/site-packages/airflow/example_dags/example_latest_only_with_trigger.py took 0.319 seconds
[2024-10-03T06:54:54.652+0000] {processor.py:186} INFO - Started process (PID=366) to work on /home/airflow/.local/lib/python3.12/site-packages/airflow/example_dags/example_latest_only_with_trigger.py
[2024-10-03T06:54:54.655+0000] {processor.py:914} INFO - Processing file /home/airflow/.local/lib/python3.12/site-packages/airflow/example_dags/example_latest_only_with_trigger.py for tasks to queue
[2024-10-03T06:54:54.659+0000] {logging_mixin.py:190} INFO - [2024-10-03T06:54:54.659+0000] {dagbag.py:588} INFO - Filling up the DagBag from /home/airflow/.local/lib/python3.12/site-packages/airflow/example_dags/example_latest_only_with_trigger.py
[2024-10-03T06:54:54.672+0000] {processor.py:925} INFO - DAG(s) 'latest_only_with_trigger' retrieved from /home/airflow/.local/lib/python3.12/site-packages/airflow/example_dags/example_latest_only_with_trigger.py
[2024-10-03T06:54:54.699+0000] {logging_mixin.py:190} INFO - [2024-10-03T06:54:54.698+0000] {dag.py:3239} INFO - Sync 1 DAGs
[2024-10-03T06:54:54.730+0000] {logging_mixin.py:190} INFO - [2024-10-03T06:54:54.729+0000] {dag.py:4180} INFO - Setting next_dagrun for latest_only_with_trigger to 2024-10-03 00:00:00+00:00, run_after=2024-10-03 04:00:00+00:00
[2024-10-03T06:54:55.223+0000] {processor.py:208} INFO - Processing /home/airflow/.local/lib/python3.12/site-packages/airflow/example_dags/example_latest_only_with_trigger.py took 0.580 seconds
[2024-10-03T06:55:25.442+0000] {processor.py:186} INFO - Started process (PID=430) to work on /home/airflow/.local/lib/python3.12/site-packages/airflow/example_dags/example_latest_only_with_trigger.py
[2024-10-03T06:55:25.444+0000] {processor.py:914} INFO - Processing file /home/airflow/.local/lib/python3.12/site-packages/airflow/example_dags/example_latest_only_with_trigger.py for tasks to queue
[2024-10-03T06:55:25.448+0000] {logging_mixin.py:190} INFO - [2024-10-03T06:55:25.448+0000] {dagbag.py:588} INFO - Filling up the DagBag from /home/airflow/.local/lib/python3.12/site-packages/airflow/example_dags/example_latest_only_with_trigger.py
[2024-10-03T06:55:25.457+0000] {processor.py:925} INFO - DAG(s) 'latest_only_with_trigger' retrieved from /home/airflow/.local/lib/python3.12/site-packages/airflow/example_dags/example_latest_only_with_trigger.py
[2024-10-03T06:55:25.488+0000] {logging_mixin.py:190} INFO - [2024-10-03T06:55:25.488+0000] {dag.py:3239} INFO - Sync 1 DAGs
[2024-10-03T06:55:25.523+0000] {logging_mixin.py:190} INFO - [2024-10-03T06:55:25.522+0000] {dag.py:4180} INFO - Setting next_dagrun for latest_only_with_trigger to 2024-10-03 00:00:00+00:00, run_after=2024-10-03 04:00:00+00:00
[2024-10-03T06:55:25.584+0000] {processor.py:208} INFO - Processing /home/airflow/.local/lib/python3.12/site-packages/airflow/example_dags/example_latest_only_with_trigger.py took 0.149 seconds
[2024-10-03T06:55:56.320+0000] {processor.py:186} INFO - Started process (PID=494) to work on /home/airflow/.local/lib/python3.12/site-packages/airflow/example_dags/example_latest_only_with_trigger.py
[2024-10-03T06:55:56.322+0000] {processor.py:914} INFO - Processing file /home/airflow/.local/lib/python3.12/site-packages/airflow/example_dags/example_latest_only_with_trigger.py for tasks to queue
[2024-10-03T06:55:56.329+0000] {logging_mixin.py:190} INFO - [2024-10-03T06:55:56.328+0000] {dagbag.py:588} INFO - Filling up the DagBag from /home/airflow/.local/lib/python3.12/site-packages/airflow/example_dags/example_latest_only_with_trigger.py
[2024-10-03T06:55:56.344+0000] {processor.py:925} INFO - DAG(s) 'latest_only_with_trigger' retrieved from /home/airflow/.local/lib/python3.12/site-packages/airflow/example_dags/example_latest_only_with_trigger.py
[2024-10-03T06:55:56.378+0000] {logging_mixin.py:190} INFO - [2024-10-03T06:55:56.378+0000] {dag.py:3239} INFO - Sync 1 DAGs
[2024-10-03T06:55:56.417+0000] {logging_mixin.py:190} INFO - [2024-10-03T06:55:56.416+0000] {dag.py:4180} INFO - Setting next_dagrun for latest_only_with_trigger to 2024-10-03 00:00:00+00:00, run_after=2024-10-03 04:00:00+00:00
[2024-10-03T06:55:56.463+0000] {processor.py:208} INFO - Processing /home/airflow/.local/lib/python3.12/site-packages/airflow/example_dags/example_latest_only_with_trigger.py took 0.152 seconds
[2024-10-03T06:56:26.626+0000] {processor.py:186} INFO - Started process (PID=558) to work on /home/airflow/.local/lib/python3.12/site-packages/airflow/example_dags/example_latest_only_with_trigger.py
[2024-10-03T06:56:26.628+0000] {processor.py:914} INFO - Processing file /home/airflow/.local/lib/python3.12/site-packages/airflow/example_dags/example_latest_only_with_trigger.py for tasks to queue
[2024-10-03T06:56:26.631+0000] {logging_mixin.py:190} INFO - [2024-10-03T06:56:26.630+0000] {dagbag.py:588} INFO - Filling up the DagBag from /home/airflow/.local/lib/python3.12/site-packages/airflow/example_dags/example_latest_only_with_trigger.py
[2024-10-03T06:56:26.643+0000] {processor.py:925} INFO - DAG(s) 'latest_only_with_trigger' retrieved from /home/airflow/.local/lib/python3.12/site-packages/airflow/example_dags/example_latest_only_with_trigger.py
[2024-10-03T06:56:26.674+0000] {logging_mixin.py:190} INFO - [2024-10-03T06:56:26.673+0000] {dag.py:3239} INFO - Sync 1 DAGs
[2024-10-03T06:56:26.722+0000] {logging_mixin.py:190} INFO - [2024-10-03T06:56:26.721+0000] {dag.py:4180} INFO - Setting next_dagrun for latest_only_with_trigger to 2024-10-03 00:00:00+00:00, run_after=2024-10-03 04:00:00+00:00
[2024-10-03T06:56:26.756+0000] {processor.py:208} INFO - Processing /home/airflow/.local/lib/python3.12/site-packages/airflow/example_dags/example_latest_only_with_trigger.py took 0.138 seconds
[2024-10-03T06:56:56.863+0000] {processor.py:186} INFO - Started process (PID=622) to work on /home/airflow/.local/lib/python3.12/site-packages/airflow/example_dags/example_latest_only_with_trigger.py
[2024-10-03T06:56:56.866+0000] {processor.py:914} INFO - Processing file /home/airflow/.local/lib/python3.12/site-packages/airflow/example_dags/example_latest_only_with_trigger.py for tasks to queue
[2024-10-03T06:56:56.870+0000] {logging_mixin.py:190} INFO - [2024-10-03T06:56:56.869+0000] {dagbag.py:588} INFO - Filling up the DagBag from /home/airflow/.local/lib/python3.12/site-packages/airflow/example_dags/example_latest_only_with_trigger.py
[2024-10-03T06:56:56.884+0000] {processor.py:925} INFO - DAG(s) 'latest_only_with_trigger' retrieved from /home/airflow/.local/lib/python3.12/site-packages/airflow/example_dags/example_latest_only_with_trigger.py
[2024-10-03T06:56:56.924+0000] {logging_mixin.py:190} INFO - [2024-10-03T06:56:56.924+0000] {dag.py:3239} INFO - Sync 1 DAGs
[2024-10-03T06:56:56.970+0000] {logging_mixin.py:190} INFO - [2024-10-03T06:56:56.969+0000] {dag.py:4180} INFO - Setting next_dagrun for latest_only_with_trigger to 2024-10-03 00:00:00+00:00, run_after=2024-10-03 04:00:00+00:00
[2024-10-03T06:56:57.014+0000] {processor.py:208} INFO - Processing /home/airflow/.local/lib/python3.12/site-packages/airflow/example_dags/example_latest_only_with_trigger.py took 0.163 seconds
[2024-10-03T06:57:28.955+0000] {processor.py:186} INFO - Started process (PID=686) to work on /home/airflow/.local/lib/python3.12/site-packages/airflow/example_dags/example_latest_only_with_trigger.py
[2024-10-03T06:57:28.958+0000] {processor.py:914} INFO - Processing file /home/airflow/.local/lib/python3.12/site-packages/airflow/example_dags/example_latest_only_with_trigger.py for tasks to queue
[2024-10-03T06:57:28.966+0000] {logging_mixin.py:190} INFO - [2024-10-03T06:57:28.964+0000] {dagbag.py:588} INFO - Filling up the DagBag from /home/airflow/.local/lib/python3.12/site-packages/airflow/example_dags/example_latest_only_with_trigger.py
[2024-10-03T06:57:28.991+0000] {processor.py:925} INFO - DAG(s) 'latest_only_with_trigger' retrieved from /home/airflow/.local/lib/python3.12/site-packages/airflow/example_dags/example_latest_only_with_trigger.py
[2024-10-03T06:57:29.061+0000] {logging_mixin.py:190} INFO - [2024-10-03T06:57:29.058+0000] {dag.py:3239} INFO - Sync 1 DAGs
[2024-10-03T06:57:29.174+0000] {logging_mixin.py:190} INFO - [2024-10-03T06:57:29.172+0000] {dag.py:4180} INFO - Setting next_dagrun for latest_only_with_trigger to 2024-10-03 00:00:00+00:00, run_after=2024-10-03 04:00:00+00:00
[2024-10-03T06:57:29.269+0000] {processor.py:208} INFO - Processing /home/airflow/.local/lib/python3.12/site-packages/airflow/example_dags/example_latest_only_with_trigger.py took 0.330 seconds
[2024-10-03T06:57:59.884+0000] {processor.py:186} INFO - Started process (PID=750) to work on /home/airflow/.local/lib/python3.12/site-packages/airflow/example_dags/example_latest_only_with_trigger.py
[2024-10-03T06:57:59.886+0000] {processor.py:914} INFO - Processing file /home/airflow/.local/lib/python3.12/site-packages/airflow/example_dags/example_latest_only_with_trigger.py for tasks to queue
[2024-10-03T06:57:59.890+0000] {logging_mixin.py:190} INFO - [2024-10-03T06:57:59.889+0000] {dagbag.py:588} INFO - Filling up the DagBag from /home/airflow/.local/lib/python3.12/site-packages/airflow/example_dags/example_latest_only_with_trigger.py
[2024-10-03T06:57:59.898+0000] {processor.py:925} INFO - DAG(s) 'latest_only_with_trigger' retrieved from /home/airflow/.local/lib/python3.12/site-packages/airflow/example_dags/example_latest_only_with_trigger.py
[2024-10-03T06:57:59.929+0000] {logging_mixin.py:190} INFO - [2024-10-03T06:57:59.928+0000] {dag.py:3239} INFO - Sync 1 DAGs
[2024-10-03T06:57:59.962+0000] {logging_mixin.py:190} INFO - [2024-10-03T06:57:59.962+0000] {dag.py:4180} INFO - Setting next_dagrun for latest_only_with_trigger to 2024-10-03 00:00:00+00:00, run_after=2024-10-03 04:00:00+00:00
[2024-10-03T06:57:59.989+0000] {processor.py:208} INFO - Processing /home/airflow/.local/lib/python3.12/site-packages/airflow/example_dags/example_latest_only_with_trigger.py took 0.112 seconds
[2024-10-03T06:58:30.149+0000] {processor.py:186} INFO - Started process (PID=814) to work on /home/airflow/.local/lib/python3.12/site-packages/airflow/example_dags/example_latest_only_with_trigger.py
[2024-10-03T06:58:30.150+0000] {processor.py:914} INFO - Processing file /home/airflow/.local/lib/python3.12/site-packages/airflow/example_dags/example_latest_only_with_trigger.py for tasks to queue
[2024-10-03T06:58:30.153+0000] {logging_mixin.py:190} INFO - [2024-10-03T06:58:30.153+0000] {dagbag.py:588} INFO - Filling up the DagBag from /home/airflow/.local/lib/python3.12/site-packages/airflow/example_dags/example_latest_only_with_trigger.py
[2024-10-03T06:58:30.163+0000] {processor.py:925} INFO - DAG(s) 'latest_only_with_trigger' retrieved from /home/airflow/.local/lib/python3.12/site-packages/airflow/example_dags/example_latest_only_with_trigger.py
[2024-10-03T06:58:30.189+0000] {logging_mixin.py:190} INFO - [2024-10-03T06:58:30.189+0000] {dag.py:3239} INFO - Sync 1 DAGs
[2024-10-03T06:58:30.221+0000] {logging_mixin.py:190} INFO - [2024-10-03T06:58:30.221+0000] {dag.py:4180} INFO - Setting next_dagrun for latest_only_with_trigger to 2024-10-03 00:00:00+00:00, run_after=2024-10-03 04:00:00+00:00
[2024-10-03T06:58:30.252+0000] {processor.py:208} INFO - Processing /home/airflow/.local/lib/python3.12/site-packages/airflow/example_dags/example_latest_only_with_trigger.py took 0.112 seconds
[2024-10-03T06:59:01.005+0000] {processor.py:186} INFO - Started process (PID=878) to work on /home/airflow/.local/lib/python3.12/site-packages/airflow/example_dags/example_latest_only_with_trigger.py
[2024-10-03T06:59:01.007+0000] {processor.py:914} INFO - Processing file /home/airflow/.local/lib/python3.12/site-packages/airflow/example_dags/example_latest_only_with_trigger.py for tasks to queue
[2024-10-03T06:59:01.012+0000] {logging_mixin.py:190} INFO - [2024-10-03T06:59:01.011+0000] {dagbag.py:588} INFO - Filling up the DagBag from /home/airflow/.local/lib/python3.12/site-packages/airflow/example_dags/example_latest_only_with_trigger.py
[2024-10-03T06:59:01.023+0000] {processor.py:925} INFO - DAG(s) 'latest_only_with_trigger' retrieved from /home/airflow/.local/lib/python3.12/site-packages/airflow/example_dags/example_latest_only_with_trigger.py
[2024-10-03T06:59:01.054+0000] {logging_mixin.py:190} INFO - [2024-10-03T06:59:01.054+0000] {dag.py:3239} INFO - Sync 1 DAGs
[2024-10-03T06:59:01.084+0000] {logging_mixin.py:190} INFO - [2024-10-03T06:59:01.083+0000] {dag.py:4180} INFO - Setting next_dagrun for latest_only_with_trigger to 2024-10-03 00:00:00+00:00, run_after=2024-10-03 04:00:00+00:00
[2024-10-03T06:59:01.119+0000] {processor.py:208} INFO - Processing /home/airflow/.local/lib/python3.12/site-packages/airflow/example_dags/example_latest_only_with_trigger.py took 0.121 seconds
[2024-10-03T06:59:32.202+0000] {processor.py:186} INFO - Started process (PID=942) to work on /home/airflow/.local/lib/python3.12/site-packages/airflow/example_dags/example_latest_only_with_trigger.py
[2024-10-03T06:59:32.214+0000] {processor.py:914} INFO - Processing file /home/airflow/.local/lib/python3.12/site-packages/airflow/example_dags/example_latest_only_with_trigger.py for tasks to queue
[2024-10-03T06:59:32.225+0000] {logging_mixin.py:190} INFO - [2024-10-03T06:59:32.224+0000] {dagbag.py:588} INFO - Filling up the DagBag from /home/airflow/.local/lib/python3.12/site-packages/airflow/example_dags/example_latest_only_with_trigger.py
[2024-10-03T06:59:32.409+0000] {processor.py:925} INFO - DAG(s) 'latest_only_with_trigger' retrieved from /home/airflow/.local/lib/python3.12/site-packages/airflow/example_dags/example_latest_only_with_trigger.py
[2024-10-03T06:59:32.536+0000] {logging_mixin.py:190} INFO - [2024-10-03T06:59:32.536+0000] {dag.py:3239} INFO - Sync 1 DAGs
[2024-10-03T06:59:32.637+0000] {logging_mixin.py:190} INFO - [2024-10-03T06:59:32.636+0000] {dag.py:4180} INFO - Setting next_dagrun for latest_only_with_trigger to 2024-10-03 00:00:00+00:00, run_after=2024-10-03 04:00:00+00:00
[2024-10-03T06:59:32.702+0000] {processor.py:208} INFO - Processing /home/airflow/.local/lib/python3.12/site-packages/airflow/example_dags/example_latest_only_with_trigger.py took 0.514 seconds
[2024-10-03T07:00:10.115+0000] {processor.py:186} INFO - Started process (PID=991) to work on /home/airflow/.local/lib/python3.12/site-packages/airflow/example_dags/example_latest_only_with_trigger.py
[2024-10-03T07:00:10.117+0000] {processor.py:914} INFO - Processing file /home/airflow/.local/lib/python3.12/site-packages/airflow/example_dags/example_latest_only_with_trigger.py for tasks to queue
[2024-10-03T07:00:10.121+0000] {logging_mixin.py:190} INFO - [2024-10-03T07:00:10.120+0000] {dagbag.py:588} INFO - Filling up the DagBag from /home/airflow/.local/lib/python3.12/site-packages/airflow/example_dags/example_latest_only_with_trigger.py
[2024-10-03T07:00:10.140+0000] {processor.py:925} INFO - DAG(s) 'latest_only_with_trigger' retrieved from /home/airflow/.local/lib/python3.12/site-packages/airflow/example_dags/example_latest_only_with_trigger.py
[2024-10-03T07:00:10.189+0000] {logging_mixin.py:190} INFO - [2024-10-03T07:00:10.189+0000] {dag.py:3239} INFO - Sync 1 DAGs
[2024-10-03T07:00:10.233+0000] {logging_mixin.py:190} INFO - [2024-10-03T07:00:10.233+0000] {dag.py:4180} INFO - Setting next_dagrun for latest_only_with_trigger to 2024-10-03 00:00:00+00:00, run_after=2024-10-03 04:00:00+00:00
[2024-10-03T07:00:10.274+0000] {processor.py:208} INFO - Processing /home/airflow/.local/lib/python3.12/site-packages/airflow/example_dags/example_latest_only_with_trigger.py took 0.169 seconds
[2024-10-03T07:00:41.137+0000] {processor.py:186} INFO - Started process (PID=1055) to work on /home/airflow/.local/lib/python3.12/site-packages/airflow/example_dags/example_latest_only_with_trigger.py
[2024-10-03T07:00:41.139+0000] {processor.py:914} INFO - Processing file /home/airflow/.local/lib/python3.12/site-packages/airflow/example_dags/example_latest_only_with_trigger.py for tasks to queue
[2024-10-03T07:00:41.142+0000] {logging_mixin.py:190} INFO - [2024-10-03T07:00:41.141+0000] {dagbag.py:588} INFO - Filling up the DagBag from /home/airflow/.local/lib/python3.12/site-packages/airflow/example_dags/example_latest_only_with_trigger.py
[2024-10-03T07:00:41.151+0000] {processor.py:925} INFO - DAG(s) 'latest_only_with_trigger' retrieved from /home/airflow/.local/lib/python3.12/site-packages/airflow/example_dags/example_latest_only_with_trigger.py
[2024-10-03T07:00:41.181+0000] {logging_mixin.py:190} INFO - [2024-10-03T07:00:41.181+0000] {dag.py:3239} INFO - Sync 1 DAGs
[2024-10-03T07:00:41.211+0000] {logging_mixin.py:190} INFO - [2024-10-03T07:00:41.210+0000] {dag.py:4180} INFO - Setting next_dagrun for latest_only_with_trigger to 2024-10-03 00:00:00+00:00, run_after=2024-10-03 04:00:00+00:00
[2024-10-03T07:00:41.245+0000] {processor.py:208} INFO - Processing /home/airflow/.local/lib/python3.12/site-packages/airflow/example_dags/example_latest_only_with_trigger.py took 0.114 seconds
[2024-10-03T07:01:20.773+0000] {processor.py:186} INFO - Started process (PID=1118) to work on /home/airflow/.local/lib/python3.12/site-packages/airflow/example_dags/example_latest_only_with_trigger.py
[2024-10-03T07:01:20.775+0000] {processor.py:914} INFO - Processing file /home/airflow/.local/lib/python3.12/site-packages/airflow/example_dags/example_latest_only_with_trigger.py for tasks to queue
[2024-10-03T07:01:20.779+0000] {logging_mixin.py:190} INFO - [2024-10-03T07:01:20.778+0000] {dagbag.py:588} INFO - Filling up the DagBag from /home/airflow/.local/lib/python3.12/site-packages/airflow/example_dags/example_latest_only_with_trigger.py
[2024-10-03T07:01:20.796+0000] {processor.py:925} INFO - DAG(s) 'latest_only_with_trigger' retrieved from /home/airflow/.local/lib/python3.12/site-packages/airflow/example_dags/example_latest_only_with_trigger.py
[2024-10-03T07:01:20.838+0000] {logging_mixin.py:190} INFO - [2024-10-03T07:01:20.837+0000] {dag.py:3239} INFO - Sync 1 DAGs
[2024-10-03T07:01:20.878+0000] {logging_mixin.py:190} INFO - [2024-10-03T07:01:20.878+0000] {dag.py:4180} INFO - Setting next_dagrun for latest_only_with_trigger to 2024-10-03 00:00:00+00:00, run_after=2024-10-03 04:00:00+00:00
[2024-10-03T07:01:20.923+0000] {processor.py:208} INFO - Processing /home/airflow/.local/lib/python3.12/site-packages/airflow/example_dags/example_latest_only_with_trigger.py took 0.160 seconds
[2024-10-03T07:02:39.362+0000] {processor.py:186} INFO - Started process (PID=1175) to work on /home/airflow/.local/lib/python3.12/site-packages/airflow/example_dags/example_latest_only_with_trigger.py
[2024-10-03T07:02:39.367+0000] {processor.py:914} INFO - Processing file /home/airflow/.local/lib/python3.12/site-packages/airflow/example_dags/example_latest_only_with_trigger.py for tasks to queue
[2024-10-03T07:02:39.371+0000] {logging_mixin.py:190} INFO - [2024-10-03T07:02:39.369+0000] {dagbag.py:588} INFO - Filling up the DagBag from /home/airflow/.local/lib/python3.12/site-packages/airflow/example_dags/example_latest_only_with_trigger.py
[2024-10-03T07:02:39.399+0000] {processor.py:925} INFO - DAG(s) 'latest_only_with_trigger' retrieved from /home/airflow/.local/lib/python3.12/site-packages/airflow/example_dags/example_latest_only_with_trigger.py
[2024-10-03T07:02:39.635+0000] {logging_mixin.py:190} INFO - [2024-10-03T07:02:39.631+0000] {dag.py:3239} INFO - Sync 1 DAGs
[2024-10-03T07:02:39.676+0000] {logging_mixin.py:190} INFO - [2024-10-03T07:02:39.676+0000] {dag.py:4180} INFO - Setting next_dagrun for latest_only_with_trigger to 2024-10-03 00:00:00+00:00, run_after=2024-10-03 04:00:00+00:00
[2024-10-03T07:02:39.709+0000] {processor.py:208} INFO - Processing /home/airflow/.local/lib/python3.12/site-packages/airflow/example_dags/example_latest_only_with_trigger.py took 0.360 seconds
[2024-10-03T07:03:10.169+0000] {processor.py:186} INFO - Started process (PID=1238) to work on /home/airflow/.local/lib/python3.12/site-packages/airflow/example_dags/example_latest_only_with_trigger.py
[2024-10-03T07:03:10.171+0000] {processor.py:914} INFO - Processing file /home/airflow/.local/lib/python3.12/site-packages/airflow/example_dags/example_latest_only_with_trigger.py for tasks to queue
[2024-10-03T07:03:10.173+0000] {logging_mixin.py:190} INFO - [2024-10-03T07:03:10.172+0000] {dagbag.py:588} INFO - Filling up the DagBag from /home/airflow/.local/lib/python3.12/site-packages/airflow/example_dags/example_latest_only_with_trigger.py
[2024-10-03T07:03:10.189+0000] {processor.py:925} INFO - DAG(s) 'latest_only_with_trigger' retrieved from /home/airflow/.local/lib/python3.12/site-packages/airflow/example_dags/example_latest_only_with_trigger.py
[2024-10-03T07:03:10.268+0000] {logging_mixin.py:190} INFO - [2024-10-03T07:03:10.268+0000] {dag.py:3239} INFO - Sync 1 DAGs
[2024-10-03T07:03:10.303+0000] {logging_mixin.py:190} INFO - [2024-10-03T07:03:10.303+0000] {dag.py:4180} INFO - Setting next_dagrun for latest_only_with_trigger to 2024-10-03 00:00:00+00:00, run_after=2024-10-03 04:00:00+00:00
[2024-10-03T07:03:10.334+0000] {processor.py:208} INFO - Processing /home/airflow/.local/lib/python3.12/site-packages/airflow/example_dags/example_latest_only_with_trigger.py took 0.174 seconds
[2024-10-03T07:03:40.616+0000] {processor.py:186} INFO - Started process (PID=1301) to work on /home/airflow/.local/lib/python3.12/site-packages/airflow/example_dags/example_latest_only_with_trigger.py
[2024-10-03T07:03:40.617+0000] {processor.py:914} INFO - Processing file /home/airflow/.local/lib/python3.12/site-packages/airflow/example_dags/example_latest_only_with_trigger.py for tasks to queue
[2024-10-03T07:03:40.619+0000] {logging_mixin.py:190} INFO - [2024-10-03T07:03:40.619+0000] {dagbag.py:588} INFO - Filling up the DagBag from /home/airflow/.local/lib/python3.12/site-packages/airflow/example_dags/example_latest_only_with_trigger.py
[2024-10-03T07:03:40.630+0000] {processor.py:925} INFO - DAG(s) 'latest_only_with_trigger' retrieved from /home/airflow/.local/lib/python3.12/site-packages/airflow/example_dags/example_latest_only_with_trigger.py
[2024-10-03T07:03:40.655+0000] {logging_mixin.py:190} INFO - [2024-10-03T07:03:40.654+0000] {dag.py:3239} INFO - Sync 1 DAGs
[2024-10-03T07:03:40.683+0000] {logging_mixin.py:190} INFO - [2024-10-03T07:03:40.683+0000] {dag.py:4180} INFO - Setting next_dagrun for latest_only_with_trigger to 2024-10-03 00:00:00+00:00, run_after=2024-10-03 04:00:00+00:00
[2024-10-03T07:03:40.708+0000] {processor.py:208} INFO - Processing /home/airflow/.local/lib/python3.12/site-packages/airflow/example_dags/example_latest_only_with_trigger.py took 0.098 seconds
[2024-10-03T07:04:11.492+0000] {processor.py:186} INFO - Started process (PID=1364) to work on /home/airflow/.local/lib/python3.12/site-packages/airflow/example_dags/example_latest_only_with_trigger.py
[2024-10-03T07:04:11.494+0000] {processor.py:914} INFO - Processing file /home/airflow/.local/lib/python3.12/site-packages/airflow/example_dags/example_latest_only_with_trigger.py for tasks to queue
[2024-10-03T07:04:11.497+0000] {logging_mixin.py:190} INFO - [2024-10-03T07:04:11.496+0000] {dagbag.py:588} INFO - Filling up the DagBag from /home/airflow/.local/lib/python3.12/site-packages/airflow/example_dags/example_latest_only_with_trigger.py
[2024-10-03T07:04:11.510+0000] {processor.py:925} INFO - DAG(s) 'latest_only_with_trigger' retrieved from /home/airflow/.local/lib/python3.12/site-packages/airflow/example_dags/example_latest_only_with_trigger.py
[2024-10-03T07:04:11.540+0000] {logging_mixin.py:190} INFO - [2024-10-03T07:04:11.539+0000] {dag.py:3239} INFO - Sync 1 DAGs
[2024-10-03T07:04:11.573+0000] {logging_mixin.py:190} INFO - [2024-10-03T07:04:11.573+0000] {dag.py:4180} INFO - Setting next_dagrun for latest_only_with_trigger to 2024-10-03 00:00:00+00:00, run_after=2024-10-03 04:00:00+00:00
[2024-10-03T07:04:11.606+0000] {processor.py:208} INFO - Processing /home/airflow/.local/lib/python3.12/site-packages/airflow/example_dags/example_latest_only_with_trigger.py took 0.119 seconds
[2024-10-03T07:04:41.779+0000] {processor.py:186} INFO - Started process (PID=1427) to work on /home/airflow/.local/lib/python3.12/site-packages/airflow/example_dags/example_latest_only_with_trigger.py
[2024-10-03T07:04:41.780+0000] {processor.py:914} INFO - Processing file /home/airflow/.local/lib/python3.12/site-packages/airflow/example_dags/example_latest_only_with_trigger.py for tasks to queue
[2024-10-03T07:04:41.781+0000] {logging_mixin.py:190} INFO - [2024-10-03T07:04:41.781+0000] {dagbag.py:588} INFO - Filling up the DagBag from /home/airflow/.local/lib/python3.12/site-packages/airflow/example_dags/example_latest_only_with_trigger.py
[2024-10-03T07:04:41.794+0000] {processor.py:925} INFO - DAG(s) 'latest_only_with_trigger' retrieved from /home/airflow/.local/lib/python3.12/site-packages/airflow/example_dags/example_latest_only_with_trigger.py
[2024-10-03T07:04:41.827+0000] {logging_mixin.py:190} INFO - [2024-10-03T07:04:41.827+0000] {dag.py:3239} INFO - Sync 1 DAGs
[2024-10-03T07:04:41.858+0000] {logging_mixin.py:190} INFO - [2024-10-03T07:04:41.858+0000] {dag.py:4180} INFO - Setting next_dagrun for latest_only_with_trigger to 2024-10-03 00:00:00+00:00, run_after=2024-10-03 04:00:00+00:00
[2024-10-03T07:04:41.888+0000] {processor.py:208} INFO - Processing /home/airflow/.local/lib/python3.12/site-packages/airflow/example_dags/example_latest_only_with_trigger.py took 0.117 seconds
[2024-10-03T07:05:13.695+0000] {processor.py:186} INFO - Started process (PID=1489) to work on /home/airflow/.local/lib/python3.12/site-packages/airflow/example_dags/example_latest_only_with_trigger.py
[2024-10-03T07:05:13.696+0000] {processor.py:914} INFO - Processing file /home/airflow/.local/lib/python3.12/site-packages/airflow/example_dags/example_latest_only_with_trigger.py for tasks to queue
[2024-10-03T07:05:13.698+0000] {logging_mixin.py:190} INFO - [2024-10-03T07:05:13.698+0000] {dagbag.py:588} INFO - Filling up the DagBag from /home/airflow/.local/lib/python3.12/site-packages/airflow/example_dags/example_latest_only_with_trigger.py
[2024-10-03T07:05:13.713+0000] {processor.py:925} INFO - DAG(s) 'latest_only_with_trigger' retrieved from /home/airflow/.local/lib/python3.12/site-packages/airflow/example_dags/example_latest_only_with_trigger.py
[2024-10-03T07:05:13.745+0000] {logging_mixin.py:190} INFO - [2024-10-03T07:05:13.744+0000] {dag.py:3239} INFO - Sync 1 DAGs
[2024-10-03T07:05:13.783+0000] {logging_mixin.py:190} INFO - [2024-10-03T07:05:13.782+0000] {dag.py:4180} INFO - Setting next_dagrun for latest_only_with_trigger to 2024-10-03 00:00:00+00:00, run_after=2024-10-03 04:00:00+00:00
[2024-10-03T07:05:13.821+0000] {processor.py:208} INFO - Processing /home/airflow/.local/lib/python3.12/site-packages/airflow/example_dags/example_latest_only_with_trigger.py took 0.137 seconds
[2024-10-03T07:07:08.781+0000] {processor.py:186} INFO - Started process (PID=1552) to work on /home/airflow/.local/lib/python3.12/site-packages/airflow/example_dags/example_latest_only_with_trigger.py
[2024-10-03T07:07:08.785+0000] {processor.py:914} INFO - Processing file /home/airflow/.local/lib/python3.12/site-packages/airflow/example_dags/example_latest_only_with_trigger.py for tasks to queue
[2024-10-03T07:07:08.788+0000] {logging_mixin.py:190} INFO - [2024-10-03T07:07:08.787+0000] {dagbag.py:588} INFO - Filling up the DagBag from /home/airflow/.local/lib/python3.12/site-packages/airflow/example_dags/example_latest_only_with_trigger.py
[2024-10-03T07:07:08.808+0000] {processor.py:925} INFO - DAG(s) 'latest_only_with_trigger' retrieved from /home/airflow/.local/lib/python3.12/site-packages/airflow/example_dags/example_latest_only_with_trigger.py
[2024-10-03T07:07:08.884+0000] {logging_mixin.py:190} INFO - [2024-10-03T07:07:08.884+0000] {dag.py:3239} INFO - Sync 1 DAGs
[2024-10-03T07:07:08.922+0000] {logging_mixin.py:190} INFO - [2024-10-03T07:07:08.922+0000] {dag.py:4180} INFO - Setting next_dagrun for latest_only_with_trigger to 2024-10-03 00:00:00+00:00, run_after=2024-10-03 04:00:00+00:00
[2024-10-03T07:07:08.954+0000] {processor.py:208} INFO - Processing /home/airflow/.local/lib/python3.12/site-packages/airflow/example_dags/example_latest_only_with_trigger.py took 0.180 seconds
[2024-10-03T07:07:39.367+0000] {processor.py:186} INFO - Started process (PID=1615) to work on /home/airflow/.local/lib/python3.12/site-packages/airflow/example_dags/example_latest_only_with_trigger.py
[2024-10-03T07:07:39.369+0000] {processor.py:914} INFO - Processing file /home/airflow/.local/lib/python3.12/site-packages/airflow/example_dags/example_latest_only_with_trigger.py for tasks to queue
[2024-10-03T07:07:39.371+0000] {logging_mixin.py:190} INFO - [2024-10-03T07:07:39.371+0000] {dagbag.py:588} INFO - Filling up the DagBag from /home/airflow/.local/lib/python3.12/site-packages/airflow/example_dags/example_latest_only_with_trigger.py
[2024-10-03T07:07:39.384+0000] {processor.py:925} INFO - DAG(s) 'latest_only_with_trigger' retrieved from /home/airflow/.local/lib/python3.12/site-packages/airflow/example_dags/example_latest_only_with_trigger.py
[2024-10-03T07:07:39.424+0000] {logging_mixin.py:190} INFO - [2024-10-03T07:07:39.424+0000] {dag.py:3239} INFO - Sync 1 DAGs
[2024-10-03T07:07:39.462+0000] {logging_mixin.py:190} INFO - [2024-10-03T07:07:39.462+0000] {dag.py:4180} INFO - Setting next_dagrun for latest_only_with_trigger to 2024-10-03 00:00:00+00:00, run_after=2024-10-03 04:00:00+00:00
[2024-10-03T07:07:39.494+0000] {processor.py:208} INFO - Processing /home/airflow/.local/lib/python3.12/site-packages/airflow/example_dags/example_latest_only_with_trigger.py took 0.134 seconds
[2024-10-03T07:08:09.861+0000] {processor.py:186} INFO - Started process (PID=1678) to work on /home/airflow/.local/lib/python3.12/site-packages/airflow/example_dags/example_latest_only_with_trigger.py
[2024-10-03T07:08:09.863+0000] {processor.py:914} INFO - Processing file /home/airflow/.local/lib/python3.12/site-packages/airflow/example_dags/example_latest_only_with_trigger.py for tasks to queue
[2024-10-03T07:08:09.865+0000] {logging_mixin.py:190} INFO - [2024-10-03T07:08:09.864+0000] {dagbag.py:588} INFO - Filling up the DagBag from /home/airflow/.local/lib/python3.12/site-packages/airflow/example_dags/example_latest_only_with_trigger.py
[2024-10-03T07:08:09.874+0000] {processor.py:925} INFO - DAG(s) 'latest_only_with_trigger' retrieved from /home/airflow/.local/lib/python3.12/site-packages/airflow/example_dags/example_latest_only_with_trigger.py
[2024-10-03T07:08:09.900+0000] {logging_mixin.py:190} INFO - [2024-10-03T07:08:09.899+0000] {dag.py:3239} INFO - Sync 1 DAGs
[2024-10-03T07:08:09.924+0000] {logging_mixin.py:190} INFO - [2024-10-03T07:08:09.924+0000] {dag.py:4180} INFO - Setting next_dagrun for latest_only_with_trigger to 2024-10-03 00:00:00+00:00, run_after=2024-10-03 04:00:00+00:00
[2024-10-03T07:08:09.952+0000] {processor.py:208} INFO - Processing /home/airflow/.local/lib/python3.12/site-packages/airflow/example_dags/example_latest_only_with_trigger.py took 0.096 seconds
[2024-10-03T07:08:52.062+0000] {processor.py:186} INFO - Started process (PID=1738) to work on /home/airflow/.local/lib/python3.12/site-packages/airflow/example_dags/example_latest_only_with_trigger.py
[2024-10-03T07:08:52.065+0000] {processor.py:914} INFO - Processing file /home/airflow/.local/lib/python3.12/site-packages/airflow/example_dags/example_latest_only_with_trigger.py for tasks to queue
[2024-10-03T07:08:52.068+0000] {logging_mixin.py:190} INFO - [2024-10-03T07:08:52.067+0000] {dagbag.py:588} INFO - Filling up the DagBag from /home/airflow/.local/lib/python3.12/site-packages/airflow/example_dags/example_latest_only_with_trigger.py
[2024-10-03T07:08:52.081+0000] {processor.py:925} INFO - DAG(s) 'latest_only_with_trigger' retrieved from /home/airflow/.local/lib/python3.12/site-packages/airflow/example_dags/example_latest_only_with_trigger.py
[2024-10-03T07:08:52.108+0000] {logging_mixin.py:190} INFO - [2024-10-03T07:08:52.108+0000] {dag.py:3239} INFO - Sync 1 DAGs
[2024-10-03T07:08:52.138+0000] {logging_mixin.py:190} INFO - [2024-10-03T07:08:52.137+0000] {dag.py:4180} INFO - Setting next_dagrun for latest_only_with_trigger to 2024-10-03 00:00:00+00:00, run_after=2024-10-03 04:00:00+00:00
[2024-10-03T07:08:52.169+0000] {processor.py:208} INFO - Processing /home/airflow/.local/lib/python3.12/site-packages/airflow/example_dags/example_latest_only_with_trigger.py took 0.117 seconds
[2024-10-03T07:09:22.642+0000] {processor.py:186} INFO - Started process (PID=1801) to work on /home/airflow/.local/lib/python3.12/site-packages/airflow/example_dags/example_latest_only_with_trigger.py
[2024-10-03T07:09:22.644+0000] {processor.py:914} INFO - Processing file /home/airflow/.local/lib/python3.12/site-packages/airflow/example_dags/example_latest_only_with_trigger.py for tasks to queue
[2024-10-03T07:09:22.647+0000] {logging_mixin.py:190} INFO - [2024-10-03T07:09:22.646+0000] {dagbag.py:588} INFO - Filling up the DagBag from /home/airflow/.local/lib/python3.12/site-packages/airflow/example_dags/example_latest_only_with_trigger.py
[2024-10-03T07:09:22.672+0000] {processor.py:925} INFO - DAG(s) 'latest_only_with_trigger' retrieved from /home/airflow/.local/lib/python3.12/site-packages/airflow/example_dags/example_latest_only_with_trigger.py
[2024-10-03T07:09:22.726+0000] {logging_mixin.py:190} INFO - [2024-10-03T07:09:22.726+0000] {dag.py:3239} INFO - Sync 1 DAGs
[2024-10-03T07:09:22.775+0000] {logging_mixin.py:190} INFO - [2024-10-03T07:09:22.774+0000] {dag.py:4180} INFO - Setting next_dagrun for latest_only_with_trigger to 2024-10-03 00:00:00+00:00, run_after=2024-10-03 04:00:00+00:00
[2024-10-03T07:09:22.823+0000] {processor.py:208} INFO - Processing /home/airflow/.local/lib/python3.12/site-packages/airflow/example_dags/example_latest_only_with_trigger.py took 0.192 seconds
[2024-10-03T07:09:53.956+0000] {processor.py:186} INFO - Started process (PID=1864) to work on /home/airflow/.local/lib/python3.12/site-packages/airflow/example_dags/example_latest_only_with_trigger.py
[2024-10-03T07:09:53.958+0000] {processor.py:914} INFO - Processing file /home/airflow/.local/lib/python3.12/site-packages/airflow/example_dags/example_latest_only_with_trigger.py for tasks to queue
[2024-10-03T07:09:53.960+0000] {logging_mixin.py:190} INFO - [2024-10-03T07:09:53.959+0000] {dagbag.py:588} INFO - Filling up the DagBag from /home/airflow/.local/lib/python3.12/site-packages/airflow/example_dags/example_latest_only_with_trigger.py
[2024-10-03T07:09:53.969+0000] {processor.py:925} INFO - DAG(s) 'latest_only_with_trigger' retrieved from /home/airflow/.local/lib/python3.12/site-packages/airflow/example_dags/example_latest_only_with_trigger.py
[2024-10-03T07:09:54.005+0000] {logging_mixin.py:190} INFO - [2024-10-03T07:09:54.004+0000] {dag.py:3239} INFO - Sync 1 DAGs
[2024-10-03T07:09:54.043+0000] {logging_mixin.py:190} INFO - [2024-10-03T07:09:54.043+0000] {dag.py:4180} INFO - Setting next_dagrun for latest_only_with_trigger to 2024-10-03 00:00:00+00:00, run_after=2024-10-03 04:00:00+00:00
[2024-10-03T07:09:54.074+0000] {processor.py:208} INFO - Processing /home/airflow/.local/lib/python3.12/site-packages/airflow/example_dags/example_latest_only_with_trigger.py took 0.124 seconds
[2024-10-03T07:10:24.177+0000] {processor.py:186} INFO - Started process (PID=1927) to work on /home/airflow/.local/lib/python3.12/site-packages/airflow/example_dags/example_latest_only_with_trigger.py
[2024-10-03T07:10:24.178+0000] {processor.py:914} INFO - Processing file /home/airflow/.local/lib/python3.12/site-packages/airflow/example_dags/example_latest_only_with_trigger.py for tasks to queue
[2024-10-03T07:10:24.181+0000] {logging_mixin.py:190} INFO - [2024-10-03T07:10:24.180+0000] {dagbag.py:588} INFO - Filling up the DagBag from /home/airflow/.local/lib/python3.12/site-packages/airflow/example_dags/example_latest_only_with_trigger.py
[2024-10-03T07:10:24.195+0000] {processor.py:925} INFO - DAG(s) 'latest_only_with_trigger' retrieved from /home/airflow/.local/lib/python3.12/site-packages/airflow/example_dags/example_latest_only_with_trigger.py
[2024-10-03T07:10:24.226+0000] {logging_mixin.py:190} INFO - [2024-10-03T07:10:24.226+0000] {dag.py:3239} INFO - Sync 1 DAGs
[2024-10-03T07:10:24.256+0000] {logging_mixin.py:190} INFO - [2024-10-03T07:10:24.256+0000] {dag.py:4180} INFO - Setting next_dagrun for latest_only_with_trigger to 2024-10-03 00:00:00+00:00, run_after=2024-10-03 04:00:00+00:00
[2024-10-03T07:10:24.287+0000] {processor.py:208} INFO - Processing /home/airflow/.local/lib/python3.12/site-packages/airflow/example_dags/example_latest_only_with_trigger.py took 0.117 seconds
[2024-10-03T07:10:54.626+0000] {processor.py:186} INFO - Started process (PID=1990) to work on /home/airflow/.local/lib/python3.12/site-packages/airflow/example_dags/example_latest_only_with_trigger.py
[2024-10-03T07:10:54.628+0000] {processor.py:914} INFO - Processing file /home/airflow/.local/lib/python3.12/site-packages/airflow/example_dags/example_latest_only_with_trigger.py for tasks to queue
[2024-10-03T07:10:54.629+0000] {logging_mixin.py:190} INFO - [2024-10-03T07:10:54.629+0000] {dagbag.py:588} INFO - Filling up the DagBag from /home/airflow/.local/lib/python3.12/site-packages/airflow/example_dags/example_latest_only_with_trigger.py
[2024-10-03T07:10:54.637+0000] {processor.py:925} INFO - DAG(s) 'latest_only_with_trigger' retrieved from /home/airflow/.local/lib/python3.12/site-packages/airflow/example_dags/example_latest_only_with_trigger.py
[2024-10-03T07:10:54.666+0000] {logging_mixin.py:190} INFO - [2024-10-03T07:10:54.665+0000] {dag.py:3239} INFO - Sync 1 DAGs
[2024-10-03T07:10:54.695+0000] {logging_mixin.py:190} INFO - [2024-10-03T07:10:54.694+0000] {dag.py:4180} INFO - Setting next_dagrun for latest_only_with_trigger to 2024-10-03 00:00:00+00:00, run_after=2024-10-03 04:00:00+00:00
[2024-10-03T07:10:54.721+0000] {processor.py:208} INFO - Processing /home/airflow/.local/lib/python3.12/site-packages/airflow/example_dags/example_latest_only_with_trigger.py took 0.100 seconds
[2024-10-03T07:11:25.112+0000] {processor.py:186} INFO - Started process (PID=2053) to work on /home/airflow/.local/lib/python3.12/site-packages/airflow/example_dags/example_latest_only_with_trigger.py
[2024-10-03T07:11:25.113+0000] {processor.py:914} INFO - Processing file /home/airflow/.local/lib/python3.12/site-packages/airflow/example_dags/example_latest_only_with_trigger.py for tasks to queue
[2024-10-03T07:11:25.115+0000] {logging_mixin.py:190} INFO - [2024-10-03T07:11:25.115+0000] {dagbag.py:588} INFO - Filling up the DagBag from /home/airflow/.local/lib/python3.12/site-packages/airflow/example_dags/example_latest_only_with_trigger.py
[2024-10-03T07:11:25.125+0000] {processor.py:925} INFO - DAG(s) 'latest_only_with_trigger' retrieved from /home/airflow/.local/lib/python3.12/site-packages/airflow/example_dags/example_latest_only_with_trigger.py
[2024-10-03T07:11:25.151+0000] {logging_mixin.py:190} INFO - [2024-10-03T07:11:25.150+0000] {dag.py:3239} INFO - Sync 1 DAGs
[2024-10-03T07:11:25.180+0000] {logging_mixin.py:190} INFO - [2024-10-03T07:11:25.179+0000] {dag.py:4180} INFO - Setting next_dagrun for latest_only_with_trigger to 2024-10-03 00:00:00+00:00, run_after=2024-10-03 04:00:00+00:00
[2024-10-03T07:11:25.209+0000] {processor.py:208} INFO - Processing /home/airflow/.local/lib/python3.12/site-packages/airflow/example_dags/example_latest_only_with_trigger.py took 0.103 seconds
[2024-10-03T07:11:56.174+0000] {processor.py:186} INFO - Started process (PID=2116) to work on /home/airflow/.local/lib/python3.12/site-packages/airflow/example_dags/example_latest_only_with_trigger.py
[2024-10-03T07:11:56.176+0000] {processor.py:914} INFO - Processing file /home/airflow/.local/lib/python3.12/site-packages/airflow/example_dags/example_latest_only_with_trigger.py for tasks to queue
[2024-10-03T07:11:56.177+0000] {logging_mixin.py:190} INFO - [2024-10-03T07:11:56.177+0000] {dagbag.py:588} INFO - Filling up the DagBag from /home/airflow/.local/lib/python3.12/site-packages/airflow/example_dags/example_latest_only_with_trigger.py
[2024-10-03T07:11:56.186+0000] {processor.py:925} INFO - DAG(s) 'latest_only_with_trigger' retrieved from /home/airflow/.local/lib/python3.12/site-packages/airflow/example_dags/example_latest_only_with_trigger.py
[2024-10-03T07:11:56.211+0000] {logging_mixin.py:190} INFO - [2024-10-03T07:11:56.211+0000] {dag.py:3239} INFO - Sync 1 DAGs
[2024-10-03T07:11:56.239+0000] {logging_mixin.py:190} INFO - [2024-10-03T07:11:56.238+0000] {dag.py:4180} INFO - Setting next_dagrun for latest_only_with_trigger to 2024-10-03 00:00:00+00:00, run_after=2024-10-03 04:00:00+00:00
[2024-10-03T07:11:56.269+0000] {processor.py:208} INFO - Processing /home/airflow/.local/lib/python3.12/site-packages/airflow/example_dags/example_latest_only_with_trigger.py took 0.101 seconds
[2024-10-03T07:12:26.879+0000] {processor.py:186} INFO - Started process (PID=2179) to work on /home/airflow/.local/lib/python3.12/site-packages/airflow/example_dags/example_latest_only_with_trigger.py
[2024-10-03T07:12:26.880+0000] {processor.py:914} INFO - Processing file /home/airflow/.local/lib/python3.12/site-packages/airflow/example_dags/example_latest_only_with_trigger.py for tasks to queue
[2024-10-03T07:12:26.882+0000] {logging_mixin.py:190} INFO - [2024-10-03T07:12:26.882+0000] {dagbag.py:588} INFO - Filling up the DagBag from /home/airflow/.local/lib/python3.12/site-packages/airflow/example_dags/example_latest_only_with_trigger.py
[2024-10-03T07:12:26.892+0000] {processor.py:925} INFO - DAG(s) 'latest_only_with_trigger' retrieved from /home/airflow/.local/lib/python3.12/site-packages/airflow/example_dags/example_latest_only_with_trigger.py
[2024-10-03T07:12:26.917+0000] {logging_mixin.py:190} INFO - [2024-10-03T07:12:26.917+0000] {dag.py:3239} INFO - Sync 1 DAGs
[2024-10-03T07:12:26.944+0000] {logging_mixin.py:190} INFO - [2024-10-03T07:12:26.944+0000] {dag.py:4180} INFO - Setting next_dagrun for latest_only_with_trigger to 2024-10-03 00:00:00+00:00, run_after=2024-10-03 04:00:00+00:00
[2024-10-03T07:12:26.973+0000] {processor.py:208} INFO - Processing /home/airflow/.local/lib/python3.12/site-packages/airflow/example_dags/example_latest_only_with_trigger.py took 0.101 seconds
[2024-10-03T07:12:58.569+0000] {processor.py:186} INFO - Started process (PID=2242) to work on /home/airflow/.local/lib/python3.12/site-packages/airflow/example_dags/example_latest_only_with_trigger.py
[2024-10-03T07:12:58.571+0000] {processor.py:914} INFO - Processing file /home/airflow/.local/lib/python3.12/site-packages/airflow/example_dags/example_latest_only_with_trigger.py for tasks to queue
[2024-10-03T07:12:58.573+0000] {logging_mixin.py:190} INFO - [2024-10-03T07:12:58.572+0000] {dagbag.py:588} INFO - Filling up the DagBag from /home/airflow/.local/lib/python3.12/site-packages/airflow/example_dags/example_latest_only_with_trigger.py
[2024-10-03T07:12:58.584+0000] {processor.py:925} INFO - DAG(s) 'latest_only_with_trigger' retrieved from /home/airflow/.local/lib/python3.12/site-packages/airflow/example_dags/example_latest_only_with_trigger.py
[2024-10-03T07:12:58.614+0000] {logging_mixin.py:190} INFO - [2024-10-03T07:12:58.613+0000] {dag.py:3239} INFO - Sync 1 DAGs
[2024-10-03T07:12:58.644+0000] {logging_mixin.py:190} INFO - [2024-10-03T07:12:58.644+0000] {dag.py:4180} INFO - Setting next_dagrun for latest_only_with_trigger to 2024-10-03 00:00:00+00:00, run_after=2024-10-03 04:00:00+00:00
[2024-10-03T07:12:58.674+0000] {processor.py:208} INFO - Processing /home/airflow/.local/lib/python3.12/site-packages/airflow/example_dags/example_latest_only_with_trigger.py took 0.112 seconds
[2024-10-03T07:13:29.035+0000] {processor.py:186} INFO - Started process (PID=2305) to work on /home/airflow/.local/lib/python3.12/site-packages/airflow/example_dags/example_latest_only_with_trigger.py
[2024-10-03T07:13:29.036+0000] {processor.py:914} INFO - Processing file /home/airflow/.local/lib/python3.12/site-packages/airflow/example_dags/example_latest_only_with_trigger.py for tasks to queue
[2024-10-03T07:13:29.038+0000] {logging_mixin.py:190} INFO - [2024-10-03T07:13:29.037+0000] {dagbag.py:588} INFO - Filling up the DagBag from /home/airflow/.local/lib/python3.12/site-packages/airflow/example_dags/example_latest_only_with_trigger.py
[2024-10-03T07:13:29.049+0000] {processor.py:925} INFO - DAG(s) 'latest_only_with_trigger' retrieved from /home/airflow/.local/lib/python3.12/site-packages/airflow/example_dags/example_latest_only_with_trigger.py
[2024-10-03T07:13:29.079+0000] {logging_mixin.py:190} INFO - [2024-10-03T07:13:29.079+0000] {dag.py:3239} INFO - Sync 1 DAGs
[2024-10-03T07:13:29.110+0000] {logging_mixin.py:190} INFO - [2024-10-03T07:13:29.110+0000] {dag.py:4180} INFO - Setting next_dagrun for latest_only_with_trigger to 2024-10-03 00:00:00+00:00, run_after=2024-10-03 04:00:00+00:00
[2024-10-03T07:13:29.137+0000] {processor.py:208} INFO - Processing /home/airflow/.local/lib/python3.12/site-packages/airflow/example_dags/example_latest_only_with_trigger.py took 0.109 seconds
[2024-10-03T07:14:01.339+0000] {processor.py:186} INFO - Started process (PID=2368) to work on /home/airflow/.local/lib/python3.12/site-packages/airflow/example_dags/example_latest_only_with_trigger.py
[2024-10-03T07:14:01.341+0000] {processor.py:914} INFO - Processing file /home/airflow/.local/lib/python3.12/site-packages/airflow/example_dags/example_latest_only_with_trigger.py for tasks to queue
[2024-10-03T07:14:01.344+0000] {logging_mixin.py:190} INFO - [2024-10-03T07:14:01.343+0000] {dagbag.py:588} INFO - Filling up the DagBag from /home/airflow/.local/lib/python3.12/site-packages/airflow/example_dags/example_latest_only_with_trigger.py
[2024-10-03T07:14:01.358+0000] {processor.py:925} INFO - DAG(s) 'latest_only_with_trigger' retrieved from /home/airflow/.local/lib/python3.12/site-packages/airflow/example_dags/example_latest_only_with_trigger.py
[2024-10-03T07:14:01.394+0000] {logging_mixin.py:190} INFO - [2024-10-03T07:14:01.393+0000] {dag.py:3239} INFO - Sync 1 DAGs
[2024-10-03T07:14:01.439+0000] {logging_mixin.py:190} INFO - [2024-10-03T07:14:01.438+0000] {dag.py:4180} INFO - Setting next_dagrun for latest_only_with_trigger to 2024-10-03 00:00:00+00:00, run_after=2024-10-03 04:00:00+00:00
[2024-10-03T07:14:01.478+0000] {processor.py:208} INFO - Processing /home/airflow/.local/lib/python3.12/site-packages/airflow/example_dags/example_latest_only_with_trigger.py took 0.147 seconds
[2024-10-03T07:14:32.223+0000] {processor.py:186} INFO - Started process (PID=2431) to work on /home/airflow/.local/lib/python3.12/site-packages/airflow/example_dags/example_latest_only_with_trigger.py
[2024-10-03T07:14:32.225+0000] {processor.py:914} INFO - Processing file /home/airflow/.local/lib/python3.12/site-packages/airflow/example_dags/example_latest_only_with_trigger.py for tasks to queue
[2024-10-03T07:14:32.227+0000] {logging_mixin.py:190} INFO - [2024-10-03T07:14:32.227+0000] {dagbag.py:588} INFO - Filling up the DagBag from /home/airflow/.local/lib/python3.12/site-packages/airflow/example_dags/example_latest_only_with_trigger.py
[2024-10-03T07:14:32.237+0000] {processor.py:925} INFO - DAG(s) 'latest_only_with_trigger' retrieved from /home/airflow/.local/lib/python3.12/site-packages/airflow/example_dags/example_latest_only_with_trigger.py
[2024-10-03T07:14:32.270+0000] {logging_mixin.py:190} INFO - [2024-10-03T07:14:32.270+0000] {dag.py:3239} INFO - Sync 1 DAGs
[2024-10-03T07:14:32.306+0000] {logging_mixin.py:190} INFO - [2024-10-03T07:14:32.306+0000] {dag.py:4180} INFO - Setting next_dagrun for latest_only_with_trigger to 2024-10-03 00:00:00+00:00, run_after=2024-10-03 04:00:00+00:00
[2024-10-03T07:14:32.343+0000] {processor.py:208} INFO - Processing /home/airflow/.local/lib/python3.12/site-packages/airflow/example_dags/example_latest_only_with_trigger.py took 0.127 seconds
[2024-10-03T07:15:02.939+0000] {processor.py:186} INFO - Started process (PID=2494) to work on /home/airflow/.local/lib/python3.12/site-packages/airflow/example_dags/example_latest_only_with_trigger.py
[2024-10-03T07:15:02.940+0000] {processor.py:914} INFO - Processing file /home/airflow/.local/lib/python3.12/site-packages/airflow/example_dags/example_latest_only_with_trigger.py for tasks to queue
[2024-10-03T07:15:02.942+0000] {logging_mixin.py:190} INFO - [2024-10-03T07:15:02.942+0000] {dagbag.py:588} INFO - Filling up the DagBag from /home/airflow/.local/lib/python3.12/site-packages/airflow/example_dags/example_latest_only_with_trigger.py
[2024-10-03T07:15:02.951+0000] {processor.py:925} INFO - DAG(s) 'latest_only_with_trigger' retrieved from /home/airflow/.local/lib/python3.12/site-packages/airflow/example_dags/example_latest_only_with_trigger.py
[2024-10-03T07:15:02.977+0000] {logging_mixin.py:190} INFO - [2024-10-03T07:15:02.976+0000] {dag.py:3239} INFO - Sync 1 DAGs
[2024-10-03T07:15:03.002+0000] {logging_mixin.py:190} INFO - [2024-10-03T07:15:03.002+0000] {dag.py:4180} INFO - Setting next_dagrun for latest_only_with_trigger to 2024-10-03 00:00:00+00:00, run_after=2024-10-03 04:00:00+00:00
[2024-10-03T07:15:03.032+0000] {processor.py:208} INFO - Processing /home/airflow/.local/lib/python3.12/site-packages/airflow/example_dags/example_latest_only_with_trigger.py took 0.100 seconds
[2024-10-03T07:15:33.608+0000] {processor.py:186} INFO - Started process (PID=2557) to work on /home/airflow/.local/lib/python3.12/site-packages/airflow/example_dags/example_latest_only_with_trigger.py
[2024-10-03T07:15:33.610+0000] {processor.py:914} INFO - Processing file /home/airflow/.local/lib/python3.12/site-packages/airflow/example_dags/example_latest_only_with_trigger.py for tasks to queue
[2024-10-03T07:15:33.614+0000] {logging_mixin.py:190} INFO - [2024-10-03T07:15:33.613+0000] {dagbag.py:588} INFO - Filling up the DagBag from /home/airflow/.local/lib/python3.12/site-packages/airflow/example_dags/example_latest_only_with_trigger.py
[2024-10-03T07:15:33.635+0000] {processor.py:925} INFO - DAG(s) 'latest_only_with_trigger' retrieved from /home/airflow/.local/lib/python3.12/site-packages/airflow/example_dags/example_latest_only_with_trigger.py
[2024-10-03T07:15:33.662+0000] {logging_mixin.py:190} INFO - [2024-10-03T07:15:33.662+0000] {dag.py:3239} INFO - Sync 1 DAGs
[2024-10-03T07:15:33.692+0000] {logging_mixin.py:190} INFO - [2024-10-03T07:15:33.692+0000] {dag.py:4180} INFO - Setting next_dagrun for latest_only_with_trigger to 2024-10-03 00:00:00+00:00, run_after=2024-10-03 04:00:00+00:00
[2024-10-03T07:15:33.720+0000] {processor.py:208} INFO - Processing /home/airflow/.local/lib/python3.12/site-packages/airflow/example_dags/example_latest_only_with_trigger.py took 0.119 seconds
[2024-10-03T07:16:04.359+0000] {processor.py:186} INFO - Started process (PID=2618) to work on /home/airflow/.local/lib/python3.12/site-packages/airflow/example_dags/example_latest_only_with_trigger.py
[2024-10-03T07:16:04.361+0000] {processor.py:914} INFO - Processing file /home/airflow/.local/lib/python3.12/site-packages/airflow/example_dags/example_latest_only_with_trigger.py for tasks to queue
[2024-10-03T07:16:04.363+0000] {logging_mixin.py:190} INFO - [2024-10-03T07:16:04.362+0000] {dagbag.py:588} INFO - Filling up the DagBag from /home/airflow/.local/lib/python3.12/site-packages/airflow/example_dags/example_latest_only_with_trigger.py
[2024-10-03T07:16:04.375+0000] {processor.py:925} INFO - DAG(s) 'latest_only_with_trigger' retrieved from /home/airflow/.local/lib/python3.12/site-packages/airflow/example_dags/example_latest_only_with_trigger.py
[2024-10-03T07:16:04.406+0000] {logging_mixin.py:190} INFO - [2024-10-03T07:16:04.405+0000] {dag.py:3239} INFO - Sync 1 DAGs
[2024-10-03T07:16:04.438+0000] {logging_mixin.py:190} INFO - [2024-10-03T07:16:04.438+0000] {dag.py:4180} INFO - Setting next_dagrun for latest_only_with_trigger to 2024-10-03 00:00:00+00:00, run_after=2024-10-03 04:00:00+00:00
[2024-10-03T07:16:04.469+0000] {processor.py:208} INFO - Processing /home/airflow/.local/lib/python3.12/site-packages/airflow/example_dags/example_latest_only_with_trigger.py took 0.116 seconds
[2024-10-03T07:16:35.321+0000] {processor.py:186} INFO - Started process (PID=2681) to work on /home/airflow/.local/lib/python3.12/site-packages/airflow/example_dags/example_latest_only_with_trigger.py
[2024-10-03T07:16:35.322+0000] {processor.py:914} INFO - Processing file /home/airflow/.local/lib/python3.12/site-packages/airflow/example_dags/example_latest_only_with_trigger.py for tasks to queue
[2024-10-03T07:16:35.324+0000] {logging_mixin.py:190} INFO - [2024-10-03T07:16:35.324+0000] {dagbag.py:588} INFO - Filling up the DagBag from /home/airflow/.local/lib/python3.12/site-packages/airflow/example_dags/example_latest_only_with_trigger.py
[2024-10-03T07:16:35.336+0000] {processor.py:925} INFO - DAG(s) 'latest_only_with_trigger' retrieved from /home/airflow/.local/lib/python3.12/site-packages/airflow/example_dags/example_latest_only_with_trigger.py
[2024-10-03T07:16:35.367+0000] {logging_mixin.py:190} INFO - [2024-10-03T07:16:35.366+0000] {dag.py:3239} INFO - Sync 1 DAGs
[2024-10-03T07:16:35.398+0000] {logging_mixin.py:190} INFO - [2024-10-03T07:16:35.398+0000] {dag.py:4180} INFO - Setting next_dagrun for latest_only_with_trigger to 2024-10-03 00:00:00+00:00, run_after=2024-10-03 04:00:00+00:00
[2024-10-03T07:16:35.433+0000] {processor.py:208} INFO - Processing /home/airflow/.local/lib/python3.12/site-packages/airflow/example_dags/example_latest_only_with_trigger.py took 0.120 seconds
[2024-10-03T07:17:05.873+0000] {processor.py:186} INFO - Started process (PID=2744) to work on /home/airflow/.local/lib/python3.12/site-packages/airflow/example_dags/example_latest_only_with_trigger.py
[2024-10-03T07:17:05.875+0000] {processor.py:914} INFO - Processing file /home/airflow/.local/lib/python3.12/site-packages/airflow/example_dags/example_latest_only_with_trigger.py for tasks to queue
[2024-10-03T07:17:05.877+0000] {logging_mixin.py:190} INFO - [2024-10-03T07:17:05.877+0000] {dagbag.py:588} INFO - Filling up the DagBag from /home/airflow/.local/lib/python3.12/site-packages/airflow/example_dags/example_latest_only_with_trigger.py
[2024-10-03T07:17:05.886+0000] {processor.py:925} INFO - DAG(s) 'latest_only_with_trigger' retrieved from /home/airflow/.local/lib/python3.12/site-packages/airflow/example_dags/example_latest_only_with_trigger.py
[2024-10-03T07:17:05.916+0000] {logging_mixin.py:190} INFO - [2024-10-03T07:17:05.916+0000] {dag.py:3239} INFO - Sync 1 DAGs
[2024-10-03T07:17:05.946+0000] {logging_mixin.py:190} INFO - [2024-10-03T07:17:05.946+0000] {dag.py:4180} INFO - Setting next_dagrun for latest_only_with_trigger to 2024-10-03 00:00:00+00:00, run_after=2024-10-03 04:00:00+00:00
[2024-10-03T07:17:05.973+0000] {processor.py:208} INFO - Processing /home/airflow/.local/lib/python3.12/site-packages/airflow/example_dags/example_latest_only_with_trigger.py took 0.105 seconds
[2024-10-03T07:17:36.622+0000] {processor.py:186} INFO - Started process (PID=2807) to work on /home/airflow/.local/lib/python3.12/site-packages/airflow/example_dags/example_latest_only_with_trigger.py
[2024-10-03T07:17:36.624+0000] {processor.py:914} INFO - Processing file /home/airflow/.local/lib/python3.12/site-packages/airflow/example_dags/example_latest_only_with_trigger.py for tasks to queue
[2024-10-03T07:17:36.625+0000] {logging_mixin.py:190} INFO - [2024-10-03T07:17:36.625+0000] {dagbag.py:588} INFO - Filling up the DagBag from /home/airflow/.local/lib/python3.12/site-packages/airflow/example_dags/example_latest_only_with_trigger.py
[2024-10-03T07:17:36.636+0000] {processor.py:925} INFO - DAG(s) 'latest_only_with_trigger' retrieved from /home/airflow/.local/lib/python3.12/site-packages/airflow/example_dags/example_latest_only_with_trigger.py
[2024-10-03T07:17:36.663+0000] {logging_mixin.py:190} INFO - [2024-10-03T07:17:36.663+0000] {dag.py:3239} INFO - Sync 1 DAGs
[2024-10-03T07:17:36.693+0000] {logging_mixin.py:190} INFO - [2024-10-03T07:17:36.693+0000] {dag.py:4180} INFO - Setting next_dagrun for latest_only_with_trigger to 2024-10-03 00:00:00+00:00, run_after=2024-10-03 04:00:00+00:00
[2024-10-03T07:17:36.721+0000] {processor.py:208} INFO - Processing /home/airflow/.local/lib/python3.12/site-packages/airflow/example_dags/example_latest_only_with_trigger.py took 0.104 seconds
[2024-10-03T07:18:07.219+0000] {processor.py:186} INFO - Started process (PID=2870) to work on /home/airflow/.local/lib/python3.12/site-packages/airflow/example_dags/example_latest_only_with_trigger.py
[2024-10-03T07:18:07.221+0000] {processor.py:914} INFO - Processing file /home/airflow/.local/lib/python3.12/site-packages/airflow/example_dags/example_latest_only_with_trigger.py for tasks to queue
[2024-10-03T07:18:07.223+0000] {logging_mixin.py:190} INFO - [2024-10-03T07:18:07.223+0000] {dagbag.py:588} INFO - Filling up the DagBag from /home/airflow/.local/lib/python3.12/site-packages/airflow/example_dags/example_latest_only_with_trigger.py
[2024-10-03T07:18:07.233+0000] {processor.py:925} INFO - DAG(s) 'latest_only_with_trigger' retrieved from /home/airflow/.local/lib/python3.12/site-packages/airflow/example_dags/example_latest_only_with_trigger.py
[2024-10-03T07:18:07.268+0000] {logging_mixin.py:190} INFO - [2024-10-03T07:18:07.268+0000] {dag.py:3239} INFO - Sync 1 DAGs
[2024-10-03T07:18:07.298+0000] {logging_mixin.py:190} INFO - [2024-10-03T07:18:07.298+0000] {dag.py:4180} INFO - Setting next_dagrun for latest_only_with_trigger to 2024-10-03 00:00:00+00:00, run_after=2024-10-03 04:00:00+00:00
[2024-10-03T07:18:07.330+0000] {processor.py:208} INFO - Processing /home/airflow/.local/lib/python3.12/site-packages/airflow/example_dags/example_latest_only_with_trigger.py took 0.118 seconds
[2024-10-03T07:18:37.919+0000] {processor.py:186} INFO - Started process (PID=2932) to work on /home/airflow/.local/lib/python3.12/site-packages/airflow/example_dags/example_latest_only_with_trigger.py
[2024-10-03T07:18:37.921+0000] {processor.py:914} INFO - Processing file /home/airflow/.local/lib/python3.12/site-packages/airflow/example_dags/example_latest_only_with_trigger.py for tasks to queue
[2024-10-03T07:18:37.923+0000] {logging_mixin.py:190} INFO - [2024-10-03T07:18:37.922+0000] {dagbag.py:588} INFO - Filling up the DagBag from /home/airflow/.local/lib/python3.12/site-packages/airflow/example_dags/example_latest_only_with_trigger.py
[2024-10-03T07:18:37.934+0000] {processor.py:925} INFO - DAG(s) 'latest_only_with_trigger' retrieved from /home/airflow/.local/lib/python3.12/site-packages/airflow/example_dags/example_latest_only_with_trigger.py
[2024-10-03T07:18:37.964+0000] {logging_mixin.py:190} INFO - [2024-10-03T07:18:37.963+0000] {dag.py:3239} INFO - Sync 1 DAGs
[2024-10-03T07:18:37.997+0000] {logging_mixin.py:190} INFO - [2024-10-03T07:18:37.997+0000] {dag.py:4180} INFO - Setting next_dagrun for latest_only_with_trigger to 2024-10-03 00:00:00+00:00, run_after=2024-10-03 04:00:00+00:00
[2024-10-03T07:18:38.027+0000] {processor.py:208} INFO - Processing /home/airflow/.local/lib/python3.12/site-packages/airflow/example_dags/example_latest_only_with_trigger.py took 0.116 seconds
