[2024-10-03T06:33:59.513+0000] {processor.py:157} INFO - Started process (PID=121) to work on /home/airflow/.local/lib/python3.8/site-packages/airflow/example_dags/example_short_circuit_operator.py
[2024-10-03T06:33:59.515+0000] {processor.py:829} INFO - Processing file /home/airflow/.local/lib/python3.8/site-packages/airflow/example_dags/example_short_circuit_operator.py for tasks to queue
[2024-10-03T06:33:59.519+0000] {logging_mixin.py:151} INFO - [2024-10-03T06:33:59.518+0000] {dagbag.py:539} INFO - Filling up the DagBag from /home/airflow/.local/lib/python3.8/site-packages/airflow/example_dags/example_short_circuit_operator.py
[2024-10-03T06:33:59.531+0000] {processor.py:839} INFO - DAG(s) dict_keys(['example_short_circuit_operator']) retrieved from /home/airflow/.local/lib/python3.8/site-packages/airflow/example_dags/example_short_circuit_operator.py
[2024-10-03T06:33:59.754+0000] {logging_mixin.py:151} INFO - [2024-10-03T06:33:59.754+0000] {manager.py:501} INFO - Created Permission View: can delete on DAG:example_short_circuit_operator
[2024-10-03T06:33:59.779+0000] {logging_mixin.py:151} INFO - [2024-10-03T06:33:59.779+0000] {manager.py:501} INFO - Created Permission View: can read on DAG:example_short_circuit_operator
[2024-10-03T06:33:59.797+0000] {logging_mixin.py:151} INFO - [2024-10-03T06:33:59.797+0000] {manager.py:501} INFO - Created Permission View: can edit on DAG:example_short_circuit_operator
[2024-10-03T06:33:59.827+0000] {logging_mixin.py:151} INFO - [2024-10-03T06:33:59.826+0000] {dag.py:2907} INFO - Sync 1 DAGs
[2024-10-03T06:33:59.847+0000] {logging_mixin.py:151} INFO - [2024-10-03T06:33:59.847+0000] {dag.py:2929} INFO - Creating ORM DAG for example_short_circuit_operator
[2024-10-03T06:33:59.867+0000] {logging_mixin.py:151} INFO - [2024-10-03T06:33:59.866+0000] {dag.py:3677} INFO - Setting next_dagrun for example_short_circuit_operator to 2024-10-02T06:33:59.866334+00:00, run_after=2024-10-03T06:33:59.866334+00:00
[2024-10-03T06:33:59.907+0000] {processor.py:179} INFO - Processing /home/airflow/.local/lib/python3.8/site-packages/airflow/example_dags/example_short_circuit_operator.py took 0.399 seconds
[2024-10-03T06:34:30.631+0000] {processor.py:157} INFO - Started process (PID=178) to work on /home/airflow/.local/lib/python3.8/site-packages/airflow/example_dags/example_short_circuit_operator.py
[2024-10-03T06:34:30.634+0000] {processor.py:829} INFO - Processing file /home/airflow/.local/lib/python3.8/site-packages/airflow/example_dags/example_short_circuit_operator.py for tasks to queue
[2024-10-03T06:34:30.640+0000] {logging_mixin.py:151} INFO - [2024-10-03T06:34:30.639+0000] {dagbag.py:539} INFO - Filling up the DagBag from /home/airflow/.local/lib/python3.8/site-packages/airflow/example_dags/example_short_circuit_operator.py
[2024-10-03T06:34:30.657+0000] {processor.py:839} INFO - DAG(s) dict_keys(['example_short_circuit_operator']) retrieved from /home/airflow/.local/lib/python3.8/site-packages/airflow/example_dags/example_short_circuit_operator.py
[2024-10-03T06:34:30.701+0000] {logging_mixin.py:151} INFO - [2024-10-03T06:34:30.700+0000] {dag.py:2907} INFO - Sync 1 DAGs
[2024-10-03T06:34:30.743+0000] {logging_mixin.py:151} INFO - [2024-10-03T06:34:30.742+0000] {dag.py:3677} INFO - Setting next_dagrun for example_short_circuit_operator to 2024-10-02T06:34:30.742513+00:00, run_after=2024-10-03T06:34:30.742513+00:00
[2024-10-03T06:34:30.793+0000] {processor.py:179} INFO - Processing /home/airflow/.local/lib/python3.8/site-packages/airflow/example_dags/example_short_circuit_operator.py took 0.171 seconds
[2024-10-03T06:35:01.071+0000] {processor.py:157} INFO - Started process (PID=236) to work on /home/airflow/.local/lib/python3.8/site-packages/airflow/example_dags/example_short_circuit_operator.py
[2024-10-03T06:35:01.073+0000] {processor.py:829} INFO - Processing file /home/airflow/.local/lib/python3.8/site-packages/airflow/example_dags/example_short_circuit_operator.py for tasks to queue
[2024-10-03T06:35:01.076+0000] {logging_mixin.py:151} INFO - [2024-10-03T06:35:01.076+0000] {dagbag.py:539} INFO - Filling up the DagBag from /home/airflow/.local/lib/python3.8/site-packages/airflow/example_dags/example_short_circuit_operator.py
[2024-10-03T06:35:01.257+0000] {processor.py:839} INFO - DAG(s) dict_keys(['example_short_circuit_operator']) retrieved from /home/airflow/.local/lib/python3.8/site-packages/airflow/example_dags/example_short_circuit_operator.py
[2024-10-03T06:35:01.324+0000] {logging_mixin.py:151} INFO - [2024-10-03T06:35:01.323+0000] {dag.py:2907} INFO - Sync 1 DAGs
[2024-10-03T06:35:01.380+0000] {logging_mixin.py:151} INFO - [2024-10-03T06:35:01.379+0000] {dag.py:3677} INFO - Setting next_dagrun for example_short_circuit_operator to 2024-10-02T06:35:01.379269+00:00, run_after=2024-10-03T06:35:01.379269+00:00
[2024-10-03T06:35:01.470+0000] {processor.py:179} INFO - Processing /home/airflow/.local/lib/python3.8/site-packages/airflow/example_dags/example_short_circuit_operator.py took 0.404 seconds
[2024-10-03T06:35:31.833+0000] {processor.py:157} INFO - Started process (PID=294) to work on /home/airflow/.local/lib/python3.8/site-packages/airflow/example_dags/example_short_circuit_operator.py
[2024-10-03T06:35:31.836+0000] {processor.py:829} INFO - Processing file /home/airflow/.local/lib/python3.8/site-packages/airflow/example_dags/example_short_circuit_operator.py for tasks to queue
[2024-10-03T06:35:31.843+0000] {logging_mixin.py:151} INFO - [2024-10-03T06:35:31.842+0000] {dagbag.py:539} INFO - Filling up the DagBag from /home/airflow/.local/lib/python3.8/site-packages/airflow/example_dags/example_short_circuit_operator.py
[2024-10-03T06:35:31.860+0000] {processor.py:839} INFO - DAG(s) dict_keys(['example_short_circuit_operator']) retrieved from /home/airflow/.local/lib/python3.8/site-packages/airflow/example_dags/example_short_circuit_operator.py
[2024-10-03T06:35:31.930+0000] {logging_mixin.py:151} INFO - [2024-10-03T06:35:31.930+0000] {dag.py:2907} INFO - Sync 1 DAGs
[2024-10-03T06:35:31.975+0000] {logging_mixin.py:151} INFO - [2024-10-03T06:35:31.974+0000] {dag.py:3677} INFO - Setting next_dagrun for example_short_circuit_operator to 2024-10-02T06:35:31.974165+00:00, run_after=2024-10-03T06:35:31.974165+00:00
[2024-10-03T06:35:32.023+0000] {processor.py:179} INFO - Processing /home/airflow/.local/lib/python3.8/site-packages/airflow/example_dags/example_short_circuit_operator.py took 0.200 seconds
[2024-10-03T06:36:02.450+0000] {processor.py:157} INFO - Started process (PID=353) to work on /home/airflow/.local/lib/python3.8/site-packages/airflow/example_dags/example_short_circuit_operator.py
[2024-10-03T06:36:02.453+0000] {processor.py:829} INFO - Processing file /home/airflow/.local/lib/python3.8/site-packages/airflow/example_dags/example_short_circuit_operator.py for tasks to queue
[2024-10-03T06:36:02.461+0000] {logging_mixin.py:151} INFO - [2024-10-03T06:36:02.460+0000] {dagbag.py:539} INFO - Filling up the DagBag from /home/airflow/.local/lib/python3.8/site-packages/airflow/example_dags/example_short_circuit_operator.py
[2024-10-03T06:36:02.482+0000] {processor.py:839} INFO - DAG(s) dict_keys(['example_short_circuit_operator']) retrieved from /home/airflow/.local/lib/python3.8/site-packages/airflow/example_dags/example_short_circuit_operator.py
[2024-10-03T06:36:02.564+0000] {logging_mixin.py:151} INFO - [2024-10-03T06:36:02.563+0000] {dag.py:2907} INFO - Sync 1 DAGs
[2024-10-03T06:36:02.627+0000] {logging_mixin.py:151} INFO - [2024-10-03T06:36:02.626+0000] {dag.py:3677} INFO - Setting next_dagrun for example_short_circuit_operator to 2024-10-02T06:36:02.626234+00:00, run_after=2024-10-03T06:36:02.626234+00:00
[2024-10-03T06:36:02.682+0000] {processor.py:179} INFO - Processing /home/airflow/.local/lib/python3.8/site-packages/airflow/example_dags/example_short_circuit_operator.py took 0.240 seconds
[2024-10-03T06:36:33.075+0000] {processor.py:157} INFO - Started process (PID=411) to work on /home/airflow/.local/lib/python3.8/site-packages/airflow/example_dags/example_short_circuit_operator.py
[2024-10-03T06:36:33.077+0000] {processor.py:829} INFO - Processing file /home/airflow/.local/lib/python3.8/site-packages/airflow/example_dags/example_short_circuit_operator.py for tasks to queue
[2024-10-03T06:36:33.082+0000] {logging_mixin.py:151} INFO - [2024-10-03T06:36:33.081+0000] {dagbag.py:539} INFO - Filling up the DagBag from /home/airflow/.local/lib/python3.8/site-packages/airflow/example_dags/example_short_circuit_operator.py
[2024-10-03T06:36:33.100+0000] {processor.py:839} INFO - DAG(s) dict_keys(['example_short_circuit_operator']) retrieved from /home/airflow/.local/lib/python3.8/site-packages/airflow/example_dags/example_short_circuit_operator.py
[2024-10-03T06:36:33.161+0000] {logging_mixin.py:151} INFO - [2024-10-03T06:36:33.160+0000] {dag.py:2907} INFO - Sync 1 DAGs
[2024-10-03T06:36:33.207+0000] {logging_mixin.py:151} INFO - [2024-10-03T06:36:33.207+0000] {dag.py:3677} INFO - Setting next_dagrun for example_short_circuit_operator to 2024-10-02T06:36:33.206971+00:00, run_after=2024-10-03T06:36:33.206971+00:00
[2024-10-03T06:36:33.258+0000] {processor.py:179} INFO - Processing /home/airflow/.local/lib/python3.8/site-packages/airflow/example_dags/example_short_circuit_operator.py took 0.189 seconds
[2024-10-03T06:41:19.289+0000] {processor.py:157} INFO - Started process (PID=107) to work on /home/airflow/.local/lib/python3.8/site-packages/airflow/example_dags/example_short_circuit_operator.py
[2024-10-03T06:41:19.294+0000] {processor.py:829} INFO - Processing file /home/airflow/.local/lib/python3.8/site-packages/airflow/example_dags/example_short_circuit_operator.py for tasks to queue
[2024-10-03T06:41:19.303+0000] {logging_mixin.py:151} INFO - [2024-10-03T06:41:19.302+0000] {dagbag.py:539} INFO - Filling up the DagBag from /home/airflow/.local/lib/python3.8/site-packages/airflow/example_dags/example_short_circuit_operator.py
[2024-10-03T06:41:19.405+0000] {processor.py:839} INFO - DAG(s) dict_keys(['example_short_circuit_operator']) retrieved from /home/airflow/.local/lib/python3.8/site-packages/airflow/example_dags/example_short_circuit_operator.py
[2024-10-03T06:41:19.602+0000] {logging_mixin.py:151} INFO - [2024-10-03T06:41:19.602+0000] {dag.py:2907} INFO - Sync 1 DAGs
[2024-10-03T06:41:19.717+0000] {logging_mixin.py:151} INFO - [2024-10-03T06:41:19.717+0000] {dag.py:3677} INFO - Setting next_dagrun for example_short_circuit_operator to 2024-10-02T06:41:19.716237+00:00, run_after=2024-10-03T06:41:19.716237+00:00
[2024-10-03T06:41:19.792+0000] {processor.py:179} INFO - Processing /home/airflow/.local/lib/python3.8/site-packages/airflow/example_dags/example_short_circuit_operator.py took 0.520 seconds
[2024-10-03T06:41:49.899+0000] {processor.py:157} INFO - Started process (PID=164) to work on /home/airflow/.local/lib/python3.8/site-packages/airflow/example_dags/example_short_circuit_operator.py
[2024-10-03T06:41:49.902+0000] {processor.py:829} INFO - Processing file /home/airflow/.local/lib/python3.8/site-packages/airflow/example_dags/example_short_circuit_operator.py for tasks to queue
[2024-10-03T06:41:49.905+0000] {logging_mixin.py:151} INFO - [2024-10-03T06:41:49.905+0000] {dagbag.py:539} INFO - Filling up the DagBag from /home/airflow/.local/lib/python3.8/site-packages/airflow/example_dags/example_short_circuit_operator.py
[2024-10-03T06:41:49.920+0000] {processor.py:839} INFO - DAG(s) dict_keys(['example_short_circuit_operator']) retrieved from /home/airflow/.local/lib/python3.8/site-packages/airflow/example_dags/example_short_circuit_operator.py
[2024-10-03T06:41:49.970+0000] {logging_mixin.py:151} INFO - [2024-10-03T06:41:49.969+0000] {dag.py:2907} INFO - Sync 1 DAGs
[2024-10-03T06:41:50.012+0000] {logging_mixin.py:151} INFO - [2024-10-03T06:41:50.011+0000] {dag.py:3677} INFO - Setting next_dagrun for example_short_circuit_operator to 2024-10-02T06:41:50.011340+00:00, run_after=2024-10-03T06:41:50.011340+00:00
[2024-10-03T06:41:50.060+0000] {processor.py:179} INFO - Processing /home/airflow/.local/lib/python3.8/site-packages/airflow/example_dags/example_short_circuit_operator.py took 0.167 seconds
[2024-10-03T06:42:20.854+0000] {processor.py:157} INFO - Started process (PID=222) to work on /home/airflow/.local/lib/python3.8/site-packages/airflow/example_dags/example_short_circuit_operator.py
[2024-10-03T06:42:20.856+0000] {processor.py:829} INFO - Processing file /home/airflow/.local/lib/python3.8/site-packages/airflow/example_dags/example_short_circuit_operator.py for tasks to queue
[2024-10-03T06:42:20.862+0000] {logging_mixin.py:151} INFO - [2024-10-03T06:42:20.861+0000] {dagbag.py:539} INFO - Filling up the DagBag from /home/airflow/.local/lib/python3.8/site-packages/airflow/example_dags/example_short_circuit_operator.py
[2024-10-03T06:42:20.880+0000] {processor.py:839} INFO - DAG(s) dict_keys(['example_short_circuit_operator']) retrieved from /home/airflow/.local/lib/python3.8/site-packages/airflow/example_dags/example_short_circuit_operator.py
[2024-10-03T06:42:20.940+0000] {logging_mixin.py:151} INFO - [2024-10-03T06:42:20.940+0000] {dag.py:2907} INFO - Sync 1 DAGs
[2024-10-03T06:42:20.983+0000] {logging_mixin.py:151} INFO - [2024-10-03T06:42:20.983+0000] {dag.py:3677} INFO - Setting next_dagrun for example_short_circuit_operator to 2024-10-02T06:42:20.982854+00:00, run_after=2024-10-03T06:42:20.982854+00:00
[2024-10-03T06:42:21.037+0000] {processor.py:179} INFO - Processing /home/airflow/.local/lib/python3.8/site-packages/airflow/example_dags/example_short_circuit_operator.py took 0.191 seconds
[2024-10-03T06:52:49.533+0000] {processor.py:186} INFO - Started process (PID=106) to work on /home/airflow/.local/lib/python3.12/site-packages/airflow/example_dags/example_short_circuit_operator.py
[2024-10-03T06:52:49.535+0000] {processor.py:914} INFO - Processing file /home/airflow/.local/lib/python3.12/site-packages/airflow/example_dags/example_short_circuit_operator.py for tasks to queue
[2024-10-03T06:52:49.541+0000] {logging_mixin.py:190} INFO - [2024-10-03T06:52:49.540+0000] {dagbag.py:588} INFO - Filling up the DagBag from /home/airflow/.local/lib/python3.12/site-packages/airflow/example_dags/example_short_circuit_operator.py
[2024-10-03T06:52:49.576+0000] {processor.py:925} INFO - DAG(s) 'example_short_circuit_operator' retrieved from /home/airflow/.local/lib/python3.12/site-packages/airflow/example_dags/example_short_circuit_operator.py
[2024-10-03T06:52:49.855+0000] {logging_mixin.py:190} INFO - [2024-10-03T06:52:49.854+0000] {dag.py:3239} INFO - Sync 1 DAGs
[2024-10-03T06:52:49.884+0000] {logging_mixin.py:190} INFO - [2024-10-03T06:52:49.884+0000] {dag.py:4180} INFO - Setting next_dagrun for example_short_circuit_operator to None, run_after=None
[2024-10-03T06:52:50.173+0000] {processor.py:208} INFO - Processing /home/airflow/.local/lib/python3.12/site-packages/airflow/example_dags/example_short_circuit_operator.py took 0.650 seconds
[2024-10-03T06:53:20.502+0000] {processor.py:186} INFO - Started process (PID=170) to work on /home/airflow/.local/lib/python3.12/site-packages/airflow/example_dags/example_short_circuit_operator.py
[2024-10-03T06:53:20.504+0000] {processor.py:914} INFO - Processing file /home/airflow/.local/lib/python3.12/site-packages/airflow/example_dags/example_short_circuit_operator.py for tasks to queue
[2024-10-03T06:53:20.509+0000] {logging_mixin.py:190} INFO - [2024-10-03T06:53:20.508+0000] {dagbag.py:588} INFO - Filling up the DagBag from /home/airflow/.local/lib/python3.12/site-packages/airflow/example_dags/example_short_circuit_operator.py
[2024-10-03T06:53:20.527+0000] {processor.py:925} INFO - DAG(s) 'example_short_circuit_operator' retrieved from /home/airflow/.local/lib/python3.12/site-packages/airflow/example_dags/example_short_circuit_operator.py
[2024-10-03T06:53:20.594+0000] {logging_mixin.py:190} INFO - [2024-10-03T06:53:20.593+0000] {dag.py:3239} INFO - Sync 1 DAGs
[2024-10-03T06:53:20.632+0000] {logging_mixin.py:190} INFO - [2024-10-03T06:53:20.631+0000] {dag.py:4180} INFO - Setting next_dagrun for example_short_circuit_operator to None, run_after=None
[2024-10-03T06:53:20.682+0000] {processor.py:208} INFO - Processing /home/airflow/.local/lib/python3.12/site-packages/airflow/example_dags/example_short_circuit_operator.py took 0.192 seconds
[2024-10-03T06:53:50.877+0000] {processor.py:186} INFO - Started process (PID=234) to work on /home/airflow/.local/lib/python3.12/site-packages/airflow/example_dags/example_short_circuit_operator.py
[2024-10-03T06:53:50.879+0000] {processor.py:914} INFO - Processing file /home/airflow/.local/lib/python3.12/site-packages/airflow/example_dags/example_short_circuit_operator.py for tasks to queue
[2024-10-03T06:53:50.882+0000] {logging_mixin.py:190} INFO - [2024-10-03T06:53:50.882+0000] {dagbag.py:588} INFO - Filling up the DagBag from /home/airflow/.local/lib/python3.12/site-packages/airflow/example_dags/example_short_circuit_operator.py
[2024-10-03T06:53:50.895+0000] {processor.py:925} INFO - DAG(s) 'example_short_circuit_operator' retrieved from /home/airflow/.local/lib/python3.12/site-packages/airflow/example_dags/example_short_circuit_operator.py
[2024-10-03T06:53:50.929+0000] {logging_mixin.py:190} INFO - [2024-10-03T06:53:50.929+0000] {dag.py:3239} INFO - Sync 1 DAGs
[2024-10-03T06:53:50.950+0000] {logging_mixin.py:190} INFO - [2024-10-03T06:53:50.949+0000] {dag.py:4180} INFO - Setting next_dagrun for example_short_circuit_operator to None, run_after=None
[2024-10-03T06:53:51.002+0000] {processor.py:208} INFO - Processing /home/airflow/.local/lib/python3.12/site-packages/airflow/example_dags/example_short_circuit_operator.py took 0.132 seconds
[2024-10-03T06:54:21.361+0000] {processor.py:186} INFO - Started process (PID=298) to work on /home/airflow/.local/lib/python3.12/site-packages/airflow/example_dags/example_short_circuit_operator.py
[2024-10-03T06:54:21.364+0000] {processor.py:914} INFO - Processing file /home/airflow/.local/lib/python3.12/site-packages/airflow/example_dags/example_short_circuit_operator.py for tasks to queue
[2024-10-03T06:54:21.369+0000] {logging_mixin.py:190} INFO - [2024-10-03T06:54:21.369+0000] {dagbag.py:588} INFO - Filling up the DagBag from /home/airflow/.local/lib/python3.12/site-packages/airflow/example_dags/example_short_circuit_operator.py
[2024-10-03T06:54:21.385+0000] {processor.py:925} INFO - DAG(s) 'example_short_circuit_operator' retrieved from /home/airflow/.local/lib/python3.12/site-packages/airflow/example_dags/example_short_circuit_operator.py
[2024-10-03T06:54:21.429+0000] {logging_mixin.py:190} INFO - [2024-10-03T06:54:21.429+0000] {dag.py:3239} INFO - Sync 1 DAGs
[2024-10-03T06:54:21.462+0000] {logging_mixin.py:190} INFO - [2024-10-03T06:54:21.461+0000] {dag.py:4180} INFO - Setting next_dagrun for example_short_circuit_operator to None, run_after=None
[2024-10-03T06:54:21.509+0000] {processor.py:208} INFO - Processing /home/airflow/.local/lib/python3.12/site-packages/airflow/example_dags/example_short_circuit_operator.py took 0.159 seconds
[2024-10-03T06:54:51.734+0000] {processor.py:186} INFO - Started process (PID=361) to work on /home/airflow/.local/lib/python3.12/site-packages/airflow/example_dags/example_short_circuit_operator.py
[2024-10-03T06:54:51.738+0000] {processor.py:914} INFO - Processing file /home/airflow/.local/lib/python3.12/site-packages/airflow/example_dags/example_short_circuit_operator.py for tasks to queue
[2024-10-03T06:54:51.744+0000] {logging_mixin.py:190} INFO - [2024-10-03T06:54:51.743+0000] {dagbag.py:588} INFO - Filling up the DagBag from /home/airflow/.local/lib/python3.12/site-packages/airflow/example_dags/example_short_circuit_operator.py
[2024-10-03T06:54:51.763+0000] {processor.py:925} INFO - DAG(s) 'example_short_circuit_operator' retrieved from /home/airflow/.local/lib/python3.12/site-packages/airflow/example_dags/example_short_circuit_operator.py
[2024-10-03T06:54:51.827+0000] {logging_mixin.py:190} INFO - [2024-10-03T06:54:51.827+0000] {dag.py:3239} INFO - Sync 1 DAGs
[2024-10-03T06:54:51.849+0000] {logging_mixin.py:190} INFO - [2024-10-03T06:54:51.849+0000] {dag.py:4180} INFO - Setting next_dagrun for example_short_circuit_operator to None, run_after=None
[2024-10-03T06:54:51.952+0000] {processor.py:208} INFO - Processing /home/airflow/.local/lib/python3.12/site-packages/airflow/example_dags/example_short_circuit_operator.py took 0.230 seconds
[2024-10-03T06:55:22.561+0000] {processor.py:186} INFO - Started process (PID=425) to work on /home/airflow/.local/lib/python3.12/site-packages/airflow/example_dags/example_short_circuit_operator.py
[2024-10-03T06:55:22.564+0000] {processor.py:914} INFO - Processing file /home/airflow/.local/lib/python3.12/site-packages/airflow/example_dags/example_short_circuit_operator.py for tasks to queue
[2024-10-03T06:55:22.568+0000] {logging_mixin.py:190} INFO - [2024-10-03T06:55:22.567+0000] {dagbag.py:588} INFO - Filling up the DagBag from /home/airflow/.local/lib/python3.12/site-packages/airflow/example_dags/example_short_circuit_operator.py
[2024-10-03T06:55:22.579+0000] {processor.py:925} INFO - DAG(s) 'example_short_circuit_operator' retrieved from /home/airflow/.local/lib/python3.12/site-packages/airflow/example_dags/example_short_circuit_operator.py
[2024-10-03T06:55:22.614+0000] {logging_mixin.py:190} INFO - [2024-10-03T06:55:22.614+0000] {dag.py:3239} INFO - Sync 1 DAGs
[2024-10-03T06:55:22.641+0000] {logging_mixin.py:190} INFO - [2024-10-03T06:55:22.640+0000] {dag.py:4180} INFO - Setting next_dagrun for example_short_circuit_operator to None, run_after=None
[2024-10-03T06:55:22.678+0000] {processor.py:208} INFO - Processing /home/airflow/.local/lib/python3.12/site-packages/airflow/example_dags/example_short_circuit_operator.py took 0.125 seconds
[2024-10-03T06:55:53.346+0000] {processor.py:186} INFO - Started process (PID=489) to work on /home/airflow/.local/lib/python3.12/site-packages/airflow/example_dags/example_short_circuit_operator.py
[2024-10-03T06:55:53.349+0000] {processor.py:914} INFO - Processing file /home/airflow/.local/lib/python3.12/site-packages/airflow/example_dags/example_short_circuit_operator.py for tasks to queue
[2024-10-03T06:55:53.353+0000] {logging_mixin.py:190} INFO - [2024-10-03T06:55:53.353+0000] {dagbag.py:588} INFO - Filling up the DagBag from /home/airflow/.local/lib/python3.12/site-packages/airflow/example_dags/example_short_circuit_operator.py
[2024-10-03T06:55:53.370+0000] {processor.py:925} INFO - DAG(s) 'example_short_circuit_operator' retrieved from /home/airflow/.local/lib/python3.12/site-packages/airflow/example_dags/example_short_circuit_operator.py
[2024-10-03T06:55:53.440+0000] {logging_mixin.py:190} INFO - [2024-10-03T06:55:53.439+0000] {dag.py:3239} INFO - Sync 1 DAGs
[2024-10-03T06:55:53.461+0000] {logging_mixin.py:190} INFO - [2024-10-03T06:55:53.461+0000] {dag.py:4180} INFO - Setting next_dagrun for example_short_circuit_operator to None, run_after=None
[2024-10-03T06:55:53.863+0000] {processor.py:208} INFO - Processing /home/airflow/.local/lib/python3.12/site-packages/airflow/example_dags/example_short_circuit_operator.py took 0.526 seconds
[2024-10-03T06:56:24.245+0000] {processor.py:186} INFO - Started process (PID=553) to work on /home/airflow/.local/lib/python3.12/site-packages/airflow/example_dags/example_short_circuit_operator.py
[2024-10-03T06:56:24.249+0000] {processor.py:914} INFO - Processing file /home/airflow/.local/lib/python3.12/site-packages/airflow/example_dags/example_short_circuit_operator.py for tasks to queue
[2024-10-03T06:56:24.257+0000] {logging_mixin.py:190} INFO - [2024-10-03T06:56:24.256+0000] {dagbag.py:588} INFO - Filling up the DagBag from /home/airflow/.local/lib/python3.12/site-packages/airflow/example_dags/example_short_circuit_operator.py
[2024-10-03T06:56:24.286+0000] {processor.py:925} INFO - DAG(s) 'example_short_circuit_operator' retrieved from /home/airflow/.local/lib/python3.12/site-packages/airflow/example_dags/example_short_circuit_operator.py
[2024-10-03T06:56:24.352+0000] {logging_mixin.py:190} INFO - [2024-10-03T06:56:24.350+0000] {dag.py:3239} INFO - Sync 1 DAGs
[2024-10-03T06:56:24.430+0000] {logging_mixin.py:190} INFO - [2024-10-03T06:56:24.429+0000] {dag.py:4180} INFO - Setting next_dagrun for example_short_circuit_operator to None, run_after=None
[2024-10-03T06:56:24.511+0000] {processor.py:208} INFO - Processing /home/airflow/.local/lib/python3.12/site-packages/airflow/example_dags/example_short_circuit_operator.py took 0.292 seconds
[2024-10-03T06:56:55.048+0000] {processor.py:186} INFO - Started process (PID=617) to work on /home/airflow/.local/lib/python3.12/site-packages/airflow/example_dags/example_short_circuit_operator.py
[2024-10-03T06:56:55.056+0000] {processor.py:914} INFO - Processing file /home/airflow/.local/lib/python3.12/site-packages/airflow/example_dags/example_short_circuit_operator.py for tasks to queue
[2024-10-03T06:56:55.066+0000] {logging_mixin.py:190} INFO - [2024-10-03T06:56:55.065+0000] {dagbag.py:588} INFO - Filling up the DagBag from /home/airflow/.local/lib/python3.12/site-packages/airflow/example_dags/example_short_circuit_operator.py
[2024-10-03T06:56:55.100+0000] {processor.py:925} INFO - DAG(s) 'example_short_circuit_operator' retrieved from /home/airflow/.local/lib/python3.12/site-packages/airflow/example_dags/example_short_circuit_operator.py
[2024-10-03T06:56:55.168+0000] {logging_mixin.py:190} INFO - [2024-10-03T06:56:55.168+0000] {dag.py:3239} INFO - Sync 1 DAGs
[2024-10-03T06:56:55.206+0000] {logging_mixin.py:190} INFO - [2024-10-03T06:56:55.205+0000] {dag.py:4180} INFO - Setting next_dagrun for example_short_circuit_operator to None, run_after=None
[2024-10-03T06:56:55.271+0000] {processor.py:208} INFO - Processing /home/airflow/.local/lib/python3.12/site-packages/airflow/example_dags/example_short_circuit_operator.py took 0.247 seconds
[2024-10-03T06:57:26.754+0000] {processor.py:186} INFO - Started process (PID=681) to work on /home/airflow/.local/lib/python3.12/site-packages/airflow/example_dags/example_short_circuit_operator.py
[2024-10-03T06:57:26.757+0000] {processor.py:914} INFO - Processing file /home/airflow/.local/lib/python3.12/site-packages/airflow/example_dags/example_short_circuit_operator.py for tasks to queue
[2024-10-03T06:57:26.761+0000] {logging_mixin.py:190} INFO - [2024-10-03T06:57:26.761+0000] {dagbag.py:588} INFO - Filling up the DagBag from /home/airflow/.local/lib/python3.12/site-packages/airflow/example_dags/example_short_circuit_operator.py
[2024-10-03T06:57:26.779+0000] {processor.py:925} INFO - DAG(s) 'example_short_circuit_operator' retrieved from /home/airflow/.local/lib/python3.12/site-packages/airflow/example_dags/example_short_circuit_operator.py
[2024-10-03T06:57:26.823+0000] {logging_mixin.py:190} INFO - [2024-10-03T06:57:26.823+0000] {dag.py:3239} INFO - Sync 1 DAGs
[2024-10-03T06:57:26.860+0000] {logging_mixin.py:190} INFO - [2024-10-03T06:57:26.859+0000] {dag.py:4180} INFO - Setting next_dagrun for example_short_circuit_operator to None, run_after=None
[2024-10-03T06:57:26.967+0000] {processor.py:208} INFO - Processing /home/airflow/.local/lib/python3.12/site-packages/airflow/example_dags/example_short_circuit_operator.py took 0.220 seconds
[2024-10-03T06:57:57.346+0000] {processor.py:186} INFO - Started process (PID=745) to work on /home/airflow/.local/lib/python3.12/site-packages/airflow/example_dags/example_short_circuit_operator.py
[2024-10-03T06:57:57.347+0000] {processor.py:914} INFO - Processing file /home/airflow/.local/lib/python3.12/site-packages/airflow/example_dags/example_short_circuit_operator.py for tasks to queue
[2024-10-03T06:57:57.350+0000] {logging_mixin.py:190} INFO - [2024-10-03T06:57:57.350+0000] {dagbag.py:588} INFO - Filling up the DagBag from /home/airflow/.local/lib/python3.12/site-packages/airflow/example_dags/example_short_circuit_operator.py
[2024-10-03T06:57:57.361+0000] {processor.py:925} INFO - DAG(s) 'example_short_circuit_operator' retrieved from /home/airflow/.local/lib/python3.12/site-packages/airflow/example_dags/example_short_circuit_operator.py
[2024-10-03T06:57:57.391+0000] {logging_mixin.py:190} INFO - [2024-10-03T06:57:57.390+0000] {dag.py:3239} INFO - Sync 1 DAGs
[2024-10-03T06:57:57.408+0000] {logging_mixin.py:190} INFO - [2024-10-03T06:57:57.407+0000] {dag.py:4180} INFO - Setting next_dagrun for example_short_circuit_operator to None, run_after=None
[2024-10-03T06:57:57.432+0000] {processor.py:208} INFO - Processing /home/airflow/.local/lib/python3.12/site-packages/airflow/example_dags/example_short_circuit_operator.py took 0.092 seconds
[2024-10-03T06:58:27.780+0000] {processor.py:186} INFO - Started process (PID=809) to work on /home/airflow/.local/lib/python3.12/site-packages/airflow/example_dags/example_short_circuit_operator.py
[2024-10-03T06:58:27.782+0000] {processor.py:914} INFO - Processing file /home/airflow/.local/lib/python3.12/site-packages/airflow/example_dags/example_short_circuit_operator.py for tasks to queue
[2024-10-03T06:58:27.785+0000] {logging_mixin.py:190} INFO - [2024-10-03T06:58:27.784+0000] {dagbag.py:588} INFO - Filling up the DagBag from /home/airflow/.local/lib/python3.12/site-packages/airflow/example_dags/example_short_circuit_operator.py
[2024-10-03T06:58:27.796+0000] {processor.py:925} INFO - DAG(s) 'example_short_circuit_operator' retrieved from /home/airflow/.local/lib/python3.12/site-packages/airflow/example_dags/example_short_circuit_operator.py
[2024-10-03T06:58:27.828+0000] {logging_mixin.py:190} INFO - [2024-10-03T06:58:27.827+0000] {dag.py:3239} INFO - Sync 1 DAGs
[2024-10-03T06:58:27.846+0000] {logging_mixin.py:190} INFO - [2024-10-03T06:58:27.846+0000] {dag.py:4180} INFO - Setting next_dagrun for example_short_circuit_operator to None, run_after=None
[2024-10-03T06:58:27.874+0000] {processor.py:208} INFO - Processing /home/airflow/.local/lib/python3.12/site-packages/airflow/example_dags/example_short_circuit_operator.py took 0.102 seconds
[2024-10-03T06:58:58.492+0000] {processor.py:186} INFO - Started process (PID=873) to work on /home/airflow/.local/lib/python3.12/site-packages/airflow/example_dags/example_short_circuit_operator.py
[2024-10-03T06:58:58.494+0000] {processor.py:914} INFO - Processing file /home/airflow/.local/lib/python3.12/site-packages/airflow/example_dags/example_short_circuit_operator.py for tasks to queue
[2024-10-03T06:58:58.497+0000] {logging_mixin.py:190} INFO - [2024-10-03T06:58:58.497+0000] {dagbag.py:588} INFO - Filling up the DagBag from /home/airflow/.local/lib/python3.12/site-packages/airflow/example_dags/example_short_circuit_operator.py
[2024-10-03T06:58:58.511+0000] {processor.py:925} INFO - DAG(s) 'example_short_circuit_operator' retrieved from /home/airflow/.local/lib/python3.12/site-packages/airflow/example_dags/example_short_circuit_operator.py
[2024-10-03T06:58:58.546+0000] {logging_mixin.py:190} INFO - [2024-10-03T06:58:58.545+0000] {dag.py:3239} INFO - Sync 1 DAGs
[2024-10-03T06:58:58.569+0000] {logging_mixin.py:190} INFO - [2024-10-03T06:58:58.568+0000] {dag.py:4180} INFO - Setting next_dagrun for example_short_circuit_operator to None, run_after=None
[2024-10-03T06:58:58.599+0000] {processor.py:208} INFO - Processing /home/airflow/.local/lib/python3.12/site-packages/airflow/example_dags/example_short_circuit_operator.py took 0.119 seconds
[2024-10-03T06:59:29.661+0000] {processor.py:186} INFO - Started process (PID=937) to work on /home/airflow/.local/lib/python3.12/site-packages/airflow/example_dags/example_short_circuit_operator.py
[2024-10-03T06:59:29.680+0000] {processor.py:914} INFO - Processing file /home/airflow/.local/lib/python3.12/site-packages/airflow/example_dags/example_short_circuit_operator.py for tasks to queue
[2024-10-03T06:59:29.692+0000] {logging_mixin.py:190} INFO - [2024-10-03T06:59:29.691+0000] {dagbag.py:588} INFO - Filling up the DagBag from /home/airflow/.local/lib/python3.12/site-packages/airflow/example_dags/example_short_circuit_operator.py
[2024-10-03T06:59:29.715+0000] {processor.py:925} INFO - DAG(s) 'example_short_circuit_operator' retrieved from /home/airflow/.local/lib/python3.12/site-packages/airflow/example_dags/example_short_circuit_operator.py
[2024-10-03T06:59:29.781+0000] {logging_mixin.py:190} INFO - [2024-10-03T06:59:29.780+0000] {dag.py:3239} INFO - Sync 1 DAGs
[2024-10-03T06:59:29.810+0000] {logging_mixin.py:190} INFO - [2024-10-03T06:59:29.809+0000] {dag.py:4180} INFO - Setting next_dagrun for example_short_circuit_operator to None, run_after=None
[2024-10-03T06:59:29.858+0000] {processor.py:208} INFO - Processing /home/airflow/.local/lib/python3.12/site-packages/airflow/example_dags/example_short_circuit_operator.py took 0.209 seconds
[2024-10-03T07:00:09.678+0000] {processor.py:186} INFO - Started process (PID=987) to work on /home/airflow/.local/lib/python3.12/site-packages/airflow/example_dags/example_short_circuit_operator.py
[2024-10-03T07:00:09.681+0000] {processor.py:914} INFO - Processing file /home/airflow/.local/lib/python3.12/site-packages/airflow/example_dags/example_short_circuit_operator.py for tasks to queue
[2024-10-03T07:00:09.686+0000] {logging_mixin.py:190} INFO - [2024-10-03T07:00:09.686+0000] {dagbag.py:588} INFO - Filling up the DagBag from /home/airflow/.local/lib/python3.12/site-packages/airflow/example_dags/example_short_circuit_operator.py
[2024-10-03T07:00:09.703+0000] {processor.py:925} INFO - DAG(s) 'example_short_circuit_operator' retrieved from /home/airflow/.local/lib/python3.12/site-packages/airflow/example_dags/example_short_circuit_operator.py
[2024-10-03T07:00:09.743+0000] {logging_mixin.py:190} INFO - [2024-10-03T07:00:09.742+0000] {dag.py:3239} INFO - Sync 1 DAGs
[2024-10-03T07:00:09.772+0000] {logging_mixin.py:190} INFO - [2024-10-03T07:00:09.772+0000] {dag.py:4180} INFO - Setting next_dagrun for example_short_circuit_operator to None, run_after=None
[2024-10-03T07:00:09.811+0000] {processor.py:208} INFO - Processing /home/airflow/.local/lib/python3.12/site-packages/airflow/example_dags/example_short_circuit_operator.py took 0.143 seconds
[2024-10-03T07:00:40.766+0000] {processor.py:186} INFO - Started process (PID=1051) to work on /home/airflow/.local/lib/python3.12/site-packages/airflow/example_dags/example_short_circuit_operator.py
[2024-10-03T07:00:40.769+0000] {processor.py:914} INFO - Processing file /home/airflow/.local/lib/python3.12/site-packages/airflow/example_dags/example_short_circuit_operator.py for tasks to queue
[2024-10-03T07:00:40.776+0000] {logging_mixin.py:190} INFO - [2024-10-03T07:00:40.775+0000] {dagbag.py:588} INFO - Filling up the DagBag from /home/airflow/.local/lib/python3.12/site-packages/airflow/example_dags/example_short_circuit_operator.py
[2024-10-03T07:00:40.796+0000] {processor.py:925} INFO - DAG(s) 'example_short_circuit_operator' retrieved from /home/airflow/.local/lib/python3.12/site-packages/airflow/example_dags/example_short_circuit_operator.py
[2024-10-03T07:00:40.843+0000] {logging_mixin.py:190} INFO - [2024-10-03T07:00:40.842+0000] {dag.py:3239} INFO - Sync 1 DAGs
[2024-10-03T07:00:40.868+0000] {logging_mixin.py:190} INFO - [2024-10-03T07:00:40.868+0000] {dag.py:4180} INFO - Setting next_dagrun for example_short_circuit_operator to None, run_after=None
[2024-10-03T07:00:40.912+0000] {processor.py:208} INFO - Processing /home/airflow/.local/lib/python3.12/site-packages/airflow/example_dags/example_short_circuit_operator.py took 0.169 seconds
[2024-10-03T07:01:20.355+0000] {processor.py:186} INFO - Started process (PID=1114) to work on /home/airflow/.local/lib/python3.12/site-packages/airflow/example_dags/example_short_circuit_operator.py
[2024-10-03T07:01:20.358+0000] {processor.py:914} INFO - Processing file /home/airflow/.local/lib/python3.12/site-packages/airflow/example_dags/example_short_circuit_operator.py for tasks to queue
[2024-10-03T07:01:20.361+0000] {logging_mixin.py:190} INFO - [2024-10-03T07:01:20.360+0000] {dagbag.py:588} INFO - Filling up the DagBag from /home/airflow/.local/lib/python3.12/site-packages/airflow/example_dags/example_short_circuit_operator.py
[2024-10-03T07:01:20.379+0000] {processor.py:925} INFO - DAG(s) 'example_short_circuit_operator' retrieved from /home/airflow/.local/lib/python3.12/site-packages/airflow/example_dags/example_short_circuit_operator.py
[2024-10-03T07:01:20.417+0000] {logging_mixin.py:190} INFO - [2024-10-03T07:01:20.417+0000] {dag.py:3239} INFO - Sync 1 DAGs
[2024-10-03T07:01:20.443+0000] {logging_mixin.py:190} INFO - [2024-10-03T07:01:20.443+0000] {dag.py:4180} INFO - Setting next_dagrun for example_short_circuit_operator to None, run_after=None
[2024-10-03T07:01:20.482+0000] {processor.py:208} INFO - Processing /home/airflow/.local/lib/python3.12/site-packages/airflow/example_dags/example_short_circuit_operator.py took 0.137 seconds
[2024-10-03T07:02:38.465+0000] {processor.py:186} INFO - Started process (PID=1171) to work on /home/airflow/.local/lib/python3.12/site-packages/airflow/example_dags/example_short_circuit_operator.py
[2024-10-03T07:02:38.467+0000] {processor.py:914} INFO - Processing file /home/airflow/.local/lib/python3.12/site-packages/airflow/example_dags/example_short_circuit_operator.py for tasks to queue
[2024-10-03T07:02:38.471+0000] {logging_mixin.py:190} INFO - [2024-10-03T07:02:38.469+0000] {dagbag.py:588} INFO - Filling up the DagBag from /home/airflow/.local/lib/python3.12/site-packages/airflow/example_dags/example_short_circuit_operator.py
[2024-10-03T07:02:38.506+0000] {processor.py:925} INFO - DAG(s) 'example_short_circuit_operator' retrieved from /home/airflow/.local/lib/python3.12/site-packages/airflow/example_dags/example_short_circuit_operator.py
[2024-10-03T07:02:38.719+0000] {logging_mixin.py:190} INFO - [2024-10-03T07:02:38.718+0000] {dag.py:3239} INFO - Sync 1 DAGs
[2024-10-03T07:02:38.750+0000] {logging_mixin.py:190} INFO - [2024-10-03T07:02:38.749+0000] {dag.py:4180} INFO - Setting next_dagrun for example_short_circuit_operator to None, run_after=None
[2024-10-03T07:02:38.796+0000] {processor.py:208} INFO - Processing /home/airflow/.local/lib/python3.12/site-packages/airflow/example_dags/example_short_circuit_operator.py took 0.345 seconds
[2024-10-03T07:03:08.923+0000] {processor.py:186} INFO - Started process (PID=1234) to work on /home/airflow/.local/lib/python3.12/site-packages/airflow/example_dags/example_short_circuit_operator.py
[2024-10-03T07:03:08.924+0000] {processor.py:914} INFO - Processing file /home/airflow/.local/lib/python3.12/site-packages/airflow/example_dags/example_short_circuit_operator.py for tasks to queue
[2024-10-03T07:03:08.926+0000] {logging_mixin.py:190} INFO - [2024-10-03T07:03:08.926+0000] {dagbag.py:588} INFO - Filling up the DagBag from /home/airflow/.local/lib/python3.12/site-packages/airflow/example_dags/example_short_circuit_operator.py
[2024-10-03T07:03:08.937+0000] {processor.py:925} INFO - DAG(s) 'example_short_circuit_operator' retrieved from /home/airflow/.local/lib/python3.12/site-packages/airflow/example_dags/example_short_circuit_operator.py
[2024-10-03T07:03:08.971+0000] {logging_mixin.py:190} INFO - [2024-10-03T07:03:08.971+0000] {dag.py:3239} INFO - Sync 1 DAGs
[2024-10-03T07:03:08.995+0000] {logging_mixin.py:190} INFO - [2024-10-03T07:03:08.995+0000] {dag.py:4180} INFO - Setting next_dagrun for example_short_circuit_operator to None, run_after=None
[2024-10-03T07:03:09.122+0000] {processor.py:208} INFO - Processing /home/airflow/.local/lib/python3.12/site-packages/airflow/example_dags/example_short_circuit_operator.py took 0.206 seconds
[2024-10-03T07:03:39.319+0000] {processor.py:186} INFO - Started process (PID=1297) to work on /home/airflow/.local/lib/python3.12/site-packages/airflow/example_dags/example_short_circuit_operator.py
[2024-10-03T07:03:39.321+0000] {processor.py:914} INFO - Processing file /home/airflow/.local/lib/python3.12/site-packages/airflow/example_dags/example_short_circuit_operator.py for tasks to queue
[2024-10-03T07:03:39.323+0000] {logging_mixin.py:190} INFO - [2024-10-03T07:03:39.322+0000] {dagbag.py:588} INFO - Filling up the DagBag from /home/airflow/.local/lib/python3.12/site-packages/airflow/example_dags/example_short_circuit_operator.py
[2024-10-03T07:03:39.332+0000] {processor.py:925} INFO - DAG(s) 'example_short_circuit_operator' retrieved from /home/airflow/.local/lib/python3.12/site-packages/airflow/example_dags/example_short_circuit_operator.py
[2024-10-03T07:03:39.359+0000] {logging_mixin.py:190} INFO - [2024-10-03T07:03:39.359+0000] {dag.py:3239} INFO - Sync 1 DAGs
[2024-10-03T07:03:39.376+0000] {logging_mixin.py:190} INFO - [2024-10-03T07:03:39.376+0000] {dag.py:4180} INFO - Setting next_dagrun for example_short_circuit_operator to None, run_after=None
[2024-10-03T07:03:39.401+0000] {processor.py:208} INFO - Processing /home/airflow/.local/lib/python3.12/site-packages/airflow/example_dags/example_short_circuit_operator.py took 0.088 seconds
[2024-10-03T07:04:10.149+0000] {processor.py:186} INFO - Started process (PID=1360) to work on /home/airflow/.local/lib/python3.12/site-packages/airflow/example_dags/example_short_circuit_operator.py
[2024-10-03T07:04:10.150+0000] {processor.py:914} INFO - Processing file /home/airflow/.local/lib/python3.12/site-packages/airflow/example_dags/example_short_circuit_operator.py for tasks to queue
[2024-10-03T07:04:10.152+0000] {logging_mixin.py:190} INFO - [2024-10-03T07:04:10.152+0000] {dagbag.py:588} INFO - Filling up the DagBag from /home/airflow/.local/lib/python3.12/site-packages/airflow/example_dags/example_short_circuit_operator.py
[2024-10-03T07:04:10.163+0000] {processor.py:925} INFO - DAG(s) 'example_short_circuit_operator' retrieved from /home/airflow/.local/lib/python3.12/site-packages/airflow/example_dags/example_short_circuit_operator.py
[2024-10-03T07:04:10.192+0000] {logging_mixin.py:190} INFO - [2024-10-03T07:04:10.191+0000] {dag.py:3239} INFO - Sync 1 DAGs
[2024-10-03T07:04:10.210+0000] {logging_mixin.py:190} INFO - [2024-10-03T07:04:10.210+0000] {dag.py:4180} INFO - Setting next_dagrun for example_short_circuit_operator to None, run_after=None
[2024-10-03T07:04:10.240+0000] {processor.py:208} INFO - Processing /home/airflow/.local/lib/python3.12/site-packages/airflow/example_dags/example_short_circuit_operator.py took 0.098 seconds
[2024-10-03T07:04:41.295+0000] {processor.py:186} INFO - Started process (PID=1423) to work on /home/airflow/.local/lib/python3.12/site-packages/airflow/example_dags/example_short_circuit_operator.py
[2024-10-03T07:04:41.297+0000] {processor.py:914} INFO - Processing file /home/airflow/.local/lib/python3.12/site-packages/airflow/example_dags/example_short_circuit_operator.py for tasks to queue
[2024-10-03T07:04:41.298+0000] {logging_mixin.py:190} INFO - [2024-10-03T07:04:41.298+0000] {dagbag.py:588} INFO - Filling up the DagBag from /home/airflow/.local/lib/python3.12/site-packages/airflow/example_dags/example_short_circuit_operator.py
[2024-10-03T07:04:41.310+0000] {processor.py:925} INFO - DAG(s) 'example_short_circuit_operator' retrieved from /home/airflow/.local/lib/python3.12/site-packages/airflow/example_dags/example_short_circuit_operator.py
[2024-10-03T07:04:41.342+0000] {logging_mixin.py:190} INFO - [2024-10-03T07:04:41.342+0000] {dag.py:3239} INFO - Sync 1 DAGs
[2024-10-03T07:04:41.362+0000] {logging_mixin.py:190} INFO - [2024-10-03T07:04:41.362+0000] {dag.py:4180} INFO - Setting next_dagrun for example_short_circuit_operator to None, run_after=None
[2024-10-03T07:04:41.396+0000] {processor.py:208} INFO - Processing /home/airflow/.local/lib/python3.12/site-packages/airflow/example_dags/example_short_circuit_operator.py took 0.108 seconds
[2024-10-03T07:05:13.311+0000] {processor.py:186} INFO - Started process (PID=1485) to work on /home/airflow/.local/lib/python3.12/site-packages/airflow/example_dags/example_short_circuit_operator.py
[2024-10-03T07:05:13.313+0000] {processor.py:914} INFO - Processing file /home/airflow/.local/lib/python3.12/site-packages/airflow/example_dags/example_short_circuit_operator.py for tasks to queue
[2024-10-03T07:05:13.315+0000] {logging_mixin.py:190} INFO - [2024-10-03T07:05:13.314+0000] {dagbag.py:588} INFO - Filling up the DagBag from /home/airflow/.local/lib/python3.12/site-packages/airflow/example_dags/example_short_circuit_operator.py
[2024-10-03T07:05:13.327+0000] {processor.py:925} INFO - DAG(s) 'example_short_circuit_operator' retrieved from /home/airflow/.local/lib/python3.12/site-packages/airflow/example_dags/example_short_circuit_operator.py
[2024-10-03T07:05:13.362+0000] {logging_mixin.py:190} INFO - [2024-10-03T07:05:13.361+0000] {dag.py:3239} INFO - Sync 1 DAGs
[2024-10-03T07:05:13.383+0000] {logging_mixin.py:190} INFO - [2024-10-03T07:05:13.383+0000] {dag.py:4180} INFO - Setting next_dagrun for example_short_circuit_operator to None, run_after=None
[2024-10-03T07:05:13.420+0000] {processor.py:208} INFO - Processing /home/airflow/.local/lib/python3.12/site-packages/airflow/example_dags/example_short_circuit_operator.py took 0.117 seconds
[2024-10-03T07:07:08.167+0000] {processor.py:186} INFO - Started process (PID=1548) to work on /home/airflow/.local/lib/python3.12/site-packages/airflow/example_dags/example_short_circuit_operator.py
[2024-10-03T07:07:08.170+0000] {processor.py:914} INFO - Processing file /home/airflow/.local/lib/python3.12/site-packages/airflow/example_dags/example_short_circuit_operator.py for tasks to queue
[2024-10-03T07:07:08.172+0000] {logging_mixin.py:190} INFO - [2024-10-03T07:07:08.172+0000] {dagbag.py:588} INFO - Filling up the DagBag from /home/airflow/.local/lib/python3.12/site-packages/airflow/example_dags/example_short_circuit_operator.py
[2024-10-03T07:07:08.189+0000] {processor.py:925} INFO - DAG(s) 'example_short_circuit_operator' retrieved from /home/airflow/.local/lib/python3.12/site-packages/airflow/example_dags/example_short_circuit_operator.py
[2024-10-03T07:07:08.250+0000] {logging_mixin.py:190} INFO - [2024-10-03T07:07:08.249+0000] {dag.py:3239} INFO - Sync 1 DAGs
[2024-10-03T07:07:08.286+0000] {logging_mixin.py:190} INFO - [2024-10-03T07:07:08.286+0000] {dag.py:4180} INFO - Setting next_dagrun for example_short_circuit_operator to None, run_after=None
[2024-10-03T07:07:08.325+0000] {processor.py:208} INFO - Processing /home/airflow/.local/lib/python3.12/site-packages/airflow/example_dags/example_short_circuit_operator.py took 0.167 seconds
[2024-10-03T07:07:38.906+0000] {processor.py:186} INFO - Started process (PID=1611) to work on /home/airflow/.local/lib/python3.12/site-packages/airflow/example_dags/example_short_circuit_operator.py
[2024-10-03T07:07:38.908+0000] {processor.py:914} INFO - Processing file /home/airflow/.local/lib/python3.12/site-packages/airflow/example_dags/example_short_circuit_operator.py for tasks to queue
[2024-10-03T07:07:38.913+0000] {logging_mixin.py:190} INFO - [2024-10-03T07:07:38.911+0000] {dagbag.py:588} INFO - Filling up the DagBag from /home/airflow/.local/lib/python3.12/site-packages/airflow/example_dags/example_short_circuit_operator.py
[2024-10-03T07:07:38.930+0000] {processor.py:925} INFO - DAG(s) 'example_short_circuit_operator' retrieved from /home/airflow/.local/lib/python3.12/site-packages/airflow/example_dags/example_short_circuit_operator.py
[2024-10-03T07:07:39.008+0000] {logging_mixin.py:190} INFO - [2024-10-03T07:07:39.007+0000] {dag.py:3239} INFO - Sync 1 DAGs
[2024-10-03T07:07:39.047+0000] {logging_mixin.py:190} INFO - [2024-10-03T07:07:39.047+0000] {dag.py:4180} INFO - Setting next_dagrun for example_short_circuit_operator to None, run_after=None
[2024-10-03T07:07:39.092+0000] {processor.py:208} INFO - Processing /home/airflow/.local/lib/python3.12/site-packages/airflow/example_dags/example_short_circuit_operator.py took 0.204 seconds
[2024-10-03T07:08:09.424+0000] {processor.py:186} INFO - Started process (PID=1674) to work on /home/airflow/.local/lib/python3.12/site-packages/airflow/example_dags/example_short_circuit_operator.py
[2024-10-03T07:08:09.425+0000] {processor.py:914} INFO - Processing file /home/airflow/.local/lib/python3.12/site-packages/airflow/example_dags/example_short_circuit_operator.py for tasks to queue
[2024-10-03T07:08:09.427+0000] {logging_mixin.py:190} INFO - [2024-10-03T07:08:09.427+0000] {dagbag.py:588} INFO - Filling up the DagBag from /home/airflow/.local/lib/python3.12/site-packages/airflow/example_dags/example_short_circuit_operator.py
[2024-10-03T07:08:09.439+0000] {processor.py:925} INFO - DAG(s) 'example_short_circuit_operator' retrieved from /home/airflow/.local/lib/python3.12/site-packages/airflow/example_dags/example_short_circuit_operator.py
[2024-10-03T07:08:09.468+0000] {logging_mixin.py:190} INFO - [2024-10-03T07:08:09.467+0000] {dag.py:3239} INFO - Sync 1 DAGs
[2024-10-03T07:08:09.487+0000] {logging_mixin.py:190} INFO - [2024-10-03T07:08:09.487+0000] {dag.py:4180} INFO - Setting next_dagrun for example_short_circuit_operator to None, run_after=None
[2024-10-03T07:08:09.517+0000] {processor.py:208} INFO - Processing /home/airflow/.local/lib/python3.12/site-packages/airflow/example_dags/example_short_circuit_operator.py took 0.100 seconds
[2024-10-03T07:08:51.504+0000] {processor.py:186} INFO - Started process (PID=1734) to work on /home/airflow/.local/lib/python3.12/site-packages/airflow/example_dags/example_short_circuit_operator.py
[2024-10-03T07:08:51.509+0000] {processor.py:914} INFO - Processing file /home/airflow/.local/lib/python3.12/site-packages/airflow/example_dags/example_short_circuit_operator.py for tasks to queue
[2024-10-03T07:08:51.513+0000] {logging_mixin.py:190} INFO - [2024-10-03T07:08:51.512+0000] {dagbag.py:588} INFO - Filling up the DagBag from /home/airflow/.local/lib/python3.12/site-packages/airflow/example_dags/example_short_circuit_operator.py
[2024-10-03T07:08:51.531+0000] {processor.py:925} INFO - DAG(s) 'example_short_circuit_operator' retrieved from /home/airflow/.local/lib/python3.12/site-packages/airflow/example_dags/example_short_circuit_operator.py
[2024-10-03T07:08:51.594+0000] {logging_mixin.py:190} INFO - [2024-10-03T07:08:51.594+0000] {dag.py:3239} INFO - Sync 1 DAGs
[2024-10-03T07:08:51.642+0000] {logging_mixin.py:190} INFO - [2024-10-03T07:08:51.641+0000] {dag.py:4180} INFO - Setting next_dagrun for example_short_circuit_operator to None, run_after=None
[2024-10-03T07:08:51.735+0000] {processor.py:208} INFO - Processing /home/airflow/.local/lib/python3.12/site-packages/airflow/example_dags/example_short_circuit_operator.py took 0.249 seconds
[2024-10-03T07:09:22.280+0000] {processor.py:186} INFO - Started process (PID=1797) to work on /home/airflow/.local/lib/python3.12/site-packages/airflow/example_dags/example_short_circuit_operator.py
[2024-10-03T07:09:22.282+0000] {processor.py:914} INFO - Processing file /home/airflow/.local/lib/python3.12/site-packages/airflow/example_dags/example_short_circuit_operator.py for tasks to queue
[2024-10-03T07:09:22.284+0000] {logging_mixin.py:190} INFO - [2024-10-03T07:09:22.283+0000] {dagbag.py:588} INFO - Filling up the DagBag from /home/airflow/.local/lib/python3.12/site-packages/airflow/example_dags/example_short_circuit_operator.py
[2024-10-03T07:09:22.295+0000] {processor.py:925} INFO - DAG(s) 'example_short_circuit_operator' retrieved from /home/airflow/.local/lib/python3.12/site-packages/airflow/example_dags/example_short_circuit_operator.py
[2024-10-03T07:09:22.329+0000] {logging_mixin.py:190} INFO - [2024-10-03T07:09:22.329+0000] {dag.py:3239} INFO - Sync 1 DAGs
[2024-10-03T07:09:22.351+0000] {logging_mixin.py:190} INFO - [2024-10-03T07:09:22.351+0000] {dag.py:4180} INFO - Setting next_dagrun for example_short_circuit_operator to None, run_after=None
[2024-10-03T07:09:22.387+0000] {processor.py:208} INFO - Processing /home/airflow/.local/lib/python3.12/site-packages/airflow/example_dags/example_short_circuit_operator.py took 0.114 seconds
[2024-10-03T07:09:53.493+0000] {processor.py:186} INFO - Started process (PID=1860) to work on /home/airflow/.local/lib/python3.12/site-packages/airflow/example_dags/example_short_circuit_operator.py
[2024-10-03T07:09:53.495+0000] {processor.py:914} INFO - Processing file /home/airflow/.local/lib/python3.12/site-packages/airflow/example_dags/example_short_circuit_operator.py for tasks to queue
[2024-10-03T07:09:53.496+0000] {logging_mixin.py:190} INFO - [2024-10-03T07:09:53.496+0000] {dagbag.py:588} INFO - Filling up the DagBag from /home/airflow/.local/lib/python3.12/site-packages/airflow/example_dags/example_short_circuit_operator.py
[2024-10-03T07:09:53.506+0000] {processor.py:925} INFO - DAG(s) 'example_short_circuit_operator' retrieved from /home/airflow/.local/lib/python3.12/site-packages/airflow/example_dags/example_short_circuit_operator.py
[2024-10-03T07:09:53.535+0000] {logging_mixin.py:190} INFO - [2024-10-03T07:09:53.535+0000] {dag.py:3239} INFO - Sync 1 DAGs
[2024-10-03T07:09:53.552+0000] {logging_mixin.py:190} INFO - [2024-10-03T07:09:53.552+0000] {dag.py:4180} INFO - Setting next_dagrun for example_short_circuit_operator to None, run_after=None
[2024-10-03T07:09:53.574+0000] {processor.py:208} INFO - Processing /home/airflow/.local/lib/python3.12/site-packages/airflow/example_dags/example_short_circuit_operator.py took 0.088 seconds
[2024-10-03T07:10:23.825+0000] {processor.py:186} INFO - Started process (PID=1923) to work on /home/airflow/.local/lib/python3.12/site-packages/airflow/example_dags/example_short_circuit_operator.py
[2024-10-03T07:10:23.827+0000] {processor.py:914} INFO - Processing file /home/airflow/.local/lib/python3.12/site-packages/airflow/example_dags/example_short_circuit_operator.py for tasks to queue
[2024-10-03T07:10:23.828+0000] {logging_mixin.py:190} INFO - [2024-10-03T07:10:23.828+0000] {dagbag.py:588} INFO - Filling up the DagBag from /home/airflow/.local/lib/python3.12/site-packages/airflow/example_dags/example_short_circuit_operator.py
[2024-10-03T07:10:23.839+0000] {processor.py:925} INFO - DAG(s) 'example_short_circuit_operator' retrieved from /home/airflow/.local/lib/python3.12/site-packages/airflow/example_dags/example_short_circuit_operator.py
[2024-10-03T07:10:23.868+0000] {logging_mixin.py:190} INFO - [2024-10-03T07:10:23.868+0000] {dag.py:3239} INFO - Sync 1 DAGs
[2024-10-03T07:10:23.889+0000] {logging_mixin.py:190} INFO - [2024-10-03T07:10:23.888+0000] {dag.py:4180} INFO - Setting next_dagrun for example_short_circuit_operator to None, run_after=None
[2024-10-03T07:10:23.918+0000] {processor.py:208} INFO - Processing /home/airflow/.local/lib/python3.12/site-packages/airflow/example_dags/example_short_circuit_operator.py took 0.098 seconds
[2024-10-03T07:10:54.209+0000] {processor.py:186} INFO - Started process (PID=1986) to work on /home/airflow/.local/lib/python3.12/site-packages/airflow/example_dags/example_short_circuit_operator.py
[2024-10-03T07:10:54.211+0000] {processor.py:914} INFO - Processing file /home/airflow/.local/lib/python3.12/site-packages/airflow/example_dags/example_short_circuit_operator.py for tasks to queue
[2024-10-03T07:10:54.213+0000] {logging_mixin.py:190} INFO - [2024-10-03T07:10:54.213+0000] {dagbag.py:588} INFO - Filling up the DagBag from /home/airflow/.local/lib/python3.12/site-packages/airflow/example_dags/example_short_circuit_operator.py
[2024-10-03T07:10:54.222+0000] {processor.py:925} INFO - DAG(s) 'example_short_circuit_operator' retrieved from /home/airflow/.local/lib/python3.12/site-packages/airflow/example_dags/example_short_circuit_operator.py
[2024-10-03T07:10:54.250+0000] {logging_mixin.py:190} INFO - [2024-10-03T07:10:54.250+0000] {dag.py:3239} INFO - Sync 1 DAGs
[2024-10-03T07:10:54.266+0000] {logging_mixin.py:190} INFO - [2024-10-03T07:10:54.266+0000] {dag.py:4180} INFO - Setting next_dagrun for example_short_circuit_operator to None, run_after=None
[2024-10-03T07:10:54.294+0000] {processor.py:208} INFO - Processing /home/airflow/.local/lib/python3.12/site-packages/airflow/example_dags/example_short_circuit_operator.py took 0.092 seconds
[2024-10-03T07:11:24.818+0000] {processor.py:186} INFO - Started process (PID=2049) to work on /home/airflow/.local/lib/python3.12/site-packages/airflow/example_dags/example_short_circuit_operator.py
[2024-10-03T07:11:24.820+0000] {processor.py:914} INFO - Processing file /home/airflow/.local/lib/python3.12/site-packages/airflow/example_dags/example_short_circuit_operator.py for tasks to queue
[2024-10-03T07:11:24.822+0000] {logging_mixin.py:190} INFO - [2024-10-03T07:11:24.822+0000] {dagbag.py:588} INFO - Filling up the DagBag from /home/airflow/.local/lib/python3.12/site-packages/airflow/example_dags/example_short_circuit_operator.py
[2024-10-03T07:11:24.832+0000] {processor.py:925} INFO - DAG(s) 'example_short_circuit_operator' retrieved from /home/airflow/.local/lib/python3.12/site-packages/airflow/example_dags/example_short_circuit_operator.py
[2024-10-03T07:11:24.860+0000] {logging_mixin.py:190} INFO - [2024-10-03T07:11:24.860+0000] {dag.py:3239} INFO - Sync 1 DAGs
[2024-10-03T07:11:24.879+0000] {logging_mixin.py:190} INFO - [2024-10-03T07:11:24.879+0000] {dag.py:4180} INFO - Setting next_dagrun for example_short_circuit_operator to None, run_after=None
[2024-10-03T07:11:24.909+0000] {processor.py:208} INFO - Processing /home/airflow/.local/lib/python3.12/site-packages/airflow/example_dags/example_short_circuit_operator.py took 0.097 seconds
[2024-10-03T07:11:55.715+0000] {processor.py:186} INFO - Started process (PID=2112) to work on /home/airflow/.local/lib/python3.12/site-packages/airflow/example_dags/example_short_circuit_operator.py
[2024-10-03T07:11:55.716+0000] {processor.py:914} INFO - Processing file /home/airflow/.local/lib/python3.12/site-packages/airflow/example_dags/example_short_circuit_operator.py for tasks to queue
[2024-10-03T07:11:55.718+0000] {logging_mixin.py:190} INFO - [2024-10-03T07:11:55.718+0000] {dagbag.py:588} INFO - Filling up the DagBag from /home/airflow/.local/lib/python3.12/site-packages/airflow/example_dags/example_short_circuit_operator.py
[2024-10-03T07:11:55.726+0000] {processor.py:925} INFO - DAG(s) 'example_short_circuit_operator' retrieved from /home/airflow/.local/lib/python3.12/site-packages/airflow/example_dags/example_short_circuit_operator.py
[2024-10-03T07:11:55.754+0000] {logging_mixin.py:190} INFO - [2024-10-03T07:11:55.753+0000] {dag.py:3239} INFO - Sync 1 DAGs
[2024-10-03T07:11:55.772+0000] {logging_mixin.py:190} INFO - [2024-10-03T07:11:55.772+0000] {dag.py:4180} INFO - Setting next_dagrun for example_short_circuit_operator to None, run_after=None
[2024-10-03T07:11:55.806+0000] {processor.py:208} INFO - Processing /home/airflow/.local/lib/python3.12/site-packages/airflow/example_dags/example_short_circuit_operator.py took 0.096 seconds
[2024-10-03T07:12:26.459+0000] {processor.py:186} INFO - Started process (PID=2175) to work on /home/airflow/.local/lib/python3.12/site-packages/airflow/example_dags/example_short_circuit_operator.py
[2024-10-03T07:12:26.460+0000] {processor.py:914} INFO - Processing file /home/airflow/.local/lib/python3.12/site-packages/airflow/example_dags/example_short_circuit_operator.py for tasks to queue
[2024-10-03T07:12:26.462+0000] {logging_mixin.py:190} INFO - [2024-10-03T07:12:26.461+0000] {dagbag.py:588} INFO - Filling up the DagBag from /home/airflow/.local/lib/python3.12/site-packages/airflow/example_dags/example_short_circuit_operator.py
[2024-10-03T07:12:26.470+0000] {processor.py:925} INFO - DAG(s) 'example_short_circuit_operator' retrieved from /home/airflow/.local/lib/python3.12/site-packages/airflow/example_dags/example_short_circuit_operator.py
[2024-10-03T07:12:26.498+0000] {logging_mixin.py:190} INFO - [2024-10-03T07:12:26.498+0000] {dag.py:3239} INFO - Sync 1 DAGs
[2024-10-03T07:12:26.515+0000] {logging_mixin.py:190} INFO - [2024-10-03T07:12:26.514+0000] {dag.py:4180} INFO - Setting next_dagrun for example_short_circuit_operator to None, run_after=None
[2024-10-03T07:12:26.540+0000] {processor.py:208} INFO - Processing /home/airflow/.local/lib/python3.12/site-packages/airflow/example_dags/example_short_circuit_operator.py took 0.088 seconds
[2024-10-03T07:12:58.275+0000] {processor.py:186} INFO - Started process (PID=2238) to work on /home/airflow/.local/lib/python3.12/site-packages/airflow/example_dags/example_short_circuit_operator.py
[2024-10-03T07:12:58.276+0000] {processor.py:914} INFO - Processing file /home/airflow/.local/lib/python3.12/site-packages/airflow/example_dags/example_short_circuit_operator.py for tasks to queue
[2024-10-03T07:12:58.278+0000] {logging_mixin.py:190} INFO - [2024-10-03T07:12:58.278+0000] {dagbag.py:588} INFO - Filling up the DagBag from /home/airflow/.local/lib/python3.12/site-packages/airflow/example_dags/example_short_circuit_operator.py
[2024-10-03T07:12:58.288+0000] {processor.py:925} INFO - DAG(s) 'example_short_circuit_operator' retrieved from /home/airflow/.local/lib/python3.12/site-packages/airflow/example_dags/example_short_circuit_operator.py
[2024-10-03T07:12:58.321+0000] {logging_mixin.py:190} INFO - [2024-10-03T07:12:58.320+0000] {dag.py:3239} INFO - Sync 1 DAGs
[2024-10-03T07:12:58.339+0000] {logging_mixin.py:190} INFO - [2024-10-03T07:12:58.339+0000] {dag.py:4180} INFO - Setting next_dagrun for example_short_circuit_operator to None, run_after=None
[2024-10-03T07:12:58.371+0000] {processor.py:208} INFO - Processing /home/airflow/.local/lib/python3.12/site-packages/airflow/example_dags/example_short_circuit_operator.py took 0.103 seconds
[2024-10-03T07:13:28.729+0000] {processor.py:186} INFO - Started process (PID=2301) to work on /home/airflow/.local/lib/python3.12/site-packages/airflow/example_dags/example_short_circuit_operator.py
[2024-10-03T07:13:28.730+0000] {processor.py:914} INFO - Processing file /home/airflow/.local/lib/python3.12/site-packages/airflow/example_dags/example_short_circuit_operator.py for tasks to queue
[2024-10-03T07:13:28.731+0000] {logging_mixin.py:190} INFO - [2024-10-03T07:13:28.731+0000] {dagbag.py:588} INFO - Filling up the DagBag from /home/airflow/.local/lib/python3.12/site-packages/airflow/example_dags/example_short_circuit_operator.py
[2024-10-03T07:13:28.743+0000] {processor.py:925} INFO - DAG(s) 'example_short_circuit_operator' retrieved from /home/airflow/.local/lib/python3.12/site-packages/airflow/example_dags/example_short_circuit_operator.py
[2024-10-03T07:13:28.777+0000] {logging_mixin.py:190} INFO - [2024-10-03T07:13:28.777+0000] {dag.py:3239} INFO - Sync 1 DAGs
[2024-10-03T07:13:28.797+0000] {logging_mixin.py:190} INFO - [2024-10-03T07:13:28.797+0000] {dag.py:4180} INFO - Setting next_dagrun for example_short_circuit_operator to None, run_after=None
[2024-10-03T07:13:28.831+0000] {processor.py:208} INFO - Processing /home/airflow/.local/lib/python3.12/site-packages/airflow/example_dags/example_short_circuit_operator.py took 0.111 seconds
[2024-10-03T07:14:00.899+0000] {processor.py:186} INFO - Started process (PID=2364) to work on /home/airflow/.local/lib/python3.12/site-packages/airflow/example_dags/example_short_circuit_operator.py
[2024-10-03T07:14:00.901+0000] {processor.py:914} INFO - Processing file /home/airflow/.local/lib/python3.12/site-packages/airflow/example_dags/example_short_circuit_operator.py for tasks to queue
[2024-10-03T07:14:00.903+0000] {logging_mixin.py:190} INFO - [2024-10-03T07:14:00.902+0000] {dagbag.py:588} INFO - Filling up the DagBag from /home/airflow/.local/lib/python3.12/site-packages/airflow/example_dags/example_short_circuit_operator.py
[2024-10-03T07:14:00.920+0000] {processor.py:925} INFO - DAG(s) 'example_short_circuit_operator' retrieved from /home/airflow/.local/lib/python3.12/site-packages/airflow/example_dags/example_short_circuit_operator.py
[2024-10-03T07:14:00.964+0000] {logging_mixin.py:190} INFO - [2024-10-03T07:14:00.963+0000] {dag.py:3239} INFO - Sync 1 DAGs
[2024-10-03T07:14:01.002+0000] {logging_mixin.py:190} INFO - [2024-10-03T07:14:01.001+0000] {dag.py:4180} INFO - Setting next_dagrun for example_short_circuit_operator to None, run_after=None
[2024-10-03T07:14:01.056+0000] {processor.py:208} INFO - Processing /home/airflow/.local/lib/python3.12/site-packages/airflow/example_dags/example_short_circuit_operator.py took 0.166 seconds
[2024-10-03T07:14:31.464+0000] {processor.py:186} INFO - Started process (PID=2427) to work on /home/airflow/.local/lib/python3.12/site-packages/airflow/example_dags/example_short_circuit_operator.py
[2024-10-03T07:14:31.466+0000] {processor.py:914} INFO - Processing file /home/airflow/.local/lib/python3.12/site-packages/airflow/example_dags/example_short_circuit_operator.py for tasks to queue
[2024-10-03T07:14:31.469+0000] {logging_mixin.py:190} INFO - [2024-10-03T07:14:31.468+0000] {dagbag.py:588} INFO - Filling up the DagBag from /home/airflow/.local/lib/python3.12/site-packages/airflow/example_dags/example_short_circuit_operator.py
[2024-10-03T07:14:31.480+0000] {processor.py:925} INFO - DAG(s) 'example_short_circuit_operator' retrieved from /home/airflow/.local/lib/python3.12/site-packages/airflow/example_dags/example_short_circuit_operator.py
[2024-10-03T07:14:31.514+0000] {logging_mixin.py:190} INFO - [2024-10-03T07:14:31.513+0000] {dag.py:3239} INFO - Sync 1 DAGs
[2024-10-03T07:14:31.542+0000] {logging_mixin.py:190} INFO - [2024-10-03T07:14:31.541+0000] {dag.py:4180} INFO - Setting next_dagrun for example_short_circuit_operator to None, run_after=None
[2024-10-03T07:14:31.588+0000] {processor.py:208} INFO - Processing /home/airflow/.local/lib/python3.12/site-packages/airflow/example_dags/example_short_circuit_operator.py took 0.133 seconds
[2024-10-03T07:15:02.666+0000] {processor.py:186} INFO - Started process (PID=2490) to work on /home/airflow/.local/lib/python3.12/site-packages/airflow/example_dags/example_short_circuit_operator.py
[2024-10-03T07:15:02.668+0000] {processor.py:914} INFO - Processing file /home/airflow/.local/lib/python3.12/site-packages/airflow/example_dags/example_short_circuit_operator.py for tasks to queue
[2024-10-03T07:15:02.669+0000] {logging_mixin.py:190} INFO - [2024-10-03T07:15:02.669+0000] {dagbag.py:588} INFO - Filling up the DagBag from /home/airflow/.local/lib/python3.12/site-packages/airflow/example_dags/example_short_circuit_operator.py
[2024-10-03T07:15:02.681+0000] {processor.py:925} INFO - DAG(s) 'example_short_circuit_operator' retrieved from /home/airflow/.local/lib/python3.12/site-packages/airflow/example_dags/example_short_circuit_operator.py
[2024-10-03T07:15:02.708+0000] {logging_mixin.py:190} INFO - [2024-10-03T07:15:02.707+0000] {dag.py:3239} INFO - Sync 1 DAGs
[2024-10-03T07:15:02.727+0000] {logging_mixin.py:190} INFO - [2024-10-03T07:15:02.727+0000] {dag.py:4180} INFO - Setting next_dagrun for example_short_circuit_operator to None, run_after=None
[2024-10-03T07:15:02.753+0000] {processor.py:208} INFO - Processing /home/airflow/.local/lib/python3.12/site-packages/airflow/example_dags/example_short_circuit_operator.py took 0.094 seconds
[2024-10-03T07:15:33.258+0000] {processor.py:186} INFO - Started process (PID=2553) to work on /home/airflow/.local/lib/python3.12/site-packages/airflow/example_dags/example_short_circuit_operator.py
[2024-10-03T07:15:33.259+0000] {processor.py:914} INFO - Processing file /home/airflow/.local/lib/python3.12/site-packages/airflow/example_dags/example_short_circuit_operator.py for tasks to queue
[2024-10-03T07:15:33.261+0000] {logging_mixin.py:190} INFO - [2024-10-03T07:15:33.260+0000] {dagbag.py:588} INFO - Filling up the DagBag from /home/airflow/.local/lib/python3.12/site-packages/airflow/example_dags/example_short_circuit_operator.py
[2024-10-03T07:15:33.269+0000] {processor.py:925} INFO - DAG(s) 'example_short_circuit_operator' retrieved from /home/airflow/.local/lib/python3.12/site-packages/airflow/example_dags/example_short_circuit_operator.py
[2024-10-03T07:15:33.299+0000] {logging_mixin.py:190} INFO - [2024-10-03T07:15:33.299+0000] {dag.py:3239} INFO - Sync 1 DAGs
[2024-10-03T07:15:33.316+0000] {logging_mixin.py:190} INFO - [2024-10-03T07:15:33.316+0000] {dag.py:4180} INFO - Setting next_dagrun for example_short_circuit_operator to None, run_after=None
[2024-10-03T07:15:33.346+0000] {processor.py:208} INFO - Processing /home/airflow/.local/lib/python3.12/site-packages/airflow/example_dags/example_short_circuit_operator.py took 0.094 seconds
[2024-10-03T07:16:04.042+0000] {processor.py:186} INFO - Started process (PID=2614) to work on /home/airflow/.local/lib/python3.12/site-packages/airflow/example_dags/example_short_circuit_operator.py
[2024-10-03T07:16:04.043+0000] {processor.py:914} INFO - Processing file /home/airflow/.local/lib/python3.12/site-packages/airflow/example_dags/example_short_circuit_operator.py for tasks to queue
[2024-10-03T07:16:04.046+0000] {logging_mixin.py:190} INFO - [2024-10-03T07:16:04.045+0000] {dagbag.py:588} INFO - Filling up the DagBag from /home/airflow/.local/lib/python3.12/site-packages/airflow/example_dags/example_short_circuit_operator.py
[2024-10-03T07:16:04.054+0000] {processor.py:925} INFO - DAG(s) 'example_short_circuit_operator' retrieved from /home/airflow/.local/lib/python3.12/site-packages/airflow/example_dags/example_short_circuit_operator.py
[2024-10-03T07:16:04.081+0000] {logging_mixin.py:190} INFO - [2024-10-03T07:16:04.081+0000] {dag.py:3239} INFO - Sync 1 DAGs
[2024-10-03T07:16:04.100+0000] {logging_mixin.py:190} INFO - [2024-10-03T07:16:04.099+0000] {dag.py:4180} INFO - Setting next_dagrun for example_short_circuit_operator to None, run_after=None
[2024-10-03T07:16:04.138+0000] {processor.py:208} INFO - Processing /home/airflow/.local/lib/python3.12/site-packages/airflow/example_dags/example_short_circuit_operator.py took 0.102 seconds
[2024-10-03T07:16:34.977+0000] {processor.py:186} INFO - Started process (PID=2677) to work on /home/airflow/.local/lib/python3.12/site-packages/airflow/example_dags/example_short_circuit_operator.py
[2024-10-03T07:16:34.978+0000] {processor.py:914} INFO - Processing file /home/airflow/.local/lib/python3.12/site-packages/airflow/example_dags/example_short_circuit_operator.py for tasks to queue
[2024-10-03T07:16:34.980+0000] {logging_mixin.py:190} INFO - [2024-10-03T07:16:34.980+0000] {dagbag.py:588} INFO - Filling up the DagBag from /home/airflow/.local/lib/python3.12/site-packages/airflow/example_dags/example_short_circuit_operator.py
[2024-10-03T07:16:34.992+0000] {processor.py:925} INFO - DAG(s) 'example_short_circuit_operator' retrieved from /home/airflow/.local/lib/python3.12/site-packages/airflow/example_dags/example_short_circuit_operator.py
[2024-10-03T07:16:35.030+0000] {logging_mixin.py:190} INFO - [2024-10-03T07:16:35.030+0000] {dag.py:3239} INFO - Sync 1 DAGs
[2024-10-03T07:16:35.051+0000] {logging_mixin.py:190} INFO - [2024-10-03T07:16:35.051+0000] {dag.py:4180} INFO - Setting next_dagrun for example_short_circuit_operator to None, run_after=None
[2024-10-03T07:16:35.086+0000] {processor.py:208} INFO - Processing /home/airflow/.local/lib/python3.12/site-packages/airflow/example_dags/example_short_circuit_operator.py took 0.117 seconds
[2024-10-03T07:17:05.557+0000] {processor.py:186} INFO - Started process (PID=2740) to work on /home/airflow/.local/lib/python3.12/site-packages/airflow/example_dags/example_short_circuit_operator.py
[2024-10-03T07:17:05.559+0000] {processor.py:914} INFO - Processing file /home/airflow/.local/lib/python3.12/site-packages/airflow/example_dags/example_short_circuit_operator.py for tasks to queue
[2024-10-03T07:17:05.560+0000] {logging_mixin.py:190} INFO - [2024-10-03T07:17:05.560+0000] {dagbag.py:588} INFO - Filling up the DagBag from /home/airflow/.local/lib/python3.12/site-packages/airflow/example_dags/example_short_circuit_operator.py
[2024-10-03T07:17:05.569+0000] {processor.py:925} INFO - DAG(s) 'example_short_circuit_operator' retrieved from /home/airflow/.local/lib/python3.12/site-packages/airflow/example_dags/example_short_circuit_operator.py
[2024-10-03T07:17:05.596+0000] {logging_mixin.py:190} INFO - [2024-10-03T07:17:05.595+0000] {dag.py:3239} INFO - Sync 1 DAGs
[2024-10-03T07:17:05.611+0000] {logging_mixin.py:190} INFO - [2024-10-03T07:17:05.611+0000] {dag.py:4180} INFO - Setting next_dagrun for example_short_circuit_operator to None, run_after=None
[2024-10-03T07:17:05.637+0000] {processor.py:208} INFO - Processing /home/airflow/.local/lib/python3.12/site-packages/airflow/example_dags/example_short_circuit_operator.py took 0.086 seconds
[2024-10-03T07:17:36.244+0000] {processor.py:186} INFO - Started process (PID=2803) to work on /home/airflow/.local/lib/python3.12/site-packages/airflow/example_dags/example_short_circuit_operator.py
[2024-10-03T07:17:36.245+0000] {processor.py:914} INFO - Processing file /home/airflow/.local/lib/python3.12/site-packages/airflow/example_dags/example_short_circuit_operator.py for tasks to queue
[2024-10-03T07:17:36.247+0000] {logging_mixin.py:190} INFO - [2024-10-03T07:17:36.247+0000] {dagbag.py:588} INFO - Filling up the DagBag from /home/airflow/.local/lib/python3.12/site-packages/airflow/example_dags/example_short_circuit_operator.py
[2024-10-03T07:17:36.256+0000] {processor.py:925} INFO - DAG(s) 'example_short_circuit_operator' retrieved from /home/airflow/.local/lib/python3.12/site-packages/airflow/example_dags/example_short_circuit_operator.py
[2024-10-03T07:17:36.282+0000] {logging_mixin.py:190} INFO - [2024-10-03T07:17:36.282+0000] {dag.py:3239} INFO - Sync 1 DAGs
[2024-10-03T07:17:36.297+0000] {logging_mixin.py:190} INFO - [2024-10-03T07:17:36.297+0000] {dag.py:4180} INFO - Setting next_dagrun for example_short_circuit_operator to None, run_after=None
[2024-10-03T07:17:36.326+0000] {processor.py:208} INFO - Processing /home/airflow/.local/lib/python3.12/site-packages/airflow/example_dags/example_short_circuit_operator.py took 0.088 seconds
[2024-10-03T07:18:06.778+0000] {processor.py:186} INFO - Started process (PID=2865) to work on /home/airflow/.local/lib/python3.12/site-packages/airflow/example_dags/example_short_circuit_operator.py
[2024-10-03T07:18:06.780+0000] {processor.py:914} INFO - Processing file /home/airflow/.local/lib/python3.12/site-packages/airflow/example_dags/example_short_circuit_operator.py for tasks to queue
[2024-10-03T07:18:06.781+0000] {logging_mixin.py:190} INFO - [2024-10-03T07:18:06.781+0000] {dagbag.py:588} INFO - Filling up the DagBag from /home/airflow/.local/lib/python3.12/site-packages/airflow/example_dags/example_short_circuit_operator.py
[2024-10-03T07:18:06.791+0000] {processor.py:925} INFO - DAG(s) 'example_short_circuit_operator' retrieved from /home/airflow/.local/lib/python3.12/site-packages/airflow/example_dags/example_short_circuit_operator.py
[2024-10-03T07:18:06.820+0000] {logging_mixin.py:190} INFO - [2024-10-03T07:18:06.820+0000] {dag.py:3239} INFO - Sync 1 DAGs
[2024-10-03T07:18:06.836+0000] {logging_mixin.py:190} INFO - [2024-10-03T07:18:06.836+0000] {dag.py:4180} INFO - Setting next_dagrun for example_short_circuit_operator to None, run_after=None
[2024-10-03T07:18:06.861+0000] {processor.py:208} INFO - Processing /home/airflow/.local/lib/python3.12/site-packages/airflow/example_dags/example_short_circuit_operator.py took 0.089 seconds
[2024-10-03T07:18:37.604+0000] {processor.py:186} INFO - Started process (PID=2928) to work on /home/airflow/.local/lib/python3.12/site-packages/airflow/example_dags/example_short_circuit_operator.py
[2024-10-03T07:18:37.606+0000] {processor.py:914} INFO - Processing file /home/airflow/.local/lib/python3.12/site-packages/airflow/example_dags/example_short_circuit_operator.py for tasks to queue
[2024-10-03T07:18:37.608+0000] {logging_mixin.py:190} INFO - [2024-10-03T07:18:37.607+0000] {dagbag.py:588} INFO - Filling up the DagBag from /home/airflow/.local/lib/python3.12/site-packages/airflow/example_dags/example_short_circuit_operator.py
[2024-10-03T07:18:37.619+0000] {processor.py:925} INFO - DAG(s) 'example_short_circuit_operator' retrieved from /home/airflow/.local/lib/python3.12/site-packages/airflow/example_dags/example_short_circuit_operator.py
[2024-10-03T07:18:37.655+0000] {logging_mixin.py:190} INFO - [2024-10-03T07:18:37.655+0000] {dag.py:3239} INFO - Sync 1 DAGs
[2024-10-03T07:18:37.681+0000] {logging_mixin.py:190} INFO - [2024-10-03T07:18:37.681+0000] {dag.py:4180} INFO - Setting next_dagrun for example_short_circuit_operator to None, run_after=None
[2024-10-03T07:18:37.709+0000] {processor.py:208} INFO - Processing /home/airflow/.local/lib/python3.12/site-packages/airflow/example_dags/example_short_circuit_operator.py took 0.111 seconds
