[2024-10-03T06:34:04.715+0000] {processor.py:157} INFO - Started process (PID=135) to work on /home/airflow/.local/lib/python3.8/site-packages/airflow/example_dags/example_sensor_decorator.py
[2024-10-03T06:34:04.717+0000] {processor.py:829} INFO - Processing file /home/airflow/.local/lib/python3.8/site-packages/airflow/example_dags/example_sensor_decorator.py for tasks to queue
[2024-10-03T06:34:04.721+0000] {logging_mixin.py:151} INFO - [2024-10-03T06:34:04.720+0000] {dagbag.py:539} INFO - Filling up the DagBag from /home/airflow/.local/lib/python3.8/site-packages/airflow/example_dags/example_sensor_decorator.py
[2024-10-03T06:34:04.732+0000] {processor.py:839} INFO - DAG(s) dict_keys(['example_sensor_decorator']) retrieved from /home/airflow/.local/lib/python3.8/site-packages/airflow/example_dags/example_sensor_decorator.py
[2024-10-03T06:34:04.907+0000] {logging_mixin.py:151} INFO - [2024-10-03T06:34:04.906+0000] {manager.py:501} INFO - Created Permission View: can delete on DAG:example_sensor_decorator
[2024-10-03T06:34:04.929+0000] {logging_mixin.py:151} INFO - [2024-10-03T06:34:04.929+0000] {manager.py:501} INFO - Created Permission View: can read on DAG:example_sensor_decorator
[2024-10-03T06:34:04.946+0000] {logging_mixin.py:151} INFO - [2024-10-03T06:34:04.946+0000] {manager.py:501} INFO - Created Permission View: can edit on DAG:example_sensor_decorator
[2024-10-03T06:34:04.977+0000] {logging_mixin.py:151} INFO - [2024-10-03T06:34:04.977+0000] {dag.py:2907} INFO - Sync 1 DAGs
[2024-10-03T06:34:04.994+0000] {logging_mixin.py:151} INFO - [2024-10-03T06:34:04.994+0000] {dag.py:2929} INFO - Creating ORM DAG for example_sensor_decorator
[2024-10-03T06:34:04.996+0000] {logging_mixin.py:151} INFO - [2024-10-03T06:34:04.996+0000] {dag.py:3677} INFO - Setting next_dagrun for example_sensor_decorator to None, run_after=None
[2024-10-03T06:34:05.034+0000] {processor.py:179} INFO - Processing /home/airflow/.local/lib/python3.8/site-packages/airflow/example_dags/example_sensor_decorator.py took 0.324 seconds
[2024-10-03T06:34:35.904+0000] {processor.py:157} INFO - Started process (PID=193) to work on /home/airflow/.local/lib/python3.8/site-packages/airflow/example_dags/example_sensor_decorator.py
[2024-10-03T06:34:35.906+0000] {processor.py:829} INFO - Processing file /home/airflow/.local/lib/python3.8/site-packages/airflow/example_dags/example_sensor_decorator.py for tasks to queue
[2024-10-03T06:34:35.910+0000] {logging_mixin.py:151} INFO - [2024-10-03T06:34:35.909+0000] {dagbag.py:539} INFO - Filling up the DagBag from /home/airflow/.local/lib/python3.8/site-packages/airflow/example_dags/example_sensor_decorator.py
[2024-10-03T06:34:35.921+0000] {processor.py:839} INFO - DAG(s) dict_keys(['example_sensor_decorator']) retrieved from /home/airflow/.local/lib/python3.8/site-packages/airflow/example_dags/example_sensor_decorator.py
[2024-10-03T06:34:35.958+0000] {logging_mixin.py:151} INFO - [2024-10-03T06:34:35.958+0000] {dag.py:2907} INFO - Sync 1 DAGs
[2024-10-03T06:34:35.974+0000] {logging_mixin.py:151} INFO - [2024-10-03T06:34:35.973+0000] {dag.py:3677} INFO - Setting next_dagrun for example_sensor_decorator to None, run_after=None
[2024-10-03T06:34:36.041+0000] {processor.py:179} INFO - Processing /home/airflow/.local/lib/python3.8/site-packages/airflow/example_dags/example_sensor_decorator.py took 0.144 seconds
[2024-10-03T06:35:06.183+0000] {processor.py:157} INFO - Started process (PID=251) to work on /home/airflow/.local/lib/python3.8/site-packages/airflow/example_dags/example_sensor_decorator.py
[2024-10-03T06:35:06.185+0000] {processor.py:829} INFO - Processing file /home/airflow/.local/lib/python3.8/site-packages/airflow/example_dags/example_sensor_decorator.py for tasks to queue
[2024-10-03T06:35:06.190+0000] {logging_mixin.py:151} INFO - [2024-10-03T06:35:06.189+0000] {dagbag.py:539} INFO - Filling up the DagBag from /home/airflow/.local/lib/python3.8/site-packages/airflow/example_dags/example_sensor_decorator.py
[2024-10-03T06:35:06.202+0000] {processor.py:839} INFO - DAG(s) dict_keys(['example_sensor_decorator']) retrieved from /home/airflow/.local/lib/python3.8/site-packages/airflow/example_dags/example_sensor_decorator.py
[2024-10-03T06:35:06.249+0000] {logging_mixin.py:151} INFO - [2024-10-03T06:35:06.248+0000] {dag.py:2907} INFO - Sync 1 DAGs
[2024-10-03T06:35:06.281+0000] {logging_mixin.py:151} INFO - [2024-10-03T06:35:06.281+0000] {dag.py:3677} INFO - Setting next_dagrun for example_sensor_decorator to None, run_after=None
[2024-10-03T06:35:06.328+0000] {processor.py:179} INFO - Processing /home/airflow/.local/lib/python3.8/site-packages/airflow/example_dags/example_sensor_decorator.py took 0.152 seconds
[2024-10-03T06:35:36.702+0000] {processor.py:157} INFO - Started process (PID=309) to work on /home/airflow/.local/lib/python3.8/site-packages/airflow/example_dags/example_sensor_decorator.py
[2024-10-03T06:35:36.705+0000] {processor.py:829} INFO - Processing file /home/airflow/.local/lib/python3.8/site-packages/airflow/example_dags/example_sensor_decorator.py for tasks to queue
[2024-10-03T06:35:36.710+0000] {logging_mixin.py:151} INFO - [2024-10-03T06:35:36.709+0000] {dagbag.py:539} INFO - Filling up the DagBag from /home/airflow/.local/lib/python3.8/site-packages/airflow/example_dags/example_sensor_decorator.py
[2024-10-03T06:35:36.720+0000] {processor.py:839} INFO - DAG(s) dict_keys(['example_sensor_decorator']) retrieved from /home/airflow/.local/lib/python3.8/site-packages/airflow/example_dags/example_sensor_decorator.py
[2024-10-03T06:35:36.762+0000] {logging_mixin.py:151} INFO - [2024-10-03T06:35:36.761+0000] {dag.py:2907} INFO - Sync 1 DAGs
[2024-10-03T06:35:36.784+0000] {logging_mixin.py:151} INFO - [2024-10-03T06:35:36.784+0000] {dag.py:3677} INFO - Setting next_dagrun for example_sensor_decorator to None, run_after=None
[2024-10-03T06:35:36.828+0000] {processor.py:179} INFO - Processing /home/airflow/.local/lib/python3.8/site-packages/airflow/example_dags/example_sensor_decorator.py took 0.133 seconds
[2024-10-03T06:36:07.402+0000] {processor.py:157} INFO - Started process (PID=368) to work on /home/airflow/.local/lib/python3.8/site-packages/airflow/example_dags/example_sensor_decorator.py
[2024-10-03T06:36:07.404+0000] {processor.py:829} INFO - Processing file /home/airflow/.local/lib/python3.8/site-packages/airflow/example_dags/example_sensor_decorator.py for tasks to queue
[2024-10-03T06:36:07.409+0000] {logging_mixin.py:151} INFO - [2024-10-03T06:36:07.408+0000] {dagbag.py:539} INFO - Filling up the DagBag from /home/airflow/.local/lib/python3.8/site-packages/airflow/example_dags/example_sensor_decorator.py
[2024-10-03T06:36:07.422+0000] {processor.py:839} INFO - DAG(s) dict_keys(['example_sensor_decorator']) retrieved from /home/airflow/.local/lib/python3.8/site-packages/airflow/example_dags/example_sensor_decorator.py
[2024-10-03T06:36:07.462+0000] {logging_mixin.py:151} INFO - [2024-10-03T06:36:07.462+0000] {dag.py:2907} INFO - Sync 1 DAGs
[2024-10-03T06:36:07.486+0000] {logging_mixin.py:151} INFO - [2024-10-03T06:36:07.486+0000] {dag.py:3677} INFO - Setting next_dagrun for example_sensor_decorator to None, run_after=None
[2024-10-03T06:36:07.527+0000] {processor.py:179} INFO - Processing /home/airflow/.local/lib/python3.8/site-packages/airflow/example_dags/example_sensor_decorator.py took 0.131 seconds
[2024-10-03T06:36:38.056+0000] {processor.py:157} INFO - Started process (PID=426) to work on /home/airflow/.local/lib/python3.8/site-packages/airflow/example_dags/example_sensor_decorator.py
[2024-10-03T06:36:38.059+0000] {processor.py:829} INFO - Processing file /home/airflow/.local/lib/python3.8/site-packages/airflow/example_dags/example_sensor_decorator.py for tasks to queue
[2024-10-03T06:36:38.063+0000] {logging_mixin.py:151} INFO - [2024-10-03T06:36:38.063+0000] {dagbag.py:539} INFO - Filling up the DagBag from /home/airflow/.local/lib/python3.8/site-packages/airflow/example_dags/example_sensor_decorator.py
[2024-10-03T06:36:38.074+0000] {processor.py:839} INFO - DAG(s) dict_keys(['example_sensor_decorator']) retrieved from /home/airflow/.local/lib/python3.8/site-packages/airflow/example_dags/example_sensor_decorator.py
[2024-10-03T06:36:38.114+0000] {logging_mixin.py:151} INFO - [2024-10-03T06:36:38.114+0000] {dag.py:2907} INFO - Sync 1 DAGs
[2024-10-03T06:36:38.136+0000] {logging_mixin.py:151} INFO - [2024-10-03T06:36:38.136+0000] {dag.py:3677} INFO - Setting next_dagrun for example_sensor_decorator to None, run_after=None
[2024-10-03T06:36:38.181+0000] {processor.py:179} INFO - Processing /home/airflow/.local/lib/python3.8/site-packages/airflow/example_dags/example_sensor_decorator.py took 0.130 seconds
[2024-10-03T06:41:25.991+0000] {processor.py:157} INFO - Started process (PID=121) to work on /home/airflow/.local/lib/python3.8/site-packages/airflow/example_dags/example_sensor_decorator.py
[2024-10-03T06:41:25.994+0000] {processor.py:829} INFO - Processing file /home/airflow/.local/lib/python3.8/site-packages/airflow/example_dags/example_sensor_decorator.py for tasks to queue
[2024-10-03T06:41:26.001+0000] {logging_mixin.py:151} INFO - [2024-10-03T06:41:26.000+0000] {dagbag.py:539} INFO - Filling up the DagBag from /home/airflow/.local/lib/python3.8/site-packages/airflow/example_dags/example_sensor_decorator.py
[2024-10-03T06:41:26.018+0000] {processor.py:839} INFO - DAG(s) dict_keys(['example_sensor_decorator']) retrieved from /home/airflow/.local/lib/python3.8/site-packages/airflow/example_dags/example_sensor_decorator.py
[2024-10-03T06:41:26.111+0000] {logging_mixin.py:151} INFO - [2024-10-03T06:41:26.111+0000] {dag.py:2907} INFO - Sync 1 DAGs
[2024-10-03T06:41:26.146+0000] {logging_mixin.py:151} INFO - [2024-10-03T06:41:26.146+0000] {dag.py:3677} INFO - Setting next_dagrun for example_sensor_decorator to None, run_after=None
[2024-10-03T06:41:26.214+0000] {processor.py:179} INFO - Processing /home/airflow/.local/lib/python3.8/site-packages/airflow/example_dags/example_sensor_decorator.py took 0.231 seconds
[2024-10-03T06:41:56.416+0000] {processor.py:157} INFO - Started process (PID=178) to work on /home/airflow/.local/lib/python3.8/site-packages/airflow/example_dags/example_sensor_decorator.py
[2024-10-03T06:41:56.419+0000] {processor.py:829} INFO - Processing file /home/airflow/.local/lib/python3.8/site-packages/airflow/example_dags/example_sensor_decorator.py for tasks to queue
[2024-10-03T06:41:56.425+0000] {logging_mixin.py:151} INFO - [2024-10-03T06:41:56.424+0000] {dagbag.py:539} INFO - Filling up the DagBag from /home/airflow/.local/lib/python3.8/site-packages/airflow/example_dags/example_sensor_decorator.py
[2024-10-03T06:41:56.442+0000] {processor.py:839} INFO - DAG(s) dict_keys(['example_sensor_decorator']) retrieved from /home/airflow/.local/lib/python3.8/site-packages/airflow/example_dags/example_sensor_decorator.py
[2024-10-03T06:41:56.505+0000] {logging_mixin.py:151} INFO - [2024-10-03T06:41:56.505+0000] {dag.py:2907} INFO - Sync 1 DAGs
[2024-10-03T06:41:56.552+0000] {logging_mixin.py:151} INFO - [2024-10-03T06:41:56.552+0000] {dag.py:3677} INFO - Setting next_dagrun for example_sensor_decorator to None, run_after=None
[2024-10-03T06:41:56.638+0000] {processor.py:179} INFO - Processing /home/airflow/.local/lib/python3.8/site-packages/airflow/example_dags/example_sensor_decorator.py took 0.230 seconds
[2024-10-03T06:42:28.242+0000] {processor.py:157} INFO - Started process (PID=236) to work on /home/airflow/.local/lib/python3.8/site-packages/airflow/example_dags/example_sensor_decorator.py
[2024-10-03T06:42:28.247+0000] {processor.py:829} INFO - Processing file /home/airflow/.local/lib/python3.8/site-packages/airflow/example_dags/example_sensor_decorator.py for tasks to queue
[2024-10-03T06:42:28.256+0000] {logging_mixin.py:151} INFO - [2024-10-03T06:42:28.254+0000] {dagbag.py:539} INFO - Filling up the DagBag from /home/airflow/.local/lib/python3.8/site-packages/airflow/example_dags/example_sensor_decorator.py
[2024-10-03T06:42:28.287+0000] {processor.py:839} INFO - DAG(s) dict_keys(['example_sensor_decorator']) retrieved from /home/airflow/.local/lib/python3.8/site-packages/airflow/example_dags/example_sensor_decorator.py
[2024-10-03T06:42:28.365+0000] {logging_mixin.py:151} INFO - [2024-10-03T06:42:28.363+0000] {dag.py:2907} INFO - Sync 1 DAGs
[2024-10-03T06:42:28.411+0000] {logging_mixin.py:151} INFO - [2024-10-03T06:42:28.410+0000] {dag.py:3677} INFO - Setting next_dagrun for example_sensor_decorator to None, run_after=None
[2024-10-03T06:42:28.486+0000] {processor.py:179} INFO - Processing /home/airflow/.local/lib/python3.8/site-packages/airflow/example_dags/example_sensor_decorator.py took 0.255 seconds
[2024-10-03T06:52:57.074+0000] {processor.py:186} INFO - Started process (PID=121) to work on /home/airflow/.local/lib/python3.12/site-packages/airflow/example_dags/example_sensor_decorator.py
[2024-10-03T06:52:57.077+0000] {processor.py:914} INFO - Processing file /home/airflow/.local/lib/python3.12/site-packages/airflow/example_dags/example_sensor_decorator.py for tasks to queue
[2024-10-03T06:52:57.085+0000] {logging_mixin.py:190} INFO - [2024-10-03T06:52:57.084+0000] {dagbag.py:588} INFO - Filling up the DagBag from /home/airflow/.local/lib/python3.12/site-packages/airflow/example_dags/example_sensor_decorator.py
[2024-10-03T06:52:57.136+0000] {processor.py:925} INFO - DAG(s) 'example_sensor_decorator' retrieved from /home/airflow/.local/lib/python3.12/site-packages/airflow/example_dags/example_sensor_decorator.py
[2024-10-03T06:52:57.498+0000] {logging_mixin.py:190} INFO - [2024-10-03T06:52:57.498+0000] {dag.py:3239} INFO - Sync 1 DAGs
[2024-10-03T06:52:57.527+0000] {logging_mixin.py:190} INFO - [2024-10-03T06:52:57.527+0000] {dag.py:4180} INFO - Setting next_dagrun for example_sensor_decorator to None, run_after=None
[2024-10-03T06:52:57.614+0000] {processor.py:208} INFO - Processing /home/airflow/.local/lib/python3.12/site-packages/airflow/example_dags/example_sensor_decorator.py took 0.555 seconds
[2024-10-03T06:53:28.025+0000] {processor.py:186} INFO - Started process (PID=185) to work on /home/airflow/.local/lib/python3.12/site-packages/airflow/example_dags/example_sensor_decorator.py
[2024-10-03T06:53:28.228+0000] {processor.py:914} INFO - Processing file /home/airflow/.local/lib/python3.12/site-packages/airflow/example_dags/example_sensor_decorator.py for tasks to queue
[2024-10-03T06:53:28.234+0000] {logging_mixin.py:190} INFO - [2024-10-03T06:53:28.233+0000] {dagbag.py:588} INFO - Filling up the DagBag from /home/airflow/.local/lib/python3.12/site-packages/airflow/example_dags/example_sensor_decorator.py
[2024-10-03T06:53:28.270+0000] {processor.py:925} INFO - DAG(s) 'example_sensor_decorator' retrieved from /home/airflow/.local/lib/python3.12/site-packages/airflow/example_dags/example_sensor_decorator.py
[2024-10-03T06:53:28.292+0000] {logging_mixin.py:190} INFO - [2024-10-03T06:53:28.291+0000] {dag.py:3239} INFO - Sync 1 DAGs
[2024-10-03T06:53:28.308+0000] {logging_mixin.py:190} INFO - [2024-10-03T06:53:28.307+0000] {dag.py:4180} INFO - Setting next_dagrun for example_sensor_decorator to None, run_after=None
[2024-10-03T06:53:28.421+0000] {processor.py:208} INFO - Processing /home/airflow/.local/lib/python3.12/site-packages/airflow/example_dags/example_sensor_decorator.py took 0.401 seconds
[2024-10-03T06:53:58.524+0000] {processor.py:186} INFO - Started process (PID=249) to work on /home/airflow/.local/lib/python3.12/site-packages/airflow/example_dags/example_sensor_decorator.py
[2024-10-03T06:53:58.527+0000] {processor.py:914} INFO - Processing file /home/airflow/.local/lib/python3.12/site-packages/airflow/example_dags/example_sensor_decorator.py for tasks to queue
[2024-10-03T06:53:58.534+0000] {logging_mixin.py:190} INFO - [2024-10-03T06:53:58.532+0000] {dagbag.py:588} INFO - Filling up the DagBag from /home/airflow/.local/lib/python3.12/site-packages/airflow/example_dags/example_sensor_decorator.py
[2024-10-03T06:53:58.551+0000] {processor.py:925} INFO - DAG(s) 'example_sensor_decorator' retrieved from /home/airflow/.local/lib/python3.12/site-packages/airflow/example_dags/example_sensor_decorator.py
[2024-10-03T06:53:58.595+0000] {logging_mixin.py:190} INFO - [2024-10-03T06:53:58.594+0000] {dag.py:3239} INFO - Sync 1 DAGs
[2024-10-03T06:53:58.626+0000] {logging_mixin.py:190} INFO - [2024-10-03T06:53:58.626+0000] {dag.py:4180} INFO - Setting next_dagrun for example_sensor_decorator to None, run_after=None
[2024-10-03T06:53:58.671+0000] {processor.py:208} INFO - Processing /home/airflow/.local/lib/python3.12/site-packages/airflow/example_dags/example_sensor_decorator.py took 0.159 seconds
[2024-10-03T06:54:29.552+0000] {processor.py:186} INFO - Started process (PID=313) to work on /home/airflow/.local/lib/python3.12/site-packages/airflow/example_dags/example_sensor_decorator.py
[2024-10-03T06:54:29.559+0000] {processor.py:914} INFO - Processing file /home/airflow/.local/lib/python3.12/site-packages/airflow/example_dags/example_sensor_decorator.py for tasks to queue
[2024-10-03T06:54:29.566+0000] {logging_mixin.py:190} INFO - [2024-10-03T06:54:29.565+0000] {dagbag.py:588} INFO - Filling up the DagBag from /home/airflow/.local/lib/python3.12/site-packages/airflow/example_dags/example_sensor_decorator.py
[2024-10-03T06:54:29.586+0000] {processor.py:925} INFO - DAG(s) 'example_sensor_decorator' retrieved from /home/airflow/.local/lib/python3.12/site-packages/airflow/example_dags/example_sensor_decorator.py
[2024-10-03T06:54:29.630+0000] {logging_mixin.py:190} INFO - [2024-10-03T06:54:29.629+0000] {dag.py:3239} INFO - Sync 1 DAGs
[2024-10-03T06:54:29.674+0000] {logging_mixin.py:190} INFO - [2024-10-03T06:54:29.673+0000] {dag.py:4180} INFO - Setting next_dagrun for example_sensor_decorator to None, run_after=None
[2024-10-03T06:54:29.733+0000] {processor.py:208} INFO - Processing /home/airflow/.local/lib/python3.12/site-packages/airflow/example_dags/example_sensor_decorator.py took 0.192 seconds
[2024-10-03T06:54:59.900+0000] {processor.py:186} INFO - Started process (PID=377) to work on /home/airflow/.local/lib/python3.12/site-packages/airflow/example_dags/example_sensor_decorator.py
[2024-10-03T06:54:59.904+0000] {processor.py:914} INFO - Processing file /home/airflow/.local/lib/python3.12/site-packages/airflow/example_dags/example_sensor_decorator.py for tasks to queue
[2024-10-03T06:54:59.914+0000] {logging_mixin.py:190} INFO - [2024-10-03T06:54:59.913+0000] {dagbag.py:588} INFO - Filling up the DagBag from /home/airflow/.local/lib/python3.12/site-packages/airflow/example_dags/example_sensor_decorator.py
[2024-10-03T06:54:59.933+0000] {processor.py:925} INFO - DAG(s) 'example_sensor_decorator' retrieved from /home/airflow/.local/lib/python3.12/site-packages/airflow/example_dags/example_sensor_decorator.py
[2024-10-03T06:54:59.976+0000] {logging_mixin.py:190} INFO - [2024-10-03T06:54:59.976+0000] {dag.py:3239} INFO - Sync 1 DAGs
[2024-10-03T06:55:00.017+0000] {logging_mixin.py:190} INFO - [2024-10-03T06:55:00.017+0000] {dag.py:4180} INFO - Setting next_dagrun for example_sensor_decorator to None, run_after=None
[2024-10-03T06:55:00.072+0000] {processor.py:208} INFO - Processing /home/airflow/.local/lib/python3.12/site-packages/airflow/example_dags/example_sensor_decorator.py took 0.180 seconds
[2024-10-03T06:55:30.242+0000] {processor.py:186} INFO - Started process (PID=440) to work on /home/airflow/.local/lib/python3.12/site-packages/airflow/example_dags/example_sensor_decorator.py
[2024-10-03T06:55:30.243+0000] {processor.py:914} INFO - Processing file /home/airflow/.local/lib/python3.12/site-packages/airflow/example_dags/example_sensor_decorator.py for tasks to queue
[2024-10-03T06:55:30.247+0000] {logging_mixin.py:190} INFO - [2024-10-03T06:55:30.246+0000] {dagbag.py:588} INFO - Filling up the DagBag from /home/airflow/.local/lib/python3.12/site-packages/airflow/example_dags/example_sensor_decorator.py
[2024-10-03T06:55:30.257+0000] {processor.py:925} INFO - DAG(s) 'example_sensor_decorator' retrieved from /home/airflow/.local/lib/python3.12/site-packages/airflow/example_dags/example_sensor_decorator.py
[2024-10-03T06:55:30.283+0000] {logging_mixin.py:190} INFO - [2024-10-03T06:55:30.283+0000] {dag.py:3239} INFO - Sync 1 DAGs
[2024-10-03T06:55:30.301+0000] {logging_mixin.py:190} INFO - [2024-10-03T06:55:30.301+0000] {dag.py:4180} INFO - Setting next_dagrun for example_sensor_decorator to None, run_after=None
[2024-10-03T06:55:30.331+0000] {processor.py:208} INFO - Processing /home/airflow/.local/lib/python3.12/site-packages/airflow/example_dags/example_sensor_decorator.py took 0.095 seconds
[2024-10-03T06:56:00.871+0000] {processor.py:186} INFO - Started process (PID=504) to work on /home/airflow/.local/lib/python3.12/site-packages/airflow/example_dags/example_sensor_decorator.py
[2024-10-03T06:56:00.877+0000] {processor.py:914} INFO - Processing file /home/airflow/.local/lib/python3.12/site-packages/airflow/example_dags/example_sensor_decorator.py for tasks to queue
[2024-10-03T06:56:00.880+0000] {logging_mixin.py:190} INFO - [2024-10-03T06:56:00.880+0000] {dagbag.py:588} INFO - Filling up the DagBag from /home/airflow/.local/lib/python3.12/site-packages/airflow/example_dags/example_sensor_decorator.py
[2024-10-03T06:56:00.892+0000] {processor.py:925} INFO - DAG(s) 'example_sensor_decorator' retrieved from /home/airflow/.local/lib/python3.12/site-packages/airflow/example_dags/example_sensor_decorator.py
[2024-10-03T06:56:00.918+0000] {logging_mixin.py:190} INFO - [2024-10-03T06:56:00.917+0000] {dag.py:3239} INFO - Sync 1 DAGs
[2024-10-03T06:56:00.936+0000] {logging_mixin.py:190} INFO - [2024-10-03T06:56:00.935+0000] {dag.py:4180} INFO - Setting next_dagrun for example_sensor_decorator to None, run_after=None
[2024-10-03T06:56:01.172+0000] {processor.py:208} INFO - Processing /home/airflow/.local/lib/python3.12/site-packages/airflow/example_dags/example_sensor_decorator.py took 0.307 seconds
[2024-10-03T06:56:31.820+0000] {processor.py:186} INFO - Started process (PID=568) to work on /home/airflow/.local/lib/python3.12/site-packages/airflow/example_dags/example_sensor_decorator.py
[2024-10-03T06:56:31.822+0000] {processor.py:914} INFO - Processing file /home/airflow/.local/lib/python3.12/site-packages/airflow/example_dags/example_sensor_decorator.py for tasks to queue
[2024-10-03T06:56:31.826+0000] {logging_mixin.py:190} INFO - [2024-10-03T06:56:31.825+0000] {dagbag.py:588} INFO - Filling up the DagBag from /home/airflow/.local/lib/python3.12/site-packages/airflow/example_dags/example_sensor_decorator.py
[2024-10-03T06:56:31.836+0000] {processor.py:925} INFO - DAG(s) 'example_sensor_decorator' retrieved from /home/airflow/.local/lib/python3.12/site-packages/airflow/example_dags/example_sensor_decorator.py
[2024-10-03T06:56:31.872+0000] {logging_mixin.py:190} INFO - [2024-10-03T06:56:31.872+0000] {dag.py:3239} INFO - Sync 1 DAGs
[2024-10-03T06:56:31.892+0000] {logging_mixin.py:190} INFO - [2024-10-03T06:56:31.891+0000] {dag.py:4180} INFO - Setting next_dagrun for example_sensor_decorator to None, run_after=None
[2024-10-03T06:56:31.933+0000] {processor.py:208} INFO - Processing /home/airflow/.local/lib/python3.12/site-packages/airflow/example_dags/example_sensor_decorator.py took 0.120 seconds
[2024-10-03T06:57:02.351+0000] {processor.py:186} INFO - Started process (PID=632) to work on /home/airflow/.local/lib/python3.12/site-packages/airflow/example_dags/example_sensor_decorator.py
[2024-10-03T06:57:02.353+0000] {processor.py:914} INFO - Processing file /home/airflow/.local/lib/python3.12/site-packages/airflow/example_dags/example_sensor_decorator.py for tasks to queue
[2024-10-03T06:57:02.358+0000] {logging_mixin.py:190} INFO - [2024-10-03T06:57:02.358+0000] {dagbag.py:588} INFO - Filling up the DagBag from /home/airflow/.local/lib/python3.12/site-packages/airflow/example_dags/example_sensor_decorator.py
[2024-10-03T06:57:02.373+0000] {processor.py:925} INFO - DAG(s) 'example_sensor_decorator' retrieved from /home/airflow/.local/lib/python3.12/site-packages/airflow/example_dags/example_sensor_decorator.py
[2024-10-03T06:57:02.414+0000] {logging_mixin.py:190} INFO - [2024-10-03T06:57:02.414+0000] {dag.py:3239} INFO - Sync 1 DAGs
[2024-10-03T06:57:02.443+0000] {logging_mixin.py:190} INFO - [2024-10-03T06:57:02.443+0000] {dag.py:4180} INFO - Setting next_dagrun for example_sensor_decorator to None, run_after=None
[2024-10-03T06:57:02.494+0000] {processor.py:208} INFO - Processing /home/airflow/.local/lib/python3.12/site-packages/airflow/example_dags/example_sensor_decorator.py took 0.152 seconds
[2024-10-03T06:57:32.893+0000] {processor.py:186} INFO - Started process (PID=696) to work on /home/airflow/.local/lib/python3.12/site-packages/airflow/example_dags/example_sensor_decorator.py
[2024-10-03T06:57:32.904+0000] {processor.py:914} INFO - Processing file /home/airflow/.local/lib/python3.12/site-packages/airflow/example_dags/example_sensor_decorator.py for tasks to queue
[2024-10-03T06:57:32.917+0000] {logging_mixin.py:190} INFO - [2024-10-03T06:57:32.915+0000] {dagbag.py:588} INFO - Filling up the DagBag from /home/airflow/.local/lib/python3.12/site-packages/airflow/example_dags/example_sensor_decorator.py
[2024-10-03T06:57:32.975+0000] {processor.py:925} INFO - DAG(s) 'example_sensor_decorator' retrieved from /home/airflow/.local/lib/python3.12/site-packages/airflow/example_dags/example_sensor_decorator.py
[2024-10-03T06:57:33.072+0000] {logging_mixin.py:190} INFO - [2024-10-03T06:57:33.070+0000] {dag.py:3239} INFO - Sync 1 DAGs
[2024-10-03T06:57:33.139+0000] {logging_mixin.py:190} INFO - [2024-10-03T06:57:33.138+0000] {dag.py:4180} INFO - Setting next_dagrun for example_sensor_decorator to None, run_after=None
[2024-10-03T06:57:33.221+0000] {processor.py:208} INFO - Processing /home/airflow/.local/lib/python3.12/site-packages/airflow/example_dags/example_sensor_decorator.py took 0.352 seconds
[2024-10-03T06:58:03.741+0000] {processor.py:186} INFO - Started process (PID=760) to work on /home/airflow/.local/lib/python3.12/site-packages/airflow/example_dags/example_sensor_decorator.py
[2024-10-03T06:58:03.743+0000] {processor.py:914} INFO - Processing file /home/airflow/.local/lib/python3.12/site-packages/airflow/example_dags/example_sensor_decorator.py for tasks to queue
[2024-10-03T06:58:03.746+0000] {logging_mixin.py:190} INFO - [2024-10-03T06:58:03.746+0000] {dagbag.py:588} INFO - Filling up the DagBag from /home/airflow/.local/lib/python3.12/site-packages/airflow/example_dags/example_sensor_decorator.py
[2024-10-03T06:58:03.757+0000] {processor.py:925} INFO - DAG(s) 'example_sensor_decorator' retrieved from /home/airflow/.local/lib/python3.12/site-packages/airflow/example_dags/example_sensor_decorator.py
[2024-10-03T06:58:03.781+0000] {logging_mixin.py:190} INFO - [2024-10-03T06:58:03.781+0000] {dag.py:3239} INFO - Sync 1 DAGs
[2024-10-03T06:58:03.800+0000] {logging_mixin.py:190} INFO - [2024-10-03T06:58:03.799+0000] {dag.py:4180} INFO - Setting next_dagrun for example_sensor_decorator to None, run_after=None
[2024-10-03T06:58:03.828+0000] {processor.py:208} INFO - Processing /home/airflow/.local/lib/python3.12/site-packages/airflow/example_dags/example_sensor_decorator.py took 0.093 seconds
[2024-10-03T06:58:34.181+0000] {processor.py:186} INFO - Started process (PID=824) to work on /home/airflow/.local/lib/python3.12/site-packages/airflow/example_dags/example_sensor_decorator.py
[2024-10-03T06:58:34.182+0000] {processor.py:914} INFO - Processing file /home/airflow/.local/lib/python3.12/site-packages/airflow/example_dags/example_sensor_decorator.py for tasks to queue
[2024-10-03T06:58:34.186+0000] {logging_mixin.py:190} INFO - [2024-10-03T06:58:34.185+0000] {dagbag.py:588} INFO - Filling up the DagBag from /home/airflow/.local/lib/python3.12/site-packages/airflow/example_dags/example_sensor_decorator.py
[2024-10-03T06:58:34.197+0000] {processor.py:925} INFO - DAG(s) 'example_sensor_decorator' retrieved from /home/airflow/.local/lib/python3.12/site-packages/airflow/example_dags/example_sensor_decorator.py
[2024-10-03T06:58:34.222+0000] {logging_mixin.py:190} INFO - [2024-10-03T06:58:34.221+0000] {dag.py:3239} INFO - Sync 1 DAGs
[2024-10-03T06:58:34.240+0000] {logging_mixin.py:190} INFO - [2024-10-03T06:58:34.239+0000] {dag.py:4180} INFO - Setting next_dagrun for example_sensor_decorator to None, run_after=None
[2024-10-03T06:58:34.270+0000] {processor.py:208} INFO - Processing /home/airflow/.local/lib/python3.12/site-packages/airflow/example_dags/example_sensor_decorator.py took 0.099 seconds
[2024-10-03T06:59:04.939+0000] {processor.py:186} INFO - Started process (PID=888) to work on /home/airflow/.local/lib/python3.12/site-packages/airflow/example_dags/example_sensor_decorator.py
[2024-10-03T06:59:04.940+0000] {processor.py:914} INFO - Processing file /home/airflow/.local/lib/python3.12/site-packages/airflow/example_dags/example_sensor_decorator.py for tasks to queue
[2024-10-03T06:59:04.943+0000] {logging_mixin.py:190} INFO - [2024-10-03T06:59:04.942+0000] {dagbag.py:588} INFO - Filling up the DagBag from /home/airflow/.local/lib/python3.12/site-packages/airflow/example_dags/example_sensor_decorator.py
[2024-10-03T06:59:04.951+0000] {processor.py:925} INFO - DAG(s) 'example_sensor_decorator' retrieved from /home/airflow/.local/lib/python3.12/site-packages/airflow/example_dags/example_sensor_decorator.py
[2024-10-03T06:59:04.973+0000] {logging_mixin.py:190} INFO - [2024-10-03T06:59:04.973+0000] {dag.py:3239} INFO - Sync 1 DAGs
[2024-10-03T06:59:04.988+0000] {logging_mixin.py:190} INFO - [2024-10-03T06:59:04.988+0000] {dag.py:4180} INFO - Setting next_dagrun for example_sensor_decorator to None, run_after=None
[2024-10-03T06:59:05.012+0000] {processor.py:208} INFO - Processing /home/airflow/.local/lib/python3.12/site-packages/airflow/example_dags/example_sensor_decorator.py took 0.079 seconds
[2024-10-03T06:59:37.365+0000] {processor.py:186} INFO - Started process (PID=952) to work on /home/airflow/.local/lib/python3.12/site-packages/airflow/example_dags/example_sensor_decorator.py
[2024-10-03T06:59:37.373+0000] {processor.py:914} INFO - Processing file /home/airflow/.local/lib/python3.12/site-packages/airflow/example_dags/example_sensor_decorator.py for tasks to queue
[2024-10-03T06:59:37.383+0000] {logging_mixin.py:190} INFO - [2024-10-03T06:59:37.382+0000] {dagbag.py:588} INFO - Filling up the DagBag from /home/airflow/.local/lib/python3.12/site-packages/airflow/example_dags/example_sensor_decorator.py
[2024-10-03T06:59:37.438+0000] {processor.py:925} INFO - DAG(s) 'example_sensor_decorator' retrieved from /home/airflow/.local/lib/python3.12/site-packages/airflow/example_dags/example_sensor_decorator.py
[2024-10-03T06:59:37.558+0000] {logging_mixin.py:190} INFO - [2024-10-03T06:59:37.557+0000] {dag.py:3239} INFO - Sync 1 DAGs
[2024-10-03T06:59:37.681+0000] {logging_mixin.py:190} INFO - [2024-10-03T06:59:37.680+0000] {dag.py:4180} INFO - Setting next_dagrun for example_sensor_decorator to None, run_after=None
[2024-10-03T06:59:37.750+0000] {processor.py:208} INFO - Processing /home/airflow/.local/lib/python3.12/site-packages/airflow/example_dags/example_sensor_decorator.py took 0.505 seconds
[2024-10-03T07:00:13.851+0000] {processor.py:186} INFO - Started process (PID=1017) to work on /home/airflow/.local/lib/python3.12/site-packages/airflow/example_dags/example_sensor_decorator.py
[2024-10-03T07:00:13.853+0000] {processor.py:914} INFO - Processing file /home/airflow/.local/lib/python3.12/site-packages/airflow/example_dags/example_sensor_decorator.py for tasks to queue
[2024-10-03T07:00:13.859+0000] {logging_mixin.py:190} INFO - [2024-10-03T07:00:13.858+0000] {dagbag.py:588} INFO - Filling up the DagBag from /home/airflow/.local/lib/python3.12/site-packages/airflow/example_dags/example_sensor_decorator.py
[2024-10-03T07:00:13.871+0000] {processor.py:925} INFO - DAG(s) 'example_sensor_decorator' retrieved from /home/airflow/.local/lib/python3.12/site-packages/airflow/example_dags/example_sensor_decorator.py
[2024-10-03T07:00:13.905+0000] {logging_mixin.py:190} INFO - [2024-10-03T07:00:13.904+0000] {dag.py:3239} INFO - Sync 1 DAGs
[2024-10-03T07:00:13.930+0000] {logging_mixin.py:190} INFO - [2024-10-03T07:00:13.929+0000] {dag.py:4180} INFO - Setting next_dagrun for example_sensor_decorator to None, run_after=None
[2024-10-03T07:00:13.969+0000] {processor.py:208} INFO - Processing /home/airflow/.local/lib/python3.12/site-packages/airflow/example_dags/example_sensor_decorator.py took 0.127 seconds
[2024-10-03T07:00:44.690+0000] {processor.py:186} INFO - Started process (PID=1081) to work on /home/airflow/.local/lib/python3.12/site-packages/airflow/example_dags/example_sensor_decorator.py
[2024-10-03T07:00:44.692+0000] {processor.py:914} INFO - Processing file /home/airflow/.local/lib/python3.12/site-packages/airflow/example_dags/example_sensor_decorator.py for tasks to queue
[2024-10-03T07:00:44.695+0000] {logging_mixin.py:190} INFO - [2024-10-03T07:00:44.694+0000] {dagbag.py:588} INFO - Filling up the DagBag from /home/airflow/.local/lib/python3.12/site-packages/airflow/example_dags/example_sensor_decorator.py
[2024-10-03T07:00:44.703+0000] {processor.py:925} INFO - DAG(s) 'example_sensor_decorator' retrieved from /home/airflow/.local/lib/python3.12/site-packages/airflow/example_dags/example_sensor_decorator.py
[2024-10-03T07:00:44.725+0000] {logging_mixin.py:190} INFO - [2024-10-03T07:00:44.724+0000] {dag.py:3239} INFO - Sync 1 DAGs
[2024-10-03T07:00:44.742+0000] {logging_mixin.py:190} INFO - [2024-10-03T07:00:44.741+0000] {dag.py:4180} INFO - Setting next_dagrun for example_sensor_decorator to None, run_after=None
[2024-10-03T07:00:44.767+0000] {processor.py:208} INFO - Processing /home/airflow/.local/lib/python3.12/site-packages/airflow/example_dags/example_sensor_decorator.py took 0.083 seconds
[2024-10-03T07:01:22.357+0000] {processor.py:186} INFO - Started process (PID=1128) to work on /home/airflow/.local/lib/python3.12/site-packages/airflow/example_dags/example_sensor_decorator.py
[2024-10-03T07:01:22.359+0000] {processor.py:914} INFO - Processing file /home/airflow/.local/lib/python3.12/site-packages/airflow/example_dags/example_sensor_decorator.py for tasks to queue
[2024-10-03T07:01:22.362+0000] {logging_mixin.py:190} INFO - [2024-10-03T07:01:22.361+0000] {dagbag.py:588} INFO - Filling up the DagBag from /home/airflow/.local/lib/python3.12/site-packages/airflow/example_dags/example_sensor_decorator.py
[2024-10-03T07:01:22.378+0000] {processor.py:925} INFO - DAG(s) 'example_sensor_decorator' retrieved from /home/airflow/.local/lib/python3.12/site-packages/airflow/example_dags/example_sensor_decorator.py
[2024-10-03T07:01:22.428+0000] {logging_mixin.py:190} INFO - [2024-10-03T07:01:22.427+0000] {dag.py:3239} INFO - Sync 1 DAGs
[2024-10-03T07:01:22.459+0000] {logging_mixin.py:190} INFO - [2024-10-03T07:01:22.459+0000] {dag.py:4180} INFO - Setting next_dagrun for example_sensor_decorator to None, run_after=None
[2024-10-03T07:01:22.503+0000] {processor.py:208} INFO - Processing /home/airflow/.local/lib/python3.12/site-packages/airflow/example_dags/example_sensor_decorator.py took 0.156 seconds
[2024-10-03T07:02:42.389+0000] {processor.py:186} INFO - Started process (PID=1186) to work on /home/airflow/.local/lib/python3.12/site-packages/airflow/example_dags/example_sensor_decorator.py
[2024-10-03T07:02:42.391+0000] {processor.py:914} INFO - Processing file /home/airflow/.local/lib/python3.12/site-packages/airflow/example_dags/example_sensor_decorator.py for tasks to queue
[2024-10-03T07:02:42.392+0000] {logging_mixin.py:190} INFO - [2024-10-03T07:02:42.392+0000] {dagbag.py:588} INFO - Filling up the DagBag from /home/airflow/.local/lib/python3.12/site-packages/airflow/example_dags/example_sensor_decorator.py
[2024-10-03T07:02:42.402+0000] {processor.py:925} INFO - DAG(s) 'example_sensor_decorator' retrieved from /home/airflow/.local/lib/python3.12/site-packages/airflow/example_dags/example_sensor_decorator.py
[2024-10-03T07:02:42.427+0000] {logging_mixin.py:190} INFO - [2024-10-03T07:02:42.426+0000] {dag.py:3239} INFO - Sync 1 DAGs
[2024-10-03T07:02:42.443+0000] {logging_mixin.py:190} INFO - [2024-10-03T07:02:42.443+0000] {dag.py:4180} INFO - Setting next_dagrun for example_sensor_decorator to None, run_after=None
[2024-10-03T07:02:42.474+0000] {processor.py:208} INFO - Processing /home/airflow/.local/lib/python3.12/site-packages/airflow/example_dags/example_sensor_decorator.py took 0.093 seconds
[2024-10-03T07:03:12.706+0000] {processor.py:186} INFO - Started process (PID=1249) to work on /home/airflow/.local/lib/python3.12/site-packages/airflow/example_dags/example_sensor_decorator.py
[2024-10-03T07:03:12.707+0000] {processor.py:914} INFO - Processing file /home/airflow/.local/lib/python3.12/site-packages/airflow/example_dags/example_sensor_decorator.py for tasks to queue
[2024-10-03T07:03:12.709+0000] {logging_mixin.py:190} INFO - [2024-10-03T07:03:12.709+0000] {dagbag.py:588} INFO - Filling up the DagBag from /home/airflow/.local/lib/python3.12/site-packages/airflow/example_dags/example_sensor_decorator.py
[2024-10-03T07:03:12.719+0000] {processor.py:925} INFO - DAG(s) 'example_sensor_decorator' retrieved from /home/airflow/.local/lib/python3.12/site-packages/airflow/example_dags/example_sensor_decorator.py
[2024-10-03T07:03:12.743+0000] {logging_mixin.py:190} INFO - [2024-10-03T07:03:12.742+0000] {dag.py:3239} INFO - Sync 1 DAGs
[2024-10-03T07:03:12.763+0000] {logging_mixin.py:190} INFO - [2024-10-03T07:03:12.762+0000] {dag.py:4180} INFO - Setting next_dagrun for example_sensor_decorator to None, run_after=None
[2024-10-03T07:03:12.790+0000] {processor.py:208} INFO - Processing /home/airflow/.local/lib/python3.12/site-packages/airflow/example_dags/example_sensor_decorator.py took 0.090 seconds
[2024-10-03T07:03:43.549+0000] {processor.py:186} INFO - Started process (PID=1312) to work on /home/airflow/.local/lib/python3.12/site-packages/airflow/example_dags/example_sensor_decorator.py
[2024-10-03T07:03:43.551+0000] {processor.py:914} INFO - Processing file /home/airflow/.local/lib/python3.12/site-packages/airflow/example_dags/example_sensor_decorator.py for tasks to queue
[2024-10-03T07:03:43.554+0000] {logging_mixin.py:190} INFO - [2024-10-03T07:03:43.553+0000] {dagbag.py:588} INFO - Filling up the DagBag from /home/airflow/.local/lib/python3.12/site-packages/airflow/example_dags/example_sensor_decorator.py
[2024-10-03T07:03:43.564+0000] {processor.py:925} INFO - DAG(s) 'example_sensor_decorator' retrieved from /home/airflow/.local/lib/python3.12/site-packages/airflow/example_dags/example_sensor_decorator.py
[2024-10-03T07:03:43.593+0000] {logging_mixin.py:190} INFO - [2024-10-03T07:03:43.592+0000] {dag.py:3239} INFO - Sync 1 DAGs
[2024-10-03T07:03:43.611+0000] {logging_mixin.py:190} INFO - [2024-10-03T07:03:43.610+0000] {dag.py:4180} INFO - Setting next_dagrun for example_sensor_decorator to None, run_after=None
[2024-10-03T07:03:43.640+0000] {processor.py:208} INFO - Processing /home/airflow/.local/lib/python3.12/site-packages/airflow/example_dags/example_sensor_decorator.py took 0.098 seconds
[2024-10-03T07:04:15.060+0000] {processor.py:186} INFO - Started process (PID=1375) to work on /home/airflow/.local/lib/python3.12/site-packages/airflow/example_dags/example_sensor_decorator.py
[2024-10-03T07:04:15.063+0000] {processor.py:914} INFO - Processing file /home/airflow/.local/lib/python3.12/site-packages/airflow/example_dags/example_sensor_decorator.py for tasks to queue
[2024-10-03T07:04:15.065+0000] {logging_mixin.py:190} INFO - [2024-10-03T07:04:15.064+0000] {dagbag.py:588} INFO - Filling up the DagBag from /home/airflow/.local/lib/python3.12/site-packages/airflow/example_dags/example_sensor_decorator.py
[2024-10-03T07:04:15.079+0000] {processor.py:925} INFO - DAG(s) 'example_sensor_decorator' retrieved from /home/airflow/.local/lib/python3.12/site-packages/airflow/example_dags/example_sensor_decorator.py
[2024-10-03T07:04:15.117+0000] {logging_mixin.py:190} INFO - [2024-10-03T07:04:15.117+0000] {dag.py:3239} INFO - Sync 1 DAGs
[2024-10-03T07:04:15.149+0000] {logging_mixin.py:190} INFO - [2024-10-03T07:04:15.148+0000] {dag.py:4180} INFO - Setting next_dagrun for example_sensor_decorator to None, run_after=None
[2024-10-03T07:04:15.197+0000] {processor.py:208} INFO - Processing /home/airflow/.local/lib/python3.12/site-packages/airflow/example_dags/example_sensor_decorator.py took 0.144 seconds
[2024-10-03T07:04:46.019+0000] {processor.py:186} INFO - Started process (PID=1438) to work on /home/airflow/.local/lib/python3.12/site-packages/airflow/example_dags/example_sensor_decorator.py
[2024-10-03T07:04:46.021+0000] {processor.py:914} INFO - Processing file /home/airflow/.local/lib/python3.12/site-packages/airflow/example_dags/example_sensor_decorator.py for tasks to queue
[2024-10-03T07:04:46.023+0000] {logging_mixin.py:190} INFO - [2024-10-03T07:04:46.023+0000] {dagbag.py:588} INFO - Filling up the DagBag from /home/airflow/.local/lib/python3.12/site-packages/airflow/example_dags/example_sensor_decorator.py
[2024-10-03T07:04:46.036+0000] {processor.py:925} INFO - DAG(s) 'example_sensor_decorator' retrieved from /home/airflow/.local/lib/python3.12/site-packages/airflow/example_dags/example_sensor_decorator.py
[2024-10-03T07:04:46.064+0000] {logging_mixin.py:190} INFO - [2024-10-03T07:04:46.063+0000] {dag.py:3239} INFO - Sync 1 DAGs
[2024-10-03T07:04:46.085+0000] {logging_mixin.py:190} INFO - [2024-10-03T07:04:46.085+0000] {dag.py:4180} INFO - Setting next_dagrun for example_sensor_decorator to None, run_after=None
[2024-10-03T07:04:46.117+0000] {processor.py:208} INFO - Processing /home/airflow/.local/lib/python3.12/site-packages/airflow/example_dags/example_sensor_decorator.py took 0.106 seconds
[2024-10-03T07:05:16.760+0000] {processor.py:186} INFO - Started process (PID=1500) to work on /home/airflow/.local/lib/python3.12/site-packages/airflow/example_dags/example_sensor_decorator.py
[2024-10-03T07:05:16.762+0000] {processor.py:914} INFO - Processing file /home/airflow/.local/lib/python3.12/site-packages/airflow/example_dags/example_sensor_decorator.py for tasks to queue
[2024-10-03T07:05:16.764+0000] {logging_mixin.py:190} INFO - [2024-10-03T07:05:16.764+0000] {dagbag.py:588} INFO - Filling up the DagBag from /home/airflow/.local/lib/python3.12/site-packages/airflow/example_dags/example_sensor_decorator.py
[2024-10-03T07:05:16.790+0000] {processor.py:925} INFO - DAG(s) 'example_sensor_decorator' retrieved from /home/airflow/.local/lib/python3.12/site-packages/airflow/example_dags/example_sensor_decorator.py
[2024-10-03T07:05:16.827+0000] {logging_mixin.py:190} INFO - [2024-10-03T07:05:16.826+0000] {dag.py:3239} INFO - Sync 1 DAGs
[2024-10-03T07:05:16.855+0000] {logging_mixin.py:190} INFO - [2024-10-03T07:05:16.854+0000] {dag.py:4180} INFO - Setting next_dagrun for example_sensor_decorator to None, run_after=None
[2024-10-03T07:05:17.013+0000] {processor.py:208} INFO - Processing /home/airflow/.local/lib/python3.12/site-packages/airflow/example_dags/example_sensor_decorator.py took 0.266 seconds
[2024-10-03T07:07:10.867+0000] {processor.py:186} INFO - Started process (PID=1563) to work on /home/airflow/.local/lib/python3.12/site-packages/airflow/example_dags/example_sensor_decorator.py
[2024-10-03T07:07:10.869+0000] {processor.py:914} INFO - Processing file /home/airflow/.local/lib/python3.12/site-packages/airflow/example_dags/example_sensor_decorator.py for tasks to queue
[2024-10-03T07:07:10.871+0000] {logging_mixin.py:190} INFO - [2024-10-03T07:07:10.871+0000] {dagbag.py:588} INFO - Filling up the DagBag from /home/airflow/.local/lib/python3.12/site-packages/airflow/example_dags/example_sensor_decorator.py
[2024-10-03T07:07:10.891+0000] {processor.py:925} INFO - DAG(s) 'example_sensor_decorator' retrieved from /home/airflow/.local/lib/python3.12/site-packages/airflow/example_dags/example_sensor_decorator.py
[2024-10-03T07:07:10.942+0000] {logging_mixin.py:190} INFO - [2024-10-03T07:07:10.941+0000] {dag.py:3239} INFO - Sync 1 DAGs
[2024-10-03T07:07:10.987+0000] {logging_mixin.py:190} INFO - [2024-10-03T07:07:10.987+0000] {dag.py:4180} INFO - Setting next_dagrun for example_sensor_decorator to None, run_after=None
[2024-10-03T07:07:11.035+0000] {processor.py:208} INFO - Processing /home/airflow/.local/lib/python3.12/site-packages/airflow/example_dags/example_sensor_decorator.py took 0.180 seconds
[2024-10-03T07:07:41.710+0000] {processor.py:186} INFO - Started process (PID=1626) to work on /home/airflow/.local/lib/python3.12/site-packages/airflow/example_dags/example_sensor_decorator.py
[2024-10-03T07:07:41.711+0000] {processor.py:914} INFO - Processing file /home/airflow/.local/lib/python3.12/site-packages/airflow/example_dags/example_sensor_decorator.py for tasks to queue
[2024-10-03T07:07:41.712+0000] {logging_mixin.py:190} INFO - [2024-10-03T07:07:41.712+0000] {dagbag.py:588} INFO - Filling up the DagBag from /home/airflow/.local/lib/python3.12/site-packages/airflow/example_dags/example_sensor_decorator.py
[2024-10-03T07:07:41.723+0000] {processor.py:925} INFO - DAG(s) 'example_sensor_decorator' retrieved from /home/airflow/.local/lib/python3.12/site-packages/airflow/example_dags/example_sensor_decorator.py
[2024-10-03T07:07:41.746+0000] {logging_mixin.py:190} INFO - [2024-10-03T07:07:41.746+0000] {dag.py:3239} INFO - Sync 1 DAGs
[2024-10-03T07:07:41.763+0000] {logging_mixin.py:190} INFO - [2024-10-03T07:07:41.762+0000] {dag.py:4180} INFO - Setting next_dagrun for example_sensor_decorator to None, run_after=None
[2024-10-03T07:07:41.790+0000] {processor.py:208} INFO - Processing /home/airflow/.local/lib/python3.12/site-packages/airflow/example_dags/example_sensor_decorator.py took 0.086 seconds
[2024-10-03T07:08:12.301+0000] {processor.py:186} INFO - Started process (PID=1689) to work on /home/airflow/.local/lib/python3.12/site-packages/airflow/example_dags/example_sensor_decorator.py
[2024-10-03T07:08:12.303+0000] {processor.py:914} INFO - Processing file /home/airflow/.local/lib/python3.12/site-packages/airflow/example_dags/example_sensor_decorator.py for tasks to queue
[2024-10-03T07:08:12.306+0000] {logging_mixin.py:190} INFO - [2024-10-03T07:08:12.305+0000] {dagbag.py:588} INFO - Filling up the DagBag from /home/airflow/.local/lib/python3.12/site-packages/airflow/example_dags/example_sensor_decorator.py
[2024-10-03T07:08:12.321+0000] {processor.py:925} INFO - DAG(s) 'example_sensor_decorator' retrieved from /home/airflow/.local/lib/python3.12/site-packages/airflow/example_dags/example_sensor_decorator.py
[2024-10-03T07:08:12.366+0000] {logging_mixin.py:190} INFO - [2024-10-03T07:08:12.365+0000] {dag.py:3239} INFO - Sync 1 DAGs
[2024-10-03T07:08:12.387+0000] {logging_mixin.py:190} INFO - [2024-10-03T07:08:12.387+0000] {dag.py:4180} INFO - Setting next_dagrun for example_sensor_decorator to None, run_after=None
[2024-10-03T07:08:12.428+0000] {processor.py:208} INFO - Processing /home/airflow/.local/lib/python3.12/site-packages/airflow/example_dags/example_sensor_decorator.py took 0.135 seconds
[2024-10-03T07:08:52.904+0000] {processor.py:186} INFO - Started process (PID=1748) to work on /home/airflow/.local/lib/python3.12/site-packages/airflow/example_dags/example_sensor_decorator.py
[2024-10-03T07:08:52.906+0000] {processor.py:914} INFO - Processing file /home/airflow/.local/lib/python3.12/site-packages/airflow/example_dags/example_sensor_decorator.py for tasks to queue
[2024-10-03T07:08:52.909+0000] {logging_mixin.py:190} INFO - [2024-10-03T07:08:52.908+0000] {dagbag.py:588} INFO - Filling up the DagBag from /home/airflow/.local/lib/python3.12/site-packages/airflow/example_dags/example_sensor_decorator.py
[2024-10-03T07:08:52.921+0000] {processor.py:925} INFO - DAG(s) 'example_sensor_decorator' retrieved from /home/airflow/.local/lib/python3.12/site-packages/airflow/example_dags/example_sensor_decorator.py
[2024-10-03T07:08:52.947+0000] {logging_mixin.py:190} INFO - [2024-10-03T07:08:52.947+0000] {dag.py:3239} INFO - Sync 1 DAGs
[2024-10-03T07:08:52.966+0000] {logging_mixin.py:190} INFO - [2024-10-03T07:08:52.966+0000] {dag.py:4180} INFO - Setting next_dagrun for example_sensor_decorator to None, run_after=None
[2024-10-03T07:08:52.994+0000] {processor.py:208} INFO - Processing /home/airflow/.local/lib/python3.12/site-packages/airflow/example_dags/example_sensor_decorator.py took 0.098 seconds
[2024-10-03T07:09:23.844+0000] {processor.py:186} INFO - Started process (PID=1811) to work on /home/airflow/.local/lib/python3.12/site-packages/airflow/example_dags/example_sensor_decorator.py
[2024-10-03T07:09:23.846+0000] {processor.py:914} INFO - Processing file /home/airflow/.local/lib/python3.12/site-packages/airflow/example_dags/example_sensor_decorator.py for tasks to queue
[2024-10-03T07:09:23.849+0000] {logging_mixin.py:190} INFO - [2024-10-03T07:09:23.848+0000] {dagbag.py:588} INFO - Filling up the DagBag from /home/airflow/.local/lib/python3.12/site-packages/airflow/example_dags/example_sensor_decorator.py
[2024-10-03T07:09:23.862+0000] {processor.py:925} INFO - DAG(s) 'example_sensor_decorator' retrieved from /home/airflow/.local/lib/python3.12/site-packages/airflow/example_dags/example_sensor_decorator.py
[2024-10-03T07:09:23.898+0000] {logging_mixin.py:190} INFO - [2024-10-03T07:09:23.898+0000] {dag.py:3239} INFO - Sync 1 DAGs
[2024-10-03T07:09:23.929+0000] {logging_mixin.py:190} INFO - [2024-10-03T07:09:23.928+0000] {dag.py:4180} INFO - Setting next_dagrun for example_sensor_decorator to None, run_after=None
[2024-10-03T07:09:23.976+0000] {processor.py:208} INFO - Processing /home/airflow/.local/lib/python3.12/site-packages/airflow/example_dags/example_sensor_decorator.py took 0.138 seconds
[2024-10-03T07:09:55.008+0000] {processor.py:186} INFO - Started process (PID=1874) to work on /home/airflow/.local/lib/python3.12/site-packages/airflow/example_dags/example_sensor_decorator.py
[2024-10-03T07:09:55.010+0000] {processor.py:914} INFO - Processing file /home/airflow/.local/lib/python3.12/site-packages/airflow/example_dags/example_sensor_decorator.py for tasks to queue
[2024-10-03T07:09:55.012+0000] {logging_mixin.py:190} INFO - [2024-10-03T07:09:55.012+0000] {dagbag.py:588} INFO - Filling up the DagBag from /home/airflow/.local/lib/python3.12/site-packages/airflow/example_dags/example_sensor_decorator.py
[2024-10-03T07:09:55.022+0000] {processor.py:925} INFO - DAG(s) 'example_sensor_decorator' retrieved from /home/airflow/.local/lib/python3.12/site-packages/airflow/example_dags/example_sensor_decorator.py
[2024-10-03T07:09:55.046+0000] {logging_mixin.py:190} INFO - [2024-10-03T07:09:55.046+0000] {dag.py:3239} INFO - Sync 1 DAGs
[2024-10-03T07:09:55.063+0000] {logging_mixin.py:190} INFO - [2024-10-03T07:09:55.063+0000] {dag.py:4180} INFO - Setting next_dagrun for example_sensor_decorator to None, run_after=None
[2024-10-03T07:09:55.091+0000] {processor.py:208} INFO - Processing /home/airflow/.local/lib/python3.12/site-packages/airflow/example_dags/example_sensor_decorator.py took 0.089 seconds
[2024-10-03T07:10:25.430+0000] {processor.py:186} INFO - Started process (PID=1937) to work on /home/airflow/.local/lib/python3.12/site-packages/airflow/example_dags/example_sensor_decorator.py
[2024-10-03T07:10:25.432+0000] {processor.py:914} INFO - Processing file /home/airflow/.local/lib/python3.12/site-packages/airflow/example_dags/example_sensor_decorator.py for tasks to queue
[2024-10-03T07:10:25.435+0000] {logging_mixin.py:190} INFO - [2024-10-03T07:10:25.434+0000] {dagbag.py:588} INFO - Filling up the DagBag from /home/airflow/.local/lib/python3.12/site-packages/airflow/example_dags/example_sensor_decorator.py
[2024-10-03T07:10:25.450+0000] {processor.py:925} INFO - DAG(s) 'example_sensor_decorator' retrieved from /home/airflow/.local/lib/python3.12/site-packages/airflow/example_dags/example_sensor_decorator.py
[2024-10-03T07:10:25.483+0000] {logging_mixin.py:190} INFO - [2024-10-03T07:10:25.482+0000] {dag.py:3239} INFO - Sync 1 DAGs
[2024-10-03T07:10:25.501+0000] {logging_mixin.py:190} INFO - [2024-10-03T07:10:25.501+0000] {dag.py:4180} INFO - Setting next_dagrun for example_sensor_decorator to None, run_after=None
[2024-10-03T07:10:25.535+0000] {processor.py:208} INFO - Processing /home/airflow/.local/lib/python3.12/site-packages/airflow/example_dags/example_sensor_decorator.py took 0.113 seconds
[2024-10-03T07:10:55.628+0000] {processor.py:186} INFO - Started process (PID=2000) to work on /home/airflow/.local/lib/python3.12/site-packages/airflow/example_dags/example_sensor_decorator.py
[2024-10-03T07:10:55.630+0000] {processor.py:914} INFO - Processing file /home/airflow/.local/lib/python3.12/site-packages/airflow/example_dags/example_sensor_decorator.py for tasks to queue
[2024-10-03T07:10:55.632+0000] {logging_mixin.py:190} INFO - [2024-10-03T07:10:55.632+0000] {dagbag.py:588} INFO - Filling up the DagBag from /home/airflow/.local/lib/python3.12/site-packages/airflow/example_dags/example_sensor_decorator.py
[2024-10-03T07:10:55.640+0000] {processor.py:925} INFO - DAG(s) 'example_sensor_decorator' retrieved from /home/airflow/.local/lib/python3.12/site-packages/airflow/example_dags/example_sensor_decorator.py
[2024-10-03T07:10:55.663+0000] {logging_mixin.py:190} INFO - [2024-10-03T07:10:55.662+0000] {dag.py:3239} INFO - Sync 1 DAGs
[2024-10-03T07:10:55.679+0000] {logging_mixin.py:190} INFO - [2024-10-03T07:10:55.679+0000] {dag.py:4180} INFO - Setting next_dagrun for example_sensor_decorator to None, run_after=None
[2024-10-03T07:10:55.704+0000] {processor.py:208} INFO - Processing /home/airflow/.local/lib/python3.12/site-packages/airflow/example_dags/example_sensor_decorator.py took 0.083 seconds
[2024-10-03T07:11:26.046+0000] {processor.py:186} INFO - Started process (PID=2063) to work on /home/airflow/.local/lib/python3.12/site-packages/airflow/example_dags/example_sensor_decorator.py
[2024-10-03T07:11:26.048+0000] {processor.py:914} INFO - Processing file /home/airflow/.local/lib/python3.12/site-packages/airflow/example_dags/example_sensor_decorator.py for tasks to queue
[2024-10-03T07:11:26.050+0000] {logging_mixin.py:190} INFO - [2024-10-03T07:11:26.050+0000] {dagbag.py:588} INFO - Filling up the DagBag from /home/airflow/.local/lib/python3.12/site-packages/airflow/example_dags/example_sensor_decorator.py
[2024-10-03T07:11:26.059+0000] {processor.py:925} INFO - DAG(s) 'example_sensor_decorator' retrieved from /home/airflow/.local/lib/python3.12/site-packages/airflow/example_dags/example_sensor_decorator.py
[2024-10-03T07:11:26.083+0000] {logging_mixin.py:190} INFO - [2024-10-03T07:11:26.083+0000] {dag.py:3239} INFO - Sync 1 DAGs
[2024-10-03T07:11:26.099+0000] {logging_mixin.py:190} INFO - [2024-10-03T07:11:26.099+0000] {dag.py:4180} INFO - Setting next_dagrun for example_sensor_decorator to None, run_after=None
[2024-10-03T07:11:26.126+0000] {processor.py:208} INFO - Processing /home/airflow/.local/lib/python3.12/site-packages/airflow/example_dags/example_sensor_decorator.py took 0.087 seconds
[2024-10-03T07:11:57.146+0000] {processor.py:186} INFO - Started process (PID=2126) to work on /home/airflow/.local/lib/python3.12/site-packages/airflow/example_dags/example_sensor_decorator.py
[2024-10-03T07:11:57.148+0000] {processor.py:914} INFO - Processing file /home/airflow/.local/lib/python3.12/site-packages/airflow/example_dags/example_sensor_decorator.py for tasks to queue
[2024-10-03T07:11:57.150+0000] {logging_mixin.py:190} INFO - [2024-10-03T07:11:57.149+0000] {dagbag.py:588} INFO - Filling up the DagBag from /home/airflow/.local/lib/python3.12/site-packages/airflow/example_dags/example_sensor_decorator.py
[2024-10-03T07:11:57.161+0000] {processor.py:925} INFO - DAG(s) 'example_sensor_decorator' retrieved from /home/airflow/.local/lib/python3.12/site-packages/airflow/example_dags/example_sensor_decorator.py
[2024-10-03T07:11:57.186+0000] {logging_mixin.py:190} INFO - [2024-10-03T07:11:57.186+0000] {dag.py:3239} INFO - Sync 1 DAGs
[2024-10-03T07:11:57.207+0000] {logging_mixin.py:190} INFO - [2024-10-03T07:11:57.207+0000] {dag.py:4180} INFO - Setting next_dagrun for example_sensor_decorator to None, run_after=None
[2024-10-03T07:11:57.236+0000] {processor.py:208} INFO - Processing /home/airflow/.local/lib/python3.12/site-packages/airflow/example_dags/example_sensor_decorator.py took 0.098 seconds
[2024-10-03T07:12:27.765+0000] {processor.py:186} INFO - Started process (PID=2189) to work on /home/airflow/.local/lib/python3.12/site-packages/airflow/example_dags/example_sensor_decorator.py
[2024-10-03T07:12:27.767+0000] {processor.py:914} INFO - Processing file /home/airflow/.local/lib/python3.12/site-packages/airflow/example_dags/example_sensor_decorator.py for tasks to queue
[2024-10-03T07:12:27.768+0000] {logging_mixin.py:190} INFO - [2024-10-03T07:12:27.768+0000] {dagbag.py:588} INFO - Filling up the DagBag from /home/airflow/.local/lib/python3.12/site-packages/airflow/example_dags/example_sensor_decorator.py
[2024-10-03T07:12:27.777+0000] {processor.py:925} INFO - DAG(s) 'example_sensor_decorator' retrieved from /home/airflow/.local/lib/python3.12/site-packages/airflow/example_dags/example_sensor_decorator.py
[2024-10-03T07:12:27.801+0000] {logging_mixin.py:190} INFO - [2024-10-03T07:12:27.800+0000] {dag.py:3239} INFO - Sync 1 DAGs
[2024-10-03T07:12:27.817+0000] {logging_mixin.py:190} INFO - [2024-10-03T07:12:27.817+0000] {dag.py:4180} INFO - Setting next_dagrun for example_sensor_decorator to None, run_after=None
[2024-10-03T07:12:27.842+0000] {processor.py:208} INFO - Processing /home/airflow/.local/lib/python3.12/site-packages/airflow/example_dags/example_sensor_decorator.py took 0.083 seconds
[2024-10-03T07:12:59.426+0000] {processor.py:186} INFO - Started process (PID=2252) to work on /home/airflow/.local/lib/python3.12/site-packages/airflow/example_dags/example_sensor_decorator.py
[2024-10-03T07:12:59.428+0000] {processor.py:914} INFO - Processing file /home/airflow/.local/lib/python3.12/site-packages/airflow/example_dags/example_sensor_decorator.py for tasks to queue
[2024-10-03T07:12:59.430+0000] {logging_mixin.py:190} INFO - [2024-10-03T07:12:59.430+0000] {dagbag.py:588} INFO - Filling up the DagBag from /home/airflow/.local/lib/python3.12/site-packages/airflow/example_dags/example_sensor_decorator.py
[2024-10-03T07:12:59.442+0000] {processor.py:925} INFO - DAG(s) 'example_sensor_decorator' retrieved from /home/airflow/.local/lib/python3.12/site-packages/airflow/example_dags/example_sensor_decorator.py
[2024-10-03T07:12:59.477+0000] {logging_mixin.py:190} INFO - [2024-10-03T07:12:59.476+0000] {dag.py:3239} INFO - Sync 1 DAGs
[2024-10-03T07:12:59.502+0000] {logging_mixin.py:190} INFO - [2024-10-03T07:12:59.502+0000] {dag.py:4180} INFO - Setting next_dagrun for example_sensor_decorator to None, run_after=None
[2024-10-03T07:12:59.548+0000] {processor.py:208} INFO - Processing /home/airflow/.local/lib/python3.12/site-packages/airflow/example_dags/example_sensor_decorator.py took 0.130 seconds
[2024-10-03T07:13:29.901+0000] {processor.py:186} INFO - Started process (PID=2315) to work on /home/airflow/.local/lib/python3.12/site-packages/airflow/example_dags/example_sensor_decorator.py
[2024-10-03T07:13:29.902+0000] {processor.py:914} INFO - Processing file /home/airflow/.local/lib/python3.12/site-packages/airflow/example_dags/example_sensor_decorator.py for tasks to queue
[2024-10-03T07:13:29.904+0000] {logging_mixin.py:190} INFO - [2024-10-03T07:13:29.903+0000] {dagbag.py:588} INFO - Filling up the DagBag from /home/airflow/.local/lib/python3.12/site-packages/airflow/example_dags/example_sensor_decorator.py
[2024-10-03T07:13:29.914+0000] {processor.py:925} INFO - DAG(s) 'example_sensor_decorator' retrieved from /home/airflow/.local/lib/python3.12/site-packages/airflow/example_dags/example_sensor_decorator.py
[2024-10-03T07:13:29.939+0000] {logging_mixin.py:190} INFO - [2024-10-03T07:13:29.938+0000] {dag.py:3239} INFO - Sync 1 DAGs
[2024-10-03T07:13:29.958+0000] {logging_mixin.py:190} INFO - [2024-10-03T07:13:29.957+0000] {dag.py:4180} INFO - Setting next_dagrun for example_sensor_decorator to None, run_after=None
[2024-10-03T07:13:29.983+0000] {processor.py:208} INFO - Processing /home/airflow/.local/lib/python3.12/site-packages/airflow/example_dags/example_sensor_decorator.py took 0.091 seconds
[2024-10-03T07:14:02.816+0000] {processor.py:186} INFO - Started process (PID=2378) to work on /home/airflow/.local/lib/python3.12/site-packages/airflow/example_dags/example_sensor_decorator.py
[2024-10-03T07:14:02.821+0000] {processor.py:914} INFO - Processing file /home/airflow/.local/lib/python3.12/site-packages/airflow/example_dags/example_sensor_decorator.py for tasks to queue
[2024-10-03T07:14:02.823+0000] {logging_mixin.py:190} INFO - [2024-10-03T07:14:02.823+0000] {dagbag.py:588} INFO - Filling up the DagBag from /home/airflow/.local/lib/python3.12/site-packages/airflow/example_dags/example_sensor_decorator.py
[2024-10-03T07:14:02.840+0000] {processor.py:925} INFO - DAG(s) 'example_sensor_decorator' retrieved from /home/airflow/.local/lib/python3.12/site-packages/airflow/example_dags/example_sensor_decorator.py
[2024-10-03T07:14:02.875+0000] {logging_mixin.py:190} INFO - [2024-10-03T07:14:02.875+0000] {dag.py:3239} INFO - Sync 1 DAGs
[2024-10-03T07:14:02.941+0000] {logging_mixin.py:190} INFO - [2024-10-03T07:14:02.941+0000] {dag.py:4180} INFO - Setting next_dagrun for example_sensor_decorator to None, run_after=None
[2024-10-03T07:14:02.974+0000] {processor.py:208} INFO - Processing /home/airflow/.local/lib/python3.12/site-packages/airflow/example_dags/example_sensor_decorator.py took 0.170 seconds
[2024-10-03T07:14:33.334+0000] {processor.py:186} INFO - Started process (PID=2441) to work on /home/airflow/.local/lib/python3.12/site-packages/airflow/example_dags/example_sensor_decorator.py
[2024-10-03T07:14:33.336+0000] {processor.py:914} INFO - Processing file /home/airflow/.local/lib/python3.12/site-packages/airflow/example_dags/example_sensor_decorator.py for tasks to queue
[2024-10-03T07:14:33.338+0000] {logging_mixin.py:190} INFO - [2024-10-03T07:14:33.338+0000] {dagbag.py:588} INFO - Filling up the DagBag from /home/airflow/.local/lib/python3.12/site-packages/airflow/example_dags/example_sensor_decorator.py
[2024-10-03T07:14:33.349+0000] {processor.py:925} INFO - DAG(s) 'example_sensor_decorator' retrieved from /home/airflow/.local/lib/python3.12/site-packages/airflow/example_dags/example_sensor_decorator.py
[2024-10-03T07:14:33.377+0000] {logging_mixin.py:190} INFO - [2024-10-03T07:14:33.376+0000] {dag.py:3239} INFO - Sync 1 DAGs
[2024-10-03T07:14:33.395+0000] {logging_mixin.py:190} INFO - [2024-10-03T07:14:33.395+0000] {dag.py:4180} INFO - Setting next_dagrun for example_sensor_decorator to None, run_after=None
[2024-10-03T07:14:33.427+0000] {processor.py:208} INFO - Processing /home/airflow/.local/lib/python3.12/site-packages/airflow/example_dags/example_sensor_decorator.py took 0.101 seconds
[2024-10-03T07:15:03.808+0000] {processor.py:186} INFO - Started process (PID=2504) to work on /home/airflow/.local/lib/python3.12/site-packages/airflow/example_dags/example_sensor_decorator.py
[2024-10-03T07:15:03.809+0000] {processor.py:914} INFO - Processing file /home/airflow/.local/lib/python3.12/site-packages/airflow/example_dags/example_sensor_decorator.py for tasks to queue
[2024-10-03T07:15:03.811+0000] {logging_mixin.py:190} INFO - [2024-10-03T07:15:03.811+0000] {dagbag.py:588} INFO - Filling up the DagBag from /home/airflow/.local/lib/python3.12/site-packages/airflow/example_dags/example_sensor_decorator.py
[2024-10-03T07:15:03.820+0000] {processor.py:925} INFO - DAG(s) 'example_sensor_decorator' retrieved from /home/airflow/.local/lib/python3.12/site-packages/airflow/example_dags/example_sensor_decorator.py
[2024-10-03T07:15:03.847+0000] {logging_mixin.py:190} INFO - [2024-10-03T07:15:03.847+0000] {dag.py:3239} INFO - Sync 1 DAGs
[2024-10-03T07:15:03.865+0000] {logging_mixin.py:190} INFO - [2024-10-03T07:15:03.865+0000] {dag.py:4180} INFO - Setting next_dagrun for example_sensor_decorator to None, run_after=None
[2024-10-03T07:15:03.893+0000] {processor.py:208} INFO - Processing /home/airflow/.local/lib/python3.12/site-packages/airflow/example_dags/example_sensor_decorator.py took 0.091 seconds
[2024-10-03T07:15:34.457+0000] {processor.py:186} INFO - Started process (PID=2567) to work on /home/airflow/.local/lib/python3.12/site-packages/airflow/example_dags/example_sensor_decorator.py
[2024-10-03T07:15:34.459+0000] {processor.py:914} INFO - Processing file /home/airflow/.local/lib/python3.12/site-packages/airflow/example_dags/example_sensor_decorator.py for tasks to queue
[2024-10-03T07:15:34.460+0000] {logging_mixin.py:190} INFO - [2024-10-03T07:15:34.460+0000] {dagbag.py:588} INFO - Filling up the DagBag from /home/airflow/.local/lib/python3.12/site-packages/airflow/example_dags/example_sensor_decorator.py
[2024-10-03T07:15:34.469+0000] {processor.py:925} INFO - DAG(s) 'example_sensor_decorator' retrieved from /home/airflow/.local/lib/python3.12/site-packages/airflow/example_dags/example_sensor_decorator.py
[2024-10-03T07:15:34.493+0000] {logging_mixin.py:190} INFO - [2024-10-03T07:15:34.493+0000] {dag.py:3239} INFO - Sync 1 DAGs
[2024-10-03T07:15:34.511+0000] {logging_mixin.py:190} INFO - [2024-10-03T07:15:34.511+0000] {dag.py:4180} INFO - Setting next_dagrun for example_sensor_decorator to None, run_after=None
[2024-10-03T07:15:34.539+0000] {processor.py:208} INFO - Processing /home/airflow/.local/lib/python3.12/site-packages/airflow/example_dags/example_sensor_decorator.py took 0.088 seconds
[2024-10-03T07:16:05.229+0000] {processor.py:186} INFO - Started process (PID=2630) to work on /home/airflow/.local/lib/python3.12/site-packages/airflow/example_dags/example_sensor_decorator.py
[2024-10-03T07:16:05.230+0000] {processor.py:914} INFO - Processing file /home/airflow/.local/lib/python3.12/site-packages/airflow/example_dags/example_sensor_decorator.py for tasks to queue
[2024-10-03T07:16:05.231+0000] {logging_mixin.py:190} INFO - [2024-10-03T07:16:05.231+0000] {dagbag.py:588} INFO - Filling up the DagBag from /home/airflow/.local/lib/python3.12/site-packages/airflow/example_dags/example_sensor_decorator.py
[2024-10-03T07:16:05.240+0000] {processor.py:925} INFO - DAG(s) 'example_sensor_decorator' retrieved from /home/airflow/.local/lib/python3.12/site-packages/airflow/example_dags/example_sensor_decorator.py
[2024-10-03T07:16:05.264+0000] {logging_mixin.py:190} INFO - [2024-10-03T07:16:05.264+0000] {dag.py:3239} INFO - Sync 1 DAGs
[2024-10-03T07:16:05.280+0000] {logging_mixin.py:190} INFO - [2024-10-03T07:16:05.280+0000] {dag.py:4180} INFO - Setting next_dagrun for example_sensor_decorator to None, run_after=None
[2024-10-03T07:16:05.311+0000] {processor.py:208} INFO - Processing /home/airflow/.local/lib/python3.12/site-packages/airflow/example_dags/example_sensor_decorator.py took 0.089 seconds
[2024-10-03T07:16:36.604+0000] {processor.py:186} INFO - Started process (PID=2693) to work on /home/airflow/.local/lib/python3.12/site-packages/airflow/example_dags/example_sensor_decorator.py
[2024-10-03T07:16:36.606+0000] {processor.py:914} INFO - Processing file /home/airflow/.local/lib/python3.12/site-packages/airflow/example_dags/example_sensor_decorator.py for tasks to queue
[2024-10-03T07:16:36.609+0000] {logging_mixin.py:190} INFO - [2024-10-03T07:16:36.608+0000] {dagbag.py:588} INFO - Filling up the DagBag from /home/airflow/.local/lib/python3.12/site-packages/airflow/example_dags/example_sensor_decorator.py
[2024-10-03T07:16:36.622+0000] {processor.py:925} INFO - DAG(s) 'example_sensor_decorator' retrieved from /home/airflow/.local/lib/python3.12/site-packages/airflow/example_dags/example_sensor_decorator.py
[2024-10-03T07:16:36.675+0000] {logging_mixin.py:190} INFO - [2024-10-03T07:16:36.674+0000] {dag.py:3239} INFO - Sync 1 DAGs
[2024-10-03T07:16:36.705+0000] {logging_mixin.py:190} INFO - [2024-10-03T07:16:36.704+0000] {dag.py:4180} INFO - Setting next_dagrun for example_sensor_decorator to None, run_after=None
[2024-10-03T07:16:36.760+0000] {processor.py:208} INFO - Processing /home/airflow/.local/lib/python3.12/site-packages/airflow/example_dags/example_sensor_decorator.py took 0.163 seconds
[2024-10-03T07:17:07.680+0000] {processor.py:186} INFO - Started process (PID=2756) to work on /home/airflow/.local/lib/python3.12/site-packages/airflow/example_dags/example_sensor_decorator.py
[2024-10-03T07:17:07.683+0000] {processor.py:914} INFO - Processing file /home/airflow/.local/lib/python3.12/site-packages/airflow/example_dags/example_sensor_decorator.py for tasks to queue
[2024-10-03T07:17:07.685+0000] {logging_mixin.py:190} INFO - [2024-10-03T07:17:07.684+0000] {dagbag.py:588} INFO - Filling up the DagBag from /home/airflow/.local/lib/python3.12/site-packages/airflow/example_dags/example_sensor_decorator.py
[2024-10-03T07:17:07.694+0000] {processor.py:925} INFO - DAG(s) 'example_sensor_decorator' retrieved from /home/airflow/.local/lib/python3.12/site-packages/airflow/example_dags/example_sensor_decorator.py
[2024-10-03T07:17:07.717+0000] {logging_mixin.py:190} INFO - [2024-10-03T07:17:07.717+0000] {dag.py:3239} INFO - Sync 1 DAGs
[2024-10-03T07:17:07.734+0000] {logging_mixin.py:190} INFO - [2024-10-03T07:17:07.733+0000] {dag.py:4180} INFO - Setting next_dagrun for example_sensor_decorator to None, run_after=None
[2024-10-03T07:17:07.762+0000] {processor.py:208} INFO - Processing /home/airflow/.local/lib/python3.12/site-packages/airflow/example_dags/example_sensor_decorator.py took 0.088 seconds
[2024-10-03T07:17:38.477+0000] {processor.py:186} INFO - Started process (PID=2819) to work on /home/airflow/.local/lib/python3.12/site-packages/airflow/example_dags/example_sensor_decorator.py
[2024-10-03T07:17:38.478+0000] {processor.py:914} INFO - Processing file /home/airflow/.local/lib/python3.12/site-packages/airflow/example_dags/example_sensor_decorator.py for tasks to queue
[2024-10-03T07:17:38.480+0000] {logging_mixin.py:190} INFO - [2024-10-03T07:17:38.479+0000] {dagbag.py:588} INFO - Filling up the DagBag from /home/airflow/.local/lib/python3.12/site-packages/airflow/example_dags/example_sensor_decorator.py
[2024-10-03T07:17:38.488+0000] {processor.py:925} INFO - DAG(s) 'example_sensor_decorator' retrieved from /home/airflow/.local/lib/python3.12/site-packages/airflow/example_dags/example_sensor_decorator.py
[2024-10-03T07:17:38.512+0000] {logging_mixin.py:190} INFO - [2024-10-03T07:17:38.512+0000] {dag.py:3239} INFO - Sync 1 DAGs
[2024-10-03T07:17:38.530+0000] {logging_mixin.py:190} INFO - [2024-10-03T07:17:38.530+0000] {dag.py:4180} INFO - Setting next_dagrun for example_sensor_decorator to None, run_after=None
[2024-10-03T07:17:38.559+0000] {processor.py:208} INFO - Processing /home/airflow/.local/lib/python3.12/site-packages/airflow/example_dags/example_sensor_decorator.py took 0.088 seconds
[2024-10-03T07:18:09.188+0000] {processor.py:186} INFO - Started process (PID=2882) to work on /home/airflow/.local/lib/python3.12/site-packages/airflow/example_dags/example_sensor_decorator.py
[2024-10-03T07:18:09.190+0000] {processor.py:914} INFO - Processing file /home/airflow/.local/lib/python3.12/site-packages/airflow/example_dags/example_sensor_decorator.py for tasks to queue
[2024-10-03T07:18:09.191+0000] {logging_mixin.py:190} INFO - [2024-10-03T07:18:09.191+0000] {dagbag.py:588} INFO - Filling up the DagBag from /home/airflow/.local/lib/python3.12/site-packages/airflow/example_dags/example_sensor_decorator.py
[2024-10-03T07:18:09.202+0000] {processor.py:925} INFO - DAG(s) 'example_sensor_decorator' retrieved from /home/airflow/.local/lib/python3.12/site-packages/airflow/example_dags/example_sensor_decorator.py
[2024-10-03T07:18:09.226+0000] {logging_mixin.py:190} INFO - [2024-10-03T07:18:09.226+0000] {dag.py:3239} INFO - Sync 1 DAGs
[2024-10-03T07:18:09.243+0000] {logging_mixin.py:190} INFO - [2024-10-03T07:18:09.243+0000] {dag.py:4180} INFO - Setting next_dagrun for example_sensor_decorator to None, run_after=None
[2024-10-03T07:18:09.271+0000] {processor.py:208} INFO - Processing /home/airflow/.local/lib/python3.12/site-packages/airflow/example_dags/example_sensor_decorator.py took 0.089 seconds
[2024-10-03T07:18:40.069+0000] {processor.py:186} INFO - Started process (PID=2945) to work on /home/airflow/.local/lib/python3.12/site-packages/airflow/example_dags/example_sensor_decorator.py
[2024-10-03T07:18:40.070+0000] {processor.py:914} INFO - Processing file /home/airflow/.local/lib/python3.12/site-packages/airflow/example_dags/example_sensor_decorator.py for tasks to queue
[2024-10-03T07:18:40.072+0000] {logging_mixin.py:190} INFO - [2024-10-03T07:18:40.072+0000] {dagbag.py:588} INFO - Filling up the DagBag from /home/airflow/.local/lib/python3.12/site-packages/airflow/example_dags/example_sensor_decorator.py
[2024-10-03T07:18:40.081+0000] {processor.py:925} INFO - DAG(s) 'example_sensor_decorator' retrieved from /home/airflow/.local/lib/python3.12/site-packages/airflow/example_dags/example_sensor_decorator.py
[2024-10-03T07:18:40.105+0000] {logging_mixin.py:190} INFO - [2024-10-03T07:18:40.105+0000] {dag.py:3239} INFO - Sync 1 DAGs
[2024-10-03T07:18:40.123+0000] {logging_mixin.py:190} INFO - [2024-10-03T07:18:40.122+0000] {dag.py:4180} INFO - Setting next_dagrun for example_sensor_decorator to None, run_after=None
[2024-10-03T07:18:40.148+0000] {processor.py:208} INFO - Processing /home/airflow/.local/lib/python3.12/site-packages/airflow/example_dags/example_sensor_decorator.py took 0.085 seconds
