[2024-10-03T06:33:49.672+0000] {processor.py:157} INFO - Started process (PID=103) to work on /home/airflow/.local/lib/python3.8/site-packages/airflow/example_dags/example_bash_operator.py
[2024-10-03T06:33:49.679+0000] {processor.py:829} INFO - Processing file /home/airflow/.local/lib/python3.8/site-packages/airflow/example_dags/example_bash_operator.py for tasks to queue
[2024-10-03T06:33:54.650+0000] {logging_mixin.py:151} INFO - [2024-10-03T06:33:54.649+0000] {dagbag.py:539} INFO - Filling up the DagBag from /home/airflow/.local/lib/python3.8/site-packages/airflow/example_dags/example_bash_operator.py
[2024-10-03T06:33:55.224+0000] {processor.py:839} INFO - DAG(s) dict_keys(['example_bash_operator']) retrieved from /home/airflow/.local/lib/python3.8/site-packages/airflow/example_dags/example_bash_operator.py
[2024-10-03T06:33:55.837+0000] {logging_mixin.py:151} INFO - [2024-10-03T06:33:55.837+0000] {manager.py:501} INFO - Created Permission View: can delete on DAG:example_bash_operator
[2024-10-03T06:33:55.878+0000] {logging_mixin.py:151} INFO - [2024-10-03T06:33:55.876+0000] {manager.py:501} INFO - Created Permission View: can read on DAG:example_bash_operator
[2024-10-03T06:33:55.903+0000] {logging_mixin.py:151} INFO - [2024-10-03T06:33:55.903+0000] {manager.py:501} INFO - Created Permission View: can edit on DAG:example_bash_operator
[2024-10-03T06:33:55.949+0000] {logging_mixin.py:151} INFO - [2024-10-03T06:33:55.949+0000] {dag.py:2907} INFO - Sync 1 DAGs
[2024-10-03T06:33:55.973+0000] {logging_mixin.py:151} INFO - [2024-10-03T06:33:55.972+0000] {dag.py:2929} INFO - Creating ORM DAG for example_bash_operator
[2024-10-03T06:33:56.018+0000] {logging_mixin.py:151} INFO - [2024-10-03T06:33:56.017+0000] {dag.py:3677} INFO - Setting next_dagrun for example_bash_operator to 2024-10-02T00:00:00+00:00, run_after=2024-10-03T00:00:00+00:00
[2024-10-03T06:33:56.113+0000] {processor.py:179} INFO - Processing /home/airflow/.local/lib/python3.8/site-packages/airflow/example_dags/example_bash_operator.py took 6.482 seconds
[2024-10-03T06:34:26.233+0000] {processor.py:157} INFO - Started process (PID=161) to work on /home/airflow/.local/lib/python3.8/site-packages/airflow/example_dags/example_bash_operator.py
[2024-10-03T06:34:26.235+0000] {processor.py:829} INFO - Processing file /home/airflow/.local/lib/python3.8/site-packages/airflow/example_dags/example_bash_operator.py for tasks to queue
[2024-10-03T06:34:26.241+0000] {logging_mixin.py:151} INFO - [2024-10-03T06:34:26.240+0000] {dagbag.py:539} INFO - Filling up the DagBag from /home/airflow/.local/lib/python3.8/site-packages/airflow/example_dags/example_bash_operator.py
[2024-10-03T06:34:26.260+0000] {processor.py:839} INFO - DAG(s) dict_keys(['example_bash_operator']) retrieved from /home/airflow/.local/lib/python3.8/site-packages/airflow/example_dags/example_bash_operator.py
[2024-10-03T06:34:26.326+0000] {logging_mixin.py:151} INFO - [2024-10-03T06:34:26.325+0000] {dag.py:2907} INFO - Sync 1 DAGs
[2024-10-03T06:34:26.378+0000] {logging_mixin.py:151} INFO - [2024-10-03T06:34:26.377+0000] {dag.py:3677} INFO - Setting next_dagrun for example_bash_operator to 2024-10-02T00:00:00+00:00, run_after=2024-10-03T00:00:00+00:00
[2024-10-03T06:34:26.424+0000] {processor.py:179} INFO - Processing /home/airflow/.local/lib/python3.8/site-packages/airflow/example_dags/example_bash_operator.py took 0.196 seconds
[2024-10-03T06:34:57.468+0000] {processor.py:157} INFO - Started process (PID=219) to work on /home/airflow/.local/lib/python3.8/site-packages/airflow/example_dags/example_bash_operator.py
[2024-10-03T06:34:57.471+0000] {processor.py:829} INFO - Processing file /home/airflow/.local/lib/python3.8/site-packages/airflow/example_dags/example_bash_operator.py for tasks to queue
[2024-10-03T06:34:57.478+0000] {logging_mixin.py:151} INFO - [2024-10-03T06:34:57.477+0000] {dagbag.py:539} INFO - Filling up the DagBag from /home/airflow/.local/lib/python3.8/site-packages/airflow/example_dags/example_bash_operator.py
[2024-10-03T06:34:57.505+0000] {processor.py:839} INFO - DAG(s) dict_keys(['example_bash_operator']) retrieved from /home/airflow/.local/lib/python3.8/site-packages/airflow/example_dags/example_bash_operator.py
[2024-10-03T06:34:57.571+0000] {logging_mixin.py:151} INFO - [2024-10-03T06:34:57.570+0000] {dag.py:2907} INFO - Sync 1 DAGs
[2024-10-03T06:34:57.624+0000] {logging_mixin.py:151} INFO - [2024-10-03T06:34:57.623+0000] {dag.py:3677} INFO - Setting next_dagrun for example_bash_operator to 2024-10-02T00:00:00+00:00, run_after=2024-10-03T00:00:00+00:00
[2024-10-03T06:34:57.679+0000] {processor.py:179} INFO - Processing /home/airflow/.local/lib/python3.8/site-packages/airflow/example_dags/example_bash_operator.py took 0.217 seconds
[2024-10-03T06:35:28.379+0000] {processor.py:157} INFO - Started process (PID=284) to work on /home/airflow/.local/lib/python3.8/site-packages/airflow/example_dags/example_bash_operator.py
[2024-10-03T06:35:28.382+0000] {processor.py:829} INFO - Processing file /home/airflow/.local/lib/python3.8/site-packages/airflow/example_dags/example_bash_operator.py for tasks to queue
[2024-10-03T06:35:28.389+0000] {logging_mixin.py:151} INFO - [2024-10-03T06:35:28.388+0000] {dagbag.py:539} INFO - Filling up the DagBag from /home/airflow/.local/lib/python3.8/site-packages/airflow/example_dags/example_bash_operator.py
[2024-10-03T06:35:28.413+0000] {processor.py:839} INFO - DAG(s) dict_keys(['example_bash_operator']) retrieved from /home/airflow/.local/lib/python3.8/site-packages/airflow/example_dags/example_bash_operator.py
[2024-10-03T06:35:28.480+0000] {logging_mixin.py:151} INFO - [2024-10-03T06:35:28.480+0000] {dag.py:2907} INFO - Sync 1 DAGs
[2024-10-03T06:35:28.536+0000] {logging_mixin.py:151} INFO - [2024-10-03T06:35:28.535+0000] {dag.py:3677} INFO - Setting next_dagrun for example_bash_operator to 2024-10-02T00:00:00+00:00, run_after=2024-10-03T00:00:00+00:00
[2024-10-03T06:35:28.584+0000] {processor.py:179} INFO - Processing /home/airflow/.local/lib/python3.8/site-packages/airflow/example_dags/example_bash_operator.py took 0.210 seconds
[2024-10-03T06:35:59.666+0000] {processor.py:157} INFO - Started process (PID=343) to work on /home/airflow/.local/lib/python3.8/site-packages/airflow/example_dags/example_bash_operator.py
[2024-10-03T06:35:59.669+0000] {processor.py:829} INFO - Processing file /home/airflow/.local/lib/python3.8/site-packages/airflow/example_dags/example_bash_operator.py for tasks to queue
[2024-10-03T06:35:59.673+0000] {logging_mixin.py:151} INFO - [2024-10-03T06:35:59.672+0000] {dagbag.py:539} INFO - Filling up the DagBag from /home/airflow/.local/lib/python3.8/site-packages/airflow/example_dags/example_bash_operator.py
[2024-10-03T06:35:59.697+0000] {processor.py:839} INFO - DAG(s) dict_keys(['example_bash_operator']) retrieved from /home/airflow/.local/lib/python3.8/site-packages/airflow/example_dags/example_bash_operator.py
[2024-10-03T06:35:59.768+0000] {logging_mixin.py:151} INFO - [2024-10-03T06:35:59.767+0000] {dag.py:2907} INFO - Sync 1 DAGs
[2024-10-03T06:35:59.819+0000] {logging_mixin.py:151} INFO - [2024-10-03T06:35:59.819+0000] {dag.py:3677} INFO - Setting next_dagrun for example_bash_operator to 2024-10-02T00:00:00+00:00, run_after=2024-10-03T00:00:00+00:00
[2024-10-03T06:35:59.864+0000] {processor.py:179} INFO - Processing /home/airflow/.local/lib/python3.8/site-packages/airflow/example_dags/example_bash_operator.py took 0.203 seconds
[2024-10-03T06:36:30.205+0000] {processor.py:157} INFO - Started process (PID=401) to work on /home/airflow/.local/lib/python3.8/site-packages/airflow/example_dags/example_bash_operator.py
[2024-10-03T06:36:30.210+0000] {processor.py:829} INFO - Processing file /home/airflow/.local/lib/python3.8/site-packages/airflow/example_dags/example_bash_operator.py for tasks to queue
[2024-10-03T06:36:30.224+0000] {logging_mixin.py:151} INFO - [2024-10-03T06:36:30.222+0000] {dagbag.py:539} INFO - Filling up the DagBag from /home/airflow/.local/lib/python3.8/site-packages/airflow/example_dags/example_bash_operator.py
[2024-10-03T06:36:30.278+0000] {processor.py:839} INFO - DAG(s) dict_keys(['example_bash_operator']) retrieved from /home/airflow/.local/lib/python3.8/site-packages/airflow/example_dags/example_bash_operator.py
[2024-10-03T06:36:30.344+0000] {logging_mixin.py:151} INFO - [2024-10-03T06:36:30.344+0000] {dag.py:2907} INFO - Sync 1 DAGs
[2024-10-03T06:36:30.391+0000] {logging_mixin.py:151} INFO - [2024-10-03T06:36:30.391+0000] {dag.py:3677} INFO - Setting next_dagrun for example_bash_operator to 2024-10-02T00:00:00+00:00, run_after=2024-10-03T00:00:00+00:00
[2024-10-03T06:36:30.444+0000] {processor.py:179} INFO - Processing /home/airflow/.local/lib/python3.8/site-packages/airflow/example_dags/example_bash_operator.py took 0.261 seconds
[2024-10-03T06:41:14.330+0000] {processor.py:157} INFO - Started process (PID=96) to work on /home/airflow/.local/lib/python3.8/site-packages/airflow/example_dags/example_bash_operator.py
[2024-10-03T06:41:14.335+0000] {processor.py:829} INFO - Processing file /home/airflow/.local/lib/python3.8/site-packages/airflow/example_dags/example_bash_operator.py for tasks to queue
[2024-10-03T06:41:14.759+0000] {logging_mixin.py:151} INFO - [2024-10-03T06:41:14.759+0000] {dagbag.py:539} INFO - Filling up the DagBag from /home/airflow/.local/lib/python3.8/site-packages/airflow/example_dags/example_bash_operator.py
[2024-10-03T06:41:14.788+0000] {processor.py:839} INFO - DAG(s) dict_keys(['example_bash_operator']) retrieved from /home/airflow/.local/lib/python3.8/site-packages/airflow/example_dags/example_bash_operator.py
[2024-10-03T06:41:14.898+0000] {logging_mixin.py:151} INFO - [2024-10-03T06:41:14.897+0000] {dag.py:2907} INFO - Sync 1 DAGs
[2024-10-03T06:41:14.965+0000] {logging_mixin.py:151} INFO - [2024-10-03T06:41:14.964+0000] {dag.py:3677} INFO - Setting next_dagrun for example_bash_operator to 2024-10-02T00:00:00+00:00, run_after=2024-10-03T00:00:00+00:00
[2024-10-03T06:41:15.024+0000] {processor.py:179} INFO - Processing /home/airflow/.local/lib/python3.8/site-packages/airflow/example_dags/example_bash_operator.py took 0.707 seconds
[2024-10-03T06:41:45.971+0000] {processor.py:157} INFO - Started process (PID=154) to work on /home/airflow/.local/lib/python3.8/site-packages/airflow/example_dags/example_bash_operator.py
[2024-10-03T06:41:45.974+0000] {processor.py:829} INFO - Processing file /home/airflow/.local/lib/python3.8/site-packages/airflow/example_dags/example_bash_operator.py for tasks to queue
[2024-10-03T06:41:45.980+0000] {logging_mixin.py:151} INFO - [2024-10-03T06:41:45.979+0000] {dagbag.py:539} INFO - Filling up the DagBag from /home/airflow/.local/lib/python3.8/site-packages/airflow/example_dags/example_bash_operator.py
[2024-10-03T06:41:46.009+0000] {processor.py:839} INFO - DAG(s) dict_keys(['example_bash_operator']) retrieved from /home/airflow/.local/lib/python3.8/site-packages/airflow/example_dags/example_bash_operator.py
[2024-10-03T06:41:46.112+0000] {logging_mixin.py:151} INFO - [2024-10-03T06:41:46.112+0000] {dag.py:2907} INFO - Sync 1 DAGs
[2024-10-03T06:41:46.216+0000] {logging_mixin.py:151} INFO - [2024-10-03T06:41:46.215+0000] {dag.py:3677} INFO - Setting next_dagrun for example_bash_operator to 2024-10-02T00:00:00+00:00, run_after=2024-10-03T00:00:00+00:00
[2024-10-03T06:41:46.303+0000] {processor.py:179} INFO - Processing /home/airflow/.local/lib/python3.8/site-packages/airflow/example_dags/example_bash_operator.py took 0.344 seconds
[2024-10-03T06:42:16.653+0000] {processor.py:157} INFO - Started process (PID=211) to work on /home/airflow/.local/lib/python3.8/site-packages/airflow/example_dags/example_bash_operator.py
[2024-10-03T06:42:16.655+0000] {processor.py:829} INFO - Processing file /home/airflow/.local/lib/python3.8/site-packages/airflow/example_dags/example_bash_operator.py for tasks to queue
[2024-10-03T06:42:16.659+0000] {logging_mixin.py:151} INFO - [2024-10-03T06:42:16.659+0000] {dagbag.py:539} INFO - Filling up the DagBag from /home/airflow/.local/lib/python3.8/site-packages/airflow/example_dags/example_bash_operator.py
[2024-10-03T06:42:16.681+0000] {processor.py:839} INFO - DAG(s) dict_keys(['example_bash_operator']) retrieved from /home/airflow/.local/lib/python3.8/site-packages/airflow/example_dags/example_bash_operator.py
[2024-10-03T06:42:16.732+0000] {logging_mixin.py:151} INFO - [2024-10-03T06:42:16.731+0000] {dag.py:2907} INFO - Sync 1 DAGs
[2024-10-03T06:42:16.769+0000] {logging_mixin.py:151} INFO - [2024-10-03T06:42:16.769+0000] {dag.py:3677} INFO - Setting next_dagrun for example_bash_operator to 2024-10-02T00:00:00+00:00, run_after=2024-10-03T00:00:00+00:00
[2024-10-03T06:42:16.808+0000] {processor.py:179} INFO - Processing /home/airflow/.local/lib/python3.8/site-packages/airflow/example_dags/example_bash_operator.py took 0.159 seconds
[2024-10-03T06:42:50.934+0000] {processor.py:157} INFO - Started process (PID=269) to work on /home/airflow/.local/lib/python3.8/site-packages/airflow/example_dags/example_bash_operator.py
[2024-10-03T06:42:50.938+0000] {processor.py:829} INFO - Processing file /home/airflow/.local/lib/python3.8/site-packages/airflow/example_dags/example_bash_operator.py for tasks to queue
[2024-10-03T06:42:50.944+0000] {logging_mixin.py:151} INFO - [2024-10-03T06:42:50.943+0000] {dagbag.py:539} INFO - Filling up the DagBag from /home/airflow/.local/lib/python3.8/site-packages/airflow/example_dags/example_bash_operator.py
[2024-10-03T06:42:50.986+0000] {processor.py:839} INFO - DAG(s) dict_keys(['example_bash_operator']) retrieved from /home/airflow/.local/lib/python3.8/site-packages/airflow/example_dags/example_bash_operator.py
[2024-10-03T06:42:51.100+0000] {logging_mixin.py:151} INFO - [2024-10-03T06:42:51.100+0000] {dag.py:2907} INFO - Sync 1 DAGs
[2024-10-03T06:42:51.228+0000] {logging_mixin.py:151} INFO - [2024-10-03T06:42:51.228+0000] {dag.py:3677} INFO - Setting next_dagrun for example_bash_operator to 2024-10-02T00:00:00+00:00, run_after=2024-10-03T00:00:00+00:00
[2024-10-03T06:42:51.399+0000] {processor.py:179} INFO - Processing /home/airflow/.local/lib/python3.8/site-packages/airflow/example_dags/example_bash_operator.py took 0.476 seconds
[2024-10-03T06:52:41.013+0000] {processor.py:186} INFO - Started process (PID=93) to work on /home/airflow/.local/lib/python3.12/site-packages/airflow/example_dags/example_bash_operator.py
[2024-10-03T06:52:41.039+0000] {processor.py:914} INFO - Processing file /home/airflow/.local/lib/python3.12/site-packages/airflow/example_dags/example_bash_operator.py for tasks to queue
[2024-10-03T06:52:41.089+0000] {logging_mixin.py:190} INFO - [2024-10-03T06:52:41.087+0000] {dagbag.py:588} INFO - Filling up the DagBag from /home/airflow/.local/lib/python3.12/site-packages/airflow/example_dags/example_bash_operator.py
[2024-10-03T06:52:41.722+0000] {processor.py:925} INFO - DAG(s) 'example_bash_operator' retrieved from /home/airflow/.local/lib/python3.12/site-packages/airflow/example_dags/example_bash_operator.py
[2024-10-03T06:52:43.131+0000] {logging_mixin.py:190} INFO - [2024-10-03T06:52:43.130+0000] {dag.py:3239} INFO - Sync 1 DAGs
[2024-10-03T06:52:43.260+0000] {logging_mixin.py:190} INFO - [2024-10-03T06:52:43.259+0000] {dag.py:4180} INFO - Setting next_dagrun for example_bash_operator to 2024-10-02 00:00:00+00:00, run_after=2024-10-03 00:00:00+00:00
[2024-10-03T06:52:43.378+0000] {processor.py:208} INFO - Processing /home/airflow/.local/lib/python3.12/site-packages/airflow/example_dags/example_bash_operator.py took 2.500 seconds
[2024-10-03T06:53:13.949+0000] {processor.py:186} INFO - Started process (PID=157) to work on /home/airflow/.local/lib/python3.12/site-packages/airflow/example_dags/example_bash_operator.py
[2024-10-03T06:53:13.952+0000] {processor.py:914} INFO - Processing file /home/airflow/.local/lib/python3.12/site-packages/airflow/example_dags/example_bash_operator.py for tasks to queue
[2024-10-03T06:53:13.960+0000] {logging_mixin.py:190} INFO - [2024-10-03T06:53:13.959+0000] {dagbag.py:588} INFO - Filling up the DagBag from /home/airflow/.local/lib/python3.12/site-packages/airflow/example_dags/example_bash_operator.py
[2024-10-03T06:53:14.000+0000] {processor.py:925} INFO - DAG(s) 'example_bash_operator' retrieved from /home/airflow/.local/lib/python3.12/site-packages/airflow/example_dags/example_bash_operator.py
[2024-10-03T06:53:14.068+0000] {logging_mixin.py:190} INFO - [2024-10-03T06:53:14.068+0000] {dag.py:3239} INFO - Sync 1 DAGs
[2024-10-03T06:53:14.134+0000] {logging_mixin.py:190} INFO - [2024-10-03T06:53:14.133+0000] {dag.py:4180} INFO - Setting next_dagrun for example_bash_operator to 2024-10-02 00:00:00+00:00, run_after=2024-10-03 00:00:00+00:00
[2024-10-03T06:53:14.197+0000] {processor.py:208} INFO - Processing /home/airflow/.local/lib/python3.12/site-packages/airflow/example_dags/example_bash_operator.py took 0.261 seconds
[2024-10-03T06:53:44.384+0000] {processor.py:186} INFO - Started process (PID=221) to work on /home/airflow/.local/lib/python3.12/site-packages/airflow/example_dags/example_bash_operator.py
[2024-10-03T06:53:44.386+0000] {processor.py:914} INFO - Processing file /home/airflow/.local/lib/python3.12/site-packages/airflow/example_dags/example_bash_operator.py for tasks to queue
[2024-10-03T06:53:44.388+0000] {logging_mixin.py:190} INFO - [2024-10-03T06:53:44.388+0000] {dagbag.py:588} INFO - Filling up the DagBag from /home/airflow/.local/lib/python3.12/site-packages/airflow/example_dags/example_bash_operator.py
[2024-10-03T06:53:44.731+0000] {processor.py:925} INFO - DAG(s) 'example_bash_operator' retrieved from /home/airflow/.local/lib/python3.12/site-packages/airflow/example_dags/example_bash_operator.py
[2024-10-03T06:53:44.849+0000] {logging_mixin.py:190} INFO - [2024-10-03T06:53:44.848+0000] {dag.py:3239} INFO - Sync 1 DAGs
[2024-10-03T06:53:44.904+0000] {logging_mixin.py:190} INFO - [2024-10-03T06:53:44.904+0000] {dag.py:4180} INFO - Setting next_dagrun for example_bash_operator to 2024-10-02 00:00:00+00:00, run_after=2024-10-03 00:00:00+00:00
[2024-10-03T06:53:44.982+0000] {processor.py:208} INFO - Processing /home/airflow/.local/lib/python3.12/site-packages/airflow/example_dags/example_bash_operator.py took 0.607 seconds
[2024-10-03T06:54:15.326+0000] {processor.py:186} INFO - Started process (PID=284) to work on /home/airflow/.local/lib/python3.12/site-packages/airflow/example_dags/example_bash_operator.py
[2024-10-03T06:54:15.328+0000] {processor.py:914} INFO - Processing file /home/airflow/.local/lib/python3.12/site-packages/airflow/example_dags/example_bash_operator.py for tasks to queue
[2024-10-03T06:54:15.332+0000] {logging_mixin.py:190} INFO - [2024-10-03T06:54:15.331+0000] {dagbag.py:588} INFO - Filling up the DagBag from /home/airflow/.local/lib/python3.12/site-packages/airflow/example_dags/example_bash_operator.py
[2024-10-03T06:54:15.391+0000] {processor.py:925} INFO - DAG(s) 'example_bash_operator' retrieved from /home/airflow/.local/lib/python3.12/site-packages/airflow/example_dags/example_bash_operator.py
[2024-10-03T06:54:15.436+0000] {logging_mixin.py:190} INFO - [2024-10-03T06:54:15.435+0000] {dag.py:3239} INFO - Sync 1 DAGs
[2024-10-03T06:54:15.469+0000] {logging_mixin.py:190} INFO - [2024-10-03T06:54:15.468+0000] {dag.py:4180} INFO - Setting next_dagrun for example_bash_operator to 2024-10-02 00:00:00+00:00, run_after=2024-10-03 00:00:00+00:00
[2024-10-03T06:54:15.498+0000] {processor.py:208} INFO - Processing /home/airflow/.local/lib/python3.12/site-packages/airflow/example_dags/example_bash_operator.py took 0.177 seconds
[2024-10-03T06:54:45.699+0000] {processor.py:186} INFO - Started process (PID=348) to work on /home/airflow/.local/lib/python3.12/site-packages/airflow/example_dags/example_bash_operator.py
[2024-10-03T06:54:45.723+0000] {processor.py:914} INFO - Processing file /home/airflow/.local/lib/python3.12/site-packages/airflow/example_dags/example_bash_operator.py for tasks to queue
[2024-10-03T06:54:45.729+0000] {logging_mixin.py:190} INFO - [2024-10-03T06:54:45.728+0000] {dagbag.py:588} INFO - Filling up the DagBag from /home/airflow/.local/lib/python3.12/site-packages/airflow/example_dags/example_bash_operator.py
[2024-10-03T06:54:45.758+0000] {processor.py:925} INFO - DAG(s) 'example_bash_operator' retrieved from /home/airflow/.local/lib/python3.12/site-packages/airflow/example_dags/example_bash_operator.py
[2024-10-03T06:54:45.837+0000] {logging_mixin.py:190} INFO - [2024-10-03T06:54:45.836+0000] {dag.py:3239} INFO - Sync 1 DAGs
[2024-10-03T06:54:45.922+0000] {logging_mixin.py:190} INFO - [2024-10-03T06:54:45.921+0000] {dag.py:4180} INFO - Setting next_dagrun for example_bash_operator to 2024-10-02 00:00:00+00:00, run_after=2024-10-03 00:00:00+00:00
[2024-10-03T06:54:46.046+0000] {processor.py:208} INFO - Processing /home/airflow/.local/lib/python3.12/site-packages/airflow/example_dags/example_bash_operator.py took 0.354 seconds
[2024-10-03T06:55:16.895+0000] {processor.py:186} INFO - Started process (PID=413) to work on /home/airflow/.local/lib/python3.12/site-packages/airflow/example_dags/example_bash_operator.py
[2024-10-03T06:55:16.904+0000] {processor.py:914} INFO - Processing file /home/airflow/.local/lib/python3.12/site-packages/airflow/example_dags/example_bash_operator.py for tasks to queue
[2024-10-03T06:55:16.910+0000] {logging_mixin.py:190} INFO - [2024-10-03T06:55:16.910+0000] {dagbag.py:588} INFO - Filling up the DagBag from /home/airflow/.local/lib/python3.12/site-packages/airflow/example_dags/example_bash_operator.py
[2024-10-03T06:55:16.941+0000] {processor.py:925} INFO - DAG(s) 'example_bash_operator' retrieved from /home/airflow/.local/lib/python3.12/site-packages/airflow/example_dags/example_bash_operator.py
[2024-10-03T06:55:17.002+0000] {logging_mixin.py:190} INFO - [2024-10-03T06:55:17.001+0000] {dag.py:3239} INFO - Sync 1 DAGs
[2024-10-03T06:55:17.066+0000] {logging_mixin.py:190} INFO - [2024-10-03T06:55:17.066+0000] {dag.py:4180} INFO - Setting next_dagrun for example_bash_operator to 2024-10-02 00:00:00+00:00, run_after=2024-10-03 00:00:00+00:00
[2024-10-03T06:55:17.115+0000] {processor.py:208} INFO - Processing /home/airflow/.local/lib/python3.12/site-packages/airflow/example_dags/example_bash_operator.py took 0.231 seconds
[2024-10-03T06:55:47.579+0000] {processor.py:186} INFO - Started process (PID=476) to work on /home/airflow/.local/lib/python3.12/site-packages/airflow/example_dags/example_bash_operator.py
[2024-10-03T06:55:47.581+0000] {processor.py:914} INFO - Processing file /home/airflow/.local/lib/python3.12/site-packages/airflow/example_dags/example_bash_operator.py for tasks to queue
[2024-10-03T06:55:47.587+0000] {logging_mixin.py:190} INFO - [2024-10-03T06:55:47.586+0000] {dagbag.py:588} INFO - Filling up the DagBag from /home/airflow/.local/lib/python3.12/site-packages/airflow/example_dags/example_bash_operator.py
[2024-10-03T06:55:47.606+0000] {processor.py:925} INFO - DAG(s) 'example_bash_operator' retrieved from /home/airflow/.local/lib/python3.12/site-packages/airflow/example_dags/example_bash_operator.py
[2024-10-03T06:55:47.646+0000] {logging_mixin.py:190} INFO - [2024-10-03T06:55:47.645+0000] {dag.py:3239} INFO - Sync 1 DAGs
[2024-10-03T06:55:47.693+0000] {logging_mixin.py:190} INFO - [2024-10-03T06:55:47.693+0000] {dag.py:4180} INFO - Setting next_dagrun for example_bash_operator to 2024-10-02 00:00:00+00:00, run_after=2024-10-03 00:00:00+00:00
[2024-10-03T06:55:47.774+0000] {processor.py:208} INFO - Processing /home/airflow/.local/lib/python3.12/site-packages/airflow/example_dags/example_bash_operator.py took 0.202 seconds
[2024-10-03T06:56:18.269+0000] {processor.py:186} INFO - Started process (PID=540) to work on /home/airflow/.local/lib/python3.12/site-packages/airflow/example_dags/example_bash_operator.py
[2024-10-03T06:56:18.273+0000] {processor.py:914} INFO - Processing file /home/airflow/.local/lib/python3.12/site-packages/airflow/example_dags/example_bash_operator.py for tasks to queue
[2024-10-03T06:56:18.282+0000] {logging_mixin.py:190} INFO - [2024-10-03T06:56:18.280+0000] {dagbag.py:588} INFO - Filling up the DagBag from /home/airflow/.local/lib/python3.12/site-packages/airflow/example_dags/example_bash_operator.py
[2024-10-03T06:56:18.324+0000] {processor.py:925} INFO - DAG(s) 'example_bash_operator' retrieved from /home/airflow/.local/lib/python3.12/site-packages/airflow/example_dags/example_bash_operator.py
[2024-10-03T06:56:18.412+0000] {logging_mixin.py:190} INFO - [2024-10-03T06:56:18.412+0000] {dag.py:3239} INFO - Sync 1 DAGs
[2024-10-03T06:56:18.466+0000] {logging_mixin.py:190} INFO - [2024-10-03T06:56:18.466+0000] {dag.py:4180} INFO - Setting next_dagrun for example_bash_operator to 2024-10-02 00:00:00+00:00, run_after=2024-10-03 00:00:00+00:00
[2024-10-03T06:56:19.044+0000] {processor.py:208} INFO - Processing /home/airflow/.local/lib/python3.12/site-packages/airflow/example_dags/example_bash_operator.py took 0.804 seconds
[2024-10-03T06:56:49.301+0000] {processor.py:186} INFO - Started process (PID=604) to work on /home/airflow/.local/lib/python3.12/site-packages/airflow/example_dags/example_bash_operator.py
[2024-10-03T06:56:49.309+0000] {processor.py:914} INFO - Processing file /home/airflow/.local/lib/python3.12/site-packages/airflow/example_dags/example_bash_operator.py for tasks to queue
[2024-10-03T06:56:49.312+0000] {logging_mixin.py:190} INFO - [2024-10-03T06:56:49.311+0000] {dagbag.py:588} INFO - Filling up the DagBag from /home/airflow/.local/lib/python3.12/site-packages/airflow/example_dags/example_bash_operator.py
[2024-10-03T06:56:49.331+0000] {processor.py:925} INFO - DAG(s) 'example_bash_operator' retrieved from /home/airflow/.local/lib/python3.12/site-packages/airflow/example_dags/example_bash_operator.py
[2024-10-03T06:56:49.363+0000] {logging_mixin.py:190} INFO - [2024-10-03T06:56:49.363+0000] {dag.py:3239} INFO - Sync 1 DAGs
[2024-10-03T06:56:49.392+0000] {logging_mixin.py:190} INFO - [2024-10-03T06:56:49.392+0000] {dag.py:4180} INFO - Setting next_dagrun for example_bash_operator to 2024-10-02 00:00:00+00:00, run_after=2024-10-03 00:00:00+00:00
[2024-10-03T06:56:49.634+0000] {processor.py:208} INFO - Processing /home/airflow/.local/lib/python3.12/site-packages/airflow/example_dags/example_bash_operator.py took 0.340 seconds
[2024-10-03T06:57:20.384+0000] {processor.py:186} INFO - Started process (PID=669) to work on /home/airflow/.local/lib/python3.12/site-packages/airflow/example_dags/example_bash_operator.py
[2024-10-03T06:57:20.387+0000] {processor.py:914} INFO - Processing file /home/airflow/.local/lib/python3.12/site-packages/airflow/example_dags/example_bash_operator.py for tasks to queue
[2024-10-03T06:57:20.393+0000] {logging_mixin.py:190} INFO - [2024-10-03T06:57:20.393+0000] {dagbag.py:588} INFO - Filling up the DagBag from /home/airflow/.local/lib/python3.12/site-packages/airflow/example_dags/example_bash_operator.py
[2024-10-03T06:57:20.415+0000] {processor.py:925} INFO - DAG(s) 'example_bash_operator' retrieved from /home/airflow/.local/lib/python3.12/site-packages/airflow/example_dags/example_bash_operator.py
[2024-10-03T06:57:20.460+0000] {logging_mixin.py:190} INFO - [2024-10-03T06:57:20.459+0000] {dag.py:3239} INFO - Sync 1 DAGs
[2024-10-03T06:57:20.491+0000] {logging_mixin.py:190} INFO - [2024-10-03T06:57:20.491+0000] {dag.py:4180} INFO - Setting next_dagrun for example_bash_operator to 2024-10-02 00:00:00+00:00, run_after=2024-10-03 00:00:00+00:00
[2024-10-03T06:57:20.529+0000] {processor.py:208} INFO - Processing /home/airflow/.local/lib/python3.12/site-packages/airflow/example_dags/example_bash_operator.py took 0.152 seconds
[2024-10-03T06:57:51.196+0000] {processor.py:186} INFO - Started process (PID=733) to work on /home/airflow/.local/lib/python3.12/site-packages/airflow/example_dags/example_bash_operator.py
[2024-10-03T06:57:51.197+0000] {processor.py:914} INFO - Processing file /home/airflow/.local/lib/python3.12/site-packages/airflow/example_dags/example_bash_operator.py for tasks to queue
[2024-10-03T06:57:51.200+0000] {logging_mixin.py:190} INFO - [2024-10-03T06:57:51.199+0000] {dagbag.py:588} INFO - Filling up the DagBag from /home/airflow/.local/lib/python3.12/site-packages/airflow/example_dags/example_bash_operator.py
[2024-10-03T06:57:51.217+0000] {processor.py:925} INFO - DAG(s) 'example_bash_operator' retrieved from /home/airflow/.local/lib/python3.12/site-packages/airflow/example_dags/example_bash_operator.py
[2024-10-03T06:57:51.255+0000] {logging_mixin.py:190} INFO - [2024-10-03T06:57:51.254+0000] {dag.py:3239} INFO - Sync 1 DAGs
[2024-10-03T06:57:51.290+0000] {logging_mixin.py:190} INFO - [2024-10-03T06:57:51.289+0000] {dag.py:4180} INFO - Setting next_dagrun for example_bash_operator to 2024-10-02 00:00:00+00:00, run_after=2024-10-03 00:00:00+00:00
[2024-10-03T06:57:51.319+0000] {processor.py:208} INFO - Processing /home/airflow/.local/lib/python3.12/site-packages/airflow/example_dags/example_bash_operator.py took 0.130 seconds
[2024-10-03T06:58:21.461+0000] {processor.py:186} INFO - Started process (PID=796) to work on /home/airflow/.local/lib/python3.12/site-packages/airflow/example_dags/example_bash_operator.py
[2024-10-03T06:58:21.463+0000] {processor.py:914} INFO - Processing file /home/airflow/.local/lib/python3.12/site-packages/airflow/example_dags/example_bash_operator.py for tasks to queue
[2024-10-03T06:58:21.466+0000] {logging_mixin.py:190} INFO - [2024-10-03T06:58:21.465+0000] {dagbag.py:588} INFO - Filling up the DagBag from /home/airflow/.local/lib/python3.12/site-packages/airflow/example_dags/example_bash_operator.py
[2024-10-03T06:58:21.481+0000] {processor.py:925} INFO - DAG(s) 'example_bash_operator' retrieved from /home/airflow/.local/lib/python3.12/site-packages/airflow/example_dags/example_bash_operator.py
[2024-10-03T06:58:21.515+0000] {logging_mixin.py:190} INFO - [2024-10-03T06:58:21.514+0000] {dag.py:3239} INFO - Sync 1 DAGs
[2024-10-03T06:58:21.548+0000] {logging_mixin.py:190} INFO - [2024-10-03T06:58:21.548+0000] {dag.py:4180} INFO - Setting next_dagrun for example_bash_operator to 2024-10-02 00:00:00+00:00, run_after=2024-10-03 00:00:00+00:00
[2024-10-03T06:58:21.581+0000] {processor.py:208} INFO - Processing /home/airflow/.local/lib/python3.12/site-packages/airflow/example_dags/example_bash_operator.py took 0.126 seconds
[2024-10-03T06:58:52.417+0000] {processor.py:186} INFO - Started process (PID=861) to work on /home/airflow/.local/lib/python3.12/site-packages/airflow/example_dags/example_bash_operator.py
[2024-10-03T06:58:52.420+0000] {processor.py:914} INFO - Processing file /home/airflow/.local/lib/python3.12/site-packages/airflow/example_dags/example_bash_operator.py for tasks to queue
[2024-10-03T06:58:52.441+0000] {logging_mixin.py:190} INFO - [2024-10-03T06:58:52.437+0000] {dagbag.py:588} INFO - Filling up the DagBag from /home/airflow/.local/lib/python3.12/site-packages/airflow/example_dags/example_bash_operator.py
[2024-10-03T06:58:52.496+0000] {processor.py:925} INFO - DAG(s) 'example_bash_operator' retrieved from /home/airflow/.local/lib/python3.12/site-packages/airflow/example_dags/example_bash_operator.py
[2024-10-03T06:58:52.637+0000] {logging_mixin.py:190} INFO - [2024-10-03T06:58:52.636+0000] {dag.py:3239} INFO - Sync 1 DAGs
[2024-10-03T06:58:52.701+0000] {logging_mixin.py:190} INFO - [2024-10-03T06:58:52.700+0000] {dag.py:4180} INFO - Setting next_dagrun for example_bash_operator to 2024-10-02 00:00:00+00:00, run_after=2024-10-03 00:00:00+00:00
[2024-10-03T06:58:52.752+0000] {processor.py:208} INFO - Processing /home/airflow/.local/lib/python3.12/site-packages/airflow/example_dags/example_bash_operator.py took 0.352 seconds
[2024-10-03T06:59:22.862+0000] {processor.py:186} INFO - Started process (PID=924) to work on /home/airflow/.local/lib/python3.12/site-packages/airflow/example_dags/example_bash_operator.py
[2024-10-03T06:59:22.864+0000] {processor.py:914} INFO - Processing file /home/airflow/.local/lib/python3.12/site-packages/airflow/example_dags/example_bash_operator.py for tasks to queue
[2024-10-03T06:59:22.868+0000] {logging_mixin.py:190} INFO - [2024-10-03T06:59:22.867+0000] {dagbag.py:588} INFO - Filling up the DagBag from /home/airflow/.local/lib/python3.12/site-packages/airflow/example_dags/example_bash_operator.py
[2024-10-03T06:59:22.885+0000] {processor.py:925} INFO - DAG(s) 'example_bash_operator' retrieved from /home/airflow/.local/lib/python3.12/site-packages/airflow/example_dags/example_bash_operator.py
[2024-10-03T06:59:22.931+0000] {logging_mixin.py:190} INFO - [2024-10-03T06:59:22.930+0000] {dag.py:3239} INFO - Sync 1 DAGs
[2024-10-03T06:59:22.970+0000] {logging_mixin.py:190} INFO - [2024-10-03T06:59:22.969+0000] {dag.py:4180} INFO - Setting next_dagrun for example_bash_operator to 2024-10-02 00:00:00+00:00, run_after=2024-10-03 00:00:00+00:00
[2024-10-03T06:59:23.033+0000] {processor.py:208} INFO - Processing /home/airflow/.local/lib/python3.12/site-packages/airflow/example_dags/example_bash_operator.py took 0.179 seconds
[2024-10-03T07:00:07.501+0000] {processor.py:186} INFO - Started process (PID=974) to work on /home/airflow/.local/lib/python3.12/site-packages/airflow/example_dags/example_bash_operator.py
[2024-10-03T07:00:07.504+0000] {processor.py:914} INFO - Processing file /home/airflow/.local/lib/python3.12/site-packages/airflow/example_dags/example_bash_operator.py for tasks to queue
[2024-10-03T07:00:07.509+0000] {logging_mixin.py:190} INFO - [2024-10-03T07:00:07.508+0000] {dagbag.py:588} INFO - Filling up the DagBag from /home/airflow/.local/lib/python3.12/site-packages/airflow/example_dags/example_bash_operator.py
[2024-10-03T07:00:07.535+0000] {processor.py:925} INFO - DAG(s) 'example_bash_operator' retrieved from /home/airflow/.local/lib/python3.12/site-packages/airflow/example_dags/example_bash_operator.py
[2024-10-03T07:00:07.760+0000] {logging_mixin.py:190} INFO - [2024-10-03T07:00:07.759+0000] {dag.py:3239} INFO - Sync 1 DAGs
[2024-10-03T07:00:07.807+0000] {logging_mixin.py:190} INFO - [2024-10-03T07:00:07.807+0000] {dag.py:4180} INFO - Setting next_dagrun for example_bash_operator to 2024-10-02 00:00:00+00:00, run_after=2024-10-03 00:00:00+00:00
[2024-10-03T07:00:07.849+0000] {processor.py:208} INFO - Processing /home/airflow/.local/lib/python3.12/site-packages/airflow/example_dags/example_bash_operator.py took 0.360 seconds
[2024-10-03T07:00:38.488+0000] {processor.py:186} INFO - Started process (PID=1038) to work on /home/airflow/.local/lib/python3.12/site-packages/airflow/example_dags/example_bash_operator.py
[2024-10-03T07:00:38.491+0000] {processor.py:914} INFO - Processing file /home/airflow/.local/lib/python3.12/site-packages/airflow/example_dags/example_bash_operator.py for tasks to queue
[2024-10-03T07:00:38.494+0000] {logging_mixin.py:190} INFO - [2024-10-03T07:00:38.493+0000] {dagbag.py:588} INFO - Filling up the DagBag from /home/airflow/.local/lib/python3.12/site-packages/airflow/example_dags/example_bash_operator.py
[2024-10-03T07:00:38.509+0000] {processor.py:925} INFO - DAG(s) 'example_bash_operator' retrieved from /home/airflow/.local/lib/python3.12/site-packages/airflow/example_dags/example_bash_operator.py
[2024-10-03T07:00:38.542+0000] {logging_mixin.py:190} INFO - [2024-10-03T07:00:38.542+0000] {dag.py:3239} INFO - Sync 1 DAGs
[2024-10-03T07:00:38.577+0000] {logging_mixin.py:190} INFO - [2024-10-03T07:00:38.576+0000] {dag.py:4180} INFO - Setting next_dagrun for example_bash_operator to 2024-10-02 00:00:00+00:00, run_after=2024-10-03 00:00:00+00:00
[2024-10-03T07:00:38.610+0000] {processor.py:208} INFO - Processing /home/airflow/.local/lib/python3.12/site-packages/airflow/example_dags/example_bash_operator.py took 0.128 seconds
[2024-10-03T07:01:17.732+0000] {processor.py:186} INFO - Started process (PID=1101) to work on /home/airflow/.local/lib/python3.12/site-packages/airflow/example_dags/example_bash_operator.py
[2024-10-03T07:01:17.738+0000] {processor.py:914} INFO - Processing file /home/airflow/.local/lib/python3.12/site-packages/airflow/example_dags/example_bash_operator.py for tasks to queue
[2024-10-03T07:01:17.742+0000] {logging_mixin.py:190} INFO - [2024-10-03T07:01:17.741+0000] {dagbag.py:588} INFO - Filling up the DagBag from /home/airflow/.local/lib/python3.12/site-packages/airflow/example_dags/example_bash_operator.py
[2024-10-03T07:01:17.793+0000] {processor.py:925} INFO - DAG(s) 'example_bash_operator' retrieved from /home/airflow/.local/lib/python3.12/site-packages/airflow/example_dags/example_bash_operator.py
[2024-10-03T07:01:17.922+0000] {logging_mixin.py:190} INFO - [2024-10-03T07:01:17.920+0000] {dag.py:3239} INFO - Sync 1 DAGs
[2024-10-03T07:01:18.003+0000] {logging_mixin.py:190} INFO - [2024-10-03T07:01:18.002+0000] {dag.py:4180} INFO - Setting next_dagrun for example_bash_operator to 2024-10-02 00:00:00+00:00, run_after=2024-10-03 00:00:00+00:00
[2024-10-03T07:01:18.086+0000] {processor.py:208} INFO - Processing /home/airflow/.local/lib/python3.12/site-packages/airflow/example_dags/example_bash_operator.py took 0.369 seconds
[2024-10-03T07:02:36.653+0000] {processor.py:186} INFO - Started process (PID=1158) to work on /home/airflow/.local/lib/python3.12/site-packages/airflow/example_dags/example_bash_operator.py
[2024-10-03T07:02:36.655+0000] {processor.py:914} INFO - Processing file /home/airflow/.local/lib/python3.12/site-packages/airflow/example_dags/example_bash_operator.py for tasks to queue
[2024-10-03T07:02:36.657+0000] {logging_mixin.py:190} INFO - [2024-10-03T07:02:36.657+0000] {dagbag.py:588} INFO - Filling up the DagBag from /home/airflow/.local/lib/python3.12/site-packages/airflow/example_dags/example_bash_operator.py
[2024-10-03T07:02:36.681+0000] {processor.py:925} INFO - DAG(s) 'example_bash_operator' retrieved from /home/airflow/.local/lib/python3.12/site-packages/airflow/example_dags/example_bash_operator.py
[2024-10-03T07:02:36.731+0000] {logging_mixin.py:190} INFO - [2024-10-03T07:02:36.731+0000] {dag.py:3239} INFO - Sync 1 DAGs
[2024-10-03T07:02:36.778+0000] {logging_mixin.py:190} INFO - [2024-10-03T07:02:36.778+0000] {dag.py:4180} INFO - Setting next_dagrun for example_bash_operator to 2024-10-02 00:00:00+00:00, run_after=2024-10-03 00:00:00+00:00
[2024-10-03T07:02:36.815+0000] {processor.py:208} INFO - Processing /home/airflow/.local/lib/python3.12/site-packages/airflow/example_dags/example_bash_operator.py took 0.170 seconds
[2024-10-03T07:03:07.240+0000] {processor.py:186} INFO - Started process (PID=1221) to work on /home/airflow/.local/lib/python3.12/site-packages/airflow/example_dags/example_bash_operator.py
[2024-10-03T07:03:07.242+0000] {processor.py:914} INFO - Processing file /home/airflow/.local/lib/python3.12/site-packages/airflow/example_dags/example_bash_operator.py for tasks to queue
[2024-10-03T07:03:07.244+0000] {logging_mixin.py:190} INFO - [2024-10-03T07:03:07.243+0000] {dagbag.py:588} INFO - Filling up the DagBag from /home/airflow/.local/lib/python3.12/site-packages/airflow/example_dags/example_bash_operator.py
[2024-10-03T07:03:07.263+0000] {processor.py:925} INFO - DAG(s) 'example_bash_operator' retrieved from /home/airflow/.local/lib/python3.12/site-packages/airflow/example_dags/example_bash_operator.py
[2024-10-03T07:03:07.303+0000] {logging_mixin.py:190} INFO - [2024-10-03T07:03:07.302+0000] {dag.py:3239} INFO - Sync 1 DAGs
[2024-10-03T07:03:07.341+0000] {logging_mixin.py:190} INFO - [2024-10-03T07:03:07.340+0000] {dag.py:4180} INFO - Setting next_dagrun for example_bash_operator to 2024-10-02 00:00:00+00:00, run_after=2024-10-03 00:00:00+00:00
[2024-10-03T07:03:07.372+0000] {processor.py:208} INFO - Processing /home/airflow/.local/lib/python3.12/site-packages/airflow/example_dags/example_bash_operator.py took 0.139 seconds
[2024-10-03T07:03:37.576+0000] {processor.py:186} INFO - Started process (PID=1283) to work on /home/airflow/.local/lib/python3.12/site-packages/airflow/example_dags/example_bash_operator.py
[2024-10-03T07:03:37.577+0000] {processor.py:914} INFO - Processing file /home/airflow/.local/lib/python3.12/site-packages/airflow/example_dags/example_bash_operator.py for tasks to queue
[2024-10-03T07:03:37.579+0000] {logging_mixin.py:190} INFO - [2024-10-03T07:03:37.578+0000] {dagbag.py:588} INFO - Filling up the DagBag from /home/airflow/.local/lib/python3.12/site-packages/airflow/example_dags/example_bash_operator.py
[2024-10-03T07:03:37.594+0000] {processor.py:925} INFO - DAG(s) 'example_bash_operator' retrieved from /home/airflow/.local/lib/python3.12/site-packages/airflow/example_dags/example_bash_operator.py
[2024-10-03T07:03:37.627+0000] {logging_mixin.py:190} INFO - [2024-10-03T07:03:37.626+0000] {dag.py:3239} INFO - Sync 1 DAGs
[2024-10-03T07:03:37.658+0000] {logging_mixin.py:190} INFO - [2024-10-03T07:03:37.658+0000] {dag.py:4180} INFO - Setting next_dagrun for example_bash_operator to 2024-10-02 00:00:00+00:00, run_after=2024-10-03 00:00:00+00:00
[2024-10-03T07:03:37.685+0000] {processor.py:208} INFO - Processing /home/airflow/.local/lib/python3.12/site-packages/airflow/example_dags/example_bash_operator.py took 0.116 seconds
[2024-10-03T07:04:08.727+0000] {processor.py:186} INFO - Started process (PID=1347) to work on /home/airflow/.local/lib/python3.12/site-packages/airflow/example_dags/example_bash_operator.py
[2024-10-03T07:04:08.729+0000] {processor.py:914} INFO - Processing file /home/airflow/.local/lib/python3.12/site-packages/airflow/example_dags/example_bash_operator.py for tasks to queue
[2024-10-03T07:04:08.732+0000] {logging_mixin.py:190} INFO - [2024-10-03T07:04:08.731+0000] {dagbag.py:588} INFO - Filling up the DagBag from /home/airflow/.local/lib/python3.12/site-packages/airflow/example_dags/example_bash_operator.py
[2024-10-03T07:04:08.749+0000] {processor.py:925} INFO - DAG(s) 'example_bash_operator' retrieved from /home/airflow/.local/lib/python3.12/site-packages/airflow/example_dags/example_bash_operator.py
[2024-10-03T07:04:08.789+0000] {logging_mixin.py:190} INFO - [2024-10-03T07:04:08.789+0000] {dag.py:3239} INFO - Sync 1 DAGs
[2024-10-03T07:04:08.819+0000] {logging_mixin.py:190} INFO - [2024-10-03T07:04:08.819+0000] {dag.py:4180} INFO - Setting next_dagrun for example_bash_operator to 2024-10-02 00:00:00+00:00, run_after=2024-10-03 00:00:00+00:00
[2024-10-03T07:04:08.852+0000] {processor.py:208} INFO - Processing /home/airflow/.local/lib/python3.12/site-packages/airflow/example_dags/example_bash_operator.py took 0.131 seconds
[2024-10-03T07:04:39.711+0000] {processor.py:186} INFO - Started process (PID=1410) to work on /home/airflow/.local/lib/python3.12/site-packages/airflow/example_dags/example_bash_operator.py
[2024-10-03T07:04:39.713+0000] {processor.py:914} INFO - Processing file /home/airflow/.local/lib/python3.12/site-packages/airflow/example_dags/example_bash_operator.py for tasks to queue
[2024-10-03T07:04:39.716+0000] {logging_mixin.py:190} INFO - [2024-10-03T07:04:39.715+0000] {dagbag.py:588} INFO - Filling up the DagBag from /home/airflow/.local/lib/python3.12/site-packages/airflow/example_dags/example_bash_operator.py
[2024-10-03T07:04:39.735+0000] {processor.py:925} INFO - DAG(s) 'example_bash_operator' retrieved from /home/airflow/.local/lib/python3.12/site-packages/airflow/example_dags/example_bash_operator.py
[2024-10-03T07:04:39.768+0000] {logging_mixin.py:190} INFO - [2024-10-03T07:04:39.768+0000] {dag.py:3239} INFO - Sync 1 DAGs
[2024-10-03T07:04:39.807+0000] {logging_mixin.py:190} INFO - [2024-10-03T07:04:39.806+0000] {dag.py:4180} INFO - Setting next_dagrun for example_bash_operator to 2024-10-02 00:00:00+00:00, run_after=2024-10-03 00:00:00+00:00
[2024-10-03T07:04:39.839+0000] {processor.py:208} INFO - Processing /home/airflow/.local/lib/python3.12/site-packages/airflow/example_dags/example_bash_operator.py took 0.136 seconds
[2024-10-03T07:05:11.328+0000] {processor.py:186} INFO - Started process (PID=1472) to work on /home/airflow/.local/lib/python3.12/site-packages/airflow/example_dags/example_bash_operator.py
[2024-10-03T07:05:11.331+0000] {processor.py:914} INFO - Processing file /home/airflow/.local/lib/python3.12/site-packages/airflow/example_dags/example_bash_operator.py for tasks to queue
[2024-10-03T07:05:11.335+0000] {logging_mixin.py:190} INFO - [2024-10-03T07:05:11.334+0000] {dagbag.py:588} INFO - Filling up the DagBag from /home/airflow/.local/lib/python3.12/site-packages/airflow/example_dags/example_bash_operator.py
[2024-10-03T07:05:11.390+0000] {processor.py:925} INFO - DAG(s) 'example_bash_operator' retrieved from /home/airflow/.local/lib/python3.12/site-packages/airflow/example_dags/example_bash_operator.py
[2024-10-03T07:05:11.830+0000] {logging_mixin.py:190} INFO - [2024-10-03T07:05:11.830+0000] {dag.py:3239} INFO - Sync 1 DAGs
[2024-10-03T07:05:11.888+0000] {logging_mixin.py:190} INFO - [2024-10-03T07:05:11.888+0000] {dag.py:4180} INFO - Setting next_dagrun for example_bash_operator to 2024-10-02 00:00:00+00:00, run_after=2024-10-03 00:00:00+00:00
[2024-10-03T07:05:11.942+0000] {processor.py:208} INFO - Processing /home/airflow/.local/lib/python3.12/site-packages/airflow/example_dags/example_bash_operator.py took 0.635 seconds
[2024-10-03T07:07:00.029+0000] {processor.py:186} INFO - Started process (PID=1529) to work on /home/airflow/.local/lib/python3.12/site-packages/airflow/example_dags/example_bash_operator.py
[2024-10-03T07:07:00.066+0000] {processor.py:914} INFO - Processing file /home/airflow/.local/lib/python3.12/site-packages/airflow/example_dags/example_bash_operator.py for tasks to queue
[2024-10-03T07:07:00.097+0000] {logging_mixin.py:190} INFO - [2024-10-03T07:07:00.090+0000] {dagbag.py:588} INFO - Filling up the DagBag from /home/airflow/.local/lib/python3.12/site-packages/airflow/example_dags/example_bash_operator.py
[2024-10-03T07:07:01.198+0000] {processor.py:925} INFO - DAG(s) 'example_bash_operator' retrieved from /home/airflow/.local/lib/python3.12/site-packages/airflow/example_dags/example_bash_operator.py
[2024-10-03T07:07:03.742+0000] {logging_mixin.py:190} INFO - [2024-10-03T07:07:03.716+0000] {dag.py:3239} INFO - Sync 1 DAGs
[2024-10-03T07:07:04.306+0000] {logging_mixin.py:190} INFO - [2024-10-03T07:07:04.304+0000] {dag.py:4180} INFO - Setting next_dagrun for example_bash_operator to 2024-10-02 00:00:00+00:00, run_after=2024-10-03 00:00:00+00:00
[2024-10-03T07:07:04.545+0000] {processor.py:208} INFO - Processing /home/airflow/.local/lib/python3.12/site-packages/airflow/example_dags/example_bash_operator.py took 4.753 seconds
[2024-10-03T07:07:35.289+0000] {processor.py:186} INFO - Started process (PID=1592) to work on /home/airflow/.local/lib/python3.12/site-packages/airflow/example_dags/example_bash_operator.py
[2024-10-03T07:07:35.290+0000] {processor.py:914} INFO - Processing file /home/airflow/.local/lib/python3.12/site-packages/airflow/example_dags/example_bash_operator.py for tasks to queue
[2024-10-03T07:07:35.293+0000] {logging_mixin.py:190} INFO - [2024-10-03T07:07:35.292+0000] {dagbag.py:588} INFO - Filling up the DagBag from /home/airflow/.local/lib/python3.12/site-packages/airflow/example_dags/example_bash_operator.py
[2024-10-03T07:07:35.314+0000] {processor.py:925} INFO - DAG(s) 'example_bash_operator' retrieved from /home/airflow/.local/lib/python3.12/site-packages/airflow/example_dags/example_bash_operator.py
[2024-10-03T07:07:35.379+0000] {logging_mixin.py:190} INFO - [2024-10-03T07:07:35.378+0000] {dag.py:3239} INFO - Sync 1 DAGs
[2024-10-03T07:07:35.418+0000] {logging_mixin.py:190} INFO - [2024-10-03T07:07:35.417+0000] {dag.py:4180} INFO - Setting next_dagrun for example_bash_operator to 2024-10-02 00:00:00+00:00, run_after=2024-10-03 00:00:00+00:00
[2024-10-03T07:07:35.455+0000] {processor.py:208} INFO - Processing /home/airflow/.local/lib/python3.12/site-packages/airflow/example_dags/example_bash_operator.py took 0.174 seconds
[2024-10-03T07:08:05.639+0000] {processor.py:186} INFO - Started process (PID=1654) to work on /home/airflow/.local/lib/python3.12/site-packages/airflow/example_dags/example_bash_operator.py
[2024-10-03T07:08:05.641+0000] {processor.py:914} INFO - Processing file /home/airflow/.local/lib/python3.12/site-packages/airflow/example_dags/example_bash_operator.py for tasks to queue
[2024-10-03T07:08:05.644+0000] {logging_mixin.py:190} INFO - [2024-10-03T07:08:05.643+0000] {dagbag.py:588} INFO - Filling up the DagBag from /home/airflow/.local/lib/python3.12/site-packages/airflow/example_dags/example_bash_operator.py
[2024-10-03T07:08:05.661+0000] {processor.py:925} INFO - DAG(s) 'example_bash_operator' retrieved from /home/airflow/.local/lib/python3.12/site-packages/airflow/example_dags/example_bash_operator.py
[2024-10-03T07:08:05.691+0000] {logging_mixin.py:190} INFO - [2024-10-03T07:08:05.691+0000] {dag.py:3239} INFO - Sync 1 DAGs
[2024-10-03T07:08:05.718+0000] {logging_mixin.py:190} INFO - [2024-10-03T07:08:05.718+0000] {dag.py:4180} INFO - Setting next_dagrun for example_bash_operator to 2024-10-02 00:00:00+00:00, run_after=2024-10-03 00:00:00+00:00
[2024-10-03T07:08:05.746+0000] {processor.py:208} INFO - Processing /home/airflow/.local/lib/python3.12/site-packages/airflow/example_dags/example_bash_operator.py took 0.113 seconds
[2024-10-03T07:08:49.943+0000] {processor.py:186} INFO - Started process (PID=1721) to work on /home/airflow/.local/lib/python3.12/site-packages/airflow/example_dags/example_bash_operator.py
[2024-10-03T07:08:49.946+0000] {processor.py:914} INFO - Processing file /home/airflow/.local/lib/python3.12/site-packages/airflow/example_dags/example_bash_operator.py for tasks to queue
[2024-10-03T07:08:49.948+0000] {logging_mixin.py:190} INFO - [2024-10-03T07:08:49.948+0000] {dagbag.py:588} INFO - Filling up the DagBag from /home/airflow/.local/lib/python3.12/site-packages/airflow/example_dags/example_bash_operator.py
[2024-10-03T07:08:49.978+0000] {processor.py:925} INFO - DAG(s) 'example_bash_operator' retrieved from /home/airflow/.local/lib/python3.12/site-packages/airflow/example_dags/example_bash_operator.py
[2024-10-03T07:08:50.037+0000] {logging_mixin.py:190} INFO - [2024-10-03T07:08:50.037+0000] {dag.py:3239} INFO - Sync 1 DAGs
[2024-10-03T07:08:50.076+0000] {logging_mixin.py:190} INFO - [2024-10-03T07:08:50.075+0000] {dag.py:4180} INFO - Setting next_dagrun for example_bash_operator to 2024-10-02 00:00:00+00:00, run_after=2024-10-03 00:00:00+00:00
[2024-10-03T07:08:50.120+0000] {processor.py:208} INFO - Processing /home/airflow/.local/lib/python3.12/site-packages/airflow/example_dags/example_bash_operator.py took 0.189 seconds
[2024-10-03T07:09:20.631+0000] {processor.py:186} INFO - Started process (PID=1784) to work on /home/airflow/.local/lib/python3.12/site-packages/airflow/example_dags/example_bash_operator.py
[2024-10-03T07:09:20.633+0000] {processor.py:914} INFO - Processing file /home/airflow/.local/lib/python3.12/site-packages/airflow/example_dags/example_bash_operator.py for tasks to queue
[2024-10-03T07:09:20.638+0000] {logging_mixin.py:190} INFO - [2024-10-03T07:09:20.637+0000] {dagbag.py:588} INFO - Filling up the DagBag from /home/airflow/.local/lib/python3.12/site-packages/airflow/example_dags/example_bash_operator.py
[2024-10-03T07:09:20.672+0000] {processor.py:925} INFO - DAG(s) 'example_bash_operator' retrieved from /home/airflow/.local/lib/python3.12/site-packages/airflow/example_dags/example_bash_operator.py
[2024-10-03T07:09:20.723+0000] {logging_mixin.py:190} INFO - [2024-10-03T07:09:20.722+0000] {dag.py:3239} INFO - Sync 1 DAGs
[2024-10-03T07:09:20.758+0000] {logging_mixin.py:190} INFO - [2024-10-03T07:09:20.758+0000] {dag.py:4180} INFO - Setting next_dagrun for example_bash_operator to 2024-10-02 00:00:00+00:00, run_after=2024-10-03 00:00:00+00:00
[2024-10-03T07:09:20.802+0000] {processor.py:208} INFO - Processing /home/airflow/.local/lib/python3.12/site-packages/airflow/example_dags/example_bash_operator.py took 0.183 seconds
[2024-10-03T07:09:51.674+0000] {processor.py:186} INFO - Started process (PID=1847) to work on /home/airflow/.local/lib/python3.12/site-packages/airflow/example_dags/example_bash_operator.py
[2024-10-03T07:09:51.676+0000] {processor.py:914} INFO - Processing file /home/airflow/.local/lib/python3.12/site-packages/airflow/example_dags/example_bash_operator.py for tasks to queue
[2024-10-03T07:09:51.678+0000] {logging_mixin.py:190} INFO - [2024-10-03T07:09:51.678+0000] {dagbag.py:588} INFO - Filling up the DagBag from /home/airflow/.local/lib/python3.12/site-packages/airflow/example_dags/example_bash_operator.py
[2024-10-03T07:09:51.698+0000] {processor.py:925} INFO - DAG(s) 'example_bash_operator' retrieved from /home/airflow/.local/lib/python3.12/site-packages/airflow/example_dags/example_bash_operator.py
[2024-10-03T07:09:51.749+0000] {logging_mixin.py:190} INFO - [2024-10-03T07:09:51.749+0000] {dag.py:3239} INFO - Sync 1 DAGs
[2024-10-03T07:09:51.853+0000] {logging_mixin.py:190} INFO - [2024-10-03T07:09:51.852+0000] {dag.py:4180} INFO - Setting next_dagrun for example_bash_operator to 2024-10-02 00:00:00+00:00, run_after=2024-10-03 00:00:00+00:00
[2024-10-03T07:09:51.931+0000] {processor.py:208} INFO - Processing /home/airflow/.local/lib/python3.12/site-packages/airflow/example_dags/example_bash_operator.py took 0.267 seconds
[2024-10-03T07:10:22.105+0000] {processor.py:186} INFO - Started process (PID=1909) to work on /home/airflow/.local/lib/python3.12/site-packages/airflow/example_dags/example_bash_operator.py
[2024-10-03T07:10:22.107+0000] {processor.py:914} INFO - Processing file /home/airflow/.local/lib/python3.12/site-packages/airflow/example_dags/example_bash_operator.py for tasks to queue
[2024-10-03T07:10:22.108+0000] {logging_mixin.py:190} INFO - [2024-10-03T07:10:22.108+0000] {dagbag.py:588} INFO - Filling up the DagBag from /home/airflow/.local/lib/python3.12/site-packages/airflow/example_dags/example_bash_operator.py
[2024-10-03T07:10:22.124+0000] {processor.py:925} INFO - DAG(s) 'example_bash_operator' retrieved from /home/airflow/.local/lib/python3.12/site-packages/airflow/example_dags/example_bash_operator.py
[2024-10-03T07:10:22.157+0000] {logging_mixin.py:190} INFO - [2024-10-03T07:10:22.157+0000] {dag.py:3239} INFO - Sync 1 DAGs
[2024-10-03T07:10:22.186+0000] {logging_mixin.py:190} INFO - [2024-10-03T07:10:22.185+0000] {dag.py:4180} INFO - Setting next_dagrun for example_bash_operator to 2024-10-02 00:00:00+00:00, run_after=2024-10-03 00:00:00+00:00
[2024-10-03T07:10:22.211+0000] {processor.py:208} INFO - Processing /home/airflow/.local/lib/python3.12/site-packages/airflow/example_dags/example_bash_operator.py took 0.113 seconds
[2024-10-03T07:10:52.714+0000] {processor.py:186} INFO - Started process (PID=1972) to work on /home/airflow/.local/lib/python3.12/site-packages/airflow/example_dags/example_bash_operator.py
[2024-10-03T07:10:52.715+0000] {processor.py:914} INFO - Processing file /home/airflow/.local/lib/python3.12/site-packages/airflow/example_dags/example_bash_operator.py for tasks to queue
[2024-10-03T07:10:52.717+0000] {logging_mixin.py:190} INFO - [2024-10-03T07:10:52.717+0000] {dagbag.py:588} INFO - Filling up the DagBag from /home/airflow/.local/lib/python3.12/site-packages/airflow/example_dags/example_bash_operator.py
[2024-10-03T07:10:52.731+0000] {processor.py:925} INFO - DAG(s) 'example_bash_operator' retrieved from /home/airflow/.local/lib/python3.12/site-packages/airflow/example_dags/example_bash_operator.py
[2024-10-03T07:10:52.761+0000] {logging_mixin.py:190} INFO - [2024-10-03T07:10:52.760+0000] {dag.py:3239} INFO - Sync 1 DAGs
[2024-10-03T07:10:52.791+0000] {logging_mixin.py:190} INFO - [2024-10-03T07:10:52.790+0000] {dag.py:4180} INFO - Setting next_dagrun for example_bash_operator to 2024-10-02 00:00:00+00:00, run_after=2024-10-03 00:00:00+00:00
[2024-10-03T07:10:52.818+0000] {processor.py:208} INFO - Processing /home/airflow/.local/lib/python3.12/site-packages/airflow/example_dags/example_bash_operator.py took 0.110 seconds
[2024-10-03T07:11:23.224+0000] {processor.py:186} INFO - Started process (PID=2035) to work on /home/airflow/.local/lib/python3.12/site-packages/airflow/example_dags/example_bash_operator.py
[2024-10-03T07:11:23.226+0000] {processor.py:914} INFO - Processing file /home/airflow/.local/lib/python3.12/site-packages/airflow/example_dags/example_bash_operator.py for tasks to queue
[2024-10-03T07:11:23.228+0000] {logging_mixin.py:190} INFO - [2024-10-03T07:11:23.227+0000] {dagbag.py:588} INFO - Filling up the DagBag from /home/airflow/.local/lib/python3.12/site-packages/airflow/example_dags/example_bash_operator.py
[2024-10-03T07:11:23.244+0000] {processor.py:925} INFO - DAG(s) 'example_bash_operator' retrieved from /home/airflow/.local/lib/python3.12/site-packages/airflow/example_dags/example_bash_operator.py
[2024-10-03T07:11:23.281+0000] {logging_mixin.py:190} INFO - [2024-10-03T07:11:23.280+0000] {dag.py:3239} INFO - Sync 1 DAGs
[2024-10-03T07:11:23.317+0000] {logging_mixin.py:190} INFO - [2024-10-03T07:11:23.316+0000] {dag.py:4180} INFO - Setting next_dagrun for example_bash_operator to 2024-10-02 00:00:00+00:00, run_after=2024-10-03 00:00:00+00:00
[2024-10-03T07:11:23.350+0000] {processor.py:208} INFO - Processing /home/airflow/.local/lib/python3.12/site-packages/airflow/example_dags/example_bash_operator.py took 0.133 seconds
[2024-10-03T07:11:54.317+0000] {processor.py:186} INFO - Started process (PID=2099) to work on /home/airflow/.local/lib/python3.12/site-packages/airflow/example_dags/example_bash_operator.py
[2024-10-03T07:11:54.319+0000] {processor.py:914} INFO - Processing file /home/airflow/.local/lib/python3.12/site-packages/airflow/example_dags/example_bash_operator.py for tasks to queue
[2024-10-03T07:11:54.320+0000] {logging_mixin.py:190} INFO - [2024-10-03T07:11:54.320+0000] {dagbag.py:588} INFO - Filling up the DagBag from /home/airflow/.local/lib/python3.12/site-packages/airflow/example_dags/example_bash_operator.py
[2024-10-03T07:11:54.334+0000] {processor.py:925} INFO - DAG(s) 'example_bash_operator' retrieved from /home/airflow/.local/lib/python3.12/site-packages/airflow/example_dags/example_bash_operator.py
[2024-10-03T07:11:54.369+0000] {logging_mixin.py:190} INFO - [2024-10-03T07:11:54.368+0000] {dag.py:3239} INFO - Sync 1 DAGs
[2024-10-03T07:11:54.396+0000] {logging_mixin.py:190} INFO - [2024-10-03T07:11:54.396+0000] {dag.py:4180} INFO - Setting next_dagrun for example_bash_operator to 2024-10-02 00:00:00+00:00, run_after=2024-10-03 00:00:00+00:00
[2024-10-03T07:11:54.423+0000] {processor.py:208} INFO - Processing /home/airflow/.local/lib/python3.12/site-packages/airflow/example_dags/example_bash_operator.py took 0.112 seconds
[2024-10-03T07:12:24.846+0000] {processor.py:186} INFO - Started process (PID=2156) to work on /home/airflow/.local/lib/python3.12/site-packages/airflow/example_dags/example_bash_operator.py
[2024-10-03T07:12:24.847+0000] {processor.py:914} INFO - Processing file /home/airflow/.local/lib/python3.12/site-packages/airflow/example_dags/example_bash_operator.py for tasks to queue
[2024-10-03T07:12:24.848+0000] {logging_mixin.py:190} INFO - [2024-10-03T07:12:24.848+0000] {dagbag.py:588} INFO - Filling up the DagBag from /home/airflow/.local/lib/python3.12/site-packages/airflow/example_dags/example_bash_operator.py
[2024-10-03T07:12:24.862+0000] {processor.py:925} INFO - DAG(s) 'example_bash_operator' retrieved from /home/airflow/.local/lib/python3.12/site-packages/airflow/example_dags/example_bash_operator.py
[2024-10-03T07:12:24.898+0000] {logging_mixin.py:190} INFO - [2024-10-03T07:12:24.898+0000] {dag.py:3239} INFO - Sync 1 DAGs
[2024-10-03T07:12:24.928+0000] {logging_mixin.py:190} INFO - [2024-10-03T07:12:24.927+0000] {dag.py:4180} INFO - Setting next_dagrun for example_bash_operator to 2024-10-02 00:00:00+00:00, run_after=2024-10-03 00:00:00+00:00
[2024-10-03T07:12:24.954+0000] {processor.py:208} INFO - Processing /home/airflow/.local/lib/python3.12/site-packages/airflow/example_dags/example_bash_operator.py took 0.115 seconds
[2024-10-03T07:12:55.573+0000] {processor.py:186} INFO - Started process (PID=2216) to work on /home/airflow/.local/lib/python3.12/site-packages/airflow/example_dags/example_bash_operator.py
[2024-10-03T07:12:55.575+0000] {processor.py:914} INFO - Processing file /home/airflow/.local/lib/python3.12/site-packages/airflow/example_dags/example_bash_operator.py for tasks to queue
[2024-10-03T07:12:55.577+0000] {logging_mixin.py:190} INFO - [2024-10-03T07:12:55.576+0000] {dagbag.py:588} INFO - Filling up the DagBag from /home/airflow/.local/lib/python3.12/site-packages/airflow/example_dags/example_bash_operator.py
[2024-10-03T07:12:55.593+0000] {processor.py:925} INFO - DAG(s) 'example_bash_operator' retrieved from /home/airflow/.local/lib/python3.12/site-packages/airflow/example_dags/example_bash_operator.py
[2024-10-03T07:12:55.629+0000] {logging_mixin.py:190} INFO - [2024-10-03T07:12:55.629+0000] {dag.py:3239} INFO - Sync 1 DAGs
[2024-10-03T07:12:55.662+0000] {logging_mixin.py:190} INFO - [2024-10-03T07:12:55.662+0000] {dag.py:4180} INFO - Setting next_dagrun for example_bash_operator to 2024-10-02 00:00:00+00:00, run_after=2024-10-03 00:00:00+00:00
[2024-10-03T07:12:55.693+0000] {processor.py:208} INFO - Processing /home/airflow/.local/lib/python3.12/site-packages/airflow/example_dags/example_bash_operator.py took 0.127 seconds
[2024-10-03T07:13:25.804+0000] {processor.py:186} INFO - Started process (PID=2279) to work on /home/airflow/.local/lib/python3.12/site-packages/airflow/example_dags/example_bash_operator.py
[2024-10-03T07:13:25.805+0000] {processor.py:914} INFO - Processing file /home/airflow/.local/lib/python3.12/site-packages/airflow/example_dags/example_bash_operator.py for tasks to queue
[2024-10-03T07:13:25.806+0000] {logging_mixin.py:190} INFO - [2024-10-03T07:13:25.806+0000] {dagbag.py:588} INFO - Filling up the DagBag from /home/airflow/.local/lib/python3.12/site-packages/airflow/example_dags/example_bash_operator.py
[2024-10-03T07:13:25.821+0000] {processor.py:925} INFO - DAG(s) 'example_bash_operator' retrieved from /home/airflow/.local/lib/python3.12/site-packages/airflow/example_dags/example_bash_operator.py
[2024-10-03T07:13:25.854+0000] {logging_mixin.py:190} INFO - [2024-10-03T07:13:25.854+0000] {dag.py:3239} INFO - Sync 1 DAGs
[2024-10-03T07:13:25.883+0000] {logging_mixin.py:190} INFO - [2024-10-03T07:13:25.883+0000] {dag.py:4180} INFO - Setting next_dagrun for example_bash_operator to 2024-10-02 00:00:00+00:00, run_after=2024-10-03 00:00:00+00:00
[2024-10-03T07:13:25.912+0000] {processor.py:208} INFO - Processing /home/airflow/.local/lib/python3.12/site-packages/airflow/example_dags/example_bash_operator.py took 0.115 seconds
[2024-10-03T07:13:56.402+0000] {processor.py:186} INFO - Started process (PID=2342) to work on /home/airflow/.local/lib/python3.12/site-packages/airflow/example_dags/example_bash_operator.py
[2024-10-03T07:13:56.404+0000] {processor.py:914} INFO - Processing file /home/airflow/.local/lib/python3.12/site-packages/airflow/example_dags/example_bash_operator.py for tasks to queue
[2024-10-03T07:13:56.406+0000] {logging_mixin.py:190} INFO - [2024-10-03T07:13:56.406+0000] {dagbag.py:588} INFO - Filling up the DagBag from /home/airflow/.local/lib/python3.12/site-packages/airflow/example_dags/example_bash_operator.py
[2024-10-03T07:13:56.427+0000] {processor.py:925} INFO - DAG(s) 'example_bash_operator' retrieved from /home/airflow/.local/lib/python3.12/site-packages/airflow/example_dags/example_bash_operator.py
[2024-10-03T07:13:56.484+0000] {logging_mixin.py:190} INFO - [2024-10-03T07:13:56.483+0000] {dag.py:3239} INFO - Sync 1 DAGs
[2024-10-03T07:13:56.533+0000] {logging_mixin.py:190} INFO - [2024-10-03T07:13:56.532+0000] {dag.py:4180} INFO - Setting next_dagrun for example_bash_operator to 2024-10-02 00:00:00+00:00, run_after=2024-10-03 00:00:00+00:00
[2024-10-03T07:13:56.575+0000] {processor.py:208} INFO - Processing /home/airflow/.local/lib/python3.12/site-packages/airflow/example_dags/example_bash_operator.py took 0.183 seconds
[2024-10-03T07:14:26.772+0000] {processor.py:186} INFO - Started process (PID=2405) to work on /home/airflow/.local/lib/python3.12/site-packages/airflow/example_dags/example_bash_operator.py
[2024-10-03T07:14:26.774+0000] {processor.py:914} INFO - Processing file /home/airflow/.local/lib/python3.12/site-packages/airflow/example_dags/example_bash_operator.py for tasks to queue
[2024-10-03T07:14:26.776+0000] {logging_mixin.py:190} INFO - [2024-10-03T07:14:26.776+0000] {dagbag.py:588} INFO - Filling up the DagBag from /home/airflow/.local/lib/python3.12/site-packages/airflow/example_dags/example_bash_operator.py
[2024-10-03T07:14:26.791+0000] {processor.py:925} INFO - DAG(s) 'example_bash_operator' retrieved from /home/airflow/.local/lib/python3.12/site-packages/airflow/example_dags/example_bash_operator.py
[2024-10-03T07:14:26.822+0000] {logging_mixin.py:190} INFO - [2024-10-03T07:14:26.822+0000] {dag.py:3239} INFO - Sync 1 DAGs
[2024-10-03T07:14:26.848+0000] {logging_mixin.py:190} INFO - [2024-10-03T07:14:26.848+0000] {dag.py:4180} INFO - Setting next_dagrun for example_bash_operator to 2024-10-02 00:00:00+00:00, run_after=2024-10-03 00:00:00+00:00
[2024-10-03T07:14:26.875+0000] {processor.py:208} INFO - Processing /home/airflow/.local/lib/python3.12/site-packages/airflow/example_dags/example_bash_operator.py took 0.109 seconds
[2024-10-03T07:14:56.956+0000] {processor.py:186} INFO - Started process (PID=2468) to work on /home/airflow/.local/lib/python3.12/site-packages/airflow/example_dags/example_bash_operator.py
[2024-10-03T07:14:56.957+0000] {processor.py:914} INFO - Processing file /home/airflow/.local/lib/python3.12/site-packages/airflow/example_dags/example_bash_operator.py for tasks to queue
[2024-10-03T07:14:56.959+0000] {logging_mixin.py:190} INFO - [2024-10-03T07:14:56.959+0000] {dagbag.py:588} INFO - Filling up the DagBag from /home/airflow/.local/lib/python3.12/site-packages/airflow/example_dags/example_bash_operator.py
[2024-10-03T07:14:56.972+0000] {processor.py:925} INFO - DAG(s) 'example_bash_operator' retrieved from /home/airflow/.local/lib/python3.12/site-packages/airflow/example_dags/example_bash_operator.py
[2024-10-03T07:14:57.001+0000] {logging_mixin.py:190} INFO - [2024-10-03T07:14:57.000+0000] {dag.py:3239} INFO - Sync 1 DAGs
[2024-10-03T07:14:57.028+0000] {logging_mixin.py:190} INFO - [2024-10-03T07:14:57.028+0000] {dag.py:4180} INFO - Setting next_dagrun for example_bash_operator to 2024-10-02 00:00:00+00:00, run_after=2024-10-03 00:00:00+00:00
[2024-10-03T07:14:57.057+0000] {processor.py:208} INFO - Processing /home/airflow/.local/lib/python3.12/site-packages/airflow/example_dags/example_bash_operator.py took 0.108 seconds
[2024-10-03T07:15:27.796+0000] {processor.py:186} INFO - Started process (PID=2530) to work on /home/airflow/.local/lib/python3.12/site-packages/airflow/example_dags/example_bash_operator.py
[2024-10-03T07:15:27.798+0000] {processor.py:914} INFO - Processing file /home/airflow/.local/lib/python3.12/site-packages/airflow/example_dags/example_bash_operator.py for tasks to queue
[2024-10-03T07:15:27.799+0000] {logging_mixin.py:190} INFO - [2024-10-03T07:15:27.799+0000] {dagbag.py:588} INFO - Filling up the DagBag from /home/airflow/.local/lib/python3.12/site-packages/airflow/example_dags/example_bash_operator.py
[2024-10-03T07:15:27.814+0000] {processor.py:925} INFO - DAG(s) 'example_bash_operator' retrieved from /home/airflow/.local/lib/python3.12/site-packages/airflow/example_dags/example_bash_operator.py
[2024-10-03T07:15:27.846+0000] {logging_mixin.py:190} INFO - [2024-10-03T07:15:27.845+0000] {dag.py:3239} INFO - Sync 1 DAGs
[2024-10-03T07:15:27.876+0000] {logging_mixin.py:190} INFO - [2024-10-03T07:15:27.876+0000] {dag.py:4180} INFO - Setting next_dagrun for example_bash_operator to 2024-10-02 00:00:00+00:00, run_after=2024-10-03 00:00:00+00:00
[2024-10-03T07:15:27.905+0000] {processor.py:208} INFO - Processing /home/airflow/.local/lib/python3.12/site-packages/airflow/example_dags/example_bash_operator.py took 0.115 seconds
[2024-10-03T07:15:58.230+0000] {processor.py:186} INFO - Started process (PID=2593) to work on /home/airflow/.local/lib/python3.12/site-packages/airflow/example_dags/example_bash_operator.py
[2024-10-03T07:15:58.231+0000] {processor.py:914} INFO - Processing file /home/airflow/.local/lib/python3.12/site-packages/airflow/example_dags/example_bash_operator.py for tasks to queue
[2024-10-03T07:15:58.233+0000] {logging_mixin.py:190} INFO - [2024-10-03T07:15:58.232+0000] {dagbag.py:588} INFO - Filling up the DagBag from /home/airflow/.local/lib/python3.12/site-packages/airflow/example_dags/example_bash_operator.py
[2024-10-03T07:15:58.247+0000] {processor.py:925} INFO - DAG(s) 'example_bash_operator' retrieved from /home/airflow/.local/lib/python3.12/site-packages/airflow/example_dags/example_bash_operator.py
[2024-10-03T07:15:58.281+0000] {logging_mixin.py:190} INFO - [2024-10-03T07:15:58.280+0000] {dag.py:3239} INFO - Sync 1 DAGs
[2024-10-03T07:15:58.312+0000] {logging_mixin.py:190} INFO - [2024-10-03T07:15:58.312+0000] {dag.py:4180} INFO - Setting next_dagrun for example_bash_operator to 2024-10-02 00:00:00+00:00, run_after=2024-10-03 00:00:00+00:00
[2024-10-03T07:15:58.339+0000] {processor.py:208} INFO - Processing /home/airflow/.local/lib/python3.12/site-packages/airflow/example_dags/example_bash_operator.py took 0.115 seconds
[2024-10-03T07:16:28.734+0000] {processor.py:186} INFO - Started process (PID=2656) to work on /home/airflow/.local/lib/python3.12/site-packages/airflow/example_dags/example_bash_operator.py
[2024-10-03T07:16:28.736+0000] {processor.py:914} INFO - Processing file /home/airflow/.local/lib/python3.12/site-packages/airflow/example_dags/example_bash_operator.py for tasks to queue
[2024-10-03T07:16:28.738+0000] {logging_mixin.py:190} INFO - [2024-10-03T07:16:28.737+0000] {dagbag.py:588} INFO - Filling up the DagBag from /home/airflow/.local/lib/python3.12/site-packages/airflow/example_dags/example_bash_operator.py
[2024-10-03T07:16:28.753+0000] {processor.py:925} INFO - DAG(s) 'example_bash_operator' retrieved from /home/airflow/.local/lib/python3.12/site-packages/airflow/example_dags/example_bash_operator.py
[2024-10-03T07:16:28.784+0000] {logging_mixin.py:190} INFO - [2024-10-03T07:16:28.784+0000] {dag.py:3239} INFO - Sync 1 DAGs
[2024-10-03T07:16:28.812+0000] {logging_mixin.py:190} INFO - [2024-10-03T07:16:28.812+0000] {dag.py:4180} INFO - Setting next_dagrun for example_bash_operator to 2024-10-02 00:00:00+00:00, run_after=2024-10-03 00:00:00+00:00
[2024-10-03T07:16:28.836+0000] {processor.py:208} INFO - Processing /home/airflow/.local/lib/python3.12/site-packages/airflow/example_dags/example_bash_operator.py took 0.108 seconds
[2024-10-03T07:16:59.324+0000] {processor.py:186} INFO - Started process (PID=2719) to work on /home/airflow/.local/lib/python3.12/site-packages/airflow/example_dags/example_bash_operator.py
[2024-10-03T07:16:59.326+0000] {processor.py:914} INFO - Processing file /home/airflow/.local/lib/python3.12/site-packages/airflow/example_dags/example_bash_operator.py for tasks to queue
[2024-10-03T07:16:59.328+0000] {logging_mixin.py:190} INFO - [2024-10-03T07:16:59.327+0000] {dagbag.py:588} INFO - Filling up the DagBag from /home/airflow/.local/lib/python3.12/site-packages/airflow/example_dags/example_bash_operator.py
[2024-10-03T07:16:59.341+0000] {processor.py:925} INFO - DAG(s) 'example_bash_operator' retrieved from /home/airflow/.local/lib/python3.12/site-packages/airflow/example_dags/example_bash_operator.py
[2024-10-03T07:16:59.371+0000] {logging_mixin.py:190} INFO - [2024-10-03T07:16:59.371+0000] {dag.py:3239} INFO - Sync 1 DAGs
[2024-10-03T07:16:59.399+0000] {logging_mixin.py:190} INFO - [2024-10-03T07:16:59.399+0000] {dag.py:4180} INFO - Setting next_dagrun for example_bash_operator to 2024-10-02 00:00:00+00:00, run_after=2024-10-03 00:00:00+00:00
[2024-10-03T07:16:59.424+0000] {processor.py:208} INFO - Processing /home/airflow/.local/lib/python3.12/site-packages/airflow/example_dags/example_bash_operator.py took 0.108 seconds
[2024-10-03T07:17:29.683+0000] {processor.py:186} INFO - Started process (PID=2782) to work on /home/airflow/.local/lib/python3.12/site-packages/airflow/example_dags/example_bash_operator.py
[2024-10-03T07:17:29.685+0000] {processor.py:914} INFO - Processing file /home/airflow/.local/lib/python3.12/site-packages/airflow/example_dags/example_bash_operator.py for tasks to queue
[2024-10-03T07:17:29.687+0000] {logging_mixin.py:190} INFO - [2024-10-03T07:17:29.687+0000] {dagbag.py:588} INFO - Filling up the DagBag from /home/airflow/.local/lib/python3.12/site-packages/airflow/example_dags/example_bash_operator.py
[2024-10-03T07:17:29.704+0000] {processor.py:925} INFO - DAG(s) 'example_bash_operator' retrieved from /home/airflow/.local/lib/python3.12/site-packages/airflow/example_dags/example_bash_operator.py
[2024-10-03T07:17:29.739+0000] {logging_mixin.py:190} INFO - [2024-10-03T07:17:29.739+0000] {dag.py:3239} INFO - Sync 1 DAGs
[2024-10-03T07:17:29.768+0000] {logging_mixin.py:190} INFO - [2024-10-03T07:17:29.767+0000] {dag.py:4180} INFO - Setting next_dagrun for example_bash_operator to 2024-10-02 00:00:00+00:00, run_after=2024-10-03 00:00:00+00:00
[2024-10-03T07:17:29.795+0000] {processor.py:208} INFO - Processing /home/airflow/.local/lib/python3.12/site-packages/airflow/example_dags/example_bash_operator.py took 0.120 seconds
[2024-10-03T07:18:00.462+0000] {processor.py:186} INFO - Started process (PID=2845) to work on /home/airflow/.local/lib/python3.12/site-packages/airflow/example_dags/example_bash_operator.py
[2024-10-03T07:18:00.463+0000] {processor.py:914} INFO - Processing file /home/airflow/.local/lib/python3.12/site-packages/airflow/example_dags/example_bash_operator.py for tasks to queue
[2024-10-03T07:18:00.465+0000] {logging_mixin.py:190} INFO - [2024-10-03T07:18:00.465+0000] {dagbag.py:588} INFO - Filling up the DagBag from /home/airflow/.local/lib/python3.12/site-packages/airflow/example_dags/example_bash_operator.py
[2024-10-03T07:18:00.480+0000] {processor.py:925} INFO - DAG(s) 'example_bash_operator' retrieved from /home/airflow/.local/lib/python3.12/site-packages/airflow/example_dags/example_bash_operator.py
[2024-10-03T07:18:00.520+0000] {logging_mixin.py:190} INFO - [2024-10-03T07:18:00.519+0000] {dag.py:3239} INFO - Sync 1 DAGs
[2024-10-03T07:18:00.633+0000] {logging_mixin.py:190} INFO - [2024-10-03T07:18:00.633+0000] {dag.py:4180} INFO - Setting next_dagrun for example_bash_operator to 2024-10-02 00:00:00+00:00, run_after=2024-10-03 00:00:00+00:00
[2024-10-03T07:18:00.861+0000] {processor.py:208} INFO - Processing /home/airflow/.local/lib/python3.12/site-packages/airflow/example_dags/example_bash_operator.py took 0.406 seconds
[2024-10-03T07:18:31.613+0000] {processor.py:186} INFO - Started process (PID=2908) to work on /home/airflow/.local/lib/python3.12/site-packages/airflow/example_dags/example_bash_operator.py
[2024-10-03T07:18:31.615+0000] {processor.py:914} INFO - Processing file /home/airflow/.local/lib/python3.12/site-packages/airflow/example_dags/example_bash_operator.py for tasks to queue
[2024-10-03T07:18:31.617+0000] {logging_mixin.py:190} INFO - [2024-10-03T07:18:31.616+0000] {dagbag.py:588} INFO - Filling up the DagBag from /home/airflow/.local/lib/python3.12/site-packages/airflow/example_dags/example_bash_operator.py
[2024-10-03T07:18:31.634+0000] {processor.py:925} INFO - DAG(s) 'example_bash_operator' retrieved from /home/airflow/.local/lib/python3.12/site-packages/airflow/example_dags/example_bash_operator.py
[2024-10-03T07:18:31.673+0000] {logging_mixin.py:190} INFO - [2024-10-03T07:18:31.672+0000] {dag.py:3239} INFO - Sync 1 DAGs
[2024-10-03T07:18:31.733+0000] {logging_mixin.py:190} INFO - [2024-10-03T07:18:31.732+0000] {dag.py:4180} INFO - Setting next_dagrun for example_bash_operator to 2024-10-02 00:00:00+00:00, run_after=2024-10-03 00:00:00+00:00
[2024-10-03T07:18:31.772+0000] {processor.py:208} INFO - Processing /home/airflow/.local/lib/python3.12/site-packages/airflow/example_dags/example_bash_operator.py took 0.165 seconds
[2024-10-03T07:19:02.302+0000] {processor.py:186} INFO - Started process (PID=2971) to work on /home/airflow/.local/lib/python3.12/site-packages/airflow/example_dags/example_bash_operator.py
[2024-10-03T07:19:02.303+0000] {processor.py:914} INFO - Processing file /home/airflow/.local/lib/python3.12/site-packages/airflow/example_dags/example_bash_operator.py for tasks to queue
[2024-10-03T07:19:02.305+0000] {logging_mixin.py:190} INFO - [2024-10-03T07:19:02.304+0000] {dagbag.py:588} INFO - Filling up the DagBag from /home/airflow/.local/lib/python3.12/site-packages/airflow/example_dags/example_bash_operator.py
[2024-10-03T07:19:02.319+0000] {processor.py:925} INFO - DAG(s) 'example_bash_operator' retrieved from /home/airflow/.local/lib/python3.12/site-packages/airflow/example_dags/example_bash_operator.py
[2024-10-03T07:19:02.351+0000] {logging_mixin.py:190} INFO - [2024-10-03T07:19:02.351+0000] {dag.py:3239} INFO - Sync 1 DAGs
[2024-10-03T07:19:02.378+0000] {logging_mixin.py:190} INFO - [2024-10-03T07:19:02.377+0000] {dag.py:4180} INFO - Setting next_dagrun for example_bash_operator to 2024-10-02 00:00:00+00:00, run_after=2024-10-03 00:00:00+00:00
[2024-10-03T07:19:02.404+0000] {processor.py:208} INFO - Processing /home/airflow/.local/lib/python3.12/site-packages/airflow/example_dags/example_bash_operator.py took 0.109 seconds
