[2024-10-03T06:33:46.639+0000] {processor.py:157} INFO - Started process (PID=102) to work on /home/airflow/.local/lib/python3.8/site-packages/airflow/example_dags/example_task_group_decorator.py
[2024-10-03T06:33:46.715+0000] {processor.py:829} INFO - Processing file /home/airflow/.local/lib/python3.8/site-packages/airflow/example_dags/example_task_group_decorator.py for tasks to queue
[2024-10-03T06:33:46.737+0000] {logging_mixin.py:151} INFO - [2024-10-03T06:33:46.736+0000] {dagbag.py:539} INFO - Filling up the DagBag from /home/airflow/.local/lib/python3.8/site-packages/airflow/example_dags/example_task_group_decorator.py
[2024-10-03T06:33:55.231+0000] {processor.py:839} INFO - DAG(s) dict_keys(['example_task_group_decorator']) retrieved from /home/airflow/.local/lib/python3.8/site-packages/airflow/example_dags/example_task_group_decorator.py
[2024-10-03T06:33:55.863+0000] {logging_mixin.py:151} INFO - [2024-10-03T06:33:55.862+0000] {manager.py:501} INFO - Created Permission View: can delete on DAG:example_task_group_decorator
[2024-10-03T06:33:55.894+0000] {logging_mixin.py:151} INFO - [2024-10-03T06:33:55.894+0000] {manager.py:501} INFO - Created Permission View: can read on DAG:example_task_group_decorator
[2024-10-03T06:33:55.913+0000] {logging_mixin.py:151} INFO - [2024-10-03T06:33:55.913+0000] {manager.py:501} INFO - Created Permission View: can edit on DAG:example_task_group_decorator
[2024-10-03T06:33:55.949+0000] {logging_mixin.py:151} INFO - [2024-10-03T06:33:55.949+0000] {dag.py:2907} INFO - Sync 1 DAGs
[2024-10-03T06:33:55.971+0000] {logging_mixin.py:151} INFO - [2024-10-03T06:33:55.970+0000] {dag.py:2929} INFO - Creating ORM DAG for example_task_group_decorator
[2024-10-03T06:33:56.010+0000] {logging_mixin.py:151} INFO - [2024-10-03T06:33:56.010+0000] {dag.py:3677} INFO - Setting next_dagrun for example_task_group_decorator to 2024-10-02T06:33:56.008683+00:00, run_after=2024-10-03T06:33:56.008683+00:00
[2024-10-03T06:33:56.105+0000] {processor.py:179} INFO - Processing /home/airflow/.local/lib/python3.8/site-packages/airflow/example_dags/example_task_group_decorator.py took 9.484 seconds
[2024-10-03T06:34:26.235+0000] {processor.py:157} INFO - Started process (PID=160) to work on /home/airflow/.local/lib/python3.8/site-packages/airflow/example_dags/example_task_group_decorator.py
[2024-10-03T06:34:26.237+0000] {processor.py:829} INFO - Processing file /home/airflow/.local/lib/python3.8/site-packages/airflow/example_dags/example_task_group_decorator.py for tasks to queue
[2024-10-03T06:34:26.241+0000] {logging_mixin.py:151} INFO - [2024-10-03T06:34:26.241+0000] {dagbag.py:539} INFO - Filling up the DagBag from /home/airflow/.local/lib/python3.8/site-packages/airflow/example_dags/example_task_group_decorator.py
[2024-10-03T06:34:26.276+0000] {processor.py:839} INFO - DAG(s) dict_keys(['example_task_group_decorator']) retrieved from /home/airflow/.local/lib/python3.8/site-packages/airflow/example_dags/example_task_group_decorator.py
[2024-10-03T06:34:26.347+0000] {logging_mixin.py:151} INFO - [2024-10-03T06:34:26.347+0000] {dag.py:2907} INFO - Sync 1 DAGs
[2024-10-03T06:34:26.422+0000] {logging_mixin.py:151} INFO - [2024-10-03T06:34:26.422+0000] {dag.py:3677} INFO - Setting next_dagrun for example_task_group_decorator to 2024-10-02T06:34:26.421727+00:00, run_after=2024-10-03T06:34:26.421727+00:00
[2024-10-03T06:34:26.473+0000] {processor.py:179} INFO - Processing /home/airflow/.local/lib/python3.8/site-packages/airflow/example_dags/example_task_group_decorator.py took 0.245 seconds
[2024-10-03T06:34:57.468+0000] {processor.py:157} INFO - Started process (PID=218) to work on /home/airflow/.local/lib/python3.8/site-packages/airflow/example_dags/example_task_group_decorator.py
[2024-10-03T06:34:57.471+0000] {processor.py:829} INFO - Processing file /home/airflow/.local/lib/python3.8/site-packages/airflow/example_dags/example_task_group_decorator.py for tasks to queue
[2024-10-03T06:34:57.478+0000] {logging_mixin.py:151} INFO - [2024-10-03T06:34:57.477+0000] {dagbag.py:539} INFO - Filling up the DagBag from /home/airflow/.local/lib/python3.8/site-packages/airflow/example_dags/example_task_group_decorator.py
[2024-10-03T06:34:57.511+0000] {processor.py:839} INFO - DAG(s) dict_keys(['example_task_group_decorator']) retrieved from /home/airflow/.local/lib/python3.8/site-packages/airflow/example_dags/example_task_group_decorator.py
[2024-10-03T06:34:57.562+0000] {logging_mixin.py:151} INFO - [2024-10-03T06:34:57.561+0000] {dag.py:2907} INFO - Sync 1 DAGs
[2024-10-03T06:34:57.613+0000] {logging_mixin.py:151} INFO - [2024-10-03T06:34:57.613+0000] {dag.py:3677} INFO - Setting next_dagrun for example_task_group_decorator to 2024-10-02T06:34:57.612792+00:00, run_after=2024-10-03T06:34:57.612792+00:00
[2024-10-03T06:34:57.675+0000] {processor.py:179} INFO - Processing /home/airflow/.local/lib/python3.8/site-packages/airflow/example_dags/example_task_group_decorator.py took 0.213 seconds
[2024-10-03T06:35:28.379+0000] {processor.py:157} INFO - Started process (PID=283) to work on /home/airflow/.local/lib/python3.8/site-packages/airflow/example_dags/example_task_group_decorator.py
[2024-10-03T06:35:28.385+0000] {processor.py:829} INFO - Processing file /home/airflow/.local/lib/python3.8/site-packages/airflow/example_dags/example_task_group_decorator.py for tasks to queue
[2024-10-03T06:35:28.389+0000] {logging_mixin.py:151} INFO - [2024-10-03T06:35:28.388+0000] {dagbag.py:539} INFO - Filling up the DagBag from /home/airflow/.local/lib/python3.8/site-packages/airflow/example_dags/example_task_group_decorator.py
[2024-10-03T06:35:28.417+0000] {processor.py:839} INFO - DAG(s) dict_keys(['example_task_group_decorator']) retrieved from /home/airflow/.local/lib/python3.8/site-packages/airflow/example_dags/example_task_group_decorator.py
[2024-10-03T06:35:28.471+0000] {logging_mixin.py:151} INFO - [2024-10-03T06:35:28.470+0000] {dag.py:2907} INFO - Sync 1 DAGs
[2024-10-03T06:35:28.517+0000] {logging_mixin.py:151} INFO - [2024-10-03T06:35:28.517+0000] {dag.py:3677} INFO - Setting next_dagrun for example_task_group_decorator to 2024-10-02T06:35:28.517084+00:00, run_after=2024-10-03T06:35:28.517084+00:00
[2024-10-03T06:35:28.570+0000] {processor.py:179} INFO - Processing /home/airflow/.local/lib/python3.8/site-packages/airflow/example_dags/example_task_group_decorator.py took 0.197 seconds
[2024-10-03T06:35:59.666+0000] {processor.py:157} INFO - Started process (PID=342) to work on /home/airflow/.local/lib/python3.8/site-packages/airflow/example_dags/example_task_group_decorator.py
[2024-10-03T06:35:59.669+0000] {processor.py:829} INFO - Processing file /home/airflow/.local/lib/python3.8/site-packages/airflow/example_dags/example_task_group_decorator.py for tasks to queue
[2024-10-03T06:35:59.673+0000] {logging_mixin.py:151} INFO - [2024-10-03T06:35:59.673+0000] {dagbag.py:539} INFO - Filling up the DagBag from /home/airflow/.local/lib/python3.8/site-packages/airflow/example_dags/example_task_group_decorator.py
[2024-10-03T06:35:59.702+0000] {processor.py:839} INFO - DAG(s) dict_keys(['example_task_group_decorator']) retrieved from /home/airflow/.local/lib/python3.8/site-packages/airflow/example_dags/example_task_group_decorator.py
[2024-10-03T06:35:59.761+0000] {logging_mixin.py:151} INFO - [2024-10-03T06:35:59.760+0000] {dag.py:2907} INFO - Sync 1 DAGs
[2024-10-03T06:35:59.809+0000] {logging_mixin.py:151} INFO - [2024-10-03T06:35:59.809+0000] {dag.py:3677} INFO - Setting next_dagrun for example_task_group_decorator to 2024-10-02T06:35:59.809095+00:00, run_after=2024-10-03T06:35:59.809095+00:00
[2024-10-03T06:35:59.855+0000] {processor.py:179} INFO - Processing /home/airflow/.local/lib/python3.8/site-packages/airflow/example_dags/example_task_group_decorator.py took 0.195 seconds
[2024-10-03T06:36:30.194+0000] {processor.py:157} INFO - Started process (PID=400) to work on /home/airflow/.local/lib/python3.8/site-packages/airflow/example_dags/example_task_group_decorator.py
[2024-10-03T06:36:30.205+0000] {processor.py:829} INFO - Processing file /home/airflow/.local/lib/python3.8/site-packages/airflow/example_dags/example_task_group_decorator.py for tasks to queue
[2024-10-03T06:36:30.215+0000] {logging_mixin.py:151} INFO - [2024-10-03T06:36:30.213+0000] {dagbag.py:539} INFO - Filling up the DagBag from /home/airflow/.local/lib/python3.8/site-packages/airflow/example_dags/example_task_group_decorator.py
[2024-10-03T06:36:30.282+0000] {processor.py:839} INFO - DAG(s) dict_keys(['example_task_group_decorator']) retrieved from /home/airflow/.local/lib/python3.8/site-packages/airflow/example_dags/example_task_group_decorator.py
[2024-10-03T06:36:30.335+0000] {logging_mixin.py:151} INFO - [2024-10-03T06:36:30.334+0000] {dag.py:2907} INFO - Sync 1 DAGs
[2024-10-03T06:36:30.375+0000] {logging_mixin.py:151} INFO - [2024-10-03T06:36:30.375+0000] {dag.py:3677} INFO - Setting next_dagrun for example_task_group_decorator to 2024-10-02T06:36:30.375243+00:00, run_after=2024-10-03T06:36:30.375243+00:00
[2024-10-03T06:36:30.426+0000] {processor.py:179} INFO - Processing /home/airflow/.local/lib/python3.8/site-packages/airflow/example_dags/example_task_group_decorator.py took 0.243 seconds
[2024-10-03T06:41:13.790+0000] {processor.py:157} INFO - Started process (PID=95) to work on /home/airflow/.local/lib/python3.8/site-packages/airflow/example_dags/example_task_group_decorator.py
[2024-10-03T06:41:13.795+0000] {processor.py:829} INFO - Processing file /home/airflow/.local/lib/python3.8/site-packages/airflow/example_dags/example_task_group_decorator.py for tasks to queue
[2024-10-03T06:41:13.807+0000] {logging_mixin.py:151} INFO - [2024-10-03T06:41:13.805+0000] {dagbag.py:539} INFO - Filling up the DagBag from /home/airflow/.local/lib/python3.8/site-packages/airflow/example_dags/example_task_group_decorator.py
[2024-10-03T06:41:14.529+0000] {processor.py:839} INFO - DAG(s) dict_keys(['example_task_group_decorator']) retrieved from /home/airflow/.local/lib/python3.8/site-packages/airflow/example_dags/example_task_group_decorator.py
[2024-10-03T06:41:14.624+0000] {logging_mixin.py:151} INFO - [2024-10-03T06:41:14.624+0000] {dag.py:2907} INFO - Sync 1 DAGs
[2024-10-03T06:41:14.687+0000] {logging_mixin.py:151} INFO - [2024-10-03T06:41:14.687+0000] {dag.py:3677} INFO - Setting next_dagrun for example_task_group_decorator to 2024-10-02T06:41:14.680818+00:00, run_after=2024-10-03T06:41:14.680818+00:00
[2024-10-03T06:41:14.762+0000] {processor.py:179} INFO - Processing /home/airflow/.local/lib/python3.8/site-packages/airflow/example_dags/example_task_group_decorator.py took 0.983 seconds
[2024-10-03T06:41:45.571+0000] {processor.py:157} INFO - Started process (PID=153) to work on /home/airflow/.local/lib/python3.8/site-packages/airflow/example_dags/example_task_group_decorator.py
[2024-10-03T06:41:45.575+0000] {processor.py:829} INFO - Processing file /home/airflow/.local/lib/python3.8/site-packages/airflow/example_dags/example_task_group_decorator.py for tasks to queue
[2024-10-03T06:41:45.584+0000] {logging_mixin.py:151} INFO - [2024-10-03T06:41:45.583+0000] {dagbag.py:539} INFO - Filling up the DagBag from /home/airflow/.local/lib/python3.8/site-packages/airflow/example_dags/example_task_group_decorator.py
[2024-10-03T06:41:45.643+0000] {processor.py:839} INFO - DAG(s) dict_keys(['example_task_group_decorator']) retrieved from /home/airflow/.local/lib/python3.8/site-packages/airflow/example_dags/example_task_group_decorator.py
[2024-10-03T06:41:45.721+0000] {logging_mixin.py:151} INFO - [2024-10-03T06:41:45.720+0000] {dag.py:2907} INFO - Sync 1 DAGs
[2024-10-03T06:41:45.796+0000] {logging_mixin.py:151} INFO - [2024-10-03T06:41:45.796+0000] {dag.py:3677} INFO - Setting next_dagrun for example_task_group_decorator to 2024-10-02T06:41:45.795298+00:00, run_after=2024-10-03T06:41:45.795298+00:00
[2024-10-03T06:41:45.861+0000] {processor.py:179} INFO - Processing /home/airflow/.local/lib/python3.8/site-packages/airflow/example_dags/example_task_group_decorator.py took 0.300 seconds
[2024-10-03T06:42:16.349+0000] {processor.py:157} INFO - Started process (PID=210) to work on /home/airflow/.local/lib/python3.8/site-packages/airflow/example_dags/example_task_group_decorator.py
[2024-10-03T06:42:16.351+0000] {processor.py:829} INFO - Processing file /home/airflow/.local/lib/python3.8/site-packages/airflow/example_dags/example_task_group_decorator.py for tasks to queue
[2024-10-03T06:42:16.357+0000] {logging_mixin.py:151} INFO - [2024-10-03T06:42:16.357+0000] {dagbag.py:539} INFO - Filling up the DagBag from /home/airflow/.local/lib/python3.8/site-packages/airflow/example_dags/example_task_group_decorator.py
[2024-10-03T06:42:16.413+0000] {processor.py:839} INFO - DAG(s) dict_keys(['example_task_group_decorator']) retrieved from /home/airflow/.local/lib/python3.8/site-packages/airflow/example_dags/example_task_group_decorator.py
[2024-10-03T06:42:16.492+0000] {logging_mixin.py:151} INFO - [2024-10-03T06:42:16.492+0000] {dag.py:2907} INFO - Sync 1 DAGs
[2024-10-03T06:42:16.535+0000] {logging_mixin.py:151} INFO - [2024-10-03T06:42:16.535+0000] {dag.py:3677} INFO - Setting next_dagrun for example_task_group_decorator to 2024-10-02T06:42:16.533183+00:00, run_after=2024-10-03T06:42:16.533183+00:00
[2024-10-03T06:42:16.578+0000] {processor.py:179} INFO - Processing /home/airflow/.local/lib/python3.8/site-packages/airflow/example_dags/example_task_group_decorator.py took 0.235 seconds
[2024-10-03T06:42:49.741+0000] {processor.py:157} INFO - Started process (PID=268) to work on /home/airflow/.local/lib/python3.8/site-packages/airflow/example_dags/example_task_group_decorator.py
[2024-10-03T06:42:49.744+0000] {processor.py:829} INFO - Processing file /home/airflow/.local/lib/python3.8/site-packages/airflow/example_dags/example_task_group_decorator.py for tasks to queue
[2024-10-03T06:42:49.751+0000] {logging_mixin.py:151} INFO - [2024-10-03T06:42:49.750+0000] {dagbag.py:539} INFO - Filling up the DagBag from /home/airflow/.local/lib/python3.8/site-packages/airflow/example_dags/example_task_group_decorator.py
[2024-10-03T06:42:49.805+0000] {processor.py:839} INFO - DAG(s) dict_keys(['example_task_group_decorator']) retrieved from /home/airflow/.local/lib/python3.8/site-packages/airflow/example_dags/example_task_group_decorator.py
[2024-10-03T06:42:50.632+0000] {logging_mixin.py:151} INFO - [2024-10-03T06:42:50.631+0000] {dag.py:2907} INFO - Sync 1 DAGs
[2024-10-03T06:42:50.733+0000] {logging_mixin.py:151} INFO - [2024-10-03T06:42:50.732+0000] {dag.py:3677} INFO - Setting next_dagrun for example_task_group_decorator to 2024-10-02T06:42:50.730928+00:00, run_after=2024-10-03T06:42:50.730928+00:00
[2024-10-03T06:42:50.805+0000] {processor.py:179} INFO - Processing /home/airflow/.local/lib/python3.8/site-packages/airflow/example_dags/example_task_group_decorator.py took 1.072 seconds
[2024-10-03T06:52:39.241+0000] {processor.py:186} INFO - Started process (PID=92) to work on /home/airflow/.local/lib/python3.12/site-packages/airflow/example_dags/example_task_group_decorator.py
[2024-10-03T06:52:39.245+0000] {processor.py:914} INFO - Processing file /home/airflow/.local/lib/python3.12/site-packages/airflow/example_dags/example_task_group_decorator.py for tasks to queue
[2024-10-03T06:52:39.252+0000] {logging_mixin.py:190} INFO - [2024-10-03T06:52:39.251+0000] {dagbag.py:588} INFO - Filling up the DagBag from /home/airflow/.local/lib/python3.12/site-packages/airflow/example_dags/example_task_group_decorator.py
[2024-10-03T06:52:39.333+0000] {processor.py:925} INFO - DAG(s) 'example_task_group_decorator' retrieved from /home/airflow/.local/lib/python3.12/site-packages/airflow/example_dags/example_task_group_decorator.py
[2024-10-03T06:52:40.373+0000] {logging_mixin.py:190} INFO - [2024-10-03T06:52:40.369+0000] {dag.py:3239} INFO - Sync 1 DAGs
[2024-10-03T06:52:40.485+0000] {logging_mixin.py:190} INFO - [2024-10-03T06:52:40.485+0000] {dag.py:4180} INFO - Setting next_dagrun for example_task_group_decorator to None, run_after=None
[2024-10-03T06:52:40.662+0000] {processor.py:208} INFO - Processing /home/airflow/.local/lib/python3.12/site-packages/airflow/example_dags/example_task_group_decorator.py took 1.434 seconds
[2024-10-03T06:53:11.790+0000] {processor.py:186} INFO - Started process (PID=155) to work on /home/airflow/.local/lib/python3.12/site-packages/airflow/example_dags/example_task_group_decorator.py
[2024-10-03T06:53:11.794+0000] {processor.py:914} INFO - Processing file /home/airflow/.local/lib/python3.12/site-packages/airflow/example_dags/example_task_group_decorator.py for tasks to queue
[2024-10-03T06:53:11.801+0000] {logging_mixin.py:190} INFO - [2024-10-03T06:53:11.800+0000] {dagbag.py:588} INFO - Filling up the DagBag from /home/airflow/.local/lib/python3.12/site-packages/airflow/example_dags/example_task_group_decorator.py
[2024-10-03T06:53:11.876+0000] {processor.py:925} INFO - DAG(s) 'example_task_group_decorator' retrieved from /home/airflow/.local/lib/python3.12/site-packages/airflow/example_dags/example_task_group_decorator.py
[2024-10-03T06:53:11.968+0000] {logging_mixin.py:190} INFO - [2024-10-03T06:53:11.967+0000] {dag.py:3239} INFO - Sync 1 DAGs
[2024-10-03T06:53:12.012+0000] {logging_mixin.py:190} INFO - [2024-10-03T06:53:12.012+0000] {dag.py:4180} INFO - Setting next_dagrun for example_task_group_decorator to None, run_after=None
[2024-10-03T06:53:12.089+0000] {processor.py:208} INFO - Processing /home/airflow/.local/lib/python3.12/site-packages/airflow/example_dags/example_task_group_decorator.py took 0.318 seconds
[2024-10-03T06:53:42.273+0000] {processor.py:186} INFO - Started process (PID=219) to work on /home/airflow/.local/lib/python3.12/site-packages/airflow/example_dags/example_task_group_decorator.py
[2024-10-03T06:53:42.275+0000] {processor.py:914} INFO - Processing file /home/airflow/.local/lib/python3.12/site-packages/airflow/example_dags/example_task_group_decorator.py for tasks to queue
[2024-10-03T06:53:42.278+0000] {logging_mixin.py:190} INFO - [2024-10-03T06:53:42.278+0000] {dagbag.py:588} INFO - Filling up the DagBag from /home/airflow/.local/lib/python3.12/site-packages/airflow/example_dags/example_task_group_decorator.py
[2024-10-03T06:53:42.300+0000] {processor.py:925} INFO - DAG(s) 'example_task_group_decorator' retrieved from /home/airflow/.local/lib/python3.12/site-packages/airflow/example_dags/example_task_group_decorator.py
[2024-10-03T06:53:42.348+0000] {logging_mixin.py:190} INFO - [2024-10-03T06:53:42.347+0000] {dag.py:3239} INFO - Sync 1 DAGs
[2024-10-03T06:53:42.370+0000] {logging_mixin.py:190} INFO - [2024-10-03T06:53:42.370+0000] {dag.py:4180} INFO - Setting next_dagrun for example_task_group_decorator to None, run_after=None
[2024-10-03T06:53:42.424+0000] {processor.py:208} INFO - Processing /home/airflow/.local/lib/python3.12/site-packages/airflow/example_dags/example_task_group_decorator.py took 0.159 seconds
[2024-10-03T06:54:13.157+0000] {processor.py:186} INFO - Started process (PID=283) to work on /home/airflow/.local/lib/python3.12/site-packages/airflow/example_dags/example_task_group_decorator.py
[2024-10-03T06:54:13.160+0000] {processor.py:914} INFO - Processing file /home/airflow/.local/lib/python3.12/site-packages/airflow/example_dags/example_task_group_decorator.py for tasks to queue
[2024-10-03T06:54:13.165+0000] {logging_mixin.py:190} INFO - [2024-10-03T06:54:13.164+0000] {dagbag.py:588} INFO - Filling up the DagBag from /home/airflow/.local/lib/python3.12/site-packages/airflow/example_dags/example_task_group_decorator.py
[2024-10-03T06:54:13.218+0000] {processor.py:925} INFO - DAG(s) 'example_task_group_decorator' retrieved from /home/airflow/.local/lib/python3.12/site-packages/airflow/example_dags/example_task_group_decorator.py
[2024-10-03T06:54:13.279+0000] {logging_mixin.py:190} INFO - [2024-10-03T06:54:13.279+0000] {dag.py:3239} INFO - Sync 1 DAGs
[2024-10-03T06:54:13.301+0000] {logging_mixin.py:190} INFO - [2024-10-03T06:54:13.300+0000] {dag.py:4180} INFO - Setting next_dagrun for example_task_group_decorator to None, run_after=None
[2024-10-03T06:54:13.342+0000] {processor.py:208} INFO - Processing /home/airflow/.local/lib/python3.12/site-packages/airflow/example_dags/example_task_group_decorator.py took 0.194 seconds
[2024-10-03T06:54:43.581+0000] {processor.py:186} INFO - Started process (PID=347) to work on /home/airflow/.local/lib/python3.12/site-packages/airflow/example_dags/example_task_group_decorator.py
[2024-10-03T06:54:43.585+0000] {processor.py:914} INFO - Processing file /home/airflow/.local/lib/python3.12/site-packages/airflow/example_dags/example_task_group_decorator.py for tasks to queue
[2024-10-03T06:54:43.590+0000] {logging_mixin.py:190} INFO - [2024-10-03T06:54:43.589+0000] {dagbag.py:588} INFO - Filling up the DagBag from /home/airflow/.local/lib/python3.12/site-packages/airflow/example_dags/example_task_group_decorator.py
[2024-10-03T06:54:43.617+0000] {processor.py:925} INFO - DAG(s) 'example_task_group_decorator' retrieved from /home/airflow/.local/lib/python3.12/site-packages/airflow/example_dags/example_task_group_decorator.py
[2024-10-03T06:54:43.653+0000] {logging_mixin.py:190} INFO - [2024-10-03T06:54:43.653+0000] {dag.py:3239} INFO - Sync 1 DAGs
[2024-10-03T06:54:43.680+0000] {logging_mixin.py:190} INFO - [2024-10-03T06:54:43.680+0000] {dag.py:4180} INFO - Setting next_dagrun for example_task_group_decorator to None, run_after=None
[2024-10-03T06:54:43.718+0000] {processor.py:208} INFO - Processing /home/airflow/.local/lib/python3.12/site-packages/airflow/example_dags/example_task_group_decorator.py took 0.149 seconds
[2024-10-03T06:55:14.829+0000] {processor.py:186} INFO - Started process (PID=411) to work on /home/airflow/.local/lib/python3.12/site-packages/airflow/example_dags/example_task_group_decorator.py
[2024-10-03T06:55:14.836+0000] {processor.py:914} INFO - Processing file /home/airflow/.local/lib/python3.12/site-packages/airflow/example_dags/example_task_group_decorator.py for tasks to queue
[2024-10-03T06:55:14.842+0000] {logging_mixin.py:190} INFO - [2024-10-03T06:55:14.841+0000] {dagbag.py:588} INFO - Filling up the DagBag from /home/airflow/.local/lib/python3.12/site-packages/airflow/example_dags/example_task_group_decorator.py
[2024-10-03T06:55:14.871+0000] {processor.py:925} INFO - DAG(s) 'example_task_group_decorator' retrieved from /home/airflow/.local/lib/python3.12/site-packages/airflow/example_dags/example_task_group_decorator.py
[2024-10-03T06:55:14.911+0000] {logging_mixin.py:190} INFO - [2024-10-03T06:55:14.911+0000] {dag.py:3239} INFO - Sync 1 DAGs
[2024-10-03T06:55:14.938+0000] {logging_mixin.py:190} INFO - [2024-10-03T06:55:14.938+0000] {dag.py:4180} INFO - Setting next_dagrun for example_task_group_decorator to None, run_after=None
[2024-10-03T06:55:14.983+0000] {processor.py:208} INFO - Processing /home/airflow/.local/lib/python3.12/site-packages/airflow/example_dags/example_task_group_decorator.py took 0.163 seconds
[2024-10-03T06:55:45.335+0000] {processor.py:186} INFO - Started process (PID=475) to work on /home/airflow/.local/lib/python3.12/site-packages/airflow/example_dags/example_task_group_decorator.py
[2024-10-03T06:55:45.337+0000] {processor.py:914} INFO - Processing file /home/airflow/.local/lib/python3.12/site-packages/airflow/example_dags/example_task_group_decorator.py for tasks to queue
[2024-10-03T06:55:45.342+0000] {logging_mixin.py:190} INFO - [2024-10-03T06:55:45.341+0000] {dagbag.py:588} INFO - Filling up the DagBag from /home/airflow/.local/lib/python3.12/site-packages/airflow/example_dags/example_task_group_decorator.py
[2024-10-03T06:55:45.376+0000] {processor.py:925} INFO - DAG(s) 'example_task_group_decorator' retrieved from /home/airflow/.local/lib/python3.12/site-packages/airflow/example_dags/example_task_group_decorator.py
[2024-10-03T06:55:45.460+0000] {logging_mixin.py:190} INFO - [2024-10-03T06:55:45.460+0000] {dag.py:3239} INFO - Sync 1 DAGs
[2024-10-03T06:55:45.486+0000] {logging_mixin.py:190} INFO - [2024-10-03T06:55:45.485+0000] {dag.py:4180} INFO - Setting next_dagrun for example_task_group_decorator to None, run_after=None
[2024-10-03T06:55:45.514+0000] {processor.py:208} INFO - Processing /home/airflow/.local/lib/python3.12/site-packages/airflow/example_dags/example_task_group_decorator.py took 0.188 seconds
[2024-10-03T06:56:16.313+0000] {processor.py:186} INFO - Started process (PID=538) to work on /home/airflow/.local/lib/python3.12/site-packages/airflow/example_dags/example_task_group_decorator.py
[2024-10-03T06:56:16.331+0000] {processor.py:914} INFO - Processing file /home/airflow/.local/lib/python3.12/site-packages/airflow/example_dags/example_task_group_decorator.py for tasks to queue
[2024-10-03T06:56:16.340+0000] {logging_mixin.py:190} INFO - [2024-10-03T06:56:16.339+0000] {dagbag.py:588} INFO - Filling up the DagBag from /home/airflow/.local/lib/python3.12/site-packages/airflow/example_dags/example_task_group_decorator.py
[2024-10-03T06:56:16.472+0000] {processor.py:925} INFO - DAG(s) 'example_task_group_decorator' retrieved from /home/airflow/.local/lib/python3.12/site-packages/airflow/example_dags/example_task_group_decorator.py
[2024-10-03T06:56:16.653+0000] {logging_mixin.py:190} INFO - [2024-10-03T06:56:16.652+0000] {dag.py:3239} INFO - Sync 1 DAGs
[2024-10-03T06:56:16.781+0000] {logging_mixin.py:190} INFO - [2024-10-03T06:56:16.780+0000] {dag.py:4180} INFO - Setting next_dagrun for example_task_group_decorator to None, run_after=None
[2024-10-03T06:56:16.919+0000] {processor.py:208} INFO - Processing /home/airflow/.local/lib/python3.12/site-packages/airflow/example_dags/example_task_group_decorator.py took 0.645 seconds
[2024-10-03T06:56:47.113+0000] {processor.py:186} INFO - Started process (PID=602) to work on /home/airflow/.local/lib/python3.12/site-packages/airflow/example_dags/example_task_group_decorator.py
[2024-10-03T06:56:47.114+0000] {processor.py:914} INFO - Processing file /home/airflow/.local/lib/python3.12/site-packages/airflow/example_dags/example_task_group_decorator.py for tasks to queue
[2024-10-03T06:56:47.118+0000] {logging_mixin.py:190} INFO - [2024-10-03T06:56:47.117+0000] {dagbag.py:588} INFO - Filling up the DagBag from /home/airflow/.local/lib/python3.12/site-packages/airflow/example_dags/example_task_group_decorator.py
[2024-10-03T06:56:47.136+0000] {processor.py:925} INFO - DAG(s) 'example_task_group_decorator' retrieved from /home/airflow/.local/lib/python3.12/site-packages/airflow/example_dags/example_task_group_decorator.py
[2024-10-03T06:56:47.163+0000] {logging_mixin.py:190} INFO - [2024-10-03T06:56:47.163+0000] {dag.py:3239} INFO - Sync 1 DAGs
[2024-10-03T06:56:47.179+0000] {logging_mixin.py:190} INFO - [2024-10-03T06:56:47.179+0000] {dag.py:4180} INFO - Setting next_dagrun for example_task_group_decorator to None, run_after=None
[2024-10-03T06:56:47.206+0000] {processor.py:208} INFO - Processing /home/airflow/.local/lib/python3.12/site-packages/airflow/example_dags/example_task_group_decorator.py took 0.100 seconds
[2024-10-03T06:57:18.103+0000] {processor.py:186} INFO - Started process (PID=666) to work on /home/airflow/.local/lib/python3.12/site-packages/airflow/example_dags/example_task_group_decorator.py
[2024-10-03T06:57:18.105+0000] {processor.py:914} INFO - Processing file /home/airflow/.local/lib/python3.12/site-packages/airflow/example_dags/example_task_group_decorator.py for tasks to queue
[2024-10-03T06:57:18.110+0000] {logging_mixin.py:190} INFO - [2024-10-03T06:57:18.109+0000] {dagbag.py:588} INFO - Filling up the DagBag from /home/airflow/.local/lib/python3.12/site-packages/airflow/example_dags/example_task_group_decorator.py
[2024-10-03T06:57:18.138+0000] {processor.py:925} INFO - DAG(s) 'example_task_group_decorator' retrieved from /home/airflow/.local/lib/python3.12/site-packages/airflow/example_dags/example_task_group_decorator.py
[2024-10-03T06:57:18.181+0000] {logging_mixin.py:190} INFO - [2024-10-03T06:57:18.180+0000] {dag.py:3239} INFO - Sync 1 DAGs
[2024-10-03T06:57:18.216+0000] {logging_mixin.py:190} INFO - [2024-10-03T06:57:18.216+0000] {dag.py:4180} INFO - Setting next_dagrun for example_task_group_decorator to None, run_after=None
[2024-10-03T06:57:18.270+0000] {processor.py:208} INFO - Processing /home/airflow/.local/lib/python3.12/site-packages/airflow/example_dags/example_task_group_decorator.py took 0.178 seconds
[2024-10-03T06:57:49.065+0000] {processor.py:186} INFO - Started process (PID=730) to work on /home/airflow/.local/lib/python3.12/site-packages/airflow/example_dags/example_task_group_decorator.py
[2024-10-03T06:57:49.067+0000] {processor.py:914} INFO - Processing file /home/airflow/.local/lib/python3.12/site-packages/airflow/example_dags/example_task_group_decorator.py for tasks to queue
[2024-10-03T06:57:49.070+0000] {logging_mixin.py:190} INFO - [2024-10-03T06:57:49.070+0000] {dagbag.py:588} INFO - Filling up the DagBag from /home/airflow/.local/lib/python3.12/site-packages/airflow/example_dags/example_task_group_decorator.py
[2024-10-03T06:57:49.092+0000] {processor.py:925} INFO - DAG(s) 'example_task_group_decorator' retrieved from /home/airflow/.local/lib/python3.12/site-packages/airflow/example_dags/example_task_group_decorator.py
[2024-10-03T06:57:49.128+0000] {logging_mixin.py:190} INFO - [2024-10-03T06:57:49.127+0000] {dag.py:3239} INFO - Sync 1 DAGs
[2024-10-03T06:57:49.144+0000] {logging_mixin.py:190} INFO - [2024-10-03T06:57:49.144+0000] {dag.py:4180} INFO - Setting next_dagrun for example_task_group_decorator to None, run_after=None
[2024-10-03T06:57:49.178+0000] {processor.py:208} INFO - Processing /home/airflow/.local/lib/python3.12/site-packages/airflow/example_dags/example_task_group_decorator.py took 0.120 seconds
[2024-10-03T06:58:19.268+0000] {processor.py:186} INFO - Started process (PID=794) to work on /home/airflow/.local/lib/python3.12/site-packages/airflow/example_dags/example_task_group_decorator.py
[2024-10-03T06:58:19.269+0000] {processor.py:914} INFO - Processing file /home/airflow/.local/lib/python3.12/site-packages/airflow/example_dags/example_task_group_decorator.py for tasks to queue
[2024-10-03T06:58:19.272+0000] {logging_mixin.py:190} INFO - [2024-10-03T06:58:19.272+0000] {dagbag.py:588} INFO - Filling up the DagBag from /home/airflow/.local/lib/python3.12/site-packages/airflow/example_dags/example_task_group_decorator.py
[2024-10-03T06:58:19.292+0000] {processor.py:925} INFO - DAG(s) 'example_task_group_decorator' retrieved from /home/airflow/.local/lib/python3.12/site-packages/airflow/example_dags/example_task_group_decorator.py
[2024-10-03T06:58:19.322+0000] {logging_mixin.py:190} INFO - [2024-10-03T06:58:19.322+0000] {dag.py:3239} INFO - Sync 1 DAGs
[2024-10-03T06:58:19.342+0000] {logging_mixin.py:190} INFO - [2024-10-03T06:58:19.342+0000] {dag.py:4180} INFO - Setting next_dagrun for example_task_group_decorator to None, run_after=None
[2024-10-03T06:58:19.370+0000] {processor.py:208} INFO - Processing /home/airflow/.local/lib/python3.12/site-packages/airflow/example_dags/example_task_group_decorator.py took 0.109 seconds
[2024-10-03T06:58:50.230+0000] {processor.py:186} INFO - Started process (PID=858) to work on /home/airflow/.local/lib/python3.12/site-packages/airflow/example_dags/example_task_group_decorator.py
[2024-10-03T06:58:50.232+0000] {processor.py:914} INFO - Processing file /home/airflow/.local/lib/python3.12/site-packages/airflow/example_dags/example_task_group_decorator.py for tasks to queue
[2024-10-03T06:58:50.238+0000] {logging_mixin.py:190} INFO - [2024-10-03T06:58:50.237+0000] {dagbag.py:588} INFO - Filling up the DagBag from /home/airflow/.local/lib/python3.12/site-packages/airflow/example_dags/example_task_group_decorator.py
[2024-10-03T06:58:50.273+0000] {processor.py:925} INFO - DAG(s) 'example_task_group_decorator' retrieved from /home/airflow/.local/lib/python3.12/site-packages/airflow/example_dags/example_task_group_decorator.py
[2024-10-03T06:58:50.326+0000] {logging_mixin.py:190} INFO - [2024-10-03T06:58:50.325+0000] {dag.py:3239} INFO - Sync 1 DAGs
[2024-10-03T06:58:50.361+0000] {logging_mixin.py:190} INFO - [2024-10-03T06:58:50.360+0000] {dag.py:4180} INFO - Setting next_dagrun for example_task_group_decorator to None, run_after=None
[2024-10-03T06:58:50.427+0000] {processor.py:208} INFO - Processing /home/airflow/.local/lib/python3.12/site-packages/airflow/example_dags/example_task_group_decorator.py took 0.210 seconds
[2024-10-03T06:59:20.655+0000] {processor.py:186} INFO - Started process (PID=923) to work on /home/airflow/.local/lib/python3.12/site-packages/airflow/example_dags/example_task_group_decorator.py
[2024-10-03T06:59:20.657+0000] {processor.py:914} INFO - Processing file /home/airflow/.local/lib/python3.12/site-packages/airflow/example_dags/example_task_group_decorator.py for tasks to queue
[2024-10-03T06:59:20.660+0000] {logging_mixin.py:190} INFO - [2024-10-03T06:59:20.659+0000] {dagbag.py:588} INFO - Filling up the DagBag from /home/airflow/.local/lib/python3.12/site-packages/airflow/example_dags/example_task_group_decorator.py
[2024-10-03T06:59:20.680+0000] {processor.py:925} INFO - DAG(s) 'example_task_group_decorator' retrieved from /home/airflow/.local/lib/python3.12/site-packages/airflow/example_dags/example_task_group_decorator.py
[2024-10-03T06:59:20.711+0000] {logging_mixin.py:190} INFO - [2024-10-03T06:59:20.710+0000] {dag.py:3239} INFO - Sync 1 DAGs
[2024-10-03T06:59:20.729+0000] {logging_mixin.py:190} INFO - [2024-10-03T06:59:20.729+0000] {dag.py:4180} INFO - Setting next_dagrun for example_task_group_decorator to None, run_after=None
[2024-10-03T06:59:20.758+0000] {processor.py:208} INFO - Processing /home/airflow/.local/lib/python3.12/site-packages/airflow/example_dags/example_task_group_decorator.py took 0.110 seconds
[2024-10-03T07:00:07.235+0000] {processor.py:186} INFO - Started process (PID=973) to work on /home/airflow/.local/lib/python3.12/site-packages/airflow/example_dags/example_task_group_decorator.py
[2024-10-03T07:00:07.236+0000] {processor.py:914} INFO - Processing file /home/airflow/.local/lib/python3.12/site-packages/airflow/example_dags/example_task_group_decorator.py for tasks to queue
[2024-10-03T07:00:07.240+0000] {logging_mixin.py:190} INFO - [2024-10-03T07:00:07.240+0000] {dagbag.py:588} INFO - Filling up the DagBag from /home/airflow/.local/lib/python3.12/site-packages/airflow/example_dags/example_task_group_decorator.py
[2024-10-03T07:00:07.274+0000] {processor.py:925} INFO - DAG(s) 'example_task_group_decorator' retrieved from /home/airflow/.local/lib/python3.12/site-packages/airflow/example_dags/example_task_group_decorator.py
[2024-10-03T07:00:07.327+0000] {logging_mixin.py:190} INFO - [2024-10-03T07:00:07.326+0000] {dag.py:3239} INFO - Sync 1 DAGs
[2024-10-03T07:00:07.360+0000] {logging_mixin.py:190} INFO - [2024-10-03T07:00:07.359+0000] {dag.py:4180} INFO - Setting next_dagrun for example_task_group_decorator to None, run_after=None
[2024-10-03T07:00:07.416+0000] {processor.py:208} INFO - Processing /home/airflow/.local/lib/python3.12/site-packages/airflow/example_dags/example_task_group_decorator.py took 0.192 seconds
[2024-10-03T07:00:38.289+0000] {processor.py:186} INFO - Started process (PID=1037) to work on /home/airflow/.local/lib/python3.12/site-packages/airflow/example_dags/example_task_group_decorator.py
[2024-10-03T07:00:38.291+0000] {processor.py:914} INFO - Processing file /home/airflow/.local/lib/python3.12/site-packages/airflow/example_dags/example_task_group_decorator.py for tasks to queue
[2024-10-03T07:00:38.294+0000] {logging_mixin.py:190} INFO - [2024-10-03T07:00:38.293+0000] {dagbag.py:588} INFO - Filling up the DagBag from /home/airflow/.local/lib/python3.12/site-packages/airflow/example_dags/example_task_group_decorator.py
[2024-10-03T07:00:38.315+0000] {processor.py:925} INFO - DAG(s) 'example_task_group_decorator' retrieved from /home/airflow/.local/lib/python3.12/site-packages/airflow/example_dags/example_task_group_decorator.py
[2024-10-03T07:00:38.349+0000] {logging_mixin.py:190} INFO - [2024-10-03T07:00:38.349+0000] {dag.py:3239} INFO - Sync 1 DAGs
[2024-10-03T07:00:38.368+0000] {logging_mixin.py:190} INFO - [2024-10-03T07:00:38.368+0000] {dag.py:4180} INFO - Setting next_dagrun for example_task_group_decorator to None, run_after=None
[2024-10-03T07:00:38.405+0000] {processor.py:208} INFO - Processing /home/airflow/.local/lib/python3.12/site-packages/airflow/example_dags/example_task_group_decorator.py took 0.122 seconds
[2024-10-03T07:01:17.378+0000] {processor.py:186} INFO - Started process (PID=1100) to work on /home/airflow/.local/lib/python3.12/site-packages/airflow/example_dags/example_task_group_decorator.py
[2024-10-03T07:01:17.381+0000] {processor.py:914} INFO - Processing file /home/airflow/.local/lib/python3.12/site-packages/airflow/example_dags/example_task_group_decorator.py for tasks to queue
[2024-10-03T07:01:17.386+0000] {logging_mixin.py:190} INFO - [2024-10-03T07:01:17.385+0000] {dagbag.py:588} INFO - Filling up the DagBag from /home/airflow/.local/lib/python3.12/site-packages/airflow/example_dags/example_task_group_decorator.py
[2024-10-03T07:01:17.430+0000] {processor.py:925} INFO - DAG(s) 'example_task_group_decorator' retrieved from /home/airflow/.local/lib/python3.12/site-packages/airflow/example_dags/example_task_group_decorator.py
[2024-10-03T07:01:17.500+0000] {logging_mixin.py:190} INFO - [2024-10-03T07:01:17.500+0000] {dag.py:3239} INFO - Sync 1 DAGs
[2024-10-03T07:01:17.543+0000] {logging_mixin.py:190} INFO - [2024-10-03T07:01:17.542+0000] {dag.py:4180} INFO - Setting next_dagrun for example_task_group_decorator to None, run_after=None
[2024-10-03T07:01:17.609+0000] {processor.py:208} INFO - Processing /home/airflow/.local/lib/python3.12/site-packages/airflow/example_dags/example_task_group_decorator.py took 0.247 seconds
[2024-10-03T07:02:36.432+0000] {processor.py:186} INFO - Started process (PID=1157) to work on /home/airflow/.local/lib/python3.12/site-packages/airflow/example_dags/example_task_group_decorator.py
[2024-10-03T07:02:36.434+0000] {processor.py:914} INFO - Processing file /home/airflow/.local/lib/python3.12/site-packages/airflow/example_dags/example_task_group_decorator.py for tasks to queue
[2024-10-03T07:02:36.436+0000] {logging_mixin.py:190} INFO - [2024-10-03T07:02:36.436+0000] {dagbag.py:588} INFO - Filling up the DagBag from /home/airflow/.local/lib/python3.12/site-packages/airflow/example_dags/example_task_group_decorator.py
[2024-10-03T07:02:36.463+0000] {processor.py:925} INFO - DAG(s) 'example_task_group_decorator' retrieved from /home/airflow/.local/lib/python3.12/site-packages/airflow/example_dags/example_task_group_decorator.py
[2024-10-03T07:02:36.508+0000] {logging_mixin.py:190} INFO - [2024-10-03T07:02:36.508+0000] {dag.py:3239} INFO - Sync 1 DAGs
[2024-10-03T07:02:36.544+0000] {logging_mixin.py:190} INFO - [2024-10-03T07:02:36.543+0000] {dag.py:4180} INFO - Setting next_dagrun for example_task_group_decorator to None, run_after=None
[2024-10-03T07:02:36.584+0000] {processor.py:208} INFO - Processing /home/airflow/.local/lib/python3.12/site-packages/airflow/example_dags/example_task_group_decorator.py took 0.160 seconds
[2024-10-03T07:03:07.045+0000] {processor.py:186} INFO - Started process (PID=1219) to work on /home/airflow/.local/lib/python3.12/site-packages/airflow/example_dags/example_task_group_decorator.py
[2024-10-03T07:03:07.047+0000] {processor.py:914} INFO - Processing file /home/airflow/.local/lib/python3.12/site-packages/airflow/example_dags/example_task_group_decorator.py for tasks to queue
[2024-10-03T07:03:07.049+0000] {logging_mixin.py:190} INFO - [2024-10-03T07:03:07.048+0000] {dagbag.py:588} INFO - Filling up the DagBag from /home/airflow/.local/lib/python3.12/site-packages/airflow/example_dags/example_task_group_decorator.py
[2024-10-03T07:03:07.070+0000] {processor.py:925} INFO - DAG(s) 'example_task_group_decorator' retrieved from /home/airflow/.local/lib/python3.12/site-packages/airflow/example_dags/example_task_group_decorator.py
[2024-10-03T07:03:07.107+0000] {logging_mixin.py:190} INFO - [2024-10-03T07:03:07.107+0000] {dag.py:3239} INFO - Sync 1 DAGs
[2024-10-03T07:03:07.131+0000] {logging_mixin.py:190} INFO - [2024-10-03T07:03:07.130+0000] {dag.py:4180} INFO - Setting next_dagrun for example_task_group_decorator to None, run_after=None
[2024-10-03T07:03:07.162+0000] {processor.py:208} INFO - Processing /home/airflow/.local/lib/python3.12/site-packages/airflow/example_dags/example_task_group_decorator.py took 0.124 seconds
[2024-10-03T07:03:37.470+0000] {processor.py:186} INFO - Started process (PID=1282) to work on /home/airflow/.local/lib/python3.12/site-packages/airflow/example_dags/example_task_group_decorator.py
[2024-10-03T07:03:37.471+0000] {processor.py:914} INFO - Processing file /home/airflow/.local/lib/python3.12/site-packages/airflow/example_dags/example_task_group_decorator.py for tasks to queue
[2024-10-03T07:03:37.473+0000] {logging_mixin.py:190} INFO - [2024-10-03T07:03:37.473+0000] {dagbag.py:588} INFO - Filling up the DagBag from /home/airflow/.local/lib/python3.12/site-packages/airflow/example_dags/example_task_group_decorator.py
[2024-10-03T07:03:37.494+0000] {processor.py:925} INFO - DAG(s) 'example_task_group_decorator' retrieved from /home/airflow/.local/lib/python3.12/site-packages/airflow/example_dags/example_task_group_decorator.py
[2024-10-03T07:03:37.525+0000] {logging_mixin.py:190} INFO - [2024-10-03T07:03:37.525+0000] {dag.py:3239} INFO - Sync 1 DAGs
[2024-10-03T07:03:37.546+0000] {logging_mixin.py:190} INFO - [2024-10-03T07:03:37.546+0000] {dag.py:4180} INFO - Setting next_dagrun for example_task_group_decorator to None, run_after=None
[2024-10-03T07:03:37.575+0000] {processor.py:208} INFO - Processing /home/airflow/.local/lib/python3.12/site-packages/airflow/example_dags/example_task_group_decorator.py took 0.112 seconds
[2024-10-03T07:04:08.556+0000] {processor.py:186} INFO - Started process (PID=1346) to work on /home/airflow/.local/lib/python3.12/site-packages/airflow/example_dags/example_task_group_decorator.py
[2024-10-03T07:04:08.557+0000] {processor.py:914} INFO - Processing file /home/airflow/.local/lib/python3.12/site-packages/airflow/example_dags/example_task_group_decorator.py for tasks to queue
[2024-10-03T07:04:08.559+0000] {logging_mixin.py:190} INFO - [2024-10-03T07:04:08.559+0000] {dagbag.py:588} INFO - Filling up the DagBag from /home/airflow/.local/lib/python3.12/site-packages/airflow/example_dags/example_task_group_decorator.py
[2024-10-03T07:04:08.577+0000] {processor.py:925} INFO - DAG(s) 'example_task_group_decorator' retrieved from /home/airflow/.local/lib/python3.12/site-packages/airflow/example_dags/example_task_group_decorator.py
[2024-10-03T07:04:08.613+0000] {logging_mixin.py:190} INFO - [2024-10-03T07:04:08.613+0000] {dag.py:3239} INFO - Sync 1 DAGs
[2024-10-03T07:04:08.632+0000] {logging_mixin.py:190} INFO - [2024-10-03T07:04:08.632+0000] {dag.py:4180} INFO - Setting next_dagrun for example_task_group_decorator to None, run_after=None
[2024-10-03T07:04:08.670+0000] {processor.py:208} INFO - Processing /home/airflow/.local/lib/python3.12/site-packages/airflow/example_dags/example_task_group_decorator.py took 0.121 seconds
[2024-10-03T07:04:39.563+0000] {processor.py:186} INFO - Started process (PID=1409) to work on /home/airflow/.local/lib/python3.12/site-packages/airflow/example_dags/example_task_group_decorator.py
[2024-10-03T07:04:39.565+0000] {processor.py:914} INFO - Processing file /home/airflow/.local/lib/python3.12/site-packages/airflow/example_dags/example_task_group_decorator.py for tasks to queue
[2024-10-03T07:04:39.566+0000] {logging_mixin.py:190} INFO - [2024-10-03T07:04:39.566+0000] {dagbag.py:588} INFO - Filling up the DagBag from /home/airflow/.local/lib/python3.12/site-packages/airflow/example_dags/example_task_group_decorator.py
[2024-10-03T07:04:39.583+0000] {processor.py:925} INFO - DAG(s) 'example_task_group_decorator' retrieved from /home/airflow/.local/lib/python3.12/site-packages/airflow/example_dags/example_task_group_decorator.py
[2024-10-03T07:04:39.612+0000] {logging_mixin.py:190} INFO - [2024-10-03T07:04:39.612+0000] {dag.py:3239} INFO - Sync 1 DAGs
[2024-10-03T07:04:39.630+0000] {logging_mixin.py:190} INFO - [2024-10-03T07:04:39.630+0000] {dag.py:4180} INFO - Setting next_dagrun for example_task_group_decorator to None, run_after=None
[2024-10-03T07:04:39.658+0000] {processor.py:208} INFO - Processing /home/airflow/.local/lib/python3.12/site-packages/airflow/example_dags/example_task_group_decorator.py took 0.101 seconds
[2024-10-03T07:05:10.465+0000] {processor.py:186} INFO - Started process (PID=1470) to work on /home/airflow/.local/lib/python3.12/site-packages/airflow/example_dags/example_task_group_decorator.py
[2024-10-03T07:05:10.469+0000] {processor.py:914} INFO - Processing file /home/airflow/.local/lib/python3.12/site-packages/airflow/example_dags/example_task_group_decorator.py for tasks to queue
[2024-10-03T07:05:10.476+0000] {logging_mixin.py:190} INFO - [2024-10-03T07:05:10.472+0000] {dagbag.py:588} INFO - Filling up the DagBag from /home/airflow/.local/lib/python3.12/site-packages/airflow/example_dags/example_task_group_decorator.py
[2024-10-03T07:05:10.570+0000] {processor.py:925} INFO - DAG(s) 'example_task_group_decorator' retrieved from /home/airflow/.local/lib/python3.12/site-packages/airflow/example_dags/example_task_group_decorator.py
[2024-10-03T07:05:11.105+0000] {logging_mixin.py:190} INFO - [2024-10-03T07:05:11.104+0000] {dag.py:3239} INFO - Sync 1 DAGs
[2024-10-03T07:05:11.152+0000] {logging_mixin.py:190} INFO - [2024-10-03T07:05:11.151+0000] {dag.py:4180} INFO - Setting next_dagrun for example_task_group_decorator to None, run_after=None
[2024-10-03T07:05:11.217+0000] {processor.py:208} INFO - Processing /home/airflow/.local/lib/python3.12/site-packages/airflow/example_dags/example_task_group_decorator.py took 0.813 seconds
[2024-10-03T07:05:41.785+0000] {processor.py:186} INFO - Started process (PID=1527) to work on /home/airflow/.local/lib/python3.12/site-packages/airflow/example_dags/example_task_group_decorator.py
[2024-10-03T07:05:41.790+0000] {processor.py:914} INFO - Processing file /home/airflow/.local/lib/python3.12/site-packages/airflow/example_dags/example_task_group_decorator.py for tasks to queue
[2024-10-03T07:05:41.794+0000] {logging_mixin.py:190} INFO - [2024-10-03T07:05:41.793+0000] {dagbag.py:588} INFO - Filling up the DagBag from /home/airflow/.local/lib/python3.12/site-packages/airflow/example_dags/example_task_group_decorator.py
[2024-10-03T07:05:41.845+0000] {processor.py:925} INFO - DAG(s) 'example_task_group_decorator' retrieved from /home/airflow/.local/lib/python3.12/site-packages/airflow/example_dags/example_task_group_decorator.py
[2024-10-03T07:07:29.705+0000] {processor.py:186} INFO - Started process (PID=1583) to work on /home/airflow/.local/lib/python3.12/site-packages/airflow/example_dags/example_task_group_decorator.py
[2024-10-03T07:07:29.706+0000] {processor.py:914} INFO - Processing file /home/airflow/.local/lib/python3.12/site-packages/airflow/example_dags/example_task_group_decorator.py for tasks to queue
[2024-10-03T07:07:29.708+0000] {logging_mixin.py:190} INFO - [2024-10-03T07:07:29.707+0000] {dagbag.py:588} INFO - Filling up the DagBag from /home/airflow/.local/lib/python3.12/site-packages/airflow/example_dags/example_task_group_decorator.py
[2024-10-03T07:07:29.760+0000] {processor.py:925} INFO - DAG(s) 'example_task_group_decorator' retrieved from /home/airflow/.local/lib/python3.12/site-packages/airflow/example_dags/example_task_group_decorator.py
[2024-10-03T07:07:29.818+0000] {logging_mixin.py:190} INFO - [2024-10-03T07:07:29.818+0000] {dag.py:3239} INFO - Sync 1 DAGs
[2024-10-03T07:07:29.868+0000] {logging_mixin.py:190} INFO - [2024-10-03T07:07:29.868+0000] {dag.py:4180} INFO - Setting next_dagrun for example_task_group_decorator to None, run_after=None
[2024-10-03T07:07:29.907+0000] {processor.py:208} INFO - Processing /home/airflow/.local/lib/python3.12/site-packages/airflow/example_dags/example_task_group_decorator.py took 0.212 seconds
[2024-10-03T07:08:00.517+0000] {processor.py:186} INFO - Started process (PID=1646) to work on /home/airflow/.local/lib/python3.12/site-packages/airflow/example_dags/example_task_group_decorator.py
[2024-10-03T07:08:00.520+0000] {processor.py:914} INFO - Processing file /home/airflow/.local/lib/python3.12/site-packages/airflow/example_dags/example_task_group_decorator.py for tasks to queue
[2024-10-03T07:08:00.522+0000] {logging_mixin.py:190} INFO - [2024-10-03T07:08:00.522+0000] {dagbag.py:588} INFO - Filling up the DagBag from /home/airflow/.local/lib/python3.12/site-packages/airflow/example_dags/example_task_group_decorator.py
[2024-10-03T07:08:00.550+0000] {processor.py:925} INFO - DAG(s) 'example_task_group_decorator' retrieved from /home/airflow/.local/lib/python3.12/site-packages/airflow/example_dags/example_task_group_decorator.py
[2024-10-03T07:08:00.594+0000] {logging_mixin.py:190} INFO - [2024-10-03T07:08:00.594+0000] {dag.py:3239} INFO - Sync 1 DAGs
[2024-10-03T07:08:00.616+0000] {logging_mixin.py:190} INFO - [2024-10-03T07:08:00.615+0000] {dag.py:4180} INFO - Setting next_dagrun for example_task_group_decorator to None, run_after=None
[2024-10-03T07:08:00.641+0000] {processor.py:208} INFO - Processing /home/airflow/.local/lib/python3.12/site-packages/airflow/example_dags/example_task_group_decorator.py took 0.137 seconds
[2024-10-03T07:08:49.651+0000] {processor.py:186} INFO - Started process (PID=1720) to work on /home/airflow/.local/lib/python3.12/site-packages/airflow/example_dags/example_task_group_decorator.py
[2024-10-03T07:08:49.654+0000] {processor.py:914} INFO - Processing file /home/airflow/.local/lib/python3.12/site-packages/airflow/example_dags/example_task_group_decorator.py for tasks to queue
[2024-10-03T07:08:49.657+0000] {logging_mixin.py:190} INFO - [2024-10-03T07:08:49.657+0000] {dagbag.py:588} INFO - Filling up the DagBag from /home/airflow/.local/lib/python3.12/site-packages/airflow/example_dags/example_task_group_decorator.py
[2024-10-03T07:08:49.698+0000] {processor.py:925} INFO - DAG(s) 'example_task_group_decorator' retrieved from /home/airflow/.local/lib/python3.12/site-packages/airflow/example_dags/example_task_group_decorator.py
[2024-10-03T07:08:49.757+0000] {logging_mixin.py:190} INFO - [2024-10-03T07:08:49.756+0000] {dag.py:3239} INFO - Sync 1 DAGs
[2024-10-03T07:08:49.808+0000] {logging_mixin.py:190} INFO - [2024-10-03T07:08:49.807+0000] {dag.py:4180} INFO - Setting next_dagrun for example_task_group_decorator to None, run_after=None
[2024-10-03T07:08:49.862+0000] {processor.py:208} INFO - Processing /home/airflow/.local/lib/python3.12/site-packages/airflow/example_dags/example_task_group_decorator.py took 0.224 seconds
[2024-10-03T07:09:20.421+0000] {processor.py:186} INFO - Started process (PID=1783) to work on /home/airflow/.local/lib/python3.12/site-packages/airflow/example_dags/example_task_group_decorator.py
[2024-10-03T07:09:20.423+0000] {processor.py:914} INFO - Processing file /home/airflow/.local/lib/python3.12/site-packages/airflow/example_dags/example_task_group_decorator.py for tasks to queue
[2024-10-03T07:09:20.425+0000] {logging_mixin.py:190} INFO - [2024-10-03T07:09:20.425+0000] {dagbag.py:588} INFO - Filling up the DagBag from /home/airflow/.local/lib/python3.12/site-packages/airflow/example_dags/example_task_group_decorator.py
[2024-10-03T07:09:20.452+0000] {processor.py:925} INFO - DAG(s) 'example_task_group_decorator' retrieved from /home/airflow/.local/lib/python3.12/site-packages/airflow/example_dags/example_task_group_decorator.py
[2024-10-03T07:09:20.493+0000] {logging_mixin.py:190} INFO - [2024-10-03T07:09:20.492+0000] {dag.py:3239} INFO - Sync 1 DAGs
[2024-10-03T07:09:20.516+0000] {logging_mixin.py:190} INFO - [2024-10-03T07:09:20.515+0000] {dag.py:4180} INFO - Setting next_dagrun for example_task_group_decorator to None, run_after=None
[2024-10-03T07:09:20.558+0000] {processor.py:208} INFO - Processing /home/airflow/.local/lib/python3.12/site-packages/airflow/example_dags/example_task_group_decorator.py took 0.146 seconds
[2024-10-03T07:09:51.438+0000] {processor.py:186} INFO - Started process (PID=1846) to work on /home/airflow/.local/lib/python3.12/site-packages/airflow/example_dags/example_task_group_decorator.py
[2024-10-03T07:09:51.440+0000] {processor.py:914} INFO - Processing file /home/airflow/.local/lib/python3.12/site-packages/airflow/example_dags/example_task_group_decorator.py for tasks to queue
[2024-10-03T07:09:51.442+0000] {logging_mixin.py:190} INFO - [2024-10-03T07:09:51.441+0000] {dagbag.py:588} INFO - Filling up the DagBag from /home/airflow/.local/lib/python3.12/site-packages/airflow/example_dags/example_task_group_decorator.py
[2024-10-03T07:09:51.473+0000] {processor.py:925} INFO - DAG(s) 'example_task_group_decorator' retrieved from /home/airflow/.local/lib/python3.12/site-packages/airflow/example_dags/example_task_group_decorator.py
[2024-10-03T07:09:51.539+0000] {logging_mixin.py:190} INFO - [2024-10-03T07:09:51.538+0000] {dag.py:3239} INFO - Sync 1 DAGs
[2024-10-03T07:09:51.572+0000] {logging_mixin.py:190} INFO - [2024-10-03T07:09:51.571+0000] {dag.py:4180} INFO - Setting next_dagrun for example_task_group_decorator to None, run_after=None
[2024-10-03T07:09:51.607+0000] {processor.py:208} INFO - Processing /home/airflow/.local/lib/python3.12/site-packages/airflow/example_dags/example_task_group_decorator.py took 0.177 seconds
[2024-10-03T07:10:22.043+0000] {processor.py:186} INFO - Started process (PID=1908) to work on /home/airflow/.local/lib/python3.12/site-packages/airflow/example_dags/example_task_group_decorator.py
[2024-10-03T07:10:22.045+0000] {processor.py:914} INFO - Processing file /home/airflow/.local/lib/python3.12/site-packages/airflow/example_dags/example_task_group_decorator.py for tasks to queue
[2024-10-03T07:10:22.047+0000] {logging_mixin.py:190} INFO - [2024-10-03T07:10:22.046+0000] {dagbag.py:588} INFO - Filling up the DagBag from /home/airflow/.local/lib/python3.12/site-packages/airflow/example_dags/example_task_group_decorator.py
[2024-10-03T07:10:22.067+0000] {processor.py:925} INFO - DAG(s) 'example_task_group_decorator' retrieved from /home/airflow/.local/lib/python3.12/site-packages/airflow/example_dags/example_task_group_decorator.py
[2024-10-03T07:10:22.096+0000] {logging_mixin.py:190} INFO - [2024-10-03T07:10:22.096+0000] {dag.py:3239} INFO - Sync 1 DAGs
[2024-10-03T07:10:22.114+0000] {logging_mixin.py:190} INFO - [2024-10-03T07:10:22.114+0000] {dag.py:4180} INFO - Setting next_dagrun for example_task_group_decorator to None, run_after=None
[2024-10-03T07:10:22.142+0000] {processor.py:208} INFO - Processing /home/airflow/.local/lib/python3.12/site-packages/airflow/example_dags/example_task_group_decorator.py took 0.105 seconds
[2024-10-03T07:10:52.663+0000] {processor.py:186} INFO - Started process (PID=1971) to work on /home/airflow/.local/lib/python3.12/site-packages/airflow/example_dags/example_task_group_decorator.py
[2024-10-03T07:10:52.664+0000] {processor.py:914} INFO - Processing file /home/airflow/.local/lib/python3.12/site-packages/airflow/example_dags/example_task_group_decorator.py for tasks to queue
[2024-10-03T07:10:52.667+0000] {logging_mixin.py:190} INFO - [2024-10-03T07:10:52.666+0000] {dagbag.py:588} INFO - Filling up the DagBag from /home/airflow/.local/lib/python3.12/site-packages/airflow/example_dags/example_task_group_decorator.py
[2024-10-03T07:10:52.685+0000] {processor.py:925} INFO - DAG(s) 'example_task_group_decorator' retrieved from /home/airflow/.local/lib/python3.12/site-packages/airflow/example_dags/example_task_group_decorator.py
[2024-10-03T07:10:52.717+0000] {logging_mixin.py:190} INFO - [2024-10-03T07:10:52.717+0000] {dag.py:3239} INFO - Sync 1 DAGs
[2024-10-03T07:10:52.734+0000] {logging_mixin.py:190} INFO - [2024-10-03T07:10:52.733+0000] {dag.py:4180} INFO - Setting next_dagrun for example_task_group_decorator to None, run_after=None
[2024-10-03T07:10:52.760+0000] {processor.py:208} INFO - Processing /home/airflow/.local/lib/python3.12/site-packages/airflow/example_dags/example_task_group_decorator.py took 0.104 seconds
[2024-10-03T07:11:23.187+0000] {processor.py:186} INFO - Started process (PID=2034) to work on /home/airflow/.local/lib/python3.12/site-packages/airflow/example_dags/example_task_group_decorator.py
[2024-10-03T07:11:23.189+0000] {processor.py:914} INFO - Processing file /home/airflow/.local/lib/python3.12/site-packages/airflow/example_dags/example_task_group_decorator.py for tasks to queue
[2024-10-03T07:11:23.190+0000] {logging_mixin.py:190} INFO - [2024-10-03T07:11:23.190+0000] {dagbag.py:588} INFO - Filling up the DagBag from /home/airflow/.local/lib/python3.12/site-packages/airflow/example_dags/example_task_group_decorator.py
[2024-10-03T07:11:23.208+0000] {processor.py:925} INFO - DAG(s) 'example_task_group_decorator' retrieved from /home/airflow/.local/lib/python3.12/site-packages/airflow/example_dags/example_task_group_decorator.py
[2024-10-03T07:11:23.239+0000] {logging_mixin.py:190} INFO - [2024-10-03T07:11:23.239+0000] {dag.py:3239} INFO - Sync 1 DAGs
[2024-10-03T07:11:23.256+0000] {logging_mixin.py:190} INFO - [2024-10-03T07:11:23.256+0000] {dag.py:4180} INFO - Setting next_dagrun for example_task_group_decorator to None, run_after=None
[2024-10-03T07:11:23.287+0000] {processor.py:208} INFO - Processing /home/airflow/.local/lib/python3.12/site-packages/airflow/example_dags/example_task_group_decorator.py took 0.107 seconds
[2024-10-03T07:11:53.770+0000] {processor.py:186} INFO - Started process (PID=2092) to work on /home/airflow/.local/lib/python3.12/site-packages/airflow/example_dags/example_task_group_decorator.py
[2024-10-03T07:11:53.772+0000] {processor.py:914} INFO - Processing file /home/airflow/.local/lib/python3.12/site-packages/airflow/example_dags/example_task_group_decorator.py for tasks to queue
[2024-10-03T07:11:53.773+0000] {logging_mixin.py:190} INFO - [2024-10-03T07:11:53.773+0000] {dagbag.py:588} INFO - Filling up the DagBag from /home/airflow/.local/lib/python3.12/site-packages/airflow/example_dags/example_task_group_decorator.py
[2024-10-03T07:11:53.791+0000] {processor.py:925} INFO - DAG(s) 'example_task_group_decorator' retrieved from /home/airflow/.local/lib/python3.12/site-packages/airflow/example_dags/example_task_group_decorator.py
[2024-10-03T07:11:53.826+0000] {logging_mixin.py:190} INFO - [2024-10-03T07:11:53.825+0000] {dag.py:3239} INFO - Sync 1 DAGs
[2024-10-03T07:11:53.846+0000] {logging_mixin.py:190} INFO - [2024-10-03T07:11:53.846+0000] {dag.py:4180} INFO - Setting next_dagrun for example_task_group_decorator to None, run_after=None
[2024-10-03T07:11:53.878+0000] {processor.py:208} INFO - Processing /home/airflow/.local/lib/python3.12/site-packages/airflow/example_dags/example_task_group_decorator.py took 0.114 seconds
[2024-10-03T07:12:24.793+0000] {processor.py:186} INFO - Started process (PID=2155) to work on /home/airflow/.local/lib/python3.12/site-packages/airflow/example_dags/example_task_group_decorator.py
[2024-10-03T07:12:24.795+0000] {processor.py:914} INFO - Processing file /home/airflow/.local/lib/python3.12/site-packages/airflow/example_dags/example_task_group_decorator.py for tasks to queue
[2024-10-03T07:12:24.798+0000] {logging_mixin.py:190} INFO - [2024-10-03T07:12:24.797+0000] {dagbag.py:588} INFO - Filling up the DagBag from /home/airflow/.local/lib/python3.12/site-packages/airflow/example_dags/example_task_group_decorator.py
[2024-10-03T07:12:24.816+0000] {processor.py:925} INFO - DAG(s) 'example_task_group_decorator' retrieved from /home/airflow/.local/lib/python3.12/site-packages/airflow/example_dags/example_task_group_decorator.py
[2024-10-03T07:12:24.849+0000] {logging_mixin.py:190} INFO - [2024-10-03T07:12:24.849+0000] {dag.py:3239} INFO - Sync 1 DAGs
[2024-10-03T07:12:24.865+0000] {logging_mixin.py:190} INFO - [2024-10-03T07:12:24.865+0000] {dag.py:4180} INFO - Setting next_dagrun for example_task_group_decorator to None, run_after=None
[2024-10-03T07:12:24.891+0000] {processor.py:208} INFO - Processing /home/airflow/.local/lib/python3.12/site-packages/airflow/example_dags/example_task_group_decorator.py took 0.105 seconds
[2024-10-03T07:12:55.574+0000] {processor.py:186} INFO - Started process (PID=2215) to work on /home/airflow/.local/lib/python3.12/site-packages/airflow/example_dags/example_task_group_decorator.py
[2024-10-03T07:12:55.575+0000] {processor.py:914} INFO - Processing file /home/airflow/.local/lib/python3.12/site-packages/airflow/example_dags/example_task_group_decorator.py for tasks to queue
[2024-10-03T07:12:55.577+0000] {logging_mixin.py:190} INFO - [2024-10-03T07:12:55.576+0000] {dagbag.py:588} INFO - Filling up the DagBag from /home/airflow/.local/lib/python3.12/site-packages/airflow/example_dags/example_task_group_decorator.py
[2024-10-03T07:12:55.598+0000] {processor.py:925} INFO - DAG(s) 'example_task_group_decorator' retrieved from /home/airflow/.local/lib/python3.12/site-packages/airflow/example_dags/example_task_group_decorator.py
[2024-10-03T07:12:55.629+0000] {logging_mixin.py:190} INFO - [2024-10-03T07:12:55.629+0000] {dag.py:3239} INFO - Sync 1 DAGs
[2024-10-03T07:12:55.647+0000] {logging_mixin.py:190} INFO - [2024-10-03T07:12:55.647+0000] {dag.py:4180} INFO - Setting next_dagrun for example_task_group_decorator to None, run_after=None
[2024-10-03T07:12:55.677+0000] {processor.py:208} INFO - Processing /home/airflow/.local/lib/python3.12/site-packages/airflow/example_dags/example_task_group_decorator.py took 0.111 seconds
[2024-10-03T07:13:25.801+0000] {processor.py:186} INFO - Started process (PID=2278) to work on /home/airflow/.local/lib/python3.12/site-packages/airflow/example_dags/example_task_group_decorator.py
[2024-10-03T07:13:25.803+0000] {processor.py:914} INFO - Processing file /home/airflow/.local/lib/python3.12/site-packages/airflow/example_dags/example_task_group_decorator.py for tasks to queue
[2024-10-03T07:13:25.805+0000] {logging_mixin.py:190} INFO - [2024-10-03T07:13:25.805+0000] {dagbag.py:588} INFO - Filling up the DagBag from /home/airflow/.local/lib/python3.12/site-packages/airflow/example_dags/example_task_group_decorator.py
[2024-10-03T07:13:25.822+0000] {processor.py:925} INFO - DAG(s) 'example_task_group_decorator' retrieved from /home/airflow/.local/lib/python3.12/site-packages/airflow/example_dags/example_task_group_decorator.py
[2024-10-03T07:13:25.852+0000] {logging_mixin.py:190} INFO - [2024-10-03T07:13:25.852+0000] {dag.py:3239} INFO - Sync 1 DAGs
[2024-10-03T07:13:25.870+0000] {logging_mixin.py:190} INFO - [2024-10-03T07:13:25.870+0000] {dag.py:4180} INFO - Setting next_dagrun for example_task_group_decorator to None, run_after=None
[2024-10-03T07:13:25.901+0000] {processor.py:208} INFO - Processing /home/airflow/.local/lib/python3.12/site-packages/airflow/example_dags/example_task_group_decorator.py took 0.107 seconds
[2024-10-03T07:13:56.397+0000] {processor.py:186} INFO - Started process (PID=2341) to work on /home/airflow/.local/lib/python3.12/site-packages/airflow/example_dags/example_task_group_decorator.py
[2024-10-03T07:13:56.400+0000] {processor.py:914} INFO - Processing file /home/airflow/.local/lib/python3.12/site-packages/airflow/example_dags/example_task_group_decorator.py for tasks to queue
[2024-10-03T07:13:56.403+0000] {logging_mixin.py:190} INFO - [2024-10-03T07:13:56.402+0000] {dagbag.py:588} INFO - Filling up the DagBag from /home/airflow/.local/lib/python3.12/site-packages/airflow/example_dags/example_task_group_decorator.py
[2024-10-03T07:13:56.426+0000] {processor.py:925} INFO - DAG(s) 'example_task_group_decorator' retrieved from /home/airflow/.local/lib/python3.12/site-packages/airflow/example_dags/example_task_group_decorator.py
[2024-10-03T07:13:56.477+0000] {logging_mixin.py:190} INFO - [2024-10-03T07:13:56.476+0000] {dag.py:3239} INFO - Sync 1 DAGs
[2024-10-03T07:13:56.509+0000] {logging_mixin.py:190} INFO - [2024-10-03T07:13:56.508+0000] {dag.py:4180} INFO - Setting next_dagrun for example_task_group_decorator to None, run_after=None
[2024-10-03T07:13:56.543+0000] {processor.py:208} INFO - Processing /home/airflow/.local/lib/python3.12/site-packages/airflow/example_dags/example_task_group_decorator.py took 0.154 seconds
[2024-10-03T07:14:26.615+0000] {processor.py:186} INFO - Started process (PID=2404) to work on /home/airflow/.local/lib/python3.12/site-packages/airflow/example_dags/example_task_group_decorator.py
[2024-10-03T07:14:26.616+0000] {processor.py:914} INFO - Processing file /home/airflow/.local/lib/python3.12/site-packages/airflow/example_dags/example_task_group_decorator.py for tasks to queue
[2024-10-03T07:14:26.618+0000] {logging_mixin.py:190} INFO - [2024-10-03T07:14:26.618+0000] {dagbag.py:588} INFO - Filling up the DagBag from /home/airflow/.local/lib/python3.12/site-packages/airflow/example_dags/example_task_group_decorator.py
[2024-10-03T07:14:26.634+0000] {processor.py:925} INFO - DAG(s) 'example_task_group_decorator' retrieved from /home/airflow/.local/lib/python3.12/site-packages/airflow/example_dags/example_task_group_decorator.py
[2024-10-03T07:14:26.665+0000] {logging_mixin.py:190} INFO - [2024-10-03T07:14:26.665+0000] {dag.py:3239} INFO - Sync 1 DAGs
[2024-10-03T07:14:26.682+0000] {logging_mixin.py:190} INFO - [2024-10-03T07:14:26.682+0000] {dag.py:4180} INFO - Setting next_dagrun for example_task_group_decorator to None, run_after=None
[2024-10-03T07:14:26.711+0000] {processor.py:208} INFO - Processing /home/airflow/.local/lib/python3.12/site-packages/airflow/example_dags/example_task_group_decorator.py took 0.103 seconds
[2024-10-03T07:14:56.798+0000] {processor.py:186} INFO - Started process (PID=2467) to work on /home/airflow/.local/lib/python3.12/site-packages/airflow/example_dags/example_task_group_decorator.py
[2024-10-03T07:14:56.799+0000] {processor.py:914} INFO - Processing file /home/airflow/.local/lib/python3.12/site-packages/airflow/example_dags/example_task_group_decorator.py for tasks to queue
[2024-10-03T07:14:56.801+0000] {logging_mixin.py:190} INFO - [2024-10-03T07:14:56.800+0000] {dagbag.py:588} INFO - Filling up the DagBag from /home/airflow/.local/lib/python3.12/site-packages/airflow/example_dags/example_task_group_decorator.py
[2024-10-03T07:14:56.818+0000] {processor.py:925} INFO - DAG(s) 'example_task_group_decorator' retrieved from /home/airflow/.local/lib/python3.12/site-packages/airflow/example_dags/example_task_group_decorator.py
[2024-10-03T07:14:56.853+0000] {logging_mixin.py:190} INFO - [2024-10-03T07:14:56.852+0000] {dag.py:3239} INFO - Sync 1 DAGs
[2024-10-03T07:14:56.871+0000] {logging_mixin.py:190} INFO - [2024-10-03T07:14:56.870+0000] {dag.py:4180} INFO - Setting next_dagrun for example_task_group_decorator to None, run_after=None
[2024-10-03T07:14:56.900+0000] {processor.py:208} INFO - Processing /home/airflow/.local/lib/python3.12/site-packages/airflow/example_dags/example_task_group_decorator.py took 0.108 seconds
[2024-10-03T07:15:27.649+0000] {processor.py:186} INFO - Started process (PID=2529) to work on /home/airflow/.local/lib/python3.12/site-packages/airflow/example_dags/example_task_group_decorator.py
[2024-10-03T07:15:27.651+0000] {processor.py:914} INFO - Processing file /home/airflow/.local/lib/python3.12/site-packages/airflow/example_dags/example_task_group_decorator.py for tasks to queue
[2024-10-03T07:15:27.652+0000] {logging_mixin.py:190} INFO - [2024-10-03T07:15:27.652+0000] {dagbag.py:588} INFO - Filling up the DagBag from /home/airflow/.local/lib/python3.12/site-packages/airflow/example_dags/example_task_group_decorator.py
[2024-10-03T07:15:27.672+0000] {processor.py:925} INFO - DAG(s) 'example_task_group_decorator' retrieved from /home/airflow/.local/lib/python3.12/site-packages/airflow/example_dags/example_task_group_decorator.py
[2024-10-03T07:15:27.701+0000] {logging_mixin.py:190} INFO - [2024-10-03T07:15:27.701+0000] {dag.py:3239} INFO - Sync 1 DAGs
[2024-10-03T07:15:27.719+0000] {logging_mixin.py:190} INFO - [2024-10-03T07:15:27.719+0000] {dag.py:4180} INFO - Setting next_dagrun for example_task_group_decorator to None, run_after=None
[2024-10-03T07:15:27.749+0000] {processor.py:208} INFO - Processing /home/airflow/.local/lib/python3.12/site-packages/airflow/example_dags/example_task_group_decorator.py took 0.107 seconds
[2024-10-03T07:15:58.095+0000] {processor.py:186} INFO - Started process (PID=2592) to work on /home/airflow/.local/lib/python3.12/site-packages/airflow/example_dags/example_task_group_decorator.py
[2024-10-03T07:15:58.097+0000] {processor.py:914} INFO - Processing file /home/airflow/.local/lib/python3.12/site-packages/airflow/example_dags/example_task_group_decorator.py for tasks to queue
[2024-10-03T07:15:58.099+0000] {logging_mixin.py:190} INFO - [2024-10-03T07:15:58.099+0000] {dagbag.py:588} INFO - Filling up the DagBag from /home/airflow/.local/lib/python3.12/site-packages/airflow/example_dags/example_task_group_decorator.py
[2024-10-03T07:15:58.114+0000] {processor.py:925} INFO - DAG(s) 'example_task_group_decorator' retrieved from /home/airflow/.local/lib/python3.12/site-packages/airflow/example_dags/example_task_group_decorator.py
[2024-10-03T07:15:58.143+0000] {logging_mixin.py:190} INFO - [2024-10-03T07:15:58.142+0000] {dag.py:3239} INFO - Sync 1 DAGs
[2024-10-03T07:15:58.159+0000] {logging_mixin.py:190} INFO - [2024-10-03T07:15:58.158+0000] {dag.py:4180} INFO - Setting next_dagrun for example_task_group_decorator to None, run_after=None
[2024-10-03T07:15:58.185+0000] {processor.py:208} INFO - Processing /home/airflow/.local/lib/python3.12/site-packages/airflow/example_dags/example_task_group_decorator.py took 0.096 seconds
[2024-10-03T07:16:28.550+0000] {processor.py:186} INFO - Started process (PID=2655) to work on /home/airflow/.local/lib/python3.12/site-packages/airflow/example_dags/example_task_group_decorator.py
[2024-10-03T07:16:28.552+0000] {processor.py:914} INFO - Processing file /home/airflow/.local/lib/python3.12/site-packages/airflow/example_dags/example_task_group_decorator.py for tasks to queue
[2024-10-03T07:16:28.556+0000] {logging_mixin.py:190} INFO - [2024-10-03T07:16:28.555+0000] {dagbag.py:588} INFO - Filling up the DagBag from /home/airflow/.local/lib/python3.12/site-packages/airflow/example_dags/example_task_group_decorator.py
[2024-10-03T07:16:28.575+0000] {processor.py:925} INFO - DAG(s) 'example_task_group_decorator' retrieved from /home/airflow/.local/lib/python3.12/site-packages/airflow/example_dags/example_task_group_decorator.py
[2024-10-03T07:16:28.634+0000] {logging_mixin.py:190} INFO - [2024-10-03T07:16:28.633+0000] {dag.py:3239} INFO - Sync 1 DAGs
[2024-10-03T07:16:28.658+0000] {logging_mixin.py:190} INFO - [2024-10-03T07:16:28.658+0000] {dag.py:4180} INFO - Setting next_dagrun for example_task_group_decorator to None, run_after=None
[2024-10-03T07:16:28.685+0000] {processor.py:208} INFO - Processing /home/airflow/.local/lib/python3.12/site-packages/airflow/example_dags/example_task_group_decorator.py took 0.145 seconds
[2024-10-03T07:16:59.175+0000] {processor.py:186} INFO - Started process (PID=2718) to work on /home/airflow/.local/lib/python3.12/site-packages/airflow/example_dags/example_task_group_decorator.py
[2024-10-03T07:16:59.176+0000] {processor.py:914} INFO - Processing file /home/airflow/.local/lib/python3.12/site-packages/airflow/example_dags/example_task_group_decorator.py for tasks to queue
[2024-10-03T07:16:59.178+0000] {logging_mixin.py:190} INFO - [2024-10-03T07:16:59.178+0000] {dagbag.py:588} INFO - Filling up the DagBag from /home/airflow/.local/lib/python3.12/site-packages/airflow/example_dags/example_task_group_decorator.py
[2024-10-03T07:16:59.198+0000] {processor.py:925} INFO - DAG(s) 'example_task_group_decorator' retrieved from /home/airflow/.local/lib/python3.12/site-packages/airflow/example_dags/example_task_group_decorator.py
[2024-10-03T07:16:59.229+0000] {logging_mixin.py:190} INFO - [2024-10-03T07:16:59.228+0000] {dag.py:3239} INFO - Sync 1 DAGs
[2024-10-03T07:16:59.245+0000] {logging_mixin.py:190} INFO - [2024-10-03T07:16:59.245+0000] {dag.py:4180} INFO - Setting next_dagrun for example_task_group_decorator to None, run_after=None
[2024-10-03T07:16:59.269+0000] {processor.py:208} INFO - Processing /home/airflow/.local/lib/python3.12/site-packages/airflow/example_dags/example_task_group_decorator.py took 0.102 seconds
[2024-10-03T07:17:29.535+0000] {processor.py:186} INFO - Started process (PID=2781) to work on /home/airflow/.local/lib/python3.12/site-packages/airflow/example_dags/example_task_group_decorator.py
[2024-10-03T07:17:29.536+0000] {processor.py:914} INFO - Processing file /home/airflow/.local/lib/python3.12/site-packages/airflow/example_dags/example_task_group_decorator.py for tasks to queue
[2024-10-03T07:17:29.538+0000] {logging_mixin.py:190} INFO - [2024-10-03T07:17:29.538+0000] {dagbag.py:588} INFO - Filling up the DagBag from /home/airflow/.local/lib/python3.12/site-packages/airflow/example_dags/example_task_group_decorator.py
[2024-10-03T07:17:29.555+0000] {processor.py:925} INFO - DAG(s) 'example_task_group_decorator' retrieved from /home/airflow/.local/lib/python3.12/site-packages/airflow/example_dags/example_task_group_decorator.py
[2024-10-03T07:17:29.585+0000] {logging_mixin.py:190} INFO - [2024-10-03T07:17:29.585+0000] {dag.py:3239} INFO - Sync 1 DAGs
[2024-10-03T07:17:29.602+0000] {logging_mixin.py:190} INFO - [2024-10-03T07:17:29.602+0000] {dag.py:4180} INFO - Setting next_dagrun for example_task_group_decorator to None, run_after=None
[2024-10-03T07:17:29.631+0000] {processor.py:208} INFO - Processing /home/airflow/.local/lib/python3.12/site-packages/airflow/example_dags/example_task_group_decorator.py took 0.102 seconds
[2024-10-03T07:18:00.232+0000] {processor.py:186} INFO - Started process (PID=2844) to work on /home/airflow/.local/lib/python3.12/site-packages/airflow/example_dags/example_task_group_decorator.py
[2024-10-03T07:18:00.233+0000] {processor.py:914} INFO - Processing file /home/airflow/.local/lib/python3.12/site-packages/airflow/example_dags/example_task_group_decorator.py for tasks to queue
[2024-10-03T07:18:00.235+0000] {logging_mixin.py:190} INFO - [2024-10-03T07:18:00.234+0000] {dagbag.py:588} INFO - Filling up the DagBag from /home/airflow/.local/lib/python3.12/site-packages/airflow/example_dags/example_task_group_decorator.py
[2024-10-03T07:18:00.262+0000] {processor.py:925} INFO - DAG(s) 'example_task_group_decorator' retrieved from /home/airflow/.local/lib/python3.12/site-packages/airflow/example_dags/example_task_group_decorator.py
[2024-10-03T07:18:00.309+0000] {logging_mixin.py:190} INFO - [2024-10-03T07:18:00.309+0000] {dag.py:3239} INFO - Sync 1 DAGs
[2024-10-03T07:18:00.362+0000] {logging_mixin.py:190} INFO - [2024-10-03T07:18:00.362+0000] {dag.py:4180} INFO - Setting next_dagrun for example_task_group_decorator to None, run_after=None
[2024-10-03T07:18:00.411+0000] {processor.py:208} INFO - Processing /home/airflow/.local/lib/python3.12/site-packages/airflow/example_dags/example_task_group_decorator.py took 0.186 seconds
[2024-10-03T07:18:30.575+0000] {processor.py:186} INFO - Started process (PID=2906) to work on /home/airflow/.local/lib/python3.12/site-packages/airflow/example_dags/example_task_group_decorator.py
[2024-10-03T07:18:30.576+0000] {processor.py:914} INFO - Processing file /home/airflow/.local/lib/python3.12/site-packages/airflow/example_dags/example_task_group_decorator.py for tasks to queue
[2024-10-03T07:18:30.577+0000] {logging_mixin.py:190} INFO - [2024-10-03T07:18:30.577+0000] {dagbag.py:588} INFO - Filling up the DagBag from /home/airflow/.local/lib/python3.12/site-packages/airflow/example_dags/example_task_group_decorator.py
[2024-10-03T07:18:30.592+0000] {processor.py:925} INFO - DAG(s) 'example_task_group_decorator' retrieved from /home/airflow/.local/lib/python3.12/site-packages/airflow/example_dags/example_task_group_decorator.py
[2024-10-03T07:18:30.618+0000] {logging_mixin.py:190} INFO - [2024-10-03T07:18:30.618+0000] {dag.py:3239} INFO - Sync 1 DAGs
[2024-10-03T07:18:30.634+0000] {logging_mixin.py:190} INFO - [2024-10-03T07:18:30.634+0000] {dag.py:4180} INFO - Setting next_dagrun for example_task_group_decorator to None, run_after=None
[2024-10-03T07:18:30.670+0000] {processor.py:208} INFO - Processing /home/airflow/.local/lib/python3.12/site-packages/airflow/example_dags/example_task_group_decorator.py took 0.100 seconds
[2024-10-03T07:19:01.248+0000] {processor.py:186} INFO - Started process (PID=2969) to work on /home/airflow/.local/lib/python3.12/site-packages/airflow/example_dags/example_task_group_decorator.py
[2024-10-03T07:19:01.249+0000] {processor.py:914} INFO - Processing file /home/airflow/.local/lib/python3.12/site-packages/airflow/example_dags/example_task_group_decorator.py for tasks to queue
[2024-10-03T07:19:01.252+0000] {logging_mixin.py:190} INFO - [2024-10-03T07:19:01.251+0000] {dagbag.py:588} INFO - Filling up the DagBag from /home/airflow/.local/lib/python3.12/site-packages/airflow/example_dags/example_task_group_decorator.py
[2024-10-03T07:19:01.270+0000] {processor.py:925} INFO - DAG(s) 'example_task_group_decorator' retrieved from /home/airflow/.local/lib/python3.12/site-packages/airflow/example_dags/example_task_group_decorator.py
[2024-10-03T07:19:01.298+0000] {logging_mixin.py:190} INFO - [2024-10-03T07:19:01.298+0000] {dag.py:3239} INFO - Sync 1 DAGs
[2024-10-03T07:19:01.314+0000] {logging_mixin.py:190} INFO - [2024-10-03T07:19:01.314+0000] {dag.py:4180} INFO - Setting next_dagrun for example_task_group_decorator to None, run_after=None
[2024-10-03T07:19:01.340+0000] {processor.py:208} INFO - Processing /home/airflow/.local/lib/python3.12/site-packages/airflow/example_dags/example_task_group_decorator.py took 0.099 seconds
