[2024-10-03T06:34:07.600+0000] {processor.py:157} INFO - Started process (PID=144) to work on /home/airflow/.local/lib/python3.8/site-packages/airflow/example_dags/example_python_operator.py
[2024-10-03T06:34:07.604+0000] {processor.py:829} INFO - Processing file /home/airflow/.local/lib/python3.8/site-packages/airflow/example_dags/example_python_operator.py for tasks to queue
[2024-10-03T06:34:07.610+0000] {logging_mixin.py:151} INFO - [2024-10-03T06:34:07.609+0000] {dagbag.py:539} INFO - Filling up the DagBag from /home/airflow/.local/lib/python3.8/site-packages/airflow/example_dags/example_python_operator.py
[2024-10-03T06:34:07.637+0000] {processor.py:839} INFO - DAG(s) dict_keys(['example_python_operator']) retrieved from /home/airflow/.local/lib/python3.8/site-packages/airflow/example_dags/example_python_operator.py
[2024-10-03T06:34:07.875+0000] {logging_mixin.py:151} INFO - [2024-10-03T06:34:07.875+0000] {manager.py:501} INFO - Created Permission View: can delete on DAG:example_python_operator
[2024-10-03T06:34:07.897+0000] {logging_mixin.py:151} INFO - [2024-10-03T06:34:07.897+0000] {manager.py:501} INFO - Created Permission View: can read on DAG:example_python_operator
[2024-10-03T06:34:07.915+0000] {logging_mixin.py:151} INFO - [2024-10-03T06:34:07.914+0000] {manager.py:501} INFO - Created Permission View: can edit on DAG:example_python_operator
[2024-10-03T06:34:07.942+0000] {logging_mixin.py:151} INFO - [2024-10-03T06:34:07.941+0000] {dag.py:2907} INFO - Sync 1 DAGs
[2024-10-03T06:34:07.958+0000] {logging_mixin.py:151} INFO - [2024-10-03T06:34:07.957+0000] {dag.py:2929} INFO - Creating ORM DAG for example_python_operator
[2024-10-03T06:34:07.959+0000] {logging_mixin.py:151} INFO - [2024-10-03T06:34:07.959+0000] {dag.py:3677} INFO - Setting next_dagrun for example_python_operator to None, run_after=None
[2024-10-03T06:34:07.994+0000] {processor.py:179} INFO - Processing /home/airflow/.local/lib/python3.8/site-packages/airflow/example_dags/example_python_operator.py took 0.401 seconds
[2024-10-03T06:34:38.140+0000] {processor.py:157} INFO - Started process (PID=202) to work on /home/airflow/.local/lib/python3.8/site-packages/airflow/example_dags/example_python_operator.py
[2024-10-03T06:34:38.142+0000] {processor.py:829} INFO - Processing file /home/airflow/.local/lib/python3.8/site-packages/airflow/example_dags/example_python_operator.py for tasks to queue
[2024-10-03T06:34:38.144+0000] {logging_mixin.py:151} INFO - [2024-10-03T06:34:38.144+0000] {dagbag.py:539} INFO - Filling up the DagBag from /home/airflow/.local/lib/python3.8/site-packages/airflow/example_dags/example_python_operator.py
[2024-10-03T06:34:38.156+0000] {processor.py:839} INFO - DAG(s) dict_keys(['example_python_operator']) retrieved from /home/airflow/.local/lib/python3.8/site-packages/airflow/example_dags/example_python_operator.py
[2024-10-03T06:34:38.187+0000] {logging_mixin.py:151} INFO - [2024-10-03T06:34:38.186+0000] {dag.py:2907} INFO - Sync 1 DAGs
[2024-10-03T06:34:38.203+0000] {logging_mixin.py:151} INFO - [2024-10-03T06:34:38.202+0000] {dag.py:3677} INFO - Setting next_dagrun for example_python_operator to None, run_after=None
[2024-10-03T06:34:38.237+0000] {processor.py:179} INFO - Processing /home/airflow/.local/lib/python3.8/site-packages/airflow/example_dags/example_python_operator.py took 0.101 seconds
[2024-10-03T06:35:08.567+0000] {processor.py:157} INFO - Started process (PID=260) to work on /home/airflow/.local/lib/python3.8/site-packages/airflow/example_dags/example_python_operator.py
[2024-10-03T06:35:08.570+0000] {processor.py:829} INFO - Processing file /home/airflow/.local/lib/python3.8/site-packages/airflow/example_dags/example_python_operator.py for tasks to queue
[2024-10-03T06:35:08.574+0000] {logging_mixin.py:151} INFO - [2024-10-03T06:35:08.574+0000] {dagbag.py:539} INFO - Filling up the DagBag from /home/airflow/.local/lib/python3.8/site-packages/airflow/example_dags/example_python_operator.py
[2024-10-03T06:35:08.593+0000] {processor.py:839} INFO - DAG(s) dict_keys(['example_python_operator']) retrieved from /home/airflow/.local/lib/python3.8/site-packages/airflow/example_dags/example_python_operator.py
[2024-10-03T06:35:08.638+0000] {logging_mixin.py:151} INFO - [2024-10-03T06:35:08.638+0000] {dag.py:2907} INFO - Sync 1 DAGs
[2024-10-03T06:35:08.664+0000] {logging_mixin.py:151} INFO - [2024-10-03T06:35:08.663+0000] {dag.py:3677} INFO - Setting next_dagrun for example_python_operator to None, run_after=None
[2024-10-03T06:35:08.709+0000] {processor.py:179} INFO - Processing /home/airflow/.local/lib/python3.8/site-packages/airflow/example_dags/example_python_operator.py took 0.146 seconds
[2024-10-03T06:35:39.153+0000] {processor.py:157} INFO - Started process (PID=318) to work on /home/airflow/.local/lib/python3.8/site-packages/airflow/example_dags/example_python_operator.py
[2024-10-03T06:35:39.157+0000] {processor.py:829} INFO - Processing file /home/airflow/.local/lib/python3.8/site-packages/airflow/example_dags/example_python_operator.py for tasks to queue
[2024-10-03T06:35:39.164+0000] {logging_mixin.py:151} INFO - [2024-10-03T06:35:39.163+0000] {dagbag.py:539} INFO - Filling up the DagBag from /home/airflow/.local/lib/python3.8/site-packages/airflow/example_dags/example_python_operator.py
[2024-10-03T06:35:39.191+0000] {processor.py:839} INFO - DAG(s) dict_keys(['example_python_operator']) retrieved from /home/airflow/.local/lib/python3.8/site-packages/airflow/example_dags/example_python_operator.py
[2024-10-03T06:35:39.261+0000] {logging_mixin.py:151} INFO - [2024-10-03T06:35:39.261+0000] {dag.py:2907} INFO - Sync 1 DAGs
[2024-10-03T06:35:39.284+0000] {logging_mixin.py:151} INFO - [2024-10-03T06:35:39.284+0000] {dag.py:3677} INFO - Setting next_dagrun for example_python_operator to None, run_after=None
[2024-10-03T06:35:39.325+0000] {processor.py:179} INFO - Processing /home/airflow/.local/lib/python3.8/site-packages/airflow/example_dags/example_python_operator.py took 0.183 seconds
[2024-10-03T06:36:09.470+0000] {processor.py:157} INFO - Started process (PID=377) to work on /home/airflow/.local/lib/python3.8/site-packages/airflow/example_dags/example_python_operator.py
[2024-10-03T06:36:09.473+0000] {processor.py:829} INFO - Processing file /home/airflow/.local/lib/python3.8/site-packages/airflow/example_dags/example_python_operator.py for tasks to queue
[2024-10-03T06:36:09.477+0000] {logging_mixin.py:151} INFO - [2024-10-03T06:36:09.476+0000] {dagbag.py:539} INFO - Filling up the DagBag from /home/airflow/.local/lib/python3.8/site-packages/airflow/example_dags/example_python_operator.py
[2024-10-03T06:36:09.495+0000] {processor.py:839} INFO - DAG(s) dict_keys(['example_python_operator']) retrieved from /home/airflow/.local/lib/python3.8/site-packages/airflow/example_dags/example_python_operator.py
[2024-10-03T06:36:09.547+0000] {logging_mixin.py:151} INFO - [2024-10-03T06:36:09.547+0000] {dag.py:2907} INFO - Sync 1 DAGs
[2024-10-03T06:36:09.568+0000] {logging_mixin.py:151} INFO - [2024-10-03T06:36:09.568+0000] {dag.py:3677} INFO - Setting next_dagrun for example_python_operator to None, run_after=None
[2024-10-03T06:36:09.605+0000] {processor.py:179} INFO - Processing /home/airflow/.local/lib/python3.8/site-packages/airflow/example_dags/example_python_operator.py took 0.141 seconds
[2024-10-03T06:36:39.792+0000] {processor.py:157} INFO - Started process (PID=435) to work on /home/airflow/.local/lib/python3.8/site-packages/airflow/example_dags/example_python_operator.py
[2024-10-03T06:36:39.795+0000] {processor.py:829} INFO - Processing file /home/airflow/.local/lib/python3.8/site-packages/airflow/example_dags/example_python_operator.py for tasks to queue
[2024-10-03T06:36:39.801+0000] {logging_mixin.py:151} INFO - [2024-10-03T06:36:39.800+0000] {dagbag.py:539} INFO - Filling up the DagBag from /home/airflow/.local/lib/python3.8/site-packages/airflow/example_dags/example_python_operator.py
[2024-10-03T06:36:39.827+0000] {processor.py:839} INFO - DAG(s) dict_keys(['example_python_operator']) retrieved from /home/airflow/.local/lib/python3.8/site-packages/airflow/example_dags/example_python_operator.py
[2024-10-03T06:36:39.878+0000] {logging_mixin.py:151} INFO - [2024-10-03T06:36:39.877+0000] {dag.py:2907} INFO - Sync 1 DAGs
[2024-10-03T06:36:39.905+0000] {logging_mixin.py:151} INFO - [2024-10-03T06:36:39.904+0000] {dag.py:3677} INFO - Setting next_dagrun for example_python_operator to None, run_after=None
[2024-10-03T06:36:39.949+0000] {processor.py:179} INFO - Processing /home/airflow/.local/lib/python3.8/site-packages/airflow/example_dags/example_python_operator.py took 0.164 seconds
[2024-10-03T06:41:29.159+0000] {processor.py:157} INFO - Started process (PID=130) to work on /home/airflow/.local/lib/python3.8/site-packages/airflow/example_dags/example_python_operator.py
[2024-10-03T06:41:29.162+0000] {processor.py:829} INFO - Processing file /home/airflow/.local/lib/python3.8/site-packages/airflow/example_dags/example_python_operator.py for tasks to queue
[2024-10-03T06:41:29.167+0000] {logging_mixin.py:151} INFO - [2024-10-03T06:41:29.166+0000] {dagbag.py:539} INFO - Filling up the DagBag from /home/airflow/.local/lib/python3.8/site-packages/airflow/example_dags/example_python_operator.py
[2024-10-03T06:41:29.197+0000] {processor.py:839} INFO - DAG(s) dict_keys(['example_python_operator']) retrieved from /home/airflow/.local/lib/python3.8/site-packages/airflow/example_dags/example_python_operator.py
[2024-10-03T06:41:29.553+0000] {logging_mixin.py:151} INFO - [2024-10-03T06:41:29.552+0000] {dag.py:2907} INFO - Sync 1 DAGs
[2024-10-03T06:41:29.592+0000] {logging_mixin.py:151} INFO - [2024-10-03T06:41:29.591+0000] {dag.py:3677} INFO - Setting next_dagrun for example_python_operator to None, run_after=None
[2024-10-03T06:41:29.653+0000] {processor.py:179} INFO - Processing /home/airflow/.local/lib/python3.8/site-packages/airflow/example_dags/example_python_operator.py took 0.501 seconds
[2024-10-03T06:42:00.672+0000] {processor.py:157} INFO - Started process (PID=188) to work on /home/airflow/.local/lib/python3.8/site-packages/airflow/example_dags/example_python_operator.py
[2024-10-03T06:42:00.676+0000] {processor.py:829} INFO - Processing file /home/airflow/.local/lib/python3.8/site-packages/airflow/example_dags/example_python_operator.py for tasks to queue
[2024-10-03T06:42:00.681+0000] {logging_mixin.py:151} INFO - [2024-10-03T06:42:00.680+0000] {dagbag.py:539} INFO - Filling up the DagBag from /home/airflow/.local/lib/python3.8/site-packages/airflow/example_dags/example_python_operator.py
[2024-10-03T06:42:00.731+0000] {processor.py:839} INFO - DAG(s) dict_keys(['example_python_operator']) retrieved from /home/airflow/.local/lib/python3.8/site-packages/airflow/example_dags/example_python_operator.py
[2024-10-03T06:42:00.843+0000] {logging_mixin.py:151} INFO - [2024-10-03T06:42:00.842+0000] {dag.py:2907} INFO - Sync 1 DAGs
[2024-10-03T06:42:00.940+0000] {logging_mixin.py:151} INFO - [2024-10-03T06:42:00.940+0000] {dag.py:3677} INFO - Setting next_dagrun for example_python_operator to None, run_after=None
[2024-10-03T06:42:01.194+0000] {processor.py:179} INFO - Processing /home/airflow/.local/lib/python3.8/site-packages/airflow/example_dags/example_python_operator.py took 0.532 seconds
[2024-10-03T06:42:32.095+0000] {processor.py:157} INFO - Started process (PID=246) to work on /home/airflow/.local/lib/python3.8/site-packages/airflow/example_dags/example_python_operator.py
[2024-10-03T06:42:32.099+0000] {processor.py:829} INFO - Processing file /home/airflow/.local/lib/python3.8/site-packages/airflow/example_dags/example_python_operator.py for tasks to queue
[2024-10-03T06:42:32.105+0000] {logging_mixin.py:151} INFO - [2024-10-03T06:42:32.104+0000] {dagbag.py:539} INFO - Filling up the DagBag from /home/airflow/.local/lib/python3.8/site-packages/airflow/example_dags/example_python_operator.py
[2024-10-03T06:42:32.144+0000] {processor.py:839} INFO - DAG(s) dict_keys(['example_python_operator']) retrieved from /home/airflow/.local/lib/python3.8/site-packages/airflow/example_dags/example_python_operator.py
[2024-10-03T06:42:32.203+0000] {logging_mixin.py:151} INFO - [2024-10-03T06:42:32.203+0000] {dag.py:2907} INFO - Sync 1 DAGs
[2024-10-03T06:42:32.235+0000] {logging_mixin.py:151} INFO - [2024-10-03T06:42:32.235+0000] {dag.py:3677} INFO - Setting next_dagrun for example_python_operator to None, run_after=None
[2024-10-03T06:42:32.318+0000] {processor.py:179} INFO - Processing /home/airflow/.local/lib/python3.8/site-packages/airflow/example_dags/example_python_operator.py took 0.231 seconds
[2024-10-03T06:53:07.029+0000] {processor.py:186} INFO - Started process (PID=140) to work on /home/airflow/.local/lib/python3.12/site-packages/airflow/example_dags/example_python_operator.py
[2024-10-03T06:53:07.033+0000] {processor.py:914} INFO - Processing file /home/airflow/.local/lib/python3.12/site-packages/airflow/example_dags/example_python_operator.py for tasks to queue
[2024-10-03T06:53:07.044+0000] {logging_mixin.py:190} INFO - [2024-10-03T06:53:07.042+0000] {dagbag.py:588} INFO - Filling up the DagBag from /home/airflow/.local/lib/python3.12/site-packages/airflow/example_dags/example_python_operator.py
[2024-10-03T06:53:07.098+0000] {processor.py:925} INFO - DAG(s) 'example_python_operator' retrieved from /home/airflow/.local/lib/python3.12/site-packages/airflow/example_dags/example_python_operator.py
[2024-10-03T06:53:08.449+0000] {logging_mixin.py:190} INFO - [2024-10-03T06:53:08.448+0000] {dag.py:3239} INFO - Sync 1 DAGs
[2024-10-03T06:53:08.495+0000] {logging_mixin.py:190} INFO - [2024-10-03T06:53:08.494+0000] {dag.py:4180} INFO - Setting next_dagrun for example_python_operator to None, run_after=None
[2024-10-03T06:53:08.593+0000] {processor.py:208} INFO - Processing /home/airflow/.local/lib/python3.12/site-packages/airflow/example_dags/example_python_operator.py took 1.577 seconds
[2024-10-03T06:53:38.763+0000] {processor.py:186} INFO - Started process (PID=204) to work on /home/airflow/.local/lib/python3.12/site-packages/airflow/example_dags/example_python_operator.py
[2024-10-03T06:53:38.771+0000] {processor.py:914} INFO - Processing file /home/airflow/.local/lib/python3.12/site-packages/airflow/example_dags/example_python_operator.py for tasks to queue
[2024-10-03T06:53:38.774+0000] {logging_mixin.py:190} INFO - [2024-10-03T06:53:38.774+0000] {dagbag.py:588} INFO - Filling up the DagBag from /home/airflow/.local/lib/python3.12/site-packages/airflow/example_dags/example_python_operator.py
[2024-10-03T06:53:38.794+0000] {processor.py:925} INFO - DAG(s) 'example_python_operator' retrieved from /home/airflow/.local/lib/python3.12/site-packages/airflow/example_dags/example_python_operator.py
[2024-10-03T06:53:38.824+0000] {logging_mixin.py:190} INFO - [2024-10-03T06:53:38.824+0000] {dag.py:3239} INFO - Sync 1 DAGs
[2024-10-03T06:53:38.842+0000] {logging_mixin.py:190} INFO - [2024-10-03T06:53:38.841+0000] {dag.py:4180} INFO - Setting next_dagrun for example_python_operator to None, run_after=None
[2024-10-03T06:53:38.888+0000] {processor.py:208} INFO - Processing /home/airflow/.local/lib/python3.12/site-packages/airflow/example_dags/example_python_operator.py took 0.131 seconds
[2024-10-03T06:54:09.153+0000] {processor.py:186} INFO - Started process (PID=268) to work on /home/airflow/.local/lib/python3.12/site-packages/airflow/example_dags/example_python_operator.py
[2024-10-03T06:54:09.155+0000] {processor.py:914} INFO - Processing file /home/airflow/.local/lib/python3.12/site-packages/airflow/example_dags/example_python_operator.py for tasks to queue
[2024-10-03T06:54:09.158+0000] {logging_mixin.py:190} INFO - [2024-10-03T06:54:09.158+0000] {dagbag.py:588} INFO - Filling up the DagBag from /home/airflow/.local/lib/python3.12/site-packages/airflow/example_dags/example_python_operator.py
[2024-10-03T06:54:09.178+0000] {processor.py:925} INFO - DAG(s) 'example_python_operator' retrieved from /home/airflow/.local/lib/python3.12/site-packages/airflow/example_dags/example_python_operator.py
[2024-10-03T06:54:09.213+0000] {logging_mixin.py:190} INFO - [2024-10-03T06:54:09.212+0000] {dag.py:3239} INFO - Sync 1 DAGs
[2024-10-03T06:54:09.235+0000] {logging_mixin.py:190} INFO - [2024-10-03T06:54:09.235+0000] {dag.py:4180} INFO - Setting next_dagrun for example_python_operator to None, run_after=None
[2024-10-03T06:54:09.285+0000] {processor.py:208} INFO - Processing /home/airflow/.local/lib/python3.12/site-packages/airflow/example_dags/example_python_operator.py took 0.138 seconds
[2024-10-03T06:54:40.099+0000] {processor.py:186} INFO - Started process (PID=332) to work on /home/airflow/.local/lib/python3.12/site-packages/airflow/example_dags/example_python_operator.py
[2024-10-03T06:54:40.101+0000] {processor.py:914} INFO - Processing file /home/airflow/.local/lib/python3.12/site-packages/airflow/example_dags/example_python_operator.py for tasks to queue
[2024-10-03T06:54:40.103+0000] {logging_mixin.py:190} INFO - [2024-10-03T06:54:40.103+0000] {dagbag.py:588} INFO - Filling up the DagBag from /home/airflow/.local/lib/python3.12/site-packages/airflow/example_dags/example_python_operator.py
[2024-10-03T06:54:40.125+0000] {processor.py:925} INFO - DAG(s) 'example_python_operator' retrieved from /home/airflow/.local/lib/python3.12/site-packages/airflow/example_dags/example_python_operator.py
[2024-10-03T06:54:40.160+0000] {logging_mixin.py:190} INFO - [2024-10-03T06:54:40.160+0000] {dag.py:3239} INFO - Sync 1 DAGs
[2024-10-03T06:54:40.179+0000] {logging_mixin.py:190} INFO - [2024-10-03T06:54:40.178+0000] {dag.py:4180} INFO - Setting next_dagrun for example_python_operator to None, run_after=None
[2024-10-03T06:54:40.212+0000] {processor.py:208} INFO - Processing /home/airflow/.local/lib/python3.12/site-packages/airflow/example_dags/example_python_operator.py took 0.120 seconds
[2024-10-03T06:55:10.825+0000] {processor.py:186} INFO - Started process (PID=396) to work on /home/airflow/.local/lib/python3.12/site-packages/airflow/example_dags/example_python_operator.py
[2024-10-03T06:55:10.827+0000] {processor.py:914} INFO - Processing file /home/airflow/.local/lib/python3.12/site-packages/airflow/example_dags/example_python_operator.py for tasks to queue
[2024-10-03T06:55:10.830+0000] {logging_mixin.py:190} INFO - [2024-10-03T06:55:10.830+0000] {dagbag.py:588} INFO - Filling up the DagBag from /home/airflow/.local/lib/python3.12/site-packages/airflow/example_dags/example_python_operator.py
[2024-10-03T06:55:10.847+0000] {processor.py:925} INFO - DAG(s) 'example_python_operator' retrieved from /home/airflow/.local/lib/python3.12/site-packages/airflow/example_dags/example_python_operator.py
[2024-10-03T06:55:10.879+0000] {logging_mixin.py:190} INFO - [2024-10-03T06:55:10.879+0000] {dag.py:3239} INFO - Sync 1 DAGs
[2024-10-03T06:55:10.899+0000] {logging_mixin.py:190} INFO - [2024-10-03T06:55:10.899+0000] {dag.py:4180} INFO - Setting next_dagrun for example_python_operator to None, run_after=None
[2024-10-03T06:55:10.929+0000] {processor.py:208} INFO - Processing /home/airflow/.local/lib/python3.12/site-packages/airflow/example_dags/example_python_operator.py took 0.113 seconds
[2024-10-03T06:55:41.667+0000] {processor.py:186} INFO - Started process (PID=460) to work on /home/airflow/.local/lib/python3.12/site-packages/airflow/example_dags/example_python_operator.py
[2024-10-03T06:55:41.672+0000] {processor.py:914} INFO - Processing file /home/airflow/.local/lib/python3.12/site-packages/airflow/example_dags/example_python_operator.py for tasks to queue
[2024-10-03T06:55:41.681+0000] {logging_mixin.py:190} INFO - [2024-10-03T06:55:41.679+0000] {dagbag.py:588} INFO - Filling up the DagBag from /home/airflow/.local/lib/python3.12/site-packages/airflow/example_dags/example_python_operator.py
[2024-10-03T06:55:41.724+0000] {processor.py:925} INFO - DAG(s) 'example_python_operator' retrieved from /home/airflow/.local/lib/python3.12/site-packages/airflow/example_dags/example_python_operator.py
[2024-10-03T06:55:41.795+0000] {logging_mixin.py:190} INFO - [2024-10-03T06:55:41.794+0000] {dag.py:3239} INFO - Sync 1 DAGs
[2024-10-03T06:55:41.864+0000] {logging_mixin.py:190} INFO - [2024-10-03T06:55:41.863+0000] {dag.py:4180} INFO - Setting next_dagrun for example_python_operator to None, run_after=None
[2024-10-03T06:55:41.985+0000] {processor.py:208} INFO - Processing /home/airflow/.local/lib/python3.12/site-packages/airflow/example_dags/example_python_operator.py took 0.344 seconds
[2024-10-03T06:56:13.175+0000] {processor.py:186} INFO - Started process (PID=524) to work on /home/airflow/.local/lib/python3.12/site-packages/airflow/example_dags/example_python_operator.py
[2024-10-03T06:56:13.178+0000] {processor.py:914} INFO - Processing file /home/airflow/.local/lib/python3.12/site-packages/airflow/example_dags/example_python_operator.py for tasks to queue
[2024-10-03T06:56:13.184+0000] {logging_mixin.py:190} INFO - [2024-10-03T06:56:13.183+0000] {dagbag.py:588} INFO - Filling up the DagBag from /home/airflow/.local/lib/python3.12/site-packages/airflow/example_dags/example_python_operator.py
[2024-10-03T06:56:13.206+0000] {processor.py:925} INFO - DAG(s) 'example_python_operator' retrieved from /home/airflow/.local/lib/python3.12/site-packages/airflow/example_dags/example_python_operator.py
[2024-10-03T06:56:13.247+0000] {logging_mixin.py:190} INFO - [2024-10-03T06:56:13.246+0000] {dag.py:3239} INFO - Sync 1 DAGs
[2024-10-03T06:56:13.276+0000] {logging_mixin.py:190} INFO - [2024-10-03T06:56:13.276+0000] {dag.py:4180} INFO - Setting next_dagrun for example_python_operator to None, run_after=None
[2024-10-03T06:56:13.314+0000] {processor.py:208} INFO - Processing /home/airflow/.local/lib/python3.12/site-packages/airflow/example_dags/example_python_operator.py took 0.147 seconds
[2024-10-03T06:56:44.002+0000] {processor.py:186} INFO - Started process (PID=588) to work on /home/airflow/.local/lib/python3.12/site-packages/airflow/example_dags/example_python_operator.py
[2024-10-03T06:56:44.004+0000] {processor.py:914} INFO - Processing file /home/airflow/.local/lib/python3.12/site-packages/airflow/example_dags/example_python_operator.py for tasks to queue
[2024-10-03T06:56:44.008+0000] {logging_mixin.py:190} INFO - [2024-10-03T06:56:44.007+0000] {dagbag.py:588} INFO - Filling up the DagBag from /home/airflow/.local/lib/python3.12/site-packages/airflow/example_dags/example_python_operator.py
[2024-10-03T06:56:44.025+0000] {processor.py:925} INFO - DAG(s) 'example_python_operator' retrieved from /home/airflow/.local/lib/python3.12/site-packages/airflow/example_dags/example_python_operator.py
[2024-10-03T06:56:44.059+0000] {logging_mixin.py:190} INFO - [2024-10-03T06:56:44.058+0000] {dag.py:3239} INFO - Sync 1 DAGs
[2024-10-03T06:56:44.078+0000] {logging_mixin.py:190} INFO - [2024-10-03T06:56:44.078+0000] {dag.py:4180} INFO - Setting next_dagrun for example_python_operator to None, run_after=None
[2024-10-03T06:56:44.110+0000] {processor.py:208} INFO - Processing /home/airflow/.local/lib/python3.12/site-packages/airflow/example_dags/example_python_operator.py took 0.114 seconds
[2024-10-03T06:57:14.662+0000] {processor.py:186} INFO - Started process (PID=652) to work on /home/airflow/.local/lib/python3.12/site-packages/airflow/example_dags/example_python_operator.py
[2024-10-03T06:57:14.665+0000] {processor.py:914} INFO - Processing file /home/airflow/.local/lib/python3.12/site-packages/airflow/example_dags/example_python_operator.py for tasks to queue
[2024-10-03T06:57:14.669+0000] {logging_mixin.py:190} INFO - [2024-10-03T06:57:14.668+0000] {dagbag.py:588} INFO - Filling up the DagBag from /home/airflow/.local/lib/python3.12/site-packages/airflow/example_dags/example_python_operator.py
[2024-10-03T06:57:14.697+0000] {processor.py:925} INFO - DAG(s) 'example_python_operator' retrieved from /home/airflow/.local/lib/python3.12/site-packages/airflow/example_dags/example_python_operator.py
[2024-10-03T06:57:14.729+0000] {logging_mixin.py:190} INFO - [2024-10-03T06:57:14.729+0000] {dag.py:3239} INFO - Sync 1 DAGs
[2024-10-03T06:57:14.753+0000] {logging_mixin.py:190} INFO - [2024-10-03T06:57:14.753+0000] {dag.py:4180} INFO - Setting next_dagrun for example_python_operator to None, run_after=None
[2024-10-03T06:57:14.795+0000] {processor.py:208} INFO - Processing /home/airflow/.local/lib/python3.12/site-packages/airflow/example_dags/example_python_operator.py took 0.144 seconds
[2024-10-03T06:57:45.910+0000] {processor.py:186} INFO - Started process (PID=716) to work on /home/airflow/.local/lib/python3.12/site-packages/airflow/example_dags/example_python_operator.py
[2024-10-03T06:57:45.912+0000] {processor.py:914} INFO - Processing file /home/airflow/.local/lib/python3.12/site-packages/airflow/example_dags/example_python_operator.py for tasks to queue
[2024-10-03T06:57:45.915+0000] {logging_mixin.py:190} INFO - [2024-10-03T06:57:45.915+0000] {dagbag.py:588} INFO - Filling up the DagBag from /home/airflow/.local/lib/python3.12/site-packages/airflow/example_dags/example_python_operator.py
[2024-10-03T06:57:45.935+0000] {processor.py:925} INFO - DAG(s) 'example_python_operator' retrieved from /home/airflow/.local/lib/python3.12/site-packages/airflow/example_dags/example_python_operator.py
[2024-10-03T06:57:45.971+0000] {logging_mixin.py:190} INFO - [2024-10-03T06:57:45.971+0000] {dag.py:3239} INFO - Sync 1 DAGs
[2024-10-03T06:57:45.994+0000] {logging_mixin.py:190} INFO - [2024-10-03T06:57:45.993+0000] {dag.py:4180} INFO - Setting next_dagrun for example_python_operator to None, run_after=None
[2024-10-03T06:57:46.028+0000] {processor.py:208} INFO - Processing /home/airflow/.local/lib/python3.12/site-packages/airflow/example_dags/example_python_operator.py took 0.127 seconds
[2024-10-03T06:58:17.074+0000] {processor.py:186} INFO - Started process (PID=781) to work on /home/airflow/.local/lib/python3.12/site-packages/airflow/example_dags/example_python_operator.py
[2024-10-03T06:58:17.076+0000] {processor.py:914} INFO - Processing file /home/airflow/.local/lib/python3.12/site-packages/airflow/example_dags/example_python_operator.py for tasks to queue
[2024-10-03T06:58:17.081+0000] {logging_mixin.py:190} INFO - [2024-10-03T06:58:17.080+0000] {dagbag.py:588} INFO - Filling up the DagBag from /home/airflow/.local/lib/python3.12/site-packages/airflow/example_dags/example_python_operator.py
[2024-10-03T06:58:17.106+0000] {processor.py:925} INFO - DAG(s) 'example_python_operator' retrieved from /home/airflow/.local/lib/python3.12/site-packages/airflow/example_dags/example_python_operator.py
[2024-10-03T06:58:17.144+0000] {logging_mixin.py:190} INFO - [2024-10-03T06:58:17.143+0000] {dag.py:3239} INFO - Sync 1 DAGs
[2024-10-03T06:58:17.166+0000] {logging_mixin.py:190} INFO - [2024-10-03T06:58:17.166+0000] {dag.py:4180} INFO - Setting next_dagrun for example_python_operator to None, run_after=None
[2024-10-03T06:58:17.204+0000] {processor.py:208} INFO - Processing /home/airflow/.local/lib/python3.12/site-packages/airflow/example_dags/example_python_operator.py took 0.137 seconds
[2024-10-03T06:58:49.085+0000] {processor.py:186} INFO - Started process (PID=848) to work on /home/airflow/.local/lib/python3.12/site-packages/airflow/example_dags/example_python_operator.py
[2024-10-03T06:58:49.088+0000] {processor.py:914} INFO - Processing file /home/airflow/.local/lib/python3.12/site-packages/airflow/example_dags/example_python_operator.py for tasks to queue
[2024-10-03T06:58:49.095+0000] {logging_mixin.py:190} INFO - [2024-10-03T06:58:49.094+0000] {dagbag.py:588} INFO - Filling up the DagBag from /home/airflow/.local/lib/python3.12/site-packages/airflow/example_dags/example_python_operator.py
[2024-10-03T06:58:49.119+0000] {processor.py:925} INFO - DAG(s) 'example_python_operator' retrieved from /home/airflow/.local/lib/python3.12/site-packages/airflow/example_dags/example_python_operator.py
[2024-10-03T06:58:49.177+0000] {logging_mixin.py:190} INFO - [2024-10-03T06:58:49.176+0000] {dag.py:3239} INFO - Sync 1 DAGs
[2024-10-03T06:58:49.225+0000] {logging_mixin.py:190} INFO - [2024-10-03T06:58:49.223+0000] {dag.py:4180} INFO - Setting next_dagrun for example_python_operator to None, run_after=None
[2024-10-03T06:58:49.295+0000] {processor.py:208} INFO - Processing /home/airflow/.local/lib/python3.12/site-packages/airflow/example_dags/example_python_operator.py took 0.219 seconds
[2024-10-03T06:59:19.589+0000] {processor.py:186} INFO - Started process (PID=912) to work on /home/airflow/.local/lib/python3.12/site-packages/airflow/example_dags/example_python_operator.py
[2024-10-03T06:59:19.592+0000] {processor.py:914} INFO - Processing file /home/airflow/.local/lib/python3.12/site-packages/airflow/example_dags/example_python_operator.py for tasks to queue
[2024-10-03T06:59:19.597+0000] {logging_mixin.py:190} INFO - [2024-10-03T06:59:19.596+0000] {dagbag.py:588} INFO - Filling up the DagBag from /home/airflow/.local/lib/python3.12/site-packages/airflow/example_dags/example_python_operator.py
[2024-10-03T06:59:19.618+0000] {processor.py:925} INFO - DAG(s) 'example_python_operator' retrieved from /home/airflow/.local/lib/python3.12/site-packages/airflow/example_dags/example_python_operator.py
[2024-10-03T06:59:19.669+0000] {logging_mixin.py:190} INFO - [2024-10-03T06:59:19.669+0000] {dag.py:3239} INFO - Sync 1 DAGs
[2024-10-03T06:59:19.698+0000] {logging_mixin.py:190} INFO - [2024-10-03T06:59:19.697+0000] {dag.py:4180} INFO - Setting next_dagrun for example_python_operator to None, run_after=None
[2024-10-03T06:59:19.733+0000] {processor.py:208} INFO - Processing /home/airflow/.local/lib/python3.12/site-packages/airflow/example_dags/example_python_operator.py took 0.151 seconds
[2024-10-03T07:00:11.737+0000] {processor.py:186} INFO - Started process (PID=1000) to work on /home/airflow/.local/lib/python3.12/site-packages/airflow/example_dags/example_python_operator.py
[2024-10-03T07:00:11.739+0000] {processor.py:914} INFO - Processing file /home/airflow/.local/lib/python3.12/site-packages/airflow/example_dags/example_python_operator.py for tasks to queue
[2024-10-03T07:00:11.747+0000] {logging_mixin.py:190} INFO - [2024-10-03T07:00:11.746+0000] {dagbag.py:588} INFO - Filling up the DagBag from /home/airflow/.local/lib/python3.12/site-packages/airflow/example_dags/example_python_operator.py
[2024-10-03T07:00:11.785+0000] {processor.py:925} INFO - DAG(s) 'example_python_operator' retrieved from /home/airflow/.local/lib/python3.12/site-packages/airflow/example_dags/example_python_operator.py
[2024-10-03T07:00:11.843+0000] {logging_mixin.py:190} INFO - [2024-10-03T07:00:11.842+0000] {dag.py:3239} INFO - Sync 1 DAGs
[2024-10-03T07:00:11.872+0000] {logging_mixin.py:190} INFO - [2024-10-03T07:00:11.872+0000] {dag.py:4180} INFO - Setting next_dagrun for example_python_operator to None, run_after=None
[2024-10-03T07:00:11.917+0000] {processor.py:208} INFO - Processing /home/airflow/.local/lib/python3.12/site-packages/airflow/example_dags/example_python_operator.py took 0.196 seconds
[2024-10-03T07:00:43.088+0000] {processor.py:186} INFO - Started process (PID=1064) to work on /home/airflow/.local/lib/python3.12/site-packages/airflow/example_dags/example_python_operator.py
[2024-10-03T07:00:43.089+0000] {processor.py:914} INFO - Processing file /home/airflow/.local/lib/python3.12/site-packages/airflow/example_dags/example_python_operator.py for tasks to queue
[2024-10-03T07:00:43.093+0000] {logging_mixin.py:190} INFO - [2024-10-03T07:00:43.092+0000] {dagbag.py:588} INFO - Filling up the DagBag from /home/airflow/.local/lib/python3.12/site-packages/airflow/example_dags/example_python_operator.py
[2024-10-03T07:00:43.107+0000] {processor.py:925} INFO - DAG(s) 'example_python_operator' retrieved from /home/airflow/.local/lib/python3.12/site-packages/airflow/example_dags/example_python_operator.py
[2024-10-03T07:00:43.138+0000] {logging_mixin.py:190} INFO - [2024-10-03T07:00:43.137+0000] {dag.py:3239} INFO - Sync 1 DAGs
[2024-10-03T07:00:43.158+0000] {logging_mixin.py:190} INFO - [2024-10-03T07:00:43.158+0000] {dag.py:4180} INFO - Setting next_dagrun for example_python_operator to None, run_after=None
[2024-10-03T07:00:43.188+0000] {processor.py:208} INFO - Processing /home/airflow/.local/lib/python3.12/site-packages/airflow/example_dags/example_python_operator.py took 0.108 seconds
[2024-10-03T07:01:23.957+0000] {processor.py:186} INFO - Started process (PID=1137) to work on /home/airflow/.local/lib/python3.12/site-packages/airflow/example_dags/example_python_operator.py
[2024-10-03T07:01:23.959+0000] {processor.py:914} INFO - Processing file /home/airflow/.local/lib/python3.12/site-packages/airflow/example_dags/example_python_operator.py for tasks to queue
[2024-10-03T07:01:23.961+0000] {logging_mixin.py:190} INFO - [2024-10-03T07:01:23.960+0000] {dagbag.py:588} INFO - Filling up the DagBag from /home/airflow/.local/lib/python3.12/site-packages/airflow/example_dags/example_python_operator.py
[2024-10-03T07:01:23.991+0000] {processor.py:925} INFO - DAG(s) 'example_python_operator' retrieved from /home/airflow/.local/lib/python3.12/site-packages/airflow/example_dags/example_python_operator.py
[2024-10-03T07:01:24.059+0000] {logging_mixin.py:190} INFO - [2024-10-03T07:01:24.059+0000] {dag.py:3239} INFO - Sync 1 DAGs
[2024-10-03T07:01:24.087+0000] {logging_mixin.py:190} INFO - [2024-10-03T07:01:24.087+0000] {dag.py:4180} INFO - Setting next_dagrun for example_python_operator to None, run_after=None
[2024-10-03T07:01:24.125+0000] {processor.py:208} INFO - Processing /home/airflow/.local/lib/python3.12/site-packages/airflow/example_dags/example_python_operator.py took 0.178 seconds
[2024-10-03T07:02:43.821+0000] {processor.py:186} INFO - Started process (PID=1198) to work on /home/airflow/.local/lib/python3.12/site-packages/airflow/example_dags/example_python_operator.py
[2024-10-03T07:02:43.823+0000] {processor.py:914} INFO - Processing file /home/airflow/.local/lib/python3.12/site-packages/airflow/example_dags/example_python_operator.py for tasks to queue
[2024-10-03T07:02:43.824+0000] {logging_mixin.py:190} INFO - [2024-10-03T07:02:43.824+0000] {dagbag.py:588} INFO - Filling up the DagBag from /home/airflow/.local/lib/python3.12/site-packages/airflow/example_dags/example_python_operator.py
[2024-10-03T07:02:43.838+0000] {processor.py:925} INFO - DAG(s) 'example_python_operator' retrieved from /home/airflow/.local/lib/python3.12/site-packages/airflow/example_dags/example_python_operator.py
[2024-10-03T07:02:43.868+0000] {logging_mixin.py:190} INFO - [2024-10-03T07:02:43.868+0000] {dag.py:3239} INFO - Sync 1 DAGs
[2024-10-03T07:02:43.884+0000] {logging_mixin.py:190} INFO - [2024-10-03T07:02:43.884+0000] {dag.py:4180} INFO - Setting next_dagrun for example_python_operator to None, run_after=None
[2024-10-03T07:02:43.911+0000] {processor.py:208} INFO - Processing /home/airflow/.local/lib/python3.12/site-packages/airflow/example_dags/example_python_operator.py took 0.096 seconds
[2024-10-03T07:03:14.209+0000] {processor.py:186} INFO - Started process (PID=1261) to work on /home/airflow/.local/lib/python3.12/site-packages/airflow/example_dags/example_python_operator.py
[2024-10-03T07:03:14.210+0000] {processor.py:914} INFO - Processing file /home/airflow/.local/lib/python3.12/site-packages/airflow/example_dags/example_python_operator.py for tasks to queue
[2024-10-03T07:03:14.211+0000] {logging_mixin.py:190} INFO - [2024-10-03T07:03:14.211+0000] {dagbag.py:588} INFO - Filling up the DagBag from /home/airflow/.local/lib/python3.12/site-packages/airflow/example_dags/example_python_operator.py
[2024-10-03T07:03:14.224+0000] {processor.py:925} INFO - DAG(s) 'example_python_operator' retrieved from /home/airflow/.local/lib/python3.12/site-packages/airflow/example_dags/example_python_operator.py
[2024-10-03T07:03:14.250+0000] {logging_mixin.py:190} INFO - [2024-10-03T07:03:14.250+0000] {dag.py:3239} INFO - Sync 1 DAGs
[2024-10-03T07:03:14.267+0000] {logging_mixin.py:190} INFO - [2024-10-03T07:03:14.267+0000] {dag.py:4180} INFO - Setting next_dagrun for example_python_operator to None, run_after=None
[2024-10-03T07:03:14.295+0000] {processor.py:208} INFO - Processing /home/airflow/.local/lib/python3.12/site-packages/airflow/example_dags/example_python_operator.py took 0.092 seconds
[2024-10-03T07:03:45.513+0000] {processor.py:186} INFO - Started process (PID=1324) to work on /home/airflow/.local/lib/python3.12/site-packages/airflow/example_dags/example_python_operator.py
[2024-10-03T07:03:45.515+0000] {processor.py:914} INFO - Processing file /home/airflow/.local/lib/python3.12/site-packages/airflow/example_dags/example_python_operator.py for tasks to queue
[2024-10-03T07:03:45.518+0000] {logging_mixin.py:190} INFO - [2024-10-03T07:03:45.517+0000] {dagbag.py:588} INFO - Filling up the DagBag from /home/airflow/.local/lib/python3.12/site-packages/airflow/example_dags/example_python_operator.py
[2024-10-03T07:03:45.551+0000] {processor.py:925} INFO - DAG(s) 'example_python_operator' retrieved from /home/airflow/.local/lib/python3.12/site-packages/airflow/example_dags/example_python_operator.py
[2024-10-03T07:03:45.643+0000] {logging_mixin.py:190} INFO - [2024-10-03T07:03:45.642+0000] {dag.py:3239} INFO - Sync 1 DAGs
[2024-10-03T07:03:45.684+0000] {logging_mixin.py:190} INFO - [2024-10-03T07:03:45.684+0000] {dag.py:4180} INFO - Setting next_dagrun for example_python_operator to None, run_after=None
[2024-10-03T07:03:45.739+0000] {processor.py:208} INFO - Processing /home/airflow/.local/lib/python3.12/site-packages/airflow/example_dags/example_python_operator.py took 0.237 seconds
[2024-10-03T07:04:16.724+0000] {processor.py:186} INFO - Started process (PID=1387) to work on /home/airflow/.local/lib/python3.12/site-packages/airflow/example_dags/example_python_operator.py
[2024-10-03T07:04:16.726+0000] {processor.py:914} INFO - Processing file /home/airflow/.local/lib/python3.12/site-packages/airflow/example_dags/example_python_operator.py for tasks to queue
[2024-10-03T07:04:16.729+0000] {logging_mixin.py:190} INFO - [2024-10-03T07:04:16.728+0000] {dagbag.py:588} INFO - Filling up the DagBag from /home/airflow/.local/lib/python3.12/site-packages/airflow/example_dags/example_python_operator.py
[2024-10-03T07:04:16.746+0000] {processor.py:925} INFO - DAG(s) 'example_python_operator' retrieved from /home/airflow/.local/lib/python3.12/site-packages/airflow/example_dags/example_python_operator.py
[2024-10-03T07:04:16.783+0000] {logging_mixin.py:190} INFO - [2024-10-03T07:04:16.782+0000] {dag.py:3239} INFO - Sync 1 DAGs
[2024-10-03T07:04:16.817+0000] {logging_mixin.py:190} INFO - [2024-10-03T07:04:16.816+0000] {dag.py:4180} INFO - Setting next_dagrun for example_python_operator to None, run_after=None
[2024-10-03T07:04:16.875+0000] {processor.py:208} INFO - Processing /home/airflow/.local/lib/python3.12/site-packages/airflow/example_dags/example_python_operator.py took 0.158 seconds
[2024-10-03T07:04:47.353+0000] {processor.py:186} INFO - Started process (PID=1450) to work on /home/airflow/.local/lib/python3.12/site-packages/airflow/example_dags/example_python_operator.py
[2024-10-03T07:04:47.354+0000] {processor.py:914} INFO - Processing file /home/airflow/.local/lib/python3.12/site-packages/airflow/example_dags/example_python_operator.py for tasks to queue
[2024-10-03T07:04:47.355+0000] {logging_mixin.py:190} INFO - [2024-10-03T07:04:47.355+0000] {dagbag.py:588} INFO - Filling up the DagBag from /home/airflow/.local/lib/python3.12/site-packages/airflow/example_dags/example_python_operator.py
[2024-10-03T07:04:47.371+0000] {processor.py:925} INFO - DAG(s) 'example_python_operator' retrieved from /home/airflow/.local/lib/python3.12/site-packages/airflow/example_dags/example_python_operator.py
[2024-10-03T07:04:47.404+0000] {logging_mixin.py:190} INFO - [2024-10-03T07:04:47.404+0000] {dag.py:3239} INFO - Sync 1 DAGs
[2024-10-03T07:04:47.430+0000] {logging_mixin.py:190} INFO - [2024-10-03T07:04:47.429+0000] {dag.py:4180} INFO - Setting next_dagrun for example_python_operator to None, run_after=None
[2024-10-03T07:04:47.465+0000] {processor.py:208} INFO - Processing /home/airflow/.local/lib/python3.12/site-packages/airflow/example_dags/example_python_operator.py took 0.119 seconds
[2024-10-03T07:05:19.190+0000] {processor.py:186} INFO - Started process (PID=1512) to work on /home/airflow/.local/lib/python3.12/site-packages/airflow/example_dags/example_python_operator.py
[2024-10-03T07:05:19.192+0000] {processor.py:914} INFO - Processing file /home/airflow/.local/lib/python3.12/site-packages/airflow/example_dags/example_python_operator.py for tasks to queue
[2024-10-03T07:05:19.194+0000] {logging_mixin.py:190} INFO - [2024-10-03T07:05:19.193+0000] {dagbag.py:588} INFO - Filling up the DagBag from /home/airflow/.local/lib/python3.12/site-packages/airflow/example_dags/example_python_operator.py
[2024-10-03T07:05:19.210+0000] {processor.py:925} INFO - DAG(s) 'example_python_operator' retrieved from /home/airflow/.local/lib/python3.12/site-packages/airflow/example_dags/example_python_operator.py
[2024-10-03T07:05:19.246+0000] {logging_mixin.py:190} INFO - [2024-10-03T07:05:19.246+0000] {dag.py:3239} INFO - Sync 1 DAGs
[2024-10-03T07:05:19.273+0000] {logging_mixin.py:190} INFO - [2024-10-03T07:05:19.272+0000] {dag.py:4180} INFO - Setting next_dagrun for example_python_operator to None, run_after=None
[2024-10-03T07:05:19.310+0000] {processor.py:208} INFO - Processing /home/airflow/.local/lib/python3.12/site-packages/airflow/example_dags/example_python_operator.py took 0.129 seconds
[2024-10-03T07:07:13.018+0000] {processor.py:186} INFO - Started process (PID=1575) to work on /home/airflow/.local/lib/python3.12/site-packages/airflow/example_dags/example_python_operator.py
[2024-10-03T07:07:13.020+0000] {processor.py:914} INFO - Processing file /home/airflow/.local/lib/python3.12/site-packages/airflow/example_dags/example_python_operator.py for tasks to queue
[2024-10-03T07:07:13.022+0000] {logging_mixin.py:190} INFO - [2024-10-03T07:07:13.021+0000] {dagbag.py:588} INFO - Filling up the DagBag from /home/airflow/.local/lib/python3.12/site-packages/airflow/example_dags/example_python_operator.py
[2024-10-03T07:07:13.039+0000] {processor.py:925} INFO - DAG(s) 'example_python_operator' retrieved from /home/airflow/.local/lib/python3.12/site-packages/airflow/example_dags/example_python_operator.py
[2024-10-03T07:07:13.069+0000] {logging_mixin.py:190} INFO - [2024-10-03T07:07:13.069+0000] {dag.py:3239} INFO - Sync 1 DAGs
[2024-10-03T07:07:13.090+0000] {logging_mixin.py:190} INFO - [2024-10-03T07:07:13.089+0000] {dag.py:4180} INFO - Setting next_dagrun for example_python_operator to None, run_after=None
[2024-10-03T07:07:13.126+0000] {processor.py:208} INFO - Processing /home/airflow/.local/lib/python3.12/site-packages/airflow/example_dags/example_python_operator.py took 0.118 seconds
[2024-10-03T07:07:43.514+0000] {processor.py:186} INFO - Started process (PID=1638) to work on /home/airflow/.local/lib/python3.12/site-packages/airflow/example_dags/example_python_operator.py
[2024-10-03T07:07:43.516+0000] {processor.py:914} INFO - Processing file /home/airflow/.local/lib/python3.12/site-packages/airflow/example_dags/example_python_operator.py for tasks to queue
[2024-10-03T07:07:43.518+0000] {logging_mixin.py:190} INFO - [2024-10-03T07:07:43.517+0000] {dagbag.py:588} INFO - Filling up the DagBag from /home/airflow/.local/lib/python3.12/site-packages/airflow/example_dags/example_python_operator.py
[2024-10-03T07:07:43.533+0000] {processor.py:925} INFO - DAG(s) 'example_python_operator' retrieved from /home/airflow/.local/lib/python3.12/site-packages/airflow/example_dags/example_python_operator.py
[2024-10-03T07:07:43.565+0000] {logging_mixin.py:190} INFO - [2024-10-03T07:07:43.565+0000] {dag.py:3239} INFO - Sync 1 DAGs
[2024-10-03T07:07:43.591+0000] {logging_mixin.py:190} INFO - [2024-10-03T07:07:43.590+0000] {dag.py:4180} INFO - Setting next_dagrun for example_python_operator to None, run_after=None
[2024-10-03T07:07:43.631+0000] {processor.py:208} INFO - Processing /home/airflow/.local/lib/python3.12/site-packages/airflow/example_dags/example_python_operator.py took 0.124 seconds
[2024-10-03T07:08:47.311+0000] {processor.py:186} INFO - Started process (PID=1701) to work on /home/airflow/.local/lib/python3.12/site-packages/airflow/example_dags/example_python_operator.py
[2024-10-03T07:08:47.323+0000] {processor.py:914} INFO - Processing file /home/airflow/.local/lib/python3.12/site-packages/airflow/example_dags/example_python_operator.py for tasks to queue
[2024-10-03T07:08:47.329+0000] {logging_mixin.py:190} INFO - [2024-10-03T07:08:47.328+0000] {dagbag.py:588} INFO - Filling up the DagBag from /home/airflow/.local/lib/python3.12/site-packages/airflow/example_dags/example_python_operator.py
[2024-10-03T07:08:47.422+0000] {processor.py:925} INFO - DAG(s) 'example_python_operator' retrieved from /home/airflow/.local/lib/python3.12/site-packages/airflow/example_dags/example_python_operator.py
[2024-10-03T07:08:47.539+0000] {logging_mixin.py:190} INFO - [2024-10-03T07:08:47.538+0000] {dag.py:3239} INFO - Sync 1 DAGs
[2024-10-03T07:08:47.583+0000] {logging_mixin.py:190} INFO - [2024-10-03T07:08:47.582+0000] {dag.py:4180} INFO - Setting next_dagrun for example_python_operator to None, run_after=None
[2024-10-03T07:08:47.637+0000] {processor.py:208} INFO - Processing /home/airflow/.local/lib/python3.12/site-packages/airflow/example_dags/example_python_operator.py took 0.352 seconds
[2024-10-03T07:09:18.583+0000] {processor.py:186} INFO - Started process (PID=1770) to work on /home/airflow/.local/lib/python3.12/site-packages/airflow/example_dags/example_python_operator.py
[2024-10-03T07:09:18.585+0000] {processor.py:914} INFO - Processing file /home/airflow/.local/lib/python3.12/site-packages/airflow/example_dags/example_python_operator.py for tasks to queue
[2024-10-03T07:09:18.588+0000] {logging_mixin.py:190} INFO - [2024-10-03T07:09:18.587+0000] {dagbag.py:588} INFO - Filling up the DagBag from /home/airflow/.local/lib/python3.12/site-packages/airflow/example_dags/example_python_operator.py
[2024-10-03T07:09:18.620+0000] {processor.py:925} INFO - DAG(s) 'example_python_operator' retrieved from /home/airflow/.local/lib/python3.12/site-packages/airflow/example_dags/example_python_operator.py
[2024-10-03T07:09:18.675+0000] {logging_mixin.py:190} INFO - [2024-10-03T07:09:18.674+0000] {dag.py:3239} INFO - Sync 1 DAGs
[2024-10-03T07:09:18.736+0000] {logging_mixin.py:190} INFO - [2024-10-03T07:09:18.735+0000] {dag.py:4180} INFO - Setting next_dagrun for example_python_operator to None, run_after=None
[2024-10-03T07:09:18.808+0000] {processor.py:208} INFO - Processing /home/airflow/.local/lib/python3.12/site-packages/airflow/example_dags/example_python_operator.py took 0.236 seconds
[2024-10-03T07:09:49.305+0000] {processor.py:186} INFO - Started process (PID=1833) to work on /home/airflow/.local/lib/python3.12/site-packages/airflow/example_dags/example_python_operator.py
[2024-10-03T07:09:49.308+0000] {processor.py:914} INFO - Processing file /home/airflow/.local/lib/python3.12/site-packages/airflow/example_dags/example_python_operator.py for tasks to queue
[2024-10-03T07:09:49.309+0000] {logging_mixin.py:190} INFO - [2024-10-03T07:09:49.309+0000] {dagbag.py:588} INFO - Filling up the DagBag from /home/airflow/.local/lib/python3.12/site-packages/airflow/example_dags/example_python_operator.py
[2024-10-03T07:09:49.323+0000] {processor.py:925} INFO - DAG(s) 'example_python_operator' retrieved from /home/airflow/.local/lib/python3.12/site-packages/airflow/example_dags/example_python_operator.py
[2024-10-03T07:09:49.351+0000] {logging_mixin.py:190} INFO - [2024-10-03T07:09:49.351+0000] {dag.py:3239} INFO - Sync 1 DAGs
[2024-10-03T07:09:49.370+0000] {logging_mixin.py:190} INFO - [2024-10-03T07:09:49.370+0000] {dag.py:4180} INFO - Setting next_dagrun for example_python_operator to None, run_after=None
[2024-10-03T07:09:49.395+0000] {processor.py:208} INFO - Processing /home/airflow/.local/lib/python3.12/site-packages/airflow/example_dags/example_python_operator.py took 0.097 seconds
[2024-10-03T07:10:20.071+0000] {processor.py:186} INFO - Started process (PID=1897) to work on /home/airflow/.local/lib/python3.12/site-packages/airflow/example_dags/example_python_operator.py
[2024-10-03T07:10:20.073+0000] {processor.py:914} INFO - Processing file /home/airflow/.local/lib/python3.12/site-packages/airflow/example_dags/example_python_operator.py for tasks to queue
[2024-10-03T07:10:20.075+0000] {logging_mixin.py:190} INFO - [2024-10-03T07:10:20.075+0000] {dagbag.py:588} INFO - Filling up the DagBag from /home/airflow/.local/lib/python3.12/site-packages/airflow/example_dags/example_python_operator.py
[2024-10-03T07:10:20.090+0000] {processor.py:925} INFO - DAG(s) 'example_python_operator' retrieved from /home/airflow/.local/lib/python3.12/site-packages/airflow/example_dags/example_python_operator.py
[2024-10-03T07:10:20.122+0000] {logging_mixin.py:190} INFO - [2024-10-03T07:10:20.121+0000] {dag.py:3239} INFO - Sync 1 DAGs
[2024-10-03T07:10:20.139+0000] {logging_mixin.py:190} INFO - [2024-10-03T07:10:20.139+0000] {dag.py:4180} INFO - Setting next_dagrun for example_python_operator to None, run_after=None
[2024-10-03T07:10:20.169+0000] {processor.py:208} INFO - Processing /home/airflow/.local/lib/python3.12/site-packages/airflow/example_dags/example_python_operator.py took 0.105 seconds
[2024-10-03T07:10:50.905+0000] {processor.py:186} INFO - Started process (PID=1960) to work on /home/airflow/.local/lib/python3.12/site-packages/airflow/example_dags/example_python_operator.py
[2024-10-03T07:10:50.906+0000] {processor.py:914} INFO - Processing file /home/airflow/.local/lib/python3.12/site-packages/airflow/example_dags/example_python_operator.py for tasks to queue
[2024-10-03T07:10:50.908+0000] {logging_mixin.py:190} INFO - [2024-10-03T07:10:50.908+0000] {dagbag.py:588} INFO - Filling up the DagBag from /home/airflow/.local/lib/python3.12/site-packages/airflow/example_dags/example_python_operator.py
[2024-10-03T07:10:50.923+0000] {processor.py:925} INFO - DAG(s) 'example_python_operator' retrieved from /home/airflow/.local/lib/python3.12/site-packages/airflow/example_dags/example_python_operator.py
[2024-10-03T07:10:50.950+0000] {logging_mixin.py:190} INFO - [2024-10-03T07:10:50.949+0000] {dag.py:3239} INFO - Sync 1 DAGs
[2024-10-03T07:10:50.968+0000] {logging_mixin.py:190} INFO - [2024-10-03T07:10:50.967+0000] {dag.py:4180} INFO - Setting next_dagrun for example_python_operator to None, run_after=None
[2024-10-03T07:10:50.993+0000] {processor.py:208} INFO - Processing /home/airflow/.local/lib/python3.12/site-packages/airflow/example_dags/example_python_operator.py took 0.095 seconds
[2024-10-03T07:11:22.186+0000] {processor.py:186} INFO - Started process (PID=2023) to work on /home/airflow/.local/lib/python3.12/site-packages/airflow/example_dags/example_python_operator.py
[2024-10-03T07:11:22.188+0000] {processor.py:914} INFO - Processing file /home/airflow/.local/lib/python3.12/site-packages/airflow/example_dags/example_python_operator.py for tasks to queue
[2024-10-03T07:11:22.190+0000] {logging_mixin.py:190} INFO - [2024-10-03T07:11:22.189+0000] {dagbag.py:588} INFO - Filling up the DagBag from /home/airflow/.local/lib/python3.12/site-packages/airflow/example_dags/example_python_operator.py
[2024-10-03T07:11:22.202+0000] {processor.py:925} INFO - DAG(s) 'example_python_operator' retrieved from /home/airflow/.local/lib/python3.12/site-packages/airflow/example_dags/example_python_operator.py
[2024-10-03T07:11:22.230+0000] {logging_mixin.py:190} INFO - [2024-10-03T07:11:22.230+0000] {dag.py:3239} INFO - Sync 1 DAGs
[2024-10-03T07:11:22.246+0000] {logging_mixin.py:190} INFO - [2024-10-03T07:11:22.246+0000] {dag.py:4180} INFO - Setting next_dagrun for example_python_operator to None, run_after=None
[2024-10-03T07:11:22.272+0000] {processor.py:208} INFO - Processing /home/airflow/.local/lib/python3.12/site-packages/airflow/example_dags/example_python_operator.py took 0.093 seconds
[2024-10-03T07:11:53.251+0000] {processor.py:186} INFO - Started process (PID=2086) to work on /home/airflow/.local/lib/python3.12/site-packages/airflow/example_dags/example_python_operator.py
[2024-10-03T07:11:53.253+0000] {processor.py:914} INFO - Processing file /home/airflow/.local/lib/python3.12/site-packages/airflow/example_dags/example_python_operator.py for tasks to queue
[2024-10-03T07:11:53.255+0000] {logging_mixin.py:190} INFO - [2024-10-03T07:11:53.255+0000] {dagbag.py:588} INFO - Filling up the DagBag from /home/airflow/.local/lib/python3.12/site-packages/airflow/example_dags/example_python_operator.py
[2024-10-03T07:11:53.270+0000] {processor.py:925} INFO - DAG(s) 'example_python_operator' retrieved from /home/airflow/.local/lib/python3.12/site-packages/airflow/example_dags/example_python_operator.py
[2024-10-03T07:11:53.300+0000] {logging_mixin.py:190} INFO - [2024-10-03T07:11:53.299+0000] {dag.py:3239} INFO - Sync 1 DAGs
[2024-10-03T07:11:53.317+0000] {logging_mixin.py:190} INFO - [2024-10-03T07:11:53.316+0000] {dag.py:4180} INFO - Setting next_dagrun for example_python_operator to None, run_after=None
[2024-10-03T07:11:53.347+0000] {processor.py:208} INFO - Processing /home/airflow/.local/lib/python3.12/site-packages/airflow/example_dags/example_python_operator.py took 0.102 seconds
[2024-10-03T07:12:24.650+0000] {processor.py:186} INFO - Started process (PID=2154) to work on /home/airflow/.local/lib/python3.12/site-packages/airflow/example_dags/example_python_operator.py
[2024-10-03T07:12:24.652+0000] {processor.py:914} INFO - Processing file /home/airflow/.local/lib/python3.12/site-packages/airflow/example_dags/example_python_operator.py for tasks to queue
[2024-10-03T07:12:24.654+0000] {logging_mixin.py:190} INFO - [2024-10-03T07:12:24.653+0000] {dagbag.py:588} INFO - Filling up the DagBag from /home/airflow/.local/lib/python3.12/site-packages/airflow/example_dags/example_python_operator.py
[2024-10-03T07:12:24.667+0000] {processor.py:925} INFO - DAG(s) 'example_python_operator' retrieved from /home/airflow/.local/lib/python3.12/site-packages/airflow/example_dags/example_python_operator.py
[2024-10-03T07:12:24.695+0000] {logging_mixin.py:190} INFO - [2024-10-03T07:12:24.695+0000] {dag.py:3239} INFO - Sync 1 DAGs
[2024-10-03T07:12:24.712+0000] {logging_mixin.py:190} INFO - [2024-10-03T07:12:24.711+0000] {dag.py:4180} INFO - Setting next_dagrun for example_python_operator to None, run_after=None
[2024-10-03T07:12:24.740+0000] {processor.py:208} INFO - Processing /home/airflow/.local/lib/python3.12/site-packages/airflow/example_dags/example_python_operator.py took 0.096 seconds
[2024-10-03T07:12:56.284+0000] {processor.py:186} INFO - Started process (PID=2222) to work on /home/airflow/.local/lib/python3.12/site-packages/airflow/example_dags/example_python_operator.py
[2024-10-03T07:12:56.286+0000] {processor.py:914} INFO - Processing file /home/airflow/.local/lib/python3.12/site-packages/airflow/example_dags/example_python_operator.py for tasks to queue
[2024-10-03T07:12:56.289+0000] {logging_mixin.py:190} INFO - [2024-10-03T07:12:56.288+0000] {dagbag.py:588} INFO - Filling up the DagBag from /home/airflow/.local/lib/python3.12/site-packages/airflow/example_dags/example_python_operator.py
[2024-10-03T07:12:56.303+0000] {processor.py:925} INFO - DAG(s) 'example_python_operator' retrieved from /home/airflow/.local/lib/python3.12/site-packages/airflow/example_dags/example_python_operator.py
[2024-10-03T07:12:56.332+0000] {logging_mixin.py:190} INFO - [2024-10-03T07:12:56.331+0000] {dag.py:3239} INFO - Sync 1 DAGs
[2024-10-03T07:12:56.350+0000] {logging_mixin.py:190} INFO - [2024-10-03T07:12:56.350+0000] {dag.py:4180} INFO - Setting next_dagrun for example_python_operator to None, run_after=None
[2024-10-03T07:12:56.380+0000] {processor.py:208} INFO - Processing /home/airflow/.local/lib/python3.12/site-packages/airflow/example_dags/example_python_operator.py took 0.103 seconds
[2024-10-03T07:13:27.221+0000] {processor.py:186} INFO - Started process (PID=2285) to work on /home/airflow/.local/lib/python3.12/site-packages/airflow/example_dags/example_python_operator.py
[2024-10-03T07:13:27.223+0000] {processor.py:914} INFO - Processing file /home/airflow/.local/lib/python3.12/site-packages/airflow/example_dags/example_python_operator.py for tasks to queue
[2024-10-03T07:13:27.226+0000] {logging_mixin.py:190} INFO - [2024-10-03T07:13:27.225+0000] {dagbag.py:588} INFO - Filling up the DagBag from /home/airflow/.local/lib/python3.12/site-packages/airflow/example_dags/example_python_operator.py
[2024-10-03T07:13:27.246+0000] {processor.py:925} INFO - DAG(s) 'example_python_operator' retrieved from /home/airflow/.local/lib/python3.12/site-packages/airflow/example_dags/example_python_operator.py
[2024-10-03T07:13:27.280+0000] {logging_mixin.py:190} INFO - [2024-10-03T07:13:27.279+0000] {dag.py:3239} INFO - Sync 1 DAGs
[2024-10-03T07:13:27.303+0000] {logging_mixin.py:190} INFO - [2024-10-03T07:13:27.303+0000] {dag.py:4180} INFO - Setting next_dagrun for example_python_operator to None, run_after=None
[2024-10-03T07:13:27.340+0000] {processor.py:208} INFO - Processing /home/airflow/.local/lib/python3.12/site-packages/airflow/example_dags/example_python_operator.py took 0.129 seconds
[2024-10-03T07:13:58.730+0000] {processor.py:186} INFO - Started process (PID=2348) to work on /home/airflow/.local/lib/python3.12/site-packages/airflow/example_dags/example_python_operator.py
[2024-10-03T07:13:58.732+0000] {processor.py:914} INFO - Processing file /home/airflow/.local/lib/python3.12/site-packages/airflow/example_dags/example_python_operator.py for tasks to queue
[2024-10-03T07:13:58.736+0000] {logging_mixin.py:190} INFO - [2024-10-03T07:13:58.734+0000] {dagbag.py:588} INFO - Filling up the DagBag from /home/airflow/.local/lib/python3.12/site-packages/airflow/example_dags/example_python_operator.py
[2024-10-03T07:13:58.758+0000] {processor.py:925} INFO - DAG(s) 'example_python_operator' retrieved from /home/airflow/.local/lib/python3.12/site-packages/airflow/example_dags/example_python_operator.py
[2024-10-03T07:13:58.800+0000] {logging_mixin.py:190} INFO - [2024-10-03T07:13:58.800+0000] {dag.py:3239} INFO - Sync 1 DAGs
[2024-10-03T07:13:58.824+0000] {logging_mixin.py:190} INFO - [2024-10-03T07:13:58.823+0000] {dag.py:4180} INFO - Setting next_dagrun for example_python_operator to None, run_after=None
[2024-10-03T07:13:58.857+0000] {processor.py:208} INFO - Processing /home/airflow/.local/lib/python3.12/site-packages/airflow/example_dags/example_python_operator.py took 0.136 seconds
[2024-10-03T07:14:29.693+0000] {processor.py:186} INFO - Started process (PID=2411) to work on /home/airflow/.local/lib/python3.12/site-packages/airflow/example_dags/example_python_operator.py
[2024-10-03T07:14:29.695+0000] {processor.py:914} INFO - Processing file /home/airflow/.local/lib/python3.12/site-packages/airflow/example_dags/example_python_operator.py for tasks to queue
[2024-10-03T07:14:29.697+0000] {logging_mixin.py:190} INFO - [2024-10-03T07:14:29.696+0000] {dagbag.py:588} INFO - Filling up the DagBag from /home/airflow/.local/lib/python3.12/site-packages/airflow/example_dags/example_python_operator.py
[2024-10-03T07:14:29.709+0000] {processor.py:925} INFO - DAG(s) 'example_python_operator' retrieved from /home/airflow/.local/lib/python3.12/site-packages/airflow/example_dags/example_python_operator.py
[2024-10-03T07:14:29.740+0000] {logging_mixin.py:190} INFO - [2024-10-03T07:14:29.739+0000] {dag.py:3239} INFO - Sync 1 DAGs
[2024-10-03T07:14:29.756+0000] {logging_mixin.py:190} INFO - [2024-10-03T07:14:29.756+0000] {dag.py:4180} INFO - Setting next_dagrun for example_python_operator to None, run_after=None
[2024-10-03T07:14:29.786+0000] {processor.py:208} INFO - Processing /home/airflow/.local/lib/python3.12/site-packages/airflow/example_dags/example_python_operator.py took 0.100 seconds
[2024-10-03T07:15:00.874+0000] {processor.py:186} INFO - Started process (PID=2475) to work on /home/airflow/.local/lib/python3.12/site-packages/airflow/example_dags/example_python_operator.py
[2024-10-03T07:15:00.876+0000] {processor.py:914} INFO - Processing file /home/airflow/.local/lib/python3.12/site-packages/airflow/example_dags/example_python_operator.py for tasks to queue
[2024-10-03T07:15:00.879+0000] {logging_mixin.py:190} INFO - [2024-10-03T07:15:00.879+0000] {dagbag.py:588} INFO - Filling up the DagBag from /home/airflow/.local/lib/python3.12/site-packages/airflow/example_dags/example_python_operator.py
[2024-10-03T07:15:00.897+0000] {processor.py:925} INFO - DAG(s) 'example_python_operator' retrieved from /home/airflow/.local/lib/python3.12/site-packages/airflow/example_dags/example_python_operator.py
[2024-10-03T07:15:00.937+0000] {logging_mixin.py:190} INFO - [2024-10-03T07:15:00.937+0000] {dag.py:3239} INFO - Sync 1 DAGs
[2024-10-03T07:15:00.956+0000] {logging_mixin.py:190} INFO - [2024-10-03T07:15:00.956+0000] {dag.py:4180} INFO - Setting next_dagrun for example_python_operator to None, run_after=None
[2024-10-03T07:15:00.995+0000] {processor.py:208} INFO - Processing /home/airflow/.local/lib/python3.12/site-packages/airflow/example_dags/example_python_operator.py took 0.129 seconds
[2024-10-03T07:15:31.503+0000] {processor.py:186} INFO - Started process (PID=2538) to work on /home/airflow/.local/lib/python3.12/site-packages/airflow/example_dags/example_python_operator.py
[2024-10-03T07:15:31.505+0000] {processor.py:914} INFO - Processing file /home/airflow/.local/lib/python3.12/site-packages/airflow/example_dags/example_python_operator.py for tasks to queue
[2024-10-03T07:15:31.506+0000] {logging_mixin.py:190} INFO - [2024-10-03T07:15:31.506+0000] {dagbag.py:588} INFO - Filling up the DagBag from /home/airflow/.local/lib/python3.12/site-packages/airflow/example_dags/example_python_operator.py
[2024-10-03T07:15:31.522+0000] {processor.py:925} INFO - DAG(s) 'example_python_operator' retrieved from /home/airflow/.local/lib/python3.12/site-packages/airflow/example_dags/example_python_operator.py
[2024-10-03T07:15:31.558+0000] {logging_mixin.py:190} INFO - [2024-10-03T07:15:31.558+0000] {dag.py:3239} INFO - Sync 1 DAGs
[2024-10-03T07:15:31.591+0000] {logging_mixin.py:190} INFO - [2024-10-03T07:15:31.590+0000] {dag.py:4180} INFO - Setting next_dagrun for example_python_operator to None, run_after=None
[2024-10-03T07:15:31.616+0000] {processor.py:208} INFO - Processing /home/airflow/.local/lib/python3.12/site-packages/airflow/example_dags/example_python_operator.py took 0.120 seconds
[2024-10-03T07:16:02.080+0000] {processor.py:186} INFO - Started process (PID=2600) to work on /home/airflow/.local/lib/python3.12/site-packages/airflow/example_dags/example_python_operator.py
[2024-10-03T07:16:02.081+0000] {processor.py:914} INFO - Processing file /home/airflow/.local/lib/python3.12/site-packages/airflow/example_dags/example_python_operator.py for tasks to queue
[2024-10-03T07:16:02.083+0000] {logging_mixin.py:190} INFO - [2024-10-03T07:16:02.082+0000] {dagbag.py:588} INFO - Filling up the DagBag from /home/airflow/.local/lib/python3.12/site-packages/airflow/example_dags/example_python_operator.py
[2024-10-03T07:16:02.095+0000] {processor.py:925} INFO - DAG(s) 'example_python_operator' retrieved from /home/airflow/.local/lib/python3.12/site-packages/airflow/example_dags/example_python_operator.py
[2024-10-03T07:16:02.122+0000] {logging_mixin.py:190} INFO - [2024-10-03T07:16:02.122+0000] {dag.py:3239} INFO - Sync 1 DAGs
[2024-10-03T07:16:02.140+0000] {logging_mixin.py:190} INFO - [2024-10-03T07:16:02.140+0000] {dag.py:4180} INFO - Setting next_dagrun for example_python_operator to None, run_after=None
[2024-10-03T07:16:02.168+0000] {processor.py:208} INFO - Processing /home/airflow/.local/lib/python3.12/site-packages/airflow/example_dags/example_python_operator.py took 0.094 seconds
[2024-10-03T07:16:33.026+0000] {processor.py:186} INFO - Started process (PID=2664) to work on /home/airflow/.local/lib/python3.12/site-packages/airflow/example_dags/example_python_operator.py
[2024-10-03T07:16:33.028+0000] {processor.py:914} INFO - Processing file /home/airflow/.local/lib/python3.12/site-packages/airflow/example_dags/example_python_operator.py for tasks to queue
[2024-10-03T07:16:33.029+0000] {logging_mixin.py:190} INFO - [2024-10-03T07:16:33.029+0000] {dagbag.py:588} INFO - Filling up the DagBag from /home/airflow/.local/lib/python3.12/site-packages/airflow/example_dags/example_python_operator.py
[2024-10-03T07:16:33.045+0000] {processor.py:925} INFO - DAG(s) 'example_python_operator' retrieved from /home/airflow/.local/lib/python3.12/site-packages/airflow/example_dags/example_python_operator.py
[2024-10-03T07:16:33.080+0000] {logging_mixin.py:190} INFO - [2024-10-03T07:16:33.080+0000] {dag.py:3239} INFO - Sync 1 DAGs
[2024-10-03T07:16:33.099+0000] {logging_mixin.py:190} INFO - [2024-10-03T07:16:33.098+0000] {dag.py:4180} INFO - Setting next_dagrun for example_python_operator to None, run_after=None
[2024-10-03T07:16:33.130+0000] {processor.py:208} INFO - Processing /home/airflow/.local/lib/python3.12/site-packages/airflow/example_dags/example_python_operator.py took 0.112 seconds
[2024-10-03T07:17:03.295+0000] {processor.py:186} INFO - Started process (PID=2726) to work on /home/airflow/.local/lib/python3.12/site-packages/airflow/example_dags/example_python_operator.py
[2024-10-03T07:17:03.297+0000] {processor.py:914} INFO - Processing file /home/airflow/.local/lib/python3.12/site-packages/airflow/example_dags/example_python_operator.py for tasks to queue
[2024-10-03T07:17:03.299+0000] {logging_mixin.py:190} INFO - [2024-10-03T07:17:03.299+0000] {dagbag.py:588} INFO - Filling up the DagBag from /home/airflow/.local/lib/python3.12/site-packages/airflow/example_dags/example_python_operator.py
[2024-10-03T07:17:03.312+0000] {processor.py:925} INFO - DAG(s) 'example_python_operator' retrieved from /home/airflow/.local/lib/python3.12/site-packages/airflow/example_dags/example_python_operator.py
[2024-10-03T07:17:03.339+0000] {logging_mixin.py:190} INFO - [2024-10-03T07:17:03.339+0000] {dag.py:3239} INFO - Sync 1 DAGs
[2024-10-03T07:17:03.357+0000] {logging_mixin.py:190} INFO - [2024-10-03T07:17:03.356+0000] {dag.py:4180} INFO - Setting next_dagrun for example_python_operator to None, run_after=None
[2024-10-03T07:17:03.384+0000] {processor.py:208} INFO - Processing /home/airflow/.local/lib/python3.12/site-packages/airflow/example_dags/example_python_operator.py took 0.095 seconds
[2024-10-03T07:17:33.662+0000] {processor.py:186} INFO - Started process (PID=2789) to work on /home/airflow/.local/lib/python3.12/site-packages/airflow/example_dags/example_python_operator.py
[2024-10-03T07:17:33.664+0000] {processor.py:914} INFO - Processing file /home/airflow/.local/lib/python3.12/site-packages/airflow/example_dags/example_python_operator.py for tasks to queue
[2024-10-03T07:17:33.667+0000] {logging_mixin.py:190} INFO - [2024-10-03T07:17:33.666+0000] {dagbag.py:588} INFO - Filling up the DagBag from /home/airflow/.local/lib/python3.12/site-packages/airflow/example_dags/example_python_operator.py
[2024-10-03T07:17:33.688+0000] {processor.py:925} INFO - DAG(s) 'example_python_operator' retrieved from /home/airflow/.local/lib/python3.12/site-packages/airflow/example_dags/example_python_operator.py
[2024-10-03T07:17:33.718+0000] {logging_mixin.py:190} INFO - [2024-10-03T07:17:33.717+0000] {dag.py:3239} INFO - Sync 1 DAGs
[2024-10-03T07:17:33.736+0000] {logging_mixin.py:190} INFO - [2024-10-03T07:17:33.736+0000] {dag.py:4180} INFO - Setting next_dagrun for example_python_operator to None, run_after=None
[2024-10-03T07:17:33.770+0000] {processor.py:208} INFO - Processing /home/airflow/.local/lib/python3.12/site-packages/airflow/example_dags/example_python_operator.py took 0.121 seconds
[2024-10-03T07:18:04.758+0000] {processor.py:186} INFO - Started process (PID=2854) to work on /home/airflow/.local/lib/python3.12/site-packages/airflow/example_dags/example_python_operator.py
[2024-10-03T07:18:04.760+0000] {processor.py:914} INFO - Processing file /home/airflow/.local/lib/python3.12/site-packages/airflow/example_dags/example_python_operator.py for tasks to queue
[2024-10-03T07:18:04.761+0000] {logging_mixin.py:190} INFO - [2024-10-03T07:18:04.761+0000] {dagbag.py:588} INFO - Filling up the DagBag from /home/airflow/.local/lib/python3.12/site-packages/airflow/example_dags/example_python_operator.py
[2024-10-03T07:18:04.774+0000] {processor.py:925} INFO - DAG(s) 'example_python_operator' retrieved from /home/airflow/.local/lib/python3.12/site-packages/airflow/example_dags/example_python_operator.py
[2024-10-03T07:18:04.802+0000] {logging_mixin.py:190} INFO - [2024-10-03T07:18:04.801+0000] {dag.py:3239} INFO - Sync 1 DAGs
[2024-10-03T07:18:04.822+0000] {logging_mixin.py:190} INFO - [2024-10-03T07:18:04.822+0000] {dag.py:4180} INFO - Setting next_dagrun for example_python_operator to None, run_after=None
[2024-10-03T07:18:04.853+0000] {processor.py:208} INFO - Processing /home/airflow/.local/lib/python3.12/site-packages/airflow/example_dags/example_python_operator.py took 0.101 seconds
[2024-10-03T07:18:35.545+0000] {processor.py:186} INFO - Started process (PID=2916) to work on /home/airflow/.local/lib/python3.12/site-packages/airflow/example_dags/example_python_operator.py
[2024-10-03T07:18:35.547+0000] {processor.py:914} INFO - Processing file /home/airflow/.local/lib/python3.12/site-packages/airflow/example_dags/example_python_operator.py for tasks to queue
[2024-10-03T07:18:35.549+0000] {logging_mixin.py:190} INFO - [2024-10-03T07:18:35.548+0000] {dagbag.py:588} INFO - Filling up the DagBag from /home/airflow/.local/lib/python3.12/site-packages/airflow/example_dags/example_python_operator.py
[2024-10-03T07:18:35.561+0000] {processor.py:925} INFO - DAG(s) 'example_python_operator' retrieved from /home/airflow/.local/lib/python3.12/site-packages/airflow/example_dags/example_python_operator.py
[2024-10-03T07:18:35.588+0000] {logging_mixin.py:190} INFO - [2024-10-03T07:18:35.588+0000] {dag.py:3239} INFO - Sync 1 DAGs
[2024-10-03T07:18:35.604+0000] {logging_mixin.py:190} INFO - [2024-10-03T07:18:35.604+0000] {dag.py:4180} INFO - Setting next_dagrun for example_python_operator to None, run_after=None
[2024-10-03T07:18:35.636+0000] {processor.py:208} INFO - Processing /home/airflow/.local/lib/python3.12/site-packages/airflow/example_dags/example_python_operator.py took 0.097 seconds
