[2024-10-03T06:33:56.262+0000] {processor.py:157} INFO - Started process (PID=104) to work on /home/airflow/.local/lib/python3.8/site-packages/airflow/example_dags/example_branch_python_dop_operator_3.py
[2024-10-03T06:33:56.265+0000] {processor.py:829} INFO - Processing file /home/airflow/.local/lib/python3.8/site-packages/airflow/example_dags/example_branch_python_dop_operator_3.py for tasks to queue
[2024-10-03T06:33:56.271+0000] {logging_mixin.py:151} INFO - [2024-10-03T06:33:56.271+0000] {dagbag.py:539} INFO - Filling up the DagBag from /home/airflow/.local/lib/python3.8/site-packages/airflow/example_dags/example_branch_python_dop_operator_3.py
[2024-10-03T06:33:56.301+0000] {processor.py:839} INFO - DAG(s) dict_keys(['example_branch_dop_operator_v3']) retrieved from /home/airflow/.local/lib/python3.8/site-packages/airflow/example_dags/example_branch_python_dop_operator_3.py
[2024-10-03T06:33:56.562+0000] {logging_mixin.py:151} INFO - [2024-10-03T06:33:56.562+0000] {manager.py:501} INFO - Created Permission View: can delete on DAG:example_branch_dop_operator_v3
[2024-10-03T06:33:56.586+0000] {logging_mixin.py:151} INFO - [2024-10-03T06:33:56.586+0000] {manager.py:501} INFO - Created Permission View: can read on DAG:example_branch_dop_operator_v3
[2024-10-03T06:33:56.607+0000] {logging_mixin.py:151} INFO - [2024-10-03T06:33:56.606+0000] {manager.py:501} INFO - Created Permission View: can edit on DAG:example_branch_dop_operator_v3
[2024-10-03T06:33:56.653+0000] {logging_mixin.py:151} INFO - [2024-10-03T06:33:56.652+0000] {dag.py:2907} INFO - Sync 1 DAGs
[2024-10-03T06:33:56.674+0000] {logging_mixin.py:151} INFO - [2024-10-03T06:33:56.674+0000] {dag.py:2929} INFO - Creating ORM DAG for example_branch_dop_operator_v3
[2024-10-03T06:33:56.707+0000] {logging_mixin.py:151} INFO - [2024-10-03T06:33:56.707+0000] {dag.py:3677} INFO - Setting next_dagrun for example_branch_dop_operator_v3 to 2024-10-03T06:32:00+00:00, run_after=2024-10-03T06:33:00+00:00
[2024-10-03T06:33:56.749+0000] {processor.py:179} INFO - Processing /home/airflow/.local/lib/python3.8/site-packages/airflow/example_dags/example_branch_python_dop_operator_3.py took 0.496 seconds
[2024-10-03T06:34:27.532+0000] {processor.py:157} INFO - Started process (PID=162) to work on /home/airflow/.local/lib/python3.8/site-packages/airflow/example_dags/example_branch_python_dop_operator_3.py
[2024-10-03T06:34:27.541+0000] {processor.py:829} INFO - Processing file /home/airflow/.local/lib/python3.8/site-packages/airflow/example_dags/example_branch_python_dop_operator_3.py for tasks to queue
[2024-10-03T06:34:27.547+0000] {logging_mixin.py:151} INFO - [2024-10-03T06:34:27.546+0000] {dagbag.py:539} INFO - Filling up the DagBag from /home/airflow/.local/lib/python3.8/site-packages/airflow/example_dags/example_branch_python_dop_operator_3.py
[2024-10-03T06:34:27.562+0000] {processor.py:839} INFO - DAG(s) dict_keys(['example_branch_dop_operator_v3']) retrieved from /home/airflow/.local/lib/python3.8/site-packages/airflow/example_dags/example_branch_python_dop_operator_3.py
[2024-10-03T06:34:27.604+0000] {logging_mixin.py:151} INFO - [2024-10-03T06:34:27.604+0000] {dag.py:2907} INFO - Sync 1 DAGs
[2024-10-03T06:34:27.656+0000] {logging_mixin.py:151} INFO - [2024-10-03T06:34:27.656+0000] {dag.py:3677} INFO - Setting next_dagrun for example_branch_dop_operator_v3 to 2024-10-03T06:33:00+00:00, run_after=2024-10-03T06:34:00+00:00
[2024-10-03T06:34:27.705+0000] {processor.py:179} INFO - Processing /home/airflow/.local/lib/python3.8/site-packages/airflow/example_dags/example_branch_python_dop_operator_3.py took 0.186 seconds
[2024-10-03T06:34:58.087+0000] {processor.py:157} INFO - Started process (PID=221) to work on /home/airflow/.local/lib/python3.8/site-packages/airflow/example_dags/example_branch_python_dop_operator_3.py
[2024-10-03T06:34:58.090+0000] {processor.py:829} INFO - Processing file /home/airflow/.local/lib/python3.8/site-packages/airflow/example_dags/example_branch_python_dop_operator_3.py for tasks to queue
[2024-10-03T06:34:58.098+0000] {logging_mixin.py:151} INFO - [2024-10-03T06:34:58.097+0000] {dagbag.py:539} INFO - Filling up the DagBag from /home/airflow/.local/lib/python3.8/site-packages/airflow/example_dags/example_branch_python_dop_operator_3.py
[2024-10-03T06:34:58.123+0000] {processor.py:839} INFO - DAG(s) dict_keys(['example_branch_dop_operator_v3']) retrieved from /home/airflow/.local/lib/python3.8/site-packages/airflow/example_dags/example_branch_python_dop_operator_3.py
[2024-10-03T06:34:58.195+0000] {logging_mixin.py:151} INFO - [2024-10-03T06:34:58.194+0000] {dag.py:2907} INFO - Sync 1 DAGs
[2024-10-03T06:34:58.251+0000] {logging_mixin.py:151} INFO - [2024-10-03T06:34:58.251+0000] {dag.py:3677} INFO - Setting next_dagrun for example_branch_dop_operator_v3 to 2024-10-03T06:33:00+00:00, run_after=2024-10-03T06:34:00+00:00
[2024-10-03T06:34:58.302+0000] {processor.py:179} INFO - Processing /home/airflow/.local/lib/python3.8/site-packages/airflow/example_dags/example_branch_python_dop_operator_3.py took 0.224 seconds
[2024-10-03T06:35:29.197+0000] {processor.py:157} INFO - Started process (PID=287) to work on /home/airflow/.local/lib/python3.8/site-packages/airflow/example_dags/example_branch_python_dop_operator_3.py
[2024-10-03T06:35:29.200+0000] {processor.py:829} INFO - Processing file /home/airflow/.local/lib/python3.8/site-packages/airflow/example_dags/example_branch_python_dop_operator_3.py for tasks to queue
[2024-10-03T06:35:29.206+0000] {logging_mixin.py:151} INFO - [2024-10-03T06:35:29.206+0000] {dagbag.py:539} INFO - Filling up the DagBag from /home/airflow/.local/lib/python3.8/site-packages/airflow/example_dags/example_branch_python_dop_operator_3.py
[2024-10-03T06:35:29.221+0000] {processor.py:839} INFO - DAG(s) dict_keys(['example_branch_dop_operator_v3']) retrieved from /home/airflow/.local/lib/python3.8/site-packages/airflow/example_dags/example_branch_python_dop_operator_3.py
[2024-10-03T06:35:29.271+0000] {logging_mixin.py:151} INFO - [2024-10-03T06:35:29.270+0000] {dag.py:2907} INFO - Sync 1 DAGs
[2024-10-03T06:35:29.321+0000] {logging_mixin.py:151} INFO - [2024-10-03T06:35:29.320+0000] {dag.py:3677} INFO - Setting next_dagrun for example_branch_dop_operator_v3 to 2024-10-03T06:34:00+00:00, run_after=2024-10-03T06:35:00+00:00
[2024-10-03T06:35:29.370+0000] {processor.py:179} INFO - Processing /home/airflow/.local/lib/python3.8/site-packages/airflow/example_dags/example_branch_python_dop_operator_3.py took 0.180 seconds
[2024-10-03T06:35:59.939+0000] {processor.py:157} INFO - Started process (PID=344) to work on /home/airflow/.local/lib/python3.8/site-packages/airflow/example_dags/example_branch_python_dop_operator_3.py
[2024-10-03T06:35:59.941+0000] {processor.py:829} INFO - Processing file /home/airflow/.local/lib/python3.8/site-packages/airflow/example_dags/example_branch_python_dop_operator_3.py for tasks to queue
[2024-10-03T06:35:59.947+0000] {logging_mixin.py:151} INFO - [2024-10-03T06:35:59.947+0000] {dagbag.py:539} INFO - Filling up the DagBag from /home/airflow/.local/lib/python3.8/site-packages/airflow/example_dags/example_branch_python_dop_operator_3.py
[2024-10-03T06:35:59.963+0000] {processor.py:839} INFO - DAG(s) dict_keys(['example_branch_dop_operator_v3']) retrieved from /home/airflow/.local/lib/python3.8/site-packages/airflow/example_dags/example_branch_python_dop_operator_3.py
[2024-10-03T06:36:00.004+0000] {logging_mixin.py:151} INFO - [2024-10-03T06:36:00.003+0000] {dag.py:2907} INFO - Sync 1 DAGs
[2024-10-03T06:36:00.085+0000] {logging_mixin.py:151} INFO - [2024-10-03T06:36:00.085+0000] {dag.py:3677} INFO - Setting next_dagrun for example_branch_dop_operator_v3 to 2024-10-03T06:35:00+00:00, run_after=2024-10-03T06:36:00+00:00
[2024-10-03T06:36:00.138+0000] {processor.py:179} INFO - Processing /home/airflow/.local/lib/python3.8/site-packages/airflow/example_dags/example_branch_python_dop_operator_3.py took 0.205 seconds
[2024-10-03T06:36:30.541+0000] {processor.py:157} INFO - Started process (PID=402) to work on /home/airflow/.local/lib/python3.8/site-packages/airflow/example_dags/example_branch_python_dop_operator_3.py
[2024-10-03T06:36:30.543+0000] {processor.py:829} INFO - Processing file /home/airflow/.local/lib/python3.8/site-packages/airflow/example_dags/example_branch_python_dop_operator_3.py for tasks to queue
[2024-10-03T06:36:30.547+0000] {logging_mixin.py:151} INFO - [2024-10-03T06:36:30.547+0000] {dagbag.py:539} INFO - Filling up the DagBag from /home/airflow/.local/lib/python3.8/site-packages/airflow/example_dags/example_branch_python_dop_operator_3.py
[2024-10-03T06:36:30.565+0000] {processor.py:839} INFO - DAG(s) dict_keys(['example_branch_dop_operator_v3']) retrieved from /home/airflow/.local/lib/python3.8/site-packages/airflow/example_dags/example_branch_python_dop_operator_3.py
[2024-10-03T06:36:30.640+0000] {logging_mixin.py:151} INFO - [2024-10-03T06:36:30.639+0000] {dag.py:2907} INFO - Sync 1 DAGs
[2024-10-03T06:36:30.702+0000] {logging_mixin.py:151} INFO - [2024-10-03T06:36:30.702+0000] {dag.py:3677} INFO - Setting next_dagrun for example_branch_dop_operator_v3 to 2024-10-03T06:35:00+00:00, run_after=2024-10-03T06:36:00+00:00
[2024-10-03T06:36:30.747+0000] {processor.py:179} INFO - Processing /home/airflow/.local/lib/python3.8/site-packages/airflow/example_dags/example_branch_python_dop_operator_3.py took 0.213 seconds
[2024-10-03T06:41:14.872+0000] {processor.py:157} INFO - Started process (PID=97) to work on /home/airflow/.local/lib/python3.8/site-packages/airflow/example_dags/example_branch_python_dop_operator_3.py
[2024-10-03T06:41:14.875+0000] {processor.py:829} INFO - Processing file /home/airflow/.local/lib/python3.8/site-packages/airflow/example_dags/example_branch_python_dop_operator_3.py for tasks to queue
[2024-10-03T06:41:15.259+0000] {logging_mixin.py:151} INFO - [2024-10-03T06:41:15.258+0000] {dagbag.py:539} INFO - Filling up the DagBag from /home/airflow/.local/lib/python3.8/site-packages/airflow/example_dags/example_branch_python_dop_operator_3.py
[2024-10-03T06:41:15.279+0000] {processor.py:839} INFO - DAG(s) dict_keys(['example_branch_dop_operator_v3']) retrieved from /home/airflow/.local/lib/python3.8/site-packages/airflow/example_dags/example_branch_python_dop_operator_3.py
[2024-10-03T06:41:15.354+0000] {logging_mixin.py:151} INFO - [2024-10-03T06:41:15.354+0000] {dag.py:2907} INFO - Sync 1 DAGs
[2024-10-03T06:41:15.425+0000] {logging_mixin.py:151} INFO - [2024-10-03T06:41:15.425+0000] {dag.py:3677} INFO - Setting next_dagrun for example_branch_dop_operator_v3 to 2024-10-03T06:40:00+00:00, run_after=2024-10-03T06:41:00+00:00
[2024-10-03T06:41:15.479+0000] {processor.py:179} INFO - Processing /home/airflow/.local/lib/python3.8/site-packages/airflow/example_dags/example_branch_python_dop_operator_3.py took 0.617 seconds
[2024-10-03T06:41:46.415+0000] {processor.py:157} INFO - Started process (PID=155) to work on /home/airflow/.local/lib/python3.8/site-packages/airflow/example_dags/example_branch_python_dop_operator_3.py
[2024-10-03T06:41:46.420+0000] {processor.py:829} INFO - Processing file /home/airflow/.local/lib/python3.8/site-packages/airflow/example_dags/example_branch_python_dop_operator_3.py for tasks to queue
[2024-10-03T06:41:46.428+0000] {logging_mixin.py:151} INFO - [2024-10-03T06:41:46.427+0000] {dagbag.py:539} INFO - Filling up the DagBag from /home/airflow/.local/lib/python3.8/site-packages/airflow/example_dags/example_branch_python_dop_operator_3.py
[2024-10-03T06:41:46.464+0000] {processor.py:839} INFO - DAG(s) dict_keys(['example_branch_dop_operator_v3']) retrieved from /home/airflow/.local/lib/python3.8/site-packages/airflow/example_dags/example_branch_python_dop_operator_3.py
[2024-10-03T06:41:46.559+0000] {logging_mixin.py:151} INFO - [2024-10-03T06:41:46.558+0000] {dag.py:2907} INFO - Sync 1 DAGs
[2024-10-03T06:41:46.694+0000] {logging_mixin.py:151} INFO - [2024-10-03T06:41:46.693+0000] {dag.py:3677} INFO - Setting next_dagrun for example_branch_dop_operator_v3 to 2024-10-03T06:40:00+00:00, run_after=2024-10-03T06:41:00+00:00
[2024-10-03T06:41:46.904+0000] {processor.py:179} INFO - Processing /home/airflow/.local/lib/python3.8/site-packages/airflow/example_dags/example_branch_python_dop_operator_3.py took 0.505 seconds
[2024-10-03T06:42:17.707+0000] {processor.py:157} INFO - Started process (PID=213) to work on /home/airflow/.local/lib/python3.8/site-packages/airflow/example_dags/example_branch_python_dop_operator_3.py
[2024-10-03T06:42:17.710+0000] {processor.py:829} INFO - Processing file /home/airflow/.local/lib/python3.8/site-packages/airflow/example_dags/example_branch_python_dop_operator_3.py for tasks to queue
[2024-10-03T06:42:17.715+0000] {logging_mixin.py:151} INFO - [2024-10-03T06:42:17.714+0000] {dagbag.py:539} INFO - Filling up the DagBag from /home/airflow/.local/lib/python3.8/site-packages/airflow/example_dags/example_branch_python_dop_operator_3.py
[2024-10-03T06:42:17.733+0000] {processor.py:839} INFO - DAG(s) dict_keys(['example_branch_dop_operator_v3']) retrieved from /home/airflow/.local/lib/python3.8/site-packages/airflow/example_dags/example_branch_python_dop_operator_3.py
[2024-10-03T06:42:17.780+0000] {logging_mixin.py:151} INFO - [2024-10-03T06:42:17.779+0000] {dag.py:2907} INFO - Sync 1 DAGs
[2024-10-03T06:42:17.834+0000] {logging_mixin.py:151} INFO - [2024-10-03T06:42:17.834+0000] {dag.py:3677} INFO - Setting next_dagrun for example_branch_dop_operator_v3 to 2024-10-03T06:41:00+00:00, run_after=2024-10-03T06:42:00+00:00
[2024-10-03T06:42:17.879+0000] {processor.py:179} INFO - Processing /home/airflow/.local/lib/python3.8/site-packages/airflow/example_dags/example_branch_python_dop_operator_3.py took 0.179 seconds
[2024-10-03T06:42:51.600+0000] {processor.py:157} INFO - Started process (PID=270) to work on /home/airflow/.local/lib/python3.8/site-packages/airflow/example_dags/example_branch_python_dop_operator_3.py
[2024-10-03T06:42:51.604+0000] {processor.py:829} INFO - Processing file /home/airflow/.local/lib/python3.8/site-packages/airflow/example_dags/example_branch_python_dop_operator_3.py for tasks to queue
[2024-10-03T06:42:51.616+0000] {logging_mixin.py:151} INFO - [2024-10-03T06:42:51.615+0000] {dagbag.py:539} INFO - Filling up the DagBag from /home/airflow/.local/lib/python3.8/site-packages/airflow/example_dags/example_branch_python_dop_operator_3.py
[2024-10-03T06:42:51.651+0000] {processor.py:839} INFO - DAG(s) dict_keys(['example_branch_dop_operator_v3']) retrieved from /home/airflow/.local/lib/python3.8/site-packages/airflow/example_dags/example_branch_python_dop_operator_3.py
[2024-10-03T06:42:51.717+0000] {logging_mixin.py:151} INFO - [2024-10-03T06:42:51.716+0000] {dag.py:2907} INFO - Sync 1 DAGs
[2024-10-03T06:42:51.796+0000] {logging_mixin.py:151} INFO - [2024-10-03T06:42:51.795+0000] {dag.py:3677} INFO - Setting next_dagrun for example_branch_dop_operator_v3 to 2024-10-03T06:41:00+00:00, run_after=2024-10-03T06:42:00+00:00
[2024-10-03T06:42:51.859+0000] {processor.py:179} INFO - Processing /home/airflow/.local/lib/python3.8/site-packages/airflow/example_dags/example_branch_python_dop_operator_3.py took 0.274 seconds
[2024-10-03T06:52:43.017+0000] {processor.py:186} INFO - Started process (PID=94) to work on /home/airflow/.local/lib/python3.12/site-packages/airflow/example_dags/example_branch_python_dop_operator_3.py
[2024-10-03T06:52:43.026+0000] {processor.py:914} INFO - Processing file /home/airflow/.local/lib/python3.12/site-packages/airflow/example_dags/example_branch_python_dop_operator_3.py for tasks to queue
[2024-10-03T06:52:43.044+0000] {logging_mixin.py:190} INFO - [2024-10-03T06:52:43.042+0000] {dagbag.py:588} INFO - Filling up the DagBag from /home/airflow/.local/lib/python3.12/site-packages/airflow/example_dags/example_branch_python_dop_operator_3.py
[2024-10-03T06:52:43.191+0000] {processor.py:925} INFO - DAG(s) 'example_branch_dop_operator_v3' retrieved from /home/airflow/.local/lib/python3.12/site-packages/airflow/example_dags/example_branch_python_dop_operator_3.py
[2024-10-03T06:52:43.728+0000] {logging_mixin.py:190} INFO - [2024-10-03T06:52:43.728+0000] {dag.py:3239} INFO - Sync 1 DAGs
[2024-10-03T06:52:43.848+0000] {logging_mixin.py:190} INFO - [2024-10-03T06:52:43.847+0000] {dag.py:4180} INFO - Setting next_dagrun for example_branch_dop_operator_v3 to 2024-10-03 06:51:00+00:00, run_after=2024-10-03 06:52:00+00:00
[2024-10-03T06:52:43.960+0000] {processor.py:208} INFO - Processing /home/airflow/.local/lib/python3.12/site-packages/airflow/example_dags/example_branch_python_dop_operator_3.py took 0.950 seconds
[2024-10-03T06:53:14.204+0000] {processor.py:186} INFO - Started process (PID=158) to work on /home/airflow/.local/lib/python3.12/site-packages/airflow/example_dags/example_branch_python_dop_operator_3.py
[2024-10-03T06:53:14.208+0000] {processor.py:914} INFO - Processing file /home/airflow/.local/lib/python3.12/site-packages/airflow/example_dags/example_branch_python_dop_operator_3.py for tasks to queue
[2024-10-03T06:53:14.220+0000] {logging_mixin.py:190} INFO - [2024-10-03T06:53:14.218+0000] {dagbag.py:588} INFO - Filling up the DagBag from /home/airflow/.local/lib/python3.12/site-packages/airflow/example_dags/example_branch_python_dop_operator_3.py
[2024-10-03T06:53:14.252+0000] {processor.py:925} INFO - DAG(s) 'example_branch_dop_operator_v3' retrieved from /home/airflow/.local/lib/python3.12/site-packages/airflow/example_dags/example_branch_python_dop_operator_3.py
[2024-10-03T06:53:14.309+0000] {logging_mixin.py:190} INFO - [2024-10-03T06:53:14.308+0000] {dag.py:3239} INFO - Sync 1 DAGs
[2024-10-03T06:53:14.391+0000] {logging_mixin.py:190} INFO - [2024-10-03T06:53:14.390+0000] {dag.py:4180} INFO - Setting next_dagrun for example_branch_dop_operator_v3 to 2024-10-03 06:52:00+00:00, run_after=2024-10-03 06:53:00+00:00
[2024-10-03T06:53:14.461+0000] {processor.py:208} INFO - Processing /home/airflow/.local/lib/python3.12/site-packages/airflow/example_dags/example_branch_python_dop_operator_3.py took 0.273 seconds
[2024-10-03T06:53:45.103+0000] {processor.py:186} INFO - Started process (PID=222) to work on /home/airflow/.local/lib/python3.12/site-packages/airflow/example_dags/example_branch_python_dop_operator_3.py
[2024-10-03T06:53:45.107+0000] {processor.py:914} INFO - Processing file /home/airflow/.local/lib/python3.12/site-packages/airflow/example_dags/example_branch_python_dop_operator_3.py for tasks to queue
[2024-10-03T06:53:45.114+0000] {logging_mixin.py:190} INFO - [2024-10-03T06:53:45.113+0000] {dagbag.py:588} INFO - Filling up the DagBag from /home/airflow/.local/lib/python3.12/site-packages/airflow/example_dags/example_branch_python_dop_operator_3.py
[2024-10-03T06:53:45.141+0000] {processor.py:925} INFO - DAG(s) 'example_branch_dop_operator_v3' retrieved from /home/airflow/.local/lib/python3.12/site-packages/airflow/example_dags/example_branch_python_dop_operator_3.py
[2024-10-03T06:53:45.209+0000] {logging_mixin.py:190} INFO - [2024-10-03T06:53:45.208+0000] {dag.py:3239} INFO - Sync 1 DAGs
[2024-10-03T06:53:45.285+0000] {logging_mixin.py:190} INFO - [2024-10-03T06:53:45.284+0000] {dag.py:4180} INFO - Setting next_dagrun for example_branch_dop_operator_v3 to 2024-10-03 06:52:00+00:00, run_after=2024-10-03 06:53:00+00:00
[2024-10-03T06:53:45.439+0000] {processor.py:208} INFO - Processing /home/airflow/.local/lib/python3.12/site-packages/airflow/example_dags/example_branch_python_dop_operator_3.py took 0.353 seconds
[2024-10-03T06:54:15.562+0000] {processor.py:186} INFO - Started process (PID=285) to work on /home/airflow/.local/lib/python3.12/site-packages/airflow/example_dags/example_branch_python_dop_operator_3.py
[2024-10-03T06:54:15.563+0000] {processor.py:914} INFO - Processing file /home/airflow/.local/lib/python3.12/site-packages/airflow/example_dags/example_branch_python_dop_operator_3.py for tasks to queue
[2024-10-03T06:54:15.567+0000] {logging_mixin.py:190} INFO - [2024-10-03T06:54:15.566+0000] {dagbag.py:588} INFO - Filling up the DagBag from /home/airflow/.local/lib/python3.12/site-packages/airflow/example_dags/example_branch_python_dop_operator_3.py
[2024-10-03T06:54:15.578+0000] {processor.py:925} INFO - DAG(s) 'example_branch_dop_operator_v3' retrieved from /home/airflow/.local/lib/python3.12/site-packages/airflow/example_dags/example_branch_python_dop_operator_3.py
[2024-10-03T06:54:15.607+0000] {logging_mixin.py:190} INFO - [2024-10-03T06:54:15.607+0000] {dag.py:3239} INFO - Sync 1 DAGs
[2024-10-03T06:54:15.639+0000] {logging_mixin.py:190} INFO - [2024-10-03T06:54:15.639+0000] {dag.py:4180} INFO - Setting next_dagrun for example_branch_dop_operator_v3 to 2024-10-03 06:53:00+00:00, run_after=2024-10-03 06:54:00+00:00
[2024-10-03T06:54:15.667+0000] {processor.py:208} INFO - Processing /home/airflow/.local/lib/python3.12/site-packages/airflow/example_dags/example_branch_python_dop_operator_3.py took 0.111 seconds
[2024-10-03T06:54:45.849+0000] {processor.py:186} INFO - Started process (PID=349) to work on /home/airflow/.local/lib/python3.12/site-packages/airflow/example_dags/example_branch_python_dop_operator_3.py
[2024-10-03T06:54:45.851+0000] {processor.py:914} INFO - Processing file /home/airflow/.local/lib/python3.12/site-packages/airflow/example_dags/example_branch_python_dop_operator_3.py for tasks to queue
[2024-10-03T06:54:45.859+0000] {logging_mixin.py:190} INFO - [2024-10-03T06:54:45.857+0000] {dagbag.py:588} INFO - Filling up the DagBag from /home/airflow/.local/lib/python3.12/site-packages/airflow/example_dags/example_branch_python_dop_operator_3.py
[2024-10-03T06:54:45.898+0000] {processor.py:925} INFO - DAG(s) 'example_branch_dop_operator_v3' retrieved from /home/airflow/.local/lib/python3.12/site-packages/airflow/example_dags/example_branch_python_dop_operator_3.py
[2024-10-03T06:54:45.949+0000] {logging_mixin.py:190} INFO - [2024-10-03T06:54:45.948+0000] {dag.py:3239} INFO - Sync 1 DAGs
[2024-10-03T06:54:45.982+0000] {logging_mixin.py:190} INFO - [2024-10-03T06:54:45.982+0000] {dag.py:4180} INFO - Setting next_dagrun for example_branch_dop_operator_v3 to 2024-10-03 06:53:00+00:00, run_after=2024-10-03 06:54:00+00:00
[2024-10-03T06:54:46.051+0000] {processor.py:208} INFO - Processing /home/airflow/.local/lib/python3.12/site-packages/airflow/example_dags/example_branch_python_dop_operator_3.py took 0.221 seconds
[2024-10-03T06:55:17.205+0000] {processor.py:186} INFO - Started process (PID=414) to work on /home/airflow/.local/lib/python3.12/site-packages/airflow/example_dags/example_branch_python_dop_operator_3.py
[2024-10-03T06:55:17.208+0000] {processor.py:914} INFO - Processing file /home/airflow/.local/lib/python3.12/site-packages/airflow/example_dags/example_branch_python_dop_operator_3.py for tasks to queue
[2024-10-03T06:55:17.216+0000] {logging_mixin.py:190} INFO - [2024-10-03T06:55:17.215+0000] {dagbag.py:588} INFO - Filling up the DagBag from /home/airflow/.local/lib/python3.12/site-packages/airflow/example_dags/example_branch_python_dop_operator_3.py
[2024-10-03T06:55:17.241+0000] {processor.py:925} INFO - DAG(s) 'example_branch_dop_operator_v3' retrieved from /home/airflow/.local/lib/python3.12/site-packages/airflow/example_dags/example_branch_python_dop_operator_3.py
[2024-10-03T06:55:17.305+0000] {logging_mixin.py:190} INFO - [2024-10-03T06:55:17.304+0000] {dag.py:3239} INFO - Sync 1 DAGs
[2024-10-03T06:55:17.388+0000] {logging_mixin.py:190} INFO - [2024-10-03T06:55:17.387+0000] {dag.py:4180} INFO - Setting next_dagrun for example_branch_dop_operator_v3 to 2024-10-03 06:54:00+00:00, run_after=2024-10-03 06:55:00+00:00
[2024-10-03T06:55:17.445+0000] {processor.py:208} INFO - Processing /home/airflow/.local/lib/python3.12/site-packages/airflow/example_dags/example_branch_python_dop_operator_3.py took 0.253 seconds
[2024-10-03T06:55:47.581+0000] {processor.py:186} INFO - Started process (PID=477) to work on /home/airflow/.local/lib/python3.12/site-packages/airflow/example_dags/example_branch_python_dop_operator_3.py
[2024-10-03T06:55:47.584+0000] {processor.py:914} INFO - Processing file /home/airflow/.local/lib/python3.12/site-packages/airflow/example_dags/example_branch_python_dop_operator_3.py for tasks to queue
[2024-10-03T06:55:47.590+0000] {logging_mixin.py:190} INFO - [2024-10-03T06:55:47.590+0000] {dagbag.py:588} INFO - Filling up the DagBag from /home/airflow/.local/lib/python3.12/site-packages/airflow/example_dags/example_branch_python_dop_operator_3.py
[2024-10-03T06:55:47.607+0000] {processor.py:925} INFO - DAG(s) 'example_branch_dop_operator_v3' retrieved from /home/airflow/.local/lib/python3.12/site-packages/airflow/example_dags/example_branch_python_dop_operator_3.py
[2024-10-03T06:55:47.637+0000] {logging_mixin.py:190} INFO - [2024-10-03T06:55:47.637+0000] {dag.py:3239} INFO - Sync 1 DAGs
[2024-10-03T06:55:47.689+0000] {logging_mixin.py:190} INFO - [2024-10-03T06:55:47.688+0000] {dag.py:4180} INFO - Setting next_dagrun for example_branch_dop_operator_v3 to 2024-10-03 06:54:00+00:00, run_after=2024-10-03 06:55:00+00:00
[2024-10-03T06:55:47.764+0000] {processor.py:208} INFO - Processing /home/airflow/.local/lib/python3.12/site-packages/airflow/example_dags/example_branch_python_dop_operator_3.py took 0.189 seconds
[2024-10-03T06:56:18.296+0000] {processor.py:186} INFO - Started process (PID=541) to work on /home/airflow/.local/lib/python3.12/site-packages/airflow/example_dags/example_branch_python_dop_operator_3.py
[2024-10-03T06:56:18.376+0000] {processor.py:914} INFO - Processing file /home/airflow/.local/lib/python3.12/site-packages/airflow/example_dags/example_branch_python_dop_operator_3.py for tasks to queue
[2024-10-03T06:56:18.387+0000] {logging_mixin.py:190} INFO - [2024-10-03T06:56:18.386+0000] {dagbag.py:588} INFO - Filling up the DagBag from /home/airflow/.local/lib/python3.12/site-packages/airflow/example_dags/example_branch_python_dop_operator_3.py
[2024-10-03T06:56:18.443+0000] {processor.py:925} INFO - DAG(s) 'example_branch_dop_operator_v3' retrieved from /home/airflow/.local/lib/python3.12/site-packages/airflow/example_dags/example_branch_python_dop_operator_3.py
[2024-10-03T06:56:19.047+0000] {logging_mixin.py:190} INFO - [2024-10-03T06:56:19.047+0000] {dag.py:3239} INFO - Sync 1 DAGs
[2024-10-03T06:56:19.104+0000] {logging_mixin.py:190} INFO - [2024-10-03T06:56:19.103+0000] {dag.py:4180} INFO - Setting next_dagrun for example_branch_dop_operator_v3 to 2024-10-03 06:55:00+00:00, run_after=2024-10-03 06:56:00+00:00
[2024-10-03T06:56:19.174+0000] {processor.py:208} INFO - Processing /home/airflow/.local/lib/python3.12/site-packages/airflow/example_dags/example_branch_python_dop_operator_3.py took 0.894 seconds
[2024-10-03T06:56:49.303+0000] {processor.py:186} INFO - Started process (PID=605) to work on /home/airflow/.local/lib/python3.12/site-packages/airflow/example_dags/example_branch_python_dop_operator_3.py
[2024-10-03T06:56:49.307+0000] {processor.py:914} INFO - Processing file /home/airflow/.local/lib/python3.12/site-packages/airflow/example_dags/example_branch_python_dop_operator_3.py for tasks to queue
[2024-10-03T06:56:49.311+0000] {logging_mixin.py:190} INFO - [2024-10-03T06:56:49.311+0000] {dagbag.py:588} INFO - Filling up the DagBag from /home/airflow/.local/lib/python3.12/site-packages/airflow/example_dags/example_branch_python_dop_operator_3.py
[2024-10-03T06:56:49.328+0000] {processor.py:925} INFO - DAG(s) 'example_branch_dop_operator_v3' retrieved from /home/airflow/.local/lib/python3.12/site-packages/airflow/example_dags/example_branch_python_dop_operator_3.py
[2024-10-03T06:56:49.356+0000] {logging_mixin.py:190} INFO - [2024-10-03T06:56:49.355+0000] {dag.py:3239} INFO - Sync 1 DAGs
[2024-10-03T06:56:49.384+0000] {logging_mixin.py:190} INFO - [2024-10-03T06:56:49.384+0000] {dag.py:4180} INFO - Setting next_dagrun for example_branch_dop_operator_v3 to 2024-10-03 06:55:00+00:00, run_after=2024-10-03 06:56:00+00:00
[2024-10-03T06:56:49.632+0000] {processor.py:208} INFO - Processing /home/airflow/.local/lib/python3.12/site-packages/airflow/example_dags/example_branch_python_dop_operator_3.py took 0.336 seconds
[2024-10-03T06:57:20.590+0000] {processor.py:186} INFO - Started process (PID=670) to work on /home/airflow/.local/lib/python3.12/site-packages/airflow/example_dags/example_branch_python_dop_operator_3.py
[2024-10-03T06:57:20.592+0000] {processor.py:914} INFO - Processing file /home/airflow/.local/lib/python3.12/site-packages/airflow/example_dags/example_branch_python_dop_operator_3.py for tasks to queue
[2024-10-03T06:57:20.596+0000] {logging_mixin.py:190} INFO - [2024-10-03T06:57:20.596+0000] {dagbag.py:588} INFO - Filling up the DagBag from /home/airflow/.local/lib/python3.12/site-packages/airflow/example_dags/example_branch_python_dop_operator_3.py
[2024-10-03T06:57:20.611+0000] {processor.py:925} INFO - DAG(s) 'example_branch_dop_operator_v3' retrieved from /home/airflow/.local/lib/python3.12/site-packages/airflow/example_dags/example_branch_python_dop_operator_3.py
[2024-10-03T06:57:20.646+0000] {logging_mixin.py:190} INFO - [2024-10-03T06:57:20.646+0000] {dag.py:3239} INFO - Sync 1 DAGs
[2024-10-03T06:57:20.689+0000] {logging_mixin.py:190} INFO - [2024-10-03T06:57:20.688+0000] {dag.py:4180} INFO - Setting next_dagrun for example_branch_dop_operator_v3 to 2024-10-03 06:56:00+00:00, run_after=2024-10-03 06:57:00+00:00
[2024-10-03T06:57:20.725+0000] {processor.py:208} INFO - Processing /home/airflow/.local/lib/python3.12/site-packages/airflow/example_dags/example_branch_python_dop_operator_3.py took 0.144 seconds
[2024-10-03T06:57:51.377+0000] {processor.py:186} INFO - Started process (PID=734) to work on /home/airflow/.local/lib/python3.12/site-packages/airflow/example_dags/example_branch_python_dop_operator_3.py
[2024-10-03T06:57:51.379+0000] {processor.py:914} INFO - Processing file /home/airflow/.local/lib/python3.12/site-packages/airflow/example_dags/example_branch_python_dop_operator_3.py for tasks to queue
[2024-10-03T06:57:51.383+0000] {logging_mixin.py:190} INFO - [2024-10-03T06:57:51.382+0000] {dagbag.py:588} INFO - Filling up the DagBag from /home/airflow/.local/lib/python3.12/site-packages/airflow/example_dags/example_branch_python_dop_operator_3.py
[2024-10-03T06:57:51.396+0000] {processor.py:925} INFO - DAG(s) 'example_branch_dop_operator_v3' retrieved from /home/airflow/.local/lib/python3.12/site-packages/airflow/example_dags/example_branch_python_dop_operator_3.py
[2024-10-03T06:57:51.422+0000] {logging_mixin.py:190} INFO - [2024-10-03T06:57:51.422+0000] {dag.py:3239} INFO - Sync 1 DAGs
[2024-10-03T06:57:51.456+0000] {logging_mixin.py:190} INFO - [2024-10-03T06:57:51.456+0000] {dag.py:4180} INFO - Setting next_dagrun for example_branch_dop_operator_v3 to 2024-10-03 06:56:00+00:00, run_after=2024-10-03 06:57:00+00:00
[2024-10-03T06:57:51.492+0000] {processor.py:208} INFO - Processing /home/airflow/.local/lib/python3.12/site-packages/airflow/example_dags/example_branch_python_dop_operator_3.py took 0.122 seconds
[2024-10-03T06:58:21.655+0000] {processor.py:186} INFO - Started process (PID=798) to work on /home/airflow/.local/lib/python3.12/site-packages/airflow/example_dags/example_branch_python_dop_operator_3.py
[2024-10-03T06:58:21.657+0000] {processor.py:914} INFO - Processing file /home/airflow/.local/lib/python3.12/site-packages/airflow/example_dags/example_branch_python_dop_operator_3.py for tasks to queue
[2024-10-03T06:58:21.661+0000] {logging_mixin.py:190} INFO - [2024-10-03T06:58:21.661+0000] {dagbag.py:588} INFO - Filling up the DagBag from /home/airflow/.local/lib/python3.12/site-packages/airflow/example_dags/example_branch_python_dop_operator_3.py
[2024-10-03T06:58:21.674+0000] {processor.py:925} INFO - DAG(s) 'example_branch_dop_operator_v3' retrieved from /home/airflow/.local/lib/python3.12/site-packages/airflow/example_dags/example_branch_python_dop_operator_3.py
[2024-10-03T06:58:21.702+0000] {logging_mixin.py:190} INFO - [2024-10-03T06:58:21.702+0000] {dag.py:3239} INFO - Sync 1 DAGs
[2024-10-03T06:58:21.737+0000] {logging_mixin.py:190} INFO - [2024-10-03T06:58:21.737+0000] {dag.py:4180} INFO - Setting next_dagrun for example_branch_dop_operator_v3 to 2024-10-03 06:57:00+00:00, run_after=2024-10-03 06:58:00+00:00
[2024-10-03T06:58:21.768+0000] {processor.py:208} INFO - Processing /home/airflow/.local/lib/python3.12/site-packages/airflow/example_dags/example_branch_python_dop_operator_3.py took 0.121 seconds
[2024-10-03T06:58:52.825+0000] {processor.py:186} INFO - Started process (PID=862) to work on /home/airflow/.local/lib/python3.12/site-packages/airflow/example_dags/example_branch_python_dop_operator_3.py
[2024-10-03T06:58:52.827+0000] {processor.py:914} INFO - Processing file /home/airflow/.local/lib/python3.12/site-packages/airflow/example_dags/example_branch_python_dop_operator_3.py for tasks to queue
[2024-10-03T06:58:52.832+0000] {logging_mixin.py:190} INFO - [2024-10-03T06:58:52.832+0000] {dagbag.py:588} INFO - Filling up the DagBag from /home/airflow/.local/lib/python3.12/site-packages/airflow/example_dags/example_branch_python_dop_operator_3.py
[2024-10-03T06:58:52.849+0000] {processor.py:925} INFO - DAG(s) 'example_branch_dop_operator_v3' retrieved from /home/airflow/.local/lib/python3.12/site-packages/airflow/example_dags/example_branch_python_dop_operator_3.py
[2024-10-03T06:58:52.896+0000] {logging_mixin.py:190} INFO - [2024-10-03T06:58:52.896+0000] {dag.py:3239} INFO - Sync 1 DAGs
[2024-10-03T06:58:52.954+0000] {logging_mixin.py:190} INFO - [2024-10-03T06:58:52.954+0000] {dag.py:4180} INFO - Setting next_dagrun for example_branch_dop_operator_v3 to 2024-10-03 06:57:00+00:00, run_after=2024-10-03 06:58:00+00:00
[2024-10-03T06:58:53.009+0000] {processor.py:208} INFO - Processing /home/airflow/.local/lib/python3.12/site-packages/airflow/example_dags/example_branch_python_dop_operator_3.py took 0.195 seconds
[2024-10-03T06:59:23.161+0000] {processor.py:186} INFO - Started process (PID=925) to work on /home/airflow/.local/lib/python3.12/site-packages/airflow/example_dags/example_branch_python_dop_operator_3.py
[2024-10-03T06:59:23.164+0000] {processor.py:914} INFO - Processing file /home/airflow/.local/lib/python3.12/site-packages/airflow/example_dags/example_branch_python_dop_operator_3.py for tasks to queue
[2024-10-03T06:59:23.171+0000] {logging_mixin.py:190} INFO - [2024-10-03T06:59:23.170+0000] {dagbag.py:588} INFO - Filling up the DagBag from /home/airflow/.local/lib/python3.12/site-packages/airflow/example_dags/example_branch_python_dop_operator_3.py
[2024-10-03T06:59:23.198+0000] {processor.py:925} INFO - DAG(s) 'example_branch_dop_operator_v3' retrieved from /home/airflow/.local/lib/python3.12/site-packages/airflow/example_dags/example_branch_python_dop_operator_3.py
[2024-10-03T06:59:23.318+0000] {logging_mixin.py:190} INFO - [2024-10-03T06:59:23.318+0000] {dag.py:3239} INFO - Sync 1 DAGs
[2024-10-03T06:59:23.388+0000] {logging_mixin.py:190} INFO - [2024-10-03T06:59:23.388+0000] {dag.py:4180} INFO - Setting next_dagrun for example_branch_dop_operator_v3 to 2024-10-03 06:58:00+00:00, run_after=2024-10-03 06:59:00+00:00
[2024-10-03T06:59:23.445+0000] {processor.py:208} INFO - Processing /home/airflow/.local/lib/python3.12/site-packages/airflow/example_dags/example_branch_python_dop_operator_3.py took 0.299 seconds
[2024-10-03T07:00:07.841+0000] {processor.py:186} INFO - Started process (PID=975) to work on /home/airflow/.local/lib/python3.12/site-packages/airflow/example_dags/example_branch_python_dop_operator_3.py
[2024-10-03T07:00:07.843+0000] {processor.py:914} INFO - Processing file /home/airflow/.local/lib/python3.12/site-packages/airflow/example_dags/example_branch_python_dop_operator_3.py for tasks to queue
[2024-10-03T07:00:07.848+0000] {logging_mixin.py:190} INFO - [2024-10-03T07:00:07.847+0000] {dagbag.py:588} INFO - Filling up the DagBag from /home/airflow/.local/lib/python3.12/site-packages/airflow/example_dags/example_branch_python_dop_operator_3.py
[2024-10-03T07:00:07.866+0000] {processor.py:925} INFO - DAG(s) 'example_branch_dop_operator_v3' retrieved from /home/airflow/.local/lib/python3.12/site-packages/airflow/example_dags/example_branch_python_dop_operator_3.py
[2024-10-03T07:00:07.897+0000] {logging_mixin.py:190} INFO - [2024-10-03T07:00:07.896+0000] {dag.py:3239} INFO - Sync 1 DAGs
[2024-10-03T07:00:07.948+0000] {logging_mixin.py:190} INFO - [2024-10-03T07:00:07.947+0000] {dag.py:4180} INFO - Setting next_dagrun for example_branch_dop_operator_v3 to 2024-10-03 06:59:00+00:00, run_after=2024-10-03 07:00:00+00:00
[2024-10-03T07:00:08.002+0000] {processor.py:208} INFO - Processing /home/airflow/.local/lib/python3.12/site-packages/airflow/example_dags/example_branch_python_dop_operator_3.py took 0.170 seconds
[2024-10-03T07:00:38.669+0000] {processor.py:186} INFO - Started process (PID=1039) to work on /home/airflow/.local/lib/python3.12/site-packages/airflow/example_dags/example_branch_python_dop_operator_3.py
[2024-10-03T07:00:38.672+0000] {processor.py:914} INFO - Processing file /home/airflow/.local/lib/python3.12/site-packages/airflow/example_dags/example_branch_python_dop_operator_3.py for tasks to queue
[2024-10-03T07:00:38.676+0000] {logging_mixin.py:190} INFO - [2024-10-03T07:00:38.675+0000] {dagbag.py:588} INFO - Filling up the DagBag from /home/airflow/.local/lib/python3.12/site-packages/airflow/example_dags/example_branch_python_dop_operator_3.py
[2024-10-03T07:00:38.690+0000] {processor.py:925} INFO - DAG(s) 'example_branch_dop_operator_v3' retrieved from /home/airflow/.local/lib/python3.12/site-packages/airflow/example_dags/example_branch_python_dop_operator_3.py
[2024-10-03T07:00:38.718+0000] {logging_mixin.py:190} INFO - [2024-10-03T07:00:38.718+0000] {dag.py:3239} INFO - Sync 1 DAGs
[2024-10-03T07:00:38.766+0000] {logging_mixin.py:190} INFO - [2024-10-03T07:00:38.766+0000] {dag.py:4180} INFO - Setting next_dagrun for example_branch_dop_operator_v3 to 2024-10-03 06:59:00+00:00, run_after=2024-10-03 07:00:00+00:00
[2024-10-03T07:00:38.801+0000] {processor.py:208} INFO - Processing /home/airflow/.local/lib/python3.12/site-packages/airflow/example_dags/example_branch_python_dop_operator_3.py took 0.139 seconds
[2024-10-03T07:01:18.051+0000] {processor.py:186} INFO - Started process (PID=1102) to work on /home/airflow/.local/lib/python3.12/site-packages/airflow/example_dags/example_branch_python_dop_operator_3.py
[2024-10-03T07:01:18.057+0000] {processor.py:914} INFO - Processing file /home/airflow/.local/lib/python3.12/site-packages/airflow/example_dags/example_branch_python_dop_operator_3.py for tasks to queue
[2024-10-03T07:01:18.061+0000] {logging_mixin.py:190} INFO - [2024-10-03T07:01:18.060+0000] {dagbag.py:588} INFO - Filling up the DagBag from /home/airflow/.local/lib/python3.12/site-packages/airflow/example_dags/example_branch_python_dop_operator_3.py
[2024-10-03T07:01:18.107+0000] {processor.py:925} INFO - DAG(s) 'example_branch_dop_operator_v3' retrieved from /home/airflow/.local/lib/python3.12/site-packages/airflow/example_dags/example_branch_python_dop_operator_3.py
[2024-10-03T07:01:18.236+0000] {logging_mixin.py:190} INFO - [2024-10-03T07:01:18.234+0000] {dag.py:3239} INFO - Sync 1 DAGs
[2024-10-03T07:01:18.409+0000] {logging_mixin.py:190} INFO - [2024-10-03T07:01:18.408+0000] {dag.py:4180} INFO - Setting next_dagrun for example_branch_dop_operator_v3 to 2024-10-03 07:00:00+00:00, run_after=2024-10-03 07:01:00+00:00
[2024-10-03T07:01:18.500+0000] {processor.py:208} INFO - Processing /home/airflow/.local/lib/python3.12/site-packages/airflow/example_dags/example_branch_python_dop_operator_3.py took 0.468 seconds
[2024-10-03T07:02:36.881+0000] {processor.py:186} INFO - Started process (PID=1159) to work on /home/airflow/.local/lib/python3.12/site-packages/airflow/example_dags/example_branch_python_dop_operator_3.py
[2024-10-03T07:02:36.883+0000] {processor.py:914} INFO - Processing file /home/airflow/.local/lib/python3.12/site-packages/airflow/example_dags/example_branch_python_dop_operator_3.py for tasks to queue
[2024-10-03T07:02:36.885+0000] {logging_mixin.py:190} INFO - [2024-10-03T07:02:36.885+0000] {dagbag.py:588} INFO - Filling up the DagBag from /home/airflow/.local/lib/python3.12/site-packages/airflow/example_dags/example_branch_python_dop_operator_3.py
[2024-10-03T07:02:36.902+0000] {processor.py:925} INFO - DAG(s) 'example_branch_dop_operator_v3' retrieved from /home/airflow/.local/lib/python3.12/site-packages/airflow/example_dags/example_branch_python_dop_operator_3.py
[2024-10-03T07:02:36.938+0000] {logging_mixin.py:190} INFO - [2024-10-03T07:02:36.938+0000] {dag.py:3239} INFO - Sync 1 DAGs
[2024-10-03T07:02:36.997+0000] {logging_mixin.py:190} INFO - [2024-10-03T07:02:36.997+0000] {dag.py:4180} INFO - Setting next_dagrun for example_branch_dop_operator_v3 to 2024-10-03 07:01:00+00:00, run_after=2024-10-03 07:02:00+00:00
[2024-10-03T07:02:37.038+0000] {processor.py:208} INFO - Processing /home/airflow/.local/lib/python3.12/site-packages/airflow/example_dags/example_branch_python_dop_operator_3.py took 0.165 seconds
[2024-10-03T07:03:07.428+0000] {processor.py:186} INFO - Started process (PID=1222) to work on /home/airflow/.local/lib/python3.12/site-packages/airflow/example_dags/example_branch_python_dop_operator_3.py
[2024-10-03T07:03:07.429+0000] {processor.py:914} INFO - Processing file /home/airflow/.local/lib/python3.12/site-packages/airflow/example_dags/example_branch_python_dop_operator_3.py for tasks to queue
[2024-10-03T07:03:07.431+0000] {logging_mixin.py:190} INFO - [2024-10-03T07:03:07.431+0000] {dagbag.py:588} INFO - Filling up the DagBag from /home/airflow/.local/lib/python3.12/site-packages/airflow/example_dags/example_branch_python_dop_operator_3.py
[2024-10-03T07:03:07.446+0000] {processor.py:925} INFO - DAG(s) 'example_branch_dop_operator_v3' retrieved from /home/airflow/.local/lib/python3.12/site-packages/airflow/example_dags/example_branch_python_dop_operator_3.py
[2024-10-03T07:03:07.473+0000] {logging_mixin.py:190} INFO - [2024-10-03T07:03:07.473+0000] {dag.py:3239} INFO - Sync 1 DAGs
[2024-10-03T07:03:07.512+0000] {logging_mixin.py:190} INFO - [2024-10-03T07:03:07.512+0000] {dag.py:4180} INFO - Setting next_dagrun for example_branch_dop_operator_v3 to 2024-10-03 07:02:00+00:00, run_after=2024-10-03 07:03:00+00:00
[2024-10-03T07:03:07.549+0000] {processor.py:208} INFO - Processing /home/airflow/.local/lib/python3.12/site-packages/airflow/example_dags/example_branch_python_dop_operator_3.py took 0.128 seconds
[2024-10-03T07:03:37.631+0000] {processor.py:186} INFO - Started process (PID=1284) to work on /home/airflow/.local/lib/python3.12/site-packages/airflow/example_dags/example_branch_python_dop_operator_3.py
[2024-10-03T07:03:37.633+0000] {processor.py:914} INFO - Processing file /home/airflow/.local/lib/python3.12/site-packages/airflow/example_dags/example_branch_python_dop_operator_3.py for tasks to queue
[2024-10-03T07:03:37.634+0000] {logging_mixin.py:190} INFO - [2024-10-03T07:03:37.634+0000] {dagbag.py:588} INFO - Filling up the DagBag from /home/airflow/.local/lib/python3.12/site-packages/airflow/example_dags/example_branch_python_dop_operator_3.py
[2024-10-03T07:03:37.648+0000] {processor.py:925} INFO - DAG(s) 'example_branch_dop_operator_v3' retrieved from /home/airflow/.local/lib/python3.12/site-packages/airflow/example_dags/example_branch_python_dop_operator_3.py
[2024-10-03T07:03:37.676+0000] {logging_mixin.py:190} INFO - [2024-10-03T07:03:37.676+0000] {dag.py:3239} INFO - Sync 1 DAGs
[2024-10-03T07:03:37.708+0000] {logging_mixin.py:190} INFO - [2024-10-03T07:03:37.708+0000] {dag.py:4180} INFO - Setting next_dagrun for example_branch_dop_operator_v3 to 2024-10-03 07:02:00+00:00, run_after=2024-10-03 07:03:00+00:00
[2024-10-03T07:03:37.737+0000] {processor.py:208} INFO - Processing /home/airflow/.local/lib/python3.12/site-packages/airflow/example_dags/example_branch_python_dop_operator_3.py took 0.112 seconds
[2024-10-03T07:04:08.911+0000] {processor.py:186} INFO - Started process (PID=1348) to work on /home/airflow/.local/lib/python3.12/site-packages/airflow/example_dags/example_branch_python_dop_operator_3.py
[2024-10-03T07:04:08.913+0000] {processor.py:914} INFO - Processing file /home/airflow/.local/lib/python3.12/site-packages/airflow/example_dags/example_branch_python_dop_operator_3.py for tasks to queue
[2024-10-03T07:04:08.916+0000] {logging_mixin.py:190} INFO - [2024-10-03T07:04:08.915+0000] {dagbag.py:588} INFO - Filling up the DagBag from /home/airflow/.local/lib/python3.12/site-packages/airflow/example_dags/example_branch_python_dop_operator_3.py
[2024-10-03T07:04:08.930+0000] {processor.py:925} INFO - DAG(s) 'example_branch_dop_operator_v3' retrieved from /home/airflow/.local/lib/python3.12/site-packages/airflow/example_dags/example_branch_python_dop_operator_3.py
[2024-10-03T07:04:08.957+0000] {logging_mixin.py:190} INFO - [2024-10-03T07:04:08.956+0000] {dag.py:3239} INFO - Sync 1 DAGs
[2024-10-03T07:04:08.993+0000] {logging_mixin.py:190} INFO - [2024-10-03T07:04:08.993+0000] {dag.py:4180} INFO - Setting next_dagrun for example_branch_dop_operator_v3 to 2024-10-03 07:03:00+00:00, run_after=2024-10-03 07:04:00+00:00
[2024-10-03T07:04:09.020+0000] {processor.py:208} INFO - Processing /home/airflow/.local/lib/python3.12/site-packages/airflow/example_dags/example_branch_python_dop_operator_3.py took 0.117 seconds
[2024-10-03T07:04:39.902+0000] {processor.py:186} INFO - Started process (PID=1411) to work on /home/airflow/.local/lib/python3.12/site-packages/airflow/example_dags/example_branch_python_dop_operator_3.py
[2024-10-03T07:04:39.904+0000] {processor.py:914} INFO - Processing file /home/airflow/.local/lib/python3.12/site-packages/airflow/example_dags/example_branch_python_dop_operator_3.py for tasks to queue
[2024-10-03T07:04:39.906+0000] {logging_mixin.py:190} INFO - [2024-10-03T07:04:39.905+0000] {dagbag.py:588} INFO - Filling up the DagBag from /home/airflow/.local/lib/python3.12/site-packages/airflow/example_dags/example_branch_python_dop_operator_3.py
[2024-10-03T07:04:39.919+0000] {processor.py:925} INFO - DAG(s) 'example_branch_dop_operator_v3' retrieved from /home/airflow/.local/lib/python3.12/site-packages/airflow/example_dags/example_branch_python_dop_operator_3.py
[2024-10-03T07:04:39.946+0000] {logging_mixin.py:190} INFO - [2024-10-03T07:04:39.946+0000] {dag.py:3239} INFO - Sync 1 DAGs
[2024-10-03T07:04:39.981+0000] {logging_mixin.py:190} INFO - [2024-10-03T07:04:39.981+0000] {dag.py:4180} INFO - Setting next_dagrun for example_branch_dop_operator_v3 to 2024-10-03 07:03:00+00:00, run_after=2024-10-03 07:04:00+00:00
[2024-10-03T07:04:40.010+0000] {processor.py:208} INFO - Processing /home/airflow/.local/lib/python3.12/site-packages/airflow/example_dags/example_branch_python_dop_operator_3.py took 0.115 seconds
[2024-10-03T07:05:12.011+0000] {processor.py:186} INFO - Started process (PID=1473) to work on /home/airflow/.local/lib/python3.12/site-packages/airflow/example_dags/example_branch_python_dop_operator_3.py
[2024-10-03T07:05:12.013+0000] {processor.py:914} INFO - Processing file /home/airflow/.local/lib/python3.12/site-packages/airflow/example_dags/example_branch_python_dop_operator_3.py for tasks to queue
[2024-10-03T07:05:12.014+0000] {logging_mixin.py:190} INFO - [2024-10-03T07:05:12.014+0000] {dagbag.py:588} INFO - Filling up the DagBag from /home/airflow/.local/lib/python3.12/site-packages/airflow/example_dags/example_branch_python_dop_operator_3.py
[2024-10-03T07:05:12.032+0000] {processor.py:925} INFO - DAG(s) 'example_branch_dop_operator_v3' retrieved from /home/airflow/.local/lib/python3.12/site-packages/airflow/example_dags/example_branch_python_dop_operator_3.py
[2024-10-03T07:05:12.062+0000] {logging_mixin.py:190} INFO - [2024-10-03T07:05:12.061+0000] {dag.py:3239} INFO - Sync 1 DAGs
[2024-10-03T07:05:12.103+0000] {logging_mixin.py:190} INFO - [2024-10-03T07:05:12.103+0000] {dag.py:4180} INFO - Setting next_dagrun for example_branch_dop_operator_v3 to 2024-10-03 07:04:00+00:00, run_after=2024-10-03 07:05:00+00:00
[2024-10-03T07:05:12.135+0000] {processor.py:208} INFO - Processing /home/airflow/.local/lib/python3.12/site-packages/airflow/example_dags/example_branch_python_dop_operator_3.py took 0.132 seconds
[2024-10-03T07:07:04.758+0000] {processor.py:186} INFO - Started process (PID=1530) to work on /home/airflow/.local/lib/python3.12/site-packages/airflow/example_dags/example_branch_python_dop_operator_3.py
[2024-10-03T07:07:04.763+0000] {processor.py:914} INFO - Processing file /home/airflow/.local/lib/python3.12/site-packages/airflow/example_dags/example_branch_python_dop_operator_3.py for tasks to queue
[2024-10-03T07:07:04.769+0000] {logging_mixin.py:190} INFO - [2024-10-03T07:07:04.766+0000] {dagbag.py:588} INFO - Filling up the DagBag from /home/airflow/.local/lib/python3.12/site-packages/airflow/example_dags/example_branch_python_dop_operator_3.py
[2024-10-03T07:07:04.811+0000] {processor.py:925} INFO - DAG(s) 'example_branch_dop_operator_v3' retrieved from /home/airflow/.local/lib/python3.12/site-packages/airflow/example_dags/example_branch_python_dop_operator_3.py
[2024-10-03T07:07:04.866+0000] {logging_mixin.py:190} INFO - [2024-10-03T07:07:04.866+0000] {dag.py:3239} INFO - Sync 1 DAGs
[2024-10-03T07:07:04.919+0000] {logging_mixin.py:190} INFO - [2024-10-03T07:07:04.919+0000] {dag.py:4180} INFO - Setting next_dagrun for example_branch_dop_operator_v3 to 2024-10-03 07:06:00+00:00, run_after=2024-10-03 07:07:00+00:00
[2024-10-03T07:07:04.960+0000] {processor.py:208} INFO - Processing /home/airflow/.local/lib/python3.12/site-packages/airflow/example_dags/example_branch_python_dop_operator_3.py took 0.238 seconds
[2024-10-03T07:07:35.535+0000] {processor.py:186} INFO - Started process (PID=1593) to work on /home/airflow/.local/lib/python3.12/site-packages/airflow/example_dags/example_branch_python_dop_operator_3.py
[2024-10-03T07:07:35.538+0000] {processor.py:914} INFO - Processing file /home/airflow/.local/lib/python3.12/site-packages/airflow/example_dags/example_branch_python_dop_operator_3.py for tasks to queue
[2024-10-03T07:07:35.544+0000] {logging_mixin.py:190} INFO - [2024-10-03T07:07:35.542+0000] {dagbag.py:588} INFO - Filling up the DagBag from /home/airflow/.local/lib/python3.12/site-packages/airflow/example_dags/example_branch_python_dop_operator_3.py
[2024-10-03T07:07:35.563+0000] {processor.py:925} INFO - DAG(s) 'example_branch_dop_operator_v3' retrieved from /home/airflow/.local/lib/python3.12/site-packages/airflow/example_dags/example_branch_python_dop_operator_3.py
[2024-10-03T07:07:35.598+0000] {logging_mixin.py:190} INFO - [2024-10-03T07:07:35.598+0000] {dag.py:3239} INFO - Sync 1 DAGs
[2024-10-03T07:07:35.643+0000] {logging_mixin.py:190} INFO - [2024-10-03T07:07:35.642+0000] {dag.py:4180} INFO - Setting next_dagrun for example_branch_dop_operator_v3 to 2024-10-03 07:06:00+00:00, run_after=2024-10-03 07:07:00+00:00
[2024-10-03T07:07:35.676+0000] {processor.py:208} INFO - Processing /home/airflow/.local/lib/python3.12/site-packages/airflow/example_dags/example_branch_python_dop_operator_3.py took 0.152 seconds
[2024-10-03T07:08:05.798+0000] {processor.py:186} INFO - Started process (PID=1656) to work on /home/airflow/.local/lib/python3.12/site-packages/airflow/example_dags/example_branch_python_dop_operator_3.py
[2024-10-03T07:08:05.800+0000] {processor.py:914} INFO - Processing file /home/airflow/.local/lib/python3.12/site-packages/airflow/example_dags/example_branch_python_dop_operator_3.py for tasks to queue
[2024-10-03T07:08:05.803+0000] {logging_mixin.py:190} INFO - [2024-10-03T07:08:05.802+0000] {dagbag.py:588} INFO - Filling up the DagBag from /home/airflow/.local/lib/python3.12/site-packages/airflow/example_dags/example_branch_python_dop_operator_3.py
[2024-10-03T07:08:05.818+0000] {processor.py:925} INFO - DAG(s) 'example_branch_dop_operator_v3' retrieved from /home/airflow/.local/lib/python3.12/site-packages/airflow/example_dags/example_branch_python_dop_operator_3.py
[2024-10-03T07:08:05.858+0000] {logging_mixin.py:190} INFO - [2024-10-03T07:08:05.857+0000] {dag.py:3239} INFO - Sync 1 DAGs
[2024-10-03T07:08:05.915+0000] {logging_mixin.py:190} INFO - [2024-10-03T07:08:05.915+0000] {dag.py:4180} INFO - Setting next_dagrun for example_branch_dop_operator_v3 to 2024-10-03 07:07:00+00:00, run_after=2024-10-03 07:08:00+00:00
[2024-10-03T07:08:05.958+0000] {processor.py:208} INFO - Processing /home/airflow/.local/lib/python3.12/site-packages/airflow/example_dags/example_branch_python_dop_operator_3.py took 0.166 seconds
[2024-10-03T07:08:50.024+0000] {processor.py:186} INFO - Started process (PID=1722) to work on /home/airflow/.local/lib/python3.12/site-packages/airflow/example_dags/example_branch_python_dop_operator_3.py
[2024-10-03T07:08:50.028+0000] {processor.py:914} INFO - Processing file /home/airflow/.local/lib/python3.12/site-packages/airflow/example_dags/example_branch_python_dop_operator_3.py for tasks to queue
[2024-10-03T07:08:50.032+0000] {logging_mixin.py:190} INFO - [2024-10-03T07:08:50.031+0000] {dagbag.py:588} INFO - Filling up the DagBag from /home/airflow/.local/lib/python3.12/site-packages/airflow/example_dags/example_branch_python_dop_operator_3.py
[2024-10-03T07:08:50.050+0000] {processor.py:925} INFO - DAG(s) 'example_branch_dop_operator_v3' retrieved from /home/airflow/.local/lib/python3.12/site-packages/airflow/example_dags/example_branch_python_dop_operator_3.py
[2024-10-03T07:08:50.078+0000] {logging_mixin.py:190} INFO - [2024-10-03T07:08:50.077+0000] {dag.py:3239} INFO - Sync 1 DAGs
[2024-10-03T07:08:50.138+0000] {logging_mixin.py:190} INFO - [2024-10-03T07:08:50.138+0000] {dag.py:4180} INFO - Setting next_dagrun for example_branch_dop_operator_v3 to 2024-10-03 07:07:00+00:00, run_after=2024-10-03 07:08:00+00:00
[2024-10-03T07:08:50.178+0000] {processor.py:208} INFO - Processing /home/airflow/.local/lib/python3.12/site-packages/airflow/example_dags/example_branch_python_dop_operator_3.py took 0.164 seconds
[2024-10-03T07:09:20.788+0000] {processor.py:186} INFO - Started process (PID=1785) to work on /home/airflow/.local/lib/python3.12/site-packages/airflow/example_dags/example_branch_python_dop_operator_3.py
[2024-10-03T07:09:20.791+0000] {processor.py:914} INFO - Processing file /home/airflow/.local/lib/python3.12/site-packages/airflow/example_dags/example_branch_python_dop_operator_3.py for tasks to queue
[2024-10-03T07:09:20.793+0000] {logging_mixin.py:190} INFO - [2024-10-03T07:09:20.793+0000] {dagbag.py:588} INFO - Filling up the DagBag from /home/airflow/.local/lib/python3.12/site-packages/airflow/example_dags/example_branch_python_dop_operator_3.py
[2024-10-03T07:09:20.814+0000] {processor.py:925} INFO - DAG(s) 'example_branch_dop_operator_v3' retrieved from /home/airflow/.local/lib/python3.12/site-packages/airflow/example_dags/example_branch_python_dop_operator_3.py
[2024-10-03T07:09:20.868+0000] {logging_mixin.py:190} INFO - [2024-10-03T07:09:20.867+0000] {dag.py:3239} INFO - Sync 1 DAGs
[2024-10-03T07:09:20.908+0000] {logging_mixin.py:190} INFO - [2024-10-03T07:09:20.908+0000] {dag.py:4180} INFO - Setting next_dagrun for example_branch_dop_operator_v3 to 2024-10-03 07:08:00+00:00, run_after=2024-10-03 07:09:00+00:00
[2024-10-03T07:09:20.959+0000] {processor.py:208} INFO - Processing /home/airflow/.local/lib/python3.12/site-packages/airflow/example_dags/example_branch_python_dop_operator_3.py took 0.180 seconds
[2024-10-03T07:09:52.011+0000] {processor.py:186} INFO - Started process (PID=1848) to work on /home/airflow/.local/lib/python3.12/site-packages/airflow/example_dags/example_branch_python_dop_operator_3.py
[2024-10-03T07:09:52.014+0000] {processor.py:914} INFO - Processing file /home/airflow/.local/lib/python3.12/site-packages/airflow/example_dags/example_branch_python_dop_operator_3.py for tasks to queue
[2024-10-03T07:09:52.017+0000] {logging_mixin.py:190} INFO - [2024-10-03T07:09:52.016+0000] {dagbag.py:588} INFO - Filling up the DagBag from /home/airflow/.local/lib/python3.12/site-packages/airflow/example_dags/example_branch_python_dop_operator_3.py
[2024-10-03T07:09:52.034+0000] {processor.py:925} INFO - DAG(s) 'example_branch_dop_operator_v3' retrieved from /home/airflow/.local/lib/python3.12/site-packages/airflow/example_dags/example_branch_python_dop_operator_3.py
[2024-10-03T07:09:52.085+0000] {logging_mixin.py:190} INFO - [2024-10-03T07:09:52.085+0000] {dag.py:3239} INFO - Sync 1 DAGs
[2024-10-03T07:09:52.128+0000] {logging_mixin.py:190} INFO - [2024-10-03T07:09:52.127+0000] {dag.py:4180} INFO - Setting next_dagrun for example_branch_dop_operator_v3 to 2024-10-03 07:08:00+00:00, run_after=2024-10-03 07:09:00+00:00
[2024-10-03T07:09:52.168+0000] {processor.py:208} INFO - Processing /home/airflow/.local/lib/python3.12/site-packages/airflow/example_dags/example_branch_python_dop_operator_3.py took 0.165 seconds
[2024-10-03T07:10:22.273+0000] {processor.py:186} INFO - Started process (PID=1910) to work on /home/airflow/.local/lib/python3.12/site-packages/airflow/example_dags/example_branch_python_dop_operator_3.py
[2024-10-03T07:10:22.275+0000] {processor.py:914} INFO - Processing file /home/airflow/.local/lib/python3.12/site-packages/airflow/example_dags/example_branch_python_dop_operator_3.py for tasks to queue
[2024-10-03T07:10:22.276+0000] {logging_mixin.py:190} INFO - [2024-10-03T07:10:22.276+0000] {dagbag.py:588} INFO - Filling up the DagBag from /home/airflow/.local/lib/python3.12/site-packages/airflow/example_dags/example_branch_python_dop_operator_3.py
[2024-10-03T07:10:22.289+0000] {processor.py:925} INFO - DAG(s) 'example_branch_dop_operator_v3' retrieved from /home/airflow/.local/lib/python3.12/site-packages/airflow/example_dags/example_branch_python_dop_operator_3.py
[2024-10-03T07:10:22.315+0000] {logging_mixin.py:190} INFO - [2024-10-03T07:10:22.314+0000] {dag.py:3239} INFO - Sync 1 DAGs
[2024-10-03T07:10:22.347+0000] {logging_mixin.py:190} INFO - [2024-10-03T07:10:22.346+0000] {dag.py:4180} INFO - Setting next_dagrun for example_branch_dop_operator_v3 to 2024-10-03 07:09:00+00:00, run_after=2024-10-03 07:10:00+00:00
[2024-10-03T07:10:22.379+0000] {processor.py:208} INFO - Processing /home/airflow/.local/lib/python3.12/site-packages/airflow/example_dags/example_branch_python_dop_operator_3.py took 0.112 seconds
[2024-10-03T07:10:52.816+0000] {processor.py:186} INFO - Started process (PID=1973) to work on /home/airflow/.local/lib/python3.12/site-packages/airflow/example_dags/example_branch_python_dop_operator_3.py
[2024-10-03T07:10:52.817+0000] {processor.py:914} INFO - Processing file /home/airflow/.local/lib/python3.12/site-packages/airflow/example_dags/example_branch_python_dop_operator_3.py for tasks to queue
[2024-10-03T07:10:52.820+0000] {logging_mixin.py:190} INFO - [2024-10-03T07:10:52.819+0000] {dagbag.py:588} INFO - Filling up the DagBag from /home/airflow/.local/lib/python3.12/site-packages/airflow/example_dags/example_branch_python_dop_operator_3.py
[2024-10-03T07:10:52.834+0000] {processor.py:925} INFO - DAG(s) 'example_branch_dop_operator_v3' retrieved from /home/airflow/.local/lib/python3.12/site-packages/airflow/example_dags/example_branch_python_dop_operator_3.py
[2024-10-03T07:10:52.857+0000] {logging_mixin.py:190} INFO - [2024-10-03T07:10:52.857+0000] {dag.py:3239} INFO - Sync 1 DAGs
[2024-10-03T07:10:52.890+0000] {logging_mixin.py:190} INFO - [2024-10-03T07:10:52.890+0000] {dag.py:4180} INFO - Setting next_dagrun for example_branch_dop_operator_v3 to 2024-10-03 07:09:00+00:00, run_after=2024-10-03 07:10:00+00:00
[2024-10-03T07:10:52.918+0000] {processor.py:208} INFO - Processing /home/airflow/.local/lib/python3.12/site-packages/airflow/example_dags/example_branch_python_dop_operator_3.py took 0.109 seconds
[2024-10-03T07:11:23.350+0000] {processor.py:186} INFO - Started process (PID=2036) to work on /home/airflow/.local/lib/python3.12/site-packages/airflow/example_dags/example_branch_python_dop_operator_3.py
[2024-10-03T07:11:23.352+0000] {processor.py:914} INFO - Processing file /home/airflow/.local/lib/python3.12/site-packages/airflow/example_dags/example_branch_python_dop_operator_3.py for tasks to queue
[2024-10-03T07:11:23.354+0000] {logging_mixin.py:190} INFO - [2024-10-03T07:11:23.353+0000] {dagbag.py:588} INFO - Filling up the DagBag from /home/airflow/.local/lib/python3.12/site-packages/airflow/example_dags/example_branch_python_dop_operator_3.py
[2024-10-03T07:11:23.367+0000] {processor.py:925} INFO - DAG(s) 'example_branch_dop_operator_v3' retrieved from /home/airflow/.local/lib/python3.12/site-packages/airflow/example_dags/example_branch_python_dop_operator_3.py
[2024-10-03T07:11:23.397+0000] {logging_mixin.py:190} INFO - [2024-10-03T07:11:23.397+0000] {dag.py:3239} INFO - Sync 1 DAGs
[2024-10-03T07:11:23.429+0000] {logging_mixin.py:190} INFO - [2024-10-03T07:11:23.429+0000] {dag.py:4180} INFO - Setting next_dagrun for example_branch_dop_operator_v3 to 2024-10-03 07:10:00+00:00, run_after=2024-10-03 07:11:00+00:00
[2024-10-03T07:11:23.470+0000] {processor.py:208} INFO - Processing /home/airflow/.local/lib/python3.12/site-packages/airflow/example_dags/example_branch_python_dop_operator_3.py took 0.126 seconds
[2024-10-03T07:11:54.478+0000] {processor.py:186} INFO - Started process (PID=2100) to work on /home/airflow/.local/lib/python3.12/site-packages/airflow/example_dags/example_branch_python_dop_operator_3.py
[2024-10-03T07:11:54.479+0000] {processor.py:914} INFO - Processing file /home/airflow/.local/lib/python3.12/site-packages/airflow/example_dags/example_branch_python_dop_operator_3.py for tasks to queue
[2024-10-03T07:11:54.481+0000] {logging_mixin.py:190} INFO - [2024-10-03T07:11:54.480+0000] {dagbag.py:588} INFO - Filling up the DagBag from /home/airflow/.local/lib/python3.12/site-packages/airflow/example_dags/example_branch_python_dop_operator_3.py
[2024-10-03T07:11:54.492+0000] {processor.py:925} INFO - DAG(s) 'example_branch_dop_operator_v3' retrieved from /home/airflow/.local/lib/python3.12/site-packages/airflow/example_dags/example_branch_python_dop_operator_3.py
[2024-10-03T07:11:54.516+0000] {logging_mixin.py:190} INFO - [2024-10-03T07:11:54.516+0000] {dag.py:3239} INFO - Sync 1 DAGs
[2024-10-03T07:11:54.548+0000] {logging_mixin.py:190} INFO - [2024-10-03T07:11:54.547+0000] {dag.py:4180} INFO - Setting next_dagrun for example_branch_dop_operator_v3 to 2024-10-03 07:10:00+00:00, run_after=2024-10-03 07:11:00+00:00
[2024-10-03T07:11:54.581+0000] {processor.py:208} INFO - Processing /home/airflow/.local/lib/python3.12/site-packages/airflow/example_dags/example_branch_python_dop_operator_3.py took 0.110 seconds
[2024-10-03T07:12:24.942+0000] {processor.py:186} INFO - Started process (PID=2157) to work on /home/airflow/.local/lib/python3.12/site-packages/airflow/example_dags/example_branch_python_dop_operator_3.py
[2024-10-03T07:12:24.944+0000] {processor.py:914} INFO - Processing file /home/airflow/.local/lib/python3.12/site-packages/airflow/example_dags/example_branch_python_dop_operator_3.py for tasks to queue
[2024-10-03T07:12:24.946+0000] {logging_mixin.py:190} INFO - [2024-10-03T07:12:24.945+0000] {dagbag.py:588} INFO - Filling up the DagBag from /home/airflow/.local/lib/python3.12/site-packages/airflow/example_dags/example_branch_python_dop_operator_3.py
[2024-10-03T07:12:24.957+0000] {processor.py:925} INFO - DAG(s) 'example_branch_dop_operator_v3' retrieved from /home/airflow/.local/lib/python3.12/site-packages/airflow/example_dags/example_branch_python_dop_operator_3.py
[2024-10-03T07:12:24.985+0000] {logging_mixin.py:190} INFO - [2024-10-03T07:12:24.985+0000] {dag.py:3239} INFO - Sync 1 DAGs
[2024-10-03T07:12:25.018+0000] {logging_mixin.py:190} INFO - [2024-10-03T07:12:25.017+0000] {dag.py:4180} INFO - Setting next_dagrun for example_branch_dop_operator_v3 to 2024-10-03 07:11:00+00:00, run_after=2024-10-03 07:12:00+00:00
[2024-10-03T07:12:25.050+0000] {processor.py:208} INFO - Processing /home/airflow/.local/lib/python3.12/site-packages/airflow/example_dags/example_branch_python_dop_operator_3.py took 0.113 seconds
[2024-10-03T07:12:55.734+0000] {processor.py:186} INFO - Started process (PID=2217) to work on /home/airflow/.local/lib/python3.12/site-packages/airflow/example_dags/example_branch_python_dop_operator_3.py
[2024-10-03T07:12:55.735+0000] {processor.py:914} INFO - Processing file /home/airflow/.local/lib/python3.12/site-packages/airflow/example_dags/example_branch_python_dop_operator_3.py for tasks to queue
[2024-10-03T07:12:55.738+0000] {logging_mixin.py:190} INFO - [2024-10-03T07:12:55.738+0000] {dagbag.py:588} INFO - Filling up the DagBag from /home/airflow/.local/lib/python3.12/site-packages/airflow/example_dags/example_branch_python_dop_operator_3.py
[2024-10-03T07:12:55.751+0000] {processor.py:925} INFO - DAG(s) 'example_branch_dop_operator_v3' retrieved from /home/airflow/.local/lib/python3.12/site-packages/airflow/example_dags/example_branch_python_dop_operator_3.py
[2024-10-03T07:12:55.780+0000] {logging_mixin.py:190} INFO - [2024-10-03T07:12:55.779+0000] {dag.py:3239} INFO - Sync 1 DAGs
[2024-10-03T07:12:55.814+0000] {logging_mixin.py:190} INFO - [2024-10-03T07:12:55.814+0000] {dag.py:4180} INFO - Setting next_dagrun for example_branch_dop_operator_v3 to 2024-10-03 07:11:00+00:00, run_after=2024-10-03 07:12:00+00:00
[2024-10-03T07:12:55.843+0000] {processor.py:208} INFO - Processing /home/airflow/.local/lib/python3.12/site-packages/airflow/example_dags/example_branch_python_dop_operator_3.py took 0.117 seconds
[2024-10-03T07:13:25.964+0000] {processor.py:186} INFO - Started process (PID=2280) to work on /home/airflow/.local/lib/python3.12/site-packages/airflow/example_dags/example_branch_python_dop_operator_3.py
[2024-10-03T07:13:25.966+0000] {processor.py:914} INFO - Processing file /home/airflow/.local/lib/python3.12/site-packages/airflow/example_dags/example_branch_python_dop_operator_3.py for tasks to queue
[2024-10-03T07:13:25.968+0000] {logging_mixin.py:190} INFO - [2024-10-03T07:13:25.967+0000] {dagbag.py:588} INFO - Filling up the DagBag from /home/airflow/.local/lib/python3.12/site-packages/airflow/example_dags/example_branch_python_dop_operator_3.py
[2024-10-03T07:13:25.979+0000] {processor.py:925} INFO - DAG(s) 'example_branch_dop_operator_v3' retrieved from /home/airflow/.local/lib/python3.12/site-packages/airflow/example_dags/example_branch_python_dop_operator_3.py
[2024-10-03T07:13:26.004+0000] {logging_mixin.py:190} INFO - [2024-10-03T07:13:26.004+0000] {dag.py:3239} INFO - Sync 1 DAGs
[2024-10-03T07:13:26.035+0000] {logging_mixin.py:190} INFO - [2024-10-03T07:13:26.034+0000] {dag.py:4180} INFO - Setting next_dagrun for example_branch_dop_operator_v3 to 2024-10-03 07:12:00+00:00, run_after=2024-10-03 07:13:00+00:00
[2024-10-03T07:13:26.063+0000] {processor.py:208} INFO - Processing /home/airflow/.local/lib/python3.12/site-packages/airflow/example_dags/example_branch_python_dop_operator_3.py took 0.105 seconds
[2024-10-03T07:13:56.612+0000] {processor.py:186} INFO - Started process (PID=2343) to work on /home/airflow/.local/lib/python3.12/site-packages/airflow/example_dags/example_branch_python_dop_operator_3.py
[2024-10-03T07:13:56.615+0000] {processor.py:914} INFO - Processing file /home/airflow/.local/lib/python3.12/site-packages/airflow/example_dags/example_branch_python_dop_operator_3.py for tasks to queue
[2024-10-03T07:13:56.618+0000] {logging_mixin.py:190} INFO - [2024-10-03T07:13:56.617+0000] {dagbag.py:588} INFO - Filling up the DagBag from /home/airflow/.local/lib/python3.12/site-packages/airflow/example_dags/example_branch_python_dop_operator_3.py
[2024-10-03T07:13:56.641+0000] {processor.py:925} INFO - DAG(s) 'example_branch_dop_operator_v3' retrieved from /home/airflow/.local/lib/python3.12/site-packages/airflow/example_dags/example_branch_python_dop_operator_3.py
[2024-10-03T07:13:56.676+0000] {logging_mixin.py:190} INFO - [2024-10-03T07:13:56.676+0000] {dag.py:3239} INFO - Sync 1 DAGs
[2024-10-03T07:13:56.717+0000] {logging_mixin.py:190} INFO - [2024-10-03T07:13:56.717+0000] {dag.py:4180} INFO - Setting next_dagrun for example_branch_dop_operator_v3 to 2024-10-03 07:12:00+00:00, run_after=2024-10-03 07:13:00+00:00
[2024-10-03T07:13:56.753+0000] {processor.py:208} INFO - Processing /home/airflow/.local/lib/python3.12/site-packages/airflow/example_dags/example_branch_python_dop_operator_3.py took 0.150 seconds
[2024-10-03T07:14:26.936+0000] {processor.py:186} INFO - Started process (PID=2406) to work on /home/airflow/.local/lib/python3.12/site-packages/airflow/example_dags/example_branch_python_dop_operator_3.py
[2024-10-03T07:14:26.938+0000] {processor.py:914} INFO - Processing file /home/airflow/.local/lib/python3.12/site-packages/airflow/example_dags/example_branch_python_dop_operator_3.py for tasks to queue
[2024-10-03T07:14:26.940+0000] {logging_mixin.py:190} INFO - [2024-10-03T07:14:26.940+0000] {dagbag.py:588} INFO - Filling up the DagBag from /home/airflow/.local/lib/python3.12/site-packages/airflow/example_dags/example_branch_python_dop_operator_3.py
[2024-10-03T07:14:26.952+0000] {processor.py:925} INFO - DAG(s) 'example_branch_dop_operator_v3' retrieved from /home/airflow/.local/lib/python3.12/site-packages/airflow/example_dags/example_branch_python_dop_operator_3.py
[2024-10-03T07:14:26.979+0000] {logging_mixin.py:190} INFO - [2024-10-03T07:14:26.978+0000] {dag.py:3239} INFO - Sync 1 DAGs
[2024-10-03T07:14:27.013+0000] {logging_mixin.py:190} INFO - [2024-10-03T07:14:27.012+0000] {dag.py:4180} INFO - Setting next_dagrun for example_branch_dop_operator_v3 to 2024-10-03 07:13:00+00:00, run_after=2024-10-03 07:14:00+00:00
[2024-10-03T07:14:27.041+0000] {processor.py:208} INFO - Processing /home/airflow/.local/lib/python3.12/site-packages/airflow/example_dags/example_branch_python_dop_operator_3.py took 0.111 seconds
[2024-10-03T07:14:57.118+0000] {processor.py:186} INFO - Started process (PID=2469) to work on /home/airflow/.local/lib/python3.12/site-packages/airflow/example_dags/example_branch_python_dop_operator_3.py
[2024-10-03T07:14:57.120+0000] {processor.py:914} INFO - Processing file /home/airflow/.local/lib/python3.12/site-packages/airflow/example_dags/example_branch_python_dop_operator_3.py for tasks to queue
[2024-10-03T07:14:57.122+0000] {logging_mixin.py:190} INFO - [2024-10-03T07:14:57.121+0000] {dagbag.py:588} INFO - Filling up the DagBag from /home/airflow/.local/lib/python3.12/site-packages/airflow/example_dags/example_branch_python_dop_operator_3.py
[2024-10-03T07:14:57.132+0000] {processor.py:925} INFO - DAG(s) 'example_branch_dop_operator_v3' retrieved from /home/airflow/.local/lib/python3.12/site-packages/airflow/example_dags/example_branch_python_dop_operator_3.py
[2024-10-03T07:14:57.157+0000] {logging_mixin.py:190} INFO - [2024-10-03T07:14:57.156+0000] {dag.py:3239} INFO - Sync 1 DAGs
[2024-10-03T07:14:57.187+0000] {logging_mixin.py:190} INFO - [2024-10-03T07:14:57.187+0000] {dag.py:4180} INFO - Setting next_dagrun for example_branch_dop_operator_v3 to 2024-10-03 07:13:00+00:00, run_after=2024-10-03 07:14:00+00:00
[2024-10-03T07:14:57.212+0000] {processor.py:208} INFO - Processing /home/airflow/.local/lib/python3.12/site-packages/airflow/example_dags/example_branch_python_dop_operator_3.py took 0.100 seconds
[2024-10-03T07:15:27.834+0000] {processor.py:186} INFO - Started process (PID=2531) to work on /home/airflow/.local/lib/python3.12/site-packages/airflow/example_dags/example_branch_python_dop_operator_3.py
[2024-10-03T07:15:27.835+0000] {processor.py:914} INFO - Processing file /home/airflow/.local/lib/python3.12/site-packages/airflow/example_dags/example_branch_python_dop_operator_3.py for tasks to queue
[2024-10-03T07:15:27.837+0000] {logging_mixin.py:190} INFO - [2024-10-03T07:15:27.837+0000] {dagbag.py:588} INFO - Filling up the DagBag from /home/airflow/.local/lib/python3.12/site-packages/airflow/example_dags/example_branch_python_dop_operator_3.py
[2024-10-03T07:15:27.848+0000] {processor.py:925} INFO - DAG(s) 'example_branch_dop_operator_v3' retrieved from /home/airflow/.local/lib/python3.12/site-packages/airflow/example_dags/example_branch_python_dop_operator_3.py
[2024-10-03T07:15:27.872+0000] {logging_mixin.py:190} INFO - [2024-10-03T07:15:27.871+0000] {dag.py:3239} INFO - Sync 1 DAGs
[2024-10-03T07:15:27.906+0000] {logging_mixin.py:190} INFO - [2024-10-03T07:15:27.905+0000] {dag.py:4180} INFO - Setting next_dagrun for example_branch_dop_operator_v3 to 2024-10-03 07:14:00+00:00, run_after=2024-10-03 07:15:00+00:00
[2024-10-03T07:15:27.933+0000] {processor.py:208} INFO - Processing /home/airflow/.local/lib/python3.12/site-packages/airflow/example_dags/example_branch_python_dop_operator_3.py took 0.106 seconds
[2024-10-03T07:15:58.268+0000] {processor.py:186} INFO - Started process (PID=2594) to work on /home/airflow/.local/lib/python3.12/site-packages/airflow/example_dags/example_branch_python_dop_operator_3.py
[2024-10-03T07:15:58.270+0000] {processor.py:914} INFO - Processing file /home/airflow/.local/lib/python3.12/site-packages/airflow/example_dags/example_branch_python_dop_operator_3.py for tasks to queue
[2024-10-03T07:15:58.271+0000] {logging_mixin.py:190} INFO - [2024-10-03T07:15:58.271+0000] {dagbag.py:588} INFO - Filling up the DagBag from /home/airflow/.local/lib/python3.12/site-packages/airflow/example_dags/example_branch_python_dop_operator_3.py
[2024-10-03T07:15:58.283+0000] {processor.py:925} INFO - DAG(s) 'example_branch_dop_operator_v3' retrieved from /home/airflow/.local/lib/python3.12/site-packages/airflow/example_dags/example_branch_python_dop_operator_3.py
[2024-10-03T07:15:58.308+0000] {logging_mixin.py:190} INFO - [2024-10-03T07:15:58.307+0000] {dag.py:3239} INFO - Sync 1 DAGs
[2024-10-03T07:15:58.338+0000] {logging_mixin.py:190} INFO - [2024-10-03T07:15:58.338+0000] {dag.py:4180} INFO - Setting next_dagrun for example_branch_dop_operator_v3 to 2024-10-03 07:14:00+00:00, run_after=2024-10-03 07:15:00+00:00
[2024-10-03T07:15:58.365+0000] {processor.py:208} INFO - Processing /home/airflow/.local/lib/python3.12/site-packages/airflow/example_dags/example_branch_python_dop_operator_3.py took 0.102 seconds
[2024-10-03T07:16:28.764+0000] {processor.py:186} INFO - Started process (PID=2657) to work on /home/airflow/.local/lib/python3.12/site-packages/airflow/example_dags/example_branch_python_dop_operator_3.py
[2024-10-03T07:16:28.765+0000] {processor.py:914} INFO - Processing file /home/airflow/.local/lib/python3.12/site-packages/airflow/example_dags/example_branch_python_dop_operator_3.py for tasks to queue
[2024-10-03T07:16:28.767+0000] {logging_mixin.py:190} INFO - [2024-10-03T07:16:28.766+0000] {dagbag.py:588} INFO - Filling up the DagBag from /home/airflow/.local/lib/python3.12/site-packages/airflow/example_dags/example_branch_python_dop_operator_3.py
[2024-10-03T07:16:28.777+0000] {processor.py:925} INFO - DAG(s) 'example_branch_dop_operator_v3' retrieved from /home/airflow/.local/lib/python3.12/site-packages/airflow/example_dags/example_branch_python_dop_operator_3.py
[2024-10-03T07:16:28.799+0000] {logging_mixin.py:190} INFO - [2024-10-03T07:16:28.799+0000] {dag.py:3239} INFO - Sync 1 DAGs
[2024-10-03T07:16:28.828+0000] {logging_mixin.py:190} INFO - [2024-10-03T07:16:28.827+0000] {dag.py:4180} INFO - Setting next_dagrun for example_branch_dop_operator_v3 to 2024-10-03 07:15:00+00:00, run_after=2024-10-03 07:16:00+00:00
[2024-10-03T07:16:28.852+0000] {processor.py:208} INFO - Processing /home/airflow/.local/lib/python3.12/site-packages/airflow/example_dags/example_branch_python_dop_operator_3.py took 0.094 seconds
[2024-10-03T07:16:59.358+0000] {processor.py:186} INFO - Started process (PID=2720) to work on /home/airflow/.local/lib/python3.12/site-packages/airflow/example_dags/example_branch_python_dop_operator_3.py
[2024-10-03T07:16:59.360+0000] {processor.py:914} INFO - Processing file /home/airflow/.local/lib/python3.12/site-packages/airflow/example_dags/example_branch_python_dop_operator_3.py for tasks to queue
[2024-10-03T07:16:59.362+0000] {logging_mixin.py:190} INFO - [2024-10-03T07:16:59.362+0000] {dagbag.py:588} INFO - Filling up the DagBag from /home/airflow/.local/lib/python3.12/site-packages/airflow/example_dags/example_branch_python_dop_operator_3.py
[2024-10-03T07:16:59.373+0000] {processor.py:925} INFO - DAG(s) 'example_branch_dop_operator_v3' retrieved from /home/airflow/.local/lib/python3.12/site-packages/airflow/example_dags/example_branch_python_dop_operator_3.py
[2024-10-03T07:16:59.397+0000] {logging_mixin.py:190} INFO - [2024-10-03T07:16:59.396+0000] {dag.py:3239} INFO - Sync 1 DAGs
[2024-10-03T07:16:59.426+0000] {logging_mixin.py:190} INFO - [2024-10-03T07:16:59.426+0000] {dag.py:4180} INFO - Setting next_dagrun for example_branch_dop_operator_v3 to 2024-10-03 07:15:00+00:00, run_after=2024-10-03 07:16:00+00:00
[2024-10-03T07:16:59.452+0000] {processor.py:208} INFO - Processing /home/airflow/.local/lib/python3.12/site-packages/airflow/example_dags/example_branch_python_dop_operator_3.py took 0.099 seconds
[2024-10-03T07:17:29.729+0000] {processor.py:186} INFO - Started process (PID=2783) to work on /home/airflow/.local/lib/python3.12/site-packages/airflow/example_dags/example_branch_python_dop_operator_3.py
[2024-10-03T07:17:29.730+0000] {processor.py:914} INFO - Processing file /home/airflow/.local/lib/python3.12/site-packages/airflow/example_dags/example_branch_python_dop_operator_3.py for tasks to queue
[2024-10-03T07:17:29.732+0000] {logging_mixin.py:190} INFO - [2024-10-03T07:17:29.731+0000] {dagbag.py:588} INFO - Filling up the DagBag from /home/airflow/.local/lib/python3.12/site-packages/airflow/example_dags/example_branch_python_dop_operator_3.py
[2024-10-03T07:17:29.742+0000] {processor.py:925} INFO - DAG(s) 'example_branch_dop_operator_v3' retrieved from /home/airflow/.local/lib/python3.12/site-packages/airflow/example_dags/example_branch_python_dop_operator_3.py
[2024-10-03T07:17:29.766+0000] {logging_mixin.py:190} INFO - [2024-10-03T07:17:29.766+0000] {dag.py:3239} INFO - Sync 1 DAGs
[2024-10-03T07:17:29.806+0000] {logging_mixin.py:190} INFO - [2024-10-03T07:17:29.805+0000] {dag.py:4180} INFO - Setting next_dagrun for example_branch_dop_operator_v3 to 2024-10-03 07:16:00+00:00, run_after=2024-10-03 07:17:00+00:00
[2024-10-03T07:17:29.835+0000] {processor.py:208} INFO - Processing /home/airflow/.local/lib/python3.12/site-packages/airflow/example_dags/example_branch_python_dop_operator_3.py took 0.114 seconds
[2024-10-03T07:18:00.930+0000] {processor.py:186} INFO - Started process (PID=2846) to work on /home/airflow/.local/lib/python3.12/site-packages/airflow/example_dags/example_branch_python_dop_operator_3.py
[2024-10-03T07:18:00.932+0000] {processor.py:914} INFO - Processing file /home/airflow/.local/lib/python3.12/site-packages/airflow/example_dags/example_branch_python_dop_operator_3.py for tasks to queue
[2024-10-03T07:18:00.933+0000] {logging_mixin.py:190} INFO - [2024-10-03T07:18:00.933+0000] {dagbag.py:588} INFO - Filling up the DagBag from /home/airflow/.local/lib/python3.12/site-packages/airflow/example_dags/example_branch_python_dop_operator_3.py
[2024-10-03T07:18:00.946+0000] {processor.py:925} INFO - DAG(s) 'example_branch_dop_operator_v3' retrieved from /home/airflow/.local/lib/python3.12/site-packages/airflow/example_dags/example_branch_python_dop_operator_3.py
[2024-10-03T07:18:00.985+0000] {logging_mixin.py:190} INFO - [2024-10-03T07:18:00.985+0000] {dag.py:3239} INFO - Sync 1 DAGs
[2024-10-03T07:18:01.052+0000] {logging_mixin.py:190} INFO - [2024-10-03T07:18:01.052+0000] {dag.py:4180} INFO - Setting next_dagrun for example_branch_dop_operator_v3 to 2024-10-03 07:17:00+00:00, run_after=2024-10-03 07:18:00+00:00
[2024-10-03T07:18:01.086+0000] {processor.py:208} INFO - Processing /home/airflow/.local/lib/python3.12/site-packages/airflow/example_dags/example_branch_python_dop_operator_3.py took 0.162 seconds
[2024-10-03T07:18:31.827+0000] {processor.py:186} INFO - Started process (PID=2909) to work on /home/airflow/.local/lib/python3.12/site-packages/airflow/example_dags/example_branch_python_dop_operator_3.py
[2024-10-03T07:18:31.828+0000] {processor.py:914} INFO - Processing file /home/airflow/.local/lib/python3.12/site-packages/airflow/example_dags/example_branch_python_dop_operator_3.py for tasks to queue
[2024-10-03T07:18:31.830+0000] {logging_mixin.py:190} INFO - [2024-10-03T07:18:31.830+0000] {dagbag.py:588} INFO - Filling up the DagBag from /home/airflow/.local/lib/python3.12/site-packages/airflow/example_dags/example_branch_python_dop_operator_3.py
[2024-10-03T07:18:31.842+0000] {processor.py:925} INFO - DAG(s) 'example_branch_dop_operator_v3' retrieved from /home/airflow/.local/lib/python3.12/site-packages/airflow/example_dags/example_branch_python_dop_operator_3.py
[2024-10-03T07:18:31.870+0000] {logging_mixin.py:190} INFO - [2024-10-03T07:18:31.870+0000] {dag.py:3239} INFO - Sync 1 DAGs
[2024-10-03T07:18:31.908+0000] {logging_mixin.py:190} INFO - [2024-10-03T07:18:31.907+0000] {dag.py:4180} INFO - Setting next_dagrun for example_branch_dop_operator_v3 to 2024-10-03 07:17:00+00:00, run_after=2024-10-03 07:18:00+00:00
[2024-10-03T07:18:31.938+0000] {processor.py:208} INFO - Processing /home/airflow/.local/lib/python3.12/site-packages/airflow/example_dags/example_branch_python_dop_operator_3.py took 0.118 seconds
[2024-10-03T07:19:02.454+0000] {processor.py:186} INFO - Started process (PID=2972) to work on /home/airflow/.local/lib/python3.12/site-packages/airflow/example_dags/example_branch_python_dop_operator_3.py
[2024-10-03T07:19:02.455+0000] {processor.py:914} INFO - Processing file /home/airflow/.local/lib/python3.12/site-packages/airflow/example_dags/example_branch_python_dop_operator_3.py for tasks to queue
[2024-10-03T07:19:02.457+0000] {logging_mixin.py:190} INFO - [2024-10-03T07:19:02.456+0000] {dagbag.py:588} INFO - Filling up the DagBag from /home/airflow/.local/lib/python3.12/site-packages/airflow/example_dags/example_branch_python_dop_operator_3.py
[2024-10-03T07:19:02.469+0000] {processor.py:925} INFO - DAG(s) 'example_branch_dop_operator_v3' retrieved from /home/airflow/.local/lib/python3.12/site-packages/airflow/example_dags/example_branch_python_dop_operator_3.py
[2024-10-03T07:19:02.493+0000] {logging_mixin.py:190} INFO - [2024-10-03T07:19:02.493+0000] {dag.py:3239} INFO - Sync 1 DAGs
[2024-10-03T07:19:02.522+0000] {logging_mixin.py:190} INFO - [2024-10-03T07:19:02.522+0000] {dag.py:4180} INFO - Setting next_dagrun for example_branch_dop_operator_v3 to 2024-10-03 07:18:00+00:00, run_after=2024-10-03 07:19:00+00:00
[2024-10-03T07:19:02.547+0000] {processor.py:208} INFO - Processing /home/airflow/.local/lib/python3.12/site-packages/airflow/example_dags/example_branch_python_dop_operator_3.py took 0.098 seconds
