[2024-10-03T06:34:04.398+0000] {processor.py:157} INFO - Started process (PID=134) to work on /home/airflow/.local/lib/python3.8/site-packages/airflow/example_dags/example_sla_dag.py
[2024-10-03T06:34:04.401+0000] {processor.py:829} INFO - Processing file /home/airflow/.local/lib/python3.8/site-packages/airflow/example_dags/example_sla_dag.py for tasks to queue
[2024-10-03T06:34:04.405+0000] {logging_mixin.py:151} INFO - [2024-10-03T06:34:04.405+0000] {dagbag.py:539} INFO - Filling up the DagBag from /home/airflow/.local/lib/python3.8/site-packages/airflow/example_dags/example_sla_dag.py
[2024-10-03T06:34:04.424+0000] {processor.py:839} INFO - DAG(s) dict_keys(['example_sla_dag']) retrieved from /home/airflow/.local/lib/python3.8/site-packages/airflow/example_dags/example_sla_dag.py
[2024-10-03T06:34:04.670+0000] {logging_mixin.py:151} INFO - [2024-10-03T06:34:04.669+0000] {manager.py:501} INFO - Created Permission View: can delete on DAG:example_sla_dag
[2024-10-03T06:34:04.695+0000] {logging_mixin.py:151} INFO - [2024-10-03T06:34:04.694+0000] {manager.py:501} INFO - Created Permission View: can read on DAG:example_sla_dag
[2024-10-03T06:34:04.710+0000] {logging_mixin.py:151} INFO - [2024-10-03T06:34:04.710+0000] {manager.py:501} INFO - Created Permission View: can edit on DAG:example_sla_dag
[2024-10-03T06:34:04.742+0000] {logging_mixin.py:151} INFO - [2024-10-03T06:34:04.741+0000] {dag.py:2907} INFO - Sync 1 DAGs
[2024-10-03T06:34:04.762+0000] {logging_mixin.py:151} INFO - [2024-10-03T06:34:04.762+0000] {dag.py:2929} INFO - Creating ORM DAG for example_sla_dag
[2024-10-03T06:34:04.784+0000] {logging_mixin.py:151} INFO - [2024-10-03T06:34:04.784+0000] {dag.py:3677} INFO - Setting next_dagrun for example_sla_dag to 2024-10-03T06:32:00+00:00, run_after=2024-10-03T06:34:00+00:00
[2024-10-03T06:34:04.820+0000] {processor.py:179} INFO - Processing /home/airflow/.local/lib/python3.8/site-packages/airflow/example_dags/example_sla_dag.py took 0.426 seconds
[2024-10-03T06:34:35.677+0000] {processor.py:157} INFO - Started process (PID=192) to work on /home/airflow/.local/lib/python3.8/site-packages/airflow/example_dags/example_sla_dag.py
[2024-10-03T06:34:35.680+0000] {processor.py:829} INFO - Processing file /home/airflow/.local/lib/python3.8/site-packages/airflow/example_dags/example_sla_dag.py for tasks to queue
[2024-10-03T06:34:35.684+0000] {logging_mixin.py:151} INFO - [2024-10-03T06:34:35.683+0000] {dagbag.py:539} INFO - Filling up the DagBag from /home/airflow/.local/lib/python3.8/site-packages/airflow/example_dags/example_sla_dag.py
[2024-10-03T06:34:35.697+0000] {processor.py:839} INFO - DAG(s) dict_keys(['example_sla_dag']) retrieved from /home/airflow/.local/lib/python3.8/site-packages/airflow/example_dags/example_sla_dag.py
[2024-10-03T06:34:35.735+0000] {logging_mixin.py:151} INFO - [2024-10-03T06:34:35.734+0000] {dag.py:2907} INFO - Sync 1 DAGs
[2024-10-03T06:34:35.788+0000] {logging_mixin.py:151} INFO - [2024-10-03T06:34:35.788+0000] {dag.py:3677} INFO - Setting next_dagrun for example_sla_dag to 2024-10-03T06:32:00+00:00, run_after=2024-10-03T06:34:00+00:00
[2024-10-03T06:34:35.837+0000] {processor.py:179} INFO - Processing /home/airflow/.local/lib/python3.8/site-packages/airflow/example_dags/example_sla_dag.py took 0.165 seconds
[2024-10-03T06:35:05.964+0000] {processor.py:157} INFO - Started process (PID=250) to work on /home/airflow/.local/lib/python3.8/site-packages/airflow/example_dags/example_sla_dag.py
[2024-10-03T06:35:05.966+0000] {processor.py:829} INFO - Processing file /home/airflow/.local/lib/python3.8/site-packages/airflow/example_dags/example_sla_dag.py for tasks to queue
[2024-10-03T06:35:05.971+0000] {logging_mixin.py:151} INFO - [2024-10-03T06:35:05.970+0000] {dagbag.py:539} INFO - Filling up the DagBag from /home/airflow/.local/lib/python3.8/site-packages/airflow/example_dags/example_sla_dag.py
[2024-10-03T06:35:05.987+0000] {processor.py:839} INFO - DAG(s) dict_keys(['example_sla_dag']) retrieved from /home/airflow/.local/lib/python3.8/site-packages/airflow/example_dags/example_sla_dag.py
[2024-10-03T06:35:06.024+0000] {logging_mixin.py:151} INFO - [2024-10-03T06:35:06.023+0000] {dag.py:2907} INFO - Sync 1 DAGs
[2024-10-03T06:35:06.065+0000] {logging_mixin.py:151} INFO - [2024-10-03T06:35:06.065+0000] {dag.py:3677} INFO - Setting next_dagrun for example_sla_dag to 2024-10-03T06:32:00+00:00, run_after=2024-10-03T06:34:00+00:00
[2024-10-03T06:35:06.114+0000] {processor.py:179} INFO - Processing /home/airflow/.local/lib/python3.8/site-packages/airflow/example_dags/example_sla_dag.py took 0.157 seconds
[2024-10-03T06:35:36.401+0000] {processor.py:157} INFO - Started process (PID=308) to work on /home/airflow/.local/lib/python3.8/site-packages/airflow/example_dags/example_sla_dag.py
[2024-10-03T06:35:36.404+0000] {processor.py:829} INFO - Processing file /home/airflow/.local/lib/python3.8/site-packages/airflow/example_dags/example_sla_dag.py for tasks to queue
[2024-10-03T06:35:36.409+0000] {logging_mixin.py:151} INFO - [2024-10-03T06:35:36.408+0000] {dagbag.py:539} INFO - Filling up the DagBag from /home/airflow/.local/lib/python3.8/site-packages/airflow/example_dags/example_sla_dag.py
[2024-10-03T06:35:36.425+0000] {processor.py:839} INFO - DAG(s) dict_keys(['example_sla_dag']) retrieved from /home/airflow/.local/lib/python3.8/site-packages/airflow/example_dags/example_sla_dag.py
[2024-10-03T06:35:36.475+0000] {logging_mixin.py:151} INFO - [2024-10-03T06:35:36.474+0000] {dag.py:2907} INFO - Sync 1 DAGs
[2024-10-03T06:35:36.535+0000] {logging_mixin.py:151} INFO - [2024-10-03T06:35:36.535+0000] {dag.py:3677} INFO - Setting next_dagrun for example_sla_dag to 2024-10-03T06:32:00+00:00, run_after=2024-10-03T06:34:00+00:00
[2024-10-03T06:35:36.625+0000] {processor.py:179} INFO - Processing /home/airflow/.local/lib/python3.8/site-packages/airflow/example_dags/example_sla_dag.py took 0.229 seconds
[2024-10-03T06:36:07.156+0000] {processor.py:157} INFO - Started process (PID=367) to work on /home/airflow/.local/lib/python3.8/site-packages/airflow/example_dags/example_sla_dag.py
[2024-10-03T06:36:07.158+0000] {processor.py:829} INFO - Processing file /home/airflow/.local/lib/python3.8/site-packages/airflow/example_dags/example_sla_dag.py for tasks to queue
[2024-10-03T06:36:07.164+0000] {logging_mixin.py:151} INFO - [2024-10-03T06:36:07.163+0000] {dagbag.py:539} INFO - Filling up the DagBag from /home/airflow/.local/lib/python3.8/site-packages/airflow/example_dags/example_sla_dag.py
[2024-10-03T06:36:07.183+0000] {processor.py:839} INFO - DAG(s) dict_keys(['example_sla_dag']) retrieved from /home/airflow/.local/lib/python3.8/site-packages/airflow/example_dags/example_sla_dag.py
[2024-10-03T06:36:07.226+0000] {logging_mixin.py:151} INFO - [2024-10-03T06:36:07.225+0000] {dag.py:2907} INFO - Sync 1 DAGs
[2024-10-03T06:36:07.287+0000] {logging_mixin.py:151} INFO - [2024-10-03T06:36:07.286+0000] {dag.py:3677} INFO - Setting next_dagrun for example_sla_dag to 2024-10-03T06:34:00+00:00, run_after=2024-10-03T06:36:00+00:00
[2024-10-03T06:36:07.330+0000] {processor.py:179} INFO - Processing /home/airflow/.local/lib/python3.8/site-packages/airflow/example_dags/example_sla_dag.py took 0.182 seconds
[2024-10-03T06:36:37.800+0000] {processor.py:157} INFO - Started process (PID=425) to work on /home/airflow/.local/lib/python3.8/site-packages/airflow/example_dags/example_sla_dag.py
[2024-10-03T06:36:37.804+0000] {processor.py:829} INFO - Processing file /home/airflow/.local/lib/python3.8/site-packages/airflow/example_dags/example_sla_dag.py for tasks to queue
[2024-10-03T06:36:37.809+0000] {logging_mixin.py:151} INFO - [2024-10-03T06:36:37.809+0000] {dagbag.py:539} INFO - Filling up the DagBag from /home/airflow/.local/lib/python3.8/site-packages/airflow/example_dags/example_sla_dag.py
[2024-10-03T06:36:37.831+0000] {processor.py:839} INFO - DAG(s) dict_keys(['example_sla_dag']) retrieved from /home/airflow/.local/lib/python3.8/site-packages/airflow/example_dags/example_sla_dag.py
[2024-10-03T06:36:37.875+0000] {logging_mixin.py:151} INFO - [2024-10-03T06:36:37.874+0000] {dag.py:2907} INFO - Sync 1 DAGs
[2024-10-03T06:36:37.924+0000] {logging_mixin.py:151} INFO - [2024-10-03T06:36:37.924+0000] {dag.py:3677} INFO - Setting next_dagrun for example_sla_dag to 2024-10-03T06:34:00+00:00, run_after=2024-10-03T06:36:00+00:00
[2024-10-03T06:36:37.976+0000] {processor.py:179} INFO - Processing /home/airflow/.local/lib/python3.8/site-packages/airflow/example_dags/example_sla_dag.py took 0.183 seconds
[2024-10-03T06:41:25.989+0000] {processor.py:157} INFO - Started process (PID=120) to work on /home/airflow/.local/lib/python3.8/site-packages/airflow/example_dags/example_sla_dag.py
[2024-10-03T06:41:26.009+0000] {processor.py:829} INFO - Processing file /home/airflow/.local/lib/python3.8/site-packages/airflow/example_dags/example_sla_dag.py for tasks to queue
[2024-10-03T06:41:26.018+0000] {logging_mixin.py:151} INFO - [2024-10-03T06:41:26.016+0000] {dagbag.py:539} INFO - Filling up the DagBag from /home/airflow/.local/lib/python3.8/site-packages/airflow/example_dags/example_sla_dag.py
[2024-10-03T06:41:26.044+0000] {processor.py:839} INFO - DAG(s) dict_keys(['example_sla_dag']) retrieved from /home/airflow/.local/lib/python3.8/site-packages/airflow/example_dags/example_sla_dag.py
[2024-10-03T06:41:26.129+0000] {logging_mixin.py:151} INFO - [2024-10-03T06:41:26.128+0000] {dag.py:2907} INFO - Sync 1 DAGs
[2024-10-03T06:41:26.193+0000] {logging_mixin.py:151} INFO - [2024-10-03T06:41:26.192+0000] {dag.py:3677} INFO - Setting next_dagrun for example_sla_dag to 2024-10-03T06:38:00+00:00, run_after=2024-10-03T06:40:00+00:00
[2024-10-03T06:41:26.252+0000] {processor.py:179} INFO - Processing /home/airflow/.local/lib/python3.8/site-packages/airflow/example_dags/example_sla_dag.py took 0.276 seconds
[2024-10-03T06:41:56.806+0000] {processor.py:157} INFO - Started process (PID=179) to work on /home/airflow/.local/lib/python3.8/site-packages/airflow/example_dags/example_sla_dag.py
[2024-10-03T06:41:56.810+0000] {processor.py:829} INFO - Processing file /home/airflow/.local/lib/python3.8/site-packages/airflow/example_dags/example_sla_dag.py for tasks to queue
[2024-10-03T06:41:56.816+0000] {logging_mixin.py:151} INFO - [2024-10-03T06:41:56.815+0000] {dagbag.py:539} INFO - Filling up the DagBag from /home/airflow/.local/lib/python3.8/site-packages/airflow/example_dags/example_sla_dag.py
[2024-10-03T06:41:56.846+0000] {processor.py:839} INFO - DAG(s) dict_keys(['example_sla_dag']) retrieved from /home/airflow/.local/lib/python3.8/site-packages/airflow/example_dags/example_sla_dag.py
[2024-10-03T06:41:56.910+0000] {logging_mixin.py:151} INFO - [2024-10-03T06:41:56.910+0000] {dag.py:2907} INFO - Sync 1 DAGs
[2024-10-03T06:41:56.997+0000] {logging_mixin.py:151} INFO - [2024-10-03T06:41:56.997+0000] {dag.py:3677} INFO - Setting next_dagrun for example_sla_dag to 2024-10-03T06:38:00+00:00, run_after=2024-10-03T06:40:00+00:00
[2024-10-03T06:41:57.058+0000] {processor.py:179} INFO - Processing /home/airflow/.local/lib/python3.8/site-packages/airflow/example_dags/example_sla_dag.py took 0.261 seconds
[2024-10-03T06:42:28.489+0000] {processor.py:157} INFO - Started process (PID=237) to work on /home/airflow/.local/lib/python3.8/site-packages/airflow/example_dags/example_sla_dag.py
[2024-10-03T06:42:28.505+0000] {processor.py:829} INFO - Processing file /home/airflow/.local/lib/python3.8/site-packages/airflow/example_dags/example_sla_dag.py for tasks to queue
[2024-10-03T06:42:28.513+0000] {logging_mixin.py:151} INFO - [2024-10-03T06:42:28.512+0000] {dagbag.py:539} INFO - Filling up the DagBag from /home/airflow/.local/lib/python3.8/site-packages/airflow/example_dags/example_sla_dag.py
[2024-10-03T06:42:28.546+0000] {processor.py:839} INFO - DAG(s) dict_keys(['example_sla_dag']) retrieved from /home/airflow/.local/lib/python3.8/site-packages/airflow/example_dags/example_sla_dag.py
[2024-10-03T06:42:28.678+0000] {logging_mixin.py:151} INFO - [2024-10-03T06:42:28.677+0000] {dag.py:2907} INFO - Sync 1 DAGs
[2024-10-03T06:42:28.792+0000] {logging_mixin.py:151} INFO - [2024-10-03T06:42:28.791+0000] {dag.py:3677} INFO - Setting next_dagrun for example_sla_dag to 2024-10-03T06:40:00+00:00, run_after=2024-10-03T06:42:00+00:00
[2024-10-03T06:42:28.899+0000] {processor.py:179} INFO - Processing /home/airflow/.local/lib/python3.8/site-packages/airflow/example_dags/example_sla_dag.py took 0.426 seconds
[2024-10-03T06:52:56.424+0000] {processor.py:186} INFO - Started process (PID=120) to work on /home/airflow/.local/lib/python3.12/site-packages/airflow/example_dags/example_sla_dag.py
[2024-10-03T06:52:56.428+0000] {processor.py:914} INFO - Processing file /home/airflow/.local/lib/python3.12/site-packages/airflow/example_dags/example_sla_dag.py for tasks to queue
[2024-10-03T06:52:56.435+0000] {logging_mixin.py:190} INFO - [2024-10-03T06:52:56.434+0000] {dagbag.py:588} INFO - Filling up the DagBag from /home/airflow/.local/lib/python3.12/site-packages/airflow/example_dags/example_sla_dag.py
[2024-10-03T06:52:56.465+0000] {processor.py:925} INFO - DAG(s) 'example_sla_dag' retrieved from /home/airflow/.local/lib/python3.12/site-packages/airflow/example_dags/example_sla_dag.py
[2024-10-03T06:52:57.035+0000] {logging_mixin.py:190} INFO - [2024-10-03T06:52:57.034+0000] {dag.py:3239} INFO - Sync 1 DAGs
[2024-10-03T06:52:57.132+0000] {logging_mixin.py:190} INFO - [2024-10-03T06:52:57.131+0000] {dag.py:4180} INFO - Setting next_dagrun for example_sla_dag to 2024-10-03 06:50:00+00:00, run_after=2024-10-03 06:52:00+00:00
[2024-10-03T06:52:57.221+0000] {processor.py:208} INFO - Processing /home/airflow/.local/lib/python3.12/site-packages/airflow/example_dags/example_sla_dag.py took 0.812 seconds
[2024-10-03T06:53:27.740+0000] {processor.py:186} INFO - Started process (PID=184) to work on /home/airflow/.local/lib/python3.12/site-packages/airflow/example_dags/example_sla_dag.py
[2024-10-03T06:53:27.744+0000] {processor.py:914} INFO - Processing file /home/airflow/.local/lib/python3.12/site-packages/airflow/example_dags/example_sla_dag.py for tasks to queue
[2024-10-03T06:53:27.748+0000] {logging_mixin.py:190} INFO - [2024-10-03T06:53:27.747+0000] {dagbag.py:588} INFO - Filling up the DagBag from /home/airflow/.local/lib/python3.12/site-packages/airflow/example_dags/example_sla_dag.py
[2024-10-03T06:53:27.767+0000] {processor.py:925} INFO - DAG(s) 'example_sla_dag' retrieved from /home/airflow/.local/lib/python3.12/site-packages/airflow/example_dags/example_sla_dag.py
[2024-10-03T06:53:27.795+0000] {logging_mixin.py:190} INFO - [2024-10-03T06:53:27.795+0000] {dag.py:3239} INFO - Sync 1 DAGs
[2024-10-03T06:53:27.833+0000] {logging_mixin.py:190} INFO - [2024-10-03T06:53:27.833+0000] {dag.py:4180} INFO - Setting next_dagrun for example_sla_dag to 2024-10-03 06:50:00+00:00, run_after=2024-10-03 06:52:00+00:00
[2024-10-03T06:53:27.870+0000] {processor.py:208} INFO - Processing /home/airflow/.local/lib/python3.12/site-packages/airflow/example_dags/example_sla_dag.py took 0.139 seconds
[2024-10-03T06:53:58.227+0000] {processor.py:186} INFO - Started process (PID=248) to work on /home/airflow/.local/lib/python3.12/site-packages/airflow/example_dags/example_sla_dag.py
[2024-10-03T06:53:58.229+0000] {processor.py:914} INFO - Processing file /home/airflow/.local/lib/python3.12/site-packages/airflow/example_dags/example_sla_dag.py for tasks to queue
[2024-10-03T06:53:58.236+0000] {logging_mixin.py:190} INFO - [2024-10-03T06:53:58.235+0000] {dagbag.py:588} INFO - Filling up the DagBag from /home/airflow/.local/lib/python3.12/site-packages/airflow/example_dags/example_sla_dag.py
[2024-10-03T06:53:58.260+0000] {processor.py:925} INFO - DAG(s) 'example_sla_dag' retrieved from /home/airflow/.local/lib/python3.12/site-packages/airflow/example_dags/example_sla_dag.py
[2024-10-03T06:53:58.315+0000] {logging_mixin.py:190} INFO - [2024-10-03T06:53:58.314+0000] {dag.py:3239} INFO - Sync 1 DAGs
[2024-10-03T06:53:58.389+0000] {logging_mixin.py:190} INFO - [2024-10-03T06:53:58.388+0000] {dag.py:4180} INFO - Setting next_dagrun for example_sla_dag to 2024-10-03 06:50:00+00:00, run_after=2024-10-03 06:52:00+00:00
[2024-10-03T06:53:58.434+0000] {processor.py:208} INFO - Processing /home/airflow/.local/lib/python3.12/site-packages/airflow/example_dags/example_sla_dag.py took 0.218 seconds
[2024-10-03T06:54:29.112+0000] {processor.py:186} INFO - Started process (PID=312) to work on /home/airflow/.local/lib/python3.12/site-packages/airflow/example_dags/example_sla_dag.py
[2024-10-03T06:54:29.115+0000] {processor.py:914} INFO - Processing file /home/airflow/.local/lib/python3.12/site-packages/airflow/example_dags/example_sla_dag.py for tasks to queue
[2024-10-03T06:54:29.123+0000] {logging_mixin.py:190} INFO - [2024-10-03T06:54:29.122+0000] {dagbag.py:588} INFO - Filling up the DagBag from /home/airflow/.local/lib/python3.12/site-packages/airflow/example_dags/example_sla_dag.py
[2024-10-03T06:54:29.148+0000] {processor.py:925} INFO - DAG(s) 'example_sla_dag' retrieved from /home/airflow/.local/lib/python3.12/site-packages/airflow/example_dags/example_sla_dag.py
[2024-10-03T06:54:29.204+0000] {logging_mixin.py:190} INFO - [2024-10-03T06:54:29.203+0000] {dag.py:3239} INFO - Sync 1 DAGs
[2024-10-03T06:54:29.304+0000] {logging_mixin.py:190} INFO - [2024-10-03T06:54:29.303+0000] {dag.py:4180} INFO - Setting next_dagrun for example_sla_dag to 2024-10-03 06:52:00+00:00, run_after=2024-10-03 06:54:00+00:00
[2024-10-03T06:54:29.397+0000] {processor.py:208} INFO - Processing /home/airflow/.local/lib/python3.12/site-packages/airflow/example_dags/example_sla_dag.py took 0.302 seconds
[2024-10-03T06:54:59.604+0000] {processor.py:186} INFO - Started process (PID=375) to work on /home/airflow/.local/lib/python3.12/site-packages/airflow/example_dags/example_sla_dag.py
[2024-10-03T06:54:59.607+0000] {processor.py:914} INFO - Processing file /home/airflow/.local/lib/python3.12/site-packages/airflow/example_dags/example_sla_dag.py for tasks to queue
[2024-10-03T06:54:59.612+0000] {logging_mixin.py:190} INFO - [2024-10-03T06:54:59.611+0000] {dagbag.py:588} INFO - Filling up the DagBag from /home/airflow/.local/lib/python3.12/site-packages/airflow/example_dags/example_sla_dag.py
[2024-10-03T06:54:59.637+0000] {processor.py:925} INFO - DAG(s) 'example_sla_dag' retrieved from /home/airflow/.local/lib/python3.12/site-packages/airflow/example_dags/example_sla_dag.py
[2024-10-03T06:54:59.711+0000] {logging_mixin.py:190} INFO - [2024-10-03T06:54:59.711+0000] {dag.py:3239} INFO - Sync 1 DAGs
[2024-10-03T06:54:59.768+0000] {logging_mixin.py:190} INFO - [2024-10-03T06:54:59.768+0000] {dag.py:4180} INFO - Setting next_dagrun for example_sla_dag to 2024-10-03 06:52:00+00:00, run_after=2024-10-03 06:54:00+00:00
[2024-10-03T06:54:59.818+0000] {processor.py:208} INFO - Processing /home/airflow/.local/lib/python3.12/site-packages/airflow/example_dags/example_sla_dag.py took 0.224 seconds
[2024-10-03T06:55:30.062+0000] {processor.py:186} INFO - Started process (PID=439) to work on /home/airflow/.local/lib/python3.12/site-packages/airflow/example_dags/example_sla_dag.py
[2024-10-03T06:55:30.064+0000] {processor.py:914} INFO - Processing file /home/airflow/.local/lib/python3.12/site-packages/airflow/example_dags/example_sla_dag.py for tasks to queue
[2024-10-03T06:55:30.070+0000] {logging_mixin.py:190} INFO - [2024-10-03T06:55:30.069+0000] {dagbag.py:588} INFO - Filling up the DagBag from /home/airflow/.local/lib/python3.12/site-packages/airflow/example_dags/example_sla_dag.py
[2024-10-03T06:55:30.084+0000] {processor.py:925} INFO - DAG(s) 'example_sla_dag' retrieved from /home/airflow/.local/lib/python3.12/site-packages/airflow/example_dags/example_sla_dag.py
[2024-10-03T06:55:30.113+0000] {logging_mixin.py:190} INFO - [2024-10-03T06:55:30.112+0000] {dag.py:3239} INFO - Sync 1 DAGs
[2024-10-03T06:55:30.147+0000] {logging_mixin.py:190} INFO - [2024-10-03T06:55:30.147+0000] {dag.py:4180} INFO - Setting next_dagrun for example_sla_dag to 2024-10-03 06:52:00+00:00, run_after=2024-10-03 06:54:00+00:00
[2024-10-03T06:55:30.192+0000] {processor.py:208} INFO - Processing /home/airflow/.local/lib/python3.12/site-packages/airflow/example_dags/example_sla_dag.py took 0.137 seconds
[2024-10-03T06:56:00.356+0000] {processor.py:186} INFO - Started process (PID=503) to work on /home/airflow/.local/lib/python3.12/site-packages/airflow/example_dags/example_sla_dag.py
[2024-10-03T06:56:00.364+0000] {processor.py:914} INFO - Processing file /home/airflow/.local/lib/python3.12/site-packages/airflow/example_dags/example_sla_dag.py for tasks to queue
[2024-10-03T06:56:00.368+0000] {logging_mixin.py:190} INFO - [2024-10-03T06:56:00.367+0000] {dagbag.py:588} INFO - Filling up the DagBag from /home/airflow/.local/lib/python3.12/site-packages/airflow/example_dags/example_sla_dag.py
[2024-10-03T06:56:00.388+0000] {processor.py:925} INFO - DAG(s) 'example_sla_dag' retrieved from /home/airflow/.local/lib/python3.12/site-packages/airflow/example_dags/example_sla_dag.py
[2024-10-03T06:56:00.452+0000] {logging_mixin.py:190} INFO - [2024-10-03T06:56:00.451+0000] {dag.py:3239} INFO - Sync 1 DAGs
[2024-10-03T06:56:00.482+0000] {logging_mixin.py:190} INFO - [2024-10-03T06:56:00.482+0000] {dag.py:4180} INFO - Setting next_dagrun for example_sla_dag to 2024-10-03 06:54:00+00:00, run_after=2024-10-03 06:56:00+00:00
[2024-10-03T06:56:00.727+0000] {processor.py:208} INFO - Processing /home/airflow/.local/lib/python3.12/site-packages/airflow/example_dags/example_sla_dag.py took 0.377 seconds
[2024-10-03T06:56:30.808+0000] {processor.py:186} INFO - Started process (PID=567) to work on /home/airflow/.local/lib/python3.12/site-packages/airflow/example_dags/example_sla_dag.py
[2024-10-03T06:56:30.828+0000] {processor.py:914} INFO - Processing file /home/airflow/.local/lib/python3.12/site-packages/airflow/example_dags/example_sla_dag.py for tasks to queue
[2024-10-03T06:56:30.831+0000] {logging_mixin.py:190} INFO - [2024-10-03T06:56:30.831+0000] {dagbag.py:588} INFO - Filling up the DagBag from /home/airflow/.local/lib/python3.12/site-packages/airflow/example_dags/example_sla_dag.py
[2024-10-03T06:56:30.847+0000] {processor.py:925} INFO - DAG(s) 'example_sla_dag' retrieved from /home/airflow/.local/lib/python3.12/site-packages/airflow/example_dags/example_sla_dag.py
[2024-10-03T06:56:30.876+0000] {logging_mixin.py:190} INFO - [2024-10-03T06:56:30.876+0000] {dag.py:3239} INFO - Sync 1 DAGs
[2024-10-03T06:56:30.911+0000] {logging_mixin.py:190} INFO - [2024-10-03T06:56:30.911+0000] {dag.py:4180} INFO - Setting next_dagrun for example_sla_dag to 2024-10-03 06:54:00+00:00, run_after=2024-10-03 06:56:00+00:00
[2024-10-03T06:56:30.940+0000] {processor.py:208} INFO - Processing /home/airflow/.local/lib/python3.12/site-packages/airflow/example_dags/example_sla_dag.py took 0.139 seconds
[2024-10-03T06:57:01.321+0000] {processor.py:186} INFO - Started process (PID=631) to work on /home/airflow/.local/lib/python3.12/site-packages/airflow/example_dags/example_sla_dag.py
[2024-10-03T06:57:01.323+0000] {processor.py:914} INFO - Processing file /home/airflow/.local/lib/python3.12/site-packages/airflow/example_dags/example_sla_dag.py for tasks to queue
[2024-10-03T06:57:01.328+0000] {logging_mixin.py:190} INFO - [2024-10-03T06:57:01.328+0000] {dagbag.py:588} INFO - Filling up the DagBag from /home/airflow/.local/lib/python3.12/site-packages/airflow/example_dags/example_sla_dag.py
[2024-10-03T06:57:01.345+0000] {processor.py:925} INFO - DAG(s) 'example_sla_dag' retrieved from /home/airflow/.local/lib/python3.12/site-packages/airflow/example_dags/example_sla_dag.py
[2024-10-03T06:57:01.383+0000] {logging_mixin.py:190} INFO - [2024-10-03T06:57:01.382+0000] {dag.py:3239} INFO - Sync 1 DAGs
[2024-10-03T06:57:01.425+0000] {logging_mixin.py:190} INFO - [2024-10-03T06:57:01.425+0000] {dag.py:4180} INFO - Setting next_dagrun for example_sla_dag to 2024-10-03 06:54:00+00:00, run_after=2024-10-03 06:56:00+00:00
[2024-10-03T06:57:01.478+0000] {processor.py:208} INFO - Processing /home/airflow/.local/lib/python3.12/site-packages/airflow/example_dags/example_sla_dag.py took 0.165 seconds
[2024-10-03T06:57:32.507+0000] {processor.py:186} INFO - Started process (PID=695) to work on /home/airflow/.local/lib/python3.12/site-packages/airflow/example_dags/example_sla_dag.py
[2024-10-03T06:57:32.511+0000] {processor.py:914} INFO - Processing file /home/airflow/.local/lib/python3.12/site-packages/airflow/example_dags/example_sla_dag.py for tasks to queue
[2024-10-03T06:57:32.524+0000] {logging_mixin.py:190} INFO - [2024-10-03T06:57:32.520+0000] {dagbag.py:588} INFO - Filling up the DagBag from /home/airflow/.local/lib/python3.12/site-packages/airflow/example_dags/example_sla_dag.py
[2024-10-03T06:57:32.572+0000] {processor.py:925} INFO - DAG(s) 'example_sla_dag' retrieved from /home/airflow/.local/lib/python3.12/site-packages/airflow/example_dags/example_sla_dag.py
[2024-10-03T06:57:32.675+0000] {logging_mixin.py:190} INFO - [2024-10-03T06:57:32.673+0000] {dag.py:3239} INFO - Sync 1 DAGs
[2024-10-03T06:57:32.837+0000] {logging_mixin.py:190} INFO - [2024-10-03T06:57:32.830+0000] {dag.py:4180} INFO - Setting next_dagrun for example_sla_dag to 2024-10-03 06:54:00+00:00, run_after=2024-10-03 06:56:00+00:00
[2024-10-03T06:57:32.971+0000] {processor.py:208} INFO - Processing /home/airflow/.local/lib/python3.12/site-packages/airflow/example_dags/example_sla_dag.py took 0.484 seconds
[2024-10-03T06:58:03.586+0000] {processor.py:186} INFO - Started process (PID=759) to work on /home/airflow/.local/lib/python3.12/site-packages/airflow/example_dags/example_sla_dag.py
[2024-10-03T06:58:03.587+0000] {processor.py:914} INFO - Processing file /home/airflow/.local/lib/python3.12/site-packages/airflow/example_dags/example_sla_dag.py for tasks to queue
[2024-10-03T06:58:03.590+0000] {logging_mixin.py:190} INFO - [2024-10-03T06:58:03.590+0000] {dagbag.py:588} INFO - Filling up the DagBag from /home/airflow/.local/lib/python3.12/site-packages/airflow/example_dags/example_sla_dag.py
[2024-10-03T06:58:03.603+0000] {processor.py:925} INFO - DAG(s) 'example_sla_dag' retrieved from /home/airflow/.local/lib/python3.12/site-packages/airflow/example_dags/example_sla_dag.py
[2024-10-03T06:58:03.634+0000] {logging_mixin.py:190} INFO - [2024-10-03T06:58:03.633+0000] {dag.py:3239} INFO - Sync 1 DAGs
[2024-10-03T06:58:03.671+0000] {logging_mixin.py:190} INFO - [2024-10-03T06:58:03.671+0000] {dag.py:4180} INFO - Setting next_dagrun for example_sla_dag to 2024-10-03 06:56:00+00:00, run_after=2024-10-03 06:58:00+00:00
[2024-10-03T06:58:03.702+0000] {processor.py:208} INFO - Processing /home/airflow/.local/lib/python3.12/site-packages/airflow/example_dags/example_sla_dag.py took 0.125 seconds
[2024-10-03T06:58:33.966+0000] {processor.py:186} INFO - Started process (PID=823) to work on /home/airflow/.local/lib/python3.12/site-packages/airflow/example_dags/example_sla_dag.py
[2024-10-03T06:58:33.968+0000] {processor.py:914} INFO - Processing file /home/airflow/.local/lib/python3.12/site-packages/airflow/example_dags/example_sla_dag.py for tasks to queue
[2024-10-03T06:58:33.974+0000] {logging_mixin.py:190} INFO - [2024-10-03T06:58:33.973+0000] {dagbag.py:588} INFO - Filling up the DagBag from /home/airflow/.local/lib/python3.12/site-packages/airflow/example_dags/example_sla_dag.py
[2024-10-03T06:58:33.987+0000] {processor.py:925} INFO - DAG(s) 'example_sla_dag' retrieved from /home/airflow/.local/lib/python3.12/site-packages/airflow/example_dags/example_sla_dag.py
[2024-10-03T06:58:34.048+0000] {logging_mixin.py:190} INFO - [2024-10-03T06:58:34.047+0000] {dag.py:3239} INFO - Sync 1 DAGs
[2024-10-03T06:58:34.104+0000] {logging_mixin.py:190} INFO - [2024-10-03T06:58:34.104+0000] {dag.py:4180} INFO - Setting next_dagrun for example_sla_dag to 2024-10-03 06:56:00+00:00, run_after=2024-10-03 06:58:00+00:00
[2024-10-03T06:58:34.137+0000] {processor.py:208} INFO - Processing /home/airflow/.local/lib/python3.12/site-packages/airflow/example_dags/example_sla_dag.py took 0.184 seconds
[2024-10-03T06:59:04.807+0000] {processor.py:186} INFO - Started process (PID=887) to work on /home/airflow/.local/lib/python3.12/site-packages/airflow/example_dags/example_sla_dag.py
[2024-10-03T06:59:04.808+0000] {processor.py:914} INFO - Processing file /home/airflow/.local/lib/python3.12/site-packages/airflow/example_dags/example_sla_dag.py for tasks to queue
[2024-10-03T06:59:04.812+0000] {logging_mixin.py:190} INFO - [2024-10-03T06:59:04.811+0000] {dagbag.py:588} INFO - Filling up the DagBag from /home/airflow/.local/lib/python3.12/site-packages/airflow/example_dags/example_sla_dag.py
[2024-10-03T06:59:04.825+0000] {processor.py:925} INFO - DAG(s) 'example_sla_dag' retrieved from /home/airflow/.local/lib/python3.12/site-packages/airflow/example_dags/example_sla_dag.py
[2024-10-03T06:59:04.847+0000] {logging_mixin.py:190} INFO - [2024-10-03T06:59:04.846+0000] {dag.py:3239} INFO - Sync 1 DAGs
[2024-10-03T06:59:04.877+0000] {logging_mixin.py:190} INFO - [2024-10-03T06:59:04.877+0000] {dag.py:4180} INFO - Setting next_dagrun for example_sla_dag to 2024-10-03 06:56:00+00:00, run_after=2024-10-03 06:58:00+00:00
[2024-10-03T06:59:04.904+0000] {processor.py:208} INFO - Processing /home/airflow/.local/lib/python3.12/site-packages/airflow/example_dags/example_sla_dag.py took 0.104 seconds
[2024-10-03T06:59:36.614+0000] {processor.py:186} INFO - Started process (PID=951) to work on /home/airflow/.local/lib/python3.12/site-packages/airflow/example_dags/example_sla_dag.py
[2024-10-03T06:59:36.620+0000] {processor.py:914} INFO - Processing file /home/airflow/.local/lib/python3.12/site-packages/airflow/example_dags/example_sla_dag.py for tasks to queue
[2024-10-03T06:59:36.645+0000] {logging_mixin.py:190} INFO - [2024-10-03T06:59:36.643+0000] {dagbag.py:588} INFO - Filling up the DagBag from /home/airflow/.local/lib/python3.12/site-packages/airflow/example_dags/example_sla_dag.py
[2024-10-03T06:59:36.954+0000] {processor.py:925} INFO - DAG(s) 'example_sla_dag' retrieved from /home/airflow/.local/lib/python3.12/site-packages/airflow/example_dags/example_sla_dag.py
[2024-10-03T06:59:37.078+0000] {logging_mixin.py:190} INFO - [2024-10-03T06:59:37.077+0000] {dag.py:3239} INFO - Sync 1 DAGs
[2024-10-03T06:59:37.283+0000] {logging_mixin.py:190} INFO - [2024-10-03T06:59:37.282+0000] {dag.py:4180} INFO - Setting next_dagrun for example_sla_dag to 2024-10-03 06:56:00+00:00, run_after=2024-10-03 06:58:00+00:00
[2024-10-03T06:59:37.415+0000] {processor.py:208} INFO - Processing /home/airflow/.local/lib/python3.12/site-packages/airflow/example_dags/example_sla_dag.py took 0.824 seconds
[2024-10-03T07:00:13.765+0000] {processor.py:186} INFO - Started process (PID=1016) to work on /home/airflow/.local/lib/python3.12/site-packages/airflow/example_dags/example_sla_dag.py
[2024-10-03T07:00:13.767+0000] {processor.py:914} INFO - Processing file /home/airflow/.local/lib/python3.12/site-packages/airflow/example_dags/example_sla_dag.py for tasks to queue
[2024-10-03T07:00:13.772+0000] {logging_mixin.py:190} INFO - [2024-10-03T07:00:13.771+0000] {dagbag.py:588} INFO - Filling up the DagBag from /home/airflow/.local/lib/python3.12/site-packages/airflow/example_dags/example_sla_dag.py
[2024-10-03T07:00:13.796+0000] {processor.py:925} INFO - DAG(s) 'example_sla_dag' retrieved from /home/airflow/.local/lib/python3.12/site-packages/airflow/example_dags/example_sla_dag.py
[2024-10-03T07:00:13.830+0000] {logging_mixin.py:190} INFO - [2024-10-03T07:00:13.830+0000] {dag.py:3239} INFO - Sync 1 DAGs
[2024-10-03T07:00:13.873+0000] {logging_mixin.py:190} INFO - [2024-10-03T07:00:13.873+0000] {dag.py:4180} INFO - Setting next_dagrun for example_sla_dag to 2024-10-03 06:58:00+00:00, run_after=2024-10-03 07:00:00+00:00
[2024-10-03T07:00:13.912+0000] {processor.py:208} INFO - Processing /home/airflow/.local/lib/python3.12/site-packages/airflow/example_dags/example_sla_dag.py took 0.159 seconds
[2024-10-03T07:00:44.543+0000] {processor.py:186} INFO - Started process (PID=1080) to work on /home/airflow/.local/lib/python3.12/site-packages/airflow/example_dags/example_sla_dag.py
[2024-10-03T07:00:44.545+0000] {processor.py:914} INFO - Processing file /home/airflow/.local/lib/python3.12/site-packages/airflow/example_dags/example_sla_dag.py for tasks to queue
[2024-10-03T07:00:44.549+0000] {logging_mixin.py:190} INFO - [2024-10-03T07:00:44.548+0000] {dagbag.py:588} INFO - Filling up the DagBag from /home/airflow/.local/lib/python3.12/site-packages/airflow/example_dags/example_sla_dag.py
[2024-10-03T07:00:44.561+0000] {processor.py:925} INFO - DAG(s) 'example_sla_dag' retrieved from /home/airflow/.local/lib/python3.12/site-packages/airflow/example_dags/example_sla_dag.py
[2024-10-03T07:00:44.587+0000] {logging_mixin.py:190} INFO - [2024-10-03T07:00:44.586+0000] {dag.py:3239} INFO - Sync 1 DAGs
[2024-10-03T07:00:44.615+0000] {logging_mixin.py:190} INFO - [2024-10-03T07:00:44.615+0000] {dag.py:4180} INFO - Setting next_dagrun for example_sla_dag to 2024-10-03 06:58:00+00:00, run_after=2024-10-03 07:00:00+00:00
[2024-10-03T07:00:44.638+0000] {processor.py:208} INFO - Processing /home/airflow/.local/lib/python3.12/site-packages/airflow/example_dags/example_sla_dag.py took 0.103 seconds
[2024-10-03T07:01:22.029+0000] {processor.py:186} INFO - Started process (PID=1127) to work on /home/airflow/.local/lib/python3.12/site-packages/airflow/example_dags/example_sla_dag.py
[2024-10-03T07:01:22.032+0000] {processor.py:914} INFO - Processing file /home/airflow/.local/lib/python3.12/site-packages/airflow/example_dags/example_sla_dag.py for tasks to queue
[2024-10-03T07:01:22.036+0000] {logging_mixin.py:190} INFO - [2024-10-03T07:01:22.035+0000] {dagbag.py:588} INFO - Filling up the DagBag from /home/airflow/.local/lib/python3.12/site-packages/airflow/example_dags/example_sla_dag.py
[2024-10-03T07:01:22.059+0000] {processor.py:925} INFO - DAG(s) 'example_sla_dag' retrieved from /home/airflow/.local/lib/python3.12/site-packages/airflow/example_dags/example_sla_dag.py
[2024-10-03T07:01:22.098+0000] {logging_mixin.py:190} INFO - [2024-10-03T07:01:22.097+0000] {dag.py:3239} INFO - Sync 1 DAGs
[2024-10-03T07:01:22.168+0000] {logging_mixin.py:190} INFO - [2024-10-03T07:01:22.168+0000] {dag.py:4180} INFO - Setting next_dagrun for example_sla_dag to 2024-10-03 06:58:00+00:00, run_after=2024-10-03 07:00:00+00:00
[2024-10-03T07:01:22.225+0000] {processor.py:208} INFO - Processing /home/airflow/.local/lib/python3.12/site-packages/airflow/example_dags/example_sla_dag.py took 0.204 seconds
[2024-10-03T07:02:42.234+0000] {processor.py:186} INFO - Started process (PID=1185) to work on /home/airflow/.local/lib/python3.12/site-packages/airflow/example_dags/example_sla_dag.py
[2024-10-03T07:02:42.236+0000] {processor.py:914} INFO - Processing file /home/airflow/.local/lib/python3.12/site-packages/airflow/example_dags/example_sla_dag.py for tasks to queue
[2024-10-03T07:02:42.237+0000] {logging_mixin.py:190} INFO - [2024-10-03T07:02:42.237+0000] {dagbag.py:588} INFO - Filling up the DagBag from /home/airflow/.local/lib/python3.12/site-packages/airflow/example_dags/example_sla_dag.py
[2024-10-03T07:02:42.257+0000] {processor.py:925} INFO - DAG(s) 'example_sla_dag' retrieved from /home/airflow/.local/lib/python3.12/site-packages/airflow/example_dags/example_sla_dag.py
[2024-10-03T07:02:42.284+0000] {logging_mixin.py:190} INFO - [2024-10-03T07:02:42.283+0000] {dag.py:3239} INFO - Sync 1 DAGs
[2024-10-03T07:02:42.323+0000] {logging_mixin.py:190} INFO - [2024-10-03T07:02:42.323+0000] {dag.py:4180} INFO - Setting next_dagrun for example_sla_dag to 2024-10-03 07:00:00+00:00, run_after=2024-10-03 07:02:00+00:00
[2024-10-03T07:02:42.354+0000] {processor.py:208} INFO - Processing /home/airflow/.local/lib/python3.12/site-packages/airflow/example_dags/example_sla_dag.py took 0.125 seconds
[2024-10-03T07:03:12.620+0000] {processor.py:186} INFO - Started process (PID=1248) to work on /home/airflow/.local/lib/python3.12/site-packages/airflow/example_dags/example_sla_dag.py
[2024-10-03T07:03:12.621+0000] {processor.py:914} INFO - Processing file /home/airflow/.local/lib/python3.12/site-packages/airflow/example_dags/example_sla_dag.py for tasks to queue
[2024-10-03T07:03:12.622+0000] {logging_mixin.py:190} INFO - [2024-10-03T07:03:12.622+0000] {dagbag.py:588} INFO - Filling up the DagBag from /home/airflow/.local/lib/python3.12/site-packages/airflow/example_dags/example_sla_dag.py
[2024-10-03T07:03:12.634+0000] {processor.py:925} INFO - DAG(s) 'example_sla_dag' retrieved from /home/airflow/.local/lib/python3.12/site-packages/airflow/example_dags/example_sla_dag.py
[2024-10-03T07:03:12.658+0000] {logging_mixin.py:190} INFO - [2024-10-03T07:03:12.658+0000] {dag.py:3239} INFO - Sync 1 DAGs
[2024-10-03T07:03:12.687+0000] {logging_mixin.py:190} INFO - [2024-10-03T07:03:12.687+0000] {dag.py:4180} INFO - Setting next_dagrun for example_sla_dag to 2024-10-03 07:00:00+00:00, run_after=2024-10-03 07:02:00+00:00
[2024-10-03T07:03:12.716+0000] {processor.py:208} INFO - Processing /home/airflow/.local/lib/python3.12/site-packages/airflow/example_dags/example_sla_dag.py took 0.102 seconds
[2024-10-03T07:03:43.516+0000] {processor.py:186} INFO - Started process (PID=1311) to work on /home/airflow/.local/lib/python3.12/site-packages/airflow/example_dags/example_sla_dag.py
[2024-10-03T07:03:43.517+0000] {processor.py:914} INFO - Processing file /home/airflow/.local/lib/python3.12/site-packages/airflow/example_dags/example_sla_dag.py for tasks to queue
[2024-10-03T07:03:43.518+0000] {logging_mixin.py:190} INFO - [2024-10-03T07:03:43.518+0000] {dagbag.py:588} INFO - Filling up the DagBag from /home/airflow/.local/lib/python3.12/site-packages/airflow/example_dags/example_sla_dag.py
[2024-10-03T07:03:43.532+0000] {processor.py:925} INFO - DAG(s) 'example_sla_dag' retrieved from /home/airflow/.local/lib/python3.12/site-packages/airflow/example_dags/example_sla_dag.py
[2024-10-03T07:03:43.558+0000] {logging_mixin.py:190} INFO - [2024-10-03T07:03:43.558+0000] {dag.py:3239} INFO - Sync 1 DAGs
[2024-10-03T07:03:43.593+0000] {logging_mixin.py:190} INFO - [2024-10-03T07:03:43.593+0000] {dag.py:4180} INFO - Setting next_dagrun for example_sla_dag to 2024-10-03 07:00:00+00:00, run_after=2024-10-03 07:02:00+00:00
[2024-10-03T07:03:43.622+0000] {processor.py:208} INFO - Processing /home/airflow/.local/lib/python3.12/site-packages/airflow/example_dags/example_sla_dag.py took 0.113 seconds
[2024-10-03T07:04:14.851+0000] {processor.py:186} INFO - Started process (PID=1374) to work on /home/airflow/.local/lib/python3.12/site-packages/airflow/example_dags/example_sla_dag.py
[2024-10-03T07:04:14.852+0000] {processor.py:914} INFO - Processing file /home/airflow/.local/lib/python3.12/site-packages/airflow/example_dags/example_sla_dag.py for tasks to queue
[2024-10-03T07:04:14.854+0000] {logging_mixin.py:190} INFO - [2024-10-03T07:04:14.854+0000] {dagbag.py:588} INFO - Filling up the DagBag from /home/airflow/.local/lib/python3.12/site-packages/airflow/example_dags/example_sla_dag.py
[2024-10-03T07:04:14.872+0000] {processor.py:925} INFO - DAG(s) 'example_sla_dag' retrieved from /home/airflow/.local/lib/python3.12/site-packages/airflow/example_dags/example_sla_dag.py
[2024-10-03T07:04:14.906+0000] {logging_mixin.py:190} INFO - [2024-10-03T07:04:14.905+0000] {dag.py:3239} INFO - Sync 1 DAGs
[2024-10-03T07:04:14.955+0000] {logging_mixin.py:190} INFO - [2024-10-03T07:04:14.954+0000] {dag.py:4180} INFO - Setting next_dagrun for example_sla_dag to 2024-10-03 07:02:00+00:00, run_after=2024-10-03 07:04:00+00:00
[2024-10-03T07:04:14.995+0000] {processor.py:208} INFO - Processing /home/airflow/.local/lib/python3.12/site-packages/airflow/example_dags/example_sla_dag.py took 0.152 seconds
[2024-10-03T07:04:45.960+0000] {processor.py:186} INFO - Started process (PID=1437) to work on /home/airflow/.local/lib/python3.12/site-packages/airflow/example_dags/example_sla_dag.py
[2024-10-03T07:04:45.962+0000] {processor.py:914} INFO - Processing file /home/airflow/.local/lib/python3.12/site-packages/airflow/example_dags/example_sla_dag.py for tasks to queue
[2024-10-03T07:04:45.966+0000] {logging_mixin.py:190} INFO - [2024-10-03T07:04:45.965+0000] {dagbag.py:588} INFO - Filling up the DagBag from /home/airflow/.local/lib/python3.12/site-packages/airflow/example_dags/example_sla_dag.py
[2024-10-03T07:04:45.979+0000] {processor.py:925} INFO - DAG(s) 'example_sla_dag' retrieved from /home/airflow/.local/lib/python3.12/site-packages/airflow/example_dags/example_sla_dag.py
[2024-10-03T07:04:46.010+0000] {logging_mixin.py:190} INFO - [2024-10-03T07:04:46.010+0000] {dag.py:3239} INFO - Sync 1 DAGs
[2024-10-03T07:04:46.042+0000] {logging_mixin.py:190} INFO - [2024-10-03T07:04:46.042+0000] {dag.py:4180} INFO - Setting next_dagrun for example_sla_dag to 2024-10-03 07:02:00+00:00, run_after=2024-10-03 07:04:00+00:00
[2024-10-03T07:04:46.076+0000] {processor.py:208} INFO - Processing /home/airflow/.local/lib/python3.12/site-packages/airflow/example_dags/example_sla_dag.py took 0.122 seconds
[2024-10-03T07:05:16.635+0000] {processor.py:186} INFO - Started process (PID=1499) to work on /home/airflow/.local/lib/python3.12/site-packages/airflow/example_dags/example_sla_dag.py
[2024-10-03T07:05:16.637+0000] {processor.py:914} INFO - Processing file /home/airflow/.local/lib/python3.12/site-packages/airflow/example_dags/example_sla_dag.py for tasks to queue
[2024-10-03T07:05:16.640+0000] {logging_mixin.py:190} INFO - [2024-10-03T07:05:16.639+0000] {dagbag.py:588} INFO - Filling up the DagBag from /home/airflow/.local/lib/python3.12/site-packages/airflow/example_dags/example_sla_dag.py
[2024-10-03T07:05:16.659+0000] {processor.py:925} INFO - DAG(s) 'example_sla_dag' retrieved from /home/airflow/.local/lib/python3.12/site-packages/airflow/example_dags/example_sla_dag.py
[2024-10-03T07:05:16.697+0000] {logging_mixin.py:190} INFO - [2024-10-03T07:05:16.697+0000] {dag.py:3239} INFO - Sync 1 DAGs
[2024-10-03T07:05:16.740+0000] {logging_mixin.py:190} INFO - [2024-10-03T07:05:16.739+0000] {dag.py:4180} INFO - Setting next_dagrun for example_sla_dag to 2024-10-03 07:02:00+00:00, run_after=2024-10-03 07:04:00+00:00
[2024-10-03T07:05:16.793+0000] {processor.py:208} INFO - Processing /home/airflow/.local/lib/python3.12/site-packages/airflow/example_dags/example_sla_dag.py took 0.165 seconds
[2024-10-03T07:07:10.637+0000] {processor.py:186} INFO - Started process (PID=1562) to work on /home/airflow/.local/lib/python3.12/site-packages/airflow/example_dags/example_sla_dag.py
[2024-10-03T07:07:10.638+0000] {processor.py:914} INFO - Processing file /home/airflow/.local/lib/python3.12/site-packages/airflow/example_dags/example_sla_dag.py for tasks to queue
[2024-10-03T07:07:10.640+0000] {logging_mixin.py:190} INFO - [2024-10-03T07:07:10.640+0000] {dagbag.py:588} INFO - Filling up the DagBag from /home/airflow/.local/lib/python3.12/site-packages/airflow/example_dags/example_sla_dag.py
[2024-10-03T07:07:10.653+0000] {processor.py:925} INFO - DAG(s) 'example_sla_dag' retrieved from /home/airflow/.local/lib/python3.12/site-packages/airflow/example_dags/example_sla_dag.py
[2024-10-03T07:07:10.697+0000] {logging_mixin.py:190} INFO - [2024-10-03T07:07:10.696+0000] {dag.py:3239} INFO - Sync 1 DAGs
[2024-10-03T07:07:10.743+0000] {logging_mixin.py:190} INFO - [2024-10-03T07:07:10.742+0000] {dag.py:4180} INFO - Setting next_dagrun for example_sla_dag to 2024-10-03 07:04:00+00:00, run_after=2024-10-03 07:06:00+00:00
[2024-10-03T07:07:10.779+0000] {processor.py:208} INFO - Processing /home/airflow/.local/lib/python3.12/site-packages/airflow/example_dags/example_sla_dag.py took 0.149 seconds
[2024-10-03T07:07:41.621+0000] {processor.py:186} INFO - Started process (PID=1625) to work on /home/airflow/.local/lib/python3.12/site-packages/airflow/example_dags/example_sla_dag.py
[2024-10-03T07:07:41.624+0000] {processor.py:914} INFO - Processing file /home/airflow/.local/lib/python3.12/site-packages/airflow/example_dags/example_sla_dag.py for tasks to queue
[2024-10-03T07:07:41.627+0000] {logging_mixin.py:190} INFO - [2024-10-03T07:07:41.626+0000] {dagbag.py:588} INFO - Filling up the DagBag from /home/airflow/.local/lib/python3.12/site-packages/airflow/example_dags/example_sla_dag.py
[2024-10-03T07:07:41.645+0000] {processor.py:925} INFO - DAG(s) 'example_sla_dag' retrieved from /home/airflow/.local/lib/python3.12/site-packages/airflow/example_dags/example_sla_dag.py
[2024-10-03T07:07:41.676+0000] {logging_mixin.py:190} INFO - [2024-10-03T07:07:41.676+0000] {dag.py:3239} INFO - Sync 1 DAGs
[2024-10-03T07:07:41.707+0000] {logging_mixin.py:190} INFO - [2024-10-03T07:07:41.707+0000] {dag.py:4180} INFO - Setting next_dagrun for example_sla_dag to 2024-10-03 07:04:00+00:00, run_after=2024-10-03 07:06:00+00:00
[2024-10-03T07:07:41.730+0000] {processor.py:208} INFO - Processing /home/airflow/.local/lib/python3.12/site-packages/airflow/example_dags/example_sla_dag.py took 0.117 seconds
[2024-10-03T07:08:12.008+0000] {processor.py:186} INFO - Started process (PID=1688) to work on /home/airflow/.local/lib/python3.12/site-packages/airflow/example_dags/example_sla_dag.py
[2024-10-03T07:08:12.017+0000] {processor.py:914} INFO - Processing file /home/airflow/.local/lib/python3.12/site-packages/airflow/example_dags/example_sla_dag.py for tasks to queue
[2024-10-03T07:08:12.023+0000] {logging_mixin.py:190} INFO - [2024-10-03T07:08:12.022+0000] {dagbag.py:588} INFO - Filling up the DagBag from /home/airflow/.local/lib/python3.12/site-packages/airflow/example_dags/example_sla_dag.py
[2024-10-03T07:08:12.064+0000] {processor.py:925} INFO - DAG(s) 'example_sla_dag' retrieved from /home/airflow/.local/lib/python3.12/site-packages/airflow/example_dags/example_sla_dag.py
[2024-10-03T07:08:12.131+0000] {logging_mixin.py:190} INFO - [2024-10-03T07:08:12.130+0000] {dag.py:3239} INFO - Sync 1 DAGs
[2024-10-03T07:08:12.195+0000] {logging_mixin.py:190} INFO - [2024-10-03T07:08:12.195+0000] {dag.py:4180} INFO - Setting next_dagrun for example_sla_dag to 2024-10-03 07:06:00+00:00, run_after=2024-10-03 07:08:00+00:00
[2024-10-03T07:08:12.239+0000] {processor.py:208} INFO - Processing /home/airflow/.local/lib/python3.12/site-packages/airflow/example_dags/example_sla_dag.py took 0.248 seconds
[2024-10-03T07:08:52.817+0000] {processor.py:186} INFO - Started process (PID=1747) to work on /home/airflow/.local/lib/python3.12/site-packages/airflow/example_dags/example_sla_dag.py
[2024-10-03T07:08:52.818+0000] {processor.py:914} INFO - Processing file /home/airflow/.local/lib/python3.12/site-packages/airflow/example_dags/example_sla_dag.py for tasks to queue
[2024-10-03T07:08:52.821+0000] {logging_mixin.py:190} INFO - [2024-10-03T07:08:52.820+0000] {dagbag.py:588} INFO - Filling up the DagBag from /home/airflow/.local/lib/python3.12/site-packages/airflow/example_dags/example_sla_dag.py
[2024-10-03T07:08:52.835+0000] {processor.py:925} INFO - DAG(s) 'example_sla_dag' retrieved from /home/airflow/.local/lib/python3.12/site-packages/airflow/example_dags/example_sla_dag.py
[2024-10-03T07:08:52.861+0000] {logging_mixin.py:190} INFO - [2024-10-03T07:08:52.861+0000] {dag.py:3239} INFO - Sync 1 DAGs
[2024-10-03T07:08:52.894+0000] {logging_mixin.py:190} INFO - [2024-10-03T07:08:52.894+0000] {dag.py:4180} INFO - Setting next_dagrun for example_sla_dag to 2024-10-03 07:06:00+00:00, run_after=2024-10-03 07:08:00+00:00
[2024-10-03T07:08:52.929+0000] {processor.py:208} INFO - Processing /home/airflow/.local/lib/python3.12/site-packages/airflow/example_dags/example_sla_dag.py took 0.119 seconds
[2024-10-03T07:09:23.731+0000] {processor.py:186} INFO - Started process (PID=1810) to work on /home/airflow/.local/lib/python3.12/site-packages/airflow/example_dags/example_sla_dag.py
[2024-10-03T07:09:23.733+0000] {processor.py:914} INFO - Processing file /home/airflow/.local/lib/python3.12/site-packages/airflow/example_dags/example_sla_dag.py for tasks to queue
[2024-10-03T07:09:23.736+0000] {logging_mixin.py:190} INFO - [2024-10-03T07:09:23.735+0000] {dagbag.py:588} INFO - Filling up the DagBag from /home/airflow/.local/lib/python3.12/site-packages/airflow/example_dags/example_sla_dag.py
[2024-10-03T07:09:23.751+0000] {processor.py:925} INFO - DAG(s) 'example_sla_dag' retrieved from /home/airflow/.local/lib/python3.12/site-packages/airflow/example_dags/example_sla_dag.py
[2024-10-03T07:09:23.780+0000] {logging_mixin.py:190} INFO - [2024-10-03T07:09:23.779+0000] {dag.py:3239} INFO - Sync 1 DAGs
[2024-10-03T07:09:23.820+0000] {logging_mixin.py:190} INFO - [2024-10-03T07:09:23.819+0000] {dag.py:4180} INFO - Setting next_dagrun for example_sla_dag to 2024-10-03 07:06:00+00:00, run_after=2024-10-03 07:08:00+00:00
[2024-10-03T07:09:23.856+0000] {processor.py:208} INFO - Processing /home/airflow/.local/lib/python3.12/site-packages/airflow/example_dags/example_sla_dag.py took 0.139 seconds
[2024-10-03T07:09:54.909+0000] {processor.py:186} INFO - Started process (PID=1873) to work on /home/airflow/.local/lib/python3.12/site-packages/airflow/example_dags/example_sla_dag.py
[2024-10-03T07:09:54.911+0000] {processor.py:914} INFO - Processing file /home/airflow/.local/lib/python3.12/site-packages/airflow/example_dags/example_sla_dag.py for tasks to queue
[2024-10-03T07:09:54.912+0000] {logging_mixin.py:190} INFO - [2024-10-03T07:09:54.912+0000] {dagbag.py:588} INFO - Filling up the DagBag from /home/airflow/.local/lib/python3.12/site-packages/airflow/example_dags/example_sla_dag.py
[2024-10-03T07:09:54.923+0000] {processor.py:925} INFO - DAG(s) 'example_sla_dag' retrieved from /home/airflow/.local/lib/python3.12/site-packages/airflow/example_dags/example_sla_dag.py
[2024-10-03T07:09:54.946+0000] {logging_mixin.py:190} INFO - [2024-10-03T07:09:54.946+0000] {dag.py:3239} INFO - Sync 1 DAGs
[2024-10-03T07:09:54.976+0000] {logging_mixin.py:190} INFO - [2024-10-03T07:09:54.975+0000] {dag.py:4180} INFO - Setting next_dagrun for example_sla_dag to 2024-10-03 07:06:00+00:00, run_after=2024-10-03 07:08:00+00:00
[2024-10-03T07:09:55.001+0000] {processor.py:208} INFO - Processing /home/airflow/.local/lib/python3.12/site-packages/airflow/example_dags/example_sla_dag.py took 0.098 seconds
[2024-10-03T07:10:25.239+0000] {processor.py:186} INFO - Started process (PID=1936) to work on /home/airflow/.local/lib/python3.12/site-packages/airflow/example_dags/example_sla_dag.py
[2024-10-03T07:10:25.241+0000] {processor.py:914} INFO - Processing file /home/airflow/.local/lib/python3.12/site-packages/airflow/example_dags/example_sla_dag.py for tasks to queue
[2024-10-03T07:10:25.243+0000] {logging_mixin.py:190} INFO - [2024-10-03T07:10:25.242+0000] {dagbag.py:588} INFO - Filling up the DagBag from /home/airflow/.local/lib/python3.12/site-packages/airflow/example_dags/example_sla_dag.py
[2024-10-03T07:10:25.256+0000] {processor.py:925} INFO - DAG(s) 'example_sla_dag' retrieved from /home/airflow/.local/lib/python3.12/site-packages/airflow/example_dags/example_sla_dag.py
[2024-10-03T07:10:25.283+0000] {logging_mixin.py:190} INFO - [2024-10-03T07:10:25.283+0000] {dag.py:3239} INFO - Sync 1 DAGs
[2024-10-03T07:10:25.317+0000] {logging_mixin.py:190} INFO - [2024-10-03T07:10:25.316+0000] {dag.py:4180} INFO - Setting next_dagrun for example_sla_dag to 2024-10-03 07:08:00+00:00, run_after=2024-10-03 07:10:00+00:00
[2024-10-03T07:10:25.346+0000] {processor.py:208} INFO - Processing /home/airflow/.local/lib/python3.12/site-packages/airflow/example_dags/example_sla_dag.py took 0.114 seconds
[2024-10-03T07:10:55.467+0000] {processor.py:186} INFO - Started process (PID=1999) to work on /home/airflow/.local/lib/python3.12/site-packages/airflow/example_dags/example_sla_dag.py
[2024-10-03T07:10:55.468+0000] {processor.py:914} INFO - Processing file /home/airflow/.local/lib/python3.12/site-packages/airflow/example_dags/example_sla_dag.py for tasks to queue
[2024-10-03T07:10:55.470+0000] {logging_mixin.py:190} INFO - [2024-10-03T07:10:55.470+0000] {dagbag.py:588} INFO - Filling up the DagBag from /home/airflow/.local/lib/python3.12/site-packages/airflow/example_dags/example_sla_dag.py
[2024-10-03T07:10:55.482+0000] {processor.py:925} INFO - DAG(s) 'example_sla_dag' retrieved from /home/airflow/.local/lib/python3.12/site-packages/airflow/example_dags/example_sla_dag.py
[2024-10-03T07:10:55.506+0000] {logging_mixin.py:190} INFO - [2024-10-03T07:10:55.506+0000] {dag.py:3239} INFO - Sync 1 DAGs
[2024-10-03T07:10:55.534+0000] {logging_mixin.py:190} INFO - [2024-10-03T07:10:55.533+0000] {dag.py:4180} INFO - Setting next_dagrun for example_sla_dag to 2024-10-03 07:08:00+00:00, run_after=2024-10-03 07:10:00+00:00
[2024-10-03T07:10:55.561+0000] {processor.py:208} INFO - Processing /home/airflow/.local/lib/python3.12/site-packages/airflow/example_dags/example_sla_dag.py took 0.100 seconds
[2024-10-03T07:11:25.895+0000] {processor.py:186} INFO - Started process (PID=2062) to work on /home/airflow/.local/lib/python3.12/site-packages/airflow/example_dags/example_sla_dag.py
[2024-10-03T07:11:25.897+0000] {processor.py:914} INFO - Processing file /home/airflow/.local/lib/python3.12/site-packages/airflow/example_dags/example_sla_dag.py for tasks to queue
[2024-10-03T07:11:25.899+0000] {logging_mixin.py:190} INFO - [2024-10-03T07:11:25.899+0000] {dagbag.py:588} INFO - Filling up the DagBag from /home/airflow/.local/lib/python3.12/site-packages/airflow/example_dags/example_sla_dag.py
[2024-10-03T07:11:25.910+0000] {processor.py:925} INFO - DAG(s) 'example_sla_dag' retrieved from /home/airflow/.local/lib/python3.12/site-packages/airflow/example_dags/example_sla_dag.py
[2024-10-03T07:11:25.935+0000] {logging_mixin.py:190} INFO - [2024-10-03T07:11:25.935+0000] {dag.py:3239} INFO - Sync 1 DAGs
[2024-10-03T07:11:25.963+0000] {logging_mixin.py:190} INFO - [2024-10-03T07:11:25.963+0000] {dag.py:4180} INFO - Setting next_dagrun for example_sla_dag to 2024-10-03 07:08:00+00:00, run_after=2024-10-03 07:10:00+00:00
[2024-10-03T07:11:25.988+0000] {processor.py:208} INFO - Processing /home/airflow/.local/lib/python3.12/site-packages/airflow/example_dags/example_sla_dag.py took 0.099 seconds
[2024-10-03T07:11:57.036+0000] {processor.py:186} INFO - Started process (PID=2125) to work on /home/airflow/.local/lib/python3.12/site-packages/airflow/example_dags/example_sla_dag.py
[2024-10-03T07:11:57.038+0000] {processor.py:914} INFO - Processing file /home/airflow/.local/lib/python3.12/site-packages/airflow/example_dags/example_sla_dag.py for tasks to queue
[2024-10-03T07:11:57.040+0000] {logging_mixin.py:190} INFO - [2024-10-03T07:11:57.040+0000] {dagbag.py:588} INFO - Filling up the DagBag from /home/airflow/.local/lib/python3.12/site-packages/airflow/example_dags/example_sla_dag.py
[2024-10-03T07:11:57.053+0000] {processor.py:925} INFO - DAG(s) 'example_sla_dag' retrieved from /home/airflow/.local/lib/python3.12/site-packages/airflow/example_dags/example_sla_dag.py
[2024-10-03T07:11:57.084+0000] {logging_mixin.py:190} INFO - [2024-10-03T07:11:57.084+0000] {dag.py:3239} INFO - Sync 1 DAGs
[2024-10-03T07:11:57.117+0000] {logging_mixin.py:190} INFO - [2024-10-03T07:11:57.117+0000] {dag.py:4180} INFO - Setting next_dagrun for example_sla_dag to 2024-10-03 07:08:00+00:00, run_after=2024-10-03 07:10:00+00:00
[2024-10-03T07:11:57.147+0000] {processor.py:208} INFO - Processing /home/airflow/.local/lib/python3.12/site-packages/airflow/example_dags/example_sla_dag.py took 0.121 seconds
[2024-10-03T07:12:27.665+0000] {processor.py:186} INFO - Started process (PID=2188) to work on /home/airflow/.local/lib/python3.12/site-packages/airflow/example_dags/example_sla_dag.py
[2024-10-03T07:12:27.666+0000] {processor.py:914} INFO - Processing file /home/airflow/.local/lib/python3.12/site-packages/airflow/example_dags/example_sla_dag.py for tasks to queue
[2024-10-03T07:12:27.668+0000] {logging_mixin.py:190} INFO - [2024-10-03T07:12:27.668+0000] {dagbag.py:588} INFO - Filling up the DagBag from /home/airflow/.local/lib/python3.12/site-packages/airflow/example_dags/example_sla_dag.py
[2024-10-03T07:12:27.682+0000] {processor.py:925} INFO - DAG(s) 'example_sla_dag' retrieved from /home/airflow/.local/lib/python3.12/site-packages/airflow/example_dags/example_sla_dag.py
[2024-10-03T07:12:27.708+0000] {logging_mixin.py:190} INFO - [2024-10-03T07:12:27.708+0000] {dag.py:3239} INFO - Sync 1 DAGs
[2024-10-03T07:12:27.738+0000] {logging_mixin.py:190} INFO - [2024-10-03T07:12:27.738+0000] {dag.py:4180} INFO - Setting next_dagrun for example_sla_dag to 2024-10-03 07:10:00+00:00, run_after=2024-10-03 07:12:00+00:00
[2024-10-03T07:12:27.766+0000] {processor.py:208} INFO - Processing /home/airflow/.local/lib/python3.12/site-packages/airflow/example_dags/example_sla_dag.py took 0.108 seconds
[2024-10-03T07:12:59.423+0000] {processor.py:186} INFO - Started process (PID=2251) to work on /home/airflow/.local/lib/python3.12/site-packages/airflow/example_dags/example_sla_dag.py
[2024-10-03T07:12:59.426+0000] {processor.py:914} INFO - Processing file /home/airflow/.local/lib/python3.12/site-packages/airflow/example_dags/example_sla_dag.py for tasks to queue
[2024-10-03T07:12:59.429+0000] {logging_mixin.py:190} INFO - [2024-10-03T07:12:59.428+0000] {dagbag.py:588} INFO - Filling up the DagBag from /home/airflow/.local/lib/python3.12/site-packages/airflow/example_dags/example_sla_dag.py
[2024-10-03T07:12:59.443+0000] {processor.py:925} INFO - DAG(s) 'example_sla_dag' retrieved from /home/airflow/.local/lib/python3.12/site-packages/airflow/example_dags/example_sla_dag.py
[2024-10-03T07:12:59.477+0000] {logging_mixin.py:190} INFO - [2024-10-03T07:12:59.476+0000] {dag.py:3239} INFO - Sync 1 DAGs
[2024-10-03T07:12:59.522+0000] {logging_mixin.py:190} INFO - [2024-10-03T07:12:59.522+0000] {dag.py:4180} INFO - Setting next_dagrun for example_sla_dag to 2024-10-03 07:10:00+00:00, run_after=2024-10-03 07:12:00+00:00
[2024-10-03T07:12:59.565+0000] {processor.py:208} INFO - Processing /home/airflow/.local/lib/python3.12/site-packages/airflow/example_dags/example_sla_dag.py took 0.149 seconds
[2024-10-03T07:13:29.896+0000] {processor.py:186} INFO - Started process (PID=2314) to work on /home/airflow/.local/lib/python3.12/site-packages/airflow/example_dags/example_sla_dag.py
[2024-10-03T07:13:29.899+0000] {processor.py:914} INFO - Processing file /home/airflow/.local/lib/python3.12/site-packages/airflow/example_dags/example_sla_dag.py for tasks to queue
[2024-10-03T07:13:29.901+0000] {logging_mixin.py:190} INFO - [2024-10-03T07:13:29.901+0000] {dagbag.py:588} INFO - Filling up the DagBag from /home/airflow/.local/lib/python3.12/site-packages/airflow/example_dags/example_sla_dag.py
[2024-10-03T07:13:29.913+0000] {processor.py:925} INFO - DAG(s) 'example_sla_dag' retrieved from /home/airflow/.local/lib/python3.12/site-packages/airflow/example_dags/example_sla_dag.py
[2024-10-03T07:13:29.939+0000] {logging_mixin.py:190} INFO - [2024-10-03T07:13:29.938+0000] {dag.py:3239} INFO - Sync 1 DAGs
[2024-10-03T07:13:29.971+0000] {logging_mixin.py:190} INFO - [2024-10-03T07:13:29.971+0000] {dag.py:4180} INFO - Setting next_dagrun for example_sla_dag to 2024-10-03 07:10:00+00:00, run_after=2024-10-03 07:12:00+00:00
[2024-10-03T07:13:30.000+0000] {processor.py:208} INFO - Processing /home/airflow/.local/lib/python3.12/site-packages/airflow/example_dags/example_sla_dag.py took 0.111 seconds
[2024-10-03T07:14:02.607+0000] {processor.py:186} INFO - Started process (PID=2377) to work on /home/airflow/.local/lib/python3.12/site-packages/airflow/example_dags/example_sla_dag.py
[2024-10-03T07:14:02.609+0000] {processor.py:914} INFO - Processing file /home/airflow/.local/lib/python3.12/site-packages/airflow/example_dags/example_sla_dag.py for tasks to queue
[2024-10-03T07:14:02.611+0000] {logging_mixin.py:190} INFO - [2024-10-03T07:14:02.610+0000] {dagbag.py:588} INFO - Filling up the DagBag from /home/airflow/.local/lib/python3.12/site-packages/airflow/example_dags/example_sla_dag.py
[2024-10-03T07:14:02.626+0000] {processor.py:925} INFO - DAG(s) 'example_sla_dag' retrieved from /home/airflow/.local/lib/python3.12/site-packages/airflow/example_dags/example_sla_dag.py
[2024-10-03T07:14:02.655+0000] {logging_mixin.py:190} INFO - [2024-10-03T07:14:02.655+0000] {dag.py:3239} INFO - Sync 1 DAGs
[2024-10-03T07:14:02.687+0000] {logging_mixin.py:190} INFO - [2024-10-03T07:14:02.687+0000] {dag.py:4180} INFO - Setting next_dagrun for example_sla_dag to 2024-10-03 07:12:00+00:00, run_after=2024-10-03 07:14:00+00:00
[2024-10-03T07:14:02.720+0000] {processor.py:208} INFO - Processing /home/airflow/.local/lib/python3.12/site-packages/airflow/example_dags/example_sla_dag.py took 0.120 seconds
[2024-10-03T07:14:33.201+0000] {processor.py:186} INFO - Started process (PID=2440) to work on /home/airflow/.local/lib/python3.12/site-packages/airflow/example_dags/example_sla_dag.py
[2024-10-03T07:14:33.203+0000] {processor.py:914} INFO - Processing file /home/airflow/.local/lib/python3.12/site-packages/airflow/example_dags/example_sla_dag.py for tasks to queue
[2024-10-03T07:14:33.207+0000] {logging_mixin.py:190} INFO - [2024-10-03T07:14:33.205+0000] {dagbag.py:588} INFO - Filling up the DagBag from /home/airflow/.local/lib/python3.12/site-packages/airflow/example_dags/example_sla_dag.py
[2024-10-03T07:14:33.223+0000] {processor.py:925} INFO - DAG(s) 'example_sla_dag' retrieved from /home/airflow/.local/lib/python3.12/site-packages/airflow/example_dags/example_sla_dag.py
[2024-10-03T07:14:33.249+0000] {logging_mixin.py:190} INFO - [2024-10-03T07:14:33.249+0000] {dag.py:3239} INFO - Sync 1 DAGs
[2024-10-03T07:14:33.287+0000] {logging_mixin.py:190} INFO - [2024-10-03T07:14:33.287+0000] {dag.py:4180} INFO - Setting next_dagrun for example_sla_dag to 2024-10-03 07:12:00+00:00, run_after=2024-10-03 07:14:00+00:00
[2024-10-03T07:14:33.314+0000] {processor.py:208} INFO - Processing /home/airflow/.local/lib/python3.12/site-packages/airflow/example_dags/example_sla_dag.py took 0.121 seconds
[2024-10-03T07:15:03.738+0000] {processor.py:186} INFO - Started process (PID=2503) to work on /home/airflow/.local/lib/python3.12/site-packages/airflow/example_dags/example_sla_dag.py
[2024-10-03T07:15:03.739+0000] {processor.py:914} INFO - Processing file /home/airflow/.local/lib/python3.12/site-packages/airflow/example_dags/example_sla_dag.py for tasks to queue
[2024-10-03T07:15:03.741+0000] {logging_mixin.py:190} INFO - [2024-10-03T07:15:03.740+0000] {dagbag.py:588} INFO - Filling up the DagBag from /home/airflow/.local/lib/python3.12/site-packages/airflow/example_dags/example_sla_dag.py
[2024-10-03T07:15:03.752+0000] {processor.py:925} INFO - DAG(s) 'example_sla_dag' retrieved from /home/airflow/.local/lib/python3.12/site-packages/airflow/example_dags/example_sla_dag.py
[2024-10-03T07:15:03.778+0000] {logging_mixin.py:190} INFO - [2024-10-03T07:15:03.777+0000] {dag.py:3239} INFO - Sync 1 DAGs
[2024-10-03T07:15:03.810+0000] {logging_mixin.py:190} INFO - [2024-10-03T07:15:03.810+0000] {dag.py:4180} INFO - Setting next_dagrun for example_sla_dag to 2024-10-03 07:12:00+00:00, run_after=2024-10-03 07:14:00+00:00
[2024-10-03T07:15:03.839+0000] {processor.py:208} INFO - Processing /home/airflow/.local/lib/python3.12/site-packages/airflow/example_dags/example_sla_dag.py took 0.108 seconds
[2024-10-03T07:15:34.338+0000] {processor.py:186} INFO - Started process (PID=2566) to work on /home/airflow/.local/lib/python3.12/site-packages/airflow/example_dags/example_sla_dag.py
[2024-10-03T07:15:34.340+0000] {processor.py:914} INFO - Processing file /home/airflow/.local/lib/python3.12/site-packages/airflow/example_dags/example_sla_dag.py for tasks to queue
[2024-10-03T07:15:34.342+0000] {logging_mixin.py:190} INFO - [2024-10-03T07:15:34.342+0000] {dagbag.py:588} INFO - Filling up the DagBag from /home/airflow/.local/lib/python3.12/site-packages/airflow/example_dags/example_sla_dag.py
[2024-10-03T07:15:34.356+0000] {processor.py:925} INFO - DAG(s) 'example_sla_dag' retrieved from /home/airflow/.local/lib/python3.12/site-packages/airflow/example_dags/example_sla_dag.py
[2024-10-03T07:15:34.383+0000] {logging_mixin.py:190} INFO - [2024-10-03T07:15:34.382+0000] {dag.py:3239} INFO - Sync 1 DAGs
[2024-10-03T07:15:34.413+0000] {logging_mixin.py:190} INFO - [2024-10-03T07:15:34.412+0000] {dag.py:4180} INFO - Setting next_dagrun for example_sla_dag to 2024-10-03 07:12:00+00:00, run_after=2024-10-03 07:14:00+00:00
[2024-10-03T07:15:34.440+0000] {processor.py:208} INFO - Processing /home/airflow/.local/lib/python3.12/site-packages/airflow/example_dags/example_sla_dag.py took 0.112 seconds
[2024-10-03T07:16:05.117+0000] {processor.py:186} INFO - Started process (PID=2629) to work on /home/airflow/.local/lib/python3.12/site-packages/airflow/example_dags/example_sla_dag.py
[2024-10-03T07:16:05.119+0000] {processor.py:914} INFO - Processing file /home/airflow/.local/lib/python3.12/site-packages/airflow/example_dags/example_sla_dag.py for tasks to queue
[2024-10-03T07:16:05.120+0000] {logging_mixin.py:190} INFO - [2024-10-03T07:16:05.120+0000] {dagbag.py:588} INFO - Filling up the DagBag from /home/airflow/.local/lib/python3.12/site-packages/airflow/example_dags/example_sla_dag.py
[2024-10-03T07:16:05.131+0000] {processor.py:925} INFO - DAG(s) 'example_sla_dag' retrieved from /home/airflow/.local/lib/python3.12/site-packages/airflow/example_dags/example_sla_dag.py
[2024-10-03T07:16:05.154+0000] {logging_mixin.py:190} INFO - [2024-10-03T07:16:05.154+0000] {dag.py:3239} INFO - Sync 1 DAGs
[2024-10-03T07:16:05.180+0000] {logging_mixin.py:190} INFO - [2024-10-03T07:16:05.180+0000] {dag.py:4180} INFO - Setting next_dagrun for example_sla_dag to 2024-10-03 07:14:00+00:00, run_after=2024-10-03 07:16:00+00:00
[2024-10-03T07:16:05.207+0000] {processor.py:208} INFO - Processing /home/airflow/.local/lib/python3.12/site-packages/airflow/example_dags/example_sla_dag.py took 0.096 seconds
[2024-10-03T07:16:36.604+0000] {processor.py:186} INFO - Started process (PID=2692) to work on /home/airflow/.local/lib/python3.12/site-packages/airflow/example_dags/example_sla_dag.py
[2024-10-03T07:16:36.606+0000] {processor.py:914} INFO - Processing file /home/airflow/.local/lib/python3.12/site-packages/airflow/example_dags/example_sla_dag.py for tasks to queue
[2024-10-03T07:16:36.609+0000] {logging_mixin.py:190} INFO - [2024-10-03T07:16:36.608+0000] {dagbag.py:588} INFO - Filling up the DagBag from /home/airflow/.local/lib/python3.12/site-packages/airflow/example_dags/example_sla_dag.py
[2024-10-03T07:16:36.625+0000] {processor.py:925} INFO - DAG(s) 'example_sla_dag' retrieved from /home/airflow/.local/lib/python3.12/site-packages/airflow/example_dags/example_sla_dag.py
[2024-10-03T07:16:36.677+0000] {logging_mixin.py:190} INFO - [2024-10-03T07:16:36.676+0000] {dag.py:3239} INFO - Sync 1 DAGs
[2024-10-03T07:16:36.744+0000] {logging_mixin.py:190} INFO - [2024-10-03T07:16:36.744+0000] {dag.py:4180} INFO - Setting next_dagrun for example_sla_dag to 2024-10-03 07:14:00+00:00, run_after=2024-10-03 07:16:00+00:00
[2024-10-03T07:16:36.780+0000] {processor.py:208} INFO - Processing /home/airflow/.local/lib/python3.12/site-packages/airflow/example_dags/example_sla_dag.py took 0.186 seconds
[2024-10-03T07:17:07.680+0000] {processor.py:186} INFO - Started process (PID=2755) to work on /home/airflow/.local/lib/python3.12/site-packages/airflow/example_dags/example_sla_dag.py
[2024-10-03T07:17:07.683+0000] {processor.py:914} INFO - Processing file /home/airflow/.local/lib/python3.12/site-packages/airflow/example_dags/example_sla_dag.py for tasks to queue
[2024-10-03T07:17:07.685+0000] {logging_mixin.py:190} INFO - [2024-10-03T07:17:07.684+0000] {dagbag.py:588} INFO - Filling up the DagBag from /home/airflow/.local/lib/python3.12/site-packages/airflow/example_dags/example_sla_dag.py
[2024-10-03T07:17:07.696+0000] {processor.py:925} INFO - DAG(s) 'example_sla_dag' retrieved from /home/airflow/.local/lib/python3.12/site-packages/airflow/example_dags/example_sla_dag.py
[2024-10-03T07:17:07.719+0000] {logging_mixin.py:190} INFO - [2024-10-03T07:17:07.718+0000] {dag.py:3239} INFO - Sync 1 DAGs
[2024-10-03T07:17:07.750+0000] {logging_mixin.py:190} INFO - [2024-10-03T07:17:07.750+0000] {dag.py:4180} INFO - Setting next_dagrun for example_sla_dag to 2024-10-03 07:14:00+00:00, run_after=2024-10-03 07:16:00+00:00
[2024-10-03T07:17:07.777+0000] {processor.py:208} INFO - Processing /home/airflow/.local/lib/python3.12/site-packages/airflow/example_dags/example_sla_dag.py took 0.104 seconds
[2024-10-03T07:17:38.475+0000] {processor.py:186} INFO - Started process (PID=2818) to work on /home/airflow/.local/lib/python3.12/site-packages/airflow/example_dags/example_sla_dag.py
[2024-10-03T07:17:38.476+0000] {processor.py:914} INFO - Processing file /home/airflow/.local/lib/python3.12/site-packages/airflow/example_dags/example_sla_dag.py for tasks to queue
[2024-10-03T07:17:38.478+0000] {logging_mixin.py:190} INFO - [2024-10-03T07:17:38.478+0000] {dagbag.py:588} INFO - Filling up the DagBag from /home/airflow/.local/lib/python3.12/site-packages/airflow/example_dags/example_sla_dag.py
[2024-10-03T07:17:38.488+0000] {processor.py:925} INFO - DAG(s) 'example_sla_dag' retrieved from /home/airflow/.local/lib/python3.12/site-packages/airflow/example_dags/example_sla_dag.py
[2024-10-03T07:17:38.512+0000] {logging_mixin.py:190} INFO - [2024-10-03T07:17:38.512+0000] {dag.py:3239} INFO - Sync 1 DAGs
[2024-10-03T07:17:38.542+0000] {logging_mixin.py:190} INFO - [2024-10-03T07:17:38.542+0000] {dag.py:4180} INFO - Setting next_dagrun for example_sla_dag to 2024-10-03 07:14:00+00:00, run_after=2024-10-03 07:16:00+00:00
[2024-10-03T07:17:38.568+0000] {processor.py:208} INFO - Processing /home/airflow/.local/lib/python3.12/site-packages/airflow/example_dags/example_sla_dag.py took 0.100 seconds
[2024-10-03T07:18:09.188+0000] {processor.py:186} INFO - Started process (PID=2881) to work on /home/airflow/.local/lib/python3.12/site-packages/airflow/example_dags/example_sla_dag.py
[2024-10-03T07:18:09.190+0000] {processor.py:914} INFO - Processing file /home/airflow/.local/lib/python3.12/site-packages/airflow/example_dags/example_sla_dag.py for tasks to queue
[2024-10-03T07:18:09.192+0000] {logging_mixin.py:190} INFO - [2024-10-03T07:18:09.191+0000] {dagbag.py:588} INFO - Filling up the DagBag from /home/airflow/.local/lib/python3.12/site-packages/airflow/example_dags/example_sla_dag.py
[2024-10-03T07:18:09.205+0000] {processor.py:925} INFO - DAG(s) 'example_sla_dag' retrieved from /home/airflow/.local/lib/python3.12/site-packages/airflow/example_dags/example_sla_dag.py
[2024-10-03T07:18:09.226+0000] {logging_mixin.py:190} INFO - [2024-10-03T07:18:09.226+0000] {dag.py:3239} INFO - Sync 1 DAGs
[2024-10-03T07:18:09.255+0000] {logging_mixin.py:190} INFO - [2024-10-03T07:18:09.254+0000] {dag.py:4180} INFO - Setting next_dagrun for example_sla_dag to 2024-10-03 07:16:00+00:00, run_after=2024-10-03 07:18:00+00:00
[2024-10-03T07:18:09.279+0000] {processor.py:208} INFO - Processing /home/airflow/.local/lib/python3.12/site-packages/airflow/example_dags/example_sla_dag.py took 0.098 seconds
[2024-10-03T07:18:40.069+0000] {processor.py:186} INFO - Started process (PID=2944) to work on /home/airflow/.local/lib/python3.12/site-packages/airflow/example_dags/example_sla_dag.py
[2024-10-03T07:18:40.070+0000] {processor.py:914} INFO - Processing file /home/airflow/.local/lib/python3.12/site-packages/airflow/example_dags/example_sla_dag.py for tasks to queue
[2024-10-03T07:18:40.072+0000] {logging_mixin.py:190} INFO - [2024-10-03T07:18:40.072+0000] {dagbag.py:588} INFO - Filling up the DagBag from /home/airflow/.local/lib/python3.12/site-packages/airflow/example_dags/example_sla_dag.py
[2024-10-03T07:18:40.084+0000] {processor.py:925} INFO - DAG(s) 'example_sla_dag' retrieved from /home/airflow/.local/lib/python3.12/site-packages/airflow/example_dags/example_sla_dag.py
[2024-10-03T07:18:40.107+0000] {logging_mixin.py:190} INFO - [2024-10-03T07:18:40.106+0000] {dag.py:3239} INFO - Sync 1 DAGs
[2024-10-03T07:18:40.138+0000] {logging_mixin.py:190} INFO - [2024-10-03T07:18:40.137+0000] {dag.py:4180} INFO - Setting next_dagrun for example_sla_dag to 2024-10-03 07:16:00+00:00, run_after=2024-10-03 07:18:00+00:00
[2024-10-03T07:18:40.164+0000] {processor.py:208} INFO - Processing /home/airflow/.local/lib/python3.12/site-packages/airflow/example_dags/example_sla_dag.py took 0.103 seconds
