[2024-10-03T06:34:05.098+0000] {processor.py:157} INFO - Started process (PID=137) to work on /home/airflow/.local/lib/python3.8/site-packages/airflow/example_dags/example_xcom.py
[2024-10-03T06:34:05.100+0000] {processor.py:829} INFO - Processing file /home/airflow/.local/lib/python3.8/site-packages/airflow/example_dags/example_xcom.py for tasks to queue
[2024-10-03T06:34:05.104+0000] {logging_mixin.py:151} INFO - [2024-10-03T06:34:05.104+0000] {dagbag.py:539} INFO - Filling up the DagBag from /home/airflow/.local/lib/python3.8/site-packages/airflow/example_dags/example_xcom.py
[2024-10-03T06:34:05.120+0000] {processor.py:839} INFO - DAG(s) dict_keys(['example_xcom']) retrieved from /home/airflow/.local/lib/python3.8/site-packages/airflow/example_dags/example_xcom.py
[2024-10-03T06:34:05.320+0000] {logging_mixin.py:151} INFO - [2024-10-03T06:34:05.319+0000] {manager.py:501} INFO - Created Permission View: can delete on DAG:example_xcom
[2024-10-03T06:34:05.349+0000] {logging_mixin.py:151} INFO - [2024-10-03T06:34:05.349+0000] {manager.py:501} INFO - Created Permission View: can read on DAG:example_xcom
[2024-10-03T06:34:05.365+0000] {logging_mixin.py:151} INFO - [2024-10-03T06:34:05.365+0000] {manager.py:501} INFO - Created Permission View: can edit on DAG:example_xcom
[2024-10-03T06:34:05.387+0000] {logging_mixin.py:151} INFO - [2024-10-03T06:34:05.386+0000] {dag.py:2907} INFO - Sync 1 DAGs
[2024-10-03T06:34:05.401+0000] {logging_mixin.py:151} INFO - [2024-10-03T06:34:05.401+0000] {dag.py:2929} INFO - Creating ORM DAG for example_xcom
[2024-10-03T06:34:05.415+0000] {logging_mixin.py:151} INFO - [2024-10-03T06:34:05.415+0000] {dag.py:3677} INFO - Setting next_dagrun for example_xcom to 2021-01-01T00:00:00+00:00, run_after=2021-01-01T00:00:00+00:00
[2024-10-03T06:34:05.447+0000] {processor.py:179} INFO - Processing /home/airflow/.local/lib/python3.8/site-packages/airflow/example_dags/example_xcom.py took 0.354 seconds
[2024-10-03T06:34:36.095+0000] {processor.py:157} INFO - Started process (PID=195) to work on /home/airflow/.local/lib/python3.8/site-packages/airflow/example_dags/example_xcom.py
[2024-10-03T06:34:36.097+0000] {processor.py:829} INFO - Processing file /home/airflow/.local/lib/python3.8/site-packages/airflow/example_dags/example_xcom.py for tasks to queue
[2024-10-03T06:34:36.100+0000] {logging_mixin.py:151} INFO - [2024-10-03T06:34:36.100+0000] {dagbag.py:539} INFO - Filling up the DagBag from /home/airflow/.local/lib/python3.8/site-packages/airflow/example_dags/example_xcom.py
[2024-10-03T06:34:36.111+0000] {processor.py:839} INFO - DAG(s) dict_keys(['example_xcom']) retrieved from /home/airflow/.local/lib/python3.8/site-packages/airflow/example_dags/example_xcom.py
[2024-10-03T06:34:36.153+0000] {logging_mixin.py:151} INFO - [2024-10-03T06:34:36.152+0000] {dag.py:2907} INFO - Sync 1 DAGs
[2024-10-03T06:34:36.193+0000] {logging_mixin.py:151} INFO - [2024-10-03T06:34:36.193+0000] {dag.py:3677} INFO - Setting next_dagrun for example_xcom to 2021-01-01T00:00:00+00:00, run_after=2021-01-01T00:00:00+00:00
[2024-10-03T06:34:36.241+0000] {processor.py:179} INFO - Processing /home/airflow/.local/lib/python3.8/site-packages/airflow/example_dags/example_xcom.py took 0.150 seconds
[2024-10-03T06:35:06.402+0000] {processor.py:157} INFO - Started process (PID=253) to work on /home/airflow/.local/lib/python3.8/site-packages/airflow/example_dags/example_xcom.py
[2024-10-03T06:35:06.404+0000] {processor.py:829} INFO - Processing file /home/airflow/.local/lib/python3.8/site-packages/airflow/example_dags/example_xcom.py for tasks to queue
[2024-10-03T06:35:06.408+0000] {logging_mixin.py:151} INFO - [2024-10-03T06:35:06.407+0000] {dagbag.py:539} INFO - Filling up the DagBag from /home/airflow/.local/lib/python3.8/site-packages/airflow/example_dags/example_xcom.py
[2024-10-03T06:35:06.421+0000] {processor.py:839} INFO - DAG(s) dict_keys(['example_xcom']) retrieved from /home/airflow/.local/lib/python3.8/site-packages/airflow/example_dags/example_xcom.py
[2024-10-03T06:35:06.460+0000] {logging_mixin.py:151} INFO - [2024-10-03T06:35:06.460+0000] {dag.py:2907} INFO - Sync 1 DAGs
[2024-10-03T06:35:06.506+0000] {logging_mixin.py:151} INFO - [2024-10-03T06:35:06.505+0000] {dag.py:3677} INFO - Setting next_dagrun for example_xcom to 2021-01-01T00:00:00+00:00, run_after=2021-01-01T00:00:00+00:00
[2024-10-03T06:35:06.546+0000] {processor.py:179} INFO - Processing /home/airflow/.local/lib/python3.8/site-packages/airflow/example_dags/example_xcom.py took 0.149 seconds
[2024-10-03T06:35:36.910+0000] {processor.py:157} INFO - Started process (PID=310) to work on /home/airflow/.local/lib/python3.8/site-packages/airflow/example_dags/example_xcom.py
[2024-10-03T06:35:36.914+0000] {processor.py:829} INFO - Processing file /home/airflow/.local/lib/python3.8/site-packages/airflow/example_dags/example_xcom.py for tasks to queue
[2024-10-03T06:35:36.920+0000] {logging_mixin.py:151} INFO - [2024-10-03T06:35:36.919+0000] {dagbag.py:539} INFO - Filling up the DagBag from /home/airflow/.local/lib/python3.8/site-packages/airflow/example_dags/example_xcom.py
[2024-10-03T06:35:36.937+0000] {processor.py:839} INFO - DAG(s) dict_keys(['example_xcom']) retrieved from /home/airflow/.local/lib/python3.8/site-packages/airflow/example_dags/example_xcom.py
[2024-10-03T06:35:36.983+0000] {logging_mixin.py:151} INFO - [2024-10-03T06:35:36.983+0000] {dag.py:2907} INFO - Sync 1 DAGs
[2024-10-03T06:35:37.028+0000] {logging_mixin.py:151} INFO - [2024-10-03T06:35:37.027+0000] {dag.py:3677} INFO - Setting next_dagrun for example_xcom to 2021-01-01T00:00:00+00:00, run_after=2021-01-01T00:00:00+00:00
[2024-10-03T06:35:37.074+0000] {processor.py:179} INFO - Processing /home/airflow/.local/lib/python3.8/site-packages/airflow/example_dags/example_xcom.py took 0.172 seconds
[2024-10-03T06:36:07.845+0000] {processor.py:157} INFO - Started process (PID=371) to work on /home/airflow/.local/lib/python3.8/site-packages/airflow/example_dags/example_xcom.py
[2024-10-03T06:36:07.848+0000] {processor.py:829} INFO - Processing file /home/airflow/.local/lib/python3.8/site-packages/airflow/example_dags/example_xcom.py for tasks to queue
[2024-10-03T06:36:07.851+0000] {logging_mixin.py:151} INFO - [2024-10-03T06:36:07.851+0000] {dagbag.py:539} INFO - Filling up the DagBag from /home/airflow/.local/lib/python3.8/site-packages/airflow/example_dags/example_xcom.py
[2024-10-03T06:36:07.864+0000] {processor.py:839} INFO - DAG(s) dict_keys(['example_xcom']) retrieved from /home/airflow/.local/lib/python3.8/site-packages/airflow/example_dags/example_xcom.py
[2024-10-03T06:36:07.908+0000] {logging_mixin.py:151} INFO - [2024-10-03T06:36:07.907+0000] {dag.py:2907} INFO - Sync 1 DAGs
[2024-10-03T06:36:07.950+0000] {logging_mixin.py:151} INFO - [2024-10-03T06:36:07.950+0000] {dag.py:3677} INFO - Setting next_dagrun for example_xcom to 2021-01-01T00:00:00+00:00, run_after=2021-01-01T00:00:00+00:00
[2024-10-03T06:36:07.991+0000] {processor.py:179} INFO - Processing /home/airflow/.local/lib/python3.8/site-packages/airflow/example_dags/example_xcom.py took 0.151 seconds
[2024-10-03T06:36:38.258+0000] {processor.py:157} INFO - Started process (PID=427) to work on /home/airflow/.local/lib/python3.8/site-packages/airflow/example_dags/example_xcom.py
[2024-10-03T06:36:38.261+0000] {processor.py:829} INFO - Processing file /home/airflow/.local/lib/python3.8/site-packages/airflow/example_dags/example_xcom.py for tasks to queue
[2024-10-03T06:36:38.267+0000] {logging_mixin.py:151} INFO - [2024-10-03T06:36:38.266+0000] {dagbag.py:539} INFO - Filling up the DagBag from /home/airflow/.local/lib/python3.8/site-packages/airflow/example_dags/example_xcom.py
[2024-10-03T06:36:38.296+0000] {processor.py:839} INFO - DAG(s) dict_keys(['example_xcom']) retrieved from /home/airflow/.local/lib/python3.8/site-packages/airflow/example_dags/example_xcom.py
[2024-10-03T06:36:38.405+0000] {logging_mixin.py:151} INFO - [2024-10-03T06:36:38.404+0000] {dag.py:2907} INFO - Sync 1 DAGs
[2024-10-03T06:36:38.482+0000] {logging_mixin.py:151} INFO - [2024-10-03T06:36:38.481+0000] {dag.py:3677} INFO - Setting next_dagrun for example_xcom to 2021-01-01T00:00:00+00:00, run_after=2021-01-01T00:00:00+00:00
[2024-10-03T06:36:38.527+0000] {processor.py:179} INFO - Processing /home/airflow/.local/lib/python3.8/site-packages/airflow/example_dags/example_xcom.py took 0.275 seconds
[2024-10-03T06:41:27.056+0000] {processor.py:157} INFO - Started process (PID=123) to work on /home/airflow/.local/lib/python3.8/site-packages/airflow/example_dags/example_xcom.py
[2024-10-03T06:41:27.059+0000] {processor.py:829} INFO - Processing file /home/airflow/.local/lib/python3.8/site-packages/airflow/example_dags/example_xcom.py for tasks to queue
[2024-10-03T06:41:27.066+0000] {logging_mixin.py:151} INFO - [2024-10-03T06:41:27.065+0000] {dagbag.py:539} INFO - Filling up the DagBag from /home/airflow/.local/lib/python3.8/site-packages/airflow/example_dags/example_xcom.py
[2024-10-03T06:41:27.087+0000] {processor.py:839} INFO - DAG(s) dict_keys(['example_xcom']) retrieved from /home/airflow/.local/lib/python3.8/site-packages/airflow/example_dags/example_xcom.py
[2024-10-03T06:41:27.197+0000] {logging_mixin.py:151} INFO - [2024-10-03T06:41:27.196+0000] {dag.py:2907} INFO - Sync 1 DAGs
[2024-10-03T06:41:27.262+0000] {logging_mixin.py:151} INFO - [2024-10-03T06:41:27.261+0000] {dag.py:3677} INFO - Setting next_dagrun for example_xcom to 2021-01-01T00:00:00+00:00, run_after=2021-01-01T00:00:00+00:00
[2024-10-03T06:41:27.317+0000] {processor.py:179} INFO - Processing /home/airflow/.local/lib/python3.8/site-packages/airflow/example_dags/example_xcom.py took 0.271 seconds
[2024-10-03T06:41:57.837+0000] {processor.py:157} INFO - Started process (PID=180) to work on /home/airflow/.local/lib/python3.8/site-packages/airflow/example_dags/example_xcom.py
[2024-10-03T06:41:57.842+0000] {processor.py:829} INFO - Processing file /home/airflow/.local/lib/python3.8/site-packages/airflow/example_dags/example_xcom.py for tasks to queue
[2024-10-03T06:41:57.847+0000] {logging_mixin.py:151} INFO - [2024-10-03T06:41:57.846+0000] {dagbag.py:539} INFO - Filling up the DagBag from /home/airflow/.local/lib/python3.8/site-packages/airflow/example_dags/example_xcom.py
[2024-10-03T06:41:57.865+0000] {processor.py:839} INFO - DAG(s) dict_keys(['example_xcom']) retrieved from /home/airflow/.local/lib/python3.8/site-packages/airflow/example_dags/example_xcom.py
[2024-10-03T06:41:57.929+0000] {logging_mixin.py:151} INFO - [2024-10-03T06:41:57.928+0000] {dag.py:2907} INFO - Sync 1 DAGs
[2024-10-03T06:41:57.998+0000] {logging_mixin.py:151} INFO - [2024-10-03T06:41:57.998+0000] {dag.py:3677} INFO - Setting next_dagrun for example_xcom to 2021-01-01T00:00:00+00:00, run_after=2021-01-01T00:00:00+00:00
[2024-10-03T06:41:58.076+0000] {processor.py:179} INFO - Processing /home/airflow/.local/lib/python3.8/site-packages/airflow/example_dags/example_xcom.py took 0.246 seconds
[2024-10-03T06:42:28.655+0000] {processor.py:157} INFO - Started process (PID=238) to work on /home/airflow/.local/lib/python3.8/site-packages/airflow/example_dags/example_xcom.py
[2024-10-03T06:42:28.668+0000] {processor.py:829} INFO - Processing file /home/airflow/.local/lib/python3.8/site-packages/airflow/example_dags/example_xcom.py for tasks to queue
[2024-10-03T06:42:28.676+0000] {logging_mixin.py:151} INFO - [2024-10-03T06:42:28.675+0000] {dagbag.py:539} INFO - Filling up the DagBag from /home/airflow/.local/lib/python3.8/site-packages/airflow/example_dags/example_xcom.py
[2024-10-03T06:42:28.712+0000] {processor.py:839} INFO - DAG(s) dict_keys(['example_xcom']) retrieved from /home/airflow/.local/lib/python3.8/site-packages/airflow/example_dags/example_xcom.py
[2024-10-03T06:42:28.793+0000] {logging_mixin.py:151} INFO - [2024-10-03T06:42:28.791+0000] {dag.py:2907} INFO - Sync 1 DAGs
[2024-10-03T06:42:28.893+0000] {logging_mixin.py:151} INFO - [2024-10-03T06:42:28.892+0000] {dag.py:3677} INFO - Setting next_dagrun for example_xcom to 2021-01-01T00:00:00+00:00, run_after=2021-01-01T00:00:00+00:00
[2024-10-03T06:42:28.982+0000] {processor.py:179} INFO - Processing /home/airflow/.local/lib/python3.8/site-packages/airflow/example_dags/example_xcom.py took 0.340 seconds
[2024-10-03T06:52:58.024+0000] {processor.py:186} INFO - Started process (PID=124) to work on /home/airflow/.local/lib/python3.12/site-packages/airflow/example_dags/example_xcom.py
[2024-10-03T06:52:58.027+0000] {processor.py:914} INFO - Processing file /home/airflow/.local/lib/python3.12/site-packages/airflow/example_dags/example_xcom.py for tasks to queue
[2024-10-03T06:52:58.032+0000] {logging_mixin.py:190} INFO - [2024-10-03T06:52:58.031+0000] {dagbag.py:588} INFO - Filling up the DagBag from /home/airflow/.local/lib/python3.12/site-packages/airflow/example_dags/example_xcom.py
[2024-10-03T06:52:58.062+0000] {processor.py:925} INFO - DAG(s) 'example_xcom' retrieved from /home/airflow/.local/lib/python3.12/site-packages/airflow/example_dags/example_xcom.py
[2024-10-03T06:52:58.415+0000] {logging_mixin.py:190} INFO - [2024-10-03T06:52:58.415+0000] {dag.py:3239} INFO - Sync 1 DAGs
[2024-10-03T06:52:58.461+0000] {logging_mixin.py:190} INFO - [2024-10-03T06:52:58.461+0000] {dag.py:4180} INFO - Setting next_dagrun for example_xcom to 2021-01-01 00:00:00+00:00, run_after=2021-01-01 00:00:00+00:00
[2024-10-03T06:52:58.534+0000] {processor.py:208} INFO - Processing /home/airflow/.local/lib/python3.12/site-packages/airflow/example_dags/example_xcom.py took 0.524 seconds
[2024-10-03T06:53:28.781+0000] {processor.py:186} INFO - Started process (PID=188) to work on /home/airflow/.local/lib/python3.12/site-packages/airflow/example_dags/example_xcom.py
[2024-10-03T06:53:28.784+0000] {processor.py:914} INFO - Processing file /home/airflow/.local/lib/python3.12/site-packages/airflow/example_dags/example_xcom.py for tasks to queue
[2024-10-03T06:53:28.788+0000] {logging_mixin.py:190} INFO - [2024-10-03T06:53:28.787+0000] {dagbag.py:588} INFO - Filling up the DagBag from /home/airflow/.local/lib/python3.12/site-packages/airflow/example_dags/example_xcom.py
[2024-10-03T06:53:28.802+0000] {processor.py:925} INFO - DAG(s) 'example_xcom' retrieved from /home/airflow/.local/lib/python3.12/site-packages/airflow/example_dags/example_xcom.py
[2024-10-03T06:53:28.848+0000] {logging_mixin.py:190} INFO - [2024-10-03T06:53:28.847+0000] {dag.py:3239} INFO - Sync 1 DAGs
[2024-10-03T06:53:28.891+0000] {logging_mixin.py:190} INFO - [2024-10-03T06:53:28.891+0000] {dag.py:4180} INFO - Setting next_dagrun for example_xcom to 2021-01-01 00:00:00+00:00, run_after=2021-01-01 00:00:00+00:00
[2024-10-03T06:53:28.976+0000] {processor.py:208} INFO - Processing /home/airflow/.local/lib/python3.12/site-packages/airflow/example_dags/example_xcom.py took 0.204 seconds
[2024-10-03T06:53:59.842+0000] {processor.py:186} INFO - Started process (PID=252) to work on /home/airflow/.local/lib/python3.12/site-packages/airflow/example_dags/example_xcom.py
[2024-10-03T06:53:59.844+0000] {processor.py:914} INFO - Processing file /home/airflow/.local/lib/python3.12/site-packages/airflow/example_dags/example_xcom.py for tasks to queue
[2024-10-03T06:53:59.850+0000] {logging_mixin.py:190} INFO - [2024-10-03T06:53:59.849+0000] {dagbag.py:588} INFO - Filling up the DagBag from /home/airflow/.local/lib/python3.12/site-packages/airflow/example_dags/example_xcom.py
[2024-10-03T06:53:59.871+0000] {processor.py:925} INFO - DAG(s) 'example_xcom' retrieved from /home/airflow/.local/lib/python3.12/site-packages/airflow/example_dags/example_xcom.py
[2024-10-03T06:53:59.917+0000] {logging_mixin.py:190} INFO - [2024-10-03T06:53:59.916+0000] {dag.py:3239} INFO - Sync 1 DAGs
[2024-10-03T06:53:59.969+0000] {logging_mixin.py:190} INFO - [2024-10-03T06:53:59.969+0000] {dag.py:4180} INFO - Setting next_dagrun for example_xcom to 2021-01-01 00:00:00+00:00, run_after=2021-01-01 00:00:00+00:00
[2024-10-03T06:54:00.023+0000] {processor.py:208} INFO - Processing /home/airflow/.local/lib/python3.12/site-packages/airflow/example_dags/example_xcom.py took 0.192 seconds
[2024-10-03T06:54:31.095+0000] {processor.py:186} INFO - Started process (PID=316) to work on /home/airflow/.local/lib/python3.12/site-packages/airflow/example_dags/example_xcom.py
[2024-10-03T06:54:31.097+0000] {processor.py:914} INFO - Processing file /home/airflow/.local/lib/python3.12/site-packages/airflow/example_dags/example_xcom.py for tasks to queue
[2024-10-03T06:54:31.101+0000] {logging_mixin.py:190} INFO - [2024-10-03T06:54:31.100+0000] {dagbag.py:588} INFO - Filling up the DagBag from /home/airflow/.local/lib/python3.12/site-packages/airflow/example_dags/example_xcom.py
[2024-10-03T06:54:31.119+0000] {processor.py:925} INFO - DAG(s) 'example_xcom' retrieved from /home/airflow/.local/lib/python3.12/site-packages/airflow/example_dags/example_xcom.py
[2024-10-03T06:54:31.158+0000] {logging_mixin.py:190} INFO - [2024-10-03T06:54:31.157+0000] {dag.py:3239} INFO - Sync 1 DAGs
[2024-10-03T06:54:31.202+0000] {logging_mixin.py:190} INFO - [2024-10-03T06:54:31.202+0000] {dag.py:4180} INFO - Setting next_dagrun for example_xcom to 2021-01-01 00:00:00+00:00, run_after=2021-01-01 00:00:00+00:00
[2024-10-03T06:54:31.247+0000] {processor.py:208} INFO - Processing /home/airflow/.local/lib/python3.12/site-packages/airflow/example_dags/example_xcom.py took 0.163 seconds
[2024-10-03T06:55:01.494+0000] {processor.py:186} INFO - Started process (PID=380) to work on /home/airflow/.local/lib/python3.12/site-packages/airflow/example_dags/example_xcom.py
[2024-10-03T06:55:01.497+0000] {processor.py:914} INFO - Processing file /home/airflow/.local/lib/python3.12/site-packages/airflow/example_dags/example_xcom.py for tasks to queue
[2024-10-03T06:55:01.503+0000] {logging_mixin.py:190} INFO - [2024-10-03T06:55:01.502+0000] {dagbag.py:588} INFO - Filling up the DagBag from /home/airflow/.local/lib/python3.12/site-packages/airflow/example_dags/example_xcom.py
[2024-10-03T06:55:01.526+0000] {processor.py:925} INFO - DAG(s) 'example_xcom' retrieved from /home/airflow/.local/lib/python3.12/site-packages/airflow/example_dags/example_xcom.py
[2024-10-03T06:55:01.569+0000] {logging_mixin.py:190} INFO - [2024-10-03T06:55:01.568+0000] {dag.py:3239} INFO - Sync 1 DAGs
[2024-10-03T06:55:01.624+0000] {logging_mixin.py:190} INFO - [2024-10-03T06:55:01.623+0000] {dag.py:4180} INFO - Setting next_dagrun for example_xcom to 2021-01-01 00:00:00+00:00, run_after=2021-01-01 00:00:00+00:00
[2024-10-03T06:55:01.669+0000] {processor.py:208} INFO - Processing /home/airflow/.local/lib/python3.12/site-packages/airflow/example_dags/example_xcom.py took 0.186 seconds
[2024-10-03T06:55:32.390+0000] {processor.py:186} INFO - Started process (PID=444) to work on /home/airflow/.local/lib/python3.12/site-packages/airflow/example_dags/example_xcom.py
[2024-10-03T06:55:32.392+0000] {processor.py:914} INFO - Processing file /home/airflow/.local/lib/python3.12/site-packages/airflow/example_dags/example_xcom.py for tasks to queue
[2024-10-03T06:55:32.394+0000] {logging_mixin.py:190} INFO - [2024-10-03T06:55:32.394+0000] {dagbag.py:588} INFO - Filling up the DagBag from /home/airflow/.local/lib/python3.12/site-packages/airflow/example_dags/example_xcom.py
[2024-10-03T06:55:32.412+0000] {processor.py:925} INFO - DAG(s) 'example_xcom' retrieved from /home/airflow/.local/lib/python3.12/site-packages/airflow/example_dags/example_xcom.py
[2024-10-03T06:55:32.442+0000] {logging_mixin.py:190} INFO - [2024-10-03T06:55:32.442+0000] {dag.py:3239} INFO - Sync 1 DAGs
[2024-10-03T06:55:32.484+0000] {logging_mixin.py:190} INFO - [2024-10-03T06:55:32.483+0000] {dag.py:4180} INFO - Setting next_dagrun for example_xcom to 2021-01-01 00:00:00+00:00, run_after=2021-01-01 00:00:00+00:00
[2024-10-03T06:55:32.510+0000] {processor.py:208} INFO - Processing /home/airflow/.local/lib/python3.12/site-packages/airflow/example_dags/example_xcom.py took 0.127 seconds
[2024-10-03T06:56:03.128+0000] {processor.py:186} INFO - Started process (PID=508) to work on /home/airflow/.local/lib/python3.12/site-packages/airflow/example_dags/example_xcom.py
[2024-10-03T06:56:03.129+0000] {processor.py:914} INFO - Processing file /home/airflow/.local/lib/python3.12/site-packages/airflow/example_dags/example_xcom.py for tasks to queue
[2024-10-03T06:56:03.133+0000] {logging_mixin.py:190} INFO - [2024-10-03T06:56:03.133+0000] {dagbag.py:588} INFO - Filling up the DagBag from /home/airflow/.local/lib/python3.12/site-packages/airflow/example_dags/example_xcom.py
[2024-10-03T06:56:03.149+0000] {processor.py:925} INFO - DAG(s) 'example_xcom' retrieved from /home/airflow/.local/lib/python3.12/site-packages/airflow/example_dags/example_xcom.py
[2024-10-03T06:56:03.196+0000] {logging_mixin.py:190} INFO - [2024-10-03T06:56:03.196+0000] {dag.py:3239} INFO - Sync 1 DAGs
[2024-10-03T06:56:03.256+0000] {logging_mixin.py:190} INFO - [2024-10-03T06:56:03.255+0000] {dag.py:4180} INFO - Setting next_dagrun for example_xcom to 2021-01-01 00:00:00+00:00, run_after=2021-01-01 00:00:00+00:00
[2024-10-03T06:56:03.307+0000] {processor.py:208} INFO - Processing /home/airflow/.local/lib/python3.12/site-packages/airflow/example_dags/example_xcom.py took 0.189 seconds
[2024-10-03T06:56:34.900+0000] {processor.py:186} INFO - Started process (PID=572) to work on /home/airflow/.local/lib/python3.12/site-packages/airflow/example_dags/example_xcom.py
[2024-10-03T06:56:34.902+0000] {processor.py:914} INFO - Processing file /home/airflow/.local/lib/python3.12/site-packages/airflow/example_dags/example_xcom.py for tasks to queue
[2024-10-03T06:56:34.905+0000] {logging_mixin.py:190} INFO - [2024-10-03T06:56:34.905+0000] {dagbag.py:588} INFO - Filling up the DagBag from /home/airflow/.local/lib/python3.12/site-packages/airflow/example_dags/example_xcom.py
[2024-10-03T06:56:34.915+0000] {processor.py:925} INFO - DAG(s) 'example_xcom' retrieved from /home/airflow/.local/lib/python3.12/site-packages/airflow/example_dags/example_xcom.py
[2024-10-03T06:56:34.942+0000] {logging_mixin.py:190} INFO - [2024-10-03T06:56:34.942+0000] {dag.py:3239} INFO - Sync 1 DAGs
[2024-10-03T06:56:34.968+0000] {logging_mixin.py:190} INFO - [2024-10-03T06:56:34.968+0000] {dag.py:4180} INFO - Setting next_dagrun for example_xcom to 2021-01-01 00:00:00+00:00, run_after=2021-01-01 00:00:00+00:00
[2024-10-03T06:56:34.996+0000] {processor.py:208} INFO - Processing /home/airflow/.local/lib/python3.12/site-packages/airflow/example_dags/example_xcom.py took 0.105 seconds
[2024-10-03T06:57:06.299+0000] {processor.py:186} INFO - Started process (PID=642) to work on /home/airflow/.local/lib/python3.12/site-packages/airflow/example_dags/example_xcom.py
[2024-10-03T06:57:06.301+0000] {processor.py:914} INFO - Processing file /home/airflow/.local/lib/python3.12/site-packages/airflow/example_dags/example_xcom.py for tasks to queue
[2024-10-03T06:57:06.305+0000] {logging_mixin.py:190} INFO - [2024-10-03T06:57:06.305+0000] {dagbag.py:588} INFO - Filling up the DagBag from /home/airflow/.local/lib/python3.12/site-packages/airflow/example_dags/example_xcom.py
[2024-10-03T06:57:06.325+0000] {processor.py:925} INFO - DAG(s) 'example_xcom' retrieved from /home/airflow/.local/lib/python3.12/site-packages/airflow/example_dags/example_xcom.py
[2024-10-03T06:57:06.366+0000] {logging_mixin.py:190} INFO - [2024-10-03T06:57:06.365+0000] {dag.py:3239} INFO - Sync 1 DAGs
[2024-10-03T06:57:06.416+0000] {logging_mixin.py:190} INFO - [2024-10-03T06:57:06.416+0000] {dag.py:4180} INFO - Setting next_dagrun for example_xcom to 2021-01-01 00:00:00+00:00, run_after=2021-01-01 00:00:00+00:00
[2024-10-03T06:57:06.460+0000] {processor.py:208} INFO - Processing /home/airflow/.local/lib/python3.12/site-packages/airflow/example_dags/example_xcom.py took 0.172 seconds
[2024-10-03T06:57:37.465+0000] {processor.py:186} INFO - Started process (PID=706) to work on /home/airflow/.local/lib/python3.12/site-packages/airflow/example_dags/example_xcom.py
[2024-10-03T06:57:37.466+0000] {processor.py:914} INFO - Processing file /home/airflow/.local/lib/python3.12/site-packages/airflow/example_dags/example_xcom.py for tasks to queue
[2024-10-03T06:57:37.470+0000] {logging_mixin.py:190} INFO - [2024-10-03T06:57:37.469+0000] {dagbag.py:588} INFO - Filling up the DagBag from /home/airflow/.local/lib/python3.12/site-packages/airflow/example_dags/example_xcom.py
[2024-10-03T06:57:37.486+0000] {processor.py:925} INFO - DAG(s) 'example_xcom' retrieved from /home/airflow/.local/lib/python3.12/site-packages/airflow/example_dags/example_xcom.py
[2024-10-03T06:57:37.520+0000] {logging_mixin.py:190} INFO - [2024-10-03T06:57:37.520+0000] {dag.py:3239} INFO - Sync 1 DAGs
[2024-10-03T06:57:37.555+0000] {logging_mixin.py:190} INFO - [2024-10-03T06:57:37.554+0000] {dag.py:4180} INFO - Setting next_dagrun for example_xcom to 2021-01-01 00:00:00+00:00, run_after=2021-01-01 00:00:00+00:00
[2024-10-03T06:57:37.589+0000] {processor.py:208} INFO - Processing /home/airflow/.local/lib/python3.12/site-packages/airflow/example_dags/example_xcom.py took 0.133 seconds
[2024-10-03T06:58:08.160+0000] {processor.py:186} INFO - Started process (PID=770) to work on /home/airflow/.local/lib/python3.12/site-packages/airflow/example_dags/example_xcom.py
[2024-10-03T06:58:08.162+0000] {processor.py:914} INFO - Processing file /home/airflow/.local/lib/python3.12/site-packages/airflow/example_dags/example_xcom.py for tasks to queue
[2024-10-03T06:58:08.167+0000] {logging_mixin.py:190} INFO - [2024-10-03T06:58:08.166+0000] {dagbag.py:588} INFO - Filling up the DagBag from /home/airflow/.local/lib/python3.12/site-packages/airflow/example_dags/example_xcom.py
[2024-10-03T06:58:08.177+0000] {processor.py:925} INFO - DAG(s) 'example_xcom' retrieved from /home/airflow/.local/lib/python3.12/site-packages/airflow/example_dags/example_xcom.py
[2024-10-03T06:58:08.205+0000] {logging_mixin.py:190} INFO - [2024-10-03T06:58:08.205+0000] {dag.py:3239} INFO - Sync 1 DAGs
[2024-10-03T06:58:08.236+0000] {logging_mixin.py:190} INFO - [2024-10-03T06:58:08.236+0000] {dag.py:4180} INFO - Setting next_dagrun for example_xcom to 2021-01-01 00:00:00+00:00, run_after=2021-01-01 00:00:00+00:00
[2024-10-03T06:58:08.266+0000] {processor.py:208} INFO - Processing /home/airflow/.local/lib/python3.12/site-packages/airflow/example_dags/example_xcom.py took 0.111 seconds
[2024-10-03T06:58:38.589+0000] {processor.py:186} INFO - Started process (PID=834) to work on /home/airflow/.local/lib/python3.12/site-packages/airflow/example_dags/example_xcom.py
[2024-10-03T06:58:38.591+0000] {processor.py:914} INFO - Processing file /home/airflow/.local/lib/python3.12/site-packages/airflow/example_dags/example_xcom.py for tasks to queue
[2024-10-03T06:58:38.594+0000] {logging_mixin.py:190} INFO - [2024-10-03T06:58:38.593+0000] {dagbag.py:588} INFO - Filling up the DagBag from /home/airflow/.local/lib/python3.12/site-packages/airflow/example_dags/example_xcom.py
[2024-10-03T06:58:38.605+0000] {processor.py:925} INFO - DAG(s) 'example_xcom' retrieved from /home/airflow/.local/lib/python3.12/site-packages/airflow/example_dags/example_xcom.py
[2024-10-03T06:58:38.631+0000] {logging_mixin.py:190} INFO - [2024-10-03T06:58:38.630+0000] {dag.py:3239} INFO - Sync 1 DAGs
[2024-10-03T06:58:38.659+0000] {logging_mixin.py:190} INFO - [2024-10-03T06:58:38.658+0000] {dag.py:4180} INFO - Setting next_dagrun for example_xcom to 2021-01-01 00:00:00+00:00, run_after=2021-01-01 00:00:00+00:00
[2024-10-03T06:58:38.684+0000] {processor.py:208} INFO - Processing /home/airflow/.local/lib/python3.12/site-packages/airflow/example_dags/example_xcom.py took 0.101 seconds
[2024-10-03T06:59:09.526+0000] {processor.py:186} INFO - Started process (PID=899) to work on /home/airflow/.local/lib/python3.12/site-packages/airflow/example_dags/example_xcom.py
[2024-10-03T06:59:09.534+0000] {processor.py:914} INFO - Processing file /home/airflow/.local/lib/python3.12/site-packages/airflow/example_dags/example_xcom.py for tasks to queue
[2024-10-03T06:59:09.538+0000] {logging_mixin.py:190} INFO - [2024-10-03T06:59:09.537+0000] {dagbag.py:588} INFO - Filling up the DagBag from /home/airflow/.local/lib/python3.12/site-packages/airflow/example_dags/example_xcom.py
[2024-10-03T06:59:09.551+0000] {processor.py:925} INFO - DAG(s) 'example_xcom' retrieved from /home/airflow/.local/lib/python3.12/site-packages/airflow/example_dags/example_xcom.py
[2024-10-03T06:59:09.583+0000] {logging_mixin.py:190} INFO - [2024-10-03T06:59:09.582+0000] {dag.py:3239} INFO - Sync 1 DAGs
[2024-10-03T06:59:09.611+0000] {logging_mixin.py:190} INFO - [2024-10-03T06:59:09.611+0000] {dag.py:4180} INFO - Setting next_dagrun for example_xcom to 2021-01-01 00:00:00+00:00, run_after=2021-01-01 00:00:00+00:00
[2024-10-03T06:59:09.651+0000] {processor.py:208} INFO - Processing /home/airflow/.local/lib/python3.12/site-packages/airflow/example_dags/example_xcom.py took 0.133 seconds
[2024-10-03T06:59:55.862+0000] {processor.py:186} INFO - Started process (PID=963) to work on /home/airflow/.local/lib/python3.12/site-packages/airflow/example_dags/example_xcom.py
[2024-10-03T06:59:55.868+0000] {processor.py:914} INFO - Processing file /home/airflow/.local/lib/python3.12/site-packages/airflow/example_dags/example_xcom.py for tasks to queue
[2024-10-03T06:59:55.879+0000] {logging_mixin.py:190} INFO - [2024-10-03T06:59:55.875+0000] {dagbag.py:588} INFO - Filling up the DagBag from /home/airflow/.local/lib/python3.12/site-packages/airflow/example_dags/example_xcom.py
[2024-10-03T06:59:55.936+0000] {processor.py:925} INFO - DAG(s) 'example_xcom' retrieved from /home/airflow/.local/lib/python3.12/site-packages/airflow/example_dags/example_xcom.py
[2024-10-03T07:00:02.561+0000] {logging_mixin.py:190} INFO - [2024-10-03T07:00:02.549+0000] {dag.py:3239} INFO - Sync 1 DAGs
[2024-10-03T07:00:02.634+0000] {logging_mixin.py:190} INFO - [2024-10-03T07:00:02.633+0000] {dag.py:4180} INFO - Setting next_dagrun for example_xcom to 2021-01-01 00:00:00+00:00, run_after=2021-01-01 00:00:00+00:00
[2024-10-03T07:00:02.698+0000] {processor.py:208} INFO - Processing /home/airflow/.local/lib/python3.12/site-packages/airflow/example_dags/example_xcom.py took 6.871 seconds
[2024-10-03T07:00:33.526+0000] {processor.py:186} INFO - Started process (PID=1027) to work on /home/airflow/.local/lib/python3.12/site-packages/airflow/example_dags/example_xcom.py
[2024-10-03T07:00:33.528+0000] {processor.py:914} INFO - Processing file /home/airflow/.local/lib/python3.12/site-packages/airflow/example_dags/example_xcom.py for tasks to queue
[2024-10-03T07:00:33.531+0000] {logging_mixin.py:190} INFO - [2024-10-03T07:00:33.530+0000] {dagbag.py:588} INFO - Filling up the DagBag from /home/airflow/.local/lib/python3.12/site-packages/airflow/example_dags/example_xcom.py
[2024-10-03T07:00:33.543+0000] {processor.py:925} INFO - DAG(s) 'example_xcom' retrieved from /home/airflow/.local/lib/python3.12/site-packages/airflow/example_dags/example_xcom.py
[2024-10-03T07:00:33.572+0000] {logging_mixin.py:190} INFO - [2024-10-03T07:00:33.571+0000] {dag.py:3239} INFO - Sync 1 DAGs
[2024-10-03T07:00:33.600+0000] {logging_mixin.py:190} INFO - [2024-10-03T07:00:33.599+0000] {dag.py:4180} INFO - Setting next_dagrun for example_xcom to 2021-01-01 00:00:00+00:00, run_after=2021-01-01 00:00:00+00:00
[2024-10-03T07:00:33.627+0000] {processor.py:208} INFO - Processing /home/airflow/.local/lib/python3.12/site-packages/airflow/example_dags/example_xcom.py took 0.108 seconds
[2024-10-03T07:01:04.487+0000] {processor.py:186} INFO - Started process (PID=1085) to work on /home/airflow/.local/lib/python3.12/site-packages/airflow/example_dags/example_xcom.py
[2024-10-03T07:01:04.495+0000] {processor.py:914} INFO - Processing file /home/airflow/.local/lib/python3.12/site-packages/airflow/example_dags/example_xcom.py for tasks to queue
[2024-10-03T07:01:04.506+0000] {logging_mixin.py:190} INFO - [2024-10-03T07:01:04.504+0000] {dagbag.py:588} INFO - Filling up the DagBag from /home/airflow/.local/lib/python3.12/site-packages/airflow/example_dags/example_xcom.py
[2024-10-03T07:01:04.595+0000] {processor.py:925} INFO - DAG(s) 'example_xcom' retrieved from /home/airflow/.local/lib/python3.12/site-packages/airflow/example_dags/example_xcom.py
[2024-10-03T07:01:14.703+0000] {logging_mixin.py:190} INFO - [2024-10-03T07:01:14.702+0000] {dag.py:3239} INFO - Sync 1 DAGs
[2024-10-03T07:01:14.805+0000] {logging_mixin.py:190} INFO - [2024-10-03T07:01:14.802+0000] {dag.py:4180} INFO - Setting next_dagrun for example_xcom to 2021-01-01 00:00:00+00:00, run_after=2021-01-01 00:00:00+00:00
[2024-10-03T07:01:14.956+0000] {processor.py:208} INFO - Processing /home/airflow/.local/lib/python3.12/site-packages/airflow/example_dags/example_xcom.py took 10.511 seconds
[2024-10-03T07:01:45.260+0000] {processor.py:186} INFO - Started process (PID=1148) to work on /home/airflow/.local/lib/python3.12/site-packages/airflow/example_dags/example_xcom.py
[2024-10-03T07:01:45.263+0000] {processor.py:914} INFO - Processing file /home/airflow/.local/lib/python3.12/site-packages/airflow/example_dags/example_xcom.py for tasks to queue
[2024-10-03T07:01:45.268+0000] {logging_mixin.py:190} INFO - [2024-10-03T07:01:45.265+0000] {dagbag.py:588} INFO - Filling up the DagBag from /home/airflow/.local/lib/python3.12/site-packages/airflow/example_dags/example_xcom.py
[2024-10-03T07:01:45.298+0000] {processor.py:925} INFO - DAG(s) 'example_xcom' retrieved from /home/airflow/.local/lib/python3.12/site-packages/airflow/example_dags/example_xcom.py
[2024-10-03T07:01:45.497+0000] {logging_mixin.py:190} INFO - [2024-10-03T07:01:45.495+0000] {dag.py:3239} INFO - Sync 1 DAGs
[2024-10-03T07:01:45.571+0000] {logging_mixin.py:190} INFO - [2024-10-03T07:01:45.571+0000] {dag.py:4180} INFO - Setting next_dagrun for example_xcom to 2021-01-01 00:00:00+00:00, run_after=2021-01-01 00:00:00+00:00
[2024-10-03T07:01:45.621+0000] {processor.py:208} INFO - Processing /home/airflow/.local/lib/python3.12/site-packages/airflow/example_dags/example_xcom.py took 0.374 seconds
[2024-10-03T07:02:42.566+0000] {processor.py:186} INFO - Started process (PID=1189) to work on /home/airflow/.local/lib/python3.12/site-packages/airflow/example_dags/example_xcom.py
[2024-10-03T07:02:42.568+0000] {processor.py:914} INFO - Processing file /home/airflow/.local/lib/python3.12/site-packages/airflow/example_dags/example_xcom.py for tasks to queue
[2024-10-03T07:02:42.570+0000] {logging_mixin.py:190} INFO - [2024-10-03T07:02:42.570+0000] {dagbag.py:588} INFO - Filling up the DagBag from /home/airflow/.local/lib/python3.12/site-packages/airflow/example_dags/example_xcom.py
[2024-10-03T07:02:42.588+0000] {processor.py:925} INFO - DAG(s) 'example_xcom' retrieved from /home/airflow/.local/lib/python3.12/site-packages/airflow/example_dags/example_xcom.py
[2024-10-03T07:02:42.618+0000] {logging_mixin.py:190} INFO - [2024-10-03T07:02:42.618+0000] {dag.py:3239} INFO - Sync 1 DAGs
[2024-10-03T07:02:42.653+0000] {logging_mixin.py:190} INFO - [2024-10-03T07:02:42.653+0000] {dag.py:4180} INFO - Setting next_dagrun for example_xcom to 2021-01-01 00:00:00+00:00, run_after=2021-01-01 00:00:00+00:00
[2024-10-03T07:02:42.686+0000] {processor.py:208} INFO - Processing /home/airflow/.local/lib/python3.12/site-packages/airflow/example_dags/example_xcom.py took 0.128 seconds
[2024-10-03T07:03:12.913+0000] {processor.py:186} INFO - Started process (PID=1252) to work on /home/airflow/.local/lib/python3.12/site-packages/airflow/example_dags/example_xcom.py
[2024-10-03T07:03:12.915+0000] {processor.py:914} INFO - Processing file /home/airflow/.local/lib/python3.12/site-packages/airflow/example_dags/example_xcom.py for tasks to queue
[2024-10-03T07:03:12.917+0000] {logging_mixin.py:190} INFO - [2024-10-03T07:03:12.916+0000] {dagbag.py:588} INFO - Filling up the DagBag from /home/airflow/.local/lib/python3.12/site-packages/airflow/example_dags/example_xcom.py
[2024-10-03T07:03:12.929+0000] {processor.py:925} INFO - DAG(s) 'example_xcom' retrieved from /home/airflow/.local/lib/python3.12/site-packages/airflow/example_dags/example_xcom.py
[2024-10-03T07:03:12.954+0000] {logging_mixin.py:190} INFO - [2024-10-03T07:03:12.954+0000] {dag.py:3239} INFO - Sync 1 DAGs
[2024-10-03T07:03:12.982+0000] {logging_mixin.py:190} INFO - [2024-10-03T07:03:12.982+0000] {dag.py:4180} INFO - Setting next_dagrun for example_xcom to 2021-01-01 00:00:00+00:00, run_after=2021-01-01 00:00:00+00:00
[2024-10-03T07:03:13.011+0000] {processor.py:208} INFO - Processing /home/airflow/.local/lib/python3.12/site-packages/airflow/example_dags/example_xcom.py took 0.103 seconds
[2024-10-03T07:03:44.133+0000] {processor.py:186} INFO - Started process (PID=1315) to work on /home/airflow/.local/lib/python3.12/site-packages/airflow/example_dags/example_xcom.py
[2024-10-03T07:03:44.135+0000] {processor.py:914} INFO - Processing file /home/airflow/.local/lib/python3.12/site-packages/airflow/example_dags/example_xcom.py for tasks to queue
[2024-10-03T07:03:44.138+0000] {logging_mixin.py:190} INFO - [2024-10-03T07:03:44.137+0000] {dagbag.py:588} INFO - Filling up the DagBag from /home/airflow/.local/lib/python3.12/site-packages/airflow/example_dags/example_xcom.py
[2024-10-03T07:03:44.151+0000] {processor.py:925} INFO - DAG(s) 'example_xcom' retrieved from /home/airflow/.local/lib/python3.12/site-packages/airflow/example_dags/example_xcom.py
[2024-10-03T07:03:44.185+0000] {logging_mixin.py:190} INFO - [2024-10-03T07:03:44.184+0000] {dag.py:3239} INFO - Sync 1 DAGs
[2024-10-03T07:03:44.217+0000] {logging_mixin.py:190} INFO - [2024-10-03T07:03:44.217+0000] {dag.py:4180} INFO - Setting next_dagrun for example_xcom to 2021-01-01 00:00:00+00:00, run_after=2021-01-01 00:00:00+00:00
[2024-10-03T07:03:44.247+0000] {processor.py:208} INFO - Processing /home/airflow/.local/lib/python3.12/site-packages/airflow/example_dags/example_xcom.py took 0.121 seconds
[2024-10-03T07:04:15.546+0000] {processor.py:186} INFO - Started process (PID=1378) to work on /home/airflow/.local/lib/python3.12/site-packages/airflow/example_dags/example_xcom.py
[2024-10-03T07:04:15.548+0000] {processor.py:914} INFO - Processing file /home/airflow/.local/lib/python3.12/site-packages/airflow/example_dags/example_xcom.py for tasks to queue
[2024-10-03T07:04:15.551+0000] {logging_mixin.py:190} INFO - [2024-10-03T07:04:15.550+0000] {dagbag.py:588} INFO - Filling up the DagBag from /home/airflow/.local/lib/python3.12/site-packages/airflow/example_dags/example_xcom.py
[2024-10-03T07:04:15.576+0000] {processor.py:925} INFO - DAG(s) 'example_xcom' retrieved from /home/airflow/.local/lib/python3.12/site-packages/airflow/example_dags/example_xcom.py
[2024-10-03T07:04:15.636+0000] {logging_mixin.py:190} INFO - [2024-10-03T07:04:15.636+0000] {dag.py:3239} INFO - Sync 1 DAGs
[2024-10-03T07:04:15.680+0000] {logging_mixin.py:190} INFO - [2024-10-03T07:04:15.680+0000] {dag.py:4180} INFO - Setting next_dagrun for example_xcom to 2021-01-01 00:00:00+00:00, run_after=2021-01-01 00:00:00+00:00
[2024-10-03T07:04:15.713+0000] {processor.py:208} INFO - Processing /home/airflow/.local/lib/python3.12/site-packages/airflow/example_dags/example_xcom.py took 0.180 seconds
[2024-10-03T07:04:46.335+0000] {processor.py:186} INFO - Started process (PID=1441) to work on /home/airflow/.local/lib/python3.12/site-packages/airflow/example_dags/example_xcom.py
[2024-10-03T07:04:46.337+0000] {processor.py:914} INFO - Processing file /home/airflow/.local/lib/python3.12/site-packages/airflow/example_dags/example_xcom.py for tasks to queue
[2024-10-03T07:04:46.338+0000] {logging_mixin.py:190} INFO - [2024-10-03T07:04:46.338+0000] {dagbag.py:588} INFO - Filling up the DagBag from /home/airflow/.local/lib/python3.12/site-packages/airflow/example_dags/example_xcom.py
[2024-10-03T07:04:46.353+0000] {processor.py:925} INFO - DAG(s) 'example_xcom' retrieved from /home/airflow/.local/lib/python3.12/site-packages/airflow/example_dags/example_xcom.py
[2024-10-03T07:04:46.385+0000] {logging_mixin.py:190} INFO - [2024-10-03T07:04:46.385+0000] {dag.py:3239} INFO - Sync 1 DAGs
[2024-10-03T07:04:46.424+0000] {logging_mixin.py:190} INFO - [2024-10-03T07:04:46.423+0000] {dag.py:4180} INFO - Setting next_dagrun for example_xcom to 2021-01-01 00:00:00+00:00, run_after=2021-01-01 00:00:00+00:00
[2024-10-03T07:04:46.462+0000] {processor.py:208} INFO - Processing /home/airflow/.local/lib/python3.12/site-packages/airflow/example_dags/example_xcom.py took 0.136 seconds
[2024-10-03T07:05:17.351+0000] {processor.py:186} INFO - Started process (PID=1503) to work on /home/airflow/.local/lib/python3.12/site-packages/airflow/example_dags/example_xcom.py
[2024-10-03T07:05:17.355+0000] {processor.py:914} INFO - Processing file /home/airflow/.local/lib/python3.12/site-packages/airflow/example_dags/example_xcom.py for tasks to queue
[2024-10-03T07:05:17.359+0000] {logging_mixin.py:190} INFO - [2024-10-03T07:05:17.358+0000] {dagbag.py:588} INFO - Filling up the DagBag from /home/airflow/.local/lib/python3.12/site-packages/airflow/example_dags/example_xcom.py
[2024-10-03T07:05:17.376+0000] {processor.py:925} INFO - DAG(s) 'example_xcom' retrieved from /home/airflow/.local/lib/python3.12/site-packages/airflow/example_dags/example_xcom.py
[2024-10-03T07:05:17.419+0000] {logging_mixin.py:190} INFO - [2024-10-03T07:05:17.418+0000] {dag.py:3239} INFO - Sync 1 DAGs
[2024-10-03T07:05:17.470+0000] {logging_mixin.py:190} INFO - [2024-10-03T07:05:17.469+0000] {dag.py:4180} INFO - Setting next_dagrun for example_xcom to 2021-01-01 00:00:00+00:00, run_after=2021-01-01 00:00:00+00:00
[2024-10-03T07:05:17.507+0000] {processor.py:208} INFO - Processing /home/airflow/.local/lib/python3.12/site-packages/airflow/example_dags/example_xcom.py took 0.169 seconds
[2024-10-03T07:07:11.336+0000] {processor.py:186} INFO - Started process (PID=1566) to work on /home/airflow/.local/lib/python3.12/site-packages/airflow/example_dags/example_xcom.py
[2024-10-03T07:07:11.338+0000] {processor.py:914} INFO - Processing file /home/airflow/.local/lib/python3.12/site-packages/airflow/example_dags/example_xcom.py for tasks to queue
[2024-10-03T07:07:11.341+0000] {logging_mixin.py:190} INFO - [2024-10-03T07:07:11.341+0000] {dagbag.py:588} INFO - Filling up the DagBag from /home/airflow/.local/lib/python3.12/site-packages/airflow/example_dags/example_xcom.py
[2024-10-03T07:07:11.359+0000] {processor.py:925} INFO - DAG(s) 'example_xcom' retrieved from /home/airflow/.local/lib/python3.12/site-packages/airflow/example_dags/example_xcom.py
[2024-10-03T07:07:11.411+0000] {logging_mixin.py:190} INFO - [2024-10-03T07:07:11.411+0000] {dag.py:3239} INFO - Sync 1 DAGs
[2024-10-03T07:07:11.514+0000] {logging_mixin.py:190} INFO - [2024-10-03T07:07:11.513+0000] {dag.py:4180} INFO - Setting next_dagrun for example_xcom to 2021-01-01 00:00:00+00:00, run_after=2021-01-01 00:00:00+00:00
[2024-10-03T07:07:11.633+0000] {processor.py:208} INFO - Processing /home/airflow/.local/lib/python3.12/site-packages/airflow/example_dags/example_xcom.py took 0.308 seconds
[2024-10-03T07:07:41.942+0000] {processor.py:186} INFO - Started process (PID=1629) to work on /home/airflow/.local/lib/python3.12/site-packages/airflow/example_dags/example_xcom.py
[2024-10-03T07:07:41.943+0000] {processor.py:914} INFO - Processing file /home/airflow/.local/lib/python3.12/site-packages/airflow/example_dags/example_xcom.py for tasks to queue
[2024-10-03T07:07:41.945+0000] {logging_mixin.py:190} INFO - [2024-10-03T07:07:41.945+0000] {dagbag.py:588} INFO - Filling up the DagBag from /home/airflow/.local/lib/python3.12/site-packages/airflow/example_dags/example_xcom.py
[2024-10-03T07:07:41.956+0000] {processor.py:925} INFO - DAG(s) 'example_xcom' retrieved from /home/airflow/.local/lib/python3.12/site-packages/airflow/example_dags/example_xcom.py
[2024-10-03T07:07:41.980+0000] {logging_mixin.py:190} INFO - [2024-10-03T07:07:41.980+0000] {dag.py:3239} INFO - Sync 1 DAGs
[2024-10-03T07:07:42.005+0000] {logging_mixin.py:190} INFO - [2024-10-03T07:07:42.005+0000] {dag.py:4180} INFO - Setting next_dagrun for example_xcom to 2021-01-01 00:00:00+00:00, run_after=2021-01-01 00:00:00+00:00
[2024-10-03T07:07:42.036+0000] {processor.py:208} INFO - Processing /home/airflow/.local/lib/python3.12/site-packages/airflow/example_dags/example_xcom.py took 0.102 seconds
[2024-10-03T07:08:13.192+0000] {processor.py:186} INFO - Started process (PID=1692) to work on /home/airflow/.local/lib/python3.12/site-packages/airflow/example_dags/example_xcom.py
[2024-10-03T07:08:13.196+0000] {processor.py:914} INFO - Processing file /home/airflow/.local/lib/python3.12/site-packages/airflow/example_dags/example_xcom.py for tasks to queue
[2024-10-03T07:08:13.201+0000] {logging_mixin.py:190} INFO - [2024-10-03T07:08:13.199+0000] {dagbag.py:588} INFO - Filling up the DagBag from /home/airflow/.local/lib/python3.12/site-packages/airflow/example_dags/example_xcom.py
[2024-10-03T07:08:13.223+0000] {processor.py:925} INFO - DAG(s) 'example_xcom' retrieved from /home/airflow/.local/lib/python3.12/site-packages/airflow/example_dags/example_xcom.py
[2024-10-03T07:08:13.264+0000] {logging_mixin.py:190} INFO - [2024-10-03T07:08:13.263+0000] {dag.py:3239} INFO - Sync 1 DAGs
[2024-10-03T07:08:13.302+0000] {logging_mixin.py:190} INFO - [2024-10-03T07:08:13.302+0000] {dag.py:4180} INFO - Setting next_dagrun for example_xcom to 2021-01-01 00:00:00+00:00, run_after=2021-01-01 00:00:00+00:00
[2024-10-03T07:08:13.336+0000] {processor.py:208} INFO - Processing /home/airflow/.local/lib/python3.12/site-packages/airflow/example_dags/example_xcom.py took 0.157 seconds
[2024-10-03T07:08:53.219+0000] {processor.py:186} INFO - Started process (PID=1751) to work on /home/airflow/.local/lib/python3.12/site-packages/airflow/example_dags/example_xcom.py
[2024-10-03T07:08:53.221+0000] {processor.py:914} INFO - Processing file /home/airflow/.local/lib/python3.12/site-packages/airflow/example_dags/example_xcom.py for tasks to queue
[2024-10-03T07:08:53.224+0000] {logging_mixin.py:190} INFO - [2024-10-03T07:08:53.223+0000] {dagbag.py:588} INFO - Filling up the DagBag from /home/airflow/.local/lib/python3.12/site-packages/airflow/example_dags/example_xcom.py
[2024-10-03T07:08:53.238+0000] {processor.py:925} INFO - DAG(s) 'example_xcom' retrieved from /home/airflow/.local/lib/python3.12/site-packages/airflow/example_dags/example_xcom.py
[2024-10-03T07:08:53.268+0000] {logging_mixin.py:190} INFO - [2024-10-03T07:08:53.268+0000] {dag.py:3239} INFO - Sync 1 DAGs
[2024-10-03T07:08:53.298+0000] {logging_mixin.py:190} INFO - [2024-10-03T07:08:53.298+0000] {dag.py:4180} INFO - Setting next_dagrun for example_xcom to 2021-01-01 00:00:00+00:00, run_after=2021-01-01 00:00:00+00:00
[2024-10-03T07:08:53.331+0000] {processor.py:208} INFO - Processing /home/airflow/.local/lib/python3.12/site-packages/airflow/example_dags/example_xcom.py took 0.120 seconds
[2024-10-03T07:09:24.188+0000] {processor.py:186} INFO - Started process (PID=1814) to work on /home/airflow/.local/lib/python3.12/site-packages/airflow/example_dags/example_xcom.py
[2024-10-03T07:09:24.191+0000] {processor.py:914} INFO - Processing file /home/airflow/.local/lib/python3.12/site-packages/airflow/example_dags/example_xcom.py for tasks to queue
[2024-10-03T07:09:24.194+0000] {logging_mixin.py:190} INFO - [2024-10-03T07:09:24.193+0000] {dagbag.py:588} INFO - Filling up the DagBag from /home/airflow/.local/lib/python3.12/site-packages/airflow/example_dags/example_xcom.py
[2024-10-03T07:09:24.209+0000] {processor.py:925} INFO - DAG(s) 'example_xcom' retrieved from /home/airflow/.local/lib/python3.12/site-packages/airflow/example_dags/example_xcom.py
[2024-10-03T07:09:24.248+0000] {logging_mixin.py:190} INFO - [2024-10-03T07:09:24.247+0000] {dag.py:3239} INFO - Sync 1 DAGs
[2024-10-03T07:09:24.320+0000] {logging_mixin.py:190} INFO - [2024-10-03T07:09:24.320+0000] {dag.py:4180} INFO - Setting next_dagrun for example_xcom to 2021-01-01 00:00:00+00:00, run_after=2021-01-01 00:00:00+00:00
[2024-10-03T07:09:24.368+0000] {processor.py:208} INFO - Processing /home/airflow/.local/lib/python3.12/site-packages/airflow/example_dags/example_xcom.py took 0.187 seconds
[2024-10-03T07:09:55.381+0000] {processor.py:186} INFO - Started process (PID=1877) to work on /home/airflow/.local/lib/python3.12/site-packages/airflow/example_dags/example_xcom.py
[2024-10-03T07:09:55.384+0000] {processor.py:914} INFO - Processing file /home/airflow/.local/lib/python3.12/site-packages/airflow/example_dags/example_xcom.py for tasks to queue
[2024-10-03T07:09:55.387+0000] {logging_mixin.py:190} INFO - [2024-10-03T07:09:55.386+0000] {dagbag.py:588} INFO - Filling up the DagBag from /home/airflow/.local/lib/python3.12/site-packages/airflow/example_dags/example_xcom.py
[2024-10-03T07:09:55.405+0000] {processor.py:925} INFO - DAG(s) 'example_xcom' retrieved from /home/airflow/.local/lib/python3.12/site-packages/airflow/example_dags/example_xcom.py
[2024-10-03T07:09:55.449+0000] {logging_mixin.py:190} INFO - [2024-10-03T07:09:55.449+0000] {dag.py:3239} INFO - Sync 1 DAGs
[2024-10-03T07:09:55.496+0000] {logging_mixin.py:190} INFO - [2024-10-03T07:09:55.496+0000] {dag.py:4180} INFO - Setting next_dagrun for example_xcom to 2021-01-01 00:00:00+00:00, run_after=2021-01-01 00:00:00+00:00
[2024-10-03T07:09:55.536+0000] {processor.py:208} INFO - Processing /home/airflow/.local/lib/python3.12/site-packages/airflow/example_dags/example_xcom.py took 0.168 seconds
[2024-10-03T07:10:25.703+0000] {processor.py:186} INFO - Started process (PID=1940) to work on /home/airflow/.local/lib/python3.12/site-packages/airflow/example_dags/example_xcom.py
[2024-10-03T07:10:25.706+0000] {processor.py:914} INFO - Processing file /home/airflow/.local/lib/python3.12/site-packages/airflow/example_dags/example_xcom.py for tasks to queue
[2024-10-03T07:10:25.708+0000] {logging_mixin.py:190} INFO - [2024-10-03T07:10:25.707+0000] {dagbag.py:588} INFO - Filling up the DagBag from /home/airflow/.local/lib/python3.12/site-packages/airflow/example_dags/example_xcom.py
[2024-10-03T07:10:25.718+0000] {processor.py:925} INFO - DAG(s) 'example_xcom' retrieved from /home/airflow/.local/lib/python3.12/site-packages/airflow/example_dags/example_xcom.py
[2024-10-03T07:10:25.745+0000] {logging_mixin.py:190} INFO - [2024-10-03T07:10:25.744+0000] {dag.py:3239} INFO - Sync 1 DAGs
[2024-10-03T07:10:25.774+0000] {logging_mixin.py:190} INFO - [2024-10-03T07:10:25.774+0000] {dag.py:4180} INFO - Setting next_dagrun for example_xcom to 2021-01-01 00:00:00+00:00, run_after=2021-01-01 00:00:00+00:00
[2024-10-03T07:10:25.802+0000] {processor.py:208} INFO - Processing /home/airflow/.local/lib/python3.12/site-packages/airflow/example_dags/example_xcom.py took 0.105 seconds
[2024-10-03T07:10:55.903+0000] {processor.py:186} INFO - Started process (PID=2003) to work on /home/airflow/.local/lib/python3.12/site-packages/airflow/example_dags/example_xcom.py
[2024-10-03T07:10:55.904+0000] {processor.py:914} INFO - Processing file /home/airflow/.local/lib/python3.12/site-packages/airflow/example_dags/example_xcom.py for tasks to queue
[2024-10-03T07:10:55.907+0000] {logging_mixin.py:190} INFO - [2024-10-03T07:10:55.906+0000] {dagbag.py:588} INFO - Filling up the DagBag from /home/airflow/.local/lib/python3.12/site-packages/airflow/example_dags/example_xcom.py
[2024-10-03T07:10:55.917+0000] {processor.py:925} INFO - DAG(s) 'example_xcom' retrieved from /home/airflow/.local/lib/python3.12/site-packages/airflow/example_dags/example_xcom.py
[2024-10-03T07:10:55.944+0000] {logging_mixin.py:190} INFO - [2024-10-03T07:10:55.943+0000] {dag.py:3239} INFO - Sync 1 DAGs
[2024-10-03T07:10:55.969+0000] {logging_mixin.py:190} INFO - [2024-10-03T07:10:55.969+0000] {dag.py:4180} INFO - Setting next_dagrun for example_xcom to 2021-01-01 00:00:00+00:00, run_after=2021-01-01 00:00:00+00:00
[2024-10-03T07:10:55.999+0000] {processor.py:208} INFO - Processing /home/airflow/.local/lib/python3.12/site-packages/airflow/example_dags/example_xcom.py took 0.102 seconds
[2024-10-03T07:11:26.297+0000] {processor.py:186} INFO - Started process (PID=2066) to work on /home/airflow/.local/lib/python3.12/site-packages/airflow/example_dags/example_xcom.py
[2024-10-03T07:11:26.299+0000] {processor.py:914} INFO - Processing file /home/airflow/.local/lib/python3.12/site-packages/airflow/example_dags/example_xcom.py for tasks to queue
[2024-10-03T07:11:26.301+0000] {logging_mixin.py:190} INFO - [2024-10-03T07:11:26.300+0000] {dagbag.py:588} INFO - Filling up the DagBag from /home/airflow/.local/lib/python3.12/site-packages/airflow/example_dags/example_xcom.py
[2024-10-03T07:11:26.312+0000] {processor.py:925} INFO - DAG(s) 'example_xcom' retrieved from /home/airflow/.local/lib/python3.12/site-packages/airflow/example_dags/example_xcom.py
[2024-10-03T07:11:26.337+0000] {logging_mixin.py:190} INFO - [2024-10-03T07:11:26.337+0000] {dag.py:3239} INFO - Sync 1 DAGs
[2024-10-03T07:11:26.364+0000] {logging_mixin.py:190} INFO - [2024-10-03T07:11:26.364+0000] {dag.py:4180} INFO - Setting next_dagrun for example_xcom to 2021-01-01 00:00:00+00:00, run_after=2021-01-01 00:00:00+00:00
[2024-10-03T07:11:26.392+0000] {processor.py:208} INFO - Processing /home/airflow/.local/lib/python3.12/site-packages/airflow/example_dags/example_xcom.py took 0.103 seconds
[2024-10-03T07:11:57.450+0000] {processor.py:186} INFO - Started process (PID=2129) to work on /home/airflow/.local/lib/python3.12/site-packages/airflow/example_dags/example_xcom.py
[2024-10-03T07:11:57.451+0000] {processor.py:914} INFO - Processing file /home/airflow/.local/lib/python3.12/site-packages/airflow/example_dags/example_xcom.py for tasks to queue
[2024-10-03T07:11:57.453+0000] {logging_mixin.py:190} INFO - [2024-10-03T07:11:57.452+0000] {dagbag.py:588} INFO - Filling up the DagBag from /home/airflow/.local/lib/python3.12/site-packages/airflow/example_dags/example_xcom.py
[2024-10-03T07:11:57.462+0000] {processor.py:925} INFO - DAG(s) 'example_xcom' retrieved from /home/airflow/.local/lib/python3.12/site-packages/airflow/example_dags/example_xcom.py
[2024-10-03T07:11:57.487+0000] {logging_mixin.py:190} INFO - [2024-10-03T07:11:57.486+0000] {dag.py:3239} INFO - Sync 1 DAGs
[2024-10-03T07:11:57.513+0000] {logging_mixin.py:190} INFO - [2024-10-03T07:11:57.513+0000] {dag.py:4180} INFO - Setting next_dagrun for example_xcom to 2021-01-01 00:00:00+00:00, run_after=2021-01-01 00:00:00+00:00
[2024-10-03T07:11:57.541+0000] {processor.py:208} INFO - Processing /home/airflow/.local/lib/python3.12/site-packages/airflow/example_dags/example_xcom.py took 0.096 seconds
[2024-10-03T07:12:28.028+0000] {processor.py:186} INFO - Started process (PID=2192) to work on /home/airflow/.local/lib/python3.12/site-packages/airflow/example_dags/example_xcom.py
[2024-10-03T07:12:28.029+0000] {processor.py:914} INFO - Processing file /home/airflow/.local/lib/python3.12/site-packages/airflow/example_dags/example_xcom.py for tasks to queue
[2024-10-03T07:12:28.032+0000] {logging_mixin.py:190} INFO - [2024-10-03T07:12:28.031+0000] {dagbag.py:588} INFO - Filling up the DagBag from /home/airflow/.local/lib/python3.12/site-packages/airflow/example_dags/example_xcom.py
[2024-10-03T07:12:28.043+0000] {processor.py:925} INFO - DAG(s) 'example_xcom' retrieved from /home/airflow/.local/lib/python3.12/site-packages/airflow/example_dags/example_xcom.py
[2024-10-03T07:12:28.069+0000] {logging_mixin.py:190} INFO - [2024-10-03T07:12:28.069+0000] {dag.py:3239} INFO - Sync 1 DAGs
[2024-10-03T07:12:28.100+0000] {logging_mixin.py:190} INFO - [2024-10-03T07:12:28.100+0000] {dag.py:4180} INFO - Setting next_dagrun for example_xcom to 2021-01-01 00:00:00+00:00, run_after=2021-01-01 00:00:00+00:00
[2024-10-03T07:12:28.129+0000] {processor.py:208} INFO - Processing /home/airflow/.local/lib/python3.12/site-packages/airflow/example_dags/example_xcom.py took 0.106 seconds
[2024-10-03T07:12:59.880+0000] {processor.py:186} INFO - Started process (PID=2255) to work on /home/airflow/.local/lib/python3.12/site-packages/airflow/example_dags/example_xcom.py
[2024-10-03T07:12:59.881+0000] {processor.py:914} INFO - Processing file /home/airflow/.local/lib/python3.12/site-packages/airflow/example_dags/example_xcom.py for tasks to queue
[2024-10-03T07:12:59.884+0000] {logging_mixin.py:190} INFO - [2024-10-03T07:12:59.883+0000] {dagbag.py:588} INFO - Filling up the DagBag from /home/airflow/.local/lib/python3.12/site-packages/airflow/example_dags/example_xcom.py
[2024-10-03T07:12:59.893+0000] {processor.py:925} INFO - DAG(s) 'example_xcom' retrieved from /home/airflow/.local/lib/python3.12/site-packages/airflow/example_dags/example_xcom.py
[2024-10-03T07:12:59.919+0000] {logging_mixin.py:190} INFO - [2024-10-03T07:12:59.919+0000] {dag.py:3239} INFO - Sync 1 DAGs
[2024-10-03T07:12:59.946+0000] {logging_mixin.py:190} INFO - [2024-10-03T07:12:59.945+0000] {dag.py:4180} INFO - Setting next_dagrun for example_xcom to 2021-01-01 00:00:00+00:00, run_after=2021-01-01 00:00:00+00:00
[2024-10-03T07:12:59.975+0000] {processor.py:208} INFO - Processing /home/airflow/.local/lib/python3.12/site-packages/airflow/example_dags/example_xcom.py took 0.101 seconds
[2024-10-03T07:13:30.199+0000] {processor.py:186} INFO - Started process (PID=2318) to work on /home/airflow/.local/lib/python3.12/site-packages/airflow/example_dags/example_xcom.py
[2024-10-03T07:13:30.200+0000] {processor.py:914} INFO - Processing file /home/airflow/.local/lib/python3.12/site-packages/airflow/example_dags/example_xcom.py for tasks to queue
[2024-10-03T07:13:30.201+0000] {logging_mixin.py:190} INFO - [2024-10-03T07:13:30.201+0000] {dagbag.py:588} INFO - Filling up the DagBag from /home/airflow/.local/lib/python3.12/site-packages/airflow/example_dags/example_xcom.py
[2024-10-03T07:13:30.212+0000] {processor.py:925} INFO - DAG(s) 'example_xcom' retrieved from /home/airflow/.local/lib/python3.12/site-packages/airflow/example_dags/example_xcom.py
[2024-10-03T07:13:30.238+0000] {logging_mixin.py:190} INFO - [2024-10-03T07:13:30.238+0000] {dag.py:3239} INFO - Sync 1 DAGs
[2024-10-03T07:13:30.269+0000] {logging_mixin.py:190} INFO - [2024-10-03T07:13:30.269+0000] {dag.py:4180} INFO - Setting next_dagrun for example_xcom to 2021-01-01 00:00:00+00:00, run_after=2021-01-01 00:00:00+00:00
[2024-10-03T07:13:30.295+0000] {processor.py:208} INFO - Processing /home/airflow/.local/lib/python3.12/site-packages/airflow/example_dags/example_xcom.py took 0.103 seconds
[2024-10-03T07:14:03.250+0000] {processor.py:186} INFO - Started process (PID=2381) to work on /home/airflow/.local/lib/python3.12/site-packages/airflow/example_dags/example_xcom.py
[2024-10-03T07:14:03.251+0000] {processor.py:914} INFO - Processing file /home/airflow/.local/lib/python3.12/site-packages/airflow/example_dags/example_xcom.py for tasks to queue
[2024-10-03T07:14:03.253+0000] {logging_mixin.py:190} INFO - [2024-10-03T07:14:03.252+0000] {dagbag.py:588} INFO - Filling up the DagBag from /home/airflow/.local/lib/python3.12/site-packages/airflow/example_dags/example_xcom.py
[2024-10-03T07:14:03.267+0000] {processor.py:925} INFO - DAG(s) 'example_xcom' retrieved from /home/airflow/.local/lib/python3.12/site-packages/airflow/example_dags/example_xcom.py
[2024-10-03T07:14:03.298+0000] {logging_mixin.py:190} INFO - [2024-10-03T07:14:03.298+0000] {dag.py:3239} INFO - Sync 1 DAGs
[2024-10-03T07:14:03.342+0000] {logging_mixin.py:190} INFO - [2024-10-03T07:14:03.341+0000] {dag.py:4180} INFO - Setting next_dagrun for example_xcom to 2021-01-01 00:00:00+00:00, run_after=2021-01-01 00:00:00+00:00
[2024-10-03T07:14:03.384+0000] {processor.py:208} INFO - Processing /home/airflow/.local/lib/python3.12/site-packages/airflow/example_dags/example_xcom.py took 0.148 seconds
[2024-10-03T07:14:33.772+0000] {processor.py:186} INFO - Started process (PID=2444) to work on /home/airflow/.local/lib/python3.12/site-packages/airflow/example_dags/example_xcom.py
[2024-10-03T07:14:33.781+0000] {processor.py:914} INFO - Processing file /home/airflow/.local/lib/python3.12/site-packages/airflow/example_dags/example_xcom.py for tasks to queue
[2024-10-03T07:14:33.784+0000] {logging_mixin.py:190} INFO - [2024-10-03T07:14:33.783+0000] {dagbag.py:588} INFO - Filling up the DagBag from /home/airflow/.local/lib/python3.12/site-packages/airflow/example_dags/example_xcom.py
[2024-10-03T07:14:33.798+0000] {processor.py:925} INFO - DAG(s) 'example_xcom' retrieved from /home/airflow/.local/lib/python3.12/site-packages/airflow/example_dags/example_xcom.py
[2024-10-03T07:14:33.836+0000] {logging_mixin.py:190} INFO - [2024-10-03T07:14:33.836+0000] {dag.py:3239} INFO - Sync 1 DAGs
[2024-10-03T07:14:33.872+0000] {logging_mixin.py:190} INFO - [2024-10-03T07:14:33.872+0000] {dag.py:4180} INFO - Setting next_dagrun for example_xcom to 2021-01-01 00:00:00+00:00, run_after=2021-01-01 00:00:00+00:00
[2024-10-03T07:14:33.924+0000] {processor.py:208} INFO - Processing /home/airflow/.local/lib/python3.12/site-packages/airflow/example_dags/example_xcom.py took 0.172 seconds
[2024-10-03T07:15:04.091+0000] {processor.py:186} INFO - Started process (PID=2507) to work on /home/airflow/.local/lib/python3.12/site-packages/airflow/example_dags/example_xcom.py
[2024-10-03T07:15:04.092+0000] {processor.py:914} INFO - Processing file /home/airflow/.local/lib/python3.12/site-packages/airflow/example_dags/example_xcom.py for tasks to queue
[2024-10-03T07:15:04.094+0000] {logging_mixin.py:190} INFO - [2024-10-03T07:15:04.094+0000] {dagbag.py:588} INFO - Filling up the DagBag from /home/airflow/.local/lib/python3.12/site-packages/airflow/example_dags/example_xcom.py
[2024-10-03T07:15:04.104+0000] {processor.py:925} INFO - DAG(s) 'example_xcom' retrieved from /home/airflow/.local/lib/python3.12/site-packages/airflow/example_dags/example_xcom.py
[2024-10-03T07:15:04.128+0000] {logging_mixin.py:190} INFO - [2024-10-03T07:15:04.128+0000] {dag.py:3239} INFO - Sync 1 DAGs
[2024-10-03T07:15:04.156+0000] {logging_mixin.py:190} INFO - [2024-10-03T07:15:04.156+0000] {dag.py:4180} INFO - Setting next_dagrun for example_xcom to 2021-01-01 00:00:00+00:00, run_after=2021-01-01 00:00:00+00:00
[2024-10-03T07:15:04.181+0000] {processor.py:208} INFO - Processing /home/airflow/.local/lib/python3.12/site-packages/airflow/example_dags/example_xcom.py took 0.097 seconds
[2024-10-03T07:15:34.739+0000] {processor.py:186} INFO - Started process (PID=2570) to work on /home/airflow/.local/lib/python3.12/site-packages/airflow/example_dags/example_xcom.py
[2024-10-03T07:15:34.741+0000] {processor.py:914} INFO - Processing file /home/airflow/.local/lib/python3.12/site-packages/airflow/example_dags/example_xcom.py for tasks to queue
[2024-10-03T07:15:34.742+0000] {logging_mixin.py:190} INFO - [2024-10-03T07:15:34.742+0000] {dagbag.py:588} INFO - Filling up the DagBag from /home/airflow/.local/lib/python3.12/site-packages/airflow/example_dags/example_xcom.py
[2024-10-03T07:15:34.751+0000] {processor.py:925} INFO - DAG(s) 'example_xcom' retrieved from /home/airflow/.local/lib/python3.12/site-packages/airflow/example_dags/example_xcom.py
[2024-10-03T07:15:34.774+0000] {logging_mixin.py:190} INFO - [2024-10-03T07:15:34.774+0000] {dag.py:3239} INFO - Sync 1 DAGs
[2024-10-03T07:15:34.798+0000] {logging_mixin.py:190} INFO - [2024-10-03T07:15:34.798+0000] {dag.py:4180} INFO - Setting next_dagrun for example_xcom to 2021-01-01 00:00:00+00:00, run_after=2021-01-01 00:00:00+00:00
[2024-10-03T07:15:34.824+0000] {processor.py:208} INFO - Processing /home/airflow/.local/lib/python3.12/site-packages/airflow/example_dags/example_xcom.py took 0.090 seconds
[2024-10-03T07:16:05.507+0000] {processor.py:186} INFO - Started process (PID=2633) to work on /home/airflow/.local/lib/python3.12/site-packages/airflow/example_dags/example_xcom.py
[2024-10-03T07:16:05.508+0000] {processor.py:914} INFO - Processing file /home/airflow/.local/lib/python3.12/site-packages/airflow/example_dags/example_xcom.py for tasks to queue
[2024-10-03T07:16:05.510+0000] {logging_mixin.py:190} INFO - [2024-10-03T07:16:05.510+0000] {dagbag.py:588} INFO - Filling up the DagBag from /home/airflow/.local/lib/python3.12/site-packages/airflow/example_dags/example_xcom.py
[2024-10-03T07:16:05.519+0000] {processor.py:925} INFO - DAG(s) 'example_xcom' retrieved from /home/airflow/.local/lib/python3.12/site-packages/airflow/example_dags/example_xcom.py
[2024-10-03T07:16:05.544+0000] {logging_mixin.py:190} INFO - [2024-10-03T07:16:05.544+0000] {dag.py:3239} INFO - Sync 1 DAGs
[2024-10-03T07:16:05.574+0000] {logging_mixin.py:190} INFO - [2024-10-03T07:16:05.573+0000] {dag.py:4180} INFO - Setting next_dagrun for example_xcom to 2021-01-01 00:00:00+00:00, run_after=2021-01-01 00:00:00+00:00
[2024-10-03T07:16:05.602+0000] {processor.py:208} INFO - Processing /home/airflow/.local/lib/python3.12/site-packages/airflow/example_dags/example_xcom.py took 0.100 seconds
[2024-10-03T07:16:37.405+0000] {processor.py:186} INFO - Started process (PID=2696) to work on /home/airflow/.local/lib/python3.12/site-packages/airflow/example_dags/example_xcom.py
[2024-10-03T07:16:37.406+0000] {processor.py:914} INFO - Processing file /home/airflow/.local/lib/python3.12/site-packages/airflow/example_dags/example_xcom.py for tasks to queue
[2024-10-03T07:16:37.408+0000] {logging_mixin.py:190} INFO - [2024-10-03T07:16:37.408+0000] {dagbag.py:588} INFO - Filling up the DagBag from /home/airflow/.local/lib/python3.12/site-packages/airflow/example_dags/example_xcom.py
[2024-10-03T07:16:37.422+0000] {processor.py:925} INFO - DAG(s) 'example_xcom' retrieved from /home/airflow/.local/lib/python3.12/site-packages/airflow/example_dags/example_xcom.py
[2024-10-03T07:16:37.456+0000] {logging_mixin.py:190} INFO - [2024-10-03T07:16:37.455+0000] {dag.py:3239} INFO - Sync 1 DAGs
[2024-10-03T07:16:37.489+0000] {logging_mixin.py:190} INFO - [2024-10-03T07:16:37.489+0000] {dag.py:4180} INFO - Setting next_dagrun for example_xcom to 2021-01-01 00:00:00+00:00, run_after=2021-01-01 00:00:00+00:00
[2024-10-03T07:16:37.518+0000] {processor.py:208} INFO - Processing /home/airflow/.local/lib/python3.12/site-packages/airflow/example_dags/example_xcom.py took 0.121 seconds
[2024-10-03T07:17:08.253+0000] {processor.py:186} INFO - Started process (PID=2759) to work on /home/airflow/.local/lib/python3.12/site-packages/airflow/example_dags/example_xcom.py
[2024-10-03T07:17:08.254+0000] {processor.py:914} INFO - Processing file /home/airflow/.local/lib/python3.12/site-packages/airflow/example_dags/example_xcom.py for tasks to queue
[2024-10-03T07:17:08.256+0000] {logging_mixin.py:190} INFO - [2024-10-03T07:17:08.256+0000] {dagbag.py:588} INFO - Filling up the DagBag from /home/airflow/.local/lib/python3.12/site-packages/airflow/example_dags/example_xcom.py
[2024-10-03T07:17:08.265+0000] {processor.py:925} INFO - DAG(s) 'example_xcom' retrieved from /home/airflow/.local/lib/python3.12/site-packages/airflow/example_dags/example_xcom.py
[2024-10-03T07:17:08.291+0000] {logging_mixin.py:190} INFO - [2024-10-03T07:17:08.291+0000] {dag.py:3239} INFO - Sync 1 DAGs
[2024-10-03T07:17:08.317+0000] {logging_mixin.py:190} INFO - [2024-10-03T07:17:08.317+0000] {dag.py:4180} INFO - Setting next_dagrun for example_xcom to 2021-01-01 00:00:00+00:00, run_after=2021-01-01 00:00:00+00:00
[2024-10-03T07:17:08.355+0000] {processor.py:208} INFO - Processing /home/airflow/.local/lib/python3.12/site-packages/airflow/example_dags/example_xcom.py took 0.108 seconds
[2024-10-03T07:17:38.862+0000] {processor.py:186} INFO - Started process (PID=2822) to work on /home/airflow/.local/lib/python3.12/site-packages/airflow/example_dags/example_xcom.py
[2024-10-03T07:17:38.864+0000] {processor.py:914} INFO - Processing file /home/airflow/.local/lib/python3.12/site-packages/airflow/example_dags/example_xcom.py for tasks to queue
[2024-10-03T07:17:38.866+0000] {logging_mixin.py:190} INFO - [2024-10-03T07:17:38.865+0000] {dagbag.py:588} INFO - Filling up the DagBag from /home/airflow/.local/lib/python3.12/site-packages/airflow/example_dags/example_xcom.py
[2024-10-03T07:17:38.875+0000] {processor.py:925} INFO - DAG(s) 'example_xcom' retrieved from /home/airflow/.local/lib/python3.12/site-packages/airflow/example_dags/example_xcom.py
[2024-10-03T07:17:38.900+0000] {logging_mixin.py:190} INFO - [2024-10-03T07:17:38.900+0000] {dag.py:3239} INFO - Sync 1 DAGs
[2024-10-03T07:17:38.929+0000] {logging_mixin.py:190} INFO - [2024-10-03T07:17:38.929+0000] {dag.py:4180} INFO - Setting next_dagrun for example_xcom to 2021-01-01 00:00:00+00:00, run_after=2021-01-01 00:00:00+00:00
[2024-10-03T07:17:38.955+0000] {processor.py:208} INFO - Processing /home/airflow/.local/lib/python3.12/site-packages/airflow/example_dags/example_xcom.py took 0.100 seconds
[2024-10-03T07:18:09.746+0000] {processor.py:186} INFO - Started process (PID=2885) to work on /home/airflow/.local/lib/python3.12/site-packages/airflow/example_dags/example_xcom.py
[2024-10-03T07:18:09.748+0000] {processor.py:914} INFO - Processing file /home/airflow/.local/lib/python3.12/site-packages/airflow/example_dags/example_xcom.py for tasks to queue
[2024-10-03T07:18:09.749+0000] {logging_mixin.py:190} INFO - [2024-10-03T07:18:09.749+0000] {dagbag.py:588} INFO - Filling up the DagBag from /home/airflow/.local/lib/python3.12/site-packages/airflow/example_dags/example_xcom.py
[2024-10-03T07:18:09.759+0000] {processor.py:925} INFO - DAG(s) 'example_xcom' retrieved from /home/airflow/.local/lib/python3.12/site-packages/airflow/example_dags/example_xcom.py
[2024-10-03T07:18:09.785+0000] {logging_mixin.py:190} INFO - [2024-10-03T07:18:09.784+0000] {dag.py:3239} INFO - Sync 1 DAGs
[2024-10-03T07:18:09.812+0000] {logging_mixin.py:190} INFO - [2024-10-03T07:18:09.812+0000] {dag.py:4180} INFO - Setting next_dagrun for example_xcom to 2021-01-01 00:00:00+00:00, run_after=2021-01-01 00:00:00+00:00
[2024-10-03T07:18:09.838+0000] {processor.py:208} INFO - Processing /home/airflow/.local/lib/python3.12/site-packages/airflow/example_dags/example_xcom.py took 0.097 seconds
[2024-10-03T07:18:40.356+0000] {processor.py:186} INFO - Started process (PID=2948) to work on /home/airflow/.local/lib/python3.12/site-packages/airflow/example_dags/example_xcom.py
[2024-10-03T07:18:40.358+0000] {processor.py:914} INFO - Processing file /home/airflow/.local/lib/python3.12/site-packages/airflow/example_dags/example_xcom.py for tasks to queue
[2024-10-03T07:18:40.360+0000] {logging_mixin.py:190} INFO - [2024-10-03T07:18:40.359+0000] {dagbag.py:588} INFO - Filling up the DagBag from /home/airflow/.local/lib/python3.12/site-packages/airflow/example_dags/example_xcom.py
[2024-10-03T07:18:40.369+0000] {processor.py:925} INFO - DAG(s) 'example_xcom' retrieved from /home/airflow/.local/lib/python3.12/site-packages/airflow/example_dags/example_xcom.py
[2024-10-03T07:18:40.394+0000] {logging_mixin.py:190} INFO - [2024-10-03T07:18:40.393+0000] {dag.py:3239} INFO - Sync 1 DAGs
[2024-10-03T07:18:40.422+0000] {logging_mixin.py:190} INFO - [2024-10-03T07:18:40.422+0000] {dag.py:4180} INFO - Setting next_dagrun for example_xcom to 2021-01-01 00:00:00+00:00, run_after=2021-01-01 00:00:00+00:00
[2024-10-03T07:18:40.454+0000] {processor.py:208} INFO - Processing /home/airflow/.local/lib/python3.12/site-packages/airflow/example_dags/example_xcom.py took 0.105 seconds
