[2024-10-03T06:33:57.937+0000] {processor.py:157} INFO - Started process (PID=116) to work on /home/airflow/.local/lib/python3.8/site-packages/airflow/example_dags/example_complex.py
[2024-10-03T06:33:57.941+0000] {processor.py:829} INFO - Processing file /home/airflow/.local/lib/python3.8/site-packages/airflow/example_dags/example_complex.py for tasks to queue
[2024-10-03T06:33:57.946+0000] {logging_mixin.py:151} INFO - [2024-10-03T06:33:57.945+0000] {dagbag.py:539} INFO - Filling up the DagBag from /home/airflow/.local/lib/python3.8/site-packages/airflow/example_dags/example_complex.py
[2024-10-03T06:33:57.974+0000] {processor.py:839} INFO - DAG(s) dict_keys(['example_complex']) retrieved from /home/airflow/.local/lib/python3.8/site-packages/airflow/example_dags/example_complex.py
[2024-10-03T06:33:58.248+0000] {logging_mixin.py:151} INFO - [2024-10-03T06:33:58.247+0000] {manager.py:501} INFO - Created Permission View: can delete on DAG:example_complex
[2024-10-03T06:33:58.277+0000] {logging_mixin.py:151} INFO - [2024-10-03T06:33:58.277+0000] {manager.py:501} INFO - Created Permission View: can read on DAG:example_complex
[2024-10-03T06:33:58.297+0000] {logging_mixin.py:151} INFO - [2024-10-03T06:33:58.296+0000] {manager.py:501} INFO - Created Permission View: can edit on DAG:example_complex
[2024-10-03T06:33:58.326+0000] {logging_mixin.py:151} INFO - [2024-10-03T06:33:58.325+0000] {dag.py:2907} INFO - Sync 1 DAGs
[2024-10-03T06:33:58.352+0000] {logging_mixin.py:151} INFO - [2024-10-03T06:33:58.352+0000] {dag.py:2929} INFO - Creating ORM DAG for example_complex
[2024-10-03T06:33:58.354+0000] {logging_mixin.py:151} INFO - [2024-10-03T06:33:58.354+0000] {dag.py:3677} INFO - Setting next_dagrun for example_complex to None, run_after=None
[2024-10-03T06:33:58.402+0000] {processor.py:179} INFO - Processing /home/airflow/.local/lib/python3.8/site-packages/airflow/example_dags/example_complex.py took 0.471 seconds
[2024-10-03T06:34:29.069+0000] {processor.py:157} INFO - Started process (PID=174) to work on /home/airflow/.local/lib/python3.8/site-packages/airflow/example_dags/example_complex.py
[2024-10-03T06:34:29.071+0000] {processor.py:829} INFO - Processing file /home/airflow/.local/lib/python3.8/site-packages/airflow/example_dags/example_complex.py for tasks to queue
[2024-10-03T06:34:29.076+0000] {logging_mixin.py:151} INFO - [2024-10-03T06:34:29.075+0000] {dagbag.py:539} INFO - Filling up the DagBag from /home/airflow/.local/lib/python3.8/site-packages/airflow/example_dags/example_complex.py
[2024-10-03T06:34:29.098+0000] {processor.py:839} INFO - DAG(s) dict_keys(['example_complex']) retrieved from /home/airflow/.local/lib/python3.8/site-packages/airflow/example_dags/example_complex.py
[2024-10-03T06:34:29.157+0000] {logging_mixin.py:151} INFO - [2024-10-03T06:34:29.157+0000] {dag.py:2907} INFO - Sync 1 DAGs
[2024-10-03T06:34:29.180+0000] {logging_mixin.py:151} INFO - [2024-10-03T06:34:29.180+0000] {dag.py:3677} INFO - Setting next_dagrun for example_complex to None, run_after=None
[2024-10-03T06:34:29.227+0000] {processor.py:179} INFO - Processing /home/airflow/.local/lib/python3.8/site-packages/airflow/example_dags/example_complex.py took 0.165 seconds
[2024-10-03T06:34:59.396+0000] {processor.py:157} INFO - Started process (PID=231) to work on /home/airflow/.local/lib/python3.8/site-packages/airflow/example_dags/example_complex.py
[2024-10-03T06:34:59.398+0000] {processor.py:829} INFO - Processing file /home/airflow/.local/lib/python3.8/site-packages/airflow/example_dags/example_complex.py for tasks to queue
[2024-10-03T06:34:59.405+0000] {logging_mixin.py:151} INFO - [2024-10-03T06:34:59.404+0000] {dagbag.py:539} INFO - Filling up the DagBag from /home/airflow/.local/lib/python3.8/site-packages/airflow/example_dags/example_complex.py
[2024-10-03T06:34:59.429+0000] {processor.py:839} INFO - DAG(s) dict_keys(['example_complex']) retrieved from /home/airflow/.local/lib/python3.8/site-packages/airflow/example_dags/example_complex.py
[2024-10-03T06:34:59.488+0000] {logging_mixin.py:151} INFO - [2024-10-03T06:34:59.488+0000] {dag.py:2907} INFO - Sync 1 DAGs
[2024-10-03T06:34:59.508+0000] {logging_mixin.py:151} INFO - [2024-10-03T06:34:59.508+0000] {dag.py:3677} INFO - Setting next_dagrun for example_complex to None, run_after=None
[2024-10-03T06:34:59.550+0000] {processor.py:179} INFO - Processing /home/airflow/.local/lib/python3.8/site-packages/airflow/example_dags/example_complex.py took 0.159 seconds
[2024-10-03T06:35:30.237+0000] {processor.py:157} INFO - Started process (PID=290) to work on /home/airflow/.local/lib/python3.8/site-packages/airflow/example_dags/example_complex.py
[2024-10-03T06:35:30.240+0000] {processor.py:829} INFO - Processing file /home/airflow/.local/lib/python3.8/site-packages/airflow/example_dags/example_complex.py for tasks to queue
[2024-10-03T06:35:30.244+0000] {logging_mixin.py:151} INFO - [2024-10-03T06:35:30.244+0000] {dagbag.py:539} INFO - Filling up the DagBag from /home/airflow/.local/lib/python3.8/site-packages/airflow/example_dags/example_complex.py
[2024-10-03T06:35:30.264+0000] {processor.py:839} INFO - DAG(s) dict_keys(['example_complex']) retrieved from /home/airflow/.local/lib/python3.8/site-packages/airflow/example_dags/example_complex.py
[2024-10-03T06:35:30.329+0000] {logging_mixin.py:151} INFO - [2024-10-03T06:35:30.328+0000] {dag.py:2907} INFO - Sync 1 DAGs
[2024-10-03T06:35:30.358+0000] {logging_mixin.py:151} INFO - [2024-10-03T06:35:30.358+0000] {dag.py:3677} INFO - Setting next_dagrun for example_complex to None, run_after=None
[2024-10-03T06:35:30.402+0000] {processor.py:179} INFO - Processing /home/airflow/.local/lib/python3.8/site-packages/airflow/example_dags/example_complex.py took 0.170 seconds
[2024-10-03T06:36:00.516+0000] {processor.py:157} INFO - Started process (PID=348) to work on /home/airflow/.local/lib/python3.8/site-packages/airflow/example_dags/example_complex.py
[2024-10-03T06:36:00.518+0000] {processor.py:829} INFO - Processing file /home/airflow/.local/lib/python3.8/site-packages/airflow/example_dags/example_complex.py for tasks to queue
[2024-10-03T06:36:00.522+0000] {logging_mixin.py:151} INFO - [2024-10-03T06:36:00.522+0000] {dagbag.py:539} INFO - Filling up the DagBag from /home/airflow/.local/lib/python3.8/site-packages/airflow/example_dags/example_complex.py
[2024-10-03T06:36:00.552+0000] {processor.py:839} INFO - DAG(s) dict_keys(['example_complex']) retrieved from /home/airflow/.local/lib/python3.8/site-packages/airflow/example_dags/example_complex.py
[2024-10-03T06:36:00.626+0000] {logging_mixin.py:151} INFO - [2024-10-03T06:36:00.626+0000] {dag.py:2907} INFO - Sync 1 DAGs
[2024-10-03T06:36:00.671+0000] {logging_mixin.py:151} INFO - [2024-10-03T06:36:00.670+0000] {dag.py:3677} INFO - Setting next_dagrun for example_complex to None, run_after=None
[2024-10-03T06:36:00.773+0000] {processor.py:179} INFO - Processing /home/airflow/.local/lib/python3.8/site-packages/airflow/example_dags/example_complex.py took 0.267 seconds
[2024-10-03T06:36:31.189+0000] {processor.py:157} INFO - Started process (PID=406) to work on /home/airflow/.local/lib/python3.8/site-packages/airflow/example_dags/example_complex.py
[2024-10-03T06:36:31.192+0000] {processor.py:829} INFO - Processing file /home/airflow/.local/lib/python3.8/site-packages/airflow/example_dags/example_complex.py for tasks to queue
[2024-10-03T06:36:31.198+0000] {logging_mixin.py:151} INFO - [2024-10-03T06:36:31.197+0000] {dagbag.py:539} INFO - Filling up the DagBag from /home/airflow/.local/lib/python3.8/site-packages/airflow/example_dags/example_complex.py
[2024-10-03T06:36:31.226+0000] {processor.py:839} INFO - DAG(s) dict_keys(['example_complex']) retrieved from /home/airflow/.local/lib/python3.8/site-packages/airflow/example_dags/example_complex.py
[2024-10-03T06:36:31.297+0000] {logging_mixin.py:151} INFO - [2024-10-03T06:36:31.297+0000] {dag.py:2907} INFO - Sync 1 DAGs
[2024-10-03T06:36:31.328+0000] {logging_mixin.py:151} INFO - [2024-10-03T06:36:31.327+0000] {dag.py:3677} INFO - Setting next_dagrun for example_complex to None, run_after=None
[2024-10-03T06:36:31.393+0000] {processor.py:179} INFO - Processing /home/airflow/.local/lib/python3.8/site-packages/airflow/example_dags/example_complex.py took 0.215 seconds
[2024-10-03T06:41:16.963+0000] {processor.py:157} INFO - Started process (PID=102) to work on /home/airflow/.local/lib/python3.8/site-packages/airflow/example_dags/example_complex.py
[2024-10-03T06:41:16.968+0000] {processor.py:829} INFO - Processing file /home/airflow/.local/lib/python3.8/site-packages/airflow/example_dags/example_complex.py for tasks to queue
[2024-10-03T06:41:16.973+0000] {logging_mixin.py:151} INFO - [2024-10-03T06:41:16.972+0000] {dagbag.py:539} INFO - Filling up the DagBag from /home/airflow/.local/lib/python3.8/site-packages/airflow/example_dags/example_complex.py
[2024-10-03T06:41:16.999+0000] {processor.py:839} INFO - DAG(s) dict_keys(['example_complex']) retrieved from /home/airflow/.local/lib/python3.8/site-packages/airflow/example_dags/example_complex.py
[2024-10-03T06:41:17.579+0000] {logging_mixin.py:151} INFO - [2024-10-03T06:41:17.578+0000] {dag.py:2907} INFO - Sync 1 DAGs
[2024-10-03T06:41:17.606+0000] {logging_mixin.py:151} INFO - [2024-10-03T06:41:17.605+0000] {dag.py:3677} INFO - Setting next_dagrun for example_complex to None, run_after=None
[2024-10-03T06:41:17.680+0000] {processor.py:179} INFO - Processing /home/airflow/.local/lib/python3.8/site-packages/airflow/example_dags/example_complex.py took 0.726 seconds
[2024-10-03T06:41:47.840+0000] {processor.py:157} INFO - Started process (PID=160) to work on /home/airflow/.local/lib/python3.8/site-packages/airflow/example_dags/example_complex.py
[2024-10-03T06:41:47.843+0000] {processor.py:829} INFO - Processing file /home/airflow/.local/lib/python3.8/site-packages/airflow/example_dags/example_complex.py for tasks to queue
[2024-10-03T06:41:47.850+0000] {logging_mixin.py:151} INFO - [2024-10-03T06:41:47.849+0000] {dagbag.py:539} INFO - Filling up the DagBag from /home/airflow/.local/lib/python3.8/site-packages/airflow/example_dags/example_complex.py
[2024-10-03T06:41:47.877+0000] {processor.py:839} INFO - DAG(s) dict_keys(['example_complex']) retrieved from /home/airflow/.local/lib/python3.8/site-packages/airflow/example_dags/example_complex.py
[2024-10-03T06:41:47.957+0000] {logging_mixin.py:151} INFO - [2024-10-03T06:41:47.957+0000] {dag.py:2907} INFO - Sync 1 DAGs
[2024-10-03T06:41:47.993+0000] {logging_mixin.py:151} INFO - [2024-10-03T06:41:47.993+0000] {dag.py:3677} INFO - Setting next_dagrun for example_complex to None, run_after=None
[2024-10-03T06:41:48.056+0000] {processor.py:179} INFO - Processing /home/airflow/.local/lib/python3.8/site-packages/airflow/example_dags/example_complex.py took 0.224 seconds
[2024-10-03T06:42:19.239+0000] {processor.py:157} INFO - Started process (PID=218) to work on /home/airflow/.local/lib/python3.8/site-packages/airflow/example_dags/example_complex.py
[2024-10-03T06:42:19.241+0000] {processor.py:829} INFO - Processing file /home/airflow/.local/lib/python3.8/site-packages/airflow/example_dags/example_complex.py for tasks to queue
[2024-10-03T06:42:19.246+0000] {logging_mixin.py:151} INFO - [2024-10-03T06:42:19.245+0000] {dagbag.py:539} INFO - Filling up the DagBag from /home/airflow/.local/lib/python3.8/site-packages/airflow/example_dags/example_complex.py
[2024-10-03T06:42:19.264+0000] {processor.py:839} INFO - DAG(s) dict_keys(['example_complex']) retrieved from /home/airflow/.local/lib/python3.8/site-packages/airflow/example_dags/example_complex.py
[2024-10-03T06:42:19.324+0000] {logging_mixin.py:151} INFO - [2024-10-03T06:42:19.323+0000] {dag.py:2907} INFO - Sync 1 DAGs
[2024-10-03T06:42:19.347+0000] {logging_mixin.py:151} INFO - [2024-10-03T06:42:19.346+0000] {dag.py:3677} INFO - Setting next_dagrun for example_complex to None, run_after=None
[2024-10-03T06:42:19.389+0000] {processor.py:179} INFO - Processing /home/airflow/.local/lib/python3.8/site-packages/airflow/example_dags/example_complex.py took 0.155 seconds
[2024-10-03T06:42:53.153+0000] {processor.py:157} INFO - Started process (PID=276) to work on /home/airflow/.local/lib/python3.8/site-packages/airflow/example_dags/example_complex.py
[2024-10-03T06:42:53.156+0000] {processor.py:829} INFO - Processing file /home/airflow/.local/lib/python3.8/site-packages/airflow/example_dags/example_complex.py for tasks to queue
[2024-10-03T06:42:53.162+0000] {logging_mixin.py:151} INFO - [2024-10-03T06:42:53.161+0000] {dagbag.py:539} INFO - Filling up the DagBag from /home/airflow/.local/lib/python3.8/site-packages/airflow/example_dags/example_complex.py
[2024-10-03T06:42:53.194+0000] {processor.py:839} INFO - DAG(s) dict_keys(['example_complex']) retrieved from /home/airflow/.local/lib/python3.8/site-packages/airflow/example_dags/example_complex.py
[2024-10-03T06:42:53.276+0000] {logging_mixin.py:151} INFO - [2024-10-03T06:42:53.276+0000] {dag.py:2907} INFO - Sync 1 DAGs
[2024-10-03T06:42:53.311+0000] {logging_mixin.py:151} INFO - [2024-10-03T06:42:53.310+0000] {dag.py:3677} INFO - Setting next_dagrun for example_complex to None, run_after=None
[2024-10-03T06:42:53.373+0000] {processor.py:179} INFO - Processing /home/airflow/.local/lib/python3.8/site-packages/airflow/example_dags/example_complex.py took 0.228 seconds
[2024-10-03T06:52:45.619+0000] {processor.py:186} INFO - Started process (PID=99) to work on /home/airflow/.local/lib/python3.12/site-packages/airflow/example_dags/example_complex.py
[2024-10-03T06:52:45.623+0000] {processor.py:914} INFO - Processing file /home/airflow/.local/lib/python3.12/site-packages/airflow/example_dags/example_complex.py for tasks to queue
[2024-10-03T06:52:45.646+0000] {logging_mixin.py:190} INFO - [2024-10-03T06:52:45.644+0000] {dagbag.py:588} INFO - Filling up the DagBag from /home/airflow/.local/lib/python3.12/site-packages/airflow/example_dags/example_complex.py
[2024-10-03T06:52:46.110+0000] {processor.py:925} INFO - DAG(s) 'example_complex' retrieved from /home/airflow/.local/lib/python3.12/site-packages/airflow/example_dags/example_complex.py
[2024-10-03T06:52:46.765+0000] {logging_mixin.py:190} INFO - [2024-10-03T06:52:46.764+0000] {dag.py:3239} INFO - Sync 1 DAGs
[2024-10-03T06:52:46.805+0000] {logging_mixin.py:190} INFO - [2024-10-03T06:52:46.805+0000] {dag.py:4180} INFO - Setting next_dagrun for example_complex to None, run_after=None
[2024-10-03T06:52:46.870+0000] {processor.py:208} INFO - Processing /home/airflow/.local/lib/python3.12/site-packages/airflow/example_dags/example_complex.py took 1.268 seconds
[2024-10-03T06:53:17.389+0000] {processor.py:186} INFO - Started process (PID=163) to work on /home/airflow/.local/lib/python3.12/site-packages/airflow/example_dags/example_complex.py
[2024-10-03T06:53:17.391+0000] {processor.py:914} INFO - Processing file /home/airflow/.local/lib/python3.12/site-packages/airflow/example_dags/example_complex.py for tasks to queue
[2024-10-03T06:53:17.396+0000] {logging_mixin.py:190} INFO - [2024-10-03T06:53:17.395+0000] {dagbag.py:588} INFO - Filling up the DagBag from /home/airflow/.local/lib/python3.12/site-packages/airflow/example_dags/example_complex.py
[2024-10-03T06:53:17.427+0000] {processor.py:925} INFO - DAG(s) 'example_complex' retrieved from /home/airflow/.local/lib/python3.12/site-packages/airflow/example_dags/example_complex.py
[2024-10-03T06:53:17.520+0000] {logging_mixin.py:190} INFO - [2024-10-03T06:53:17.520+0000] {dag.py:3239} INFO - Sync 1 DAGs
[2024-10-03T06:53:17.571+0000] {logging_mixin.py:190} INFO - [2024-10-03T06:53:17.570+0000] {dag.py:4180} INFO - Setting next_dagrun for example_complex to None, run_after=None
[2024-10-03T06:53:17.634+0000] {processor.py:208} INFO - Processing /home/airflow/.local/lib/python3.12/site-packages/airflow/example_dags/example_complex.py took 0.257 seconds
[2024-10-03T06:53:48.406+0000] {processor.py:186} INFO - Started process (PID=227) to work on /home/airflow/.local/lib/python3.12/site-packages/airflow/example_dags/example_complex.py
[2024-10-03T06:53:48.408+0000] {processor.py:914} INFO - Processing file /home/airflow/.local/lib/python3.12/site-packages/airflow/example_dags/example_complex.py for tasks to queue
[2024-10-03T06:53:48.414+0000] {logging_mixin.py:190} INFO - [2024-10-03T06:53:48.413+0000] {dagbag.py:588} INFO - Filling up the DagBag from /home/airflow/.local/lib/python3.12/site-packages/airflow/example_dags/example_complex.py
[2024-10-03T06:53:48.464+0000] {processor.py:925} INFO - DAG(s) 'example_complex' retrieved from /home/airflow/.local/lib/python3.12/site-packages/airflow/example_dags/example_complex.py
[2024-10-03T06:53:48.538+0000] {logging_mixin.py:190} INFO - [2024-10-03T06:53:48.538+0000] {dag.py:3239} INFO - Sync 1 DAGs
[2024-10-03T06:53:48.564+0000] {logging_mixin.py:190} INFO - [2024-10-03T06:53:48.564+0000] {dag.py:4180} INFO - Setting next_dagrun for example_complex to None, run_after=None
[2024-10-03T06:53:48.637+0000] {processor.py:208} INFO - Processing /home/airflow/.local/lib/python3.12/site-packages/airflow/example_dags/example_complex.py took 0.239 seconds
[2024-10-03T06:54:19.324+0000] {processor.py:186} INFO - Started process (PID=291) to work on /home/airflow/.local/lib/python3.12/site-packages/airflow/example_dags/example_complex.py
[2024-10-03T06:54:19.326+0000] {processor.py:914} INFO - Processing file /home/airflow/.local/lib/python3.12/site-packages/airflow/example_dags/example_complex.py for tasks to queue
[2024-10-03T06:54:19.329+0000] {logging_mixin.py:190} INFO - [2024-10-03T06:54:19.329+0000] {dagbag.py:588} INFO - Filling up the DagBag from /home/airflow/.local/lib/python3.12/site-packages/airflow/example_dags/example_complex.py
[2024-10-03T06:54:19.353+0000] {processor.py:925} INFO - DAG(s) 'example_complex' retrieved from /home/airflow/.local/lib/python3.12/site-packages/airflow/example_dags/example_complex.py
[2024-10-03T06:54:19.403+0000] {logging_mixin.py:190} INFO - [2024-10-03T06:54:19.402+0000] {dag.py:3239} INFO - Sync 1 DAGs
[2024-10-03T06:54:19.428+0000] {logging_mixin.py:190} INFO - [2024-10-03T06:54:19.427+0000] {dag.py:4180} INFO - Setting next_dagrun for example_complex to None, run_after=None
[2024-10-03T06:54:19.468+0000] {processor.py:208} INFO - Processing /home/airflow/.local/lib/python3.12/site-packages/airflow/example_dags/example_complex.py took 0.150 seconds
[2024-10-03T06:54:49.800+0000] {processor.py:186} INFO - Started process (PID=355) to work on /home/airflow/.local/lib/python3.12/site-packages/airflow/example_dags/example_complex.py
[2024-10-03T06:54:49.804+0000] {processor.py:914} INFO - Processing file /home/airflow/.local/lib/python3.12/site-packages/airflow/example_dags/example_complex.py for tasks to queue
[2024-10-03T06:54:49.810+0000] {logging_mixin.py:190} INFO - [2024-10-03T06:54:49.809+0000] {dagbag.py:588} INFO - Filling up the DagBag from /home/airflow/.local/lib/python3.12/site-packages/airflow/example_dags/example_complex.py
[2024-10-03T06:54:49.832+0000] {processor.py:925} INFO - DAG(s) 'example_complex' retrieved from /home/airflow/.local/lib/python3.12/site-packages/airflow/example_dags/example_complex.py
[2024-10-03T06:54:49.921+0000] {logging_mixin.py:190} INFO - [2024-10-03T06:54:49.920+0000] {dag.py:3239} INFO - Sync 1 DAGs
[2024-10-03T06:54:49.948+0000] {logging_mixin.py:190} INFO - [2024-10-03T06:54:49.948+0000] {dag.py:4180} INFO - Setting next_dagrun for example_complex to None, run_after=None
[2024-10-03T06:54:49.988+0000] {processor.py:208} INFO - Processing /home/airflow/.local/lib/python3.12/site-packages/airflow/example_dags/example_complex.py took 0.203 seconds
[2024-10-03T06:55:20.750+0000] {processor.py:186} INFO - Started process (PID=419) to work on /home/airflow/.local/lib/python3.12/site-packages/airflow/example_dags/example_complex.py
[2024-10-03T06:55:20.945+0000] {processor.py:914} INFO - Processing file /home/airflow/.local/lib/python3.12/site-packages/airflow/example_dags/example_complex.py for tasks to queue
[2024-10-03T06:55:20.951+0000] {logging_mixin.py:190} INFO - [2024-10-03T06:55:20.950+0000] {dagbag.py:588} INFO - Filling up the DagBag from /home/airflow/.local/lib/python3.12/site-packages/airflow/example_dags/example_complex.py
[2024-10-03T06:55:20.972+0000] {processor.py:925} INFO - DAG(s) 'example_complex' retrieved from /home/airflow/.local/lib/python3.12/site-packages/airflow/example_dags/example_complex.py
[2024-10-03T06:55:21.013+0000] {logging_mixin.py:190} INFO - [2024-10-03T06:55:21.013+0000] {dag.py:3239} INFO - Sync 1 DAGs
[2024-10-03T06:55:21.035+0000] {logging_mixin.py:190} INFO - [2024-10-03T06:55:21.035+0000] {dag.py:4180} INFO - Setting next_dagrun for example_complex to None, run_after=None
[2024-10-03T06:55:21.088+0000] {processor.py:208} INFO - Processing /home/airflow/.local/lib/python3.12/site-packages/airflow/example_dags/example_complex.py took 0.349 seconds
[2024-10-03T06:55:51.289+0000] {processor.py:186} INFO - Started process (PID=483) to work on /home/airflow/.local/lib/python3.12/site-packages/airflow/example_dags/example_complex.py
[2024-10-03T06:55:51.291+0000] {processor.py:914} INFO - Processing file /home/airflow/.local/lib/python3.12/site-packages/airflow/example_dags/example_complex.py for tasks to queue
[2024-10-03T06:55:51.295+0000] {logging_mixin.py:190} INFO - [2024-10-03T06:55:51.294+0000] {dagbag.py:588} INFO - Filling up the DagBag from /home/airflow/.local/lib/python3.12/site-packages/airflow/example_dags/example_complex.py
[2024-10-03T06:55:51.311+0000] {processor.py:925} INFO - DAG(s) 'example_complex' retrieved from /home/airflow/.local/lib/python3.12/site-packages/airflow/example_dags/example_complex.py
[2024-10-03T06:55:51.356+0000] {logging_mixin.py:190} INFO - [2024-10-03T06:55:51.356+0000] {dag.py:3239} INFO - Sync 1 DAGs
[2024-10-03T06:55:51.375+0000] {logging_mixin.py:190} INFO - [2024-10-03T06:55:51.375+0000] {dag.py:4180} INFO - Setting next_dagrun for example_complex to None, run_after=None
[2024-10-03T06:55:51.410+0000] {processor.py:208} INFO - Processing /home/airflow/.local/lib/python3.12/site-packages/airflow/example_dags/example_complex.py took 0.130 seconds
[2024-10-03T06:56:22.019+0000] {processor.py:186} INFO - Started process (PID=547) to work on /home/airflow/.local/lib/python3.12/site-packages/airflow/example_dags/example_complex.py
[2024-10-03T06:56:22.023+0000] {processor.py:914} INFO - Processing file /home/airflow/.local/lib/python3.12/site-packages/airflow/example_dags/example_complex.py for tasks to queue
[2024-10-03T06:56:22.030+0000] {logging_mixin.py:190} INFO - [2024-10-03T06:56:22.029+0000] {dagbag.py:588} INFO - Filling up the DagBag from /home/airflow/.local/lib/python3.12/site-packages/airflow/example_dags/example_complex.py
[2024-10-03T06:56:22.061+0000] {processor.py:925} INFO - DAG(s) 'example_complex' retrieved from /home/airflow/.local/lib/python3.12/site-packages/airflow/example_dags/example_complex.py
[2024-10-03T06:56:22.153+0000] {logging_mixin.py:190} INFO - [2024-10-03T06:56:22.153+0000] {dag.py:3239} INFO - Sync 1 DAGs
[2024-10-03T06:56:22.194+0000] {logging_mixin.py:190} INFO - [2024-10-03T06:56:22.193+0000] {dag.py:4180} INFO - Setting next_dagrun for example_complex to None, run_after=None
[2024-10-03T06:56:22.247+0000] {processor.py:208} INFO - Processing /home/airflow/.local/lib/python3.12/site-packages/airflow/example_dags/example_complex.py took 0.247 seconds
[2024-10-03T06:56:52.364+0000] {processor.py:186} INFO - Started process (PID=611) to work on /home/airflow/.local/lib/python3.12/site-packages/airflow/example_dags/example_complex.py
[2024-10-03T06:56:52.366+0000] {processor.py:914} INFO - Processing file /home/airflow/.local/lib/python3.12/site-packages/airflow/example_dags/example_complex.py for tasks to queue
[2024-10-03T06:56:52.369+0000] {logging_mixin.py:190} INFO - [2024-10-03T06:56:52.369+0000] {dagbag.py:588} INFO - Filling up the DagBag from /home/airflow/.local/lib/python3.12/site-packages/airflow/example_dags/example_complex.py
[2024-10-03T06:56:52.386+0000] {processor.py:925} INFO - DAG(s) 'example_complex' retrieved from /home/airflow/.local/lib/python3.12/site-packages/airflow/example_dags/example_complex.py
[2024-10-03T06:56:52.423+0000] {logging_mixin.py:190} INFO - [2024-10-03T06:56:52.423+0000] {dag.py:3239} INFO - Sync 1 DAGs
[2024-10-03T06:56:52.441+0000] {logging_mixin.py:190} INFO - [2024-10-03T06:56:52.440+0000] {dag.py:4180} INFO - Setting next_dagrun for example_complex to None, run_after=None
[2024-10-03T06:56:52.637+0000] {processor.py:208} INFO - Processing /home/airflow/.local/lib/python3.12/site-packages/airflow/example_dags/example_complex.py took 0.280 seconds
[2024-10-03T06:57:23.282+0000] {processor.py:186} INFO - Started process (PID=675) to work on /home/airflow/.local/lib/python3.12/site-packages/airflow/example_dags/example_complex.py
[2024-10-03T06:57:23.286+0000] {processor.py:914} INFO - Processing file /home/airflow/.local/lib/python3.12/site-packages/airflow/example_dags/example_complex.py for tasks to queue
[2024-10-03T06:57:23.292+0000] {logging_mixin.py:190} INFO - [2024-10-03T06:57:23.291+0000] {dagbag.py:588} INFO - Filling up the DagBag from /home/airflow/.local/lib/python3.12/site-packages/airflow/example_dags/example_complex.py
[2024-10-03T06:57:23.333+0000] {processor.py:925} INFO - DAG(s) 'example_complex' retrieved from /home/airflow/.local/lib/python3.12/site-packages/airflow/example_dags/example_complex.py
[2024-10-03T06:57:23.465+0000] {logging_mixin.py:190} INFO - [2024-10-03T06:57:23.463+0000] {dag.py:3239} INFO - Sync 1 DAGs
[2024-10-03T06:57:23.516+0000] {logging_mixin.py:190} INFO - [2024-10-03T06:57:23.515+0000] {dag.py:4180} INFO - Setting next_dagrun for example_complex to None, run_after=None
[2024-10-03T06:57:23.622+0000] {processor.py:208} INFO - Processing /home/airflow/.local/lib/python3.12/site-packages/airflow/example_dags/example_complex.py took 0.366 seconds
[2024-10-03T06:57:53.914+0000] {processor.py:186} INFO - Started process (PID=739) to work on /home/airflow/.local/lib/python3.12/site-packages/airflow/example_dags/example_complex.py
[2024-10-03T06:57:53.920+0000] {processor.py:914} INFO - Processing file /home/airflow/.local/lib/python3.12/site-packages/airflow/example_dags/example_complex.py for tasks to queue
[2024-10-03T06:57:53.924+0000] {logging_mixin.py:190} INFO - [2024-10-03T06:57:53.923+0000] {dagbag.py:588} INFO - Filling up the DagBag from /home/airflow/.local/lib/python3.12/site-packages/airflow/example_dags/example_complex.py
[2024-10-03T06:57:53.944+0000] {processor.py:925} INFO - DAG(s) 'example_complex' retrieved from /home/airflow/.local/lib/python3.12/site-packages/airflow/example_dags/example_complex.py
[2024-10-03T06:57:53.991+0000] {logging_mixin.py:190} INFO - [2024-10-03T06:57:53.990+0000] {dag.py:3239} INFO - Sync 1 DAGs
[2024-10-03T06:57:54.017+0000] {logging_mixin.py:190} INFO - [2024-10-03T06:57:54.017+0000] {dag.py:4180} INFO - Setting next_dagrun for example_complex to None, run_after=None
[2024-10-03T06:57:54.053+0000] {processor.py:208} INFO - Processing /home/airflow/.local/lib/python3.12/site-packages/airflow/example_dags/example_complex.py took 0.148 seconds
[2024-10-03T06:58:24.196+0000] {processor.py:186} INFO - Started process (PID=803) to work on /home/airflow/.local/lib/python3.12/site-packages/airflow/example_dags/example_complex.py
[2024-10-03T06:58:24.198+0000] {processor.py:914} INFO - Processing file /home/airflow/.local/lib/python3.12/site-packages/airflow/example_dags/example_complex.py for tasks to queue
[2024-10-03T06:58:24.202+0000] {logging_mixin.py:190} INFO - [2024-10-03T06:58:24.201+0000] {dagbag.py:588} INFO - Filling up the DagBag from /home/airflow/.local/lib/python3.12/site-packages/airflow/example_dags/example_complex.py
[2024-10-03T06:58:24.216+0000] {processor.py:925} INFO - DAG(s) 'example_complex' retrieved from /home/airflow/.local/lib/python3.12/site-packages/airflow/example_dags/example_complex.py
[2024-10-03T06:58:24.260+0000] {logging_mixin.py:190} INFO - [2024-10-03T06:58:24.259+0000] {dag.py:3239} INFO - Sync 1 DAGs
[2024-10-03T06:58:24.278+0000] {logging_mixin.py:190} INFO - [2024-10-03T06:58:24.278+0000] {dag.py:4180} INFO - Setting next_dagrun for example_complex to None, run_after=None
[2024-10-03T06:58:24.312+0000] {processor.py:208} INFO - Processing /home/airflow/.local/lib/python3.12/site-packages/airflow/example_dags/example_complex.py took 0.122 seconds
[2024-10-03T06:58:54.575+0000] {processor.py:186} INFO - Started process (PID=867) to work on /home/airflow/.local/lib/python3.12/site-packages/airflow/example_dags/example_complex.py
[2024-10-03T06:58:54.582+0000] {processor.py:914} INFO - Processing file /home/airflow/.local/lib/python3.12/site-packages/airflow/example_dags/example_complex.py for tasks to queue
[2024-10-03T06:58:54.589+0000] {logging_mixin.py:190} INFO - [2024-10-03T06:58:54.588+0000] {dagbag.py:588} INFO - Filling up the DagBag from /home/airflow/.local/lib/python3.12/site-packages/airflow/example_dags/example_complex.py
[2024-10-03T06:58:54.623+0000] {processor.py:925} INFO - DAG(s) 'example_complex' retrieved from /home/airflow/.local/lib/python3.12/site-packages/airflow/example_dags/example_complex.py
[2024-10-03T06:58:54.696+0000] {logging_mixin.py:190} INFO - [2024-10-03T06:58:54.696+0000] {dag.py:3239} INFO - Sync 1 DAGs
[2024-10-03T06:58:54.735+0000] {logging_mixin.py:190} INFO - [2024-10-03T06:58:54.734+0000] {dag.py:4180} INFO - Setting next_dagrun for example_complex to None, run_after=None
[2024-10-03T06:58:54.785+0000] {processor.py:208} INFO - Processing /home/airflow/.local/lib/python3.12/site-packages/airflow/example_dags/example_complex.py took 0.228 seconds
[2024-10-03T06:59:25.367+0000] {processor.py:186} INFO - Started process (PID=931) to work on /home/airflow/.local/lib/python3.12/site-packages/airflow/example_dags/example_complex.py
[2024-10-03T06:59:25.369+0000] {processor.py:914} INFO - Processing file /home/airflow/.local/lib/python3.12/site-packages/airflow/example_dags/example_complex.py for tasks to queue
[2024-10-03T06:59:25.372+0000] {logging_mixin.py:190} INFO - [2024-10-03T06:59:25.372+0000] {dagbag.py:588} INFO - Filling up the DagBag from /home/airflow/.local/lib/python3.12/site-packages/airflow/example_dags/example_complex.py
[2024-10-03T06:59:25.387+0000] {processor.py:925} INFO - DAG(s) 'example_complex' retrieved from /home/airflow/.local/lib/python3.12/site-packages/airflow/example_dags/example_complex.py
[2024-10-03T06:59:25.431+0000] {logging_mixin.py:190} INFO - [2024-10-03T06:59:25.431+0000] {dag.py:3239} INFO - Sync 1 DAGs
[2024-10-03T06:59:25.449+0000] {logging_mixin.py:190} INFO - [2024-10-03T06:59:25.449+0000] {dag.py:4180} INFO - Setting next_dagrun for example_complex to None, run_after=None
[2024-10-03T06:59:25.491+0000] {processor.py:208} INFO - Processing /home/airflow/.local/lib/python3.12/site-packages/airflow/example_dags/example_complex.py took 0.130 seconds
[2024-10-03T07:00:08.502+0000] {processor.py:186} INFO - Started process (PID=980) to work on /home/airflow/.local/lib/python3.12/site-packages/airflow/example_dags/example_complex.py
[2024-10-03T07:00:08.504+0000] {processor.py:914} INFO - Processing file /home/airflow/.local/lib/python3.12/site-packages/airflow/example_dags/example_complex.py for tasks to queue
[2024-10-03T07:00:08.509+0000] {logging_mixin.py:190} INFO - [2024-10-03T07:00:08.508+0000] {dagbag.py:588} INFO - Filling up the DagBag from /home/airflow/.local/lib/python3.12/site-packages/airflow/example_dags/example_complex.py
[2024-10-03T07:00:08.536+0000] {processor.py:925} INFO - DAG(s) 'example_complex' retrieved from /home/airflow/.local/lib/python3.12/site-packages/airflow/example_dags/example_complex.py
[2024-10-03T07:00:08.594+0000] {logging_mixin.py:190} INFO - [2024-10-03T07:00:08.594+0000] {dag.py:3239} INFO - Sync 1 DAGs
[2024-10-03T07:00:08.627+0000] {logging_mixin.py:190} INFO - [2024-10-03T07:00:08.627+0000] {dag.py:4180} INFO - Setting next_dagrun for example_complex to None, run_after=None
[2024-10-03T07:00:08.671+0000] {processor.py:208} INFO - Processing /home/airflow/.local/lib/python3.12/site-packages/airflow/example_dags/example_complex.py took 0.178 seconds
[2024-10-03T07:00:39.167+0000] {processor.py:186} INFO - Started process (PID=1044) to work on /home/airflow/.local/lib/python3.12/site-packages/airflow/example_dags/example_complex.py
[2024-10-03T07:00:39.169+0000] {processor.py:914} INFO - Processing file /home/airflow/.local/lib/python3.12/site-packages/airflow/example_dags/example_complex.py for tasks to queue
[2024-10-03T07:00:39.174+0000] {logging_mixin.py:190} INFO - [2024-10-03T07:00:39.173+0000] {dagbag.py:588} INFO - Filling up the DagBag from /home/airflow/.local/lib/python3.12/site-packages/airflow/example_dags/example_complex.py
[2024-10-03T07:00:39.194+0000] {processor.py:925} INFO - DAG(s) 'example_complex' retrieved from /home/airflow/.local/lib/python3.12/site-packages/airflow/example_dags/example_complex.py
[2024-10-03T07:00:39.245+0000] {logging_mixin.py:190} INFO - [2024-10-03T07:00:39.244+0000] {dag.py:3239} INFO - Sync 1 DAGs
[2024-10-03T07:00:39.269+0000] {logging_mixin.py:190} INFO - [2024-10-03T07:00:39.269+0000] {dag.py:4180} INFO - Setting next_dagrun for example_complex to None, run_after=None
[2024-10-03T07:00:39.321+0000] {processor.py:208} INFO - Processing /home/airflow/.local/lib/python3.12/site-packages/airflow/example_dags/example_complex.py took 0.163 seconds
[2024-10-03T07:01:19.066+0000] {processor.py:186} INFO - Started process (PID=1107) to work on /home/airflow/.local/lib/python3.12/site-packages/airflow/example_dags/example_complex.py
[2024-10-03T07:01:19.071+0000] {processor.py:914} INFO - Processing file /home/airflow/.local/lib/python3.12/site-packages/airflow/example_dags/example_complex.py for tasks to queue
[2024-10-03T07:01:19.075+0000] {logging_mixin.py:190} INFO - [2024-10-03T07:01:19.074+0000] {dagbag.py:588} INFO - Filling up the DagBag from /home/airflow/.local/lib/python3.12/site-packages/airflow/example_dags/example_complex.py
[2024-10-03T07:01:19.105+0000] {processor.py:925} INFO - DAG(s) 'example_complex' retrieved from /home/airflow/.local/lib/python3.12/site-packages/airflow/example_dags/example_complex.py
[2024-10-03T07:01:19.171+0000] {logging_mixin.py:190} INFO - [2024-10-03T07:01:19.170+0000] {dag.py:3239} INFO - Sync 1 DAGs
[2024-10-03T07:01:19.206+0000] {logging_mixin.py:190} INFO - [2024-10-03T07:01:19.206+0000] {dag.py:4180} INFO - Setting next_dagrun for example_complex to None, run_after=None
[2024-10-03T07:01:19.259+0000] {processor.py:208} INFO - Processing /home/airflow/.local/lib/python3.12/site-packages/airflow/example_dags/example_complex.py took 0.203 seconds
[2024-10-03T07:02:37.470+0000] {processor.py:186} INFO - Started process (PID=1164) to work on /home/airflow/.local/lib/python3.12/site-packages/airflow/example_dags/example_complex.py
[2024-10-03T07:02:37.472+0000] {processor.py:914} INFO - Processing file /home/airflow/.local/lib/python3.12/site-packages/airflow/example_dags/example_complex.py for tasks to queue
[2024-10-03T07:02:37.474+0000] {logging_mixin.py:190} INFO - [2024-10-03T07:02:37.473+0000] {dagbag.py:588} INFO - Filling up the DagBag from /home/airflow/.local/lib/python3.12/site-packages/airflow/example_dags/example_complex.py
[2024-10-03T07:02:37.502+0000] {processor.py:925} INFO - DAG(s) 'example_complex' retrieved from /home/airflow/.local/lib/python3.12/site-packages/airflow/example_dags/example_complex.py
[2024-10-03T07:02:37.555+0000] {logging_mixin.py:190} INFO - [2024-10-03T07:02:37.554+0000] {dag.py:3239} INFO - Sync 1 DAGs
[2024-10-03T07:02:37.578+0000] {logging_mixin.py:190} INFO - [2024-10-03T07:02:37.577+0000] {dag.py:4180} INFO - Setting next_dagrun for example_complex to None, run_after=None
[2024-10-03T07:02:37.618+0000] {processor.py:208} INFO - Processing /home/airflow/.local/lib/python3.12/site-packages/airflow/example_dags/example_complex.py took 0.155 seconds
[2024-10-03T07:03:08.027+0000] {processor.py:186} INFO - Started process (PID=1227) to work on /home/airflow/.local/lib/python3.12/site-packages/airflow/example_dags/example_complex.py
[2024-10-03T07:03:08.029+0000] {processor.py:914} INFO - Processing file /home/airflow/.local/lib/python3.12/site-packages/airflow/example_dags/example_complex.py for tasks to queue
[2024-10-03T07:03:08.032+0000] {logging_mixin.py:190} INFO - [2024-10-03T07:03:08.032+0000] {dagbag.py:588} INFO - Filling up the DagBag from /home/airflow/.local/lib/python3.12/site-packages/airflow/example_dags/example_complex.py
[2024-10-03T07:03:08.055+0000] {processor.py:925} INFO - DAG(s) 'example_complex' retrieved from /home/airflow/.local/lib/python3.12/site-packages/airflow/example_dags/example_complex.py
[2024-10-03T07:03:08.132+0000] {logging_mixin.py:190} INFO - [2024-10-03T07:03:08.131+0000] {dag.py:3239} INFO - Sync 1 DAGs
[2024-10-03T07:03:08.158+0000] {logging_mixin.py:190} INFO - [2024-10-03T07:03:08.158+0000] {dag.py:4180} INFO - Setting next_dagrun for example_complex to None, run_after=None
[2024-10-03T07:03:08.194+0000] {processor.py:208} INFO - Processing /home/airflow/.local/lib/python3.12/site-packages/airflow/example_dags/example_complex.py took 0.176 seconds
[2024-10-03T07:03:38.294+0000] {processor.py:186} INFO - Started process (PID=1290) to work on /home/airflow/.local/lib/python3.12/site-packages/airflow/example_dags/example_complex.py
[2024-10-03T07:03:38.295+0000] {processor.py:914} INFO - Processing file /home/airflow/.local/lib/python3.12/site-packages/airflow/example_dags/example_complex.py for tasks to queue
[2024-10-03T07:03:38.297+0000] {logging_mixin.py:190} INFO - [2024-10-03T07:03:38.297+0000] {dagbag.py:588} INFO - Filling up the DagBag from /home/airflow/.local/lib/python3.12/site-packages/airflow/example_dags/example_complex.py
[2024-10-03T07:03:38.311+0000] {processor.py:925} INFO - DAG(s) 'example_complex' retrieved from /home/airflow/.local/lib/python3.12/site-packages/airflow/example_dags/example_complex.py
[2024-10-03T07:03:38.345+0000] {logging_mixin.py:190} INFO - [2024-10-03T07:03:38.345+0000] {dag.py:3239} INFO - Sync 1 DAGs
[2024-10-03T07:03:38.363+0000] {logging_mixin.py:190} INFO - [2024-10-03T07:03:38.363+0000] {dag.py:4180} INFO - Setting next_dagrun for example_complex to None, run_after=None
[2024-10-03T07:03:38.388+0000] {processor.py:208} INFO - Processing /home/airflow/.local/lib/python3.12/site-packages/airflow/example_dags/example_complex.py took 0.101 seconds
[2024-10-03T07:04:09.271+0000] {processor.py:186} INFO - Started process (PID=1353) to work on /home/airflow/.local/lib/python3.12/site-packages/airflow/example_dags/example_complex.py
[2024-10-03T07:04:09.272+0000] {processor.py:914} INFO - Processing file /home/airflow/.local/lib/python3.12/site-packages/airflow/example_dags/example_complex.py for tasks to queue
[2024-10-03T07:04:09.274+0000] {logging_mixin.py:190} INFO - [2024-10-03T07:04:09.274+0000] {dagbag.py:588} INFO - Filling up the DagBag from /home/airflow/.local/lib/python3.12/site-packages/airflow/example_dags/example_complex.py
[2024-10-03T07:04:09.289+0000] {processor.py:925} INFO - DAG(s) 'example_complex' retrieved from /home/airflow/.local/lib/python3.12/site-packages/airflow/example_dags/example_complex.py
[2024-10-03T07:04:09.332+0000] {logging_mixin.py:190} INFO - [2024-10-03T07:04:09.331+0000] {dag.py:3239} INFO - Sync 1 DAGs
[2024-10-03T07:04:09.354+0000] {logging_mixin.py:190} INFO - [2024-10-03T07:04:09.353+0000] {dag.py:4180} INFO - Setting next_dagrun for example_complex to None, run_after=None
[2024-10-03T07:04:09.389+0000] {processor.py:208} INFO - Processing /home/airflow/.local/lib/python3.12/site-packages/airflow/example_dags/example_complex.py took 0.124 seconds
[2024-10-03T07:04:40.683+0000] {processor.py:186} INFO - Started process (PID=1416) to work on /home/airflow/.local/lib/python3.12/site-packages/airflow/example_dags/example_complex.py
[2024-10-03T07:04:40.686+0000] {processor.py:914} INFO - Processing file /home/airflow/.local/lib/python3.12/site-packages/airflow/example_dags/example_complex.py for tasks to queue
[2024-10-03T07:04:40.689+0000] {logging_mixin.py:190} INFO - [2024-10-03T07:04:40.689+0000] {dagbag.py:588} INFO - Filling up the DagBag from /home/airflow/.local/lib/python3.12/site-packages/airflow/example_dags/example_complex.py
[2024-10-03T07:04:40.705+0000] {processor.py:925} INFO - DAG(s) 'example_complex' retrieved from /home/airflow/.local/lib/python3.12/site-packages/airflow/example_dags/example_complex.py
[2024-10-03T07:04:40.754+0000] {logging_mixin.py:190} INFO - [2024-10-03T07:04:40.753+0000] {dag.py:3239} INFO - Sync 1 DAGs
[2024-10-03T07:04:40.774+0000] {logging_mixin.py:190} INFO - [2024-10-03T07:04:40.774+0000] {dag.py:4180} INFO - Setting next_dagrun for example_complex to None, run_after=None
[2024-10-03T07:04:40.805+0000] {processor.py:208} INFO - Processing /home/airflow/.local/lib/python3.12/site-packages/airflow/example_dags/example_complex.py took 0.130 seconds
[2024-10-03T07:05:12.417+0000] {processor.py:186} INFO - Started process (PID=1478) to work on /home/airflow/.local/lib/python3.12/site-packages/airflow/example_dags/example_complex.py
[2024-10-03T07:05:12.419+0000] {processor.py:914} INFO - Processing file /home/airflow/.local/lib/python3.12/site-packages/airflow/example_dags/example_complex.py for tasks to queue
[2024-10-03T07:05:12.421+0000] {logging_mixin.py:190} INFO - [2024-10-03T07:05:12.420+0000] {dagbag.py:588} INFO - Filling up the DagBag from /home/airflow/.local/lib/python3.12/site-packages/airflow/example_dags/example_complex.py
[2024-10-03T07:05:12.436+0000] {processor.py:925} INFO - DAG(s) 'example_complex' retrieved from /home/airflow/.local/lib/python3.12/site-packages/airflow/example_dags/example_complex.py
[2024-10-03T07:05:12.476+0000] {logging_mixin.py:190} INFO - [2024-10-03T07:05:12.476+0000] {dag.py:3239} INFO - Sync 1 DAGs
[2024-10-03T07:05:12.495+0000] {logging_mixin.py:190} INFO - [2024-10-03T07:05:12.495+0000] {dag.py:4180} INFO - Setting next_dagrun for example_complex to None, run_after=None
[2024-10-03T07:05:12.524+0000] {processor.py:208} INFO - Processing /home/airflow/.local/lib/python3.12/site-packages/airflow/example_dags/example_complex.py took 0.113 seconds
[2024-10-03T07:07:05.698+0000] {processor.py:186} INFO - Started process (PID=1535) to work on /home/airflow/.local/lib/python3.12/site-packages/airflow/example_dags/example_complex.py
[2024-10-03T07:07:05.700+0000] {processor.py:914} INFO - Processing file /home/airflow/.local/lib/python3.12/site-packages/airflow/example_dags/example_complex.py for tasks to queue
[2024-10-03T07:07:05.704+0000] {logging_mixin.py:190} INFO - [2024-10-03T07:07:05.703+0000] {dagbag.py:588} INFO - Filling up the DagBag from /home/airflow/.local/lib/python3.12/site-packages/airflow/example_dags/example_complex.py
[2024-10-03T07:07:05.725+0000] {processor.py:925} INFO - DAG(s) 'example_complex' retrieved from /home/airflow/.local/lib/python3.12/site-packages/airflow/example_dags/example_complex.py
[2024-10-03T07:07:05.793+0000] {logging_mixin.py:190} INFO - [2024-10-03T07:07:05.792+0000] {dag.py:3239} INFO - Sync 1 DAGs
[2024-10-03T07:07:05.822+0000] {logging_mixin.py:190} INFO - [2024-10-03T07:07:05.821+0000] {dag.py:4180} INFO - Setting next_dagrun for example_complex to None, run_after=None
[2024-10-03T07:07:05.882+0000] {processor.py:208} INFO - Processing /home/airflow/.local/lib/python3.12/site-packages/airflow/example_dags/example_complex.py took 0.195 seconds
[2024-10-03T07:07:36.411+0000] {processor.py:186} INFO - Started process (PID=1599) to work on /home/airflow/.local/lib/python3.12/site-packages/airflow/example_dags/example_complex.py
[2024-10-03T07:07:36.412+0000] {processor.py:914} INFO - Processing file /home/airflow/.local/lib/python3.12/site-packages/airflow/example_dags/example_complex.py for tasks to queue
[2024-10-03T07:07:36.414+0000] {logging_mixin.py:190} INFO - [2024-10-03T07:07:36.414+0000] {dagbag.py:588} INFO - Filling up the DagBag from /home/airflow/.local/lib/python3.12/site-packages/airflow/example_dags/example_complex.py
[2024-10-03T07:07:36.430+0000] {processor.py:925} INFO - DAG(s) 'example_complex' retrieved from /home/airflow/.local/lib/python3.12/site-packages/airflow/example_dags/example_complex.py
[2024-10-03T07:07:36.485+0000] {logging_mixin.py:190} INFO - [2024-10-03T07:07:36.484+0000] {dag.py:3239} INFO - Sync 1 DAGs
[2024-10-03T07:07:36.514+0000] {logging_mixin.py:190} INFO - [2024-10-03T07:07:36.514+0000] {dag.py:4180} INFO - Setting next_dagrun for example_complex to None, run_after=None
[2024-10-03T07:07:36.551+0000] {processor.py:208} INFO - Processing /home/airflow/.local/lib/python3.12/site-packages/airflow/example_dags/example_complex.py took 0.147 seconds
[2024-10-03T07:08:07.915+0000] {processor.py:186} INFO - Started process (PID=1667) to work on /home/airflow/.local/lib/python3.12/site-packages/airflow/example_dags/example_complex.py
[2024-10-03T07:08:07.917+0000] {processor.py:914} INFO - Processing file /home/airflow/.local/lib/python3.12/site-packages/airflow/example_dags/example_complex.py for tasks to queue
[2024-10-03T07:08:07.919+0000] {logging_mixin.py:190} INFO - [2024-10-03T07:08:07.918+0000] {dagbag.py:588} INFO - Filling up the DagBag from /home/airflow/.local/lib/python3.12/site-packages/airflow/example_dags/example_complex.py
[2024-10-03T07:08:07.931+0000] {processor.py:925} INFO - DAG(s) 'example_complex' retrieved from /home/airflow/.local/lib/python3.12/site-packages/airflow/example_dags/example_complex.py
[2024-10-03T07:08:07.965+0000] {logging_mixin.py:190} INFO - [2024-10-03T07:08:07.965+0000] {dag.py:3239} INFO - Sync 1 DAGs
[2024-10-03T07:08:07.983+0000] {logging_mixin.py:190} INFO - [2024-10-03T07:08:07.982+0000] {dag.py:4180} INFO - Setting next_dagrun for example_complex to None, run_after=None
[2024-10-03T07:08:08.008+0000] {processor.py:208} INFO - Processing /home/airflow/.local/lib/python3.12/site-packages/airflow/example_dags/example_complex.py took 0.098 seconds
[2024-10-03T07:08:50.547+0000] {processor.py:186} INFO - Started process (PID=1727) to work on /home/airflow/.local/lib/python3.12/site-packages/airflow/example_dags/example_complex.py
[2024-10-03T07:08:50.549+0000] {processor.py:914} INFO - Processing file /home/airflow/.local/lib/python3.12/site-packages/airflow/example_dags/example_complex.py for tasks to queue
[2024-10-03T07:08:50.551+0000] {logging_mixin.py:190} INFO - [2024-10-03T07:08:50.551+0000] {dagbag.py:588} INFO - Filling up the DagBag from /home/airflow/.local/lib/python3.12/site-packages/airflow/example_dags/example_complex.py
[2024-10-03T07:08:50.570+0000] {processor.py:925} INFO - DAG(s) 'example_complex' retrieved from /home/airflow/.local/lib/python3.12/site-packages/airflow/example_dags/example_complex.py
[2024-10-03T07:08:50.620+0000] {logging_mixin.py:190} INFO - [2024-10-03T07:08:50.620+0000] {dag.py:3239} INFO - Sync 1 DAGs
[2024-10-03T07:08:50.641+0000] {logging_mixin.py:190} INFO - [2024-10-03T07:08:50.640+0000] {dag.py:4180} INFO - Setting next_dagrun for example_complex to None, run_after=None
[2024-10-03T07:08:50.675+0000] {processor.py:208} INFO - Processing /home/airflow/.local/lib/python3.12/site-packages/airflow/example_dags/example_complex.py took 0.136 seconds
[2024-10-03T07:09:21.371+0000] {processor.py:186} INFO - Started process (PID=1790) to work on /home/airflow/.local/lib/python3.12/site-packages/airflow/example_dags/example_complex.py
[2024-10-03T07:09:21.374+0000] {processor.py:914} INFO - Processing file /home/airflow/.local/lib/python3.12/site-packages/airflow/example_dags/example_complex.py for tasks to queue
[2024-10-03T07:09:21.377+0000] {logging_mixin.py:190} INFO - [2024-10-03T07:09:21.376+0000] {dagbag.py:588} INFO - Filling up the DagBag from /home/airflow/.local/lib/python3.12/site-packages/airflow/example_dags/example_complex.py
[2024-10-03T07:09:21.397+0000] {processor.py:925} INFO - DAG(s) 'example_complex' retrieved from /home/airflow/.local/lib/python3.12/site-packages/airflow/example_dags/example_complex.py
[2024-10-03T07:09:21.468+0000] {logging_mixin.py:190} INFO - [2024-10-03T07:09:21.468+0000] {dag.py:3239} INFO - Sync 1 DAGs
[2024-10-03T07:09:21.499+0000] {logging_mixin.py:190} INFO - [2024-10-03T07:09:21.498+0000] {dag.py:4180} INFO - Setting next_dagrun for example_complex to None, run_after=None
[2024-10-03T07:09:21.557+0000] {processor.py:208} INFO - Processing /home/airflow/.local/lib/python3.12/site-packages/airflow/example_dags/example_complex.py took 0.195 seconds
[2024-10-03T07:09:52.730+0000] {processor.py:186} INFO - Started process (PID=1853) to work on /home/airflow/.local/lib/python3.12/site-packages/airflow/example_dags/example_complex.py
[2024-10-03T07:09:52.733+0000] {processor.py:914} INFO - Processing file /home/airflow/.local/lib/python3.12/site-packages/airflow/example_dags/example_complex.py for tasks to queue
[2024-10-03T07:09:52.736+0000] {logging_mixin.py:190} INFO - [2024-10-03T07:09:52.735+0000] {dagbag.py:588} INFO - Filling up the DagBag from /home/airflow/.local/lib/python3.12/site-packages/airflow/example_dags/example_complex.py
[2024-10-03T07:09:52.751+0000] {processor.py:925} INFO - DAG(s) 'example_complex' retrieved from /home/airflow/.local/lib/python3.12/site-packages/airflow/example_dags/example_complex.py
[2024-10-03T07:09:52.798+0000] {logging_mixin.py:190} INFO - [2024-10-03T07:09:52.798+0000] {dag.py:3239} INFO - Sync 1 DAGs
[2024-10-03T07:09:52.822+0000] {logging_mixin.py:190} INFO - [2024-10-03T07:09:52.821+0000] {dag.py:4180} INFO - Setting next_dagrun for example_complex to None, run_after=None
[2024-10-03T07:09:52.865+0000] {processor.py:208} INFO - Processing /home/airflow/.local/lib/python3.12/site-packages/airflow/example_dags/example_complex.py took 0.143 seconds
[2024-10-03T07:10:23.126+0000] {processor.py:186} INFO - Started process (PID=1916) to work on /home/airflow/.local/lib/python3.12/site-packages/airflow/example_dags/example_complex.py
[2024-10-03T07:10:23.128+0000] {processor.py:914} INFO - Processing file /home/airflow/.local/lib/python3.12/site-packages/airflow/example_dags/example_complex.py for tasks to queue
[2024-10-03T07:10:23.130+0000] {logging_mixin.py:190} INFO - [2024-10-03T07:10:23.129+0000] {dagbag.py:588} INFO - Filling up the DagBag from /home/airflow/.local/lib/python3.12/site-packages/airflow/example_dags/example_complex.py
[2024-10-03T07:10:23.142+0000] {processor.py:925} INFO - DAG(s) 'example_complex' retrieved from /home/airflow/.local/lib/python3.12/site-packages/airflow/example_dags/example_complex.py
[2024-10-03T07:10:23.175+0000] {logging_mixin.py:190} INFO - [2024-10-03T07:10:23.174+0000] {dag.py:3239} INFO - Sync 1 DAGs
[2024-10-03T07:10:23.190+0000] {logging_mixin.py:190} INFO - [2024-10-03T07:10:23.190+0000] {dag.py:4180} INFO - Setting next_dagrun for example_complex to None, run_after=None
[2024-10-03T07:10:23.219+0000] {processor.py:208} INFO - Processing /home/airflow/.local/lib/python3.12/site-packages/airflow/example_dags/example_complex.py took 0.098 seconds
[2024-10-03T07:10:53.329+0000] {processor.py:186} INFO - Started process (PID=1979) to work on /home/airflow/.local/lib/python3.12/site-packages/airflow/example_dags/example_complex.py
[2024-10-03T07:10:53.330+0000] {processor.py:914} INFO - Processing file /home/airflow/.local/lib/python3.12/site-packages/airflow/example_dags/example_complex.py for tasks to queue
[2024-10-03T07:10:53.331+0000] {logging_mixin.py:190} INFO - [2024-10-03T07:10:53.331+0000] {dagbag.py:588} INFO - Filling up the DagBag from /home/airflow/.local/lib/python3.12/site-packages/airflow/example_dags/example_complex.py
[2024-10-03T07:10:53.343+0000] {processor.py:925} INFO - DAG(s) 'example_complex' retrieved from /home/airflow/.local/lib/python3.12/site-packages/airflow/example_dags/example_complex.py
[2024-10-03T07:10:53.377+0000] {logging_mixin.py:190} INFO - [2024-10-03T07:10:53.377+0000] {dag.py:3239} INFO - Sync 1 DAGs
[2024-10-03T07:10:53.394+0000] {logging_mixin.py:190} INFO - [2024-10-03T07:10:53.394+0000] {dag.py:4180} INFO - Setting next_dagrun for example_complex to None, run_after=None
[2024-10-03T07:10:53.421+0000] {processor.py:208} INFO - Processing /home/airflow/.local/lib/python3.12/site-packages/airflow/example_dags/example_complex.py took 0.099 seconds
[2024-10-03T07:11:23.954+0000] {processor.py:186} INFO - Started process (PID=2042) to work on /home/airflow/.local/lib/python3.12/site-packages/airflow/example_dags/example_complex.py
[2024-10-03T07:11:23.956+0000] {processor.py:914} INFO - Processing file /home/airflow/.local/lib/python3.12/site-packages/airflow/example_dags/example_complex.py for tasks to queue
[2024-10-03T07:11:23.958+0000] {logging_mixin.py:190} INFO - [2024-10-03T07:11:23.958+0000] {dagbag.py:588} INFO - Filling up the DagBag from /home/airflow/.local/lib/python3.12/site-packages/airflow/example_dags/example_complex.py
[2024-10-03T07:11:23.972+0000] {processor.py:925} INFO - DAG(s) 'example_complex' retrieved from /home/airflow/.local/lib/python3.12/site-packages/airflow/example_dags/example_complex.py
[2024-10-03T07:11:24.025+0000] {logging_mixin.py:190} INFO - [2024-10-03T07:11:24.025+0000] {dag.py:3239} INFO - Sync 1 DAGs
[2024-10-03T07:11:24.051+0000] {logging_mixin.py:190} INFO - [2024-10-03T07:11:24.050+0000] {dag.py:4180} INFO - Setting next_dagrun for example_complex to None, run_after=None
[2024-10-03T07:11:24.081+0000] {processor.py:208} INFO - Processing /home/airflow/.local/lib/python3.12/site-packages/airflow/example_dags/example_complex.py took 0.134 seconds
[2024-10-03T07:11:55.053+0000] {processor.py:186} INFO - Started process (PID=2105) to work on /home/airflow/.local/lib/python3.12/site-packages/airflow/example_dags/example_complex.py
[2024-10-03T07:11:55.054+0000] {processor.py:914} INFO - Processing file /home/airflow/.local/lib/python3.12/site-packages/airflow/example_dags/example_complex.py for tasks to queue
[2024-10-03T07:11:55.056+0000] {logging_mixin.py:190} INFO - [2024-10-03T07:11:55.056+0000] {dagbag.py:588} INFO - Filling up the DagBag from /home/airflow/.local/lib/python3.12/site-packages/airflow/example_dags/example_complex.py
[2024-10-03T07:11:55.070+0000] {processor.py:925} INFO - DAG(s) 'example_complex' retrieved from /home/airflow/.local/lib/python3.12/site-packages/airflow/example_dags/example_complex.py
[2024-10-03T07:11:55.114+0000] {logging_mixin.py:190} INFO - [2024-10-03T07:11:55.113+0000] {dag.py:3239} INFO - Sync 1 DAGs
[2024-10-03T07:11:55.136+0000] {logging_mixin.py:190} INFO - [2024-10-03T07:11:55.136+0000] {dag.py:4180} INFO - Setting next_dagrun for example_complex to None, run_after=None
[2024-10-03T07:11:55.171+0000] {processor.py:208} INFO - Processing /home/airflow/.local/lib/python3.12/site-packages/airflow/example_dags/example_complex.py took 0.125 seconds
[2024-10-03T07:12:25.859+0000] {processor.py:186} INFO - Started process (PID=2168) to work on /home/airflow/.local/lib/python3.12/site-packages/airflow/example_dags/example_complex.py
[2024-10-03T07:12:25.861+0000] {processor.py:914} INFO - Processing file /home/airflow/.local/lib/python3.12/site-packages/airflow/example_dags/example_complex.py for tasks to queue
[2024-10-03T07:12:25.862+0000] {logging_mixin.py:190} INFO - [2024-10-03T07:12:25.862+0000] {dagbag.py:588} INFO - Filling up the DagBag from /home/airflow/.local/lib/python3.12/site-packages/airflow/example_dags/example_complex.py
[2024-10-03T07:12:25.874+0000] {processor.py:925} INFO - DAG(s) 'example_complex' retrieved from /home/airflow/.local/lib/python3.12/site-packages/airflow/example_dags/example_complex.py
[2024-10-03T07:12:25.907+0000] {logging_mixin.py:190} INFO - [2024-10-03T07:12:25.907+0000] {dag.py:3239} INFO - Sync 1 DAGs
[2024-10-03T07:12:25.924+0000] {logging_mixin.py:190} INFO - [2024-10-03T07:12:25.923+0000] {dag.py:4180} INFO - Setting next_dagrun for example_complex to None, run_after=None
[2024-10-03T07:12:25.951+0000] {processor.py:208} INFO - Processing /home/airflow/.local/lib/python3.12/site-packages/airflow/example_dags/example_complex.py took 0.098 seconds
[2024-10-03T07:12:57.670+0000] {processor.py:186} INFO - Started process (PID=2231) to work on /home/airflow/.local/lib/python3.12/site-packages/airflow/example_dags/example_complex.py
[2024-10-03T07:12:57.672+0000] {processor.py:914} INFO - Processing file /home/airflow/.local/lib/python3.12/site-packages/airflow/example_dags/example_complex.py for tasks to queue
[2024-10-03T07:12:57.673+0000] {logging_mixin.py:190} INFO - [2024-10-03T07:12:57.673+0000] {dagbag.py:588} INFO - Filling up the DagBag from /home/airflow/.local/lib/python3.12/site-packages/airflow/example_dags/example_complex.py
[2024-10-03T07:12:57.689+0000] {processor.py:925} INFO - DAG(s) 'example_complex' retrieved from /home/airflow/.local/lib/python3.12/site-packages/airflow/example_dags/example_complex.py
[2024-10-03T07:12:57.724+0000] {logging_mixin.py:190} INFO - [2024-10-03T07:12:57.724+0000] {dag.py:3239} INFO - Sync 1 DAGs
[2024-10-03T07:12:57.743+0000] {logging_mixin.py:190} INFO - [2024-10-03T07:12:57.743+0000] {dag.py:4180} INFO - Setting next_dagrun for example_complex to None, run_after=None
[2024-10-03T07:12:57.779+0000] {processor.py:208} INFO - Processing /home/airflow/.local/lib/python3.12/site-packages/airflow/example_dags/example_complex.py took 0.117 seconds
[2024-10-03T07:13:28.050+0000] {processor.py:186} INFO - Started process (PID=2294) to work on /home/airflow/.local/lib/python3.12/site-packages/airflow/example_dags/example_complex.py
[2024-10-03T07:13:28.051+0000] {processor.py:914} INFO - Processing file /home/airflow/.local/lib/python3.12/site-packages/airflow/example_dags/example_complex.py for tasks to queue
[2024-10-03T07:13:28.053+0000] {logging_mixin.py:190} INFO - [2024-10-03T07:13:28.052+0000] {dagbag.py:588} INFO - Filling up the DagBag from /home/airflow/.local/lib/python3.12/site-packages/airflow/example_dags/example_complex.py
[2024-10-03T07:13:28.065+0000] {processor.py:925} INFO - DAG(s) 'example_complex' retrieved from /home/airflow/.local/lib/python3.12/site-packages/airflow/example_dags/example_complex.py
[2024-10-03T07:13:28.101+0000] {logging_mixin.py:190} INFO - [2024-10-03T07:13:28.101+0000] {dag.py:3239} INFO - Sync 1 DAGs
[2024-10-03T07:13:28.118+0000] {logging_mixin.py:190} INFO - [2024-10-03T07:13:28.118+0000] {dag.py:4180} INFO - Setting next_dagrun for example_complex to None, run_after=None
[2024-10-03T07:13:28.149+0000] {processor.py:208} INFO - Processing /home/airflow/.local/lib/python3.12/site-packages/airflow/example_dags/example_complex.py took 0.105 seconds
[2024-10-03T07:13:59.848+0000] {processor.py:186} INFO - Started process (PID=2357) to work on /home/airflow/.local/lib/python3.12/site-packages/airflow/example_dags/example_complex.py
[2024-10-03T07:13:59.850+0000] {processor.py:914} INFO - Processing file /home/airflow/.local/lib/python3.12/site-packages/airflow/example_dags/example_complex.py for tasks to queue
[2024-10-03T07:13:59.852+0000] {logging_mixin.py:190} INFO - [2024-10-03T07:13:59.851+0000] {dagbag.py:588} INFO - Filling up the DagBag from /home/airflow/.local/lib/python3.12/site-packages/airflow/example_dags/example_complex.py
[2024-10-03T07:13:59.867+0000] {processor.py:925} INFO - DAG(s) 'example_complex' retrieved from /home/airflow/.local/lib/python3.12/site-packages/airflow/example_dags/example_complex.py
[2024-10-03T07:13:59.916+0000] {logging_mixin.py:190} INFO - [2024-10-03T07:13:59.915+0000] {dag.py:3239} INFO - Sync 1 DAGs
[2024-10-03T07:13:59.943+0000] {logging_mixin.py:190} INFO - [2024-10-03T07:13:59.943+0000] {dag.py:4180} INFO - Setting next_dagrun for example_complex to None, run_after=None
[2024-10-03T07:13:59.975+0000] {processor.py:208} INFO - Processing /home/airflow/.local/lib/python3.12/site-packages/airflow/example_dags/example_complex.py took 0.135 seconds
[2024-10-03T07:14:30.415+0000] {processor.py:186} INFO - Started process (PID=2420) to work on /home/airflow/.local/lib/python3.12/site-packages/airflow/example_dags/example_complex.py
[2024-10-03T07:14:30.417+0000] {processor.py:914} INFO - Processing file /home/airflow/.local/lib/python3.12/site-packages/airflow/example_dags/example_complex.py for tasks to queue
[2024-10-03T07:14:30.418+0000] {logging_mixin.py:190} INFO - [2024-10-03T07:14:30.418+0000] {dagbag.py:588} INFO - Filling up the DagBag from /home/airflow/.local/lib/python3.12/site-packages/airflow/example_dags/example_complex.py
[2024-10-03T07:14:30.431+0000] {processor.py:925} INFO - DAG(s) 'example_complex' retrieved from /home/airflow/.local/lib/python3.12/site-packages/airflow/example_dags/example_complex.py
[2024-10-03T07:14:30.468+0000] {logging_mixin.py:190} INFO - [2024-10-03T07:14:30.468+0000] {dag.py:3239} INFO - Sync 1 DAGs
[2024-10-03T07:14:30.499+0000] {logging_mixin.py:190} INFO - [2024-10-03T07:14:30.499+0000] {dag.py:4180} INFO - Setting next_dagrun for example_complex to None, run_after=None
[2024-10-03T07:14:30.532+0000] {processor.py:208} INFO - Processing /home/airflow/.local/lib/python3.12/site-packages/airflow/example_dags/example_complex.py took 0.124 seconds
[2024-10-03T07:15:01.610+0000] {processor.py:186} INFO - Started process (PID=2481) to work on /home/airflow/.local/lib/python3.12/site-packages/airflow/example_dags/example_complex.py
[2024-10-03T07:15:01.612+0000] {processor.py:914} INFO - Processing file /home/airflow/.local/lib/python3.12/site-packages/airflow/example_dags/example_complex.py for tasks to queue
[2024-10-03T07:15:01.614+0000] {logging_mixin.py:190} INFO - [2024-10-03T07:15:01.614+0000] {dagbag.py:588} INFO - Filling up the DagBag from /home/airflow/.local/lib/python3.12/site-packages/airflow/example_dags/example_complex.py
[2024-10-03T07:15:01.644+0000] {processor.py:925} INFO - DAG(s) 'example_complex' retrieved from /home/airflow/.local/lib/python3.12/site-packages/airflow/example_dags/example_complex.py
[2024-10-03T07:15:01.703+0000] {logging_mixin.py:190} INFO - [2024-10-03T07:15:01.702+0000] {dag.py:3239} INFO - Sync 1 DAGs
[2024-10-03T07:15:01.725+0000] {logging_mixin.py:190} INFO - [2024-10-03T07:15:01.724+0000] {dag.py:4180} INFO - Setting next_dagrun for example_complex to None, run_after=None
[2024-10-03T07:15:01.761+0000] {processor.py:208} INFO - Processing /home/airflow/.local/lib/python3.12/site-packages/airflow/example_dags/example_complex.py took 0.160 seconds
[2024-10-03T07:15:32.377+0000] {processor.py:186} INFO - Started process (PID=2544) to work on /home/airflow/.local/lib/python3.12/site-packages/airflow/example_dags/example_complex.py
[2024-10-03T07:15:32.379+0000] {processor.py:914} INFO - Processing file /home/airflow/.local/lib/python3.12/site-packages/airflow/example_dags/example_complex.py for tasks to queue
[2024-10-03T07:15:32.381+0000] {logging_mixin.py:190} INFO - [2024-10-03T07:15:32.380+0000] {dagbag.py:588} INFO - Filling up the DagBag from /home/airflow/.local/lib/python3.12/site-packages/airflow/example_dags/example_complex.py
[2024-10-03T07:15:32.393+0000] {processor.py:925} INFO - DAG(s) 'example_complex' retrieved from /home/airflow/.local/lib/python3.12/site-packages/airflow/example_dags/example_complex.py
[2024-10-03T07:15:32.431+0000] {logging_mixin.py:190} INFO - [2024-10-03T07:15:32.431+0000] {dag.py:3239} INFO - Sync 1 DAGs
[2024-10-03T07:15:32.449+0000] {logging_mixin.py:190} INFO - [2024-10-03T07:15:32.449+0000] {dag.py:4180} INFO - Setting next_dagrun for example_complex to None, run_after=None
[2024-10-03T07:15:32.478+0000] {processor.py:208} INFO - Processing /home/airflow/.local/lib/python3.12/site-packages/airflow/example_dags/example_complex.py took 0.107 seconds
[2024-10-03T07:16:03.248+0000] {processor.py:186} INFO - Started process (PID=2607) to work on /home/airflow/.local/lib/python3.12/site-packages/airflow/example_dags/example_complex.py
[2024-10-03T07:16:03.250+0000] {processor.py:914} INFO - Processing file /home/airflow/.local/lib/python3.12/site-packages/airflow/example_dags/example_complex.py for tasks to queue
[2024-10-03T07:16:03.252+0000] {logging_mixin.py:190} INFO - [2024-10-03T07:16:03.251+0000] {dagbag.py:588} INFO - Filling up the DagBag from /home/airflow/.local/lib/python3.12/site-packages/airflow/example_dags/example_complex.py
[2024-10-03T07:16:03.263+0000] {processor.py:925} INFO - DAG(s) 'example_complex' retrieved from /home/airflow/.local/lib/python3.12/site-packages/airflow/example_dags/example_complex.py
[2024-10-03T07:16:03.301+0000] {logging_mixin.py:190} INFO - [2024-10-03T07:16:03.300+0000] {dag.py:3239} INFO - Sync 1 DAGs
[2024-10-03T07:16:03.317+0000] {logging_mixin.py:190} INFO - [2024-10-03T07:16:03.316+0000] {dag.py:4180} INFO - Setting next_dagrun for example_complex to None, run_after=None
[2024-10-03T07:16:03.344+0000] {processor.py:208} INFO - Processing /home/airflow/.local/lib/python3.12/site-packages/airflow/example_dags/example_complex.py took 0.102 seconds
[2024-10-03T07:16:33.455+0000] {processor.py:186} INFO - Started process (PID=2667) to work on /home/airflow/.local/lib/python3.12/site-packages/airflow/example_dags/example_complex.py
[2024-10-03T07:16:33.457+0000] {processor.py:914} INFO - Processing file /home/airflow/.local/lib/python3.12/site-packages/airflow/example_dags/example_complex.py for tasks to queue
[2024-10-03T07:16:33.459+0000] {logging_mixin.py:190} INFO - [2024-10-03T07:16:33.459+0000] {dagbag.py:588} INFO - Filling up the DagBag from /home/airflow/.local/lib/python3.12/site-packages/airflow/example_dags/example_complex.py
[2024-10-03T07:16:33.472+0000] {processor.py:925} INFO - DAG(s) 'example_complex' retrieved from /home/airflow/.local/lib/python3.12/site-packages/airflow/example_dags/example_complex.py
[2024-10-03T07:16:33.509+0000] {logging_mixin.py:190} INFO - [2024-10-03T07:16:33.508+0000] {dag.py:3239} INFO - Sync 1 DAGs
[2024-10-03T07:16:33.527+0000] {logging_mixin.py:190} INFO - [2024-10-03T07:16:33.526+0000] {dag.py:4180} INFO - Setting next_dagrun for example_complex to None, run_after=None
[2024-10-03T07:16:33.553+0000] {processor.py:208} INFO - Processing /home/airflow/.local/lib/python3.12/site-packages/airflow/example_dags/example_complex.py took 0.104 seconds
[2024-10-03T07:17:03.744+0000] {processor.py:186} INFO - Started process (PID=2730) to work on /home/airflow/.local/lib/python3.12/site-packages/airflow/example_dags/example_complex.py
[2024-10-03T07:17:03.746+0000] {processor.py:914} INFO - Processing file /home/airflow/.local/lib/python3.12/site-packages/airflow/example_dags/example_complex.py for tasks to queue
[2024-10-03T07:17:03.749+0000] {logging_mixin.py:190} INFO - [2024-10-03T07:17:03.748+0000] {dagbag.py:588} INFO - Filling up the DagBag from /home/airflow/.local/lib/python3.12/site-packages/airflow/example_dags/example_complex.py
[2024-10-03T07:17:03.762+0000] {processor.py:925} INFO - DAG(s) 'example_complex' retrieved from /home/airflow/.local/lib/python3.12/site-packages/airflow/example_dags/example_complex.py
[2024-10-03T07:17:03.799+0000] {logging_mixin.py:190} INFO - [2024-10-03T07:17:03.799+0000] {dag.py:3239} INFO - Sync 1 DAGs
[2024-10-03T07:17:03.815+0000] {logging_mixin.py:190} INFO - [2024-10-03T07:17:03.815+0000] {dag.py:4180} INFO - Setting next_dagrun for example_complex to None, run_after=None
[2024-10-03T07:17:03.842+0000] {processor.py:208} INFO - Processing /home/airflow/.local/lib/python3.12/site-packages/airflow/example_dags/example_complex.py took 0.107 seconds
[2024-10-03T07:17:33.989+0000] {processor.py:186} INFO - Started process (PID=2792) to work on /home/airflow/.local/lib/python3.12/site-packages/airflow/example_dags/example_complex.py
[2024-10-03T07:17:33.991+0000] {processor.py:914} INFO - Processing file /home/airflow/.local/lib/python3.12/site-packages/airflow/example_dags/example_complex.py for tasks to queue
[2024-10-03T07:17:33.993+0000] {logging_mixin.py:190} INFO - [2024-10-03T07:17:33.992+0000] {dagbag.py:588} INFO - Filling up the DagBag from /home/airflow/.local/lib/python3.12/site-packages/airflow/example_dags/example_complex.py
[2024-10-03T07:17:34.009+0000] {processor.py:925} INFO - DAG(s) 'example_complex' retrieved from /home/airflow/.local/lib/python3.12/site-packages/airflow/example_dags/example_complex.py
[2024-10-03T07:17:34.049+0000] {logging_mixin.py:190} INFO - [2024-10-03T07:17:34.049+0000] {dag.py:3239} INFO - Sync 1 DAGs
[2024-10-03T07:17:34.070+0000] {logging_mixin.py:190} INFO - [2024-10-03T07:17:34.069+0000] {dag.py:4180} INFO - Setting next_dagrun for example_complex to None, run_after=None
[2024-10-03T07:17:34.104+0000] {processor.py:208} INFO - Processing /home/airflow/.local/lib/python3.12/site-packages/airflow/example_dags/example_complex.py took 0.122 seconds
[2024-10-03T07:18:04.419+0000] {processor.py:186} INFO - Started process (PID=2851) to work on /home/airflow/.local/lib/python3.12/site-packages/airflow/example_dags/example_complex.py
[2024-10-03T07:18:04.421+0000] {processor.py:914} INFO - Processing file /home/airflow/.local/lib/python3.12/site-packages/airflow/example_dags/example_complex.py for tasks to queue
[2024-10-03T07:18:04.423+0000] {logging_mixin.py:190} INFO - [2024-10-03T07:18:04.422+0000] {dagbag.py:588} INFO - Filling up the DagBag from /home/airflow/.local/lib/python3.12/site-packages/airflow/example_dags/example_complex.py
[2024-10-03T07:18:04.440+0000] {processor.py:925} INFO - DAG(s) 'example_complex' retrieved from /home/airflow/.local/lib/python3.12/site-packages/airflow/example_dags/example_complex.py
[2024-10-03T07:18:04.484+0000] {logging_mixin.py:190} INFO - [2024-10-03T07:18:04.484+0000] {dag.py:3239} INFO - Sync 1 DAGs
[2024-10-03T07:18:04.502+0000] {logging_mixin.py:190} INFO - [2024-10-03T07:18:04.502+0000] {dag.py:4180} INFO - Setting next_dagrun for example_complex to None, run_after=None
[2024-10-03T07:18:04.530+0000] {processor.py:208} INFO - Processing /home/airflow/.local/lib/python3.12/site-packages/airflow/example_dags/example_complex.py took 0.119 seconds
[2024-10-03T07:18:35.217+0000] {processor.py:186} INFO - Started process (PID=2914) to work on /home/airflow/.local/lib/python3.12/site-packages/airflow/example_dags/example_complex.py
[2024-10-03T07:18:35.218+0000] {processor.py:914} INFO - Processing file /home/airflow/.local/lib/python3.12/site-packages/airflow/example_dags/example_complex.py for tasks to queue
[2024-10-03T07:18:35.220+0000] {logging_mixin.py:190} INFO - [2024-10-03T07:18:35.220+0000] {dagbag.py:588} INFO - Filling up the DagBag from /home/airflow/.local/lib/python3.12/site-packages/airflow/example_dags/example_complex.py
[2024-10-03T07:18:35.233+0000] {processor.py:925} INFO - DAG(s) 'example_complex' retrieved from /home/airflow/.local/lib/python3.12/site-packages/airflow/example_dags/example_complex.py
[2024-10-03T07:18:35.268+0000] {logging_mixin.py:190} INFO - [2024-10-03T07:18:35.268+0000] {dag.py:3239} INFO - Sync 1 DAGs
[2024-10-03T07:18:35.288+0000] {logging_mixin.py:190} INFO - [2024-10-03T07:18:35.287+0000] {dag.py:4180} INFO - Setting next_dagrun for example_complex to None, run_after=None
[2024-10-03T07:18:35.317+0000] {processor.py:208} INFO - Processing /home/airflow/.local/lib/python3.12/site-packages/airflow/example_dags/example_complex.py took 0.108 seconds
