[2024-10-03T06:33:58.467+0000] {processor.py:157} INFO - Started process (PID=117) to work on /home/airflow/.local/lib/python3.8/site-packages/airflow/example_dags/example_branch_operator_decorator.py
[2024-10-03T06:33:58.469+0000] {processor.py:829} INFO - Processing file /home/airflow/.local/lib/python3.8/site-packages/airflow/example_dags/example_branch_operator_decorator.py for tasks to queue
[2024-10-03T06:33:58.475+0000] {logging_mixin.py:151} INFO - [2024-10-03T06:33:58.474+0000] {dagbag.py:539} INFO - Filling up the DagBag from /home/airflow/.local/lib/python3.8/site-packages/airflow/example_dags/example_branch_operator_decorator.py
[2024-10-03T06:33:58.494+0000] {processor.py:839} INFO - DAG(s) dict_keys(['example_branch_python_operator_decorator']) retrieved from /home/airflow/.local/lib/python3.8/site-packages/airflow/example_dags/example_branch_operator_decorator.py
[2024-10-03T06:33:58.727+0000] {logging_mixin.py:151} INFO - [2024-10-03T06:33:58.727+0000] {manager.py:501} INFO - Created Permission View: can delete on DAG:example_branch_python_operator_decorator
[2024-10-03T06:33:58.751+0000] {logging_mixin.py:151} INFO - [2024-10-03T06:33:58.751+0000] {manager.py:501} INFO - Created Permission View: can read on DAG:example_branch_python_operator_decorator
[2024-10-03T06:33:58.772+0000] {logging_mixin.py:151} INFO - [2024-10-03T06:33:58.771+0000] {manager.py:501} INFO - Created Permission View: can edit on DAG:example_branch_python_operator_decorator
[2024-10-03T06:33:58.801+0000] {logging_mixin.py:151} INFO - [2024-10-03T06:33:58.800+0000] {dag.py:2907} INFO - Sync 1 DAGs
[2024-10-03T06:33:58.827+0000] {logging_mixin.py:151} INFO - [2024-10-03T06:33:58.827+0000] {dag.py:2929} INFO - Creating ORM DAG for example_branch_python_operator_decorator
[2024-10-03T06:33:58.848+0000] {logging_mixin.py:151} INFO - [2024-10-03T06:33:58.847+0000] {dag.py:3677} INFO - Setting next_dagrun for example_branch_python_operator_decorator to 2024-10-02T00:00:00+00:00, run_after=2024-10-03T00:00:00+00:00
[2024-10-03T06:33:58.897+0000] {processor.py:179} INFO - Processing /home/airflow/.local/lib/python3.8/site-packages/airflow/example_dags/example_branch_operator_decorator.py took 0.435 seconds
[2024-10-03T06:34:29.287+0000] {processor.py:157} INFO - Started process (PID=175) to work on /home/airflow/.local/lib/python3.8/site-packages/airflow/example_dags/example_branch_operator_decorator.py
[2024-10-03T06:34:29.290+0000] {processor.py:829} INFO - Processing file /home/airflow/.local/lib/python3.8/site-packages/airflow/example_dags/example_branch_operator_decorator.py for tasks to queue
[2024-10-03T06:34:29.294+0000] {logging_mixin.py:151} INFO - [2024-10-03T06:34:29.294+0000] {dagbag.py:539} INFO - Filling up the DagBag from /home/airflow/.local/lib/python3.8/site-packages/airflow/example_dags/example_branch_operator_decorator.py
[2024-10-03T06:34:29.316+0000] {processor.py:839} INFO - DAG(s) dict_keys(['example_branch_python_operator_decorator']) retrieved from /home/airflow/.local/lib/python3.8/site-packages/airflow/example_dags/example_branch_operator_decorator.py
[2024-10-03T06:34:29.362+0000] {logging_mixin.py:151} INFO - [2024-10-03T06:34:29.361+0000] {dag.py:2907} INFO - Sync 1 DAGs
[2024-10-03T06:34:29.402+0000] {logging_mixin.py:151} INFO - [2024-10-03T06:34:29.401+0000] {dag.py:3677} INFO - Setting next_dagrun for example_branch_python_operator_decorator to 2024-10-02T00:00:00+00:00, run_after=2024-10-03T00:00:00+00:00
[2024-10-03T06:34:29.445+0000] {processor.py:179} INFO - Processing /home/airflow/.local/lib/python3.8/site-packages/airflow/example_dags/example_branch_operator_decorator.py took 0.165 seconds
[2024-10-03T06:34:59.623+0000] {processor.py:157} INFO - Started process (PID=233) to work on /home/airflow/.local/lib/python3.8/site-packages/airflow/example_dags/example_branch_operator_decorator.py
[2024-10-03T06:34:59.625+0000] {processor.py:829} INFO - Processing file /home/airflow/.local/lib/python3.8/site-packages/airflow/example_dags/example_branch_operator_decorator.py for tasks to queue
[2024-10-03T06:34:59.628+0000] {logging_mixin.py:151} INFO - [2024-10-03T06:34:59.628+0000] {dagbag.py:539} INFO - Filling up the DagBag from /home/airflow/.local/lib/python3.8/site-packages/airflow/example_dags/example_branch_operator_decorator.py
[2024-10-03T06:34:59.646+0000] {processor.py:839} INFO - DAG(s) dict_keys(['example_branch_python_operator_decorator']) retrieved from /home/airflow/.local/lib/python3.8/site-packages/airflow/example_dags/example_branch_operator_decorator.py
[2024-10-03T06:34:59.695+0000] {logging_mixin.py:151} INFO - [2024-10-03T06:34:59.695+0000] {dag.py:2907} INFO - Sync 1 DAGs
[2024-10-03T06:34:59.747+0000] {logging_mixin.py:151} INFO - [2024-10-03T06:34:59.746+0000] {dag.py:3677} INFO - Setting next_dagrun for example_branch_python_operator_decorator to 2024-10-02T00:00:00+00:00, run_after=2024-10-03T00:00:00+00:00
[2024-10-03T06:34:59.787+0000] {processor.py:179} INFO - Processing /home/airflow/.local/lib/python3.8/site-packages/airflow/example_dags/example_branch_operator_decorator.py took 0.171 seconds
[2024-10-03T06:35:30.462+0000] {processor.py:157} INFO - Started process (PID=291) to work on /home/airflow/.local/lib/python3.8/site-packages/airflow/example_dags/example_branch_operator_decorator.py
[2024-10-03T06:35:30.465+0000] {processor.py:829} INFO - Processing file /home/airflow/.local/lib/python3.8/site-packages/airflow/example_dags/example_branch_operator_decorator.py for tasks to queue
[2024-10-03T06:35:30.470+0000] {logging_mixin.py:151} INFO - [2024-10-03T06:35:30.469+0000] {dagbag.py:539} INFO - Filling up the DagBag from /home/airflow/.local/lib/python3.8/site-packages/airflow/example_dags/example_branch_operator_decorator.py
[2024-10-03T06:35:30.487+0000] {processor.py:839} INFO - DAG(s) dict_keys(['example_branch_python_operator_decorator']) retrieved from /home/airflow/.local/lib/python3.8/site-packages/airflow/example_dags/example_branch_operator_decorator.py
[2024-10-03T06:35:30.534+0000] {logging_mixin.py:151} INFO - [2024-10-03T06:35:30.534+0000] {dag.py:2907} INFO - Sync 1 DAGs
[2024-10-03T06:35:30.577+0000] {logging_mixin.py:151} INFO - [2024-10-03T06:35:30.576+0000] {dag.py:3677} INFO - Setting next_dagrun for example_branch_python_operator_decorator to 2024-10-02T00:00:00+00:00, run_after=2024-10-03T00:00:00+00:00
[2024-10-03T06:35:30.623+0000] {processor.py:179} INFO - Processing /home/airflow/.local/lib/python3.8/site-packages/airflow/example_dags/example_branch_operator_decorator.py took 0.166 seconds
[2024-10-03T06:36:00.894+0000] {processor.py:157} INFO - Started process (PID=350) to work on /home/airflow/.local/lib/python3.8/site-packages/airflow/example_dags/example_branch_operator_decorator.py
[2024-10-03T06:36:00.898+0000] {processor.py:829} INFO - Processing file /home/airflow/.local/lib/python3.8/site-packages/airflow/example_dags/example_branch_operator_decorator.py for tasks to queue
[2024-10-03T06:36:00.910+0000] {logging_mixin.py:151} INFO - [2024-10-03T06:36:00.908+0000] {dagbag.py:539} INFO - Filling up the DagBag from /home/airflow/.local/lib/python3.8/site-packages/airflow/example_dags/example_branch_operator_decorator.py
[2024-10-03T06:36:00.979+0000] {processor.py:839} INFO - DAG(s) dict_keys(['example_branch_python_operator_decorator']) retrieved from /home/airflow/.local/lib/python3.8/site-packages/airflow/example_dags/example_branch_operator_decorator.py
[2024-10-03T06:36:01.046+0000] {logging_mixin.py:151} INFO - [2024-10-03T06:36:01.046+0000] {dag.py:2907} INFO - Sync 1 DAGs
[2024-10-03T06:36:01.090+0000] {logging_mixin.py:151} INFO - [2024-10-03T06:36:01.090+0000] {dag.py:3677} INFO - Setting next_dagrun for example_branch_python_operator_decorator to 2024-10-02T00:00:00+00:00, run_after=2024-10-03T00:00:00+00:00
[2024-10-03T06:36:01.137+0000] {processor.py:179} INFO - Processing /home/airflow/.local/lib/python3.8/site-packages/airflow/example_dags/example_branch_operator_decorator.py took 0.254 seconds
[2024-10-03T06:36:31.484+0000] {processor.py:157} INFO - Started process (PID=408) to work on /home/airflow/.local/lib/python3.8/site-packages/airflow/example_dags/example_branch_operator_decorator.py
[2024-10-03T06:36:31.489+0000] {processor.py:829} INFO - Processing file /home/airflow/.local/lib/python3.8/site-packages/airflow/example_dags/example_branch_operator_decorator.py for tasks to queue
[2024-10-03T06:36:31.505+0000] {logging_mixin.py:151} INFO - [2024-10-03T06:36:31.505+0000] {dagbag.py:539} INFO - Filling up the DagBag from /home/airflow/.local/lib/python3.8/site-packages/airflow/example_dags/example_branch_operator_decorator.py
[2024-10-03T06:36:31.552+0000] {processor.py:839} INFO - DAG(s) dict_keys(['example_branch_python_operator_decorator']) retrieved from /home/airflow/.local/lib/python3.8/site-packages/airflow/example_dags/example_branch_operator_decorator.py
[2024-10-03T06:36:31.650+0000] {logging_mixin.py:151} INFO - [2024-10-03T06:36:31.649+0000] {dag.py:2907} INFO - Sync 1 DAGs
[2024-10-03T06:36:31.710+0000] {logging_mixin.py:151} INFO - [2024-10-03T06:36:31.709+0000] {dag.py:3677} INFO - Setting next_dagrun for example_branch_python_operator_decorator to 2024-10-02T00:00:00+00:00, run_after=2024-10-03T00:00:00+00:00
[2024-10-03T06:36:31.751+0000] {processor.py:179} INFO - Processing /home/airflow/.local/lib/python3.8/site-packages/airflow/example_dags/example_branch_operator_decorator.py took 0.287 seconds
[2024-10-03T06:41:17.722+0000] {processor.py:157} INFO - Started process (PID=103) to work on /home/airflow/.local/lib/python3.8/site-packages/airflow/example_dags/example_branch_operator_decorator.py
[2024-10-03T06:41:17.988+0000] {processor.py:829} INFO - Processing file /home/airflow/.local/lib/python3.8/site-packages/airflow/example_dags/example_branch_operator_decorator.py for tasks to queue
[2024-10-03T06:41:18.001+0000] {logging_mixin.py:151} INFO - [2024-10-03T06:41:17.999+0000] {dagbag.py:539} INFO - Filling up the DagBag from /home/airflow/.local/lib/python3.8/site-packages/airflow/example_dags/example_branch_operator_decorator.py
[2024-10-03T06:41:18.024+0000] {processor.py:839} INFO - DAG(s) dict_keys(['example_branch_python_operator_decorator']) retrieved from /home/airflow/.local/lib/python3.8/site-packages/airflow/example_dags/example_branch_operator_decorator.py
[2024-10-03T06:41:18.382+0000] {logging_mixin.py:151} INFO - [2024-10-03T06:41:18.381+0000] {dag.py:2907} INFO - Sync 1 DAGs
[2024-10-03T06:41:18.474+0000] {logging_mixin.py:151} INFO - [2024-10-03T06:41:18.473+0000] {dag.py:3677} INFO - Setting next_dagrun for example_branch_python_operator_decorator to 2024-10-02T00:00:00+00:00, run_after=2024-10-03T00:00:00+00:00
[2024-10-03T06:41:18.545+0000] {processor.py:179} INFO - Processing /home/airflow/.local/lib/python3.8/site-packages/airflow/example_dags/example_branch_operator_decorator.py took 0.827 seconds
[2024-10-03T06:41:49.166+0000] {processor.py:157} INFO - Started process (PID=161) to work on /home/airflow/.local/lib/python3.8/site-packages/airflow/example_dags/example_branch_operator_decorator.py
[2024-10-03T06:41:49.169+0000] {processor.py:829} INFO - Processing file /home/airflow/.local/lib/python3.8/site-packages/airflow/example_dags/example_branch_operator_decorator.py for tasks to queue
[2024-10-03T06:41:49.174+0000] {logging_mixin.py:151} INFO - [2024-10-03T06:41:49.173+0000] {dagbag.py:539} INFO - Filling up the DagBag from /home/airflow/.local/lib/python3.8/site-packages/airflow/example_dags/example_branch_operator_decorator.py
[2024-10-03T06:41:49.199+0000] {processor.py:839} INFO - DAG(s) dict_keys(['example_branch_python_operator_decorator']) retrieved from /home/airflow/.local/lib/python3.8/site-packages/airflow/example_dags/example_branch_operator_decorator.py
[2024-10-03T06:41:49.256+0000] {logging_mixin.py:151} INFO - [2024-10-03T06:41:49.256+0000] {dag.py:2907} INFO - Sync 1 DAGs
[2024-10-03T06:41:49.309+0000] {logging_mixin.py:151} INFO - [2024-10-03T06:41:49.309+0000] {dag.py:3677} INFO - Setting next_dagrun for example_branch_python_operator_decorator to 2024-10-02T00:00:00+00:00, run_after=2024-10-03T00:00:00+00:00
[2024-10-03T06:41:49.372+0000] {processor.py:179} INFO - Processing /home/airflow/.local/lib/python3.8/site-packages/airflow/example_dags/example_branch_operator_decorator.py took 0.213 seconds
[2024-10-03T06:42:19.514+0000] {processor.py:157} INFO - Started process (PID=219) to work on /home/airflow/.local/lib/python3.8/site-packages/airflow/example_dags/example_branch_operator_decorator.py
[2024-10-03T06:42:19.520+0000] {processor.py:829} INFO - Processing file /home/airflow/.local/lib/python3.8/site-packages/airflow/example_dags/example_branch_operator_decorator.py for tasks to queue
[2024-10-03T06:42:19.527+0000] {logging_mixin.py:151} INFO - [2024-10-03T06:42:19.526+0000] {dagbag.py:539} INFO - Filling up the DagBag from /home/airflow/.local/lib/python3.8/site-packages/airflow/example_dags/example_branch_operator_decorator.py
[2024-10-03T06:42:19.558+0000] {processor.py:839} INFO - DAG(s) dict_keys(['example_branch_python_operator_decorator']) retrieved from /home/airflow/.local/lib/python3.8/site-packages/airflow/example_dags/example_branch_operator_decorator.py
[2024-10-03T06:42:19.644+0000] {logging_mixin.py:151} INFO - [2024-10-03T06:42:19.644+0000] {dag.py:2907} INFO - Sync 1 DAGs
[2024-10-03T06:42:19.702+0000] {logging_mixin.py:151} INFO - [2024-10-03T06:42:19.701+0000] {dag.py:3677} INFO - Setting next_dagrun for example_branch_python_operator_decorator to 2024-10-02T00:00:00+00:00, run_after=2024-10-03T00:00:00+00:00
[2024-10-03T06:42:19.760+0000] {processor.py:179} INFO - Processing /home/airflow/.local/lib/python3.8/site-packages/airflow/example_dags/example_branch_operator_decorator.py took 0.254 seconds
[2024-10-03T06:42:53.455+0000] {processor.py:157} INFO - Started process (PID=277) to work on /home/airflow/.local/lib/python3.8/site-packages/airflow/example_dags/example_branch_operator_decorator.py
[2024-10-03T06:42:53.462+0000] {processor.py:829} INFO - Processing file /home/airflow/.local/lib/python3.8/site-packages/airflow/example_dags/example_branch_operator_decorator.py for tasks to queue
[2024-10-03T06:42:53.467+0000] {logging_mixin.py:151} INFO - [2024-10-03T06:42:53.467+0000] {dagbag.py:539} INFO - Filling up the DagBag from /home/airflow/.local/lib/python3.8/site-packages/airflow/example_dags/example_branch_operator_decorator.py
[2024-10-03T06:42:53.498+0000] {processor.py:839} INFO - DAG(s) dict_keys(['example_branch_python_operator_decorator']) retrieved from /home/airflow/.local/lib/python3.8/site-packages/airflow/example_dags/example_branch_operator_decorator.py
[2024-10-03T06:42:53.586+0000] {logging_mixin.py:151} INFO - [2024-10-03T06:42:53.585+0000] {dag.py:2907} INFO - Sync 1 DAGs
[2024-10-03T06:42:53.747+0000] {logging_mixin.py:151} INFO - [2024-10-03T06:42:53.747+0000] {dag.py:3677} INFO - Setting next_dagrun for example_branch_python_operator_decorator to 2024-10-02T00:00:00+00:00, run_after=2024-10-03T00:00:00+00:00
[2024-10-03T06:42:53.866+0000] {processor.py:179} INFO - Processing /home/airflow/.local/lib/python3.8/site-packages/airflow/example_dags/example_branch_operator_decorator.py took 0.421 seconds
[2024-10-03T06:52:46.849+0000] {processor.py:186} INFO - Started process (PID=100) to work on /home/airflow/.local/lib/python3.12/site-packages/airflow/example_dags/example_branch_operator_decorator.py
[2024-10-03T06:52:46.854+0000] {processor.py:914} INFO - Processing file /home/airflow/.local/lib/python3.12/site-packages/airflow/example_dags/example_branch_operator_decorator.py for tasks to queue
[2024-10-03T06:52:46.864+0000] {logging_mixin.py:190} INFO - [2024-10-03T06:52:46.861+0000] {dagbag.py:588} INFO - Filling up the DagBag from /home/airflow/.local/lib/python3.12/site-packages/airflow/example_dags/example_branch_operator_decorator.py
[2024-10-03T06:52:46.933+0000] {processor.py:925} INFO - DAG(s) 'example_branch_python_operator_decorator' retrieved from /home/airflow/.local/lib/python3.12/site-packages/airflow/example_dags/example_branch_operator_decorator.py
[2024-10-03T06:52:47.247+0000] {logging_mixin.py:190} INFO - [2024-10-03T06:52:47.247+0000] {dag.py:3239} INFO - Sync 1 DAGs
[2024-10-03T06:52:47.321+0000] {logging_mixin.py:190} INFO - [2024-10-03T06:52:47.320+0000] {dag.py:4180} INFO - Setting next_dagrun for example_branch_python_operator_decorator to 2024-10-02 00:00:00+00:00, run_after=2024-10-03 00:00:00+00:00
[2024-10-03T06:52:47.400+0000] {processor.py:208} INFO - Processing /home/airflow/.local/lib/python3.12/site-packages/airflow/example_dags/example_branch_operator_decorator.py took 0.565 seconds
[2024-10-03T06:53:17.782+0000] {processor.py:186} INFO - Started process (PID=164) to work on /home/airflow/.local/lib/python3.12/site-packages/airflow/example_dags/example_branch_operator_decorator.py
[2024-10-03T06:53:17.787+0000] {processor.py:914} INFO - Processing file /home/airflow/.local/lib/python3.12/site-packages/airflow/example_dags/example_branch_operator_decorator.py for tasks to queue
[2024-10-03T06:53:17.799+0000] {logging_mixin.py:190} INFO - [2024-10-03T06:53:17.796+0000] {dagbag.py:588} INFO - Filling up the DagBag from /home/airflow/.local/lib/python3.12/site-packages/airflow/example_dags/example_branch_operator_decorator.py
[2024-10-03T06:53:17.854+0000] {processor.py:925} INFO - DAG(s) 'example_branch_python_operator_decorator' retrieved from /home/airflow/.local/lib/python3.12/site-packages/airflow/example_dags/example_branch_operator_decorator.py
[2024-10-03T06:53:17.960+0000] {logging_mixin.py:190} INFO - [2024-10-03T06:53:17.959+0000] {dag.py:3239} INFO - Sync 1 DAGs
[2024-10-03T06:53:18.029+0000] {logging_mixin.py:190} INFO - [2024-10-03T06:53:18.029+0000] {dag.py:4180} INFO - Setting next_dagrun for example_branch_python_operator_decorator to 2024-10-02 00:00:00+00:00, run_after=2024-10-03 00:00:00+00:00
[2024-10-03T06:53:18.085+0000] {processor.py:208} INFO - Processing /home/airflow/.local/lib/python3.12/site-packages/airflow/example_dags/example_branch_operator_decorator.py took 0.320 seconds
[2024-10-03T06:53:48.419+0000] {processor.py:186} INFO - Started process (PID=228) to work on /home/airflow/.local/lib/python3.12/site-packages/airflow/example_dags/example_branch_operator_decorator.py
[2024-10-03T06:53:48.421+0000] {processor.py:914} INFO - Processing file /home/airflow/.local/lib/python3.12/site-packages/airflow/example_dags/example_branch_operator_decorator.py for tasks to queue
[2024-10-03T06:53:48.424+0000] {logging_mixin.py:190} INFO - [2024-10-03T06:53:48.424+0000] {dagbag.py:588} INFO - Filling up the DagBag from /home/airflow/.local/lib/python3.12/site-packages/airflow/example_dags/example_branch_operator_decorator.py
[2024-10-03T06:53:48.480+0000] {processor.py:925} INFO - DAG(s) 'example_branch_python_operator_decorator' retrieved from /home/airflow/.local/lib/python3.12/site-packages/airflow/example_dags/example_branch_operator_decorator.py
[2024-10-03T06:53:48.544+0000] {logging_mixin.py:190} INFO - [2024-10-03T06:53:48.543+0000] {dag.py:3239} INFO - Sync 1 DAGs
[2024-10-03T06:53:48.586+0000] {logging_mixin.py:190} INFO - [2024-10-03T06:53:48.585+0000] {dag.py:4180} INFO - Setting next_dagrun for example_branch_python_operator_decorator to 2024-10-02 00:00:00+00:00, run_after=2024-10-03 00:00:00+00:00
[2024-10-03T06:53:48.648+0000] {processor.py:208} INFO - Processing /home/airflow/.local/lib/python3.12/site-packages/airflow/example_dags/example_branch_operator_decorator.py took 0.240 seconds
[2024-10-03T06:54:19.325+0000] {processor.py:186} INFO - Started process (PID=292) to work on /home/airflow/.local/lib/python3.12/site-packages/airflow/example_dags/example_branch_operator_decorator.py
[2024-10-03T06:54:19.326+0000] {processor.py:914} INFO - Processing file /home/airflow/.local/lib/python3.12/site-packages/airflow/example_dags/example_branch_operator_decorator.py for tasks to queue
[2024-10-03T06:54:19.329+0000] {logging_mixin.py:190} INFO - [2024-10-03T06:54:19.329+0000] {dagbag.py:588} INFO - Filling up the DagBag from /home/airflow/.local/lib/python3.12/site-packages/airflow/example_dags/example_branch_operator_decorator.py
[2024-10-03T06:54:19.362+0000] {processor.py:925} INFO - DAG(s) 'example_branch_python_operator_decorator' retrieved from /home/airflow/.local/lib/python3.12/site-packages/airflow/example_dags/example_branch_operator_decorator.py
[2024-10-03T06:54:19.407+0000] {logging_mixin.py:190} INFO - [2024-10-03T06:54:19.406+0000] {dag.py:3239} INFO - Sync 1 DAGs
[2024-10-03T06:54:19.444+0000] {logging_mixin.py:190} INFO - [2024-10-03T06:54:19.443+0000] {dag.py:4180} INFO - Setting next_dagrun for example_branch_python_operator_decorator to 2024-10-02 00:00:00+00:00, run_after=2024-10-03 00:00:00+00:00
[2024-10-03T06:54:19.484+0000] {processor.py:208} INFO - Processing /home/airflow/.local/lib/python3.12/site-packages/airflow/example_dags/example_branch_operator_decorator.py took 0.165 seconds
[2024-10-03T06:54:50.070+0000] {processor.py:186} INFO - Started process (PID=356) to work on /home/airflow/.local/lib/python3.12/site-packages/airflow/example_dags/example_branch_operator_decorator.py
[2024-10-03T06:54:50.073+0000] {processor.py:914} INFO - Processing file /home/airflow/.local/lib/python3.12/site-packages/airflow/example_dags/example_branch_operator_decorator.py for tasks to queue
[2024-10-03T06:54:50.077+0000] {logging_mixin.py:190} INFO - [2024-10-03T06:54:50.076+0000] {dagbag.py:588} INFO - Filling up the DagBag from /home/airflow/.local/lib/python3.12/site-packages/airflow/example_dags/example_branch_operator_decorator.py
[2024-10-03T06:54:50.112+0000] {processor.py:925} INFO - DAG(s) 'example_branch_python_operator_decorator' retrieved from /home/airflow/.local/lib/python3.12/site-packages/airflow/example_dags/example_branch_operator_decorator.py
[2024-10-03T06:54:50.158+0000] {logging_mixin.py:190} INFO - [2024-10-03T06:54:50.158+0000] {dag.py:3239} INFO - Sync 1 DAGs
[2024-10-03T06:54:50.198+0000] {logging_mixin.py:190} INFO - [2024-10-03T06:54:50.198+0000] {dag.py:4180} INFO - Setting next_dagrun for example_branch_python_operator_decorator to 2024-10-02 00:00:00+00:00, run_after=2024-10-03 00:00:00+00:00
[2024-10-03T06:54:50.239+0000] {processor.py:208} INFO - Processing /home/airflow/.local/lib/python3.12/site-packages/airflow/example_dags/example_branch_operator_decorator.py took 0.178 seconds
[2024-10-03T06:55:21.205+0000] {processor.py:186} INFO - Started process (PID=420) to work on /home/airflow/.local/lib/python3.12/site-packages/airflow/example_dags/example_branch_operator_decorator.py
[2024-10-03T06:55:21.206+0000] {processor.py:914} INFO - Processing file /home/airflow/.local/lib/python3.12/site-packages/airflow/example_dags/example_branch_operator_decorator.py for tasks to queue
[2024-10-03T06:55:21.210+0000] {logging_mixin.py:190} INFO - [2024-10-03T06:55:21.210+0000] {dagbag.py:588} INFO - Filling up the DagBag from /home/airflow/.local/lib/python3.12/site-packages/airflow/example_dags/example_branch_operator_decorator.py
[2024-10-03T06:55:21.237+0000] {processor.py:925} INFO - DAG(s) 'example_branch_python_operator_decorator' retrieved from /home/airflow/.local/lib/python3.12/site-packages/airflow/example_dags/example_branch_operator_decorator.py
[2024-10-03T06:55:21.276+0000] {logging_mixin.py:190} INFO - [2024-10-03T06:55:21.275+0000] {dag.py:3239} INFO - Sync 1 DAGs
[2024-10-03T06:55:21.304+0000] {logging_mixin.py:190} INFO - [2024-10-03T06:55:21.304+0000] {dag.py:4180} INFO - Setting next_dagrun for example_branch_python_operator_decorator to 2024-10-02 00:00:00+00:00, run_after=2024-10-03 00:00:00+00:00
[2024-10-03T06:55:21.339+0000] {processor.py:208} INFO - Processing /home/airflow/.local/lib/python3.12/site-packages/airflow/example_dags/example_branch_operator_decorator.py took 0.142 seconds
[2024-10-03T06:55:51.481+0000] {processor.py:186} INFO - Started process (PID=484) to work on /home/airflow/.local/lib/python3.12/site-packages/airflow/example_dags/example_branch_operator_decorator.py
[2024-10-03T06:55:51.483+0000] {processor.py:914} INFO - Processing file /home/airflow/.local/lib/python3.12/site-packages/airflow/example_dags/example_branch_operator_decorator.py for tasks to queue
[2024-10-03T06:55:51.486+0000] {logging_mixin.py:190} INFO - [2024-10-03T06:55:51.485+0000] {dagbag.py:588} INFO - Filling up the DagBag from /home/airflow/.local/lib/python3.12/site-packages/airflow/example_dags/example_branch_operator_decorator.py
[2024-10-03T06:55:51.509+0000] {processor.py:925} INFO - DAG(s) 'example_branch_python_operator_decorator' retrieved from /home/airflow/.local/lib/python3.12/site-packages/airflow/example_dags/example_branch_operator_decorator.py
[2024-10-03T06:55:51.543+0000] {logging_mixin.py:190} INFO - [2024-10-03T06:55:51.543+0000] {dag.py:3239} INFO - Sync 1 DAGs
[2024-10-03T06:55:51.577+0000] {logging_mixin.py:190} INFO - [2024-10-03T06:55:51.577+0000] {dag.py:4180} INFO - Setting next_dagrun for example_branch_python_operator_decorator to 2024-10-02 00:00:00+00:00, run_after=2024-10-03 00:00:00+00:00
[2024-10-03T06:55:51.605+0000] {processor.py:208} INFO - Processing /home/airflow/.local/lib/python3.12/site-packages/airflow/example_dags/example_branch_operator_decorator.py took 0.131 seconds
[2024-10-03T06:56:22.361+0000] {processor.py:186} INFO - Started process (PID=548) to work on /home/airflow/.local/lib/python3.12/site-packages/airflow/example_dags/example_branch_operator_decorator.py
[2024-10-03T06:56:22.364+0000] {processor.py:914} INFO - Processing file /home/airflow/.local/lib/python3.12/site-packages/airflow/example_dags/example_branch_operator_decorator.py for tasks to queue
[2024-10-03T06:56:22.370+0000] {logging_mixin.py:190} INFO - [2024-10-03T06:56:22.369+0000] {dagbag.py:588} INFO - Filling up the DagBag from /home/airflow/.local/lib/python3.12/site-packages/airflow/example_dags/example_branch_operator_decorator.py
[2024-10-03T06:56:22.417+0000] {processor.py:925} INFO - DAG(s) 'example_branch_python_operator_decorator' retrieved from /home/airflow/.local/lib/python3.12/site-packages/airflow/example_dags/example_branch_operator_decorator.py
[2024-10-03T06:56:22.494+0000] {logging_mixin.py:190} INFO - [2024-10-03T06:56:22.494+0000] {dag.py:3239} INFO - Sync 1 DAGs
[2024-10-03T06:56:22.555+0000] {logging_mixin.py:190} INFO - [2024-10-03T06:56:22.554+0000] {dag.py:4180} INFO - Setting next_dagrun for example_branch_python_operator_decorator to 2024-10-02 00:00:00+00:00, run_after=2024-10-03 00:00:00+00:00
[2024-10-03T06:56:22.608+0000] {processor.py:208} INFO - Processing /home/airflow/.local/lib/python3.12/site-packages/airflow/example_dags/example_branch_operator_decorator.py took 0.259 seconds
[2024-10-03T06:56:52.742+0000] {processor.py:186} INFO - Started process (PID=612) to work on /home/airflow/.local/lib/python3.12/site-packages/airflow/example_dags/example_branch_operator_decorator.py
[2024-10-03T06:56:52.745+0000] {processor.py:914} INFO - Processing file /home/airflow/.local/lib/python3.12/site-packages/airflow/example_dags/example_branch_operator_decorator.py for tasks to queue
[2024-10-03T06:56:52.750+0000] {logging_mixin.py:190} INFO - [2024-10-03T06:56:52.749+0000] {dagbag.py:588} INFO - Filling up the DagBag from /home/airflow/.local/lib/python3.12/site-packages/airflow/example_dags/example_branch_operator_decorator.py
[2024-10-03T06:56:52.964+0000] {processor.py:925} INFO - DAG(s) 'example_branch_python_operator_decorator' retrieved from /home/airflow/.local/lib/python3.12/site-packages/airflow/example_dags/example_branch_operator_decorator.py
[2024-10-03T06:56:53.203+0000] {logging_mixin.py:190} INFO - [2024-10-03T06:56:53.203+0000] {dag.py:3239} INFO - Sync 1 DAGs
[2024-10-03T06:56:53.230+0000] {logging_mixin.py:190} INFO - [2024-10-03T06:56:53.229+0000] {dag.py:4180} INFO - Setting next_dagrun for example_branch_python_operator_decorator to 2024-10-02 00:00:00+00:00, run_after=2024-10-03 00:00:00+00:00
[2024-10-03T06:56:53.400+0000] {processor.py:208} INFO - Processing /home/airflow/.local/lib/python3.12/site-packages/airflow/example_dags/example_branch_operator_decorator.py took 0.668 seconds
[2024-10-03T06:57:23.929+0000] {processor.py:186} INFO - Started process (PID=676) to work on /home/airflow/.local/lib/python3.12/site-packages/airflow/example_dags/example_branch_operator_decorator.py
[2024-10-03T06:57:23.938+0000] {processor.py:914} INFO - Processing file /home/airflow/.local/lib/python3.12/site-packages/airflow/example_dags/example_branch_operator_decorator.py for tasks to queue
[2024-10-03T06:57:23.948+0000] {logging_mixin.py:190} INFO - [2024-10-03T06:57:23.946+0000] {dagbag.py:588} INFO - Filling up the DagBag from /home/airflow/.local/lib/python3.12/site-packages/airflow/example_dags/example_branch_operator_decorator.py
[2024-10-03T06:57:24.040+0000] {processor.py:925} INFO - DAG(s) 'example_branch_python_operator_decorator' retrieved from /home/airflow/.local/lib/python3.12/site-packages/airflow/example_dags/example_branch_operator_decorator.py
[2024-10-03T06:57:24.161+0000] {logging_mixin.py:190} INFO - [2024-10-03T06:57:24.159+0000] {dag.py:3239} INFO - Sync 1 DAGs
[2024-10-03T06:57:24.260+0000] {logging_mixin.py:190} INFO - [2024-10-03T06:57:24.259+0000] {dag.py:4180} INFO - Setting next_dagrun for example_branch_python_operator_decorator to 2024-10-02 00:00:00+00:00, run_after=2024-10-03 00:00:00+00:00
[2024-10-03T06:57:24.394+0000] {processor.py:208} INFO - Processing /home/airflow/.local/lib/python3.12/site-packages/airflow/example_dags/example_branch_operator_decorator.py took 0.491 seconds
[2024-10-03T06:57:54.954+0000] {processor.py:186} INFO - Started process (PID=740) to work on /home/airflow/.local/lib/python3.12/site-packages/airflow/example_dags/example_branch_operator_decorator.py
[2024-10-03T06:57:54.956+0000] {processor.py:914} INFO - Processing file /home/airflow/.local/lib/python3.12/site-packages/airflow/example_dags/example_branch_operator_decorator.py for tasks to queue
[2024-10-03T06:57:54.961+0000] {logging_mixin.py:190} INFO - [2024-10-03T06:57:54.960+0000] {dagbag.py:588} INFO - Filling up the DagBag from /home/airflow/.local/lib/python3.12/site-packages/airflow/example_dags/example_branch_operator_decorator.py
[2024-10-03T06:57:54.984+0000] {processor.py:925} INFO - DAG(s) 'example_branch_python_operator_decorator' retrieved from /home/airflow/.local/lib/python3.12/site-packages/airflow/example_dags/example_branch_operator_decorator.py
[2024-10-03T06:57:55.017+0000] {logging_mixin.py:190} INFO - [2024-10-03T06:57:55.016+0000] {dag.py:3239} INFO - Sync 1 DAGs
[2024-10-03T06:57:55.049+0000] {logging_mixin.py:190} INFO - [2024-10-03T06:57:55.048+0000] {dag.py:4180} INFO - Setting next_dagrun for example_branch_python_operator_decorator to 2024-10-02 00:00:00+00:00, run_after=2024-10-03 00:00:00+00:00
[2024-10-03T06:57:55.078+0000] {processor.py:208} INFO - Processing /home/airflow/.local/lib/python3.12/site-packages/airflow/example_dags/example_branch_operator_decorator.py took 0.132 seconds
[2024-10-03T06:58:25.243+0000] {processor.py:186} INFO - Started process (PID=804) to work on /home/airflow/.local/lib/python3.12/site-packages/airflow/example_dags/example_branch_operator_decorator.py
[2024-10-03T06:58:25.245+0000] {processor.py:914} INFO - Processing file /home/airflow/.local/lib/python3.12/site-packages/airflow/example_dags/example_branch_operator_decorator.py for tasks to queue
[2024-10-03T06:58:25.249+0000] {logging_mixin.py:190} INFO - [2024-10-03T06:58:25.248+0000] {dagbag.py:588} INFO - Filling up the DagBag from /home/airflow/.local/lib/python3.12/site-packages/airflow/example_dags/example_branch_operator_decorator.py
[2024-10-03T06:58:25.272+0000] {processor.py:925} INFO - DAG(s) 'example_branch_python_operator_decorator' retrieved from /home/airflow/.local/lib/python3.12/site-packages/airflow/example_dags/example_branch_operator_decorator.py
[2024-10-03T06:58:25.307+0000] {logging_mixin.py:190} INFO - [2024-10-03T06:58:25.306+0000] {dag.py:3239} INFO - Sync 1 DAGs
[2024-10-03T06:58:25.338+0000] {logging_mixin.py:190} INFO - [2024-10-03T06:58:25.338+0000] {dag.py:4180} INFO - Setting next_dagrun for example_branch_python_operator_decorator to 2024-10-02 00:00:00+00:00, run_after=2024-10-03 00:00:00+00:00
[2024-10-03T06:58:25.368+0000] {processor.py:208} INFO - Processing /home/airflow/.local/lib/python3.12/site-packages/airflow/example_dags/example_branch_operator_decorator.py took 0.131 seconds
[2024-10-03T06:58:55.662+0000] {processor.py:186} INFO - Started process (PID=868) to work on /home/airflow/.local/lib/python3.12/site-packages/airflow/example_dags/example_branch_operator_decorator.py
[2024-10-03T06:58:55.666+0000] {processor.py:914} INFO - Processing file /home/airflow/.local/lib/python3.12/site-packages/airflow/example_dags/example_branch_operator_decorator.py for tasks to queue
[2024-10-03T06:58:55.672+0000] {logging_mixin.py:190} INFO - [2024-10-03T06:58:55.671+0000] {dagbag.py:588} INFO - Filling up the DagBag from /home/airflow/.local/lib/python3.12/site-packages/airflow/example_dags/example_branch_operator_decorator.py
[2024-10-03T06:58:55.725+0000] {processor.py:925} INFO - DAG(s) 'example_branch_python_operator_decorator' retrieved from /home/airflow/.local/lib/python3.12/site-packages/airflow/example_dags/example_branch_operator_decorator.py
[2024-10-03T06:58:55.805+0000] {logging_mixin.py:190} INFO - [2024-10-03T06:58:55.805+0000] {dag.py:3239} INFO - Sync 1 DAGs
[2024-10-03T06:58:55.840+0000] {logging_mixin.py:190} INFO - [2024-10-03T06:58:55.840+0000] {dag.py:4180} INFO - Setting next_dagrun for example_branch_python_operator_decorator to 2024-10-02 00:00:00+00:00, run_after=2024-10-03 00:00:00+00:00
[2024-10-03T06:58:55.871+0000] {processor.py:208} INFO - Processing /home/airflow/.local/lib/python3.12/site-packages/airflow/example_dags/example_branch_operator_decorator.py took 0.221 seconds
[2024-10-03T06:59:26.668+0000] {processor.py:186} INFO - Started process (PID=932) to work on /home/airflow/.local/lib/python3.12/site-packages/airflow/example_dags/example_branch_operator_decorator.py
[2024-10-03T06:59:26.670+0000] {processor.py:914} INFO - Processing file /home/airflow/.local/lib/python3.12/site-packages/airflow/example_dags/example_branch_operator_decorator.py for tasks to queue
[2024-10-03T06:59:26.675+0000] {logging_mixin.py:190} INFO - [2024-10-03T06:59:26.674+0000] {dagbag.py:588} INFO - Filling up the DagBag from /home/airflow/.local/lib/python3.12/site-packages/airflow/example_dags/example_branch_operator_decorator.py
[2024-10-03T06:59:26.728+0000] {processor.py:925} INFO - DAG(s) 'example_branch_python_operator_decorator' retrieved from /home/airflow/.local/lib/python3.12/site-packages/airflow/example_dags/example_branch_operator_decorator.py
[2024-10-03T06:59:26.798+0000] {logging_mixin.py:190} INFO - [2024-10-03T06:59:26.798+0000] {dag.py:3239} INFO - Sync 1 DAGs
[2024-10-03T06:59:26.861+0000] {logging_mixin.py:190} INFO - [2024-10-03T06:59:26.861+0000] {dag.py:4180} INFO - Setting next_dagrun for example_branch_python_operator_decorator to 2024-10-02 00:00:00+00:00, run_after=2024-10-03 00:00:00+00:00
[2024-10-03T06:59:26.916+0000] {processor.py:208} INFO - Processing /home/airflow/.local/lib/python3.12/site-packages/airflow/example_dags/example_branch_operator_decorator.py took 0.255 seconds
[2024-10-03T07:00:08.702+0000] {processor.py:186} INFO - Started process (PID=981) to work on /home/airflow/.local/lib/python3.12/site-packages/airflow/example_dags/example_branch_operator_decorator.py
[2024-10-03T07:00:08.705+0000] {processor.py:914} INFO - Processing file /home/airflow/.local/lib/python3.12/site-packages/airflow/example_dags/example_branch_operator_decorator.py for tasks to queue
[2024-10-03T07:00:08.710+0000] {logging_mixin.py:190} INFO - [2024-10-03T07:00:08.709+0000] {dagbag.py:588} INFO - Filling up the DagBag from /home/airflow/.local/lib/python3.12/site-packages/airflow/example_dags/example_branch_operator_decorator.py
[2024-10-03T07:00:08.747+0000] {processor.py:925} INFO - DAG(s) 'example_branch_python_operator_decorator' retrieved from /home/airflow/.local/lib/python3.12/site-packages/airflow/example_dags/example_branch_operator_decorator.py
[2024-10-03T07:00:08.800+0000] {logging_mixin.py:190} INFO - [2024-10-03T07:00:08.799+0000] {dag.py:3239} INFO - Sync 1 DAGs
[2024-10-03T07:00:08.851+0000] {logging_mixin.py:190} INFO - [2024-10-03T07:00:08.850+0000] {dag.py:4180} INFO - Setting next_dagrun for example_branch_python_operator_decorator to 2024-10-02 00:00:00+00:00, run_after=2024-10-03 00:00:00+00:00
[2024-10-03T07:00:08.888+0000] {processor.py:208} INFO - Processing /home/airflow/.local/lib/python3.12/site-packages/airflow/example_dags/example_branch_operator_decorator.py took 0.197 seconds
[2024-10-03T07:00:39.321+0000] {processor.py:186} INFO - Started process (PID=1045) to work on /home/airflow/.local/lib/python3.12/site-packages/airflow/example_dags/example_branch_operator_decorator.py
[2024-10-03T07:00:39.325+0000] {processor.py:914} INFO - Processing file /home/airflow/.local/lib/python3.12/site-packages/airflow/example_dags/example_branch_operator_decorator.py for tasks to queue
[2024-10-03T07:00:39.331+0000] {logging_mixin.py:190} INFO - [2024-10-03T07:00:39.330+0000] {dagbag.py:588} INFO - Filling up the DagBag from /home/airflow/.local/lib/python3.12/site-packages/airflow/example_dags/example_branch_operator_decorator.py
[2024-10-03T07:00:39.395+0000] {processor.py:925} INFO - DAG(s) 'example_branch_python_operator_decorator' retrieved from /home/airflow/.local/lib/python3.12/site-packages/airflow/example_dags/example_branch_operator_decorator.py
[2024-10-03T07:00:39.477+0000] {logging_mixin.py:190} INFO - [2024-10-03T07:00:39.476+0000] {dag.py:3239} INFO - Sync 1 DAGs
[2024-10-03T07:00:39.578+0000] {logging_mixin.py:190} INFO - [2024-10-03T07:00:39.577+0000] {dag.py:4180} INFO - Setting next_dagrun for example_branch_python_operator_decorator to 2024-10-02 00:00:00+00:00, run_after=2024-10-03 00:00:00+00:00
[2024-10-03T07:00:39.675+0000] {processor.py:208} INFO - Processing /home/airflow/.local/lib/python3.12/site-packages/airflow/example_dags/example_branch_operator_decorator.py took 0.365 seconds
[2024-10-03T07:01:19.292+0000] {processor.py:186} INFO - Started process (PID=1108) to work on /home/airflow/.local/lib/python3.12/site-packages/airflow/example_dags/example_branch_operator_decorator.py
[2024-10-03T07:01:19.295+0000] {processor.py:914} INFO - Processing file /home/airflow/.local/lib/python3.12/site-packages/airflow/example_dags/example_branch_operator_decorator.py for tasks to queue
[2024-10-03T07:01:19.299+0000] {logging_mixin.py:190} INFO - [2024-10-03T07:01:19.298+0000] {dagbag.py:588} INFO - Filling up the DagBag from /home/airflow/.local/lib/python3.12/site-packages/airflow/example_dags/example_branch_operator_decorator.py
[2024-10-03T07:01:19.352+0000] {processor.py:925} INFO - DAG(s) 'example_branch_python_operator_decorator' retrieved from /home/airflow/.local/lib/python3.12/site-packages/airflow/example_dags/example_branch_operator_decorator.py
[2024-10-03T07:01:19.420+0000] {logging_mixin.py:190} INFO - [2024-10-03T07:01:19.419+0000] {dag.py:3239} INFO - Sync 1 DAGs
[2024-10-03T07:01:19.477+0000] {logging_mixin.py:190} INFO - [2024-10-03T07:01:19.477+0000] {dag.py:4180} INFO - Setting next_dagrun for example_branch_python_operator_decorator to 2024-10-02 00:00:00+00:00, run_after=2024-10-03 00:00:00+00:00
[2024-10-03T07:01:19.531+0000] {processor.py:208} INFO - Processing /home/airflow/.local/lib/python3.12/site-packages/airflow/example_dags/example_branch_operator_decorator.py took 0.254 seconds
[2024-10-03T07:02:37.577+0000] {processor.py:186} INFO - Started process (PID=1165) to work on /home/airflow/.local/lib/python3.12/site-packages/airflow/example_dags/example_branch_operator_decorator.py
[2024-10-03T07:02:37.579+0000] {processor.py:914} INFO - Processing file /home/airflow/.local/lib/python3.12/site-packages/airflow/example_dags/example_branch_operator_decorator.py for tasks to queue
[2024-10-03T07:02:37.582+0000] {logging_mixin.py:190} INFO - [2024-10-03T07:02:37.582+0000] {dagbag.py:588} INFO - Filling up the DagBag from /home/airflow/.local/lib/python3.12/site-packages/airflow/example_dags/example_branch_operator_decorator.py
[2024-10-03T07:02:37.618+0000] {processor.py:925} INFO - DAG(s) 'example_branch_python_operator_decorator' retrieved from /home/airflow/.local/lib/python3.12/site-packages/airflow/example_dags/example_branch_operator_decorator.py
[2024-10-03T07:02:37.669+0000] {logging_mixin.py:190} INFO - [2024-10-03T07:02:37.668+0000] {dag.py:3239} INFO - Sync 1 DAGs
[2024-10-03T07:02:37.734+0000] {logging_mixin.py:190} INFO - [2024-10-03T07:02:37.734+0000] {dag.py:4180} INFO - Setting next_dagrun for example_branch_python_operator_decorator to 2024-10-02 00:00:00+00:00, run_after=2024-10-03 00:00:00+00:00
[2024-10-03T07:02:37.803+0000] {processor.py:208} INFO - Processing /home/airflow/.local/lib/python3.12/site-packages/airflow/example_dags/example_branch_operator_decorator.py took 0.235 seconds
[2024-10-03T07:03:08.179+0000] {processor.py:186} INFO - Started process (PID=1228) to work on /home/airflow/.local/lib/python3.12/site-packages/airflow/example_dags/example_branch_operator_decorator.py
[2024-10-03T07:03:08.180+0000] {processor.py:914} INFO - Processing file /home/airflow/.local/lib/python3.12/site-packages/airflow/example_dags/example_branch_operator_decorator.py for tasks to queue
[2024-10-03T07:03:08.183+0000] {logging_mixin.py:190} INFO - [2024-10-03T07:03:08.182+0000] {dagbag.py:588} INFO - Filling up the DagBag from /home/airflow/.local/lib/python3.12/site-packages/airflow/example_dags/example_branch_operator_decorator.py
[2024-10-03T07:03:08.213+0000] {processor.py:925} INFO - DAG(s) 'example_branch_python_operator_decorator' retrieved from /home/airflow/.local/lib/python3.12/site-packages/airflow/example_dags/example_branch_operator_decorator.py
[2024-10-03T07:03:08.252+0000] {logging_mixin.py:190} INFO - [2024-10-03T07:03:08.252+0000] {dag.py:3239} INFO - Sync 1 DAGs
[2024-10-03T07:03:08.289+0000] {logging_mixin.py:190} INFO - [2024-10-03T07:03:08.289+0000] {dag.py:4180} INFO - Setting next_dagrun for example_branch_python_operator_decorator to 2024-10-02 00:00:00+00:00, run_after=2024-10-03 00:00:00+00:00
[2024-10-03T07:03:08.323+0000] {processor.py:208} INFO - Processing /home/airflow/.local/lib/python3.12/site-packages/airflow/example_dags/example_branch_operator_decorator.py took 0.153 seconds
[2024-10-03T07:03:38.451+0000] {processor.py:186} INFO - Started process (PID=1291) to work on /home/airflow/.local/lib/python3.12/site-packages/airflow/example_dags/example_branch_operator_decorator.py
[2024-10-03T07:03:38.452+0000] {processor.py:914} INFO - Processing file /home/airflow/.local/lib/python3.12/site-packages/airflow/example_dags/example_branch_operator_decorator.py for tasks to queue
[2024-10-03T07:03:38.453+0000] {logging_mixin.py:190} INFO - [2024-10-03T07:03:38.453+0000] {dagbag.py:588} INFO - Filling up the DagBag from /home/airflow/.local/lib/python3.12/site-packages/airflow/example_dags/example_branch_operator_decorator.py
[2024-10-03T07:03:38.474+0000] {processor.py:925} INFO - DAG(s) 'example_branch_python_operator_decorator' retrieved from /home/airflow/.local/lib/python3.12/site-packages/airflow/example_dags/example_branch_operator_decorator.py
[2024-10-03T07:03:38.508+0000] {logging_mixin.py:190} INFO - [2024-10-03T07:03:38.508+0000] {dag.py:3239} INFO - Sync 1 DAGs
[2024-10-03T07:03:38.539+0000] {logging_mixin.py:190} INFO - [2024-10-03T07:03:38.538+0000] {dag.py:4180} INFO - Setting next_dagrun for example_branch_python_operator_decorator to 2024-10-02 00:00:00+00:00, run_after=2024-10-03 00:00:00+00:00
[2024-10-03T07:03:38.566+0000] {processor.py:208} INFO - Processing /home/airflow/.local/lib/python3.12/site-packages/airflow/example_dags/example_branch_operator_decorator.py took 0.121 seconds
[2024-10-03T07:04:09.424+0000] {processor.py:186} INFO - Started process (PID=1354) to work on /home/airflow/.local/lib/python3.12/site-packages/airflow/example_dags/example_branch_operator_decorator.py
[2024-10-03T07:04:09.426+0000] {processor.py:914} INFO - Processing file /home/airflow/.local/lib/python3.12/site-packages/airflow/example_dags/example_branch_operator_decorator.py for tasks to queue
[2024-10-03T07:04:09.429+0000] {logging_mixin.py:190} INFO - [2024-10-03T07:04:09.428+0000] {dagbag.py:588} INFO - Filling up the DagBag from /home/airflow/.local/lib/python3.12/site-packages/airflow/example_dags/example_branch_operator_decorator.py
[2024-10-03T07:04:09.457+0000] {processor.py:925} INFO - DAG(s) 'example_branch_python_operator_decorator' retrieved from /home/airflow/.local/lib/python3.12/site-packages/airflow/example_dags/example_branch_operator_decorator.py
[2024-10-03T07:04:09.492+0000] {logging_mixin.py:190} INFO - [2024-10-03T07:04:09.492+0000] {dag.py:3239} INFO - Sync 1 DAGs
[2024-10-03T07:04:09.525+0000] {logging_mixin.py:190} INFO - [2024-10-03T07:04:09.525+0000] {dag.py:4180} INFO - Setting next_dagrun for example_branch_python_operator_decorator to 2024-10-02 00:00:00+00:00, run_after=2024-10-03 00:00:00+00:00
[2024-10-03T07:04:09.558+0000] {processor.py:208} INFO - Processing /home/airflow/.local/lib/python3.12/site-packages/airflow/example_dags/example_branch_operator_decorator.py took 0.142 seconds
[2024-10-03T07:04:40.684+0000] {processor.py:186} INFO - Started process (PID=1417) to work on /home/airflow/.local/lib/python3.12/site-packages/airflow/example_dags/example_branch_operator_decorator.py
[2024-10-03T07:04:40.687+0000] {processor.py:914} INFO - Processing file /home/airflow/.local/lib/python3.12/site-packages/airflow/example_dags/example_branch_operator_decorator.py for tasks to queue
[2024-10-03T07:04:40.689+0000] {logging_mixin.py:190} INFO - [2024-10-03T07:04:40.689+0000] {dagbag.py:588} INFO - Filling up the DagBag from /home/airflow/.local/lib/python3.12/site-packages/airflow/example_dags/example_branch_operator_decorator.py
[2024-10-03T07:04:40.724+0000] {processor.py:925} INFO - DAG(s) 'example_branch_python_operator_decorator' retrieved from /home/airflow/.local/lib/python3.12/site-packages/airflow/example_dags/example_branch_operator_decorator.py
[2024-10-03T07:04:40.765+0000] {logging_mixin.py:190} INFO - [2024-10-03T07:04:40.764+0000] {dag.py:3239} INFO - Sync 1 DAGs
[2024-10-03T07:04:40.798+0000] {logging_mixin.py:190} INFO - [2024-10-03T07:04:40.797+0000] {dag.py:4180} INFO - Setting next_dagrun for example_branch_python_operator_decorator to 2024-10-02 00:00:00+00:00, run_after=2024-10-03 00:00:00+00:00
[2024-10-03T07:04:40.840+0000] {processor.py:208} INFO - Processing /home/airflow/.local/lib/python3.12/site-packages/airflow/example_dags/example_branch_operator_decorator.py took 0.162 seconds
[2024-10-03T07:05:12.576+0000] {processor.py:186} INFO - Started process (PID=1479) to work on /home/airflow/.local/lib/python3.12/site-packages/airflow/example_dags/example_branch_operator_decorator.py
[2024-10-03T07:05:12.577+0000] {processor.py:914} INFO - Processing file /home/airflow/.local/lib/python3.12/site-packages/airflow/example_dags/example_branch_operator_decorator.py for tasks to queue
[2024-10-03T07:05:12.579+0000] {logging_mixin.py:190} INFO - [2024-10-03T07:05:12.579+0000] {dagbag.py:588} INFO - Filling up the DagBag from /home/airflow/.local/lib/python3.12/site-packages/airflow/example_dags/example_branch_operator_decorator.py
[2024-10-03T07:05:12.603+0000] {processor.py:925} INFO - DAG(s) 'example_branch_python_operator_decorator' retrieved from /home/airflow/.local/lib/python3.12/site-packages/airflow/example_dags/example_branch_operator_decorator.py
[2024-10-03T07:05:12.640+0000] {logging_mixin.py:190} INFO - [2024-10-03T07:05:12.639+0000] {dag.py:3239} INFO - Sync 1 DAGs
[2024-10-03T07:05:12.672+0000] {logging_mixin.py:190} INFO - [2024-10-03T07:05:12.672+0000] {dag.py:4180} INFO - Setting next_dagrun for example_branch_python_operator_decorator to 2024-10-02 00:00:00+00:00, run_after=2024-10-03 00:00:00+00:00
[2024-10-03T07:05:12.703+0000] {processor.py:208} INFO - Processing /home/airflow/.local/lib/python3.12/site-packages/airflow/example_dags/example_branch_operator_decorator.py took 0.134 seconds
[2024-10-03T07:07:06.978+0000] {processor.py:186} INFO - Started process (PID=1542) to work on /home/airflow/.local/lib/python3.12/site-packages/airflow/example_dags/example_branch_operator_decorator.py
[2024-10-03T07:07:06.981+0000] {processor.py:914} INFO - Processing file /home/airflow/.local/lib/python3.12/site-packages/airflow/example_dags/example_branch_operator_decorator.py for tasks to queue
[2024-10-03T07:07:06.986+0000] {logging_mixin.py:190} INFO - [2024-10-03T07:07:06.985+0000] {dagbag.py:588} INFO - Filling up the DagBag from /home/airflow/.local/lib/python3.12/site-packages/airflow/example_dags/example_branch_operator_decorator.py
[2024-10-03T07:07:07.031+0000] {processor.py:925} INFO - DAG(s) 'example_branch_python_operator_decorator' retrieved from /home/airflow/.local/lib/python3.12/site-packages/airflow/example_dags/example_branch_operator_decorator.py
[2024-10-03T07:07:07.099+0000] {logging_mixin.py:190} INFO - [2024-10-03T07:07:07.099+0000] {dag.py:3239} INFO - Sync 1 DAGs
[2024-10-03T07:07:07.140+0000] {logging_mixin.py:190} INFO - [2024-10-03T07:07:07.140+0000] {dag.py:4180} INFO - Setting next_dagrun for example_branch_python_operator_decorator to 2024-10-02 00:00:00+00:00, run_after=2024-10-03 00:00:00+00:00
[2024-10-03T07:07:07.178+0000] {processor.py:208} INFO - Processing /home/airflow/.local/lib/python3.12/site-packages/airflow/example_dags/example_branch_operator_decorator.py took 0.213 seconds
[2024-10-03T07:07:37.282+0000] {processor.py:186} INFO - Started process (PID=1605) to work on /home/airflow/.local/lib/python3.12/site-packages/airflow/example_dags/example_branch_operator_decorator.py
[2024-10-03T07:07:37.283+0000] {processor.py:914} INFO - Processing file /home/airflow/.local/lib/python3.12/site-packages/airflow/example_dags/example_branch_operator_decorator.py for tasks to queue
[2024-10-03T07:07:37.285+0000] {logging_mixin.py:190} INFO - [2024-10-03T07:07:37.285+0000] {dagbag.py:588} INFO - Filling up the DagBag from /home/airflow/.local/lib/python3.12/site-packages/airflow/example_dags/example_branch_operator_decorator.py
[2024-10-03T07:07:37.317+0000] {processor.py:925} INFO - DAG(s) 'example_branch_python_operator_decorator' retrieved from /home/airflow/.local/lib/python3.12/site-packages/airflow/example_dags/example_branch_operator_decorator.py
[2024-10-03T07:07:37.355+0000] {logging_mixin.py:190} INFO - [2024-10-03T07:07:37.355+0000] {dag.py:3239} INFO - Sync 1 DAGs
[2024-10-03T07:07:37.389+0000] {logging_mixin.py:190} INFO - [2024-10-03T07:07:37.388+0000] {dag.py:4180} INFO - Setting next_dagrun for example_branch_python_operator_decorator to 2024-10-02 00:00:00+00:00, run_after=2024-10-03 00:00:00+00:00
[2024-10-03T07:07:37.420+0000] {processor.py:208} INFO - Processing /home/airflow/.local/lib/python3.12/site-packages/airflow/example_dags/example_branch_operator_decorator.py took 0.146 seconds
[2024-10-03T07:08:07.935+0000] {processor.py:186} INFO - Started process (PID=1668) to work on /home/airflow/.local/lib/python3.12/site-packages/airflow/example_dags/example_branch_operator_decorator.py
[2024-10-03T07:08:07.936+0000] {processor.py:914} INFO - Processing file /home/airflow/.local/lib/python3.12/site-packages/airflow/example_dags/example_branch_operator_decorator.py for tasks to queue
[2024-10-03T07:08:07.938+0000] {logging_mixin.py:190} INFO - [2024-10-03T07:08:07.938+0000] {dagbag.py:588} INFO - Filling up the DagBag from /home/airflow/.local/lib/python3.12/site-packages/airflow/example_dags/example_branch_operator_decorator.py
[2024-10-03T07:08:07.959+0000] {processor.py:925} INFO - DAG(s) 'example_branch_python_operator_decorator' retrieved from /home/airflow/.local/lib/python3.12/site-packages/airflow/example_dags/example_branch_operator_decorator.py
[2024-10-03T07:08:07.990+0000] {logging_mixin.py:190} INFO - [2024-10-03T07:08:07.990+0000] {dag.py:3239} INFO - Sync 1 DAGs
[2024-10-03T07:08:08.018+0000] {logging_mixin.py:190} INFO - [2024-10-03T07:08:08.018+0000] {dag.py:4180} INFO - Setting next_dagrun for example_branch_python_operator_decorator to 2024-10-02 00:00:00+00:00, run_after=2024-10-03 00:00:00+00:00
[2024-10-03T07:08:08.047+0000] {processor.py:208} INFO - Processing /home/airflow/.local/lib/python3.12/site-packages/airflow/example_dags/example_branch_operator_decorator.py took 0.118 seconds
[2024-10-03T07:08:50.641+0000] {processor.py:186} INFO - Started process (PID=1728) to work on /home/airflow/.local/lib/python3.12/site-packages/airflow/example_dags/example_branch_operator_decorator.py
[2024-10-03T07:08:50.644+0000] {processor.py:914} INFO - Processing file /home/airflow/.local/lib/python3.12/site-packages/airflow/example_dags/example_branch_operator_decorator.py for tasks to queue
[2024-10-03T07:08:50.646+0000] {logging_mixin.py:190} INFO - [2024-10-03T07:08:50.646+0000] {dagbag.py:588} INFO - Filling up the DagBag from /home/airflow/.local/lib/python3.12/site-packages/airflow/example_dags/example_branch_operator_decorator.py
[2024-10-03T07:08:50.674+0000] {processor.py:925} INFO - DAG(s) 'example_branch_python_operator_decorator' retrieved from /home/airflow/.local/lib/python3.12/site-packages/airflow/example_dags/example_branch_operator_decorator.py
[2024-10-03T07:08:50.750+0000] {logging_mixin.py:190} INFO - [2024-10-03T07:08:50.749+0000] {dag.py:3239} INFO - Sync 1 DAGs
[2024-10-03T07:08:50.804+0000] {logging_mixin.py:190} INFO - [2024-10-03T07:08:50.803+0000] {dag.py:4180} INFO - Setting next_dagrun for example_branch_python_operator_decorator to 2024-10-02 00:00:00+00:00, run_after=2024-10-03 00:00:00+00:00
[2024-10-03T07:08:50.850+0000] {processor.py:208} INFO - Processing /home/airflow/.local/lib/python3.12/site-packages/airflow/example_dags/example_branch_operator_decorator.py took 0.217 seconds
[2024-10-03T07:09:21.487+0000] {processor.py:186} INFO - Started process (PID=1791) to work on /home/airflow/.local/lib/python3.12/site-packages/airflow/example_dags/example_branch_operator_decorator.py
[2024-10-03T07:09:21.490+0000] {processor.py:914} INFO - Processing file /home/airflow/.local/lib/python3.12/site-packages/airflow/example_dags/example_branch_operator_decorator.py for tasks to queue
[2024-10-03T07:09:21.493+0000] {logging_mixin.py:190} INFO - [2024-10-03T07:09:21.492+0000] {dagbag.py:588} INFO - Filling up the DagBag from /home/airflow/.local/lib/python3.12/site-packages/airflow/example_dags/example_branch_operator_decorator.py
[2024-10-03T07:09:21.551+0000] {processor.py:925} INFO - DAG(s) 'example_branch_python_operator_decorator' retrieved from /home/airflow/.local/lib/python3.12/site-packages/airflow/example_dags/example_branch_operator_decorator.py
[2024-10-03T07:09:21.621+0000] {logging_mixin.py:190} INFO - [2024-10-03T07:09:21.620+0000] {dag.py:3239} INFO - Sync 1 DAGs
[2024-10-03T07:09:21.697+0000] {logging_mixin.py:190} INFO - [2024-10-03T07:09:21.696+0000] {dag.py:4180} INFO - Setting next_dagrun for example_branch_python_operator_decorator to 2024-10-02 00:00:00+00:00, run_after=2024-10-03 00:00:00+00:00
[2024-10-03T07:09:21.744+0000] {processor.py:208} INFO - Processing /home/airflow/.local/lib/python3.12/site-packages/airflow/example_dags/example_branch_operator_decorator.py took 0.268 seconds
[2024-10-03T07:09:52.837+0000] {processor.py:186} INFO - Started process (PID=1854) to work on /home/airflow/.local/lib/python3.12/site-packages/airflow/example_dags/example_branch_operator_decorator.py
[2024-10-03T07:09:52.840+0000] {processor.py:914} INFO - Processing file /home/airflow/.local/lib/python3.12/site-packages/airflow/example_dags/example_branch_operator_decorator.py for tasks to queue
[2024-10-03T07:09:52.844+0000] {logging_mixin.py:190} INFO - [2024-10-03T07:09:52.843+0000] {dagbag.py:588} INFO - Filling up the DagBag from /home/airflow/.local/lib/python3.12/site-packages/airflow/example_dags/example_branch_operator_decorator.py
[2024-10-03T07:09:52.880+0000] {processor.py:925} INFO - DAG(s) 'example_branch_python_operator_decorator' retrieved from /home/airflow/.local/lib/python3.12/site-packages/airflow/example_dags/example_branch_operator_decorator.py
[2024-10-03T07:09:52.926+0000] {logging_mixin.py:190} INFO - [2024-10-03T07:09:52.926+0000] {dag.py:3239} INFO - Sync 1 DAGs
[2024-10-03T07:09:52.963+0000] {logging_mixin.py:190} INFO - [2024-10-03T07:09:52.963+0000] {dag.py:4180} INFO - Setting next_dagrun for example_branch_python_operator_decorator to 2024-10-02 00:00:00+00:00, run_after=2024-10-03 00:00:00+00:00
[2024-10-03T07:09:52.995+0000] {processor.py:208} INFO - Processing /home/airflow/.local/lib/python3.12/site-packages/airflow/example_dags/example_branch_operator_decorator.py took 0.167 seconds
[2024-10-03T07:10:23.282+0000] {processor.py:186} INFO - Started process (PID=1917) to work on /home/airflow/.local/lib/python3.12/site-packages/airflow/example_dags/example_branch_operator_decorator.py
[2024-10-03T07:10:23.284+0000] {processor.py:914} INFO - Processing file /home/airflow/.local/lib/python3.12/site-packages/airflow/example_dags/example_branch_operator_decorator.py for tasks to queue
[2024-10-03T07:10:23.286+0000] {logging_mixin.py:190} INFO - [2024-10-03T07:10:23.286+0000] {dagbag.py:588} INFO - Filling up the DagBag from /home/airflow/.local/lib/python3.12/site-packages/airflow/example_dags/example_branch_operator_decorator.py
[2024-10-03T07:10:23.312+0000] {processor.py:925} INFO - DAG(s) 'example_branch_python_operator_decorator' retrieved from /home/airflow/.local/lib/python3.12/site-packages/airflow/example_dags/example_branch_operator_decorator.py
[2024-10-03T07:10:23.354+0000] {logging_mixin.py:190} INFO - [2024-10-03T07:10:23.353+0000] {dag.py:3239} INFO - Sync 1 DAGs
[2024-10-03T07:10:23.386+0000] {logging_mixin.py:190} INFO - [2024-10-03T07:10:23.385+0000] {dag.py:4180} INFO - Setting next_dagrun for example_branch_python_operator_decorator to 2024-10-02 00:00:00+00:00, run_after=2024-10-03 00:00:00+00:00
[2024-10-03T07:10:23.414+0000] {processor.py:208} INFO - Processing /home/airflow/.local/lib/python3.12/site-packages/airflow/example_dags/example_branch_operator_decorator.py took 0.139 seconds
[2024-10-03T07:10:53.645+0000] {processor.py:186} INFO - Started process (PID=1981) to work on /home/airflow/.local/lib/python3.12/site-packages/airflow/example_dags/example_branch_operator_decorator.py
[2024-10-03T07:10:53.646+0000] {processor.py:914} INFO - Processing file /home/airflow/.local/lib/python3.12/site-packages/airflow/example_dags/example_branch_operator_decorator.py for tasks to queue
[2024-10-03T07:10:53.648+0000] {logging_mixin.py:190} INFO - [2024-10-03T07:10:53.648+0000] {dagbag.py:588} INFO - Filling up the DagBag from /home/airflow/.local/lib/python3.12/site-packages/airflow/example_dags/example_branch_operator_decorator.py
[2024-10-03T07:10:53.668+0000] {processor.py:925} INFO - DAG(s) 'example_branch_python_operator_decorator' retrieved from /home/airflow/.local/lib/python3.12/site-packages/airflow/example_dags/example_branch_operator_decorator.py
[2024-10-03T07:10:53.701+0000] {logging_mixin.py:190} INFO - [2024-10-03T07:10:53.701+0000] {dag.py:3239} INFO - Sync 1 DAGs
[2024-10-03T07:10:53.729+0000] {logging_mixin.py:190} INFO - [2024-10-03T07:10:53.728+0000] {dag.py:4180} INFO - Setting next_dagrun for example_branch_python_operator_decorator to 2024-10-02 00:00:00+00:00, run_after=2024-10-03 00:00:00+00:00
[2024-10-03T07:10:53.755+0000] {processor.py:208} INFO - Processing /home/airflow/.local/lib/python3.12/site-packages/airflow/example_dags/example_branch_operator_decorator.py took 0.116 seconds
[2024-10-03T07:11:24.092+0000] {processor.py:186} INFO - Started process (PID=2043) to work on /home/airflow/.local/lib/python3.12/site-packages/airflow/example_dags/example_branch_operator_decorator.py
[2024-10-03T07:11:24.094+0000] {processor.py:914} INFO - Processing file /home/airflow/.local/lib/python3.12/site-packages/airflow/example_dags/example_branch_operator_decorator.py for tasks to queue
[2024-10-03T07:11:24.096+0000] {logging_mixin.py:190} INFO - [2024-10-03T07:11:24.096+0000] {dagbag.py:588} INFO - Filling up the DagBag from /home/airflow/.local/lib/python3.12/site-packages/airflow/example_dags/example_branch_operator_decorator.py
[2024-10-03T07:11:24.122+0000] {processor.py:925} INFO - DAG(s) 'example_branch_python_operator_decorator' retrieved from /home/airflow/.local/lib/python3.12/site-packages/airflow/example_dags/example_branch_operator_decorator.py
[2024-10-03T07:11:24.161+0000] {logging_mixin.py:190} INFO - [2024-10-03T07:11:24.160+0000] {dag.py:3239} INFO - Sync 1 DAGs
[2024-10-03T07:11:24.212+0000] {logging_mixin.py:190} INFO - [2024-10-03T07:11:24.212+0000] {dag.py:4180} INFO - Setting next_dagrun for example_branch_python_operator_decorator to 2024-10-02 00:00:00+00:00, run_after=2024-10-03 00:00:00+00:00
[2024-10-03T07:11:24.251+0000] {processor.py:208} INFO - Processing /home/airflow/.local/lib/python3.12/site-packages/airflow/example_dags/example_branch_operator_decorator.py took 0.167 seconds
[2024-10-03T07:11:55.116+0000] {processor.py:186} INFO - Started process (PID=2106) to work on /home/airflow/.local/lib/python3.12/site-packages/airflow/example_dags/example_branch_operator_decorator.py
[2024-10-03T07:11:55.119+0000] {processor.py:914} INFO - Processing file /home/airflow/.local/lib/python3.12/site-packages/airflow/example_dags/example_branch_operator_decorator.py for tasks to queue
[2024-10-03T07:11:55.123+0000] {logging_mixin.py:190} INFO - [2024-10-03T07:11:55.122+0000] {dagbag.py:588} INFO - Filling up the DagBag from /home/airflow/.local/lib/python3.12/site-packages/airflow/example_dags/example_branch_operator_decorator.py
[2024-10-03T07:11:55.153+0000] {processor.py:925} INFO - DAG(s) 'example_branch_python_operator_decorator' retrieved from /home/airflow/.local/lib/python3.12/site-packages/airflow/example_dags/example_branch_operator_decorator.py
[2024-10-03T07:11:55.201+0000] {logging_mixin.py:190} INFO - [2024-10-03T07:11:55.200+0000] {dag.py:3239} INFO - Sync 1 DAGs
[2024-10-03T07:11:55.244+0000] {logging_mixin.py:190} INFO - [2024-10-03T07:11:55.244+0000] {dag.py:4180} INFO - Setting next_dagrun for example_branch_python_operator_decorator to 2024-10-02 00:00:00+00:00, run_after=2024-10-03 00:00:00+00:00
[2024-10-03T07:11:55.281+0000] {processor.py:208} INFO - Processing /home/airflow/.local/lib/python3.12/site-packages/airflow/example_dags/example_branch_operator_decorator.py took 0.172 seconds
[2024-10-03T07:12:25.943+0000] {processor.py:186} INFO - Started process (PID=2169) to work on /home/airflow/.local/lib/python3.12/site-packages/airflow/example_dags/example_branch_operator_decorator.py
[2024-10-03T07:12:25.944+0000] {processor.py:914} INFO - Processing file /home/airflow/.local/lib/python3.12/site-packages/airflow/example_dags/example_branch_operator_decorator.py for tasks to queue
[2024-10-03T07:12:25.945+0000] {logging_mixin.py:190} INFO - [2024-10-03T07:12:25.945+0000] {dagbag.py:588} INFO - Filling up the DagBag from /home/airflow/.local/lib/python3.12/site-packages/airflow/example_dags/example_branch_operator_decorator.py
[2024-10-03T07:12:25.968+0000] {processor.py:925} INFO - DAG(s) 'example_branch_python_operator_decorator' retrieved from /home/airflow/.local/lib/python3.12/site-packages/airflow/example_dags/example_branch_operator_decorator.py
[2024-10-03T07:12:26.001+0000] {logging_mixin.py:190} INFO - [2024-10-03T07:12:26.000+0000] {dag.py:3239} INFO - Sync 1 DAGs
[2024-10-03T07:12:26.033+0000] {logging_mixin.py:190} INFO - [2024-10-03T07:12:26.032+0000] {dag.py:4180} INFO - Setting next_dagrun for example_branch_python_operator_decorator to 2024-10-02 00:00:00+00:00, run_after=2024-10-03 00:00:00+00:00
[2024-10-03T07:12:26.061+0000] {processor.py:208} INFO - Processing /home/airflow/.local/lib/python3.12/site-packages/airflow/example_dags/example_branch_operator_decorator.py took 0.124 seconds
[2024-10-03T07:12:57.701+0000] {processor.py:186} INFO - Started process (PID=2232) to work on /home/airflow/.local/lib/python3.12/site-packages/airflow/example_dags/example_branch_operator_decorator.py
[2024-10-03T07:12:57.704+0000] {processor.py:914} INFO - Processing file /home/airflow/.local/lib/python3.12/site-packages/airflow/example_dags/example_branch_operator_decorator.py for tasks to queue
[2024-10-03T07:12:57.707+0000] {logging_mixin.py:190} INFO - [2024-10-03T07:12:57.707+0000] {dagbag.py:588} INFO - Filling up the DagBag from /home/airflow/.local/lib/python3.12/site-packages/airflow/example_dags/example_branch_operator_decorator.py
[2024-10-03T07:12:57.729+0000] {processor.py:925} INFO - DAG(s) 'example_branch_python_operator_decorator' retrieved from /home/airflow/.local/lib/python3.12/site-packages/airflow/example_dags/example_branch_operator_decorator.py
[2024-10-03T07:12:57.772+0000] {logging_mixin.py:190} INFO - [2024-10-03T07:12:57.771+0000] {dag.py:3239} INFO - Sync 1 DAGs
[2024-10-03T07:12:57.803+0000] {logging_mixin.py:190} INFO - [2024-10-03T07:12:57.803+0000] {dag.py:4180} INFO - Setting next_dagrun for example_branch_python_operator_decorator to 2024-10-02 00:00:00+00:00, run_after=2024-10-03 00:00:00+00:00
[2024-10-03T07:12:57.833+0000] {processor.py:208} INFO - Processing /home/airflow/.local/lib/python3.12/site-packages/airflow/example_dags/example_branch_operator_decorator.py took 0.139 seconds
[2024-10-03T07:13:28.211+0000] {processor.py:186} INFO - Started process (PID=2295) to work on /home/airflow/.local/lib/python3.12/site-packages/airflow/example_dags/example_branch_operator_decorator.py
[2024-10-03T07:13:28.213+0000] {processor.py:914} INFO - Processing file /home/airflow/.local/lib/python3.12/site-packages/airflow/example_dags/example_branch_operator_decorator.py for tasks to queue
[2024-10-03T07:13:28.215+0000] {logging_mixin.py:190} INFO - [2024-10-03T07:13:28.214+0000] {dagbag.py:588} INFO - Filling up the DagBag from /home/airflow/.local/lib/python3.12/site-packages/airflow/example_dags/example_branch_operator_decorator.py
[2024-10-03T07:13:28.239+0000] {processor.py:925} INFO - DAG(s) 'example_branch_python_operator_decorator' retrieved from /home/airflow/.local/lib/python3.12/site-packages/airflow/example_dags/example_branch_operator_decorator.py
[2024-10-03T07:13:28.275+0000] {logging_mixin.py:190} INFO - [2024-10-03T07:13:28.275+0000] {dag.py:3239} INFO - Sync 1 DAGs
[2024-10-03T07:13:28.304+0000] {logging_mixin.py:190} INFO - [2024-10-03T07:13:28.303+0000] {dag.py:4180} INFO - Setting next_dagrun for example_branch_python_operator_decorator to 2024-10-02 00:00:00+00:00, run_after=2024-10-03 00:00:00+00:00
[2024-10-03T07:13:28.332+0000] {processor.py:208} INFO - Processing /home/airflow/.local/lib/python3.12/site-packages/airflow/example_dags/example_branch_operator_decorator.py took 0.127 seconds
[2024-10-03T07:14:00.055+0000] {processor.py:186} INFO - Started process (PID=2358) to work on /home/airflow/.local/lib/python3.12/site-packages/airflow/example_dags/example_branch_operator_decorator.py
[2024-10-03T07:14:00.057+0000] {processor.py:914} INFO - Processing file /home/airflow/.local/lib/python3.12/site-packages/airflow/example_dags/example_branch_operator_decorator.py for tasks to queue
[2024-10-03T07:14:00.060+0000] {logging_mixin.py:190} INFO - [2024-10-03T07:14:00.059+0000] {dagbag.py:588} INFO - Filling up the DagBag from /home/airflow/.local/lib/python3.12/site-packages/airflow/example_dags/example_branch_operator_decorator.py
[2024-10-03T07:14:00.106+0000] {processor.py:925} INFO - DAG(s) 'example_branch_python_operator_decorator' retrieved from /home/airflow/.local/lib/python3.12/site-packages/airflow/example_dags/example_branch_operator_decorator.py
[2024-10-03T07:14:00.201+0000] {logging_mixin.py:190} INFO - [2024-10-03T07:14:00.201+0000] {dag.py:3239} INFO - Sync 1 DAGs
[2024-10-03T07:14:00.256+0000] {logging_mixin.py:190} INFO - [2024-10-03T07:14:00.256+0000] {dag.py:4180} INFO - Setting next_dagrun for example_branch_python_operator_decorator to 2024-10-02 00:00:00+00:00, run_after=2024-10-03 00:00:00+00:00
[2024-10-03T07:14:00.294+0000] {processor.py:208} INFO - Processing /home/airflow/.local/lib/python3.12/site-packages/airflow/example_dags/example_branch_operator_decorator.py took 0.252 seconds
[2024-10-03T07:14:30.587+0000] {processor.py:186} INFO - Started process (PID=2421) to work on /home/airflow/.local/lib/python3.12/site-packages/airflow/example_dags/example_branch_operator_decorator.py
[2024-10-03T07:14:30.589+0000] {processor.py:914} INFO - Processing file /home/airflow/.local/lib/python3.12/site-packages/airflow/example_dags/example_branch_operator_decorator.py for tasks to queue
[2024-10-03T07:14:30.591+0000] {logging_mixin.py:190} INFO - [2024-10-03T07:14:30.591+0000] {dagbag.py:588} INFO - Filling up the DagBag from /home/airflow/.local/lib/python3.12/site-packages/airflow/example_dags/example_branch_operator_decorator.py
[2024-10-03T07:14:30.616+0000] {processor.py:925} INFO - DAG(s) 'example_branch_python_operator_decorator' retrieved from /home/airflow/.local/lib/python3.12/site-packages/airflow/example_dags/example_branch_operator_decorator.py
[2024-10-03T07:14:30.651+0000] {logging_mixin.py:190} INFO - [2024-10-03T07:14:30.651+0000] {dag.py:3239} INFO - Sync 1 DAGs
[2024-10-03T07:14:30.686+0000] {logging_mixin.py:190} INFO - [2024-10-03T07:14:30.685+0000] {dag.py:4180} INFO - Setting next_dagrun for example_branch_python_operator_decorator to 2024-10-02 00:00:00+00:00, run_after=2024-10-03 00:00:00+00:00
[2024-10-03T07:14:30.720+0000] {processor.py:208} INFO - Processing /home/airflow/.local/lib/python3.12/site-packages/airflow/example_dags/example_branch_operator_decorator.py took 0.139 seconds
[2024-10-03T07:15:01.819+0000] {processor.py:186} INFO - Started process (PID=2482) to work on /home/airflow/.local/lib/python3.12/site-packages/airflow/example_dags/example_branch_operator_decorator.py
[2024-10-03T07:15:01.820+0000] {processor.py:914} INFO - Processing file /home/airflow/.local/lib/python3.12/site-packages/airflow/example_dags/example_branch_operator_decorator.py for tasks to queue
[2024-10-03T07:15:01.823+0000] {logging_mixin.py:190} INFO - [2024-10-03T07:15:01.822+0000] {dagbag.py:588} INFO - Filling up the DagBag from /home/airflow/.local/lib/python3.12/site-packages/airflow/example_dags/example_branch_operator_decorator.py
[2024-10-03T07:15:01.853+0000] {processor.py:925} INFO - DAG(s) 'example_branch_python_operator_decorator' retrieved from /home/airflow/.local/lib/python3.12/site-packages/airflow/example_dags/example_branch_operator_decorator.py
[2024-10-03T07:15:01.893+0000] {logging_mixin.py:190} INFO - [2024-10-03T07:15:01.892+0000] {dag.py:3239} INFO - Sync 1 DAGs
[2024-10-03T07:15:01.926+0000] {logging_mixin.py:190} INFO - [2024-10-03T07:15:01.926+0000] {dag.py:4180} INFO - Setting next_dagrun for example_branch_python_operator_decorator to 2024-10-02 00:00:00+00:00, run_after=2024-10-03 00:00:00+00:00
[2024-10-03T07:15:01.957+0000] {processor.py:208} INFO - Processing /home/airflow/.local/lib/python3.12/site-packages/airflow/example_dags/example_branch_operator_decorator.py took 0.146 seconds
[2024-10-03T07:15:32.531+0000] {processor.py:186} INFO - Started process (PID=2545) to work on /home/airflow/.local/lib/python3.12/site-packages/airflow/example_dags/example_branch_operator_decorator.py
[2024-10-03T07:15:32.534+0000] {processor.py:914} INFO - Processing file /home/airflow/.local/lib/python3.12/site-packages/airflow/example_dags/example_branch_operator_decorator.py for tasks to queue
[2024-10-03T07:15:32.536+0000] {logging_mixin.py:190} INFO - [2024-10-03T07:15:32.536+0000] {dagbag.py:588} INFO - Filling up the DagBag from /home/airflow/.local/lib/python3.12/site-packages/airflow/example_dags/example_branch_operator_decorator.py
[2024-10-03T07:15:32.561+0000] {processor.py:925} INFO - DAG(s) 'example_branch_python_operator_decorator' retrieved from /home/airflow/.local/lib/python3.12/site-packages/airflow/example_dags/example_branch_operator_decorator.py
[2024-10-03T07:15:32.605+0000] {logging_mixin.py:190} INFO - [2024-10-03T07:15:32.605+0000] {dag.py:3239} INFO - Sync 1 DAGs
[2024-10-03T07:15:32.637+0000] {logging_mixin.py:190} INFO - [2024-10-03T07:15:32.637+0000] {dag.py:4180} INFO - Setting next_dagrun for example_branch_python_operator_decorator to 2024-10-02 00:00:00+00:00, run_after=2024-10-03 00:00:00+00:00
[2024-10-03T07:15:32.672+0000] {processor.py:208} INFO - Processing /home/airflow/.local/lib/python3.12/site-packages/airflow/example_dags/example_branch_operator_decorator.py took 0.148 seconds
[2024-10-03T07:16:03.393+0000] {processor.py:186} INFO - Started process (PID=2608) to work on /home/airflow/.local/lib/python3.12/site-packages/airflow/example_dags/example_branch_operator_decorator.py
[2024-10-03T07:16:03.395+0000] {processor.py:914} INFO - Processing file /home/airflow/.local/lib/python3.12/site-packages/airflow/example_dags/example_branch_operator_decorator.py for tasks to queue
[2024-10-03T07:16:03.396+0000] {logging_mixin.py:190} INFO - [2024-10-03T07:16:03.396+0000] {dagbag.py:588} INFO - Filling up the DagBag from /home/airflow/.local/lib/python3.12/site-packages/airflow/example_dags/example_branch_operator_decorator.py
[2024-10-03T07:16:03.419+0000] {processor.py:925} INFO - DAG(s) 'example_branch_python_operator_decorator' retrieved from /home/airflow/.local/lib/python3.12/site-packages/airflow/example_dags/example_branch_operator_decorator.py
[2024-10-03T07:16:03.457+0000] {logging_mixin.py:190} INFO - [2024-10-03T07:16:03.457+0000] {dag.py:3239} INFO - Sync 1 DAGs
[2024-10-03T07:16:03.485+0000] {logging_mixin.py:190} INFO - [2024-10-03T07:16:03.484+0000] {dag.py:4180} INFO - Setting next_dagrun for example_branch_python_operator_decorator to 2024-10-02 00:00:00+00:00, run_after=2024-10-03 00:00:00+00:00
[2024-10-03T07:16:03.512+0000] {processor.py:208} INFO - Processing /home/airflow/.local/lib/python3.12/site-packages/airflow/example_dags/example_branch_operator_decorator.py took 0.126 seconds
[2024-10-03T07:16:33.745+0000] {processor.py:186} INFO - Started process (PID=2670) to work on /home/airflow/.local/lib/python3.12/site-packages/airflow/example_dags/example_branch_operator_decorator.py
[2024-10-03T07:16:33.747+0000] {processor.py:914} INFO - Processing file /home/airflow/.local/lib/python3.12/site-packages/airflow/example_dags/example_branch_operator_decorator.py for tasks to queue
[2024-10-03T07:16:33.749+0000] {logging_mixin.py:190} INFO - [2024-10-03T07:16:33.748+0000] {dagbag.py:588} INFO - Filling up the DagBag from /home/airflow/.local/lib/python3.12/site-packages/airflow/example_dags/example_branch_operator_decorator.py
[2024-10-03T07:16:33.777+0000] {processor.py:925} INFO - DAG(s) 'example_branch_python_operator_decorator' retrieved from /home/airflow/.local/lib/python3.12/site-packages/airflow/example_dags/example_branch_operator_decorator.py
[2024-10-03T07:16:33.813+0000] {logging_mixin.py:190} INFO - [2024-10-03T07:16:33.813+0000] {dag.py:3239} INFO - Sync 1 DAGs
[2024-10-03T07:16:33.847+0000] {logging_mixin.py:190} INFO - [2024-10-03T07:16:33.846+0000] {dag.py:4180} INFO - Setting next_dagrun for example_branch_python_operator_decorator to 2024-10-02 00:00:00+00:00, run_after=2024-10-03 00:00:00+00:00
[2024-10-03T07:16:33.875+0000] {processor.py:208} INFO - Processing /home/airflow/.local/lib/python3.12/site-packages/airflow/example_dags/example_branch_operator_decorator.py took 0.137 seconds
[2024-10-03T07:17:03.967+0000] {processor.py:186} INFO - Started process (PID=2732) to work on /home/airflow/.local/lib/python3.12/site-packages/airflow/example_dags/example_branch_operator_decorator.py
[2024-10-03T07:17:03.969+0000] {processor.py:914} INFO - Processing file /home/airflow/.local/lib/python3.12/site-packages/airflow/example_dags/example_branch_operator_decorator.py for tasks to queue
[2024-10-03T07:17:03.971+0000] {logging_mixin.py:190} INFO - [2024-10-03T07:17:03.971+0000] {dagbag.py:588} INFO - Filling up the DagBag from /home/airflow/.local/lib/python3.12/site-packages/airflow/example_dags/example_branch_operator_decorator.py
[2024-10-03T07:17:03.993+0000] {processor.py:925} INFO - DAG(s) 'example_branch_python_operator_decorator' retrieved from /home/airflow/.local/lib/python3.12/site-packages/airflow/example_dags/example_branch_operator_decorator.py
[2024-10-03T07:17:04.023+0000] {logging_mixin.py:190} INFO - [2024-10-03T07:17:04.023+0000] {dag.py:3239} INFO - Sync 1 DAGs
[2024-10-03T07:17:04.049+0000] {logging_mixin.py:190} INFO - [2024-10-03T07:17:04.049+0000] {dag.py:4180} INFO - Setting next_dagrun for example_branch_python_operator_decorator to 2024-10-02 00:00:00+00:00, run_after=2024-10-03 00:00:00+00:00
[2024-10-03T07:17:04.071+0000] {processor.py:208} INFO - Processing /home/airflow/.local/lib/python3.12/site-packages/airflow/example_dags/example_branch_operator_decorator.py took 0.111 seconds
[2024-10-03T07:17:34.165+0000] {processor.py:186} INFO - Started process (PID=2795) to work on /home/airflow/.local/lib/python3.12/site-packages/airflow/example_dags/example_branch_operator_decorator.py
[2024-10-03T07:17:34.166+0000] {processor.py:914} INFO - Processing file /home/airflow/.local/lib/python3.12/site-packages/airflow/example_dags/example_branch_operator_decorator.py for tasks to queue
[2024-10-03T07:17:34.168+0000] {logging_mixin.py:190} INFO - [2024-10-03T07:17:34.168+0000] {dagbag.py:588} INFO - Filling up the DagBag from /home/airflow/.local/lib/python3.12/site-packages/airflow/example_dags/example_branch_operator_decorator.py
[2024-10-03T07:17:34.189+0000] {processor.py:925} INFO - DAG(s) 'example_branch_python_operator_decorator' retrieved from /home/airflow/.local/lib/python3.12/site-packages/airflow/example_dags/example_branch_operator_decorator.py
[2024-10-03T07:17:34.236+0000] {logging_mixin.py:190} INFO - [2024-10-03T07:17:34.235+0000] {dag.py:3239} INFO - Sync 1 DAGs
[2024-10-03T07:17:34.270+0000] {logging_mixin.py:190} INFO - [2024-10-03T07:17:34.269+0000] {dag.py:4180} INFO - Setting next_dagrun for example_branch_python_operator_decorator to 2024-10-02 00:00:00+00:00, run_after=2024-10-03 00:00:00+00:00
[2024-10-03T07:17:34.305+0000] {processor.py:208} INFO - Processing /home/airflow/.local/lib/python3.12/site-packages/airflow/example_dags/example_branch_operator_decorator.py took 0.148 seconds
[2024-10-03T07:18:04.583+0000] {processor.py:186} INFO - Started process (PID=2852) to work on /home/airflow/.local/lib/python3.12/site-packages/airflow/example_dags/example_branch_operator_decorator.py
[2024-10-03T07:18:04.585+0000] {processor.py:914} INFO - Processing file /home/airflow/.local/lib/python3.12/site-packages/airflow/example_dags/example_branch_operator_decorator.py for tasks to queue
[2024-10-03T07:18:04.586+0000] {logging_mixin.py:190} INFO - [2024-10-03T07:18:04.586+0000] {dagbag.py:588} INFO - Filling up the DagBag from /home/airflow/.local/lib/python3.12/site-packages/airflow/example_dags/example_branch_operator_decorator.py
[2024-10-03T07:18:04.607+0000] {processor.py:925} INFO - DAG(s) 'example_branch_python_operator_decorator' retrieved from /home/airflow/.local/lib/python3.12/site-packages/airflow/example_dags/example_branch_operator_decorator.py
[2024-10-03T07:18:04.638+0000] {logging_mixin.py:190} INFO - [2024-10-03T07:18:04.638+0000] {dag.py:3239} INFO - Sync 1 DAGs
[2024-10-03T07:18:04.665+0000] {logging_mixin.py:190} INFO - [2024-10-03T07:18:04.665+0000] {dag.py:4180} INFO - Setting next_dagrun for example_branch_python_operator_decorator to 2024-10-02 00:00:00+00:00, run_after=2024-10-03 00:00:00+00:00
[2024-10-03T07:18:04.694+0000] {processor.py:208} INFO - Processing /home/airflow/.local/lib/python3.12/site-packages/airflow/example_dags/example_branch_operator_decorator.py took 0.117 seconds
[2024-10-03T07:18:35.376+0000] {processor.py:186} INFO - Started process (PID=2915) to work on /home/airflow/.local/lib/python3.12/site-packages/airflow/example_dags/example_branch_operator_decorator.py
[2024-10-03T07:18:35.378+0000] {processor.py:914} INFO - Processing file /home/airflow/.local/lib/python3.12/site-packages/airflow/example_dags/example_branch_operator_decorator.py for tasks to queue
[2024-10-03T07:18:35.380+0000] {logging_mixin.py:190} INFO - [2024-10-03T07:18:35.379+0000] {dagbag.py:588} INFO - Filling up the DagBag from /home/airflow/.local/lib/python3.12/site-packages/airflow/example_dags/example_branch_operator_decorator.py
[2024-10-03T07:18:35.400+0000] {processor.py:925} INFO - DAG(s) 'example_branch_python_operator_decorator' retrieved from /home/airflow/.local/lib/python3.12/site-packages/airflow/example_dags/example_branch_operator_decorator.py
[2024-10-03T07:18:35.431+0000] {logging_mixin.py:190} INFO - [2024-10-03T07:18:35.431+0000] {dag.py:3239} INFO - Sync 1 DAGs
[2024-10-03T07:18:35.459+0000] {logging_mixin.py:190} INFO - [2024-10-03T07:18:35.459+0000] {dag.py:4180} INFO - Setting next_dagrun for example_branch_python_operator_decorator to 2024-10-02 00:00:00+00:00, run_after=2024-10-03 00:00:00+00:00
[2024-10-03T07:18:35.485+0000] {processor.py:208} INFO - Processing /home/airflow/.local/lib/python3.12/site-packages/airflow/example_dags/example_branch_operator_decorator.py took 0.115 seconds
