[2024-10-03T06:53:05.026+0000] {processor.py:186} INFO - Started process (PID=137) to work on /home/airflow/.local/lib/python3.12/site-packages/airflow/example_dags/example_display_name.py
[2024-10-03T06:53:05.029+0000] {processor.py:914} INFO - Processing file /home/airflow/.local/lib/python3.12/site-packages/airflow/example_dags/example_display_name.py for tasks to queue
[2024-10-03T06:53:05.038+0000] {logging_mixin.py:190} INFO - [2024-10-03T06:53:05.037+0000] {dagbag.py:588} INFO - Filling up the DagBag from /home/airflow/.local/lib/python3.12/site-packages/airflow/example_dags/example_display_name.py
[2024-10-03T06:53:05.068+0000] {processor.py:925} INFO - DAG(s) 'example_display_name' retrieved from /home/airflow/.local/lib/python3.12/site-packages/airflow/example_dags/example_display_name.py
[2024-10-03T06:53:05.522+0000] {logging_mixin.py:190} INFO - [2024-10-03T06:53:05.521+0000] {dag.py:3239} INFO - Sync 1 DAGs
[2024-10-03T06:53:05.564+0000] {logging_mixin.py:190} INFO - [2024-10-03T06:53:05.562+0000] {dag.py:4180} INFO - Setting next_dagrun for example_display_name to None, run_after=None
[2024-10-03T06:53:05.631+0000] {processor.py:208} INFO - Processing /home/airflow/.local/lib/python3.12/site-packages/airflow/example_dags/example_display_name.py took 0.620 seconds
[2024-10-03T06:53:35.771+0000] {processor.py:186} INFO - Started process (PID=201) to work on /home/airflow/.local/lib/python3.12/site-packages/airflow/example_dags/example_display_name.py
[2024-10-03T06:53:35.774+0000] {processor.py:914} INFO - Processing file /home/airflow/.local/lib/python3.12/site-packages/airflow/example_dags/example_display_name.py for tasks to queue
[2024-10-03T06:53:35.779+0000] {logging_mixin.py:190} INFO - [2024-10-03T06:53:35.779+0000] {dagbag.py:588} INFO - Filling up the DagBag from /home/airflow/.local/lib/python3.12/site-packages/airflow/example_dags/example_display_name.py
[2024-10-03T06:53:35.795+0000] {processor.py:925} INFO - DAG(s) 'example_display_name' retrieved from /home/airflow/.local/lib/python3.12/site-packages/airflow/example_dags/example_display_name.py
[2024-10-03T06:53:35.837+0000] {logging_mixin.py:190} INFO - [2024-10-03T06:53:35.836+0000] {dag.py:3239} INFO - Sync 1 DAGs
[2024-10-03T06:53:35.863+0000] {logging_mixin.py:190} INFO - [2024-10-03T06:53:35.863+0000] {dag.py:4180} INFO - Setting next_dagrun for example_display_name to None, run_after=None
[2024-10-03T06:53:35.905+0000] {processor.py:208} INFO - Processing /home/airflow/.local/lib/python3.12/site-packages/airflow/example_dags/example_display_name.py took 0.145 seconds
[2024-10-03T06:54:06.447+0000] {processor.py:186} INFO - Started process (PID=265) to work on /home/airflow/.local/lib/python3.12/site-packages/airflow/example_dags/example_display_name.py
[2024-10-03T06:54:06.449+0000] {processor.py:914} INFO - Processing file /home/airflow/.local/lib/python3.12/site-packages/airflow/example_dags/example_display_name.py for tasks to queue
[2024-10-03T06:54:06.452+0000] {logging_mixin.py:190} INFO - [2024-10-03T06:54:06.452+0000] {dagbag.py:588} INFO - Filling up the DagBag from /home/airflow/.local/lib/python3.12/site-packages/airflow/example_dags/example_display_name.py
[2024-10-03T06:54:06.464+0000] {processor.py:925} INFO - DAG(s) 'example_display_name' retrieved from /home/airflow/.local/lib/python3.12/site-packages/airflow/example_dags/example_display_name.py
[2024-10-03T06:54:06.585+0000] {logging_mixin.py:190} INFO - [2024-10-03T06:54:06.585+0000] {dag.py:3239} INFO - Sync 1 DAGs
[2024-10-03T06:54:06.605+0000] {logging_mixin.py:190} INFO - [2024-10-03T06:54:06.605+0000] {dag.py:4180} INFO - Setting next_dagrun for example_display_name to None, run_after=None
[2024-10-03T06:54:06.671+0000] {processor.py:208} INFO - Processing /home/airflow/.local/lib/python3.12/site-packages/airflow/example_dags/example_display_name.py took 0.232 seconds
[2024-10-03T06:54:37.300+0000] {processor.py:186} INFO - Started process (PID=329) to work on /home/airflow/.local/lib/python3.12/site-packages/airflow/example_dags/example_display_name.py
[2024-10-03T06:54:37.303+0000] {processor.py:914} INFO - Processing file /home/airflow/.local/lib/python3.12/site-packages/airflow/example_dags/example_display_name.py for tasks to queue
[2024-10-03T06:54:37.310+0000] {logging_mixin.py:190} INFO - [2024-10-03T06:54:37.310+0000] {dagbag.py:588} INFO - Filling up the DagBag from /home/airflow/.local/lib/python3.12/site-packages/airflow/example_dags/example_display_name.py
[2024-10-03T06:54:37.330+0000] {processor.py:925} INFO - DAG(s) 'example_display_name' retrieved from /home/airflow/.local/lib/python3.12/site-packages/airflow/example_dags/example_display_name.py
[2024-10-03T06:54:37.363+0000] {logging_mixin.py:190} INFO - [2024-10-03T06:54:37.362+0000] {dag.py:3239} INFO - Sync 1 DAGs
[2024-10-03T06:54:37.390+0000] {logging_mixin.py:190} INFO - [2024-10-03T06:54:37.390+0000] {dag.py:4180} INFO - Setting next_dagrun for example_display_name to None, run_after=None
[2024-10-03T06:54:37.453+0000] {processor.py:208} INFO - Processing /home/airflow/.local/lib/python3.12/site-packages/airflow/example_dags/example_display_name.py took 0.163 seconds
[2024-10-03T06:55:07.571+0000] {processor.py:186} INFO - Started process (PID=393) to work on /home/airflow/.local/lib/python3.12/site-packages/airflow/example_dags/example_display_name.py
[2024-10-03T06:55:07.574+0000] {processor.py:914} INFO - Processing file /home/airflow/.local/lib/python3.12/site-packages/airflow/example_dags/example_display_name.py for tasks to queue
[2024-10-03T06:55:07.579+0000] {logging_mixin.py:190} INFO - [2024-10-03T06:55:07.578+0000] {dagbag.py:588} INFO - Filling up the DagBag from /home/airflow/.local/lib/python3.12/site-packages/airflow/example_dags/example_display_name.py
[2024-10-03T06:55:07.595+0000] {processor.py:925} INFO - DAG(s) 'example_display_name' retrieved from /home/airflow/.local/lib/python3.12/site-packages/airflow/example_dags/example_display_name.py
[2024-10-03T06:55:07.626+0000] {logging_mixin.py:190} INFO - [2024-10-03T06:55:07.625+0000] {dag.py:3239} INFO - Sync 1 DAGs
[2024-10-03T06:55:07.644+0000] {logging_mixin.py:190} INFO - [2024-10-03T06:55:07.643+0000] {dag.py:4180} INFO - Setting next_dagrun for example_display_name to None, run_after=None
[2024-10-03T06:55:07.696+0000] {processor.py:208} INFO - Processing /home/airflow/.local/lib/python3.12/site-packages/airflow/example_dags/example_display_name.py took 0.134 seconds
[2024-10-03T06:55:37.874+0000] {processor.py:186} INFO - Started process (PID=456) to work on /home/airflow/.local/lib/python3.12/site-packages/airflow/example_dags/example_display_name.py
[2024-10-03T06:55:37.877+0000] {processor.py:914} INFO - Processing file /home/airflow/.local/lib/python3.12/site-packages/airflow/example_dags/example_display_name.py for tasks to queue
[2024-10-03T06:55:37.881+0000] {logging_mixin.py:190} INFO - [2024-10-03T06:55:37.881+0000] {dagbag.py:588} INFO - Filling up the DagBag from /home/airflow/.local/lib/python3.12/site-packages/airflow/example_dags/example_display_name.py
[2024-10-03T06:55:37.891+0000] {processor.py:925} INFO - DAG(s) 'example_display_name' retrieved from /home/airflow/.local/lib/python3.12/site-packages/airflow/example_dags/example_display_name.py
[2024-10-03T06:55:37.922+0000] {logging_mixin.py:190} INFO - [2024-10-03T06:55:37.922+0000] {dag.py:3239} INFO - Sync 1 DAGs
[2024-10-03T06:55:37.942+0000] {logging_mixin.py:190} INFO - [2024-10-03T06:55:37.941+0000] {dag.py:4180} INFO - Setting next_dagrun for example_display_name to None, run_after=None
[2024-10-03T06:55:38.002+0000] {processor.py:208} INFO - Processing /home/airflow/.local/lib/python3.12/site-packages/airflow/example_dags/example_display_name.py took 0.135 seconds
[2024-10-03T06:56:08.105+0000] {processor.py:186} INFO - Started process (PID=520) to work on /home/airflow/.local/lib/python3.12/site-packages/airflow/example_dags/example_display_name.py
[2024-10-03T06:56:08.107+0000] {processor.py:914} INFO - Processing file /home/airflow/.local/lib/python3.12/site-packages/airflow/example_dags/example_display_name.py for tasks to queue
[2024-10-03T06:56:08.110+0000] {logging_mixin.py:190} INFO - [2024-10-03T06:56:08.109+0000] {dagbag.py:588} INFO - Filling up the DagBag from /home/airflow/.local/lib/python3.12/site-packages/airflow/example_dags/example_display_name.py
[2024-10-03T06:56:08.121+0000] {processor.py:925} INFO - DAG(s) 'example_display_name' retrieved from /home/airflow/.local/lib/python3.12/site-packages/airflow/example_dags/example_display_name.py
[2024-10-03T06:56:08.144+0000] {logging_mixin.py:190} INFO - [2024-10-03T06:56:08.143+0000] {dag.py:3239} INFO - Sync 1 DAGs
[2024-10-03T06:56:08.161+0000] {logging_mixin.py:190} INFO - [2024-10-03T06:56:08.161+0000] {dag.py:4180} INFO - Setting next_dagrun for example_display_name to None, run_after=None
[2024-10-03T06:56:08.214+0000] {processor.py:208} INFO - Processing /home/airflow/.local/lib/python3.12/site-packages/airflow/example_dags/example_display_name.py took 0.115 seconds
[2024-10-03T06:56:38.382+0000] {processor.py:186} INFO - Started process (PID=584) to work on /home/airflow/.local/lib/python3.12/site-packages/airflow/example_dags/example_display_name.py
[2024-10-03T06:56:38.384+0000] {processor.py:914} INFO - Processing file /home/airflow/.local/lib/python3.12/site-packages/airflow/example_dags/example_display_name.py for tasks to queue
[2024-10-03T06:56:38.387+0000] {logging_mixin.py:190} INFO - [2024-10-03T06:56:38.386+0000] {dagbag.py:588} INFO - Filling up the DagBag from /home/airflow/.local/lib/python3.12/site-packages/airflow/example_dags/example_display_name.py
[2024-10-03T06:56:38.395+0000] {processor.py:925} INFO - DAG(s) 'example_display_name' retrieved from /home/airflow/.local/lib/python3.12/site-packages/airflow/example_dags/example_display_name.py
[2024-10-03T06:56:38.419+0000] {logging_mixin.py:190} INFO - [2024-10-03T06:56:38.419+0000] {dag.py:3239} INFO - Sync 1 DAGs
[2024-10-03T06:56:38.437+0000] {logging_mixin.py:190} INFO - [2024-10-03T06:56:38.437+0000] {dag.py:4180} INFO - Setting next_dagrun for example_display_name to None, run_after=None
[2024-10-03T06:56:38.463+0000] {processor.py:208} INFO - Processing /home/airflow/.local/lib/python3.12/site-packages/airflow/example_dags/example_display_name.py took 0.087 seconds
[2024-10-03T06:57:08.974+0000] {processor.py:186} INFO - Started process (PID=648) to work on /home/airflow/.local/lib/python3.12/site-packages/airflow/example_dags/example_display_name.py
[2024-10-03T06:57:08.976+0000] {processor.py:914} INFO - Processing file /home/airflow/.local/lib/python3.12/site-packages/airflow/example_dags/example_display_name.py for tasks to queue
[2024-10-03T06:57:08.980+0000] {logging_mixin.py:190} INFO - [2024-10-03T06:57:08.980+0000] {dagbag.py:588} INFO - Filling up the DagBag from /home/airflow/.local/lib/python3.12/site-packages/airflow/example_dags/example_display_name.py
[2024-10-03T06:57:08.988+0000] {processor.py:925} INFO - DAG(s) 'example_display_name' retrieved from /home/airflow/.local/lib/python3.12/site-packages/airflow/example_dags/example_display_name.py
[2024-10-03T06:57:09.014+0000] {logging_mixin.py:190} INFO - [2024-10-03T06:57:09.014+0000] {dag.py:3239} INFO - Sync 1 DAGs
[2024-10-03T06:57:09.032+0000] {logging_mixin.py:190} INFO - [2024-10-03T06:57:09.032+0000] {dag.py:4180} INFO - Setting next_dagrun for example_display_name to None, run_after=None
[2024-10-03T06:57:09.061+0000] {processor.py:208} INFO - Processing /home/airflow/.local/lib/python3.12/site-packages/airflow/example_dags/example_display_name.py took 0.093 seconds
[2024-10-03T06:57:39.304+0000] {processor.py:186} INFO - Started process (PID=712) to work on /home/airflow/.local/lib/python3.12/site-packages/airflow/example_dags/example_display_name.py
[2024-10-03T06:57:39.307+0000] {processor.py:914} INFO - Processing file /home/airflow/.local/lib/python3.12/site-packages/airflow/example_dags/example_display_name.py for tasks to queue
[2024-10-03T06:57:39.311+0000] {logging_mixin.py:190} INFO - [2024-10-03T06:57:39.311+0000] {dagbag.py:588} INFO - Filling up the DagBag from /home/airflow/.local/lib/python3.12/site-packages/airflow/example_dags/example_display_name.py
[2024-10-03T06:57:39.323+0000] {processor.py:925} INFO - DAG(s) 'example_display_name' retrieved from /home/airflow/.local/lib/python3.12/site-packages/airflow/example_dags/example_display_name.py
[2024-10-03T06:57:39.353+0000] {logging_mixin.py:190} INFO - [2024-10-03T06:57:39.353+0000] {dag.py:3239} INFO - Sync 1 DAGs
[2024-10-03T06:57:39.374+0000] {logging_mixin.py:190} INFO - [2024-10-03T06:57:39.373+0000] {dag.py:4180} INFO - Setting next_dagrun for example_display_name to None, run_after=None
[2024-10-03T06:57:39.409+0000] {processor.py:208} INFO - Processing /home/airflow/.local/lib/python3.12/site-packages/airflow/example_dags/example_display_name.py took 0.113 seconds
[2024-10-03T06:58:09.638+0000] {processor.py:186} INFO - Started process (PID=776) to work on /home/airflow/.local/lib/python3.12/site-packages/airflow/example_dags/example_display_name.py
[2024-10-03T06:58:09.640+0000] {processor.py:914} INFO - Processing file /home/airflow/.local/lib/python3.12/site-packages/airflow/example_dags/example_display_name.py for tasks to queue
[2024-10-03T06:58:09.643+0000] {logging_mixin.py:190} INFO - [2024-10-03T06:58:09.642+0000] {dagbag.py:588} INFO - Filling up the DagBag from /home/airflow/.local/lib/python3.12/site-packages/airflow/example_dags/example_display_name.py
[2024-10-03T06:58:09.653+0000] {processor.py:925} INFO - DAG(s) 'example_display_name' retrieved from /home/airflow/.local/lib/python3.12/site-packages/airflow/example_dags/example_display_name.py
[2024-10-03T06:58:09.676+0000] {logging_mixin.py:190} INFO - [2024-10-03T06:58:09.676+0000] {dag.py:3239} INFO - Sync 1 DAGs
[2024-10-03T06:58:09.695+0000] {logging_mixin.py:190} INFO - [2024-10-03T06:58:09.694+0000] {dag.py:4180} INFO - Setting next_dagrun for example_display_name to None, run_after=None
[2024-10-03T06:58:09.723+0000] {processor.py:208} INFO - Processing /home/airflow/.local/lib/python3.12/site-packages/airflow/example_dags/example_display_name.py took 0.091 seconds
[2024-10-03T06:58:40.185+0000] {processor.py:186} INFO - Started process (PID=840) to work on /home/airflow/.local/lib/python3.12/site-packages/airflow/example_dags/example_display_name.py
[2024-10-03T06:58:40.188+0000] {processor.py:914} INFO - Processing file /home/airflow/.local/lib/python3.12/site-packages/airflow/example_dags/example_display_name.py for tasks to queue
[2024-10-03T06:58:40.198+0000] {logging_mixin.py:190} INFO - [2024-10-03T06:58:40.197+0000] {dagbag.py:588} INFO - Filling up the DagBag from /home/airflow/.local/lib/python3.12/site-packages/airflow/example_dags/example_display_name.py
[2024-10-03T06:58:40.217+0000] {processor.py:925} INFO - DAG(s) 'example_display_name' retrieved from /home/airflow/.local/lib/python3.12/site-packages/airflow/example_dags/example_display_name.py
[2024-10-03T06:58:40.267+0000] {logging_mixin.py:190} INFO - [2024-10-03T06:58:40.267+0000] {dag.py:3239} INFO - Sync 1 DAGs
[2024-10-03T06:58:40.291+0000] {logging_mixin.py:190} INFO - [2024-10-03T06:58:40.291+0000] {dag.py:4180} INFO - Setting next_dagrun for example_display_name to None, run_after=None
[2024-10-03T06:58:40.329+0000] {processor.py:208} INFO - Processing /home/airflow/.local/lib/python3.12/site-packages/airflow/example_dags/example_display_name.py took 0.154 seconds
[2024-10-03T06:59:10.713+0000] {processor.py:186} INFO - Started process (PID=905) to work on /home/airflow/.local/lib/python3.12/site-packages/airflow/example_dags/example_display_name.py
[2024-10-03T06:59:10.880+0000] {processor.py:914} INFO - Processing file /home/airflow/.local/lib/python3.12/site-packages/airflow/example_dags/example_display_name.py for tasks to queue
[2024-10-03T06:59:10.883+0000] {logging_mixin.py:190} INFO - [2024-10-03T06:59:10.882+0000] {dagbag.py:588} INFO - Filling up the DagBag from /home/airflow/.local/lib/python3.12/site-packages/airflow/example_dags/example_display_name.py
[2024-10-03T06:59:10.890+0000] {processor.py:925} INFO - DAG(s) 'example_display_name' retrieved from /home/airflow/.local/lib/python3.12/site-packages/airflow/example_dags/example_display_name.py
[2024-10-03T06:59:10.912+0000] {logging_mixin.py:190} INFO - [2024-10-03T06:59:10.912+0000] {dag.py:3239} INFO - Sync 1 DAGs
[2024-10-03T06:59:10.927+0000] {logging_mixin.py:190} INFO - [2024-10-03T06:59:10.926+0000] {dag.py:4180} INFO - Setting next_dagrun for example_display_name to None, run_after=None
[2024-10-03T06:59:11.052+0000] {processor.py:208} INFO - Processing /home/airflow/.local/lib/python3.12/site-packages/airflow/example_dags/example_display_name.py took 0.346 seconds
[2024-10-03T07:00:11.118+0000] {processor.py:186} INFO - Started process (PID=997) to work on /home/airflow/.local/lib/python3.12/site-packages/airflow/example_dags/example_display_name.py
[2024-10-03T07:00:11.121+0000] {processor.py:914} INFO - Processing file /home/airflow/.local/lib/python3.12/site-packages/airflow/example_dags/example_display_name.py for tasks to queue
[2024-10-03T07:00:11.128+0000] {logging_mixin.py:190} INFO - [2024-10-03T07:00:11.127+0000] {dagbag.py:588} INFO - Filling up the DagBag from /home/airflow/.local/lib/python3.12/site-packages/airflow/example_dags/example_display_name.py
[2024-10-03T07:00:11.144+0000] {processor.py:925} INFO - DAG(s) 'example_display_name' retrieved from /home/airflow/.local/lib/python3.12/site-packages/airflow/example_dags/example_display_name.py
[2024-10-03T07:00:11.190+0000] {logging_mixin.py:190} INFO - [2024-10-03T07:00:11.189+0000] {dag.py:3239} INFO - Sync 1 DAGs
[2024-10-03T07:00:11.215+0000] {logging_mixin.py:190} INFO - [2024-10-03T07:00:11.214+0000] {dag.py:4180} INFO - Setting next_dagrun for example_display_name to None, run_after=None
[2024-10-03T07:00:11.255+0000] {processor.py:208} INFO - Processing /home/airflow/.local/lib/python3.12/site-packages/airflow/example_dags/example_display_name.py took 0.148 seconds
[2024-10-03T07:00:42.094+0000] {processor.py:186} INFO - Started process (PID=1061) to work on /home/airflow/.local/lib/python3.12/site-packages/airflow/example_dags/example_display_name.py
[2024-10-03T07:00:42.096+0000] {processor.py:914} INFO - Processing file /home/airflow/.local/lib/python3.12/site-packages/airflow/example_dags/example_display_name.py for tasks to queue
[2024-10-03T07:00:42.100+0000] {logging_mixin.py:190} INFO - [2024-10-03T07:00:42.099+0000] {dagbag.py:588} INFO - Filling up the DagBag from /home/airflow/.local/lib/python3.12/site-packages/airflow/example_dags/example_display_name.py
[2024-10-03T07:00:42.114+0000] {processor.py:925} INFO - DAG(s) 'example_display_name' retrieved from /home/airflow/.local/lib/python3.12/site-packages/airflow/example_dags/example_display_name.py
[2024-10-03T07:00:42.141+0000] {logging_mixin.py:190} INFO - [2024-10-03T07:00:42.141+0000] {dag.py:3239} INFO - Sync 1 DAGs
[2024-10-03T07:00:42.158+0000] {logging_mixin.py:190} INFO - [2024-10-03T07:00:42.158+0000] {dag.py:4180} INFO - Setting next_dagrun for example_display_name to None, run_after=None
[2024-10-03T07:00:42.190+0000] {processor.py:208} INFO - Processing /home/airflow/.local/lib/python3.12/site-packages/airflow/example_dags/example_display_name.py took 0.104 seconds
[2024-10-03T07:01:23.245+0000] {processor.py:186} INFO - Started process (PID=1134) to work on /home/airflow/.local/lib/python3.12/site-packages/airflow/example_dags/example_display_name.py
[2024-10-03T07:01:23.249+0000] {processor.py:914} INFO - Processing file /home/airflow/.local/lib/python3.12/site-packages/airflow/example_dags/example_display_name.py for tasks to queue
[2024-10-03T07:01:23.252+0000] {logging_mixin.py:190} INFO - [2024-10-03T07:01:23.251+0000] {dagbag.py:588} INFO - Filling up the DagBag from /home/airflow/.local/lib/python3.12/site-packages/airflow/example_dags/example_display_name.py
[2024-10-03T07:01:23.268+0000] {processor.py:925} INFO - DAG(s) 'example_display_name' retrieved from /home/airflow/.local/lib/python3.12/site-packages/airflow/example_dags/example_display_name.py
[2024-10-03T07:01:23.302+0000] {logging_mixin.py:190} INFO - [2024-10-03T07:01:23.301+0000] {dag.py:3239} INFO - Sync 1 DAGs
[2024-10-03T07:01:23.332+0000] {logging_mixin.py:190} INFO - [2024-10-03T07:01:23.331+0000] {dag.py:4180} INFO - Setting next_dagrun for example_display_name to None, run_after=None
[2024-10-03T07:01:23.374+0000] {processor.py:208} INFO - Processing /home/airflow/.local/lib/python3.12/site-packages/airflow/example_dags/example_display_name.py took 0.139 seconds
[2024-10-03T07:02:43.330+0000] {processor.py:186} INFO - Started process (PID=1195) to work on /home/airflow/.local/lib/python3.12/site-packages/airflow/example_dags/example_display_name.py
[2024-10-03T07:02:43.331+0000] {processor.py:914} INFO - Processing file /home/airflow/.local/lib/python3.12/site-packages/airflow/example_dags/example_display_name.py for tasks to queue
[2024-10-03T07:02:43.333+0000] {logging_mixin.py:190} INFO - [2024-10-03T07:02:43.333+0000] {dagbag.py:588} INFO - Filling up the DagBag from /home/airflow/.local/lib/python3.12/site-packages/airflow/example_dags/example_display_name.py
[2024-10-03T07:02:43.343+0000] {processor.py:925} INFO - DAG(s) 'example_display_name' retrieved from /home/airflow/.local/lib/python3.12/site-packages/airflow/example_dags/example_display_name.py
[2024-10-03T07:02:43.367+0000] {logging_mixin.py:190} INFO - [2024-10-03T07:02:43.367+0000] {dag.py:3239} INFO - Sync 1 DAGs
[2024-10-03T07:02:43.385+0000] {logging_mixin.py:190} INFO - [2024-10-03T07:02:43.384+0000] {dag.py:4180} INFO - Setting next_dagrun for example_display_name to None, run_after=None
[2024-10-03T07:02:43.416+0000] {processor.py:208} INFO - Processing /home/airflow/.local/lib/python3.12/site-packages/airflow/example_dags/example_display_name.py took 0.092 seconds
[2024-10-03T07:03:13.505+0000] {processor.py:186} INFO - Started process (PID=1258) to work on /home/airflow/.local/lib/python3.12/site-packages/airflow/example_dags/example_display_name.py
[2024-10-03T07:03:13.507+0000] {processor.py:914} INFO - Processing file /home/airflow/.local/lib/python3.12/site-packages/airflow/example_dags/example_display_name.py for tasks to queue
[2024-10-03T07:03:13.508+0000] {logging_mixin.py:190} INFO - [2024-10-03T07:03:13.508+0000] {dagbag.py:588} INFO - Filling up the DagBag from /home/airflow/.local/lib/python3.12/site-packages/airflow/example_dags/example_display_name.py
[2024-10-03T07:03:13.517+0000] {processor.py:925} INFO - DAG(s) 'example_display_name' retrieved from /home/airflow/.local/lib/python3.12/site-packages/airflow/example_dags/example_display_name.py
[2024-10-03T07:03:13.542+0000] {logging_mixin.py:190} INFO - [2024-10-03T07:03:13.542+0000] {dag.py:3239} INFO - Sync 1 DAGs
[2024-10-03T07:03:13.559+0000] {logging_mixin.py:190} INFO - [2024-10-03T07:03:13.559+0000] {dag.py:4180} INFO - Setting next_dagrun for example_display_name to None, run_after=None
[2024-10-03T07:03:13.587+0000] {processor.py:208} INFO - Processing /home/airflow/.local/lib/python3.12/site-packages/airflow/example_dags/example_display_name.py took 0.087 seconds
[2024-10-03T07:03:44.768+0000] {processor.py:186} INFO - Started process (PID=1321) to work on /home/airflow/.local/lib/python3.12/site-packages/airflow/example_dags/example_display_name.py
[2024-10-03T07:03:44.770+0000] {processor.py:914} INFO - Processing file /home/airflow/.local/lib/python3.12/site-packages/airflow/example_dags/example_display_name.py for tasks to queue
[2024-10-03T07:03:44.772+0000] {logging_mixin.py:190} INFO - [2024-10-03T07:03:44.771+0000] {dagbag.py:588} INFO - Filling up the DagBag from /home/airflow/.local/lib/python3.12/site-packages/airflow/example_dags/example_display_name.py
[2024-10-03T07:03:44.782+0000] {processor.py:925} INFO - DAG(s) 'example_display_name' retrieved from /home/airflow/.local/lib/python3.12/site-packages/airflow/example_dags/example_display_name.py
[2024-10-03T07:03:44.812+0000] {logging_mixin.py:190} INFO - [2024-10-03T07:03:44.811+0000] {dag.py:3239} INFO - Sync 1 DAGs
[2024-10-03T07:03:44.836+0000] {logging_mixin.py:190} INFO - [2024-10-03T07:03:44.835+0000] {dag.py:4180} INFO - Setting next_dagrun for example_display_name to None, run_after=None
[2024-10-03T07:03:44.876+0000] {processor.py:208} INFO - Processing /home/airflow/.local/lib/python3.12/site-packages/airflow/example_dags/example_display_name.py took 0.114 seconds
[2024-10-03T07:04:16.052+0000] {processor.py:186} INFO - Started process (PID=1383) to work on /home/airflow/.local/lib/python3.12/site-packages/airflow/example_dags/example_display_name.py
[2024-10-03T07:04:16.053+0000] {processor.py:914} INFO - Processing file /home/airflow/.local/lib/python3.12/site-packages/airflow/example_dags/example_display_name.py for tasks to queue
[2024-10-03T07:04:16.055+0000] {logging_mixin.py:190} INFO - [2024-10-03T07:04:16.054+0000] {dagbag.py:588} INFO - Filling up the DagBag from /home/airflow/.local/lib/python3.12/site-packages/airflow/example_dags/example_display_name.py
[2024-10-03T07:04:16.070+0000] {processor.py:925} INFO - DAG(s) 'example_display_name' retrieved from /home/airflow/.local/lib/python3.12/site-packages/airflow/example_dags/example_display_name.py
[2024-10-03T07:04:16.102+0000] {logging_mixin.py:190} INFO - [2024-10-03T07:04:16.102+0000] {dag.py:3239} INFO - Sync 1 DAGs
[2024-10-03T07:04:16.126+0000] {logging_mixin.py:190} INFO - [2024-10-03T07:04:16.125+0000] {dag.py:4180} INFO - Setting next_dagrun for example_display_name to None, run_after=None
[2024-10-03T07:04:16.160+0000] {processor.py:208} INFO - Processing /home/airflow/.local/lib/python3.12/site-packages/airflow/example_dags/example_display_name.py took 0.115 seconds
[2024-10-03T07:04:46.719+0000] {processor.py:186} INFO - Started process (PID=1446) to work on /home/airflow/.local/lib/python3.12/site-packages/airflow/example_dags/example_display_name.py
[2024-10-03T07:04:46.720+0000] {processor.py:914} INFO - Processing file /home/airflow/.local/lib/python3.12/site-packages/airflow/example_dags/example_display_name.py for tasks to queue
[2024-10-03T07:04:46.721+0000] {logging_mixin.py:190} INFO - [2024-10-03T07:04:46.721+0000] {dagbag.py:588} INFO - Filling up the DagBag from /home/airflow/.local/lib/python3.12/site-packages/airflow/example_dags/example_display_name.py
[2024-10-03T07:04:46.730+0000] {processor.py:925} INFO - DAG(s) 'example_display_name' retrieved from /home/airflow/.local/lib/python3.12/site-packages/airflow/example_dags/example_display_name.py
[2024-10-03T07:04:46.756+0000] {logging_mixin.py:190} INFO - [2024-10-03T07:04:46.756+0000] {dag.py:3239} INFO - Sync 1 DAGs
[2024-10-03T07:04:46.775+0000] {logging_mixin.py:190} INFO - [2024-10-03T07:04:46.775+0000] {dag.py:4180} INFO - Setting next_dagrun for example_display_name to None, run_after=None
[2024-10-03T07:04:46.804+0000] {processor.py:208} INFO - Processing /home/airflow/.local/lib/python3.12/site-packages/airflow/example_dags/example_display_name.py took 0.093 seconds
[2024-10-03T07:05:18.407+0000] {processor.py:186} INFO - Started process (PID=1509) to work on /home/airflow/.local/lib/python3.12/site-packages/airflow/example_dags/example_display_name.py
[2024-10-03T07:05:18.408+0000] {processor.py:914} INFO - Processing file /home/airflow/.local/lib/python3.12/site-packages/airflow/example_dags/example_display_name.py for tasks to queue
[2024-10-03T07:05:18.410+0000] {logging_mixin.py:190} INFO - [2024-10-03T07:05:18.410+0000] {dagbag.py:588} INFO - Filling up the DagBag from /home/airflow/.local/lib/python3.12/site-packages/airflow/example_dags/example_display_name.py
[2024-10-03T07:05:18.431+0000] {processor.py:925} INFO - DAG(s) 'example_display_name' retrieved from /home/airflow/.local/lib/python3.12/site-packages/airflow/example_dags/example_display_name.py
[2024-10-03T07:05:18.513+0000] {logging_mixin.py:190} INFO - [2024-10-03T07:05:18.512+0000] {dag.py:3239} INFO - Sync 1 DAGs
[2024-10-03T07:05:18.574+0000] {logging_mixin.py:190} INFO - [2024-10-03T07:05:18.572+0000] {dag.py:4180} INFO - Setting next_dagrun for example_display_name to None, run_after=None
[2024-10-03T07:05:18.678+0000] {processor.py:208} INFO - Processing /home/airflow/.local/lib/python3.12/site-packages/airflow/example_dags/example_display_name.py took 0.282 seconds
[2024-10-03T07:07:12.445+0000] {processor.py:186} INFO - Started process (PID=1572) to work on /home/airflow/.local/lib/python3.12/site-packages/airflow/example_dags/example_display_name.py
[2024-10-03T07:07:12.448+0000] {processor.py:914} INFO - Processing file /home/airflow/.local/lib/python3.12/site-packages/airflow/example_dags/example_display_name.py for tasks to queue
[2024-10-03T07:07:12.451+0000] {logging_mixin.py:190} INFO - [2024-10-03T07:07:12.450+0000] {dagbag.py:588} INFO - Filling up the DagBag from /home/airflow/.local/lib/python3.12/site-packages/airflow/example_dags/example_display_name.py
[2024-10-03T07:07:12.464+0000] {processor.py:925} INFO - DAG(s) 'example_display_name' retrieved from /home/airflow/.local/lib/python3.12/site-packages/airflow/example_dags/example_display_name.py
[2024-10-03T07:07:12.503+0000] {logging_mixin.py:190} INFO - [2024-10-03T07:07:12.502+0000] {dag.py:3239} INFO - Sync 1 DAGs
[2024-10-03T07:07:12.528+0000] {logging_mixin.py:190} INFO - [2024-10-03T07:07:12.528+0000] {dag.py:4180} INFO - Setting next_dagrun for example_display_name to None, run_after=None
[2024-10-03T07:07:12.567+0000] {processor.py:208} INFO - Processing /home/airflow/.local/lib/python3.12/site-packages/airflow/example_dags/example_display_name.py took 0.129 seconds
[2024-10-03T07:07:42.697+0000] {processor.py:186} INFO - Started process (PID=1635) to work on /home/airflow/.local/lib/python3.12/site-packages/airflow/example_dags/example_display_name.py
[2024-10-03T07:07:42.699+0000] {processor.py:914} INFO - Processing file /home/airflow/.local/lib/python3.12/site-packages/airflow/example_dags/example_display_name.py for tasks to queue
[2024-10-03T07:07:42.701+0000] {logging_mixin.py:190} INFO - [2024-10-03T07:07:42.700+0000] {dagbag.py:588} INFO - Filling up the DagBag from /home/airflow/.local/lib/python3.12/site-packages/airflow/example_dags/example_display_name.py
[2024-10-03T07:07:42.714+0000] {processor.py:925} INFO - DAG(s) 'example_display_name' retrieved from /home/airflow/.local/lib/python3.12/site-packages/airflow/example_dags/example_display_name.py
[2024-10-03T07:07:42.745+0000] {logging_mixin.py:190} INFO - [2024-10-03T07:07:42.744+0000] {dag.py:3239} INFO - Sync 1 DAGs
[2024-10-03T07:07:42.766+0000] {logging_mixin.py:190} INFO - [2024-10-03T07:07:42.766+0000] {dag.py:4180} INFO - Setting next_dagrun for example_display_name to None, run_after=None
[2024-10-03T07:07:42.797+0000] {processor.py:208} INFO - Processing /home/airflow/.local/lib/python3.12/site-packages/airflow/example_dags/example_display_name.py took 0.108 seconds
[2024-10-03T07:08:15.190+0000] {processor.py:186} INFO - Started process (PID=1698) to work on /home/airflow/.local/lib/python3.12/site-packages/airflow/example_dags/example_display_name.py
[2024-10-03T07:08:15.192+0000] {processor.py:914} INFO - Processing file /home/airflow/.local/lib/python3.12/site-packages/airflow/example_dags/example_display_name.py for tasks to queue
[2024-10-03T07:08:15.196+0000] {logging_mixin.py:190} INFO - [2024-10-03T07:08:15.193+0000] {dagbag.py:588} INFO - Filling up the DagBag from /home/airflow/.local/lib/python3.12/site-packages/airflow/example_dags/example_display_name.py
[2024-10-03T07:08:15.228+0000] {processor.py:925} INFO - DAG(s) 'example_display_name' retrieved from /home/airflow/.local/lib/python3.12/site-packages/airflow/example_dags/example_display_name.py
[2024-10-03T07:08:15.514+0000] {logging_mixin.py:190} INFO - [2024-10-03T07:08:15.507+0000] {dag.py:3239} INFO - Sync 1 DAGs
[2024-10-03T07:08:15.575+0000] {logging_mixin.py:190} INFO - [2024-10-03T07:08:15.567+0000] {dag.py:4180} INFO - Setting next_dagrun for example_display_name to None, run_after=None
[2024-10-03T07:08:15.669+0000] {processor.py:208} INFO - Processing /home/airflow/.local/lib/python3.12/site-packages/airflow/example_dags/example_display_name.py took 0.494 seconds
[2024-10-03T07:08:54.107+0000] {processor.py:186} INFO - Started process (PID=1758) to work on /home/airflow/.local/lib/python3.12/site-packages/airflow/example_dags/example_display_name.py
[2024-10-03T07:08:54.109+0000] {processor.py:914} INFO - Processing file /home/airflow/.local/lib/python3.12/site-packages/airflow/example_dags/example_display_name.py for tasks to queue
[2024-10-03T07:08:54.111+0000] {logging_mixin.py:190} INFO - [2024-10-03T07:08:54.111+0000] {dagbag.py:588} INFO - Filling up the DagBag from /home/airflow/.local/lib/python3.12/site-packages/airflow/example_dags/example_display_name.py
[2024-10-03T07:08:54.123+0000] {processor.py:925} INFO - DAG(s) 'example_display_name' retrieved from /home/airflow/.local/lib/python3.12/site-packages/airflow/example_dags/example_display_name.py
[2024-10-03T07:08:54.157+0000] {logging_mixin.py:190} INFO - [2024-10-03T07:08:54.156+0000] {dag.py:3239} INFO - Sync 1 DAGs
[2024-10-03T07:08:54.179+0000] {logging_mixin.py:190} INFO - [2024-10-03T07:08:54.179+0000] {dag.py:4180} INFO - Setting next_dagrun for example_display_name to None, run_after=None
[2024-10-03T07:08:54.218+0000] {processor.py:208} INFO - Processing /home/airflow/.local/lib/python3.12/site-packages/airflow/example_dags/example_display_name.py took 0.118 seconds
[2024-10-03T07:09:25.197+0000] {processor.py:186} INFO - Started process (PID=1821) to work on /home/airflow/.local/lib/python3.12/site-packages/airflow/example_dags/example_display_name.py
[2024-10-03T07:09:25.200+0000] {processor.py:914} INFO - Processing file /home/airflow/.local/lib/python3.12/site-packages/airflow/example_dags/example_display_name.py for tasks to queue
[2024-10-03T07:09:25.203+0000] {logging_mixin.py:190} INFO - [2024-10-03T07:09:25.202+0000] {dagbag.py:588} INFO - Filling up the DagBag from /home/airflow/.local/lib/python3.12/site-packages/airflow/example_dags/example_display_name.py
[2024-10-03T07:09:25.225+0000] {processor.py:925} INFO - DAG(s) 'example_display_name' retrieved from /home/airflow/.local/lib/python3.12/site-packages/airflow/example_dags/example_display_name.py
[2024-10-03T07:09:25.279+0000] {logging_mixin.py:190} INFO - [2024-10-03T07:09:25.278+0000] {dag.py:3239} INFO - Sync 1 DAGs
[2024-10-03T07:09:25.312+0000] {logging_mixin.py:190} INFO - [2024-10-03T07:09:25.312+0000] {dag.py:4180} INFO - Setting next_dagrun for example_display_name to None, run_after=None
[2024-10-03T07:09:25.370+0000] {processor.py:208} INFO - Processing /home/airflow/.local/lib/python3.12/site-packages/airflow/example_dags/example_display_name.py took 0.186 seconds
[2024-10-03T07:09:56.185+0000] {processor.py:186} INFO - Started process (PID=1884) to work on /home/airflow/.local/lib/python3.12/site-packages/airflow/example_dags/example_display_name.py
[2024-10-03T07:09:56.187+0000] {processor.py:914} INFO - Processing file /home/airflow/.local/lib/python3.12/site-packages/airflow/example_dags/example_display_name.py for tasks to queue
[2024-10-03T07:09:56.189+0000] {logging_mixin.py:190} INFO - [2024-10-03T07:09:56.189+0000] {dagbag.py:588} INFO - Filling up the DagBag from /home/airflow/.local/lib/python3.12/site-packages/airflow/example_dags/example_display_name.py
[2024-10-03T07:09:56.197+0000] {processor.py:925} INFO - DAG(s) 'example_display_name' retrieved from /home/airflow/.local/lib/python3.12/site-packages/airflow/example_dags/example_display_name.py
[2024-10-03T07:09:56.221+0000] {logging_mixin.py:190} INFO - [2024-10-03T07:09:56.221+0000] {dag.py:3239} INFO - Sync 1 DAGs
[2024-10-03T07:09:56.239+0000] {logging_mixin.py:190} INFO - [2024-10-03T07:09:56.239+0000] {dag.py:4180} INFO - Setting next_dagrun for example_display_name to None, run_after=None
[2024-10-03T07:09:56.265+0000] {processor.py:208} INFO - Processing /home/airflow/.local/lib/python3.12/site-packages/airflow/example_dags/example_display_name.py took 0.086 seconds
[2024-10-03T07:10:26.463+0000] {processor.py:186} INFO - Started process (PID=1946) to work on /home/airflow/.local/lib/python3.12/site-packages/airflow/example_dags/example_display_name.py
[2024-10-03T07:10:26.465+0000] {processor.py:914} INFO - Processing file /home/airflow/.local/lib/python3.12/site-packages/airflow/example_dags/example_display_name.py for tasks to queue
[2024-10-03T07:10:26.467+0000] {logging_mixin.py:190} INFO - [2024-10-03T07:10:26.467+0000] {dagbag.py:588} INFO - Filling up the DagBag from /home/airflow/.local/lib/python3.12/site-packages/airflow/example_dags/example_display_name.py
[2024-10-03T07:10:26.477+0000] {processor.py:925} INFO - DAG(s) 'example_display_name' retrieved from /home/airflow/.local/lib/python3.12/site-packages/airflow/example_dags/example_display_name.py
[2024-10-03T07:10:26.500+0000] {logging_mixin.py:190} INFO - [2024-10-03T07:10:26.500+0000] {dag.py:3239} INFO - Sync 1 DAGs
[2024-10-03T07:10:26.519+0000] {logging_mixin.py:190} INFO - [2024-10-03T07:10:26.518+0000] {dag.py:4180} INFO - Setting next_dagrun for example_display_name to None, run_after=None
[2024-10-03T07:10:26.546+0000] {processor.py:208} INFO - Processing /home/airflow/.local/lib/python3.12/site-packages/airflow/example_dags/example_display_name.py took 0.089 seconds
[2024-10-03T07:10:56.721+0000] {processor.py:186} INFO - Started process (PID=2010) to work on /home/airflow/.local/lib/python3.12/site-packages/airflow/example_dags/example_display_name.py
[2024-10-03T07:10:56.724+0000] {processor.py:914} INFO - Processing file /home/airflow/.local/lib/python3.12/site-packages/airflow/example_dags/example_display_name.py for tasks to queue
[2024-10-03T07:10:56.726+0000] {logging_mixin.py:190} INFO - [2024-10-03T07:10:56.726+0000] {dagbag.py:588} INFO - Filling up the DagBag from /home/airflow/.local/lib/python3.12/site-packages/airflow/example_dags/example_display_name.py
[2024-10-03T07:10:56.740+0000] {processor.py:925} INFO - DAG(s) 'example_display_name' retrieved from /home/airflow/.local/lib/python3.12/site-packages/airflow/example_dags/example_display_name.py
[2024-10-03T07:10:56.779+0000] {logging_mixin.py:190} INFO - [2024-10-03T07:10:56.778+0000] {dag.py:3239} INFO - Sync 1 DAGs
[2024-10-03T07:10:56.821+0000] {logging_mixin.py:190} INFO - [2024-10-03T07:10:56.821+0000] {dag.py:4180} INFO - Setting next_dagrun for example_display_name to None, run_after=None
[2024-10-03T07:10:56.869+0000] {processor.py:208} INFO - Processing /home/airflow/.local/lib/python3.12/site-packages/airflow/example_dags/example_display_name.py took 0.156 seconds
[2024-10-03T07:11:26.950+0000] {processor.py:186} INFO - Started process (PID=2073) to work on /home/airflow/.local/lib/python3.12/site-packages/airflow/example_dags/example_display_name.py
[2024-10-03T07:11:26.951+0000] {processor.py:914} INFO - Processing file /home/airflow/.local/lib/python3.12/site-packages/airflow/example_dags/example_display_name.py for tasks to queue
[2024-10-03T07:11:26.953+0000] {logging_mixin.py:190} INFO - [2024-10-03T07:11:26.953+0000] {dagbag.py:588} INFO - Filling up the DagBag from /home/airflow/.local/lib/python3.12/site-packages/airflow/example_dags/example_display_name.py
[2024-10-03T07:11:26.961+0000] {processor.py:925} INFO - DAG(s) 'example_display_name' retrieved from /home/airflow/.local/lib/python3.12/site-packages/airflow/example_dags/example_display_name.py
[2024-10-03T07:11:26.984+0000] {logging_mixin.py:190} INFO - [2024-10-03T07:11:26.984+0000] {dag.py:3239} INFO - Sync 1 DAGs
[2024-10-03T07:11:27.000+0000] {logging_mixin.py:190} INFO - [2024-10-03T07:11:26.999+0000] {dag.py:4180} INFO - Setting next_dagrun for example_display_name to None, run_after=None
[2024-10-03T07:11:27.025+0000] {processor.py:208} INFO - Processing /home/airflow/.local/lib/python3.12/site-packages/airflow/example_dags/example_display_name.py took 0.081 seconds
[2024-10-03T07:11:58.047+0000] {processor.py:186} INFO - Started process (PID=2135) to work on /home/airflow/.local/lib/python3.12/site-packages/airflow/example_dags/example_display_name.py
[2024-10-03T07:11:58.048+0000] {processor.py:914} INFO - Processing file /home/airflow/.local/lib/python3.12/site-packages/airflow/example_dags/example_display_name.py for tasks to queue
[2024-10-03T07:11:58.051+0000] {logging_mixin.py:190} INFO - [2024-10-03T07:11:58.050+0000] {dagbag.py:588} INFO - Filling up the DagBag from /home/airflow/.local/lib/python3.12/site-packages/airflow/example_dags/example_display_name.py
[2024-10-03T07:11:58.060+0000] {processor.py:925} INFO - DAG(s) 'example_display_name' retrieved from /home/airflow/.local/lib/python3.12/site-packages/airflow/example_dags/example_display_name.py
[2024-10-03T07:11:58.090+0000] {logging_mixin.py:190} INFO - [2024-10-03T07:11:58.089+0000] {dag.py:3239} INFO - Sync 1 DAGs
[2024-10-03T07:11:58.109+0000] {logging_mixin.py:190} INFO - [2024-10-03T07:11:58.109+0000] {dag.py:4180} INFO - Setting next_dagrun for example_display_name to None, run_after=None
[2024-10-03T07:11:58.138+0000] {processor.py:208} INFO - Processing /home/airflow/.local/lib/python3.12/site-packages/airflow/example_dags/example_display_name.py took 0.097 seconds
[2024-10-03T07:12:28.666+0000] {processor.py:186} INFO - Started process (PID=2199) to work on /home/airflow/.local/lib/python3.12/site-packages/airflow/example_dags/example_display_name.py
[2024-10-03T07:12:28.668+0000] {processor.py:914} INFO - Processing file /home/airflow/.local/lib/python3.12/site-packages/airflow/example_dags/example_display_name.py for tasks to queue
[2024-10-03T07:12:28.670+0000] {logging_mixin.py:190} INFO - [2024-10-03T07:12:28.669+0000] {dagbag.py:588} INFO - Filling up the DagBag from /home/airflow/.local/lib/python3.12/site-packages/airflow/example_dags/example_display_name.py
[2024-10-03T07:12:28.679+0000] {processor.py:925} INFO - DAG(s) 'example_display_name' retrieved from /home/airflow/.local/lib/python3.12/site-packages/airflow/example_dags/example_display_name.py
[2024-10-03T07:12:28.704+0000] {logging_mixin.py:190} INFO - [2024-10-03T07:12:28.704+0000] {dag.py:3239} INFO - Sync 1 DAGs
[2024-10-03T07:12:28.721+0000] {logging_mixin.py:190} INFO - [2024-10-03T07:12:28.721+0000] {dag.py:4180} INFO - Setting next_dagrun for example_display_name to None, run_after=None
[2024-10-03T07:12:28.749+0000] {processor.py:208} INFO - Processing /home/airflow/.local/lib/python3.12/site-packages/airflow/example_dags/example_display_name.py took 0.089 seconds
[2024-10-03T07:13:00.519+0000] {processor.py:186} INFO - Started process (PID=2261) to work on /home/airflow/.local/lib/python3.12/site-packages/airflow/example_dags/example_display_name.py
[2024-10-03T07:13:00.521+0000] {processor.py:914} INFO - Processing file /home/airflow/.local/lib/python3.12/site-packages/airflow/example_dags/example_display_name.py for tasks to queue
[2024-10-03T07:13:00.522+0000] {logging_mixin.py:190} INFO - [2024-10-03T07:13:00.522+0000] {dagbag.py:588} INFO - Filling up the DagBag from /home/airflow/.local/lib/python3.12/site-packages/airflow/example_dags/example_display_name.py
[2024-10-03T07:13:00.530+0000] {processor.py:925} INFO - DAG(s) 'example_display_name' retrieved from /home/airflow/.local/lib/python3.12/site-packages/airflow/example_dags/example_display_name.py
[2024-10-03T07:13:00.553+0000] {logging_mixin.py:190} INFO - [2024-10-03T07:13:00.553+0000] {dag.py:3239} INFO - Sync 1 DAGs
[2024-10-03T07:13:00.570+0000] {logging_mixin.py:190} INFO - [2024-10-03T07:13:00.570+0000] {dag.py:4180} INFO - Setting next_dagrun for example_display_name to None, run_after=None
[2024-10-03T07:13:00.602+0000] {processor.py:208} INFO - Processing /home/airflow/.local/lib/python3.12/site-packages/airflow/example_dags/example_display_name.py took 0.088 seconds
[2024-10-03T07:13:30.763+0000] {processor.py:186} INFO - Started process (PID=2324) to work on /home/airflow/.local/lib/python3.12/site-packages/airflow/example_dags/example_display_name.py
[2024-10-03T07:13:30.765+0000] {processor.py:914} INFO - Processing file /home/airflow/.local/lib/python3.12/site-packages/airflow/example_dags/example_display_name.py for tasks to queue
[2024-10-03T07:13:30.768+0000] {logging_mixin.py:190} INFO - [2024-10-03T07:13:30.767+0000] {dagbag.py:588} INFO - Filling up the DagBag from /home/airflow/.local/lib/python3.12/site-packages/airflow/example_dags/example_display_name.py
[2024-10-03T07:13:30.786+0000] {processor.py:925} INFO - DAG(s) 'example_display_name' retrieved from /home/airflow/.local/lib/python3.12/site-packages/airflow/example_dags/example_display_name.py
[2024-10-03T07:13:30.826+0000] {logging_mixin.py:190} INFO - [2024-10-03T07:13:30.826+0000] {dag.py:3239} INFO - Sync 1 DAGs
[2024-10-03T07:13:30.844+0000] {logging_mixin.py:190} INFO - [2024-10-03T07:13:30.843+0000] {dag.py:4180} INFO - Setting next_dagrun for example_display_name to None, run_after=None
[2024-10-03T07:13:30.869+0000] {processor.py:208} INFO - Processing /home/airflow/.local/lib/python3.12/site-packages/airflow/example_dags/example_display_name.py took 0.123 seconds
[2024-10-03T07:14:04.100+0000] {processor.py:186} INFO - Started process (PID=2387) to work on /home/airflow/.local/lib/python3.12/site-packages/airflow/example_dags/example_display_name.py
[2024-10-03T07:14:04.102+0000] {processor.py:914} INFO - Processing file /home/airflow/.local/lib/python3.12/site-packages/airflow/example_dags/example_display_name.py for tasks to queue
[2024-10-03T07:14:04.105+0000] {logging_mixin.py:190} INFO - [2024-10-03T07:14:04.104+0000] {dagbag.py:588} INFO - Filling up the DagBag from /home/airflow/.local/lib/python3.12/site-packages/airflow/example_dags/example_display_name.py
[2024-10-03T07:14:04.125+0000] {processor.py:925} INFO - DAG(s) 'example_display_name' retrieved from /home/airflow/.local/lib/python3.12/site-packages/airflow/example_dags/example_display_name.py
[2024-10-03T07:14:04.173+0000] {logging_mixin.py:190} INFO - [2024-10-03T07:14:04.172+0000] {dag.py:3239} INFO - Sync 1 DAGs
[2024-10-03T07:14:04.208+0000] {logging_mixin.py:190} INFO - [2024-10-03T07:14:04.207+0000] {dag.py:4180} INFO - Setting next_dagrun for example_display_name to None, run_after=None
[2024-10-03T07:14:04.262+0000] {processor.py:208} INFO - Processing /home/airflow/.local/lib/python3.12/site-packages/airflow/example_dags/example_display_name.py took 0.170 seconds
[2024-10-03T07:14:34.682+0000] {processor.py:186} INFO - Started process (PID=2450) to work on /home/airflow/.local/lib/python3.12/site-packages/airflow/example_dags/example_display_name.py
[2024-10-03T07:14:34.684+0000] {processor.py:914} INFO - Processing file /home/airflow/.local/lib/python3.12/site-packages/airflow/example_dags/example_display_name.py for tasks to queue
[2024-10-03T07:14:34.686+0000] {logging_mixin.py:190} INFO - [2024-10-03T07:14:34.686+0000] {dagbag.py:588} INFO - Filling up the DagBag from /home/airflow/.local/lib/python3.12/site-packages/airflow/example_dags/example_display_name.py
[2024-10-03T07:14:34.699+0000] {processor.py:925} INFO - DAG(s) 'example_display_name' retrieved from /home/airflow/.local/lib/python3.12/site-packages/airflow/example_dags/example_display_name.py
[2024-10-03T07:14:34.742+0000] {logging_mixin.py:190} INFO - [2024-10-03T07:14:34.741+0000] {dag.py:3239} INFO - Sync 1 DAGs
[2024-10-03T07:14:34.776+0000] {logging_mixin.py:190} INFO - [2024-10-03T07:14:34.776+0000] {dag.py:4180} INFO - Setting next_dagrun for example_display_name to None, run_after=None
[2024-10-03T07:14:34.811+0000] {processor.py:208} INFO - Processing /home/airflow/.local/lib/python3.12/site-packages/airflow/example_dags/example_display_name.py took 0.140 seconds
[2024-10-03T07:15:04.954+0000] {processor.py:186} INFO - Started process (PID=2513) to work on /home/airflow/.local/lib/python3.12/site-packages/airflow/example_dags/example_display_name.py
[2024-10-03T07:15:04.956+0000] {processor.py:914} INFO - Processing file /home/airflow/.local/lib/python3.12/site-packages/airflow/example_dags/example_display_name.py for tasks to queue
[2024-10-03T07:15:04.957+0000] {logging_mixin.py:190} INFO - [2024-10-03T07:15:04.957+0000] {dagbag.py:588} INFO - Filling up the DagBag from /home/airflow/.local/lib/python3.12/site-packages/airflow/example_dags/example_display_name.py
[2024-10-03T07:15:04.966+0000] {processor.py:925} INFO - DAG(s) 'example_display_name' retrieved from /home/airflow/.local/lib/python3.12/site-packages/airflow/example_dags/example_display_name.py
[2024-10-03T07:15:04.990+0000] {logging_mixin.py:190} INFO - [2024-10-03T07:15:04.989+0000] {dag.py:3239} INFO - Sync 1 DAGs
[2024-10-03T07:15:05.008+0000] {logging_mixin.py:190} INFO - [2024-10-03T07:15:05.008+0000] {dag.py:4180} INFO - Setting next_dagrun for example_display_name to None, run_after=None
[2024-10-03T07:15:05.039+0000] {processor.py:208} INFO - Processing /home/airflow/.local/lib/python3.12/site-packages/airflow/example_dags/example_display_name.py took 0.091 seconds
[2024-10-03T07:15:35.291+0000] {processor.py:186} INFO - Started process (PID=2576) to work on /home/airflow/.local/lib/python3.12/site-packages/airflow/example_dags/example_display_name.py
[2024-10-03T07:15:35.292+0000] {processor.py:914} INFO - Processing file /home/airflow/.local/lib/python3.12/site-packages/airflow/example_dags/example_display_name.py for tasks to queue
[2024-10-03T07:15:35.295+0000] {logging_mixin.py:190} INFO - [2024-10-03T07:15:35.294+0000] {dagbag.py:588} INFO - Filling up the DagBag from /home/airflow/.local/lib/python3.12/site-packages/airflow/example_dags/example_display_name.py
[2024-10-03T07:15:35.302+0000] {processor.py:925} INFO - DAG(s) 'example_display_name' retrieved from /home/airflow/.local/lib/python3.12/site-packages/airflow/example_dags/example_display_name.py
[2024-10-03T07:15:35.327+0000] {logging_mixin.py:190} INFO - [2024-10-03T07:15:35.326+0000] {dag.py:3239} INFO - Sync 1 DAGs
[2024-10-03T07:15:35.343+0000] {logging_mixin.py:190} INFO - [2024-10-03T07:15:35.342+0000] {dag.py:4180} INFO - Setting next_dagrun for example_display_name to None, run_after=None
[2024-10-03T07:15:35.368+0000] {processor.py:208} INFO - Processing /home/airflow/.local/lib/python3.12/site-packages/airflow/example_dags/example_display_name.py took 0.083 seconds
[2024-10-03T07:16:06.088+0000] {processor.py:186} INFO - Started process (PID=2639) to work on /home/airflow/.local/lib/python3.12/site-packages/airflow/example_dags/example_display_name.py
[2024-10-03T07:16:06.090+0000] {processor.py:914} INFO - Processing file /home/airflow/.local/lib/python3.12/site-packages/airflow/example_dags/example_display_name.py for tasks to queue
[2024-10-03T07:16:06.091+0000] {logging_mixin.py:190} INFO - [2024-10-03T07:16:06.091+0000] {dagbag.py:588} INFO - Filling up the DagBag from /home/airflow/.local/lib/python3.12/site-packages/airflow/example_dags/example_display_name.py
[2024-10-03T07:16:06.099+0000] {processor.py:925} INFO - DAG(s) 'example_display_name' retrieved from /home/airflow/.local/lib/python3.12/site-packages/airflow/example_dags/example_display_name.py
[2024-10-03T07:16:06.121+0000] {logging_mixin.py:190} INFO - [2024-10-03T07:16:06.121+0000] {dag.py:3239} INFO - Sync 1 DAGs
[2024-10-03T07:16:06.137+0000] {logging_mixin.py:190} INFO - [2024-10-03T07:16:06.137+0000] {dag.py:4180} INFO - Setting next_dagrun for example_display_name to None, run_after=None
[2024-10-03T07:16:06.162+0000] {processor.py:208} INFO - Processing /home/airflow/.local/lib/python3.12/site-packages/airflow/example_dags/example_display_name.py took 0.079 seconds
[2024-10-03T07:16:38.338+0000] {processor.py:186} INFO - Started process (PID=2702) to work on /home/airflow/.local/lib/python3.12/site-packages/airflow/example_dags/example_display_name.py
[2024-10-03T07:16:38.340+0000] {processor.py:914} INFO - Processing file /home/airflow/.local/lib/python3.12/site-packages/airflow/example_dags/example_display_name.py for tasks to queue
[2024-10-03T07:16:38.342+0000] {logging_mixin.py:190} INFO - [2024-10-03T07:16:38.342+0000] {dagbag.py:588} INFO - Filling up the DagBag from /home/airflow/.local/lib/python3.12/site-packages/airflow/example_dags/example_display_name.py
[2024-10-03T07:16:38.354+0000] {processor.py:925} INFO - DAG(s) 'example_display_name' retrieved from /home/airflow/.local/lib/python3.12/site-packages/airflow/example_dags/example_display_name.py
[2024-10-03T07:16:38.386+0000] {logging_mixin.py:190} INFO - [2024-10-03T07:16:38.385+0000] {dag.py:3239} INFO - Sync 1 DAGs
[2024-10-03T07:16:38.411+0000] {logging_mixin.py:190} INFO - [2024-10-03T07:16:38.410+0000] {dag.py:4180} INFO - Setting next_dagrun for example_display_name to None, run_after=None
[2024-10-03T07:16:38.441+0000] {processor.py:208} INFO - Processing /home/airflow/.local/lib/python3.12/site-packages/airflow/example_dags/example_display_name.py took 0.110 seconds
[2024-10-03T07:17:08.807+0000] {processor.py:186} INFO - Started process (PID=2765) to work on /home/airflow/.local/lib/python3.12/site-packages/airflow/example_dags/example_display_name.py
[2024-10-03T07:17:08.809+0000] {processor.py:914} INFO - Processing file /home/airflow/.local/lib/python3.12/site-packages/airflow/example_dags/example_display_name.py for tasks to queue
[2024-10-03T07:17:08.811+0000] {logging_mixin.py:190} INFO - [2024-10-03T07:17:08.811+0000] {dagbag.py:588} INFO - Filling up the DagBag from /home/airflow/.local/lib/python3.12/site-packages/airflow/example_dags/example_display_name.py
[2024-10-03T07:17:08.821+0000] {processor.py:925} INFO - DAG(s) 'example_display_name' retrieved from /home/airflow/.local/lib/python3.12/site-packages/airflow/example_dags/example_display_name.py
[2024-10-03T07:17:08.852+0000] {logging_mixin.py:190} INFO - [2024-10-03T07:17:08.852+0000] {dag.py:3239} INFO - Sync 1 DAGs
[2024-10-03T07:17:08.870+0000] {logging_mixin.py:190} INFO - [2024-10-03T07:17:08.869+0000] {dag.py:4180} INFO - Setting next_dagrun for example_display_name to None, run_after=None
[2024-10-03T07:17:08.899+0000] {processor.py:208} INFO - Processing /home/airflow/.local/lib/python3.12/site-packages/airflow/example_dags/example_display_name.py took 0.099 seconds
[2024-10-03T07:17:39.419+0000] {processor.py:186} INFO - Started process (PID=2828) to work on /home/airflow/.local/lib/python3.12/site-packages/airflow/example_dags/example_display_name.py
[2024-10-03T07:17:39.421+0000] {processor.py:914} INFO - Processing file /home/airflow/.local/lib/python3.12/site-packages/airflow/example_dags/example_display_name.py for tasks to queue
[2024-10-03T07:17:39.423+0000] {logging_mixin.py:190} INFO - [2024-10-03T07:17:39.422+0000] {dagbag.py:588} INFO - Filling up the DagBag from /home/airflow/.local/lib/python3.12/site-packages/airflow/example_dags/example_display_name.py
[2024-10-03T07:17:39.431+0000] {processor.py:925} INFO - DAG(s) 'example_display_name' retrieved from /home/airflow/.local/lib/python3.12/site-packages/airflow/example_dags/example_display_name.py
[2024-10-03T07:17:39.455+0000] {logging_mixin.py:190} INFO - [2024-10-03T07:17:39.454+0000] {dag.py:3239} INFO - Sync 1 DAGs
[2024-10-03T07:17:39.471+0000] {logging_mixin.py:190} INFO - [2024-10-03T07:17:39.471+0000] {dag.py:4180} INFO - Setting next_dagrun for example_display_name to None, run_after=None
[2024-10-03T07:17:39.497+0000] {processor.py:208} INFO - Processing /home/airflow/.local/lib/python3.12/site-packages/airflow/example_dags/example_display_name.py took 0.084 seconds
[2024-10-03T07:18:10.307+0000] {processor.py:186} INFO - Started process (PID=2891) to work on /home/airflow/.local/lib/python3.12/site-packages/airflow/example_dags/example_display_name.py
[2024-10-03T07:18:10.309+0000] {processor.py:914} INFO - Processing file /home/airflow/.local/lib/python3.12/site-packages/airflow/example_dags/example_display_name.py for tasks to queue
[2024-10-03T07:18:10.310+0000] {logging_mixin.py:190} INFO - [2024-10-03T07:18:10.310+0000] {dagbag.py:588} INFO - Filling up the DagBag from /home/airflow/.local/lib/python3.12/site-packages/airflow/example_dags/example_display_name.py
[2024-10-03T07:18:10.320+0000] {processor.py:925} INFO - DAG(s) 'example_display_name' retrieved from /home/airflow/.local/lib/python3.12/site-packages/airflow/example_dags/example_display_name.py
[2024-10-03T07:18:10.344+0000] {logging_mixin.py:190} INFO - [2024-10-03T07:18:10.344+0000] {dag.py:3239} INFO - Sync 1 DAGs
[2024-10-03T07:18:10.362+0000] {logging_mixin.py:190} INFO - [2024-10-03T07:18:10.362+0000] {dag.py:4180} INFO - Setting next_dagrun for example_display_name to None, run_after=None
[2024-10-03T07:18:10.394+0000] {processor.py:208} INFO - Processing /home/airflow/.local/lib/python3.12/site-packages/airflow/example_dags/example_display_name.py took 0.093 seconds
[2024-10-03T07:18:40.975+0000] {processor.py:186} INFO - Started process (PID=2954) to work on /home/airflow/.local/lib/python3.12/site-packages/airflow/example_dags/example_display_name.py
[2024-10-03T07:18:40.976+0000] {processor.py:914} INFO - Processing file /home/airflow/.local/lib/python3.12/site-packages/airflow/example_dags/example_display_name.py for tasks to queue
[2024-10-03T07:18:40.978+0000] {logging_mixin.py:190} INFO - [2024-10-03T07:18:40.978+0000] {dagbag.py:588} INFO - Filling up the DagBag from /home/airflow/.local/lib/python3.12/site-packages/airflow/example_dags/example_display_name.py
[2024-10-03T07:18:40.988+0000] {processor.py:925} INFO - DAG(s) 'example_display_name' retrieved from /home/airflow/.local/lib/python3.12/site-packages/airflow/example_dags/example_display_name.py
[2024-10-03T07:18:41.019+0000] {logging_mixin.py:190} INFO - [2024-10-03T07:18:41.019+0000] {dag.py:3239} INFO - Sync 1 DAGs
[2024-10-03T07:18:41.046+0000] {logging_mixin.py:190} INFO - [2024-10-03T07:18:41.045+0000] {dag.py:4180} INFO - Setting next_dagrun for example_display_name to None, run_after=None
[2024-10-03T07:18:41.080+0000] {processor.py:208} INFO - Processing /home/airflow/.local/lib/python3.12/site-packages/airflow/example_dags/example_display_name.py took 0.112 seconds
