[2024-10-03T06:33:17.338+0000] {processor.py:157} INFO - Started process (PID=91) to work on /home/airflow/.local/lib/python3.8/site-packages/airflow/example_dags/example_kubernetes_executor.py
[2024-10-03T06:33:17.352+0000] {processor.py:829} INFO - Processing file /home/airflow/.local/lib/python3.8/site-packages/airflow/example_dags/example_kubernetes_executor.py for tasks to queue
[2024-10-03T06:33:17.723+0000] {logging_mixin.py:151} INFO - [2024-10-03T06:33:17.721+0000] {dagbag.py:539} INFO - Filling up the DagBag from /home/airflow/.local/lib/python3.8/site-packages/airflow/example_dags/example_kubernetes_executor.py
[2024-10-03T06:33:47.824+0000] {logging_mixin.py:151} INFO - [2024-10-03T06:33:47.766+0000] {timeout.py:68} ERROR - Process timed out, PID: 91
[2024-10-03T06:33:47.885+0000] {logging_mixin.py:151} INFO - [2024-10-03T06:33:47.833+0000] {dagbag.py:347} ERROR - Failed to import: /home/airflow/.local/lib/python3.8/site-packages/airflow/example_dags/example_kubernetes_executor.py
Traceback (most recent call last):
  File "/home/airflow/.local/lib/python3.8/site-packages/airflow/models/dagbag.py", line 343, in parse
    loader.exec_module(new_module)
  File "<frozen importlib._bootstrap_external>", line 843, in exec_module
  File "<frozen importlib._bootstrap>", line 219, in _call_with_frames_removed
  File "/home/airflow/.local/lib/python3.8/site-packages/airflow/example_dags/example_kubernetes_executor.py", line 36, in <module>
    from kubernetes.client import models as k8s
  File "/home/airflow/.local/lib/python3.8/site-packages/kubernetes/__init__.py", line 20, in <module>
    import kubernetes.config
  File "/home/airflow/.local/lib/python3.8/site-packages/kubernetes/config/__init__.py", line 19, in <module>
    from .kube_config import (KUBE_CONFIG_DEFAULT_LOCATION,
  File "/home/airflow/.local/lib/python3.8/site-packages/kubernetes/config/kube_config.py", line 29, in <module>
    import google.auth.transport.requests
  File "/home/airflow/.local/lib/python3.8/site-packages/google/auth/transport/requests.py", line 48, in <module>
    from google.oauth2 import service_account
  File "/home/airflow/.local/lib/python3.8/site-packages/google/oauth2/service_account.py", line 77, in <module>
    from google.auth import _service_account_info
  File "/home/airflow/.local/lib/python3.8/site-packages/google/auth/_service_account_info.py", line 22, in <module>
    from google.auth import crypt
  File "/home/airflow/.local/lib/python3.8/site-packages/google/auth/crypt/__init__.py", line 43, in <module>
    from google.auth.crypt import rsa
  File "/home/airflow/.local/lib/python3.8/site-packages/google/auth/crypt/rsa.py", line 20, in <module>
    from google.auth.crypt import _cryptography_rsa
  File "/home/airflow/.local/lib/python3.8/site-packages/google/auth/crypt/_cryptography_rsa.py", line 27, in <module>
    import cryptography.x509
  File "/home/airflow/.local/lib/python3.8/site-packages/cryptography/x509/__init__.py", line 8, in <module>
    from cryptography.x509.base import (
  File "/home/airflow/.local/lib/python3.8/site-packages/cryptography/x509/base.py", line 30, in <module>
    from cryptography.x509.extensions import (
  File "/home/airflow/.local/lib/python3.8/site-packages/cryptography/x509/extensions.py", line 26, in <module>
    from cryptography.x509.general_name import (
  File "/home/airflow/.local/lib/python3.8/site-packages/cryptography/x509/general_name.py", line 12, in <module>
    from cryptography.x509.name import Name
  File "/home/airflow/.local/lib/python3.8/site-packages/cryptography/x509/name.py", line 15, in <module>
    from cryptography.x509.oid import NameOID, ObjectIdentifier
  File "<frozen importlib._bootstrap>", line 991, in _find_and_load
  File "<frozen importlib._bootstrap>", line 975, in _find_and_load_unlocked
  File "<frozen importlib._bootstrap>", line 671, in _load_unlocked
  File "<frozen importlib._bootstrap_external>", line 839, in exec_module
  File "<frozen importlib._bootstrap_external>", line 988, in get_code
  File "<frozen importlib._bootstrap_external>", line 1078, in _cache_bytecode
  File "<frozen importlib._bootstrap_external>", line 1103, in set_data
  File "<frozen importlib._bootstrap_external>", line 186, in _write_atomic
  File "/home/airflow/.local/lib/python3.8/site-packages/airflow/utils/timeout.py", line 69, in handle_timeout
    raise AirflowTaskTimeout(self.error_message)
airflow.exceptions.AirflowTaskTimeout: DagBag import timeout for /home/airflow/.local/lib/python3.8/site-packages/airflow/example_dags/example_kubernetes_executor.py after 30.0s.
Please take a look at these docs to improve your DAG import time:
* https://airflow.apache.org/docs/apache-airflow/2.7.0/best-practices.html#top-level-python-code
* https://airflow.apache.org/docs/apache-airflow/2.7.0/best-practices.html#reducing-dag-complexity, PID: 91
[2024-10-03T06:33:47.891+0000] {processor.py:841} WARNING - No viable dags retrieved from /home/airflow/.local/lib/python3.8/site-packages/airflow/example_dags/example_kubernetes_executor.py
[2024-10-03T06:33:49.395+0000] {processor.py:179} INFO - Processing /home/airflow/.local/lib/python3.8/site-packages/airflow/example_dags/example_kubernetes_executor.py took 32.379 seconds
[2024-10-03T06:34:19.913+0000] {processor.py:157} INFO - Started process (PID=159) to work on /home/airflow/.local/lib/python3.8/site-packages/airflow/example_dags/example_kubernetes_executor.py
[2024-10-03T06:34:19.917+0000] {processor.py:829} INFO - Processing file /home/airflow/.local/lib/python3.8/site-packages/airflow/example_dags/example_kubernetes_executor.py for tasks to queue
[2024-10-03T06:34:19.923+0000] {logging_mixin.py:151} INFO - [2024-10-03T06:34:19.922+0000] {dagbag.py:539} INFO - Filling up the DagBag from /home/airflow/.local/lib/python3.8/site-packages/airflow/example_dags/example_kubernetes_executor.py
[2024-10-03T06:34:20.415+0000] {processor.py:839} INFO - DAG(s) dict_keys(['example_kubernetes_executor']) retrieved from /home/airflow/.local/lib/python3.8/site-packages/airflow/example_dags/example_kubernetes_executor.py
[2024-10-03T06:34:20.634+0000] {logging_mixin.py:151} INFO - [2024-10-03T06:34:20.633+0000] {manager.py:501} INFO - Created Permission View: can delete on DAG:example_kubernetes_executor
[2024-10-03T06:34:20.662+0000] {logging_mixin.py:151} INFO - [2024-10-03T06:34:20.661+0000] {manager.py:501} INFO - Created Permission View: can read on DAG:example_kubernetes_executor
[2024-10-03T06:34:20.685+0000] {logging_mixin.py:151} INFO - [2024-10-03T06:34:20.684+0000] {manager.py:501} INFO - Created Permission View: can edit on DAG:example_kubernetes_executor
[2024-10-03T06:34:20.716+0000] {logging_mixin.py:151} INFO - [2024-10-03T06:34:20.715+0000] {dag.py:2907} INFO - Sync 1 DAGs
[2024-10-03T06:34:20.738+0000] {logging_mixin.py:151} INFO - [2024-10-03T06:34:20.737+0000] {dag.py:2929} INFO - Creating ORM DAG for example_kubernetes_executor
[2024-10-03T06:34:20.741+0000] {logging_mixin.py:151} INFO - [2024-10-03T06:34:20.740+0000] {dag.py:3677} INFO - Setting next_dagrun for example_kubernetes_executor to None, run_after=None
[2024-10-03T06:34:20.791+0000] {processor.py:179} INFO - Processing /home/airflow/.local/lib/python3.8/site-packages/airflow/example_dags/example_kubernetes_executor.py took 0.886 seconds
[2024-10-03T06:34:51.161+0000] {processor.py:157} INFO - Started process (PID=217) to work on /home/airflow/.local/lib/python3.8/site-packages/airflow/example_dags/example_kubernetes_executor.py
[2024-10-03T06:34:51.163+0000] {processor.py:829} INFO - Processing file /home/airflow/.local/lib/python3.8/site-packages/airflow/example_dags/example_kubernetes_executor.py for tasks to queue
[2024-10-03T06:34:51.168+0000] {logging_mixin.py:151} INFO - [2024-10-03T06:34:51.167+0000] {dagbag.py:539} INFO - Filling up the DagBag from /home/airflow/.local/lib/python3.8/site-packages/airflow/example_dags/example_kubernetes_executor.py
[2024-10-03T06:34:51.752+0000] {processor.py:839} INFO - DAG(s) dict_keys(['example_kubernetes_executor']) retrieved from /home/airflow/.local/lib/python3.8/site-packages/airflow/example_dags/example_kubernetes_executor.py
[2024-10-03T06:34:51.879+0000] {logging_mixin.py:151} INFO - [2024-10-03T06:34:51.878+0000] {dag.py:2907} INFO - Sync 1 DAGs
[2024-10-03T06:34:51.901+0000] {logging_mixin.py:151} INFO - [2024-10-03T06:34:51.901+0000] {dag.py:3677} INFO - Setting next_dagrun for example_kubernetes_executor to None, run_after=None
[2024-10-03T06:34:51.954+0000] {processor.py:179} INFO - Processing /home/airflow/.local/lib/python3.8/site-packages/airflow/example_dags/example_kubernetes_executor.py took 0.798 seconds
[2024-10-03T06:35:22.130+0000] {processor.py:157} INFO - Started process (PID=275) to work on /home/airflow/.local/lib/python3.8/site-packages/airflow/example_dags/example_kubernetes_executor.py
[2024-10-03T06:35:22.132+0000] {processor.py:829} INFO - Processing file /home/airflow/.local/lib/python3.8/site-packages/airflow/example_dags/example_kubernetes_executor.py for tasks to queue
[2024-10-03T06:35:22.138+0000] {logging_mixin.py:151} INFO - [2024-10-03T06:35:22.137+0000] {dagbag.py:539} INFO - Filling up the DagBag from /home/airflow/.local/lib/python3.8/site-packages/airflow/example_dags/example_kubernetes_executor.py
[2024-10-03T06:35:22.689+0000] {processor.py:839} INFO - DAG(s) dict_keys(['example_kubernetes_executor']) retrieved from /home/airflow/.local/lib/python3.8/site-packages/airflow/example_dags/example_kubernetes_executor.py
[2024-10-03T06:35:22.973+0000] {logging_mixin.py:151} INFO - [2024-10-03T06:35:22.972+0000] {dag.py:2907} INFO - Sync 1 DAGs
[2024-10-03T06:35:23.475+0000] {logging_mixin.py:151} INFO - [2024-10-03T06:35:23.474+0000] {dag.py:3677} INFO - Setting next_dagrun for example_kubernetes_executor to None, run_after=None
[2024-10-03T06:35:23.559+0000] {processor.py:179} INFO - Processing /home/airflow/.local/lib/python3.8/site-packages/airflow/example_dags/example_kubernetes_executor.py took 1.437 seconds
[2024-10-03T06:35:53.781+0000] {processor.py:157} INFO - Started process (PID=333) to work on /home/airflow/.local/lib/python3.8/site-packages/airflow/example_dags/example_kubernetes_executor.py
[2024-10-03T06:35:53.786+0000] {processor.py:829} INFO - Processing file /home/airflow/.local/lib/python3.8/site-packages/airflow/example_dags/example_kubernetes_executor.py for tasks to queue
[2024-10-03T06:35:53.793+0000] {logging_mixin.py:151} INFO - [2024-10-03T06:35:53.792+0000] {dagbag.py:539} INFO - Filling up the DagBag from /home/airflow/.local/lib/python3.8/site-packages/airflow/example_dags/example_kubernetes_executor.py
[2024-10-03T06:35:54.313+0000] {processor.py:839} INFO - DAG(s) dict_keys(['example_kubernetes_executor']) retrieved from /home/airflow/.local/lib/python3.8/site-packages/airflow/example_dags/example_kubernetes_executor.py
[2024-10-03T06:35:54.404+0000] {logging_mixin.py:151} INFO - [2024-10-03T06:35:54.403+0000] {dag.py:2907} INFO - Sync 1 DAGs
[2024-10-03T06:35:54.431+0000] {logging_mixin.py:151} INFO - [2024-10-03T06:35:54.431+0000] {dag.py:3677} INFO - Setting next_dagrun for example_kubernetes_executor to None, run_after=None
[2024-10-03T06:35:54.484+0000] {processor.py:179} INFO - Processing /home/airflow/.local/lib/python3.8/site-packages/airflow/example_dags/example_kubernetes_executor.py took 0.712 seconds
[2024-10-03T06:36:25.290+0000] {processor.py:157} INFO - Started process (PID=392) to work on /home/airflow/.local/lib/python3.8/site-packages/airflow/example_dags/example_kubernetes_executor.py
[2024-10-03T06:36:25.296+0000] {processor.py:829} INFO - Processing file /home/airflow/.local/lib/python3.8/site-packages/airflow/example_dags/example_kubernetes_executor.py for tasks to queue
[2024-10-03T06:36:25.303+0000] {logging_mixin.py:151} INFO - [2024-10-03T06:36:25.302+0000] {dagbag.py:539} INFO - Filling up the DagBag from /home/airflow/.local/lib/python3.8/site-packages/airflow/example_dags/example_kubernetes_executor.py
[2024-10-03T06:36:25.870+0000] {processor.py:839} INFO - DAG(s) dict_keys(['example_kubernetes_executor']) retrieved from /home/airflow/.local/lib/python3.8/site-packages/airflow/example_dags/example_kubernetes_executor.py
[2024-10-03T06:36:25.940+0000] {logging_mixin.py:151} INFO - [2024-10-03T06:36:25.939+0000] {dag.py:2907} INFO - Sync 1 DAGs
[2024-10-03T06:36:25.963+0000] {logging_mixin.py:151} INFO - [2024-10-03T06:36:25.962+0000] {dag.py:3677} INFO - Setting next_dagrun for example_kubernetes_executor to None, run_after=None
[2024-10-03T06:36:26.004+0000] {processor.py:179} INFO - Processing /home/airflow/.local/lib/python3.8/site-packages/airflow/example_dags/example_kubernetes_executor.py took 0.723 seconds
[2024-10-03T06:40:46.778+0000] {processor.py:157} INFO - Started process (PID=84) to work on /home/airflow/.local/lib/python3.8/site-packages/airflow/example_dags/example_kubernetes_executor.py
[2024-10-03T06:40:46.797+0000] {processor.py:829} INFO - Processing file /home/airflow/.local/lib/python3.8/site-packages/airflow/example_dags/example_kubernetes_executor.py for tasks to queue
[2024-10-03T06:40:46.846+0000] {logging_mixin.py:151} INFO - [2024-10-03T06:40:46.837+0000] {dagbag.py:539} INFO - Filling up the DagBag from /home/airflow/.local/lib/python3.8/site-packages/airflow/example_dags/example_kubernetes_executor.py
[2024-10-03T06:41:13.702+0000] {processor.py:839} INFO - DAG(s) dict_keys(['example_kubernetes_executor']) retrieved from /home/airflow/.local/lib/python3.8/site-packages/airflow/example_dags/example_kubernetes_executor.py
[2024-10-03T06:41:14.009+0000] {logging_mixin.py:151} INFO - [2024-10-03T06:41:14.007+0000] {dag.py:2907} INFO - Sync 1 DAGs
[2024-10-03T06:41:14.098+0000] {logging_mixin.py:151} INFO - [2024-10-03T06:41:14.098+0000] {dag.py:3677} INFO - Setting next_dagrun for example_kubernetes_executor to None, run_after=None
[2024-10-03T06:41:14.193+0000] {processor.py:179} INFO - Processing /home/airflow/.local/lib/python3.8/site-packages/airflow/example_dags/example_kubernetes_executor.py took 27.458 seconds
[2024-10-03T06:41:44.497+0000] {processor.py:157} INFO - Started process (PID=152) to work on /home/airflow/.local/lib/python3.8/site-packages/airflow/example_dags/example_kubernetes_executor.py
[2024-10-03T06:41:44.504+0000] {processor.py:829} INFO - Processing file /home/airflow/.local/lib/python3.8/site-packages/airflow/example_dags/example_kubernetes_executor.py for tasks to queue
[2024-10-03T06:41:44.506+0000] {logging_mixin.py:151} INFO - [2024-10-03T06:41:44.506+0000] {dagbag.py:539} INFO - Filling up the DagBag from /home/airflow/.local/lib/python3.8/site-packages/airflow/example_dags/example_kubernetes_executor.py
[2024-10-03T06:41:46.536+0000] {processor.py:839} INFO - DAG(s) dict_keys(['example_kubernetes_executor']) retrieved from /home/airflow/.local/lib/python3.8/site-packages/airflow/example_dags/example_kubernetes_executor.py
[2024-10-03T06:41:46.881+0000] {logging_mixin.py:151} INFO - [2024-10-03T06:41:46.879+0000] {dag.py:2907} INFO - Sync 1 DAGs
[2024-10-03T06:41:46.951+0000] {logging_mixin.py:151} INFO - [2024-10-03T06:41:46.950+0000] {dag.py:3677} INFO - Setting next_dagrun for example_kubernetes_executor to None, run_after=None
[2024-10-03T06:41:47.052+0000] {processor.py:179} INFO - Processing /home/airflow/.local/lib/python3.8/site-packages/airflow/example_dags/example_kubernetes_executor.py took 2.562 seconds
[2024-10-03T06:42:17.704+0000] {processor.py:157} INFO - Started process (PID=212) to work on /home/airflow/.local/lib/python3.8/site-packages/airflow/example_dags/example_kubernetes_executor.py
[2024-10-03T06:42:17.706+0000] {processor.py:829} INFO - Processing file /home/airflow/.local/lib/python3.8/site-packages/airflow/example_dags/example_kubernetes_executor.py for tasks to queue
[2024-10-03T06:42:17.710+0000] {logging_mixin.py:151} INFO - [2024-10-03T06:42:17.709+0000] {dagbag.py:539} INFO - Filling up the DagBag from /home/airflow/.local/lib/python3.8/site-packages/airflow/example_dags/example_kubernetes_executor.py
[2024-10-03T06:42:18.742+0000] {processor.py:839} INFO - DAG(s) dict_keys(['example_kubernetes_executor']) retrieved from /home/airflow/.local/lib/python3.8/site-packages/airflow/example_dags/example_kubernetes_executor.py
[2024-10-03T06:42:19.048+0000] {logging_mixin.py:151} INFO - [2024-10-03T06:42:19.046+0000] {dag.py:2907} INFO - Sync 1 DAGs
[2024-10-03T06:42:19.082+0000] {logging_mixin.py:151} INFO - [2024-10-03T06:42:19.081+0000] {dag.py:3677} INFO - Setting next_dagrun for example_kubernetes_executor to None, run_after=None
[2024-10-03T06:42:19.139+0000] {processor.py:179} INFO - Processing /home/airflow/.local/lib/python3.8/site-packages/airflow/example_dags/example_kubernetes_executor.py took 1.441 seconds
[2024-10-03T06:42:52.341+0000] {processor.py:157} INFO - Started process (PID=274) to work on /home/airflow/.local/lib/python3.8/site-packages/airflow/example_dags/example_kubernetes_executor.py
[2024-10-03T06:42:52.346+0000] {processor.py:829} INFO - Processing file /home/airflow/.local/lib/python3.8/site-packages/airflow/example_dags/example_kubernetes_executor.py for tasks to queue
[2024-10-03T06:42:52.353+0000] {logging_mixin.py:151} INFO - [2024-10-03T06:42:52.352+0000] {dagbag.py:539} INFO - Filling up the DagBag from /home/airflow/.local/lib/python3.8/site-packages/airflow/example_dags/example_kubernetes_executor.py
[2024-10-03T06:42:53.654+0000] {processor.py:839} INFO - DAG(s) dict_keys(['example_kubernetes_executor']) retrieved from /home/airflow/.local/lib/python3.8/site-packages/airflow/example_dags/example_kubernetes_executor.py
[2024-10-03T06:42:53.982+0000] {logging_mixin.py:151} INFO - [2024-10-03T06:42:53.979+0000] {dag.py:2907} INFO - Sync 1 DAGs
[2024-10-03T06:42:54.220+0000] {logging_mixin.py:151} INFO - [2024-10-03T06:42:54.219+0000] {dag.py:3677} INFO - Setting next_dagrun for example_kubernetes_executor to None, run_after=None
[2024-10-03T06:42:54.548+0000] {processor.py:179} INFO - Processing /home/airflow/.local/lib/python3.8/site-packages/airflow/example_dags/example_kubernetes_executor.py took 2.216 seconds
[2024-10-03T06:52:31.669+0000] {processor.py:186} INFO - Started process (PID=86) to work on /home/airflow/.local/lib/python3.12/site-packages/airflow/example_dags/example_kubernetes_executor.py
[2024-10-03T06:52:31.675+0000] {processor.py:914} INFO - Processing file /home/airflow/.local/lib/python3.12/site-packages/airflow/example_dags/example_kubernetes_executor.py for tasks to queue
[2024-10-03T06:52:31.717+0000] {logging_mixin.py:190} INFO - [2024-10-03T06:52:31.715+0000] {dagbag.py:588} INFO - Filling up the DagBag from /home/airflow/.local/lib/python3.12/site-packages/airflow/example_dags/example_kubernetes_executor.py
[2024-10-03T06:52:31.907+0000] {processor.py:925} INFO - DAG(s) 'example_kubernetes_executor' retrieved from /home/airflow/.local/lib/python3.12/site-packages/airflow/example_dags/example_kubernetes_executor.py
[2024-10-03T06:52:34.375+0000] {logging_mixin.py:190} INFO - [2024-10-03T06:52:34.375+0000] {dag.py:3239} INFO - Sync 1 DAGs
[2024-10-03T06:52:34.958+0000] {logging_mixin.py:190} INFO - [2024-10-03T06:52:34.957+0000] {dag.py:4180} INFO - Setting next_dagrun for example_kubernetes_executor to None, run_after=None
[2024-10-03T06:52:35.328+0000] {processor.py:208} INFO - Processing /home/airflow/.local/lib/python3.12/site-packages/airflow/example_dags/example_kubernetes_executor.py took 3.721 seconds
[2024-10-03T06:53:10.627+0000] {processor.py:186} INFO - Started process (PID=150) to work on /home/airflow/.local/lib/python3.12/site-packages/airflow/example_dags/example_kubernetes_executor.py
[2024-10-03T06:53:10.631+0000] {processor.py:914} INFO - Processing file /home/airflow/.local/lib/python3.12/site-packages/airflow/example_dags/example_kubernetes_executor.py for tasks to queue
[2024-10-03T06:53:10.639+0000] {logging_mixin.py:190} INFO - [2024-10-03T06:53:10.638+0000] {dagbag.py:588} INFO - Filling up the DagBag from /home/airflow/.local/lib/python3.12/site-packages/airflow/example_dags/example_kubernetes_executor.py
[2024-10-03T06:53:10.764+0000] {processor.py:925} INFO - DAG(s) 'example_kubernetes_executor' retrieved from /home/airflow/.local/lib/python3.12/site-packages/airflow/example_dags/example_kubernetes_executor.py
[2024-10-03T06:53:10.886+0000] {logging_mixin.py:190} INFO - [2024-10-03T06:53:10.885+0000] {dag.py:3239} INFO - Sync 1 DAGs
[2024-10-03T06:53:10.925+0000] {logging_mixin.py:190} INFO - [2024-10-03T06:53:10.925+0000] {dag.py:4180} INFO - Setting next_dagrun for example_kubernetes_executor to None, run_after=None
[2024-10-03T06:53:10.981+0000] {processor.py:208} INFO - Processing /home/airflow/.local/lib/python3.12/site-packages/airflow/example_dags/example_kubernetes_executor.py took 0.371 seconds
[2024-10-03T06:53:41.224+0000] {processor.py:186} INFO - Started process (PID=214) to work on /home/airflow/.local/lib/python3.12/site-packages/airflow/example_dags/example_kubernetes_executor.py
[2024-10-03T06:53:41.226+0000] {processor.py:914} INFO - Processing file /home/airflow/.local/lib/python3.12/site-packages/airflow/example_dags/example_kubernetes_executor.py for tasks to queue
[2024-10-03T06:53:41.230+0000] {logging_mixin.py:190} INFO - [2024-10-03T06:53:41.229+0000] {dagbag.py:588} INFO - Filling up the DagBag from /home/airflow/.local/lib/python3.12/site-packages/airflow/example_dags/example_kubernetes_executor.py
[2024-10-03T06:53:41.251+0000] {processor.py:925} INFO - DAG(s) 'example_kubernetes_executor' retrieved from /home/airflow/.local/lib/python3.12/site-packages/airflow/example_dags/example_kubernetes_executor.py
[2024-10-03T06:53:41.366+0000] {logging_mixin.py:190} INFO - [2024-10-03T06:53:41.366+0000] {dag.py:3239} INFO - Sync 1 DAGs
[2024-10-03T06:53:41.399+0000] {logging_mixin.py:190} INFO - [2024-10-03T06:53:41.399+0000] {dag.py:4180} INFO - Setting next_dagrun for example_kubernetes_executor to None, run_after=None
[2024-10-03T06:53:41.442+0000] {processor.py:208} INFO - Processing /home/airflow/.local/lib/python3.12/site-packages/airflow/example_dags/example_kubernetes_executor.py took 0.230 seconds
[2024-10-03T06:54:11.930+0000] {processor.py:186} INFO - Started process (PID=273) to work on /home/airflow/.local/lib/python3.12/site-packages/airflow/example_dags/example_kubernetes_executor.py
[2024-10-03T06:54:11.937+0000] {processor.py:914} INFO - Processing file /home/airflow/.local/lib/python3.12/site-packages/airflow/example_dags/example_kubernetes_executor.py for tasks to queue
[2024-10-03T06:54:11.940+0000] {logging_mixin.py:190} INFO - [2024-10-03T06:54:11.940+0000] {dagbag.py:588} INFO - Filling up the DagBag from /home/airflow/.local/lib/python3.12/site-packages/airflow/example_dags/example_kubernetes_executor.py
[2024-10-03T06:54:11.968+0000] {processor.py:925} INFO - DAG(s) 'example_kubernetes_executor' retrieved from /home/airflow/.local/lib/python3.12/site-packages/airflow/example_dags/example_kubernetes_executor.py
[2024-10-03T06:54:12.105+0000] {logging_mixin.py:190} INFO - [2024-10-03T06:54:12.104+0000] {dag.py:3239} INFO - Sync 1 DAGs
[2024-10-03T06:54:12.125+0000] {logging_mixin.py:190} INFO - [2024-10-03T06:54:12.125+0000] {dag.py:4180} INFO - Setting next_dagrun for example_kubernetes_executor to None, run_after=None
[2024-10-03T06:54:12.159+0000] {processor.py:208} INFO - Processing /home/airflow/.local/lib/python3.12/site-packages/airflow/example_dags/example_kubernetes_executor.py took 0.234 seconds
[2024-10-03T06:54:42.587+0000] {processor.py:186} INFO - Started process (PID=337) to work on /home/airflow/.local/lib/python3.12/site-packages/airflow/example_dags/example_kubernetes_executor.py
[2024-10-03T06:54:42.592+0000] {processor.py:914} INFO - Processing file /home/airflow/.local/lib/python3.12/site-packages/airflow/example_dags/example_kubernetes_executor.py for tasks to queue
[2024-10-03T06:54:42.596+0000] {logging_mixin.py:190} INFO - [2024-10-03T06:54:42.596+0000] {dagbag.py:588} INFO - Filling up the DagBag from /home/airflow/.local/lib/python3.12/site-packages/airflow/example_dags/example_kubernetes_executor.py
[2024-10-03T06:54:42.617+0000] {processor.py:925} INFO - DAG(s) 'example_kubernetes_executor' retrieved from /home/airflow/.local/lib/python3.12/site-packages/airflow/example_dags/example_kubernetes_executor.py
[2024-10-03T06:54:42.675+0000] {logging_mixin.py:190} INFO - [2024-10-03T06:54:42.675+0000] {dag.py:3239} INFO - Sync 1 DAGs
[2024-10-03T06:54:42.702+0000] {logging_mixin.py:190} INFO - [2024-10-03T06:54:42.702+0000] {dag.py:4180} INFO - Setting next_dagrun for example_kubernetes_executor to None, run_after=None
[2024-10-03T06:54:42.739+0000] {processor.py:208} INFO - Processing /home/airflow/.local/lib/python3.12/site-packages/airflow/example_dags/example_kubernetes_executor.py took 0.159 seconds
[2024-10-03T06:55:13.407+0000] {processor.py:186} INFO - Started process (PID=401) to work on /home/airflow/.local/lib/python3.12/site-packages/airflow/example_dags/example_kubernetes_executor.py
[2024-10-03T06:55:13.410+0000] {processor.py:914} INFO - Processing file /home/airflow/.local/lib/python3.12/site-packages/airflow/example_dags/example_kubernetes_executor.py for tasks to queue
[2024-10-03T06:55:13.415+0000] {logging_mixin.py:190} INFO - [2024-10-03T06:55:13.415+0000] {dagbag.py:588} INFO - Filling up the DagBag from /home/airflow/.local/lib/python3.12/site-packages/airflow/example_dags/example_kubernetes_executor.py
[2024-10-03T06:55:13.450+0000] {processor.py:925} INFO - DAG(s) 'example_kubernetes_executor' retrieved from /home/airflow/.local/lib/python3.12/site-packages/airflow/example_dags/example_kubernetes_executor.py
[2024-10-03T06:55:13.543+0000] {logging_mixin.py:190} INFO - [2024-10-03T06:55:13.542+0000] {dag.py:3239} INFO - Sync 1 DAGs
[2024-10-03T06:55:13.580+0000] {logging_mixin.py:190} INFO - [2024-10-03T06:55:13.580+0000] {dag.py:4180} INFO - Setting next_dagrun for example_kubernetes_executor to None, run_after=None
[2024-10-03T06:55:13.634+0000] {processor.py:208} INFO - Processing /home/airflow/.local/lib/python3.12/site-packages/airflow/example_dags/example_kubernetes_executor.py took 0.243 seconds
[2024-10-03T06:55:44.542+0000] {processor.py:186} INFO - Started process (PID=465) to work on /home/airflow/.local/lib/python3.12/site-packages/airflow/example_dags/example_kubernetes_executor.py
[2024-10-03T06:55:44.544+0000] {processor.py:914} INFO - Processing file /home/airflow/.local/lib/python3.12/site-packages/airflow/example_dags/example_kubernetes_executor.py for tasks to queue
[2024-10-03T06:55:44.548+0000] {logging_mixin.py:190} INFO - [2024-10-03T06:55:44.547+0000] {dagbag.py:588} INFO - Filling up the DagBag from /home/airflow/.local/lib/python3.12/site-packages/airflow/example_dags/example_kubernetes_executor.py
[2024-10-03T06:55:44.569+0000] {processor.py:925} INFO - DAG(s) 'example_kubernetes_executor' retrieved from /home/airflow/.local/lib/python3.12/site-packages/airflow/example_dags/example_kubernetes_executor.py
[2024-10-03T06:55:44.624+0000] {logging_mixin.py:190} INFO - [2024-10-03T06:55:44.623+0000] {dag.py:3239} INFO - Sync 1 DAGs
[2024-10-03T06:55:44.642+0000] {logging_mixin.py:190} INFO - [2024-10-03T06:55:44.642+0000] {dag.py:4180} INFO - Setting next_dagrun for example_kubernetes_executor to None, run_after=None
[2024-10-03T06:55:44.673+0000] {processor.py:208} INFO - Processing /home/airflow/.local/lib/python3.12/site-packages/airflow/example_dags/example_kubernetes_executor.py took 0.141 seconds
[2024-10-03T06:56:14.921+0000] {processor.py:186} INFO - Started process (PID=529) to work on /home/airflow/.local/lib/python3.12/site-packages/airflow/example_dags/example_kubernetes_executor.py
[2024-10-03T06:56:14.923+0000] {processor.py:914} INFO - Processing file /home/airflow/.local/lib/python3.12/site-packages/airflow/example_dags/example_kubernetes_executor.py for tasks to queue
[2024-10-03T06:56:14.928+0000] {logging_mixin.py:190} INFO - [2024-10-03T06:56:14.928+0000] {dagbag.py:588} INFO - Filling up the DagBag from /home/airflow/.local/lib/python3.12/site-packages/airflow/example_dags/example_kubernetes_executor.py
[2024-10-03T06:56:14.951+0000] {processor.py:925} INFO - DAG(s) 'example_kubernetes_executor' retrieved from /home/airflow/.local/lib/python3.12/site-packages/airflow/example_dags/example_kubernetes_executor.py
[2024-10-03T06:56:15.010+0000] {logging_mixin.py:190} INFO - [2024-10-03T06:56:15.010+0000] {dag.py:3239} INFO - Sync 1 DAGs
[2024-10-03T06:56:15.035+0000] {logging_mixin.py:190} INFO - [2024-10-03T06:56:15.035+0000] {dag.py:4180} INFO - Setting next_dagrun for example_kubernetes_executor to None, run_after=None
[2024-10-03T06:56:15.069+0000] {processor.py:208} INFO - Processing /home/airflow/.local/lib/python3.12/site-packages/airflow/example_dags/example_kubernetes_executor.py took 0.159 seconds
[2024-10-03T06:56:45.362+0000] {processor.py:186} INFO - Started process (PID=593) to work on /home/airflow/.local/lib/python3.12/site-packages/airflow/example_dags/example_kubernetes_executor.py
[2024-10-03T06:56:45.364+0000] {processor.py:914} INFO - Processing file /home/airflow/.local/lib/python3.12/site-packages/airflow/example_dags/example_kubernetes_executor.py for tasks to queue
[2024-10-03T06:56:45.368+0000] {logging_mixin.py:190} INFO - [2024-10-03T06:56:45.367+0000] {dagbag.py:588} INFO - Filling up the DagBag from /home/airflow/.local/lib/python3.12/site-packages/airflow/example_dags/example_kubernetes_executor.py
[2024-10-03T06:56:45.388+0000] {processor.py:925} INFO - DAG(s) 'example_kubernetes_executor' retrieved from /home/airflow/.local/lib/python3.12/site-packages/airflow/example_dags/example_kubernetes_executor.py
[2024-10-03T06:56:45.437+0000] {logging_mixin.py:190} INFO - [2024-10-03T06:56:45.437+0000] {dag.py:3239} INFO - Sync 1 DAGs
[2024-10-03T06:56:45.457+0000] {logging_mixin.py:190} INFO - [2024-10-03T06:56:45.457+0000] {dag.py:4180} INFO - Setting next_dagrun for example_kubernetes_executor to None, run_after=None
[2024-10-03T06:56:45.486+0000] {processor.py:208} INFO - Processing /home/airflow/.local/lib/python3.12/site-packages/airflow/example_dags/example_kubernetes_executor.py took 0.130 seconds
[2024-10-03T06:57:16.067+0000] {processor.py:186} INFO - Started process (PID=657) to work on /home/airflow/.local/lib/python3.12/site-packages/airflow/example_dags/example_kubernetes_executor.py
[2024-10-03T06:57:16.069+0000] {processor.py:914} INFO - Processing file /home/airflow/.local/lib/python3.12/site-packages/airflow/example_dags/example_kubernetes_executor.py for tasks to queue
[2024-10-03T06:57:16.075+0000] {logging_mixin.py:190} INFO - [2024-10-03T06:57:16.075+0000] {dagbag.py:588} INFO - Filling up the DagBag from /home/airflow/.local/lib/python3.12/site-packages/airflow/example_dags/example_kubernetes_executor.py
[2024-10-03T06:57:16.119+0000] {processor.py:925} INFO - DAG(s) 'example_kubernetes_executor' retrieved from /home/airflow/.local/lib/python3.12/site-packages/airflow/example_dags/example_kubernetes_executor.py
[2024-10-03T06:57:16.229+0000] {logging_mixin.py:190} INFO - [2024-10-03T06:57:16.228+0000] {dag.py:3239} INFO - Sync 1 DAGs
[2024-10-03T06:57:16.256+0000] {logging_mixin.py:190} INFO - [2024-10-03T06:57:16.256+0000] {dag.py:4180} INFO - Setting next_dagrun for example_kubernetes_executor to None, run_after=None
[2024-10-03T06:57:16.300+0000] {processor.py:208} INFO - Processing /home/airflow/.local/lib/python3.12/site-packages/airflow/example_dags/example_kubernetes_executor.py took 0.241 seconds
[2024-10-03T06:57:46.538+0000] {processor.py:186} INFO - Started process (PID=721) to work on /home/airflow/.local/lib/python3.12/site-packages/airflow/example_dags/example_kubernetes_executor.py
[2024-10-03T06:57:46.542+0000] {processor.py:914} INFO - Processing file /home/airflow/.local/lib/python3.12/site-packages/airflow/example_dags/example_kubernetes_executor.py for tasks to queue
[2024-10-03T06:57:46.551+0000] {logging_mixin.py:190} INFO - [2024-10-03T06:57:46.550+0000] {dagbag.py:588} INFO - Filling up the DagBag from /home/airflow/.local/lib/python3.12/site-packages/airflow/example_dags/example_kubernetes_executor.py
[2024-10-03T06:57:46.586+0000] {processor.py:925} INFO - DAG(s) 'example_kubernetes_executor' retrieved from /home/airflow/.local/lib/python3.12/site-packages/airflow/example_dags/example_kubernetes_executor.py
[2024-10-03T06:57:46.698+0000] {logging_mixin.py:190} INFO - [2024-10-03T06:57:46.698+0000] {dag.py:3239} INFO - Sync 1 DAGs
[2024-10-03T06:57:46.736+0000] {logging_mixin.py:190} INFO - [2024-10-03T06:57:46.736+0000] {dag.py:4180} INFO - Setting next_dagrun for example_kubernetes_executor to None, run_after=None
[2024-10-03T06:57:46.800+0000] {processor.py:208} INFO - Processing /home/airflow/.local/lib/python3.12/site-packages/airflow/example_dags/example_kubernetes_executor.py took 0.272 seconds
[2024-10-03T06:58:17.602+0000] {processor.py:186} INFO - Started process (PID=785) to work on /home/airflow/.local/lib/python3.12/site-packages/airflow/example_dags/example_kubernetes_executor.py
[2024-10-03T06:58:17.604+0000] {processor.py:914} INFO - Processing file /home/airflow/.local/lib/python3.12/site-packages/airflow/example_dags/example_kubernetes_executor.py for tasks to queue
[2024-10-03T06:58:17.608+0000] {logging_mixin.py:190} INFO - [2024-10-03T06:58:17.607+0000] {dagbag.py:588} INFO - Filling up the DagBag from /home/airflow/.local/lib/python3.12/site-packages/airflow/example_dags/example_kubernetes_executor.py
[2024-10-03T06:58:17.635+0000] {processor.py:925} INFO - DAG(s) 'example_kubernetes_executor' retrieved from /home/airflow/.local/lib/python3.12/site-packages/airflow/example_dags/example_kubernetes_executor.py
[2024-10-03T06:58:17.715+0000] {logging_mixin.py:190} INFO - [2024-10-03T06:58:17.715+0000] {dag.py:3239} INFO - Sync 1 DAGs
[2024-10-03T06:58:17.744+0000] {logging_mixin.py:190} INFO - [2024-10-03T06:58:17.744+0000] {dag.py:4180} INFO - Setting next_dagrun for example_kubernetes_executor to None, run_after=None
[2024-10-03T06:58:17.784+0000] {processor.py:208} INFO - Processing /home/airflow/.local/lib/python3.12/site-packages/airflow/example_dags/example_kubernetes_executor.py took 0.192 seconds
[2024-10-03T06:58:48.550+0000] {processor.py:186} INFO - Started process (PID=846) to work on /home/airflow/.local/lib/python3.12/site-packages/airflow/example_dags/example_kubernetes_executor.py
[2024-10-03T06:58:48.553+0000] {processor.py:914} INFO - Processing file /home/airflow/.local/lib/python3.12/site-packages/airflow/example_dags/example_kubernetes_executor.py for tasks to queue
[2024-10-03T06:58:48.559+0000] {logging_mixin.py:190} INFO - [2024-10-03T06:58:48.558+0000] {dagbag.py:588} INFO - Filling up the DagBag from /home/airflow/.local/lib/python3.12/site-packages/airflow/example_dags/example_kubernetes_executor.py
[2024-10-03T06:58:48.590+0000] {processor.py:925} INFO - DAG(s) 'example_kubernetes_executor' retrieved from /home/airflow/.local/lib/python3.12/site-packages/airflow/example_dags/example_kubernetes_executor.py
[2024-10-03T06:58:48.685+0000] {logging_mixin.py:190} INFO - [2024-10-03T06:58:48.684+0000] {dag.py:3239} INFO - Sync 1 DAGs
[2024-10-03T06:58:48.715+0000] {logging_mixin.py:190} INFO - [2024-10-03T06:58:48.715+0000] {dag.py:4180} INFO - Setting next_dagrun for example_kubernetes_executor to None, run_after=None
[2024-10-03T06:58:48.761+0000] {processor.py:208} INFO - Processing /home/airflow/.local/lib/python3.12/site-packages/airflow/example_dags/example_kubernetes_executor.py took 0.228 seconds
[2024-10-03T06:59:19.213+0000] {processor.py:186} INFO - Started process (PID=910) to work on /home/airflow/.local/lib/python3.12/site-packages/airflow/example_dags/example_kubernetes_executor.py
[2024-10-03T06:59:19.216+0000] {processor.py:914} INFO - Processing file /home/airflow/.local/lib/python3.12/site-packages/airflow/example_dags/example_kubernetes_executor.py for tasks to queue
[2024-10-03T06:59:19.221+0000] {logging_mixin.py:190} INFO - [2024-10-03T06:59:19.220+0000] {dagbag.py:588} INFO - Filling up the DagBag from /home/airflow/.local/lib/python3.12/site-packages/airflow/example_dags/example_kubernetes_executor.py
[2024-10-03T06:59:19.248+0000] {processor.py:925} INFO - DAG(s) 'example_kubernetes_executor' retrieved from /home/airflow/.local/lib/python3.12/site-packages/airflow/example_dags/example_kubernetes_executor.py
[2024-10-03T06:59:19.329+0000] {logging_mixin.py:190} INFO - [2024-10-03T06:59:19.328+0000] {dag.py:3239} INFO - Sync 1 DAGs
[2024-10-03T06:59:19.356+0000] {logging_mixin.py:190} INFO - [2024-10-03T06:59:19.356+0000] {dag.py:4180} INFO - Setting next_dagrun for example_kubernetes_executor to None, run_after=None
[2024-10-03T06:59:19.398+0000] {processor.py:208} INFO - Processing /home/airflow/.local/lib/python3.12/site-packages/airflow/example_dags/example_kubernetes_executor.py took 0.196 seconds
[2024-10-03T07:00:04.513+0000] {processor.py:186} INFO - Started process (PID=967) to work on /home/airflow/.local/lib/python3.12/site-packages/airflow/example_dags/example_kubernetes_executor.py
[2024-10-03T07:00:04.518+0000] {processor.py:914} INFO - Processing file /home/airflow/.local/lib/python3.12/site-packages/airflow/example_dags/example_kubernetes_executor.py for tasks to queue
[2024-10-03T07:00:04.527+0000] {logging_mixin.py:190} INFO - [2024-10-03T07:00:04.526+0000] {dagbag.py:588} INFO - Filling up the DagBag from /home/airflow/.local/lib/python3.12/site-packages/airflow/example_dags/example_kubernetes_executor.py
[2024-10-03T07:00:04.679+0000] {processor.py:925} INFO - DAG(s) 'example_kubernetes_executor' retrieved from /home/airflow/.local/lib/python3.12/site-packages/airflow/example_dags/example_kubernetes_executor.py
[2024-10-03T07:00:04.865+0000] {logging_mixin.py:190} INFO - [2024-10-03T07:00:04.864+0000] {dag.py:3239} INFO - Sync 1 DAGs
[2024-10-03T07:00:04.937+0000] {logging_mixin.py:190} INFO - [2024-10-03T07:00:04.937+0000] {dag.py:4180} INFO - Setting next_dagrun for example_kubernetes_executor to None, run_after=None
[2024-10-03T07:00:05.023+0000] {processor.py:208} INFO - Processing /home/airflow/.local/lib/python3.12/site-packages/airflow/example_dags/example_kubernetes_executor.py took 0.540 seconds
[2024-10-03T07:00:35.887+0000] {processor.py:186} INFO - Started process (PID=1031) to work on /home/airflow/.local/lib/python3.12/site-packages/airflow/example_dags/example_kubernetes_executor.py
[2024-10-03T07:00:35.889+0000] {processor.py:914} INFO - Processing file /home/airflow/.local/lib/python3.12/site-packages/airflow/example_dags/example_kubernetes_executor.py for tasks to queue
[2024-10-03T07:00:35.892+0000] {logging_mixin.py:190} INFO - [2024-10-03T07:00:35.891+0000] {dagbag.py:588} INFO - Filling up the DagBag from /home/airflow/.local/lib/python3.12/site-packages/airflow/example_dags/example_kubernetes_executor.py
[2024-10-03T07:00:35.907+0000] {processor.py:925} INFO - DAG(s) 'example_kubernetes_executor' retrieved from /home/airflow/.local/lib/python3.12/site-packages/airflow/example_dags/example_kubernetes_executor.py
[2024-10-03T07:00:35.952+0000] {logging_mixin.py:190} INFO - [2024-10-03T07:00:35.952+0000] {dag.py:3239} INFO - Sync 1 DAGs
[2024-10-03T07:00:35.968+0000] {logging_mixin.py:190} INFO - [2024-10-03T07:00:35.968+0000] {dag.py:4180} INFO - Setting next_dagrun for example_kubernetes_executor to None, run_after=None
[2024-10-03T07:00:35.996+0000] {processor.py:208} INFO - Processing /home/airflow/.local/lib/python3.12/site-packages/airflow/example_dags/example_kubernetes_executor.py took 0.116 seconds
[2024-10-03T07:01:16.150+0000] {processor.py:186} INFO - Started process (PID=1094) to work on /home/airflow/.local/lib/python3.12/site-packages/airflow/example_dags/example_kubernetes_executor.py
[2024-10-03T07:01:16.153+0000] {processor.py:914} INFO - Processing file /home/airflow/.local/lib/python3.12/site-packages/airflow/example_dags/example_kubernetes_executor.py for tasks to queue
[2024-10-03T07:01:16.158+0000] {logging_mixin.py:190} INFO - [2024-10-03T07:01:16.157+0000] {dagbag.py:588} INFO - Filling up the DagBag from /home/airflow/.local/lib/python3.12/site-packages/airflow/example_dags/example_kubernetes_executor.py
[2024-10-03T07:01:16.219+0000] {processor.py:925} INFO - DAG(s) 'example_kubernetes_executor' retrieved from /home/airflow/.local/lib/python3.12/site-packages/airflow/example_dags/example_kubernetes_executor.py
[2024-10-03T07:01:16.364+0000] {logging_mixin.py:190} INFO - [2024-10-03T07:01:16.364+0000] {dag.py:3239} INFO - Sync 1 DAGs
[2024-10-03T07:01:16.407+0000] {logging_mixin.py:190} INFO - [2024-10-03T07:01:16.406+0000] {dag.py:4180} INFO - Setting next_dagrun for example_kubernetes_executor to None, run_after=None
[2024-10-03T07:01:16.460+0000] {processor.py:208} INFO - Processing /home/airflow/.local/lib/python3.12/site-packages/airflow/example_dags/example_kubernetes_executor.py took 0.324 seconds
[2024-10-03T07:02:34.527+0000] {processor.py:186} INFO - Started process (PID=1152) to work on /home/airflow/.local/lib/python3.12/site-packages/airflow/example_dags/example_kubernetes_executor.py
[2024-10-03T07:02:34.531+0000] {processor.py:914} INFO - Processing file /home/airflow/.local/lib/python3.12/site-packages/airflow/example_dags/example_kubernetes_executor.py for tasks to queue
[2024-10-03T07:02:34.534+0000] {logging_mixin.py:190} INFO - [2024-10-03T07:02:34.533+0000] {dagbag.py:588} INFO - Filling up the DagBag from /home/airflow/.local/lib/python3.12/site-packages/airflow/example_dags/example_kubernetes_executor.py
[2024-10-03T07:02:34.615+0000] {processor.py:925} INFO - DAG(s) 'example_kubernetes_executor' retrieved from /home/airflow/.local/lib/python3.12/site-packages/airflow/example_dags/example_kubernetes_executor.py
[2024-10-03T07:02:35.369+0000] {logging_mixin.py:190} INFO - [2024-10-03T07:02:35.368+0000] {dag.py:3239} INFO - Sync 1 DAGs
[2024-10-03T07:02:35.437+0000] {logging_mixin.py:190} INFO - [2024-10-03T07:02:35.436+0000] {dag.py:4180} INFO - Setting next_dagrun for example_kubernetes_executor to None, run_after=None
[2024-10-03T07:02:35.629+0000] {processor.py:208} INFO - Processing /home/airflow/.local/lib/python3.12/site-packages/airflow/example_dags/example_kubernetes_executor.py took 1.118 seconds
[2024-10-03T07:03:05.812+0000] {processor.py:186} INFO - Started process (PID=1215) to work on /home/airflow/.local/lib/python3.12/site-packages/airflow/example_dags/example_kubernetes_executor.py
[2024-10-03T07:03:05.814+0000] {processor.py:914} INFO - Processing file /home/airflow/.local/lib/python3.12/site-packages/airflow/example_dags/example_kubernetes_executor.py for tasks to queue
[2024-10-03T07:03:05.816+0000] {logging_mixin.py:190} INFO - [2024-10-03T07:03:05.815+0000] {dagbag.py:588} INFO - Filling up the DagBag from /home/airflow/.local/lib/python3.12/site-packages/airflow/example_dags/example_kubernetes_executor.py
[2024-10-03T07:03:05.834+0000] {processor.py:925} INFO - DAG(s) 'example_kubernetes_executor' retrieved from /home/airflow/.local/lib/python3.12/site-packages/airflow/example_dags/example_kubernetes_executor.py
[2024-10-03T07:03:05.897+0000] {logging_mixin.py:190} INFO - [2024-10-03T07:03:05.897+0000] {dag.py:3239} INFO - Sync 1 DAGs
[2024-10-03T07:03:05.918+0000] {logging_mixin.py:190} INFO - [2024-10-03T07:03:05.917+0000] {dag.py:4180} INFO - Setting next_dagrun for example_kubernetes_executor to None, run_after=None
[2024-10-03T07:03:05.948+0000] {processor.py:208} INFO - Processing /home/airflow/.local/lib/python3.12/site-packages/airflow/example_dags/example_kubernetes_executor.py took 0.145 seconds
[2024-10-03T07:03:36.127+0000] {processor.py:186} INFO - Started process (PID=1277) to work on /home/airflow/.local/lib/python3.12/site-packages/airflow/example_dags/example_kubernetes_executor.py
[2024-10-03T07:03:36.129+0000] {processor.py:914} INFO - Processing file /home/airflow/.local/lib/python3.12/site-packages/airflow/example_dags/example_kubernetes_executor.py for tasks to queue
[2024-10-03T07:03:36.130+0000] {logging_mixin.py:190} INFO - [2024-10-03T07:03:36.130+0000] {dagbag.py:588} INFO - Filling up the DagBag from /home/airflow/.local/lib/python3.12/site-packages/airflow/example_dags/example_kubernetes_executor.py
[2024-10-03T07:03:36.150+0000] {processor.py:925} INFO - DAG(s) 'example_kubernetes_executor' retrieved from /home/airflow/.local/lib/python3.12/site-packages/airflow/example_dags/example_kubernetes_executor.py
[2024-10-03T07:03:36.205+0000] {logging_mixin.py:190} INFO - [2024-10-03T07:03:36.205+0000] {dag.py:3239} INFO - Sync 1 DAGs
[2024-10-03T07:03:36.224+0000] {logging_mixin.py:190} INFO - [2024-10-03T07:03:36.224+0000] {dag.py:4180} INFO - Setting next_dagrun for example_kubernetes_executor to None, run_after=None
[2024-10-03T07:03:36.248+0000] {processor.py:208} INFO - Processing /home/airflow/.local/lib/python3.12/site-packages/airflow/example_dags/example_kubernetes_executor.py took 0.128 seconds
[2024-10-03T07:04:06.998+0000] {processor.py:186} INFO - Started process (PID=1340) to work on /home/airflow/.local/lib/python3.12/site-packages/airflow/example_dags/example_kubernetes_executor.py
[2024-10-03T07:04:07.001+0000] {processor.py:914} INFO - Processing file /home/airflow/.local/lib/python3.12/site-packages/airflow/example_dags/example_kubernetes_executor.py for tasks to queue
[2024-10-03T07:04:07.004+0000] {logging_mixin.py:190} INFO - [2024-10-03T07:04:07.003+0000] {dagbag.py:588} INFO - Filling up the DagBag from /home/airflow/.local/lib/python3.12/site-packages/airflow/example_dags/example_kubernetes_executor.py
[2024-10-03T07:04:07.022+0000] {processor.py:925} INFO - DAG(s) 'example_kubernetes_executor' retrieved from /home/airflow/.local/lib/python3.12/site-packages/airflow/example_dags/example_kubernetes_executor.py
[2024-10-03T07:04:07.094+0000] {logging_mixin.py:190} INFO - [2024-10-03T07:04:07.094+0000] {dag.py:3239} INFO - Sync 1 DAGs
[2024-10-03T07:04:07.117+0000] {logging_mixin.py:190} INFO - [2024-10-03T07:04:07.117+0000] {dag.py:4180} INFO - Setting next_dagrun for example_kubernetes_executor to None, run_after=None
[2024-10-03T07:04:07.144+0000] {processor.py:208} INFO - Processing /home/airflow/.local/lib/python3.12/site-packages/airflow/example_dags/example_kubernetes_executor.py took 0.153 seconds
[2024-10-03T07:04:38.054+0000] {processor.py:186} INFO - Started process (PID=1403) to work on /home/airflow/.local/lib/python3.12/site-packages/airflow/example_dags/example_kubernetes_executor.py
[2024-10-03T07:04:38.056+0000] {processor.py:914} INFO - Processing file /home/airflow/.local/lib/python3.12/site-packages/airflow/example_dags/example_kubernetes_executor.py for tasks to queue
[2024-10-03T07:04:38.058+0000] {logging_mixin.py:190} INFO - [2024-10-03T07:04:38.057+0000] {dagbag.py:588} INFO - Filling up the DagBag from /home/airflow/.local/lib/python3.12/site-packages/airflow/example_dags/example_kubernetes_executor.py
[2024-10-03T07:04:38.074+0000] {processor.py:925} INFO - DAG(s) 'example_kubernetes_executor' retrieved from /home/airflow/.local/lib/python3.12/site-packages/airflow/example_dags/example_kubernetes_executor.py
[2024-10-03T07:04:38.137+0000] {logging_mixin.py:190} INFO - [2024-10-03T07:04:38.137+0000] {dag.py:3239} INFO - Sync 1 DAGs
[2024-10-03T07:04:38.155+0000] {logging_mixin.py:190} INFO - [2024-10-03T07:04:38.154+0000] {dag.py:4180} INFO - Setting next_dagrun for example_kubernetes_executor to None, run_after=None
[2024-10-03T07:04:38.181+0000] {processor.py:208} INFO - Processing /home/airflow/.local/lib/python3.12/site-packages/airflow/example_dags/example_kubernetes_executor.py took 0.134 seconds
[2024-10-03T07:05:09.033+0000] {processor.py:186} INFO - Started process (PID=1460) to work on /home/airflow/.local/lib/python3.12/site-packages/airflow/example_dags/example_kubernetes_executor.py
[2024-10-03T07:05:09.035+0000] {processor.py:914} INFO - Processing file /home/airflow/.local/lib/python3.12/site-packages/airflow/example_dags/example_kubernetes_executor.py for tasks to queue
[2024-10-03T07:05:09.039+0000] {logging_mixin.py:190} INFO - [2024-10-03T07:05:09.038+0000] {dagbag.py:588} INFO - Filling up the DagBag from /home/airflow/.local/lib/python3.12/site-packages/airflow/example_dags/example_kubernetes_executor.py
[2024-10-03T07:05:09.092+0000] {processor.py:925} INFO - DAG(s) 'example_kubernetes_executor' retrieved from /home/airflow/.local/lib/python3.12/site-packages/airflow/example_dags/example_kubernetes_executor.py
[2024-10-03T07:05:09.313+0000] {logging_mixin.py:190} INFO - [2024-10-03T07:05:09.312+0000] {dag.py:3239} INFO - Sync 1 DAGs
[2024-10-03T07:05:09.368+0000] {logging_mixin.py:190} INFO - [2024-10-03T07:05:09.368+0000] {dag.py:4180} INFO - Setting next_dagrun for example_kubernetes_executor to None, run_after=None
[2024-10-03T07:05:09.441+0000] {processor.py:208} INFO - Processing /home/airflow/.local/lib/python3.12/site-packages/airflow/example_dags/example_kubernetes_executor.py took 0.425 seconds
[2024-10-03T07:05:40.435+0000] {processor.py:186} INFO - Started process (PID=1522) to work on /home/airflow/.local/lib/python3.12/site-packages/airflow/example_dags/example_kubernetes_executor.py
[2024-10-03T07:05:40.438+0000] {processor.py:914} INFO - Processing file /home/airflow/.local/lib/python3.12/site-packages/airflow/example_dags/example_kubernetes_executor.py for tasks to queue
[2024-10-03T07:05:40.442+0000] {logging_mixin.py:190} INFO - [2024-10-03T07:05:40.441+0000] {dagbag.py:588} INFO - Filling up the DagBag from /home/airflow/.local/lib/python3.12/site-packages/airflow/example_dags/example_kubernetes_executor.py
[2024-10-03T07:05:40.484+0000] {processor.py:925} INFO - DAG(s) 'example_kubernetes_executor' retrieved from /home/airflow/.local/lib/python3.12/site-packages/airflow/example_dags/example_kubernetes_executor.py
[2024-10-03T07:05:40.852+0000] {logging_mixin.py:190} INFO - [2024-10-03T07:05:40.851+0000] {dag.py:3239} INFO - Sync 1 DAGs
[2024-10-03T07:05:40.879+0000] {logging_mixin.py:190} INFO - [2024-10-03T07:05:40.878+0000] {dag.py:4180} INFO - Setting next_dagrun for example_kubernetes_executor to None, run_after=None
[2024-10-03T07:05:40.918+0000] {processor.py:208} INFO - Processing /home/airflow/.local/lib/python3.12/site-packages/airflow/example_dags/example_kubernetes_executor.py took 0.493 seconds
[2024-10-03T07:07:06.021+0000] {processor.py:186} INFO - Started process (PID=1537) to work on /home/airflow/.local/lib/python3.12/site-packages/airflow/example_dags/example_kubernetes_executor.py
[2024-10-03T07:07:06.023+0000] {processor.py:914} INFO - Processing file /home/airflow/.local/lib/python3.12/site-packages/airflow/example_dags/example_kubernetes_executor.py for tasks to queue
[2024-10-03T07:07:06.025+0000] {logging_mixin.py:190} INFO - [2024-10-03T07:07:06.025+0000] {dagbag.py:588} INFO - Filling up the DagBag from /home/airflow/.local/lib/python3.12/site-packages/airflow/example_dags/example_kubernetes_executor.py
[2024-10-03T07:07:06.123+0000] {processor.py:925} INFO - DAG(s) 'example_kubernetes_executor' retrieved from /home/airflow/.local/lib/python3.12/site-packages/airflow/example_dags/example_kubernetes_executor.py
[2024-10-03T07:07:06.246+0000] {logging_mixin.py:190} INFO - [2024-10-03T07:07:06.245+0000] {dag.py:3239} INFO - Sync 1 DAGs
[2024-10-03T07:07:06.272+0000] {logging_mixin.py:190} INFO - [2024-10-03T07:07:06.271+0000] {dag.py:4180} INFO - Setting next_dagrun for example_kubernetes_executor to None, run_after=None
[2024-10-03T07:07:06.319+0000] {processor.py:208} INFO - Processing /home/airflow/.local/lib/python3.12/site-packages/airflow/example_dags/example_kubernetes_executor.py took 0.308 seconds
[2024-10-03T07:07:36.629+0000] {processor.py:186} INFO - Started process (PID=1600) to work on /home/airflow/.local/lib/python3.12/site-packages/airflow/example_dags/example_kubernetes_executor.py
[2024-10-03T07:07:36.631+0000] {processor.py:914} INFO - Processing file /home/airflow/.local/lib/python3.12/site-packages/airflow/example_dags/example_kubernetes_executor.py for tasks to queue
[2024-10-03T07:07:36.633+0000] {logging_mixin.py:190} INFO - [2024-10-03T07:07:36.633+0000] {dagbag.py:588} INFO - Filling up the DagBag from /home/airflow/.local/lib/python3.12/site-packages/airflow/example_dags/example_kubernetes_executor.py
[2024-10-03T07:07:36.660+0000] {processor.py:925} INFO - DAG(s) 'example_kubernetes_executor' retrieved from /home/airflow/.local/lib/python3.12/site-packages/airflow/example_dags/example_kubernetes_executor.py
[2024-10-03T07:07:36.721+0000] {logging_mixin.py:190} INFO - [2024-10-03T07:07:36.721+0000] {dag.py:3239} INFO - Sync 1 DAGs
[2024-10-03T07:07:36.744+0000] {logging_mixin.py:190} INFO - [2024-10-03T07:07:36.744+0000] {dag.py:4180} INFO - Setting next_dagrun for example_kubernetes_executor to None, run_after=None
[2024-10-03T07:07:36.773+0000] {processor.py:208} INFO - Processing /home/airflow/.local/lib/python3.12/site-packages/airflow/example_dags/example_kubernetes_executor.py took 0.151 seconds
[2024-10-03T07:08:07.465+0000] {processor.py:186} INFO - Started process (PID=1662) to work on /home/airflow/.local/lib/python3.12/site-packages/airflow/example_dags/example_kubernetes_executor.py
[2024-10-03T07:08:07.466+0000] {processor.py:914} INFO - Processing file /home/airflow/.local/lib/python3.12/site-packages/airflow/example_dags/example_kubernetes_executor.py for tasks to queue
[2024-10-03T07:08:07.468+0000] {logging_mixin.py:190} INFO - [2024-10-03T07:08:07.467+0000] {dagbag.py:588} INFO - Filling up the DagBag from /home/airflow/.local/lib/python3.12/site-packages/airflow/example_dags/example_kubernetes_executor.py
[2024-10-03T07:08:07.484+0000] {processor.py:925} INFO - DAG(s) 'example_kubernetes_executor' retrieved from /home/airflow/.local/lib/python3.12/site-packages/airflow/example_dags/example_kubernetes_executor.py
[2024-10-03T07:08:07.539+0000] {logging_mixin.py:190} INFO - [2024-10-03T07:08:07.539+0000] {dag.py:3239} INFO - Sync 1 DAGs
[2024-10-03T07:08:07.558+0000] {logging_mixin.py:190} INFO - [2024-10-03T07:08:07.557+0000] {dag.py:4180} INFO - Setting next_dagrun for example_kubernetes_executor to None, run_after=None
[2024-10-03T07:08:07.584+0000] {processor.py:208} INFO - Processing /home/airflow/.local/lib/python3.12/site-packages/airflow/example_dags/example_kubernetes_executor.py took 0.126 seconds
[2024-10-03T07:08:48.629+0000] {processor.py:186} INFO - Started process (PID=1714) to work on /home/airflow/.local/lib/python3.12/site-packages/airflow/example_dags/example_kubernetes_executor.py
[2024-10-03T07:08:48.632+0000] {processor.py:914} INFO - Processing file /home/airflow/.local/lib/python3.12/site-packages/airflow/example_dags/example_kubernetes_executor.py for tasks to queue
[2024-10-03T07:08:48.636+0000] {logging_mixin.py:190} INFO - [2024-10-03T07:08:48.635+0000] {dagbag.py:588} INFO - Filling up the DagBag from /home/airflow/.local/lib/python3.12/site-packages/airflow/example_dags/example_kubernetes_executor.py
[2024-10-03T07:08:48.673+0000] {processor.py:925} INFO - DAG(s) 'example_kubernetes_executor' retrieved from /home/airflow/.local/lib/python3.12/site-packages/airflow/example_dags/example_kubernetes_executor.py
[2024-10-03T07:08:48.865+0000] {logging_mixin.py:190} INFO - [2024-10-03T07:08:48.864+0000] {dag.py:3239} INFO - Sync 1 DAGs
[2024-10-03T07:08:48.901+0000] {logging_mixin.py:190} INFO - [2024-10-03T07:08:48.900+0000] {dag.py:4180} INFO - Setting next_dagrun for example_kubernetes_executor to None, run_after=None
[2024-10-03T07:08:48.959+0000] {processor.py:208} INFO - Processing /home/airflow/.local/lib/python3.12/site-packages/airflow/example_dags/example_kubernetes_executor.py took 0.342 seconds
[2024-10-03T07:09:19.737+0000] {processor.py:186} INFO - Started process (PID=1777) to work on /home/airflow/.local/lib/python3.12/site-packages/airflow/example_dags/example_kubernetes_executor.py
[2024-10-03T07:09:19.739+0000] {processor.py:914} INFO - Processing file /home/airflow/.local/lib/python3.12/site-packages/airflow/example_dags/example_kubernetes_executor.py for tasks to queue
[2024-10-03T07:09:19.742+0000] {logging_mixin.py:190} INFO - [2024-10-03T07:09:19.742+0000] {dagbag.py:588} INFO - Filling up the DagBag from /home/airflow/.local/lib/python3.12/site-packages/airflow/example_dags/example_kubernetes_executor.py
[2024-10-03T07:09:19.766+0000] {processor.py:925} INFO - DAG(s) 'example_kubernetes_executor' retrieved from /home/airflow/.local/lib/python3.12/site-packages/airflow/example_dags/example_kubernetes_executor.py
[2024-10-03T07:09:19.846+0000] {logging_mixin.py:190} INFO - [2024-10-03T07:09:19.845+0000] {dag.py:3239} INFO - Sync 1 DAGs
[2024-10-03T07:09:19.882+0000] {logging_mixin.py:190} INFO - [2024-10-03T07:09:19.881+0000] {dag.py:4180} INFO - Setting next_dagrun for example_kubernetes_executor to None, run_after=None
[2024-10-03T07:09:19.935+0000] {processor.py:208} INFO - Processing /home/airflow/.local/lib/python3.12/site-packages/airflow/example_dags/example_kubernetes_executor.py took 0.208 seconds
[2024-10-03T07:09:50.854+0000] {processor.py:186} INFO - Started process (PID=1840) to work on /home/airflow/.local/lib/python3.12/site-packages/airflow/example_dags/example_kubernetes_executor.py
[2024-10-03T07:09:50.856+0000] {processor.py:914} INFO - Processing file /home/airflow/.local/lib/python3.12/site-packages/airflow/example_dags/example_kubernetes_executor.py for tasks to queue
[2024-10-03T07:09:50.858+0000] {logging_mixin.py:190} INFO - [2024-10-03T07:09:50.858+0000] {dagbag.py:588} INFO - Filling up the DagBag from /home/airflow/.local/lib/python3.12/site-packages/airflow/example_dags/example_kubernetes_executor.py
[2024-10-03T07:09:50.877+0000] {processor.py:925} INFO - DAG(s) 'example_kubernetes_executor' retrieved from /home/airflow/.local/lib/python3.12/site-packages/airflow/example_dags/example_kubernetes_executor.py
[2024-10-03T07:09:50.930+0000] {logging_mixin.py:190} INFO - [2024-10-03T07:09:50.930+0000] {dag.py:3239} INFO - Sync 1 DAGs
[2024-10-03T07:09:50.949+0000] {logging_mixin.py:190} INFO - [2024-10-03T07:09:50.949+0000] {dag.py:4180} INFO - Setting next_dagrun for example_kubernetes_executor to None, run_after=None
[2024-10-03T07:09:50.977+0000] {processor.py:208} INFO - Processing /home/airflow/.local/lib/python3.12/site-packages/airflow/example_dags/example_kubernetes_executor.py took 0.131 seconds
[2024-10-03T07:10:21.536+0000] {processor.py:186} INFO - Started process (PID=1903) to work on /home/airflow/.local/lib/python3.12/site-packages/airflow/example_dags/example_kubernetes_executor.py
[2024-10-03T07:10:21.539+0000] {processor.py:914} INFO - Processing file /home/airflow/.local/lib/python3.12/site-packages/airflow/example_dags/example_kubernetes_executor.py for tasks to queue
[2024-10-03T07:10:21.543+0000] {logging_mixin.py:190} INFO - [2024-10-03T07:10:21.542+0000] {dagbag.py:588} INFO - Filling up the DagBag from /home/airflow/.local/lib/python3.12/site-packages/airflow/example_dags/example_kubernetes_executor.py
[2024-10-03T07:10:21.572+0000] {processor.py:925} INFO - DAG(s) 'example_kubernetes_executor' retrieved from /home/airflow/.local/lib/python3.12/site-packages/airflow/example_dags/example_kubernetes_executor.py
[2024-10-03T07:10:21.635+0000] {logging_mixin.py:190} INFO - [2024-10-03T07:10:21.635+0000] {dag.py:3239} INFO - Sync 1 DAGs
[2024-10-03T07:10:21.653+0000] {logging_mixin.py:190} INFO - [2024-10-03T07:10:21.653+0000] {dag.py:4180} INFO - Setting next_dagrun for example_kubernetes_executor to None, run_after=None
[2024-10-03T07:10:21.687+0000] {processor.py:208} INFO - Processing /home/airflow/.local/lib/python3.12/site-packages/airflow/example_dags/example_kubernetes_executor.py took 0.165 seconds
[2024-10-03T07:10:52.320+0000] {processor.py:186} INFO - Started process (PID=1966) to work on /home/airflow/.local/lib/python3.12/site-packages/airflow/example_dags/example_kubernetes_executor.py
[2024-10-03T07:10:52.321+0000] {processor.py:914} INFO - Processing file /home/airflow/.local/lib/python3.12/site-packages/airflow/example_dags/example_kubernetes_executor.py for tasks to queue
[2024-10-03T07:10:52.323+0000] {logging_mixin.py:190} INFO - [2024-10-03T07:10:52.322+0000] {dagbag.py:588} INFO - Filling up the DagBag from /home/airflow/.local/lib/python3.12/site-packages/airflow/example_dags/example_kubernetes_executor.py
[2024-10-03T07:10:52.337+0000] {processor.py:925} INFO - DAG(s) 'example_kubernetes_executor' retrieved from /home/airflow/.local/lib/python3.12/site-packages/airflow/example_dags/example_kubernetes_executor.py
[2024-10-03T07:10:52.381+0000] {logging_mixin.py:190} INFO - [2024-10-03T07:10:52.381+0000] {dag.py:3239} INFO - Sync 1 DAGs
[2024-10-03T07:10:52.397+0000] {logging_mixin.py:190} INFO - [2024-10-03T07:10:52.397+0000] {dag.py:4180} INFO - Setting next_dagrun for example_kubernetes_executor to None, run_after=None
[2024-10-03T07:10:52.433+0000] {processor.py:208} INFO - Processing /home/airflow/.local/lib/python3.12/site-packages/airflow/example_dags/example_kubernetes_executor.py took 0.120 seconds
[2024-10-03T07:11:22.506+0000] {processor.py:186} INFO - Started process (PID=2026) to work on /home/airflow/.local/lib/python3.12/site-packages/airflow/example_dags/example_kubernetes_executor.py
[2024-10-03T07:11:22.507+0000] {processor.py:914} INFO - Processing file /home/airflow/.local/lib/python3.12/site-packages/airflow/example_dags/example_kubernetes_executor.py for tasks to queue
[2024-10-03T07:11:22.510+0000] {logging_mixin.py:190} INFO - [2024-10-03T07:11:22.509+0000] {dagbag.py:588} INFO - Filling up the DagBag from /home/airflow/.local/lib/python3.12/site-packages/airflow/example_dags/example_kubernetes_executor.py
[2024-10-03T07:11:22.526+0000] {processor.py:925} INFO - DAG(s) 'example_kubernetes_executor' retrieved from /home/airflow/.local/lib/python3.12/site-packages/airflow/example_dags/example_kubernetes_executor.py
[2024-10-03T07:11:22.571+0000] {logging_mixin.py:190} INFO - [2024-10-03T07:11:22.570+0000] {dag.py:3239} INFO - Sync 1 DAGs
[2024-10-03T07:11:22.586+0000] {logging_mixin.py:190} INFO - [2024-10-03T07:11:22.585+0000] {dag.py:4180} INFO - Setting next_dagrun for example_kubernetes_executor to None, run_after=None
[2024-10-03T07:11:22.611+0000] {processor.py:208} INFO - Processing /home/airflow/.local/lib/python3.12/site-packages/airflow/example_dags/example_kubernetes_executor.py took 0.112 seconds
[2024-10-03T07:11:53.361+0000] {processor.py:186} INFO - Started process (PID=2087) to work on /home/airflow/.local/lib/python3.12/site-packages/airflow/example_dags/example_kubernetes_executor.py
[2024-10-03T07:11:53.362+0000] {processor.py:914} INFO - Processing file /home/airflow/.local/lib/python3.12/site-packages/airflow/example_dags/example_kubernetes_executor.py for tasks to queue
[2024-10-03T07:11:53.364+0000] {logging_mixin.py:190} INFO - [2024-10-03T07:11:53.364+0000] {dagbag.py:588} INFO - Filling up the DagBag from /home/airflow/.local/lib/python3.12/site-packages/airflow/example_dags/example_kubernetes_executor.py
[2024-10-03T07:11:53.381+0000] {processor.py:925} INFO - DAG(s) 'example_kubernetes_executor' retrieved from /home/airflow/.local/lib/python3.12/site-packages/airflow/example_dags/example_kubernetes_executor.py
[2024-10-03T07:11:53.428+0000] {logging_mixin.py:190} INFO - [2024-10-03T07:11:53.428+0000] {dag.py:3239} INFO - Sync 1 DAGs
[2024-10-03T07:11:53.445+0000] {logging_mixin.py:190} INFO - [2024-10-03T07:11:53.445+0000] {dag.py:4180} INFO - Setting next_dagrun for example_kubernetes_executor to None, run_after=None
[2024-10-03T07:11:53.483+0000] {processor.py:208} INFO - Processing /home/airflow/.local/lib/python3.12/site-packages/airflow/example_dags/example_kubernetes_executor.py took 0.130 seconds
[2024-10-03T07:12:23.874+0000] {processor.py:186} INFO - Started process (PID=2147) to work on /home/airflow/.local/lib/python3.12/site-packages/airflow/example_dags/example_kubernetes_executor.py
[2024-10-03T07:12:23.875+0000] {processor.py:914} INFO - Processing file /home/airflow/.local/lib/python3.12/site-packages/airflow/example_dags/example_kubernetes_executor.py for tasks to queue
[2024-10-03T07:12:23.877+0000] {logging_mixin.py:190} INFO - [2024-10-03T07:12:23.877+0000] {dagbag.py:588} INFO - Filling up the DagBag from /home/airflow/.local/lib/python3.12/site-packages/airflow/example_dags/example_kubernetes_executor.py
[2024-10-03T07:12:23.892+0000] {processor.py:925} INFO - DAG(s) 'example_kubernetes_executor' retrieved from /home/airflow/.local/lib/python3.12/site-packages/airflow/example_dags/example_kubernetes_executor.py
[2024-10-03T07:12:23.940+0000] {logging_mixin.py:190} INFO - [2024-10-03T07:12:23.940+0000] {dag.py:3239} INFO - Sync 1 DAGs
[2024-10-03T07:12:23.957+0000] {logging_mixin.py:190} INFO - [2024-10-03T07:12:23.957+0000] {dag.py:4180} INFO - Setting next_dagrun for example_kubernetes_executor to None, run_after=None
[2024-10-03T07:12:23.984+0000] {processor.py:208} INFO - Processing /home/airflow/.local/lib/python3.12/site-packages/airflow/example_dags/example_kubernetes_executor.py took 0.117 seconds
[2024-10-03T07:12:54.070+0000] {processor.py:186} INFO - Started process (PID=2210) to work on /home/airflow/.local/lib/python3.12/site-packages/airflow/example_dags/example_kubernetes_executor.py
[2024-10-03T07:12:54.073+0000] {processor.py:914} INFO - Processing file /home/airflow/.local/lib/python3.12/site-packages/airflow/example_dags/example_kubernetes_executor.py for tasks to queue
[2024-10-03T07:12:54.075+0000] {logging_mixin.py:190} INFO - [2024-10-03T07:12:54.075+0000] {dagbag.py:588} INFO - Filling up the DagBag from /home/airflow/.local/lib/python3.12/site-packages/airflow/example_dags/example_kubernetes_executor.py
[2024-10-03T07:12:54.095+0000] {processor.py:925} INFO - DAG(s) 'example_kubernetes_executor' retrieved from /home/airflow/.local/lib/python3.12/site-packages/airflow/example_dags/example_kubernetes_executor.py
[2024-10-03T07:12:54.146+0000] {logging_mixin.py:190} INFO - [2024-10-03T07:12:54.146+0000] {dag.py:3239} INFO - Sync 1 DAGs
[2024-10-03T07:12:54.166+0000] {logging_mixin.py:190} INFO - [2024-10-03T07:12:54.166+0000] {dag.py:4180} INFO - Setting next_dagrun for example_kubernetes_executor to None, run_after=None
[2024-10-03T07:12:54.197+0000] {processor.py:208} INFO - Processing /home/airflow/.local/lib/python3.12/site-packages/airflow/example_dags/example_kubernetes_executor.py took 0.135 seconds
[2024-10-03T07:13:24.354+0000] {processor.py:186} INFO - Started process (PID=2273) to work on /home/airflow/.local/lib/python3.12/site-packages/airflow/example_dags/example_kubernetes_executor.py
[2024-10-03T07:13:24.357+0000] {processor.py:914} INFO - Processing file /home/airflow/.local/lib/python3.12/site-packages/airflow/example_dags/example_kubernetes_executor.py for tasks to queue
[2024-10-03T07:13:24.359+0000] {logging_mixin.py:190} INFO - [2024-10-03T07:13:24.358+0000] {dagbag.py:588} INFO - Filling up the DagBag from /home/airflow/.local/lib/python3.12/site-packages/airflow/example_dags/example_kubernetes_executor.py
[2024-10-03T07:13:24.378+0000] {processor.py:925} INFO - DAG(s) 'example_kubernetes_executor' retrieved from /home/airflow/.local/lib/python3.12/site-packages/airflow/example_dags/example_kubernetes_executor.py
[2024-10-03T07:13:24.442+0000] {logging_mixin.py:190} INFO - [2024-10-03T07:13:24.442+0000] {dag.py:3239} INFO - Sync 1 DAGs
[2024-10-03T07:13:24.477+0000] {logging_mixin.py:190} INFO - [2024-10-03T07:13:24.476+0000] {dag.py:4180} INFO - Setting next_dagrun for example_kubernetes_executor to None, run_after=None
[2024-10-03T07:13:24.512+0000] {processor.py:208} INFO - Processing /home/airflow/.local/lib/python3.12/site-packages/airflow/example_dags/example_kubernetes_executor.py took 0.165 seconds
[2024-10-03T07:13:54.901+0000] {processor.py:186} INFO - Started process (PID=2337) to work on /home/airflow/.local/lib/python3.12/site-packages/airflow/example_dags/example_kubernetes_executor.py
[2024-10-03T07:13:54.904+0000] {processor.py:914} INFO - Processing file /home/airflow/.local/lib/python3.12/site-packages/airflow/example_dags/example_kubernetes_executor.py for tasks to queue
[2024-10-03T07:13:54.907+0000] {logging_mixin.py:190} INFO - [2024-10-03T07:13:54.906+0000] {dagbag.py:588} INFO - Filling up the DagBag from /home/airflow/.local/lib/python3.12/site-packages/airflow/example_dags/example_kubernetes_executor.py
[2024-10-03T07:13:54.927+0000] {processor.py:925} INFO - DAG(s) 'example_kubernetes_executor' retrieved from /home/airflow/.local/lib/python3.12/site-packages/airflow/example_dags/example_kubernetes_executor.py
[2024-10-03T07:13:55.001+0000] {logging_mixin.py:190} INFO - [2024-10-03T07:13:55.000+0000] {dag.py:3239} INFO - Sync 1 DAGs
[2024-10-03T07:13:55.030+0000] {logging_mixin.py:190} INFO - [2024-10-03T07:13:55.029+0000] {dag.py:4180} INFO - Setting next_dagrun for example_kubernetes_executor to None, run_after=None
[2024-10-03T07:13:55.071+0000] {processor.py:208} INFO - Processing /home/airflow/.local/lib/python3.12/site-packages/airflow/example_dags/example_kubernetes_executor.py took 0.178 seconds
[2024-10-03T07:14:25.293+0000] {processor.py:186} INFO - Started process (PID=2399) to work on /home/airflow/.local/lib/python3.12/site-packages/airflow/example_dags/example_kubernetes_executor.py
[2024-10-03T07:14:25.295+0000] {processor.py:914} INFO - Processing file /home/airflow/.local/lib/python3.12/site-packages/airflow/example_dags/example_kubernetes_executor.py for tasks to queue
[2024-10-03T07:14:25.297+0000] {logging_mixin.py:190} INFO - [2024-10-03T07:14:25.296+0000] {dagbag.py:588} INFO - Filling up the DagBag from /home/airflow/.local/lib/python3.12/site-packages/airflow/example_dags/example_kubernetes_executor.py
[2024-10-03T07:14:25.312+0000] {processor.py:925} INFO - DAG(s) 'example_kubernetes_executor' retrieved from /home/airflow/.local/lib/python3.12/site-packages/airflow/example_dags/example_kubernetes_executor.py
[2024-10-03T07:14:25.359+0000] {logging_mixin.py:190} INFO - [2024-10-03T07:14:25.359+0000] {dag.py:3239} INFO - Sync 1 DAGs
[2024-10-03T07:14:25.377+0000] {logging_mixin.py:190} INFO - [2024-10-03T07:14:25.377+0000] {dag.py:4180} INFO - Setting next_dagrun for example_kubernetes_executor to None, run_after=None
[2024-10-03T07:14:25.403+0000] {processor.py:208} INFO - Processing /home/airflow/.local/lib/python3.12/site-packages/airflow/example_dags/example_kubernetes_executor.py took 0.116 seconds
[2024-10-03T07:14:55.918+0000] {processor.py:186} INFO - Started process (PID=2461) to work on /home/airflow/.local/lib/python3.12/site-packages/airflow/example_dags/example_kubernetes_executor.py
[2024-10-03T07:14:55.919+0000] {processor.py:914} INFO - Processing file /home/airflow/.local/lib/python3.12/site-packages/airflow/example_dags/example_kubernetes_executor.py for tasks to queue
[2024-10-03T07:14:55.922+0000] {logging_mixin.py:190} INFO - [2024-10-03T07:14:55.921+0000] {dagbag.py:588} INFO - Filling up the DagBag from /home/airflow/.local/lib/python3.12/site-packages/airflow/example_dags/example_kubernetes_executor.py
[2024-10-03T07:14:55.945+0000] {processor.py:925} INFO - DAG(s) 'example_kubernetes_executor' retrieved from /home/airflow/.local/lib/python3.12/site-packages/airflow/example_dags/example_kubernetes_executor.py
[2024-10-03T07:14:56.004+0000] {logging_mixin.py:190} INFO - [2024-10-03T07:14:56.004+0000] {dag.py:3239} INFO - Sync 1 DAGs
[2024-10-03T07:14:56.027+0000] {logging_mixin.py:190} INFO - [2024-10-03T07:14:56.026+0000] {dag.py:4180} INFO - Setting next_dagrun for example_kubernetes_executor to None, run_after=None
[2024-10-03T07:14:56.061+0000] {processor.py:208} INFO - Processing /home/airflow/.local/lib/python3.12/site-packages/airflow/example_dags/example_kubernetes_executor.py took 0.150 seconds
[2024-10-03T07:15:26.352+0000] {processor.py:186} INFO - Started process (PID=2524) to work on /home/airflow/.local/lib/python3.12/site-packages/airflow/example_dags/example_kubernetes_executor.py
[2024-10-03T07:15:26.353+0000] {processor.py:914} INFO - Processing file /home/airflow/.local/lib/python3.12/site-packages/airflow/example_dags/example_kubernetes_executor.py for tasks to queue
[2024-10-03T07:15:26.355+0000] {logging_mixin.py:190} INFO - [2024-10-03T07:15:26.355+0000] {dagbag.py:588} INFO - Filling up the DagBag from /home/airflow/.local/lib/python3.12/site-packages/airflow/example_dags/example_kubernetes_executor.py
[2024-10-03T07:15:26.370+0000] {processor.py:925} INFO - DAG(s) 'example_kubernetes_executor' retrieved from /home/airflow/.local/lib/python3.12/site-packages/airflow/example_dags/example_kubernetes_executor.py
[2024-10-03T07:15:26.417+0000] {logging_mixin.py:190} INFO - [2024-10-03T07:15:26.416+0000] {dag.py:3239} INFO - Sync 1 DAGs
[2024-10-03T07:15:26.434+0000] {logging_mixin.py:190} INFO - [2024-10-03T07:15:26.433+0000] {dag.py:4180} INFO - Setting next_dagrun for example_kubernetes_executor to None, run_after=None
[2024-10-03T07:15:26.459+0000] {processor.py:208} INFO - Processing /home/airflow/.local/lib/python3.12/site-packages/airflow/example_dags/example_kubernetes_executor.py took 0.113 seconds
[2024-10-03T07:15:56.815+0000] {processor.py:186} INFO - Started process (PID=2587) to work on /home/airflow/.local/lib/python3.12/site-packages/airflow/example_dags/example_kubernetes_executor.py
[2024-10-03T07:15:56.817+0000] {processor.py:914} INFO - Processing file /home/airflow/.local/lib/python3.12/site-packages/airflow/example_dags/example_kubernetes_executor.py for tasks to queue
[2024-10-03T07:15:56.818+0000] {logging_mixin.py:190} INFO - [2024-10-03T07:15:56.818+0000] {dagbag.py:588} INFO - Filling up the DagBag from /home/airflow/.local/lib/python3.12/site-packages/airflow/example_dags/example_kubernetes_executor.py
[2024-10-03T07:15:56.833+0000] {processor.py:925} INFO - DAG(s) 'example_kubernetes_executor' retrieved from /home/airflow/.local/lib/python3.12/site-packages/airflow/example_dags/example_kubernetes_executor.py
[2024-10-03T07:15:56.883+0000] {logging_mixin.py:190} INFO - [2024-10-03T07:15:56.882+0000] {dag.py:3239} INFO - Sync 1 DAGs
[2024-10-03T07:15:56.899+0000] {logging_mixin.py:190} INFO - [2024-10-03T07:15:56.899+0000] {dag.py:4180} INFO - Setting next_dagrun for example_kubernetes_executor to None, run_after=None
[2024-10-03T07:15:56.927+0000] {processor.py:208} INFO - Processing /home/airflow/.local/lib/python3.12/site-packages/airflow/example_dags/example_kubernetes_executor.py took 0.118 seconds
[2024-10-03T07:16:27.261+0000] {processor.py:186} INFO - Started process (PID=2650) to work on /home/airflow/.local/lib/python3.12/site-packages/airflow/example_dags/example_kubernetes_executor.py
[2024-10-03T07:16:27.262+0000] {processor.py:914} INFO - Processing file /home/airflow/.local/lib/python3.12/site-packages/airflow/example_dags/example_kubernetes_executor.py for tasks to queue
[2024-10-03T07:16:27.264+0000] {logging_mixin.py:190} INFO - [2024-10-03T07:16:27.264+0000] {dagbag.py:588} INFO - Filling up the DagBag from /home/airflow/.local/lib/python3.12/site-packages/airflow/example_dags/example_kubernetes_executor.py
[2024-10-03T07:16:27.278+0000] {processor.py:925} INFO - DAG(s) 'example_kubernetes_executor' retrieved from /home/airflow/.local/lib/python3.12/site-packages/airflow/example_dags/example_kubernetes_executor.py
[2024-10-03T07:16:27.327+0000] {logging_mixin.py:190} INFO - [2024-10-03T07:16:27.326+0000] {dag.py:3239} INFO - Sync 1 DAGs
[2024-10-03T07:16:27.343+0000] {logging_mixin.py:190} INFO - [2024-10-03T07:16:27.342+0000] {dag.py:4180} INFO - Setting next_dagrun for example_kubernetes_executor to None, run_after=None
[2024-10-03T07:16:27.371+0000] {processor.py:208} INFO - Processing /home/airflow/.local/lib/python3.12/site-packages/airflow/example_dags/example_kubernetes_executor.py took 0.116 seconds
[2024-10-03T07:16:57.884+0000] {processor.py:186} INFO - Started process (PID=2713) to work on /home/airflow/.local/lib/python3.12/site-packages/airflow/example_dags/example_kubernetes_executor.py
[2024-10-03T07:16:57.887+0000] {processor.py:914} INFO - Processing file /home/airflow/.local/lib/python3.12/site-packages/airflow/example_dags/example_kubernetes_executor.py for tasks to queue
[2024-10-03T07:16:57.889+0000] {logging_mixin.py:190} INFO - [2024-10-03T07:16:57.888+0000] {dagbag.py:588} INFO - Filling up the DagBag from /home/airflow/.local/lib/python3.12/site-packages/airflow/example_dags/example_kubernetes_executor.py
[2024-10-03T07:16:57.906+0000] {processor.py:925} INFO - DAG(s) 'example_kubernetes_executor' retrieved from /home/airflow/.local/lib/python3.12/site-packages/airflow/example_dags/example_kubernetes_executor.py
[2024-10-03T07:16:57.958+0000] {logging_mixin.py:190} INFO - [2024-10-03T07:16:57.957+0000] {dag.py:3239} INFO - Sync 1 DAGs
[2024-10-03T07:16:57.974+0000] {logging_mixin.py:190} INFO - [2024-10-03T07:16:57.974+0000] {dag.py:4180} INFO - Setting next_dagrun for example_kubernetes_executor to None, run_after=None
[2024-10-03T07:16:58.001+0000] {processor.py:208} INFO - Processing /home/airflow/.local/lib/python3.12/site-packages/airflow/example_dags/example_kubernetes_executor.py took 0.125 seconds
[2024-10-03T07:17:28.231+0000] {processor.py:186} INFO - Started process (PID=2776) to work on /home/airflow/.local/lib/python3.12/site-packages/airflow/example_dags/example_kubernetes_executor.py
[2024-10-03T07:17:28.232+0000] {processor.py:914} INFO - Processing file /home/airflow/.local/lib/python3.12/site-packages/airflow/example_dags/example_kubernetes_executor.py for tasks to queue
[2024-10-03T07:17:28.234+0000] {logging_mixin.py:190} INFO - [2024-10-03T07:17:28.234+0000] {dagbag.py:588} INFO - Filling up the DagBag from /home/airflow/.local/lib/python3.12/site-packages/airflow/example_dags/example_kubernetes_executor.py
[2024-10-03T07:17:28.249+0000] {processor.py:925} INFO - DAG(s) 'example_kubernetes_executor' retrieved from /home/airflow/.local/lib/python3.12/site-packages/airflow/example_dags/example_kubernetes_executor.py
[2024-10-03T07:17:28.299+0000] {logging_mixin.py:190} INFO - [2024-10-03T07:17:28.299+0000] {dag.py:3239} INFO - Sync 1 DAGs
[2024-10-03T07:17:28.316+0000] {logging_mixin.py:190} INFO - [2024-10-03T07:17:28.316+0000] {dag.py:4180} INFO - Setting next_dagrun for example_kubernetes_executor to None, run_after=None
[2024-10-03T07:17:28.344+0000] {processor.py:208} INFO - Processing /home/airflow/.local/lib/python3.12/site-packages/airflow/example_dags/example_kubernetes_executor.py took 0.120 seconds
[2024-10-03T07:17:58.922+0000] {processor.py:186} INFO - Started process (PID=2839) to work on /home/airflow/.local/lib/python3.12/site-packages/airflow/example_dags/example_kubernetes_executor.py
[2024-10-03T07:17:58.923+0000] {processor.py:914} INFO - Processing file /home/airflow/.local/lib/python3.12/site-packages/airflow/example_dags/example_kubernetes_executor.py for tasks to queue
[2024-10-03T07:17:58.925+0000] {logging_mixin.py:190} INFO - [2024-10-03T07:17:58.924+0000] {dagbag.py:588} INFO - Filling up the DagBag from /home/airflow/.local/lib/python3.12/site-packages/airflow/example_dags/example_kubernetes_executor.py
[2024-10-03T07:17:58.941+0000] {processor.py:925} INFO - DAG(s) 'example_kubernetes_executor' retrieved from /home/airflow/.local/lib/python3.12/site-packages/airflow/example_dags/example_kubernetes_executor.py
[2024-10-03T07:17:58.991+0000] {logging_mixin.py:190} INFO - [2024-10-03T07:17:58.991+0000] {dag.py:3239} INFO - Sync 1 DAGs
[2024-10-03T07:17:59.009+0000] {logging_mixin.py:190} INFO - [2024-10-03T07:17:59.009+0000] {dag.py:4180} INFO - Setting next_dagrun for example_kubernetes_executor to None, run_after=None
[2024-10-03T07:17:59.042+0000] {processor.py:208} INFO - Processing /home/airflow/.local/lib/python3.12/site-packages/airflow/example_dags/example_kubernetes_executor.py took 0.127 seconds
[2024-10-03T07:18:29.283+0000] {processor.py:186} INFO - Started process (PID=2902) to work on /home/airflow/.local/lib/python3.12/site-packages/airflow/example_dags/example_kubernetes_executor.py
[2024-10-03T07:18:29.284+0000] {processor.py:914} INFO - Processing file /home/airflow/.local/lib/python3.12/site-packages/airflow/example_dags/example_kubernetes_executor.py for tasks to queue
[2024-10-03T07:18:29.286+0000] {logging_mixin.py:190} INFO - [2024-10-03T07:18:29.286+0000] {dagbag.py:588} INFO - Filling up the DagBag from /home/airflow/.local/lib/python3.12/site-packages/airflow/example_dags/example_kubernetes_executor.py
[2024-10-03T07:18:29.301+0000] {processor.py:925} INFO - DAG(s) 'example_kubernetes_executor' retrieved from /home/airflow/.local/lib/python3.12/site-packages/airflow/example_dags/example_kubernetes_executor.py
[2024-10-03T07:18:29.348+0000] {logging_mixin.py:190} INFO - [2024-10-03T07:18:29.348+0000] {dag.py:3239} INFO - Sync 1 DAGs
[2024-10-03T07:18:29.366+0000] {logging_mixin.py:190} INFO - [2024-10-03T07:18:29.366+0000] {dag.py:4180} INFO - Setting next_dagrun for example_kubernetes_executor to None, run_after=None
[2024-10-03T07:18:29.392+0000] {processor.py:208} INFO - Processing /home/airflow/.local/lib/python3.12/site-packages/airflow/example_dags/example_kubernetes_executor.py took 0.116 seconds
[2024-10-03T07:18:59.913+0000] {processor.py:186} INFO - Started process (PID=2965) to work on /home/airflow/.local/lib/python3.12/site-packages/airflow/example_dags/example_kubernetes_executor.py
[2024-10-03T07:18:59.915+0000] {processor.py:914} INFO - Processing file /home/airflow/.local/lib/python3.12/site-packages/airflow/example_dags/example_kubernetes_executor.py for tasks to queue
[2024-10-03T07:18:59.917+0000] {logging_mixin.py:190} INFO - [2024-10-03T07:18:59.917+0000] {dagbag.py:588} INFO - Filling up the DagBag from /home/airflow/.local/lib/python3.12/site-packages/airflow/example_dags/example_kubernetes_executor.py
[2024-10-03T07:18:59.932+0000] {processor.py:925} INFO - DAG(s) 'example_kubernetes_executor' retrieved from /home/airflow/.local/lib/python3.12/site-packages/airflow/example_dags/example_kubernetes_executor.py
[2024-10-03T07:18:59.985+0000] {logging_mixin.py:190} INFO - [2024-10-03T07:18:59.985+0000] {dag.py:3239} INFO - Sync 1 DAGs
[2024-10-03T07:19:00.006+0000] {logging_mixin.py:190} INFO - [2024-10-03T07:19:00.005+0000] {dag.py:4180} INFO - Setting next_dagrun for example_kubernetes_executor to None, run_after=None
[2024-10-03T07:19:00.042+0000] {processor.py:208} INFO - Processing /home/airflow/.local/lib/python3.12/site-packages/airflow/example_dags/example_kubernetes_executor.py took 0.135 seconds
