[2024-10-03T06:34:07.940+0000] {processor.py:157} INFO - Started process (PID=145) to work on /home/airflow/.local/lib/python3.8/site-packages/airflow/example_dags/example_skip_dag.py
[2024-10-03T06:34:07.942+0000] {processor.py:829} INFO - Processing file /home/airflow/.local/lib/python3.8/site-packages/airflow/example_dags/example_skip_dag.py for tasks to queue
[2024-10-03T06:34:07.946+0000] {logging_mixin.py:151} INFO - [2024-10-03T06:34:07.946+0000] {dagbag.py:539} INFO - Filling up the DagBag from /home/airflow/.local/lib/python3.8/site-packages/airflow/example_dags/example_skip_dag.py
[2024-10-03T06:34:07.957+0000] {processor.py:839} INFO - DAG(s) dict_keys(['example_skip_dag']) retrieved from /home/airflow/.local/lib/python3.8/site-packages/airflow/example_dags/example_skip_dag.py
[2024-10-03T06:34:08.163+0000] {logging_mixin.py:151} INFO - [2024-10-03T06:34:08.163+0000] {manager.py:501} INFO - Created Permission View: can delete on DAG:example_skip_dag
[2024-10-03T06:34:08.191+0000] {logging_mixin.py:151} INFO - [2024-10-03T06:34:08.190+0000] {manager.py:501} INFO - Created Permission View: can read on DAG:example_skip_dag
[2024-10-03T06:34:08.212+0000] {logging_mixin.py:151} INFO - [2024-10-03T06:34:08.212+0000] {manager.py:501} INFO - Created Permission View: can edit on DAG:example_skip_dag
[2024-10-03T06:34:08.240+0000] {logging_mixin.py:151} INFO - [2024-10-03T06:34:08.240+0000] {dag.py:2907} INFO - Sync 1 DAGs
[2024-10-03T06:34:08.263+0000] {logging_mixin.py:151} INFO - [2024-10-03T06:34:08.262+0000] {dag.py:2929} INFO - Creating ORM DAG for example_skip_dag
[2024-10-03T06:34:08.282+0000] {logging_mixin.py:151} INFO - [2024-10-03T06:34:08.282+0000] {dag.py:3677} INFO - Setting next_dagrun for example_skip_dag to 2024-10-02T06:34:08.282083+00:00, run_after=2024-10-03T06:34:08.282083+00:00
[2024-10-03T06:34:08.322+0000] {processor.py:179} INFO - Processing /home/airflow/.local/lib/python3.8/site-packages/airflow/example_dags/example_skip_dag.py took 0.387 seconds
[2024-10-03T06:34:39.160+0000] {processor.py:157} INFO - Started process (PID=203) to work on /home/airflow/.local/lib/python3.8/site-packages/airflow/example_dags/example_skip_dag.py
[2024-10-03T06:34:39.162+0000] {processor.py:829} INFO - Processing file /home/airflow/.local/lib/python3.8/site-packages/airflow/example_dags/example_skip_dag.py for tasks to queue
[2024-10-03T06:34:39.165+0000] {logging_mixin.py:151} INFO - [2024-10-03T06:34:39.164+0000] {dagbag.py:539} INFO - Filling up the DagBag from /home/airflow/.local/lib/python3.8/site-packages/airflow/example_dags/example_skip_dag.py
[2024-10-03T06:34:39.173+0000] {processor.py:839} INFO - DAG(s) dict_keys(['example_skip_dag']) retrieved from /home/airflow/.local/lib/python3.8/site-packages/airflow/example_dags/example_skip_dag.py
[2024-10-03T06:34:39.212+0000] {logging_mixin.py:151} INFO - [2024-10-03T06:34:39.211+0000] {dag.py:2907} INFO - Sync 1 DAGs
[2024-10-03T06:34:39.244+0000] {logging_mixin.py:151} INFO - [2024-10-03T06:34:39.244+0000] {dag.py:3677} INFO - Setting next_dagrun for example_skip_dag to 2024-10-02T06:34:39.244385+00:00, run_after=2024-10-03T06:34:39.244385+00:00
[2024-10-03T06:34:39.302+0000] {processor.py:179} INFO - Processing /home/airflow/.local/lib/python3.8/site-packages/airflow/example_dags/example_skip_dag.py took 0.145 seconds
[2024-10-03T06:35:09.636+0000] {processor.py:157} INFO - Started process (PID=261) to work on /home/airflow/.local/lib/python3.8/site-packages/airflow/example_dags/example_skip_dag.py
[2024-10-03T06:35:09.639+0000] {processor.py:829} INFO - Processing file /home/airflow/.local/lib/python3.8/site-packages/airflow/example_dags/example_skip_dag.py for tasks to queue
[2024-10-03T06:35:09.644+0000] {logging_mixin.py:151} INFO - [2024-10-03T06:35:09.643+0000] {dagbag.py:539} INFO - Filling up the DagBag from /home/airflow/.local/lib/python3.8/site-packages/airflow/example_dags/example_skip_dag.py
[2024-10-03T06:35:09.658+0000] {processor.py:839} INFO - DAG(s) dict_keys(['example_skip_dag']) retrieved from /home/airflow/.local/lib/python3.8/site-packages/airflow/example_dags/example_skip_dag.py
[2024-10-03T06:35:09.709+0000] {logging_mixin.py:151} INFO - [2024-10-03T06:35:09.709+0000] {dag.py:2907} INFO - Sync 1 DAGs
[2024-10-03T06:35:09.766+0000] {logging_mixin.py:151} INFO - [2024-10-03T06:35:09.765+0000] {dag.py:3677} INFO - Setting next_dagrun for example_skip_dag to 2024-10-02T06:35:09.765265+00:00, run_after=2024-10-03T06:35:09.765265+00:00
[2024-10-03T06:35:09.817+0000] {processor.py:179} INFO - Processing /home/airflow/.local/lib/python3.8/site-packages/airflow/example_dags/example_skip_dag.py took 0.187 seconds
[2024-10-03T06:35:40.384+0000] {processor.py:157} INFO - Started process (PID=319) to work on /home/airflow/.local/lib/python3.8/site-packages/airflow/example_dags/example_skip_dag.py
[2024-10-03T06:35:40.389+0000] {processor.py:829} INFO - Processing file /home/airflow/.local/lib/python3.8/site-packages/airflow/example_dags/example_skip_dag.py for tasks to queue
[2024-10-03T06:35:40.400+0000] {logging_mixin.py:151} INFO - [2024-10-03T06:35:40.398+0000] {dagbag.py:539} INFO - Filling up the DagBag from /home/airflow/.local/lib/python3.8/site-packages/airflow/example_dags/example_skip_dag.py
[2024-10-03T06:35:40.427+0000] {processor.py:839} INFO - DAG(s) dict_keys(['example_skip_dag']) retrieved from /home/airflow/.local/lib/python3.8/site-packages/airflow/example_dags/example_skip_dag.py
[2024-10-03T06:35:40.502+0000] {logging_mixin.py:151} INFO - [2024-10-03T06:35:40.501+0000] {dag.py:2907} INFO - Sync 1 DAGs
[2024-10-03T06:35:40.574+0000] {logging_mixin.py:151} INFO - [2024-10-03T06:35:40.573+0000] {dag.py:3677} INFO - Setting next_dagrun for example_skip_dag to 2024-10-02T06:35:40.573173+00:00, run_after=2024-10-03T06:35:40.573173+00:00
[2024-10-03T06:35:40.629+0000] {processor.py:179} INFO - Processing /home/airflow/.local/lib/python3.8/site-packages/airflow/example_dags/example_skip_dag.py took 0.259 seconds
[2024-10-03T06:36:11.644+0000] {processor.py:157} INFO - Started process (PID=378) to work on /home/airflow/.local/lib/python3.8/site-packages/airflow/example_dags/example_skip_dag.py
[2024-10-03T06:36:11.648+0000] {processor.py:829} INFO - Processing file /home/airflow/.local/lib/python3.8/site-packages/airflow/example_dags/example_skip_dag.py for tasks to queue
[2024-10-03T06:36:11.656+0000] {logging_mixin.py:151} INFO - [2024-10-03T06:36:11.655+0000] {dagbag.py:539} INFO - Filling up the DagBag from /home/airflow/.local/lib/python3.8/site-packages/airflow/example_dags/example_skip_dag.py
[2024-10-03T06:36:11.673+0000] {processor.py:839} INFO - DAG(s) dict_keys(['example_skip_dag']) retrieved from /home/airflow/.local/lib/python3.8/site-packages/airflow/example_dags/example_skip_dag.py
[2024-10-03T06:36:11.723+0000] {logging_mixin.py:151} INFO - [2024-10-03T06:36:11.722+0000] {dag.py:2907} INFO - Sync 1 DAGs
[2024-10-03T06:36:11.775+0000] {logging_mixin.py:151} INFO - [2024-10-03T06:36:11.774+0000] {dag.py:3677} INFO - Setting next_dagrun for example_skip_dag to 2024-10-02T06:36:11.773354+00:00, run_after=2024-10-03T06:36:11.773354+00:00
[2024-10-03T06:36:11.834+0000] {processor.py:179} INFO - Processing /home/airflow/.local/lib/python3.8/site-packages/airflow/example_dags/example_skip_dag.py took 0.196 seconds
[2024-10-03T06:36:41.984+0000] {processor.py:157} INFO - Started process (PID=436) to work on /home/airflow/.local/lib/python3.8/site-packages/airflow/example_dags/example_skip_dag.py
[2024-10-03T06:36:41.987+0000] {processor.py:829} INFO - Processing file /home/airflow/.local/lib/python3.8/site-packages/airflow/example_dags/example_skip_dag.py for tasks to queue
[2024-10-03T06:36:41.992+0000] {logging_mixin.py:151} INFO - [2024-10-03T06:36:41.991+0000] {dagbag.py:539} INFO - Filling up the DagBag from /home/airflow/.local/lib/python3.8/site-packages/airflow/example_dags/example_skip_dag.py
[2024-10-03T06:36:42.009+0000] {processor.py:839} INFO - DAG(s) dict_keys(['example_skip_dag']) retrieved from /home/airflow/.local/lib/python3.8/site-packages/airflow/example_dags/example_skip_dag.py
[2024-10-03T06:36:42.050+0000] {logging_mixin.py:151} INFO - [2024-10-03T06:36:42.050+0000] {dag.py:2907} INFO - Sync 1 DAGs
[2024-10-03T06:36:42.091+0000] {logging_mixin.py:151} INFO - [2024-10-03T06:36:42.091+0000] {dag.py:3677} INFO - Setting next_dagrun for example_skip_dag to 2024-10-02T06:36:42.090812+00:00, run_after=2024-10-03T06:36:42.090812+00:00
[2024-10-03T06:36:42.130+0000] {processor.py:179} INFO - Processing /home/airflow/.local/lib/python3.8/site-packages/airflow/example_dags/example_skip_dag.py took 0.154 seconds
[2024-10-03T06:41:29.506+0000] {processor.py:157} INFO - Started process (PID=131) to work on /home/airflow/.local/lib/python3.8/site-packages/airflow/example_dags/example_skip_dag.py
[2024-10-03T06:41:29.511+0000] {processor.py:829} INFO - Processing file /home/airflow/.local/lib/python3.8/site-packages/airflow/example_dags/example_skip_dag.py for tasks to queue
[2024-10-03T06:41:29.530+0000] {logging_mixin.py:151} INFO - [2024-10-03T06:41:29.525+0000] {dagbag.py:539} INFO - Filling up the DagBag from /home/airflow/.local/lib/python3.8/site-packages/airflow/example_dags/example_skip_dag.py
[2024-10-03T06:41:29.566+0000] {processor.py:839} INFO - DAG(s) dict_keys(['example_skip_dag']) retrieved from /home/airflow/.local/lib/python3.8/site-packages/airflow/example_dags/example_skip_dag.py
[2024-10-03T06:41:29.638+0000] {logging_mixin.py:151} INFO - [2024-10-03T06:41:29.638+0000] {dag.py:2907} INFO - Sync 1 DAGs
[2024-10-03T06:41:29.726+0000] {logging_mixin.py:151} INFO - [2024-10-03T06:41:29.726+0000] {dag.py:3677} INFO - Setting next_dagrun for example_skip_dag to 2024-10-02T06:41:29.725423+00:00, run_after=2024-10-03T06:41:29.725423+00:00
[2024-10-03T06:41:29.792+0000] {processor.py:179} INFO - Processing /home/airflow/.local/lib/python3.8/site-packages/airflow/example_dags/example_skip_dag.py took 0.295 seconds
[2024-10-03T06:42:01.292+0000] {processor.py:157} INFO - Started process (PID=189) to work on /home/airflow/.local/lib/python3.8/site-packages/airflow/example_dags/example_skip_dag.py
[2024-10-03T06:42:01.299+0000] {processor.py:829} INFO - Processing file /home/airflow/.local/lib/python3.8/site-packages/airflow/example_dags/example_skip_dag.py for tasks to queue
[2024-10-03T06:42:01.304+0000] {logging_mixin.py:151} INFO - [2024-10-03T06:42:01.303+0000] {dagbag.py:539} INFO - Filling up the DagBag from /home/airflow/.local/lib/python3.8/site-packages/airflow/example_dags/example_skip_dag.py
[2024-10-03T06:42:01.376+0000] {processor.py:839} INFO - DAG(s) dict_keys(['example_skip_dag']) retrieved from /home/airflow/.local/lib/python3.8/site-packages/airflow/example_dags/example_skip_dag.py
[2024-10-03T06:42:01.476+0000] {logging_mixin.py:151} INFO - [2024-10-03T06:42:01.476+0000] {dag.py:2907} INFO - Sync 1 DAGs
[2024-10-03T06:42:01.566+0000] {logging_mixin.py:151} INFO - [2024-10-03T06:42:01.565+0000] {dag.py:3677} INFO - Setting next_dagrun for example_skip_dag to 2024-10-02T06:42:01.564708+00:00, run_after=2024-10-03T06:42:01.564708+00:00
[2024-10-03T06:42:01.643+0000] {processor.py:179} INFO - Processing /home/airflow/.local/lib/python3.8/site-packages/airflow/example_dags/example_skip_dag.py took 0.357 seconds
[2024-10-03T06:42:32.330+0000] {processor.py:157} INFO - Started process (PID=247) to work on /home/airflow/.local/lib/python3.8/site-packages/airflow/example_dags/example_skip_dag.py
[2024-10-03T06:42:32.333+0000] {processor.py:829} INFO - Processing file /home/airflow/.local/lib/python3.8/site-packages/airflow/example_dags/example_skip_dag.py for tasks to queue
[2024-10-03T06:42:32.342+0000] {logging_mixin.py:151} INFO - [2024-10-03T06:42:32.340+0000] {dagbag.py:539} INFO - Filling up the DagBag from /home/airflow/.local/lib/python3.8/site-packages/airflow/example_dags/example_skip_dag.py
[2024-10-03T06:42:32.354+0000] {processor.py:839} INFO - DAG(s) dict_keys(['example_skip_dag']) retrieved from /home/airflow/.local/lib/python3.8/site-packages/airflow/example_dags/example_skip_dag.py
[2024-10-03T06:42:32.405+0000] {logging_mixin.py:151} INFO - [2024-10-03T06:42:32.404+0000] {dag.py:2907} INFO - Sync 1 DAGs
[2024-10-03T06:42:32.465+0000] {logging_mixin.py:151} INFO - [2024-10-03T06:42:32.464+0000] {dag.py:3677} INFO - Setting next_dagrun for example_skip_dag to 2024-10-02T06:42:32.463982+00:00, run_after=2024-10-03T06:42:32.463982+00:00
[2024-10-03T06:42:32.528+0000] {processor.py:179} INFO - Processing /home/airflow/.local/lib/python3.8/site-packages/airflow/example_dags/example_skip_dag.py took 0.209 seconds
[2024-10-03T06:53:07.971+0000] {processor.py:186} INFO - Started process (PID=141) to work on /home/airflow/.local/lib/python3.12/site-packages/airflow/example_dags/example_skip_dag.py
[2024-10-03T06:53:07.974+0000] {processor.py:914} INFO - Processing file /home/airflow/.local/lib/python3.12/site-packages/airflow/example_dags/example_skip_dag.py for tasks to queue
[2024-10-03T06:53:07.978+0000] {logging_mixin.py:190} INFO - [2024-10-03T06:53:07.978+0000] {dagbag.py:588} INFO - Filling up the DagBag from /home/airflow/.local/lib/python3.12/site-packages/airflow/example_dags/example_skip_dag.py
[2024-10-03T06:53:08.004+0000] {processor.py:925} INFO - DAG(s) 'example_skip_dag' retrieved from /home/airflow/.local/lib/python3.12/site-packages/airflow/example_dags/example_skip_dag.py
[2024-10-03T06:53:08.535+0000] {logging_mixin.py:190} INFO - [2024-10-03T06:53:08.534+0000] {dag.py:3239} INFO - Sync 1 DAGs
[2024-10-03T06:53:08.624+0000] {logging_mixin.py:190} INFO - [2024-10-03T06:53:08.623+0000] {dag.py:4180} INFO - Setting next_dagrun for example_skip_dag to 2024-10-02 00:00:00+00:00, run_after=2024-10-03 00:00:00+00:00
[2024-10-03T06:53:08.701+0000] {processor.py:208} INFO - Processing /home/airflow/.local/lib/python3.12/site-packages/airflow/example_dags/example_skip_dag.py took 0.741 seconds
[2024-10-03T06:53:38.979+0000] {processor.py:186} INFO - Started process (PID=205) to work on /home/airflow/.local/lib/python3.12/site-packages/airflow/example_dags/example_skip_dag.py
[2024-10-03T06:53:38.980+0000] {processor.py:914} INFO - Processing file /home/airflow/.local/lib/python3.12/site-packages/airflow/example_dags/example_skip_dag.py for tasks to queue
[2024-10-03T06:53:38.984+0000] {logging_mixin.py:190} INFO - [2024-10-03T06:53:38.984+0000] {dagbag.py:588} INFO - Filling up the DagBag from /home/airflow/.local/lib/python3.12/site-packages/airflow/example_dags/example_skip_dag.py
[2024-10-03T06:53:38.999+0000] {processor.py:925} INFO - DAG(s) 'example_skip_dag' retrieved from /home/airflow/.local/lib/python3.12/site-packages/airflow/example_dags/example_skip_dag.py
[2024-10-03T06:53:39.039+0000] {logging_mixin.py:190} INFO - [2024-10-03T06:53:39.039+0000] {dag.py:3239} INFO - Sync 1 DAGs
[2024-10-03T06:53:39.080+0000] {logging_mixin.py:190} INFO - [2024-10-03T06:53:39.080+0000] {dag.py:4180} INFO - Setting next_dagrun for example_skip_dag to 2024-10-02 00:00:00+00:00, run_after=2024-10-03 00:00:00+00:00
[2024-10-03T06:53:39.119+0000] {processor.py:208} INFO - Processing /home/airflow/.local/lib/python3.12/site-packages/airflow/example_dags/example_skip_dag.py took 0.148 seconds
[2024-10-03T06:54:09.378+0000] {processor.py:186} INFO - Started process (PID=269) to work on /home/airflow/.local/lib/python3.12/site-packages/airflow/example_dags/example_skip_dag.py
[2024-10-03T06:54:09.386+0000] {processor.py:914} INFO - Processing file /home/airflow/.local/lib/python3.12/site-packages/airflow/example_dags/example_skip_dag.py for tasks to queue
[2024-10-03T06:54:09.390+0000] {logging_mixin.py:190} INFO - [2024-10-03T06:54:09.389+0000] {dagbag.py:588} INFO - Filling up the DagBag from /home/airflow/.local/lib/python3.12/site-packages/airflow/example_dags/example_skip_dag.py
[2024-10-03T06:54:09.403+0000] {processor.py:925} INFO - DAG(s) 'example_skip_dag' retrieved from /home/airflow/.local/lib/python3.12/site-packages/airflow/example_dags/example_skip_dag.py
[2024-10-03T06:54:09.431+0000] {logging_mixin.py:190} INFO - [2024-10-03T06:54:09.431+0000] {dag.py:3239} INFO - Sync 1 DAGs
[2024-10-03T06:54:09.462+0000] {logging_mixin.py:190} INFO - [2024-10-03T06:54:09.462+0000] {dag.py:4180} INFO - Setting next_dagrun for example_skip_dag to 2024-10-02 00:00:00+00:00, run_after=2024-10-03 00:00:00+00:00
[2024-10-03T06:54:09.527+0000] {processor.py:208} INFO - Processing /home/airflow/.local/lib/python3.12/site-packages/airflow/example_dags/example_skip_dag.py took 0.157 seconds
[2024-10-03T06:54:40.288+0000] {processor.py:186} INFO - Started process (PID=333) to work on /home/airflow/.local/lib/python3.12/site-packages/airflow/example_dags/example_skip_dag.py
[2024-10-03T06:54:40.290+0000] {processor.py:914} INFO - Processing file /home/airflow/.local/lib/python3.12/site-packages/airflow/example_dags/example_skip_dag.py for tasks to queue
[2024-10-03T06:54:40.293+0000] {logging_mixin.py:190} INFO - [2024-10-03T06:54:40.293+0000] {dagbag.py:588} INFO - Filling up the DagBag from /home/airflow/.local/lib/python3.12/site-packages/airflow/example_dags/example_skip_dag.py
[2024-10-03T06:54:40.307+0000] {processor.py:925} INFO - DAG(s) 'example_skip_dag' retrieved from /home/airflow/.local/lib/python3.12/site-packages/airflow/example_dags/example_skip_dag.py
[2024-10-03T06:54:40.341+0000] {logging_mixin.py:190} INFO - [2024-10-03T06:54:40.340+0000] {dag.py:3239} INFO - Sync 1 DAGs
[2024-10-03T06:54:40.386+0000] {logging_mixin.py:190} INFO - [2024-10-03T06:54:40.386+0000] {dag.py:4180} INFO - Setting next_dagrun for example_skip_dag to 2024-10-02 00:00:00+00:00, run_after=2024-10-03 00:00:00+00:00
[2024-10-03T06:54:40.422+0000] {processor.py:208} INFO - Processing /home/airflow/.local/lib/python3.12/site-packages/airflow/example_dags/example_skip_dag.py took 0.142 seconds
[2024-10-03T06:55:11.097+0000] {processor.py:186} INFO - Started process (PID=398) to work on /home/airflow/.local/lib/python3.12/site-packages/airflow/example_dags/example_skip_dag.py
[2024-10-03T06:55:11.101+0000] {processor.py:914} INFO - Processing file /home/airflow/.local/lib/python3.12/site-packages/airflow/example_dags/example_skip_dag.py for tasks to queue
[2024-10-03T06:55:11.105+0000] {logging_mixin.py:190} INFO - [2024-10-03T06:55:11.105+0000] {dagbag.py:588} INFO - Filling up the DagBag from /home/airflow/.local/lib/python3.12/site-packages/airflow/example_dags/example_skip_dag.py
[2024-10-03T06:55:11.115+0000] {processor.py:925} INFO - DAG(s) 'example_skip_dag' retrieved from /home/airflow/.local/lib/python3.12/site-packages/airflow/example_dags/example_skip_dag.py
[2024-10-03T06:55:11.145+0000] {logging_mixin.py:190} INFO - [2024-10-03T06:55:11.145+0000] {dag.py:3239} INFO - Sync 1 DAGs
[2024-10-03T06:55:11.175+0000] {logging_mixin.py:190} INFO - [2024-10-03T06:55:11.175+0000] {dag.py:4180} INFO - Setting next_dagrun for example_skip_dag to 2024-10-02 00:00:00+00:00, run_after=2024-10-03 00:00:00+00:00
[2024-10-03T06:55:11.202+0000] {processor.py:208} INFO - Processing /home/airflow/.local/lib/python3.12/site-packages/airflow/example_dags/example_skip_dag.py took 0.114 seconds
[2024-10-03T06:55:41.958+0000] {processor.py:186} INFO - Started process (PID=462) to work on /home/airflow/.local/lib/python3.12/site-packages/airflow/example_dags/example_skip_dag.py
[2024-10-03T06:55:41.961+0000] {processor.py:914} INFO - Processing file /home/airflow/.local/lib/python3.12/site-packages/airflow/example_dags/example_skip_dag.py for tasks to queue
[2024-10-03T06:55:41.967+0000] {logging_mixin.py:190} INFO - [2024-10-03T06:55:41.966+0000] {dagbag.py:588} INFO - Filling up the DagBag from /home/airflow/.local/lib/python3.12/site-packages/airflow/example_dags/example_skip_dag.py
[2024-10-03T06:55:41.989+0000] {processor.py:925} INFO - DAG(s) 'example_skip_dag' retrieved from /home/airflow/.local/lib/python3.12/site-packages/airflow/example_dags/example_skip_dag.py
[2024-10-03T06:55:42.045+0000] {logging_mixin.py:190} INFO - [2024-10-03T06:55:42.044+0000] {dag.py:3239} INFO - Sync 1 DAGs
[2024-10-03T06:55:42.100+0000] {logging_mixin.py:190} INFO - [2024-10-03T06:55:42.099+0000] {dag.py:4180} INFO - Setting next_dagrun for example_skip_dag to 2024-10-02 00:00:00+00:00, run_after=2024-10-03 00:00:00+00:00
[2024-10-03T06:55:42.143+0000] {processor.py:208} INFO - Processing /home/airflow/.local/lib/python3.12/site-packages/airflow/example_dags/example_skip_dag.py took 0.193 seconds
[2024-10-03T06:56:13.418+0000] {processor.py:186} INFO - Started process (PID=525) to work on /home/airflow/.local/lib/python3.12/site-packages/airflow/example_dags/example_skip_dag.py
[2024-10-03T06:56:13.421+0000] {processor.py:914} INFO - Processing file /home/airflow/.local/lib/python3.12/site-packages/airflow/example_dags/example_skip_dag.py for tasks to queue
[2024-10-03T06:56:13.426+0000] {logging_mixin.py:190} INFO - [2024-10-03T06:56:13.425+0000] {dagbag.py:588} INFO - Filling up the DagBag from /home/airflow/.local/lib/python3.12/site-packages/airflow/example_dags/example_skip_dag.py
[2024-10-03T06:56:13.445+0000] {processor.py:925} INFO - DAG(s) 'example_skip_dag' retrieved from /home/airflow/.local/lib/python3.12/site-packages/airflow/example_dags/example_skip_dag.py
[2024-10-03T06:56:13.507+0000] {logging_mixin.py:190} INFO - [2024-10-03T06:56:13.506+0000] {dag.py:3239} INFO - Sync 1 DAGs
[2024-10-03T06:56:13.571+0000] {logging_mixin.py:190} INFO - [2024-10-03T06:56:13.570+0000] {dag.py:4180} INFO - Setting next_dagrun for example_skip_dag to 2024-10-02 00:00:00+00:00, run_after=2024-10-03 00:00:00+00:00
[2024-10-03T06:56:13.641+0000] {processor.py:208} INFO - Processing /home/airflow/.local/lib/python3.12/site-packages/airflow/example_dags/example_skip_dag.py took 0.236 seconds
[2024-10-03T06:56:44.123+0000] {processor.py:186} INFO - Started process (PID=590) to work on /home/airflow/.local/lib/python3.12/site-packages/airflow/example_dags/example_skip_dag.py
[2024-10-03T06:56:44.125+0000] {processor.py:914} INFO - Processing file /home/airflow/.local/lib/python3.12/site-packages/airflow/example_dags/example_skip_dag.py for tasks to queue
[2024-10-03T06:56:44.128+0000] {logging_mixin.py:190} INFO - [2024-10-03T06:56:44.128+0000] {dagbag.py:588} INFO - Filling up the DagBag from /home/airflow/.local/lib/python3.12/site-packages/airflow/example_dags/example_skip_dag.py
[2024-10-03T06:56:44.138+0000] {processor.py:925} INFO - DAG(s) 'example_skip_dag' retrieved from /home/airflow/.local/lib/python3.12/site-packages/airflow/example_dags/example_skip_dag.py
[2024-10-03T06:56:44.163+0000] {logging_mixin.py:190} INFO - [2024-10-03T06:56:44.163+0000] {dag.py:3239} INFO - Sync 1 DAGs
[2024-10-03T06:56:44.189+0000] {logging_mixin.py:190} INFO - [2024-10-03T06:56:44.188+0000] {dag.py:4180} INFO - Setting next_dagrun for example_skip_dag to 2024-10-02 00:00:00+00:00, run_after=2024-10-03 00:00:00+00:00
[2024-10-03T06:56:44.217+0000] {processor.py:208} INFO - Processing /home/airflow/.local/lib/python3.12/site-packages/airflow/example_dags/example_skip_dag.py took 0.101 seconds
[2024-10-03T06:57:14.869+0000] {processor.py:186} INFO - Started process (PID=654) to work on /home/airflow/.local/lib/python3.12/site-packages/airflow/example_dags/example_skip_dag.py
[2024-10-03T06:57:14.871+0000] {processor.py:914} INFO - Processing file /home/airflow/.local/lib/python3.12/site-packages/airflow/example_dags/example_skip_dag.py for tasks to queue
[2024-10-03T06:57:14.875+0000] {logging_mixin.py:190} INFO - [2024-10-03T06:57:14.874+0000] {dagbag.py:588} INFO - Filling up the DagBag from /home/airflow/.local/lib/python3.12/site-packages/airflow/example_dags/example_skip_dag.py
[2024-10-03T06:57:14.886+0000] {processor.py:925} INFO - DAG(s) 'example_skip_dag' retrieved from /home/airflow/.local/lib/python3.12/site-packages/airflow/example_dags/example_skip_dag.py
[2024-10-03T06:57:14.921+0000] {logging_mixin.py:190} INFO - [2024-10-03T06:57:14.920+0000] {dag.py:3239} INFO - Sync 1 DAGs
[2024-10-03T06:57:14.957+0000] {logging_mixin.py:190} INFO - [2024-10-03T06:57:14.957+0000] {dag.py:4180} INFO - Setting next_dagrun for example_skip_dag to 2024-10-02 00:00:00+00:00, run_after=2024-10-03 00:00:00+00:00
[2024-10-03T06:57:14.986+0000] {processor.py:208} INFO - Processing /home/airflow/.local/lib/python3.12/site-packages/airflow/example_dags/example_skip_dag.py took 0.125 seconds
[2024-10-03T06:57:45.965+0000] {processor.py:186} INFO - Started process (PID=717) to work on /home/airflow/.local/lib/python3.12/site-packages/airflow/example_dags/example_skip_dag.py
[2024-10-03T06:57:45.967+0000] {processor.py:914} INFO - Processing file /home/airflow/.local/lib/python3.12/site-packages/airflow/example_dags/example_skip_dag.py for tasks to queue
[2024-10-03T06:57:45.970+0000] {logging_mixin.py:190} INFO - [2024-10-03T06:57:45.970+0000] {dagbag.py:588} INFO - Filling up the DagBag from /home/airflow/.local/lib/python3.12/site-packages/airflow/example_dags/example_skip_dag.py
[2024-10-03T06:57:45.983+0000] {processor.py:925} INFO - DAG(s) 'example_skip_dag' retrieved from /home/airflow/.local/lib/python3.12/site-packages/airflow/example_dags/example_skip_dag.py
[2024-10-03T06:57:46.015+0000] {logging_mixin.py:190} INFO - [2024-10-03T06:57:46.014+0000] {dag.py:3239} INFO - Sync 1 DAGs
[2024-10-03T06:57:46.056+0000] {logging_mixin.py:190} INFO - [2024-10-03T06:57:46.056+0000] {dag.py:4180} INFO - Setting next_dagrun for example_skip_dag to 2024-10-02 00:00:00+00:00, run_after=2024-10-03 00:00:00+00:00
[2024-10-03T06:57:46.089+0000] {processor.py:208} INFO - Processing /home/airflow/.local/lib/python3.12/site-packages/airflow/example_dags/example_skip_dag.py took 0.134 seconds
[2024-10-03T06:58:17.165+0000] {processor.py:186} INFO - Started process (PID=782) to work on /home/airflow/.local/lib/python3.12/site-packages/airflow/example_dags/example_skip_dag.py
[2024-10-03T06:58:17.167+0000] {processor.py:914} INFO - Processing file /home/airflow/.local/lib/python3.12/site-packages/airflow/example_dags/example_skip_dag.py for tasks to queue
[2024-10-03T06:58:17.172+0000] {logging_mixin.py:190} INFO - [2024-10-03T06:58:17.171+0000] {dagbag.py:588} INFO - Filling up the DagBag from /home/airflow/.local/lib/python3.12/site-packages/airflow/example_dags/example_skip_dag.py
[2024-10-03T06:58:17.187+0000] {processor.py:925} INFO - DAG(s) 'example_skip_dag' retrieved from /home/airflow/.local/lib/python3.12/site-packages/airflow/example_dags/example_skip_dag.py
[2024-10-03T06:58:17.223+0000] {logging_mixin.py:190} INFO - [2024-10-03T06:58:17.222+0000] {dag.py:3239} INFO - Sync 1 DAGs
[2024-10-03T06:58:17.263+0000] {logging_mixin.py:190} INFO - [2024-10-03T06:58:17.262+0000] {dag.py:4180} INFO - Setting next_dagrun for example_skip_dag to 2024-10-02 00:00:00+00:00, run_after=2024-10-03 00:00:00+00:00
[2024-10-03T06:58:17.295+0000] {processor.py:208} INFO - Processing /home/airflow/.local/lib/python3.12/site-packages/airflow/example_dags/example_skip_dag.py took 0.139 seconds
[2024-10-03T06:58:49.096+0000] {processor.py:186} INFO - Started process (PID=849) to work on /home/airflow/.local/lib/python3.12/site-packages/airflow/example_dags/example_skip_dag.py
[2024-10-03T06:58:49.098+0000] {processor.py:914} INFO - Processing file /home/airflow/.local/lib/python3.12/site-packages/airflow/example_dags/example_skip_dag.py for tasks to queue
[2024-10-03T06:58:49.106+0000] {logging_mixin.py:190} INFO - [2024-10-03T06:58:49.104+0000] {dagbag.py:588} INFO - Filling up the DagBag from /home/airflow/.local/lib/python3.12/site-packages/airflow/example_dags/example_skip_dag.py
[2024-10-03T06:58:49.128+0000] {processor.py:925} INFO - DAG(s) 'example_skip_dag' retrieved from /home/airflow/.local/lib/python3.12/site-packages/airflow/example_dags/example_skip_dag.py
[2024-10-03T06:58:49.188+0000] {logging_mixin.py:190} INFO - [2024-10-03T06:58:49.187+0000] {dag.py:3239} INFO - Sync 1 DAGs
[2024-10-03T06:58:49.277+0000] {logging_mixin.py:190} INFO - [2024-10-03T06:58:49.276+0000] {dag.py:4180} INFO - Setting next_dagrun for example_skip_dag to 2024-10-02 00:00:00+00:00, run_after=2024-10-03 00:00:00+00:00
[2024-10-03T06:58:49.339+0000] {processor.py:208} INFO - Processing /home/airflow/.local/lib/python3.12/site-packages/airflow/example_dags/example_skip_dag.py took 0.259 seconds
[2024-10-03T06:59:19.708+0000] {processor.py:186} INFO - Started process (PID=913) to work on /home/airflow/.local/lib/python3.12/site-packages/airflow/example_dags/example_skip_dag.py
[2024-10-03T06:59:19.712+0000] {processor.py:914} INFO - Processing file /home/airflow/.local/lib/python3.12/site-packages/airflow/example_dags/example_skip_dag.py for tasks to queue
[2024-10-03T06:59:19.717+0000] {logging_mixin.py:190} INFO - [2024-10-03T06:59:19.716+0000] {dagbag.py:588} INFO - Filling up the DagBag from /home/airflow/.local/lib/python3.12/site-packages/airflow/example_dags/example_skip_dag.py
[2024-10-03T06:59:19.728+0000] {processor.py:925} INFO - DAG(s) 'example_skip_dag' retrieved from /home/airflow/.local/lib/python3.12/site-packages/airflow/example_dags/example_skip_dag.py
[2024-10-03T06:59:19.764+0000] {logging_mixin.py:190} INFO - [2024-10-03T06:59:19.764+0000] {dag.py:3239} INFO - Sync 1 DAGs
[2024-10-03T06:59:19.800+0000] {logging_mixin.py:190} INFO - [2024-10-03T06:59:19.800+0000] {dag.py:4180} INFO - Setting next_dagrun for example_skip_dag to 2024-10-02 00:00:00+00:00, run_after=2024-10-03 00:00:00+00:00
[2024-10-03T06:59:19.834+0000] {processor.py:208} INFO - Processing /home/airflow/.local/lib/python3.12/site-packages/airflow/example_dags/example_skip_dag.py took 0.135 seconds
[2024-10-03T07:00:11.835+0000] {processor.py:186} INFO - Started process (PID=1001) to work on /home/airflow/.local/lib/python3.12/site-packages/airflow/example_dags/example_skip_dag.py
[2024-10-03T07:00:11.838+0000] {processor.py:914} INFO - Processing file /home/airflow/.local/lib/python3.12/site-packages/airflow/example_dags/example_skip_dag.py for tasks to queue
[2024-10-03T07:00:11.843+0000] {logging_mixin.py:190} INFO - [2024-10-03T07:00:11.843+0000] {dagbag.py:588} INFO - Filling up the DagBag from /home/airflow/.local/lib/python3.12/site-packages/airflow/example_dags/example_skip_dag.py
[2024-10-03T07:00:11.857+0000] {processor.py:925} INFO - DAG(s) 'example_skip_dag' retrieved from /home/airflow/.local/lib/python3.12/site-packages/airflow/example_dags/example_skip_dag.py
[2024-10-03T07:00:11.906+0000] {logging_mixin.py:190} INFO - [2024-10-03T07:00:11.905+0000] {dag.py:3239} INFO - Sync 1 DAGs
[2024-10-03T07:00:11.953+0000] {logging_mixin.py:190} INFO - [2024-10-03T07:00:11.953+0000] {dag.py:4180} INFO - Setting next_dagrun for example_skip_dag to 2024-10-02 00:00:00+00:00, run_after=2024-10-03 00:00:00+00:00
[2024-10-03T07:00:11.996+0000] {processor.py:208} INFO - Processing /home/airflow/.local/lib/python3.12/site-packages/airflow/example_dags/example_skip_dag.py took 0.172 seconds
[2024-10-03T07:00:43.245+0000] {processor.py:186} INFO - Started process (PID=1065) to work on /home/airflow/.local/lib/python3.12/site-packages/airflow/example_dags/example_skip_dag.py
[2024-10-03T07:00:43.247+0000] {processor.py:914} INFO - Processing file /home/airflow/.local/lib/python3.12/site-packages/airflow/example_dags/example_skip_dag.py for tasks to queue
[2024-10-03T07:00:43.250+0000] {logging_mixin.py:190} INFO - [2024-10-03T07:00:43.250+0000] {dagbag.py:588} INFO - Filling up the DagBag from /home/airflow/.local/lib/python3.12/site-packages/airflow/example_dags/example_skip_dag.py
[2024-10-03T07:00:43.260+0000] {processor.py:925} INFO - DAG(s) 'example_skip_dag' retrieved from /home/airflow/.local/lib/python3.12/site-packages/airflow/example_dags/example_skip_dag.py
[2024-10-03T07:00:43.290+0000] {logging_mixin.py:190} INFO - [2024-10-03T07:00:43.290+0000] {dag.py:3239} INFO - Sync 1 DAGs
[2024-10-03T07:00:43.324+0000] {logging_mixin.py:190} INFO - [2024-10-03T07:00:43.324+0000] {dag.py:4180} INFO - Setting next_dagrun for example_skip_dag to 2024-10-02 00:00:00+00:00, run_after=2024-10-03 00:00:00+00:00
[2024-10-03T07:00:43.353+0000] {processor.py:208} INFO - Processing /home/airflow/.local/lib/python3.12/site-packages/airflow/example_dags/example_skip_dag.py took 0.114 seconds
[2024-10-03T07:01:24.219+0000] {processor.py:186} INFO - Started process (PID=1138) to work on /home/airflow/.local/lib/python3.12/site-packages/airflow/example_dags/example_skip_dag.py
[2024-10-03T07:01:24.222+0000] {processor.py:914} INFO - Processing file /home/airflow/.local/lib/python3.12/site-packages/airflow/example_dags/example_skip_dag.py for tasks to queue
[2024-10-03T07:01:24.225+0000] {logging_mixin.py:190} INFO - [2024-10-03T07:01:24.224+0000] {dagbag.py:588} INFO - Filling up the DagBag from /home/airflow/.local/lib/python3.12/site-packages/airflow/example_dags/example_skip_dag.py
[2024-10-03T07:01:24.242+0000] {processor.py:925} INFO - DAG(s) 'example_skip_dag' retrieved from /home/airflow/.local/lib/python3.12/site-packages/airflow/example_dags/example_skip_dag.py
[2024-10-03T07:01:24.292+0000] {logging_mixin.py:190} INFO - [2024-10-03T07:01:24.291+0000] {dag.py:3239} INFO - Sync 1 DAGs
[2024-10-03T07:01:24.344+0000] {logging_mixin.py:190} INFO - [2024-10-03T07:01:24.344+0000] {dag.py:4180} INFO - Setting next_dagrun for example_skip_dag to 2024-10-02 00:00:00+00:00, run_after=2024-10-03 00:00:00+00:00
[2024-10-03T07:01:24.395+0000] {processor.py:208} INFO - Processing /home/airflow/.local/lib/python3.12/site-packages/airflow/example_dags/example_skip_dag.py took 0.187 seconds
[2024-10-03T07:02:43.848+0000] {processor.py:186} INFO - Started process (PID=1199) to work on /home/airflow/.local/lib/python3.12/site-packages/airflow/example_dags/example_skip_dag.py
[2024-10-03T07:02:43.849+0000] {processor.py:914} INFO - Processing file /home/airflow/.local/lib/python3.12/site-packages/airflow/example_dags/example_skip_dag.py for tasks to queue
[2024-10-03T07:02:43.851+0000] {logging_mixin.py:190} INFO - [2024-10-03T07:02:43.851+0000] {dagbag.py:588} INFO - Filling up the DagBag from /home/airflow/.local/lib/python3.12/site-packages/airflow/example_dags/example_skip_dag.py
[2024-10-03T07:02:43.861+0000] {processor.py:925} INFO - DAG(s) 'example_skip_dag' retrieved from /home/airflow/.local/lib/python3.12/site-packages/airflow/example_dags/example_skip_dag.py
[2024-10-03T07:02:43.887+0000] {logging_mixin.py:190} INFO - [2024-10-03T07:02:43.886+0000] {dag.py:3239} INFO - Sync 1 DAGs
[2024-10-03T07:02:43.916+0000] {logging_mixin.py:190} INFO - [2024-10-03T07:02:43.915+0000] {dag.py:4180} INFO - Setting next_dagrun for example_skip_dag to 2024-10-02 00:00:00+00:00, run_after=2024-10-03 00:00:00+00:00
[2024-10-03T07:02:43.945+0000] {processor.py:208} INFO - Processing /home/airflow/.local/lib/python3.12/site-packages/airflow/example_dags/example_skip_dag.py took 0.104 seconds
[2024-10-03T07:03:14.353+0000] {processor.py:186} INFO - Started process (PID=1262) to work on /home/airflow/.local/lib/python3.12/site-packages/airflow/example_dags/example_skip_dag.py
[2024-10-03T07:03:14.354+0000] {processor.py:914} INFO - Processing file /home/airflow/.local/lib/python3.12/site-packages/airflow/example_dags/example_skip_dag.py for tasks to queue
[2024-10-03T07:03:14.356+0000] {logging_mixin.py:190} INFO - [2024-10-03T07:03:14.356+0000] {dagbag.py:588} INFO - Filling up the DagBag from /home/airflow/.local/lib/python3.12/site-packages/airflow/example_dags/example_skip_dag.py
[2024-10-03T07:03:14.367+0000] {processor.py:925} INFO - DAG(s) 'example_skip_dag' retrieved from /home/airflow/.local/lib/python3.12/site-packages/airflow/example_dags/example_skip_dag.py
[2024-10-03T07:03:14.392+0000] {logging_mixin.py:190} INFO - [2024-10-03T07:03:14.391+0000] {dag.py:3239} INFO - Sync 1 DAGs
[2024-10-03T07:03:14.419+0000] {logging_mixin.py:190} INFO - [2024-10-03T07:03:14.419+0000] {dag.py:4180} INFO - Setting next_dagrun for example_skip_dag to 2024-10-02 00:00:00+00:00, run_after=2024-10-03 00:00:00+00:00
[2024-10-03T07:03:14.444+0000] {processor.py:208} INFO - Processing /home/airflow/.local/lib/python3.12/site-packages/airflow/example_dags/example_skip_dag.py took 0.097 seconds
[2024-10-03T07:03:45.827+0000] {processor.py:186} INFO - Started process (PID=1325) to work on /home/airflow/.local/lib/python3.12/site-packages/airflow/example_dags/example_skip_dag.py
[2024-10-03T07:03:45.829+0000] {processor.py:914} INFO - Processing file /home/airflow/.local/lib/python3.12/site-packages/airflow/example_dags/example_skip_dag.py for tasks to queue
[2024-10-03T07:03:45.832+0000] {logging_mixin.py:190} INFO - [2024-10-03T07:03:45.831+0000] {dagbag.py:588} INFO - Filling up the DagBag from /home/airflow/.local/lib/python3.12/site-packages/airflow/example_dags/example_skip_dag.py
[2024-10-03T07:03:45.850+0000] {processor.py:925} INFO - DAG(s) 'example_skip_dag' retrieved from /home/airflow/.local/lib/python3.12/site-packages/airflow/example_dags/example_skip_dag.py
[2024-10-03T07:03:45.889+0000] {logging_mixin.py:190} INFO - [2024-10-03T07:03:45.888+0000] {dag.py:3239} INFO - Sync 1 DAGs
[2024-10-03T07:03:45.939+0000] {logging_mixin.py:190} INFO - [2024-10-03T07:03:45.939+0000] {dag.py:4180} INFO - Setting next_dagrun for example_skip_dag to 2024-10-02 00:00:00+00:00, run_after=2024-10-03 00:00:00+00:00
[2024-10-03T07:03:45.977+0000] {processor.py:208} INFO - Processing /home/airflow/.local/lib/python3.12/site-packages/airflow/example_dags/example_skip_dag.py took 0.163 seconds
[2024-10-03T07:04:16.966+0000] {processor.py:186} INFO - Started process (PID=1388) to work on /home/airflow/.local/lib/python3.12/site-packages/airflow/example_dags/example_skip_dag.py
[2024-10-03T07:04:16.968+0000] {processor.py:914} INFO - Processing file /home/airflow/.local/lib/python3.12/site-packages/airflow/example_dags/example_skip_dag.py for tasks to queue
[2024-10-03T07:04:16.970+0000] {logging_mixin.py:190} INFO - [2024-10-03T07:04:16.970+0000] {dagbag.py:588} INFO - Filling up the DagBag from /home/airflow/.local/lib/python3.12/site-packages/airflow/example_dags/example_skip_dag.py
[2024-10-03T07:04:16.988+0000] {processor.py:925} INFO - DAG(s) 'example_skip_dag' retrieved from /home/airflow/.local/lib/python3.12/site-packages/airflow/example_dags/example_skip_dag.py
[2024-10-03T07:04:17.029+0000] {logging_mixin.py:190} INFO - [2024-10-03T07:04:17.029+0000] {dag.py:3239} INFO - Sync 1 DAGs
[2024-10-03T07:04:17.071+0000] {logging_mixin.py:190} INFO - [2024-10-03T07:04:17.071+0000] {dag.py:4180} INFO - Setting next_dagrun for example_skip_dag to 2024-10-02 00:00:00+00:00, run_after=2024-10-03 00:00:00+00:00
[2024-10-03T07:04:17.105+0000] {processor.py:208} INFO - Processing /home/airflow/.local/lib/python3.12/site-packages/airflow/example_dags/example_skip_dag.py took 0.148 seconds
[2024-10-03T07:04:47.522+0000] {processor.py:186} INFO - Started process (PID=1451) to work on /home/airflow/.local/lib/python3.12/site-packages/airflow/example_dags/example_skip_dag.py
[2024-10-03T07:04:47.523+0000] {processor.py:914} INFO - Processing file /home/airflow/.local/lib/python3.12/site-packages/airflow/example_dags/example_skip_dag.py for tasks to queue
[2024-10-03T07:04:47.525+0000] {logging_mixin.py:190} INFO - [2024-10-03T07:04:47.524+0000] {dagbag.py:588} INFO - Filling up the DagBag from /home/airflow/.local/lib/python3.12/site-packages/airflow/example_dags/example_skip_dag.py
[2024-10-03T07:04:47.538+0000] {processor.py:925} INFO - DAG(s) 'example_skip_dag' retrieved from /home/airflow/.local/lib/python3.12/site-packages/airflow/example_dags/example_skip_dag.py
[2024-10-03T07:04:47.574+0000] {logging_mixin.py:190} INFO - [2024-10-03T07:04:47.573+0000] {dag.py:3239} INFO - Sync 1 DAGs
[2024-10-03T07:04:47.609+0000] {logging_mixin.py:190} INFO - [2024-10-03T07:04:47.608+0000] {dag.py:4180} INFO - Setting next_dagrun for example_skip_dag to 2024-10-02 00:00:00+00:00, run_after=2024-10-03 00:00:00+00:00
[2024-10-03T07:04:47.642+0000] {processor.py:208} INFO - Processing /home/airflow/.local/lib/python3.12/site-packages/airflow/example_dags/example_skip_dag.py took 0.128 seconds
[2024-10-03T07:05:19.230+0000] {processor.py:186} INFO - Started process (PID=1513) to work on /home/airflow/.local/lib/python3.12/site-packages/airflow/example_dags/example_skip_dag.py
[2024-10-03T07:05:19.232+0000] {processor.py:914} INFO - Processing file /home/airflow/.local/lib/python3.12/site-packages/airflow/example_dags/example_skip_dag.py for tasks to queue
[2024-10-03T07:05:19.235+0000] {logging_mixin.py:190} INFO - [2024-10-03T07:05:19.234+0000] {dagbag.py:588} INFO - Filling up the DagBag from /home/airflow/.local/lib/python3.12/site-packages/airflow/example_dags/example_skip_dag.py
[2024-10-03T07:05:19.247+0000] {processor.py:925} INFO - DAG(s) 'example_skip_dag' retrieved from /home/airflow/.local/lib/python3.12/site-packages/airflow/example_dags/example_skip_dag.py
[2024-10-03T07:05:19.291+0000] {logging_mixin.py:190} INFO - [2024-10-03T07:05:19.291+0000] {dag.py:3239} INFO - Sync 1 DAGs
[2024-10-03T07:05:19.329+0000] {logging_mixin.py:190} INFO - [2024-10-03T07:05:19.328+0000] {dag.py:4180} INFO - Setting next_dagrun for example_skip_dag to 2024-10-02 00:00:00+00:00, run_after=2024-10-03 00:00:00+00:00
[2024-10-03T07:05:19.367+0000] {processor.py:208} INFO - Processing /home/airflow/.local/lib/python3.12/site-packages/airflow/example_dags/example_skip_dag.py took 0.144 seconds
[2024-10-03T07:07:13.106+0000] {processor.py:186} INFO - Started process (PID=1576) to work on /home/airflow/.local/lib/python3.12/site-packages/airflow/example_dags/example_skip_dag.py
[2024-10-03T07:07:13.110+0000] {processor.py:914} INFO - Processing file /home/airflow/.local/lib/python3.12/site-packages/airflow/example_dags/example_skip_dag.py for tasks to queue
[2024-10-03T07:07:13.112+0000] {logging_mixin.py:190} INFO - [2024-10-03T07:07:13.112+0000] {dagbag.py:588} INFO - Filling up the DagBag from /home/airflow/.local/lib/python3.12/site-packages/airflow/example_dags/example_skip_dag.py
[2024-10-03T07:07:13.128+0000] {processor.py:925} INFO - DAG(s) 'example_skip_dag' retrieved from /home/airflow/.local/lib/python3.12/site-packages/airflow/example_dags/example_skip_dag.py
[2024-10-03T07:07:13.157+0000] {logging_mixin.py:190} INFO - [2024-10-03T07:07:13.157+0000] {dag.py:3239} INFO - Sync 1 DAGs
[2024-10-03T07:07:13.188+0000] {logging_mixin.py:190} INFO - [2024-10-03T07:07:13.187+0000] {dag.py:4180} INFO - Setting next_dagrun for example_skip_dag to 2024-10-02 00:00:00+00:00, run_after=2024-10-03 00:00:00+00:00
[2024-10-03T07:07:13.215+0000] {processor.py:208} INFO - Processing /home/airflow/.local/lib/python3.12/site-packages/airflow/example_dags/example_skip_dag.py took 0.116 seconds
[2024-10-03T07:07:43.705+0000] {processor.py:186} INFO - Started process (PID=1639) to work on /home/airflow/.local/lib/python3.12/site-packages/airflow/example_dags/example_skip_dag.py
[2024-10-03T07:07:43.707+0000] {processor.py:914} INFO - Processing file /home/airflow/.local/lib/python3.12/site-packages/airflow/example_dags/example_skip_dag.py for tasks to queue
[2024-10-03T07:07:43.710+0000] {logging_mixin.py:190} INFO - [2024-10-03T07:07:43.709+0000] {dagbag.py:588} INFO - Filling up the DagBag from /home/airflow/.local/lib/python3.12/site-packages/airflow/example_dags/example_skip_dag.py
[2024-10-03T07:07:43.725+0000] {processor.py:925} INFO - DAG(s) 'example_skip_dag' retrieved from /home/airflow/.local/lib/python3.12/site-packages/airflow/example_dags/example_skip_dag.py
[2024-10-03T07:07:43.755+0000] {logging_mixin.py:190} INFO - [2024-10-03T07:07:43.755+0000] {dag.py:3239} INFO - Sync 1 DAGs
[2024-10-03T07:07:43.791+0000] {logging_mixin.py:190} INFO - [2024-10-03T07:07:43.790+0000] {dag.py:4180} INFO - Setting next_dagrun for example_skip_dag to 2024-10-02 00:00:00+00:00, run_after=2024-10-03 00:00:00+00:00
[2024-10-03T07:07:43.825+0000] {processor.py:208} INFO - Processing /home/airflow/.local/lib/python3.12/site-packages/airflow/example_dags/example_skip_dag.py took 0.130 seconds
[2024-10-03T07:08:47.635+0000] {processor.py:186} INFO - Started process (PID=1702) to work on /home/airflow/.local/lib/python3.12/site-packages/airflow/example_dags/example_skip_dag.py
[2024-10-03T07:08:47.639+0000] {processor.py:914} INFO - Processing file /home/airflow/.local/lib/python3.12/site-packages/airflow/example_dags/example_skip_dag.py for tasks to queue
[2024-10-03T07:08:47.643+0000] {logging_mixin.py:190} INFO - [2024-10-03T07:08:47.642+0000] {dagbag.py:588} INFO - Filling up the DagBag from /home/airflow/.local/lib/python3.12/site-packages/airflow/example_dags/example_skip_dag.py
[2024-10-03T07:08:47.671+0000] {processor.py:925} INFO - DAG(s) 'example_skip_dag' retrieved from /home/airflow/.local/lib/python3.12/site-packages/airflow/example_dags/example_skip_dag.py
[2024-10-03T07:08:47.744+0000] {logging_mixin.py:190} INFO - [2024-10-03T07:08:47.742+0000] {dag.py:3239} INFO - Sync 1 DAGs
[2024-10-03T07:08:47.818+0000] {logging_mixin.py:190} INFO - [2024-10-03T07:08:47.818+0000] {dag.py:4180} INFO - Setting next_dagrun for example_skip_dag to 2024-10-02 00:00:00+00:00, run_after=2024-10-03 00:00:00+00:00
[2024-10-03T07:08:47.886+0000] {processor.py:208} INFO - Processing /home/airflow/.local/lib/python3.12/site-packages/airflow/example_dags/example_skip_dag.py took 0.268 seconds
[2024-10-03T07:09:18.953+0000] {processor.py:186} INFO - Started process (PID=1772) to work on /home/airflow/.local/lib/python3.12/site-packages/airflow/example_dags/example_skip_dag.py
[2024-10-03T07:09:18.957+0000] {processor.py:914} INFO - Processing file /home/airflow/.local/lib/python3.12/site-packages/airflow/example_dags/example_skip_dag.py for tasks to queue
[2024-10-03T07:09:18.961+0000] {logging_mixin.py:190} INFO - [2024-10-03T07:09:18.960+0000] {dagbag.py:588} INFO - Filling up the DagBag from /home/airflow/.local/lib/python3.12/site-packages/airflow/example_dags/example_skip_dag.py
[2024-10-03T07:09:18.986+0000] {processor.py:925} INFO - DAG(s) 'example_skip_dag' retrieved from /home/airflow/.local/lib/python3.12/site-packages/airflow/example_dags/example_skip_dag.py
[2024-10-03T07:09:19.035+0000] {logging_mixin.py:190} INFO - [2024-10-03T07:09:19.034+0000] {dag.py:3239} INFO - Sync 1 DAGs
[2024-10-03T07:09:19.083+0000] {logging_mixin.py:190} INFO - [2024-10-03T07:09:19.083+0000] {dag.py:4180} INFO - Setting next_dagrun for example_skip_dag to 2024-10-02 00:00:00+00:00, run_after=2024-10-03 00:00:00+00:00
[2024-10-03T07:09:19.131+0000] {processor.py:208} INFO - Processing /home/airflow/.local/lib/python3.12/site-packages/airflow/example_dags/example_skip_dag.py took 0.194 seconds
[2024-10-03T07:09:49.454+0000] {processor.py:186} INFO - Started process (PID=1835) to work on /home/airflow/.local/lib/python3.12/site-packages/airflow/example_dags/example_skip_dag.py
[2024-10-03T07:09:49.456+0000] {processor.py:914} INFO - Processing file /home/airflow/.local/lib/python3.12/site-packages/airflow/example_dags/example_skip_dag.py for tasks to queue
[2024-10-03T07:09:49.458+0000] {logging_mixin.py:190} INFO - [2024-10-03T07:09:49.457+0000] {dagbag.py:588} INFO - Filling up the DagBag from /home/airflow/.local/lib/python3.12/site-packages/airflow/example_dags/example_skip_dag.py
[2024-10-03T07:09:49.467+0000] {processor.py:925} INFO - DAG(s) 'example_skip_dag' retrieved from /home/airflow/.local/lib/python3.12/site-packages/airflow/example_dags/example_skip_dag.py
[2024-10-03T07:09:49.494+0000] {logging_mixin.py:190} INFO - [2024-10-03T07:09:49.494+0000] {dag.py:3239} INFO - Sync 1 DAGs
[2024-10-03T07:09:49.521+0000] {logging_mixin.py:190} INFO - [2024-10-03T07:09:49.521+0000] {dag.py:4180} INFO - Setting next_dagrun for example_skip_dag to 2024-10-02 00:00:00+00:00, run_after=2024-10-03 00:00:00+00:00
[2024-10-03T07:09:49.549+0000] {processor.py:208} INFO - Processing /home/airflow/.local/lib/python3.12/site-packages/airflow/example_dags/example_skip_dag.py took 0.102 seconds
[2024-10-03T07:10:20.205+0000] {processor.py:186} INFO - Started process (PID=1898) to work on /home/airflow/.local/lib/python3.12/site-packages/airflow/example_dags/example_skip_dag.py
[2024-10-03T07:10:20.208+0000] {processor.py:914} INFO - Processing file /home/airflow/.local/lib/python3.12/site-packages/airflow/example_dags/example_skip_dag.py for tasks to queue
[2024-10-03T07:10:20.211+0000] {logging_mixin.py:190} INFO - [2024-10-03T07:10:20.210+0000] {dagbag.py:588} INFO - Filling up the DagBag from /home/airflow/.local/lib/python3.12/site-packages/airflow/example_dags/example_skip_dag.py
[2024-10-03T07:10:20.222+0000] {processor.py:925} INFO - DAG(s) 'example_skip_dag' retrieved from /home/airflow/.local/lib/python3.12/site-packages/airflow/example_dags/example_skip_dag.py
[2024-10-03T07:10:20.249+0000] {logging_mixin.py:190} INFO - [2024-10-03T07:10:20.249+0000] {dag.py:3239} INFO - Sync 1 DAGs
[2024-10-03T07:10:20.283+0000] {logging_mixin.py:190} INFO - [2024-10-03T07:10:20.282+0000] {dag.py:4180} INFO - Setting next_dagrun for example_skip_dag to 2024-10-02 00:00:00+00:00, run_after=2024-10-03 00:00:00+00:00
[2024-10-03T07:10:20.314+0000] {processor.py:208} INFO - Processing /home/airflow/.local/lib/python3.12/site-packages/airflow/example_dags/example_skip_dag.py took 0.115 seconds
[2024-10-03T07:10:51.029+0000] {processor.py:186} INFO - Started process (PID=1961) to work on /home/airflow/.local/lib/python3.12/site-packages/airflow/example_dags/example_skip_dag.py
[2024-10-03T07:10:51.031+0000] {processor.py:914} INFO - Processing file /home/airflow/.local/lib/python3.12/site-packages/airflow/example_dags/example_skip_dag.py for tasks to queue
[2024-10-03T07:10:51.033+0000] {logging_mixin.py:190} INFO - [2024-10-03T07:10:51.032+0000] {dagbag.py:588} INFO - Filling up the DagBag from /home/airflow/.local/lib/python3.12/site-packages/airflow/example_dags/example_skip_dag.py
[2024-10-03T07:10:51.044+0000] {processor.py:925} INFO - DAG(s) 'example_skip_dag' retrieved from /home/airflow/.local/lib/python3.12/site-packages/airflow/example_dags/example_skip_dag.py
[2024-10-03T07:10:51.070+0000] {logging_mixin.py:190} INFO - [2024-10-03T07:10:51.070+0000] {dag.py:3239} INFO - Sync 1 DAGs
[2024-10-03T07:10:51.102+0000] {logging_mixin.py:190} INFO - [2024-10-03T07:10:51.101+0000] {dag.py:4180} INFO - Setting next_dagrun for example_skip_dag to 2024-10-02 00:00:00+00:00, run_after=2024-10-03 00:00:00+00:00
[2024-10-03T07:10:51.136+0000] {processor.py:208} INFO - Processing /home/airflow/.local/lib/python3.12/site-packages/airflow/example_dags/example_skip_dag.py took 0.115 seconds
[2024-10-03T07:11:22.301+0000] {processor.py:186} INFO - Started process (PID=2024) to work on /home/airflow/.local/lib/python3.12/site-packages/airflow/example_dags/example_skip_dag.py
[2024-10-03T07:11:22.303+0000] {processor.py:914} INFO - Processing file /home/airflow/.local/lib/python3.12/site-packages/airflow/example_dags/example_skip_dag.py for tasks to queue
[2024-10-03T07:11:22.304+0000] {logging_mixin.py:190} INFO - [2024-10-03T07:11:22.304+0000] {dagbag.py:588} INFO - Filling up the DagBag from /home/airflow/.local/lib/python3.12/site-packages/airflow/example_dags/example_skip_dag.py
[2024-10-03T07:11:22.314+0000] {processor.py:925} INFO - DAG(s) 'example_skip_dag' retrieved from /home/airflow/.local/lib/python3.12/site-packages/airflow/example_dags/example_skip_dag.py
[2024-10-03T07:11:22.343+0000] {logging_mixin.py:190} INFO - [2024-10-03T07:11:22.343+0000] {dag.py:3239} INFO - Sync 1 DAGs
[2024-10-03T07:11:22.386+0000] {logging_mixin.py:190} INFO - [2024-10-03T07:11:22.385+0000] {dag.py:4180} INFO - Setting next_dagrun for example_skip_dag to 2024-10-02 00:00:00+00:00, run_after=2024-10-03 00:00:00+00:00
[2024-10-03T07:11:22.430+0000] {processor.py:208} INFO - Processing /home/airflow/.local/lib/python3.12/site-packages/airflow/example_dags/example_skip_dag.py took 0.135 seconds
[2024-10-03T07:11:53.838+0000] {processor.py:186} INFO - Started process (PID=2093) to work on /home/airflow/.local/lib/python3.12/site-packages/airflow/example_dags/example_skip_dag.py
[2024-10-03T07:11:53.840+0000] {processor.py:914} INFO - Processing file /home/airflow/.local/lib/python3.12/site-packages/airflow/example_dags/example_skip_dag.py for tasks to queue
[2024-10-03T07:11:53.841+0000] {logging_mixin.py:190} INFO - [2024-10-03T07:11:53.841+0000] {dagbag.py:588} INFO - Filling up the DagBag from /home/airflow/.local/lib/python3.12/site-packages/airflow/example_dags/example_skip_dag.py
[2024-10-03T07:11:53.851+0000] {processor.py:925} INFO - DAG(s) 'example_skip_dag' retrieved from /home/airflow/.local/lib/python3.12/site-packages/airflow/example_dags/example_skip_dag.py
[2024-10-03T07:11:53.881+0000] {logging_mixin.py:190} INFO - [2024-10-03T07:11:53.881+0000] {dag.py:3239} INFO - Sync 1 DAGs
[2024-10-03T07:11:53.909+0000] {logging_mixin.py:190} INFO - [2024-10-03T07:11:53.909+0000] {dag.py:4180} INFO - Setting next_dagrun for example_skip_dag to 2024-10-02 00:00:00+00:00, run_after=2024-10-03 00:00:00+00:00
[2024-10-03T07:11:53.935+0000] {processor.py:208} INFO - Processing /home/airflow/.local/lib/python3.12/site-packages/airflow/example_dags/example_skip_dag.py took 0.103 seconds
[2024-10-03T07:12:25.102+0000] {processor.py:186} INFO - Started process (PID=2159) to work on /home/airflow/.local/lib/python3.12/site-packages/airflow/example_dags/example_skip_dag.py
[2024-10-03T07:12:25.103+0000] {processor.py:914} INFO - Processing file /home/airflow/.local/lib/python3.12/site-packages/airflow/example_dags/example_skip_dag.py for tasks to queue
[2024-10-03T07:12:25.106+0000] {logging_mixin.py:190} INFO - [2024-10-03T07:12:25.105+0000] {dagbag.py:588} INFO - Filling up the DagBag from /home/airflow/.local/lib/python3.12/site-packages/airflow/example_dags/example_skip_dag.py
[2024-10-03T07:12:25.115+0000] {processor.py:925} INFO - DAG(s) 'example_skip_dag' retrieved from /home/airflow/.local/lib/python3.12/site-packages/airflow/example_dags/example_skip_dag.py
[2024-10-03T07:12:25.142+0000] {logging_mixin.py:190} INFO - [2024-10-03T07:12:25.141+0000] {dag.py:3239} INFO - Sync 1 DAGs
[2024-10-03T07:12:25.169+0000] {logging_mixin.py:190} INFO - [2024-10-03T07:12:25.169+0000] {dag.py:4180} INFO - Setting next_dagrun for example_skip_dag to 2024-10-02 00:00:00+00:00, run_after=2024-10-03 00:00:00+00:00
[2024-10-03T07:12:25.196+0000] {processor.py:208} INFO - Processing /home/airflow/.local/lib/python3.12/site-packages/airflow/example_dags/example_skip_dag.py took 0.101 seconds
[2024-10-03T07:12:56.408+0000] {processor.py:186} INFO - Started process (PID=2223) to work on /home/airflow/.local/lib/python3.12/site-packages/airflow/example_dags/example_skip_dag.py
[2024-10-03T07:12:56.409+0000] {processor.py:914} INFO - Processing file /home/airflow/.local/lib/python3.12/site-packages/airflow/example_dags/example_skip_dag.py for tasks to queue
[2024-10-03T07:12:56.411+0000] {logging_mixin.py:190} INFO - [2024-10-03T07:12:56.410+0000] {dagbag.py:588} INFO - Filling up the DagBag from /home/airflow/.local/lib/python3.12/site-packages/airflow/example_dags/example_skip_dag.py
[2024-10-03T07:12:56.421+0000] {processor.py:925} INFO - DAG(s) 'example_skip_dag' retrieved from /home/airflow/.local/lib/python3.12/site-packages/airflow/example_dags/example_skip_dag.py
[2024-10-03T07:12:56.448+0000] {logging_mixin.py:190} INFO - [2024-10-03T07:12:56.448+0000] {dag.py:3239} INFO - Sync 1 DAGs
[2024-10-03T07:12:56.479+0000] {logging_mixin.py:190} INFO - [2024-10-03T07:12:56.479+0000] {dag.py:4180} INFO - Setting next_dagrun for example_skip_dag to 2024-10-02 00:00:00+00:00, run_after=2024-10-03 00:00:00+00:00
[2024-10-03T07:12:56.509+0000] {processor.py:208} INFO - Processing /home/airflow/.local/lib/python3.12/site-packages/airflow/example_dags/example_skip_dag.py took 0.108 seconds
[2024-10-03T07:13:27.248+0000] {processor.py:186} INFO - Started process (PID=2286) to work on /home/airflow/.local/lib/python3.12/site-packages/airflow/example_dags/example_skip_dag.py
[2024-10-03T07:13:27.249+0000] {processor.py:914} INFO - Processing file /home/airflow/.local/lib/python3.12/site-packages/airflow/example_dags/example_skip_dag.py for tasks to queue
[2024-10-03T07:13:27.252+0000] {logging_mixin.py:190} INFO - [2024-10-03T07:13:27.251+0000] {dagbag.py:588} INFO - Filling up the DagBag from /home/airflow/.local/lib/python3.12/site-packages/airflow/example_dags/example_skip_dag.py
[2024-10-03T07:13:27.265+0000] {processor.py:925} INFO - DAG(s) 'example_skip_dag' retrieved from /home/airflow/.local/lib/python3.12/site-packages/airflow/example_dags/example_skip_dag.py
[2024-10-03T07:13:27.298+0000] {logging_mixin.py:190} INFO - [2024-10-03T07:13:27.298+0000] {dag.py:3239} INFO - Sync 1 DAGs
[2024-10-03T07:13:27.334+0000] {logging_mixin.py:190} INFO - [2024-10-03T07:13:27.334+0000] {dag.py:4180} INFO - Setting next_dagrun for example_skip_dag to 2024-10-02 00:00:00+00:00, run_after=2024-10-03 00:00:00+00:00
[2024-10-03T07:13:27.365+0000] {processor.py:208} INFO - Processing /home/airflow/.local/lib/python3.12/site-packages/airflow/example_dags/example_skip_dag.py took 0.126 seconds
[2024-10-03T07:13:58.824+0000] {processor.py:186} INFO - Started process (PID=2349) to work on /home/airflow/.local/lib/python3.12/site-packages/airflow/example_dags/example_skip_dag.py
[2024-10-03T07:13:58.826+0000] {processor.py:914} INFO - Processing file /home/airflow/.local/lib/python3.12/site-packages/airflow/example_dags/example_skip_dag.py for tasks to queue
[2024-10-03T07:13:58.829+0000] {logging_mixin.py:190} INFO - [2024-10-03T07:13:58.828+0000] {dagbag.py:588} INFO - Filling up the DagBag from /home/airflow/.local/lib/python3.12/site-packages/airflow/example_dags/example_skip_dag.py
[2024-10-03T07:13:58.841+0000] {processor.py:925} INFO - DAG(s) 'example_skip_dag' retrieved from /home/airflow/.local/lib/python3.12/site-packages/airflow/example_dags/example_skip_dag.py
[2024-10-03T07:13:58.874+0000] {logging_mixin.py:190} INFO - [2024-10-03T07:13:58.873+0000] {dag.py:3239} INFO - Sync 1 DAGs
[2024-10-03T07:13:58.911+0000] {logging_mixin.py:190} INFO - [2024-10-03T07:13:58.910+0000] {dag.py:4180} INFO - Setting next_dagrun for example_skip_dag to 2024-10-02 00:00:00+00:00, run_after=2024-10-03 00:00:00+00:00
[2024-10-03T07:13:58.947+0000] {processor.py:208} INFO - Processing /home/airflow/.local/lib/python3.12/site-packages/airflow/example_dags/example_skip_dag.py took 0.130 seconds
[2024-10-03T07:14:29.850+0000] {processor.py:186} INFO - Started process (PID=2412) to work on /home/airflow/.local/lib/python3.12/site-packages/airflow/example_dags/example_skip_dag.py
[2024-10-03T07:14:29.852+0000] {processor.py:914} INFO - Processing file /home/airflow/.local/lib/python3.12/site-packages/airflow/example_dags/example_skip_dag.py for tasks to queue
[2024-10-03T07:14:29.854+0000] {logging_mixin.py:190} INFO - [2024-10-03T07:14:29.854+0000] {dagbag.py:588} INFO - Filling up the DagBag from /home/airflow/.local/lib/python3.12/site-packages/airflow/example_dags/example_skip_dag.py
[2024-10-03T07:14:29.868+0000] {processor.py:925} INFO - DAG(s) 'example_skip_dag' retrieved from /home/airflow/.local/lib/python3.12/site-packages/airflow/example_dags/example_skip_dag.py
[2024-10-03T07:14:29.900+0000] {logging_mixin.py:190} INFO - [2024-10-03T07:14:29.899+0000] {dag.py:3239} INFO - Sync 1 DAGs
[2024-10-03T07:14:29.925+0000] {logging_mixin.py:190} INFO - [2024-10-03T07:14:29.924+0000] {dag.py:4180} INFO - Setting next_dagrun for example_skip_dag to 2024-10-02 00:00:00+00:00, run_after=2024-10-03 00:00:00+00:00
[2024-10-03T07:14:29.950+0000] {processor.py:208} INFO - Processing /home/airflow/.local/lib/python3.12/site-packages/airflow/example_dags/example_skip_dag.py took 0.107 seconds
[2024-10-03T07:15:01.051+0000] {processor.py:186} INFO - Started process (PID=2476) to work on /home/airflow/.local/lib/python3.12/site-packages/airflow/example_dags/example_skip_dag.py
[2024-10-03T07:15:01.052+0000] {processor.py:914} INFO - Processing file /home/airflow/.local/lib/python3.12/site-packages/airflow/example_dags/example_skip_dag.py for tasks to queue
[2024-10-03T07:15:01.054+0000] {logging_mixin.py:190} INFO - [2024-10-03T07:15:01.053+0000] {dagbag.py:588} INFO - Filling up the DagBag from /home/airflow/.local/lib/python3.12/site-packages/airflow/example_dags/example_skip_dag.py
[2024-10-03T07:15:01.063+0000] {processor.py:925} INFO - DAG(s) 'example_skip_dag' retrieved from /home/airflow/.local/lib/python3.12/site-packages/airflow/example_dags/example_skip_dag.py
[2024-10-03T07:15:01.088+0000] {logging_mixin.py:190} INFO - [2024-10-03T07:15:01.087+0000] {dag.py:3239} INFO - Sync 1 DAGs
[2024-10-03T07:15:01.113+0000] {logging_mixin.py:190} INFO - [2024-10-03T07:15:01.113+0000] {dag.py:4180} INFO - Setting next_dagrun for example_skip_dag to 2024-10-02 00:00:00+00:00, run_after=2024-10-03 00:00:00+00:00
[2024-10-03T07:15:01.138+0000] {processor.py:208} INFO - Processing /home/airflow/.local/lib/python3.12/site-packages/airflow/example_dags/example_skip_dag.py took 0.093 seconds
[2024-10-03T07:15:31.676+0000] {processor.py:186} INFO - Started process (PID=2539) to work on /home/airflow/.local/lib/python3.12/site-packages/airflow/example_dags/example_skip_dag.py
[2024-10-03T07:15:31.678+0000] {processor.py:914} INFO - Processing file /home/airflow/.local/lib/python3.12/site-packages/airflow/example_dags/example_skip_dag.py for tasks to queue
[2024-10-03T07:15:31.680+0000] {logging_mixin.py:190} INFO - [2024-10-03T07:15:31.679+0000] {dagbag.py:588} INFO - Filling up the DagBag from /home/airflow/.local/lib/python3.12/site-packages/airflow/example_dags/example_skip_dag.py
[2024-10-03T07:15:31.694+0000] {processor.py:925} INFO - DAG(s) 'example_skip_dag' retrieved from /home/airflow/.local/lib/python3.12/site-packages/airflow/example_dags/example_skip_dag.py
[2024-10-03T07:15:31.744+0000] {logging_mixin.py:190} INFO - [2024-10-03T07:15:31.743+0000] {dag.py:3239} INFO - Sync 1 DAGs
[2024-10-03T07:15:31.782+0000] {logging_mixin.py:190} INFO - [2024-10-03T07:15:31.782+0000] {dag.py:4180} INFO - Setting next_dagrun for example_skip_dag to 2024-10-02 00:00:00+00:00, run_after=2024-10-03 00:00:00+00:00
[2024-10-03T07:15:31.822+0000] {processor.py:208} INFO - Processing /home/airflow/.local/lib/python3.12/site-packages/airflow/example_dags/example_skip_dag.py took 0.153 seconds
[2024-10-03T07:16:02.216+0000] {processor.py:186} INFO - Started process (PID=2601) to work on /home/airflow/.local/lib/python3.12/site-packages/airflow/example_dags/example_skip_dag.py
[2024-10-03T07:16:02.218+0000] {processor.py:914} INFO - Processing file /home/airflow/.local/lib/python3.12/site-packages/airflow/example_dags/example_skip_dag.py for tasks to queue
[2024-10-03T07:16:02.220+0000] {logging_mixin.py:190} INFO - [2024-10-03T07:16:02.219+0000] {dagbag.py:588} INFO - Filling up the DagBag from /home/airflow/.local/lib/python3.12/site-packages/airflow/example_dags/example_skip_dag.py
[2024-10-03T07:16:02.228+0000] {processor.py:925} INFO - DAG(s) 'example_skip_dag' retrieved from /home/airflow/.local/lib/python3.12/site-packages/airflow/example_dags/example_skip_dag.py
[2024-10-03T07:16:02.254+0000] {logging_mixin.py:190} INFO - [2024-10-03T07:16:02.254+0000] {dag.py:3239} INFO - Sync 1 DAGs
[2024-10-03T07:16:02.283+0000] {logging_mixin.py:190} INFO - [2024-10-03T07:16:02.283+0000] {dag.py:4180} INFO - Setting next_dagrun for example_skip_dag to 2024-10-02 00:00:00+00:00, run_after=2024-10-03 00:00:00+00:00
[2024-10-03T07:16:02.307+0000] {processor.py:208} INFO - Processing /home/airflow/.local/lib/python3.12/site-packages/airflow/example_dags/example_skip_dag.py took 0.096 seconds
[2024-10-03T07:16:33.187+0000] {processor.py:186} INFO - Started process (PID=2665) to work on /home/airflow/.local/lib/python3.12/site-packages/airflow/example_dags/example_skip_dag.py
[2024-10-03T07:16:33.189+0000] {processor.py:914} INFO - Processing file /home/airflow/.local/lib/python3.12/site-packages/airflow/example_dags/example_skip_dag.py for tasks to queue
[2024-10-03T07:16:33.193+0000] {logging_mixin.py:190} INFO - [2024-10-03T07:16:33.192+0000] {dagbag.py:588} INFO - Filling up the DagBag from /home/airflow/.local/lib/python3.12/site-packages/airflow/example_dags/example_skip_dag.py
[2024-10-03T07:16:33.204+0000] {processor.py:925} INFO - DAG(s) 'example_skip_dag' retrieved from /home/airflow/.local/lib/python3.12/site-packages/airflow/example_dags/example_skip_dag.py
[2024-10-03T07:16:33.231+0000] {logging_mixin.py:190} INFO - [2024-10-03T07:16:33.231+0000] {dag.py:3239} INFO - Sync 1 DAGs
[2024-10-03T07:16:33.259+0000] {logging_mixin.py:190} INFO - [2024-10-03T07:16:33.259+0000] {dag.py:4180} INFO - Setting next_dagrun for example_skip_dag to 2024-10-02 00:00:00+00:00, run_after=2024-10-03 00:00:00+00:00
[2024-10-03T07:16:33.287+0000] {processor.py:208} INFO - Processing /home/airflow/.local/lib/python3.12/site-packages/airflow/example_dags/example_skip_dag.py took 0.106 seconds
[2024-10-03T07:17:03.432+0000] {processor.py:186} INFO - Started process (PID=2727) to work on /home/airflow/.local/lib/python3.12/site-packages/airflow/example_dags/example_skip_dag.py
[2024-10-03T07:17:03.435+0000] {processor.py:914} INFO - Processing file /home/airflow/.local/lib/python3.12/site-packages/airflow/example_dags/example_skip_dag.py for tasks to queue
[2024-10-03T07:17:03.437+0000] {logging_mixin.py:190} INFO - [2024-10-03T07:17:03.436+0000] {dagbag.py:588} INFO - Filling up the DagBag from /home/airflow/.local/lib/python3.12/site-packages/airflow/example_dags/example_skip_dag.py
[2024-10-03T07:17:03.447+0000] {processor.py:925} INFO - DAG(s) 'example_skip_dag' retrieved from /home/airflow/.local/lib/python3.12/site-packages/airflow/example_dags/example_skip_dag.py
[2024-10-03T07:17:03.472+0000] {logging_mixin.py:190} INFO - [2024-10-03T07:17:03.471+0000] {dag.py:3239} INFO - Sync 1 DAGs
[2024-10-03T07:17:03.499+0000] {logging_mixin.py:190} INFO - [2024-10-03T07:17:03.499+0000] {dag.py:4180} INFO - Setting next_dagrun for example_skip_dag to 2024-10-02 00:00:00+00:00, run_after=2024-10-03 00:00:00+00:00
[2024-10-03T07:17:03.526+0000] {processor.py:208} INFO - Processing /home/airflow/.local/lib/python3.12/site-packages/airflow/example_dags/example_skip_dag.py took 0.099 seconds
[2024-10-03T07:17:33.829+0000] {processor.py:186} INFO - Started process (PID=2790) to work on /home/airflow/.local/lib/python3.12/site-packages/airflow/example_dags/example_skip_dag.py
[2024-10-03T07:17:33.831+0000] {processor.py:914} INFO - Processing file /home/airflow/.local/lib/python3.12/site-packages/airflow/example_dags/example_skip_dag.py for tasks to queue
[2024-10-03T07:17:33.833+0000] {logging_mixin.py:190} INFO - [2024-10-03T07:17:33.832+0000] {dagbag.py:588} INFO - Filling up the DagBag from /home/airflow/.local/lib/python3.12/site-packages/airflow/example_dags/example_skip_dag.py
[2024-10-03T07:17:33.847+0000] {processor.py:925} INFO - DAG(s) 'example_skip_dag' retrieved from /home/airflow/.local/lib/python3.12/site-packages/airflow/example_dags/example_skip_dag.py
[2024-10-03T07:17:33.875+0000] {logging_mixin.py:190} INFO - [2024-10-03T07:17:33.875+0000] {dag.py:3239} INFO - Sync 1 DAGs
[2024-10-03T07:17:33.902+0000] {logging_mixin.py:190} INFO - [2024-10-03T07:17:33.902+0000] {dag.py:4180} INFO - Setting next_dagrun for example_skip_dag to 2024-10-02 00:00:00+00:00, run_after=2024-10-03 00:00:00+00:00
[2024-10-03T07:17:33.930+0000] {processor.py:208} INFO - Processing /home/airflow/.local/lib/python3.12/site-packages/airflow/example_dags/example_skip_dag.py took 0.109 seconds
[2024-10-03T07:18:04.917+0000] {processor.py:186} INFO - Started process (PID=2855) to work on /home/airflow/.local/lib/python3.12/site-packages/airflow/example_dags/example_skip_dag.py
[2024-10-03T07:18:04.919+0000] {processor.py:914} INFO - Processing file /home/airflow/.local/lib/python3.12/site-packages/airflow/example_dags/example_skip_dag.py for tasks to queue
[2024-10-03T07:18:04.922+0000] {logging_mixin.py:190} INFO - [2024-10-03T07:18:04.921+0000] {dagbag.py:588} INFO - Filling up the DagBag from /home/airflow/.local/lib/python3.12/site-packages/airflow/example_dags/example_skip_dag.py
[2024-10-03T07:18:04.935+0000] {processor.py:925} INFO - DAG(s) 'example_skip_dag' retrieved from /home/airflow/.local/lib/python3.12/site-packages/airflow/example_dags/example_skip_dag.py
[2024-10-03T07:18:04.966+0000] {logging_mixin.py:190} INFO - [2024-10-03T07:18:04.966+0000] {dag.py:3239} INFO - Sync 1 DAGs
[2024-10-03T07:18:04.996+0000] {logging_mixin.py:190} INFO - [2024-10-03T07:18:04.996+0000] {dag.py:4180} INFO - Setting next_dagrun for example_skip_dag to 2024-10-02 00:00:00+00:00, run_after=2024-10-03 00:00:00+00:00
[2024-10-03T07:18:05.022+0000] {processor.py:208} INFO - Processing /home/airflow/.local/lib/python3.12/site-packages/airflow/example_dags/example_skip_dag.py took 0.112 seconds
[2024-10-03T07:18:35.548+0000] {processor.py:186} INFO - Started process (PID=2917) to work on /home/airflow/.local/lib/python3.12/site-packages/airflow/example_dags/example_skip_dag.py
[2024-10-03T07:18:35.549+0000] {processor.py:914} INFO - Processing file /home/airflow/.local/lib/python3.12/site-packages/airflow/example_dags/example_skip_dag.py for tasks to queue
[2024-10-03T07:18:35.551+0000] {logging_mixin.py:190} INFO - [2024-10-03T07:18:35.551+0000] {dagbag.py:588} INFO - Filling up the DagBag from /home/airflow/.local/lib/python3.12/site-packages/airflow/example_dags/example_skip_dag.py
[2024-10-03T07:18:35.561+0000] {processor.py:925} INFO - DAG(s) 'example_skip_dag' retrieved from /home/airflow/.local/lib/python3.12/site-packages/airflow/example_dags/example_skip_dag.py
[2024-10-03T07:18:35.588+0000] {logging_mixin.py:190} INFO - [2024-10-03T07:18:35.588+0000] {dag.py:3239} INFO - Sync 1 DAGs
[2024-10-03T07:18:35.617+0000] {logging_mixin.py:190} INFO - [2024-10-03T07:18:35.617+0000] {dag.py:4180} INFO - Setting next_dagrun for example_skip_dag to 2024-10-02 00:00:00+00:00, run_after=2024-10-03 00:00:00+00:00
[2024-10-03T07:18:35.646+0000] {processor.py:208} INFO - Processing /home/airflow/.local/lib/python3.12/site-packages/airflow/example_dags/example_skip_dag.py took 0.105 seconds
