[2024-10-03T06:33:43.077+0000] {processor.py:157} INFO - Started process (PID=101) to work on /home/airflow/.local/lib/python3.8/site-packages/airflow/example_dags/example_sensors.py
[2024-10-03T06:33:43.082+0000] {processor.py:829} INFO - Processing file /home/airflow/.local/lib/python3.8/site-packages/airflow/example_dags/example_sensors.py for tasks to queue
[2024-10-03T06:33:43.105+0000] {logging_mixin.py:151} INFO - [2024-10-03T06:33:43.100+0000] {dagbag.py:539} INFO - Filling up the DagBag from /home/airflow/.local/lib/python3.8/site-packages/airflow/example_dags/example_sensors.py
[2024-10-03T06:33:45.822+0000] {processor.py:839} INFO - DAG(s) dict_keys(['example_sensors']) retrieved from /home/airflow/.local/lib/python3.8/site-packages/airflow/example_dags/example_sensors.py
[2024-10-03T06:33:46.380+0000] {logging_mixin.py:151} INFO - [2024-10-03T06:33:46.379+0000] {manager.py:501} INFO - Created Permission View: can delete on DAG:example_sensors
[2024-10-03T06:33:46.409+0000] {logging_mixin.py:151} INFO - [2024-10-03T06:33:46.409+0000] {manager.py:501} INFO - Created Permission View: can read on DAG:example_sensors
[2024-10-03T06:33:46.430+0000] {logging_mixin.py:151} INFO - [2024-10-03T06:33:46.430+0000] {manager.py:501} INFO - Created Permission View: can edit on DAG:example_sensors
[2024-10-03T06:33:46.463+0000] {logging_mixin.py:151} INFO - [2024-10-03T06:33:46.462+0000] {dag.py:2907} INFO - Sync 1 DAGs
[2024-10-03T06:33:46.487+0000] {logging_mixin.py:151} INFO - [2024-10-03T06:33:46.486+0000] {dag.py:2929} INFO - Creating ORM DAG for example_sensors
[2024-10-03T06:33:46.489+0000] {logging_mixin.py:151} INFO - [2024-10-03T06:33:46.488+0000] {dag.py:3677} INFO - Setting next_dagrun for example_sensors to None, run_after=None
[2024-10-03T06:33:46.530+0000] {processor.py:179} INFO - Processing /home/airflow/.local/lib/python3.8/site-packages/airflow/example_dags/example_sensors.py took 3.465 seconds
[2024-10-03T06:34:16.826+0000] {processor.py:157} INFO - Started process (PID=158) to work on /home/airflow/.local/lib/python3.8/site-packages/airflow/example_dags/example_sensors.py
[2024-10-03T06:34:16.828+0000] {processor.py:829} INFO - Processing file /home/airflow/.local/lib/python3.8/site-packages/airflow/example_dags/example_sensors.py for tasks to queue
[2024-10-03T06:34:16.833+0000] {logging_mixin.py:151} INFO - [2024-10-03T06:34:16.832+0000] {dagbag.py:539} INFO - Filling up the DagBag from /home/airflow/.local/lib/python3.8/site-packages/airflow/example_dags/example_sensors.py
[2024-10-03T06:34:16.867+0000] {processor.py:839} INFO - DAG(s) dict_keys(['example_sensors']) retrieved from /home/airflow/.local/lib/python3.8/site-packages/airflow/example_dags/example_sensors.py
[2024-10-03T06:34:16.942+0000] {logging_mixin.py:151} INFO - [2024-10-03T06:34:16.941+0000] {dag.py:2907} INFO - Sync 1 DAGs
[2024-10-03T06:34:16.976+0000] {logging_mixin.py:151} INFO - [2024-10-03T06:34:16.976+0000] {dag.py:3677} INFO - Setting next_dagrun for example_sensors to None, run_after=None
[2024-10-03T06:34:17.016+0000] {processor.py:179} INFO - Processing /home/airflow/.local/lib/python3.8/site-packages/airflow/example_dags/example_sensors.py took 0.196 seconds
[2024-10-03T06:34:47.077+0000] {processor.py:157} INFO - Started process (PID=216) to work on /home/airflow/.local/lib/python3.8/site-packages/airflow/example_dags/example_sensors.py
[2024-10-03T06:34:47.079+0000] {processor.py:829} INFO - Processing file /home/airflow/.local/lib/python3.8/site-packages/airflow/example_dags/example_sensors.py for tasks to queue
[2024-10-03T06:34:47.083+0000] {logging_mixin.py:151} INFO - [2024-10-03T06:34:47.083+0000] {dagbag.py:539} INFO - Filling up the DagBag from /home/airflow/.local/lib/python3.8/site-packages/airflow/example_dags/example_sensors.py
[2024-10-03T06:34:47.101+0000] {processor.py:839} INFO - DAG(s) dict_keys(['example_sensors']) retrieved from /home/airflow/.local/lib/python3.8/site-packages/airflow/example_dags/example_sensors.py
[2024-10-03T06:34:47.142+0000] {logging_mixin.py:151} INFO - [2024-10-03T06:34:47.141+0000] {dag.py:2907} INFO - Sync 1 DAGs
[2024-10-03T06:34:47.162+0000] {logging_mixin.py:151} INFO - [2024-10-03T06:34:47.161+0000] {dag.py:3677} INFO - Setting next_dagrun for example_sensors to None, run_after=None
[2024-10-03T06:34:47.221+0000] {processor.py:179} INFO - Processing /home/airflow/.local/lib/python3.8/site-packages/airflow/example_dags/example_sensors.py took 0.149 seconds
[2024-10-03T06:35:17.767+0000] {processor.py:157} INFO - Started process (PID=274) to work on /home/airflow/.local/lib/python3.8/site-packages/airflow/example_dags/example_sensors.py
[2024-10-03T06:35:17.771+0000] {processor.py:829} INFO - Processing file /home/airflow/.local/lib/python3.8/site-packages/airflow/example_dags/example_sensors.py for tasks to queue
[2024-10-03T06:35:17.778+0000] {logging_mixin.py:151} INFO - [2024-10-03T06:35:17.777+0000] {dagbag.py:539} INFO - Filling up the DagBag from /home/airflow/.local/lib/python3.8/site-packages/airflow/example_dags/example_sensors.py
[2024-10-03T06:35:17.809+0000] {processor.py:839} INFO - DAG(s) dict_keys(['example_sensors']) retrieved from /home/airflow/.local/lib/python3.8/site-packages/airflow/example_dags/example_sensors.py
[2024-10-03T06:35:17.902+0000] {logging_mixin.py:151} INFO - [2024-10-03T06:35:17.901+0000] {dag.py:2907} INFO - Sync 1 DAGs
[2024-10-03T06:35:17.947+0000] {logging_mixin.py:151} INFO - [2024-10-03T06:35:17.947+0000] {dag.py:3677} INFO - Setting next_dagrun for example_sensors to None, run_after=None
[2024-10-03T06:35:17.995+0000] {processor.py:179} INFO - Processing /home/airflow/.local/lib/python3.8/site-packages/airflow/example_dags/example_sensors.py took 0.239 seconds
[2024-10-03T06:35:48.394+0000] {processor.py:157} INFO - Started process (PID=332) to work on /home/airflow/.local/lib/python3.8/site-packages/airflow/example_dags/example_sensors.py
[2024-10-03T06:35:48.404+0000] {processor.py:829} INFO - Processing file /home/airflow/.local/lib/python3.8/site-packages/airflow/example_dags/example_sensors.py for tasks to queue
[2024-10-03T06:35:48.411+0000] {logging_mixin.py:151} INFO - [2024-10-03T06:35:48.410+0000] {dagbag.py:539} INFO - Filling up the DagBag from /home/airflow/.local/lib/python3.8/site-packages/airflow/example_dags/example_sensors.py
[2024-10-03T06:35:48.432+0000] {processor.py:839} INFO - DAG(s) dict_keys(['example_sensors']) retrieved from /home/airflow/.local/lib/python3.8/site-packages/airflow/example_dags/example_sensors.py
[2024-10-03T06:35:48.489+0000] {logging_mixin.py:151} INFO - [2024-10-03T06:35:48.489+0000] {dag.py:2907} INFO - Sync 1 DAGs
[2024-10-03T06:35:48.516+0000] {logging_mixin.py:151} INFO - [2024-10-03T06:35:48.515+0000] {dag.py:3677} INFO - Setting next_dagrun for example_sensors to None, run_after=None
[2024-10-03T06:35:48.571+0000] {processor.py:179} INFO - Processing /home/airflow/.local/lib/python3.8/site-packages/airflow/example_dags/example_sensors.py took 0.182 seconds
[2024-10-03T06:36:19.141+0000] {processor.py:157} INFO - Started process (PID=391) to work on /home/airflow/.local/lib/python3.8/site-packages/airflow/example_dags/example_sensors.py
[2024-10-03T06:36:19.144+0000] {processor.py:829} INFO - Processing file /home/airflow/.local/lib/python3.8/site-packages/airflow/example_dags/example_sensors.py for tasks to queue
[2024-10-03T06:36:19.149+0000] {logging_mixin.py:151} INFO - [2024-10-03T06:36:19.148+0000] {dagbag.py:539} INFO - Filling up the DagBag from /home/airflow/.local/lib/python3.8/site-packages/airflow/example_dags/example_sensors.py
[2024-10-03T06:36:19.167+0000] {processor.py:839} INFO - DAG(s) dict_keys(['example_sensors']) retrieved from /home/airflow/.local/lib/python3.8/site-packages/airflow/example_dags/example_sensors.py
[2024-10-03T06:36:19.214+0000] {logging_mixin.py:151} INFO - [2024-10-03T06:36:19.213+0000] {dag.py:2907} INFO - Sync 1 DAGs
[2024-10-03T06:36:19.247+0000] {logging_mixin.py:151} INFO - [2024-10-03T06:36:19.247+0000] {dag.py:3677} INFO - Setting next_dagrun for example_sensors to None, run_after=None
[2024-10-03T06:36:19.291+0000] {processor.py:179} INFO - Processing /home/airflow/.local/lib/python3.8/site-packages/airflow/example_dags/example_sensors.py took 0.157 seconds
[2024-10-03T06:41:08.142+0000] {processor.py:157} INFO - Started process (PID=87) to work on /home/airflow/.local/lib/python3.8/site-packages/airflow/example_dags/example_sensors.py
[2024-10-03T06:41:08.145+0000] {processor.py:829} INFO - Processing file /home/airflow/.local/lib/python3.8/site-packages/airflow/example_dags/example_sensors.py for tasks to queue
[2024-10-03T06:41:08.165+0000] {logging_mixin.py:151} INFO - [2024-10-03T06:41:08.161+0000] {dagbag.py:539} INFO - Filling up the DagBag from /home/airflow/.local/lib/python3.8/site-packages/airflow/example_dags/example_sensors.py
[2024-10-03T06:41:12.121+0000] {processor.py:839} INFO - DAG(s) dict_keys(['example_sensors']) retrieved from /home/airflow/.local/lib/python3.8/site-packages/airflow/example_dags/example_sensors.py
[2024-10-03T06:41:12.556+0000] {logging_mixin.py:151} INFO - [2024-10-03T06:41:12.555+0000] {dag.py:2907} INFO - Sync 1 DAGs
[2024-10-03T06:41:13.295+0000] {logging_mixin.py:151} INFO - [2024-10-03T06:41:13.294+0000] {dag.py:3677} INFO - Setting next_dagrun for example_sensors to None, run_after=None
[2024-10-03T06:41:13.630+0000] {processor.py:179} INFO - Processing /home/airflow/.local/lib/python3.8/site-packages/airflow/example_dags/example_sensors.py took 5.509 seconds
[2024-10-03T06:41:44.321+0000] {processor.py:157} INFO - Started process (PID=151) to work on /home/airflow/.local/lib/python3.8/site-packages/airflow/example_dags/example_sensors.py
[2024-10-03T06:41:44.338+0000] {processor.py:829} INFO - Processing file /home/airflow/.local/lib/python3.8/site-packages/airflow/example_dags/example_sensors.py for tasks to queue
[2024-10-03T06:41:44.346+0000] {logging_mixin.py:151} INFO - [2024-10-03T06:41:44.346+0000] {dagbag.py:539} INFO - Filling up the DagBag from /home/airflow/.local/lib/python3.8/site-packages/airflow/example_dags/example_sensors.py
[2024-10-03T06:41:44.397+0000] {processor.py:839} INFO - DAG(s) dict_keys(['example_sensors']) retrieved from /home/airflow/.local/lib/python3.8/site-packages/airflow/example_dags/example_sensors.py
[2024-10-03T06:41:44.471+0000] {logging_mixin.py:151} INFO - [2024-10-03T06:41:44.471+0000] {dag.py:2907} INFO - Sync 1 DAGs
[2024-10-03T06:41:44.490+0000] {logging_mixin.py:151} INFO - [2024-10-03T06:41:44.490+0000] {dag.py:3677} INFO - Setting next_dagrun for example_sensors to None, run_after=None
[2024-10-03T06:41:44.537+0000] {processor.py:179} INFO - Processing /home/airflow/.local/lib/python3.8/site-packages/airflow/example_dags/example_sensors.py took 0.228 seconds
[2024-10-03T06:42:14.877+0000] {processor.py:157} INFO - Started process (PID=209) to work on /home/airflow/.local/lib/python3.8/site-packages/airflow/example_dags/example_sensors.py
[2024-10-03T06:42:14.880+0000] {processor.py:829} INFO - Processing file /home/airflow/.local/lib/python3.8/site-packages/airflow/example_dags/example_sensors.py for tasks to queue
[2024-10-03T06:42:14.885+0000] {logging_mixin.py:151} INFO - [2024-10-03T06:42:14.885+0000] {dagbag.py:539} INFO - Filling up the DagBag from /home/airflow/.local/lib/python3.8/site-packages/airflow/example_dags/example_sensors.py
[2024-10-03T06:42:14.910+0000] {processor.py:839} INFO - DAG(s) dict_keys(['example_sensors']) retrieved from /home/airflow/.local/lib/python3.8/site-packages/airflow/example_dags/example_sensors.py
[2024-10-03T06:42:15.042+0000] {logging_mixin.py:151} INFO - [2024-10-03T06:42:15.042+0000] {dag.py:2907} INFO - Sync 1 DAGs
[2024-10-03T06:42:15.075+0000] {logging_mixin.py:151} INFO - [2024-10-03T06:42:15.075+0000] {dag.py:3677} INFO - Setting next_dagrun for example_sensors to None, run_after=None
[2024-10-03T06:42:15.126+0000] {processor.py:179} INFO - Processing /home/airflow/.local/lib/python3.8/site-packages/airflow/example_dags/example_sensors.py took 0.267 seconds
[2024-10-03T06:42:49.334+0000] {processor.py:157} INFO - Started process (PID=266) to work on /home/airflow/.local/lib/python3.8/site-packages/airflow/example_dags/example_sensors.py
[2024-10-03T06:42:49.338+0000] {processor.py:829} INFO - Processing file /home/airflow/.local/lib/python3.8/site-packages/airflow/example_dags/example_sensors.py for tasks to queue
[2024-10-03T06:42:49.343+0000] {logging_mixin.py:151} INFO - [2024-10-03T06:42:49.342+0000] {dagbag.py:539} INFO - Filling up the DagBag from /home/airflow/.local/lib/python3.8/site-packages/airflow/example_dags/example_sensors.py
[2024-10-03T06:42:49.362+0000] {processor.py:839} INFO - DAG(s) dict_keys(['example_sensors']) retrieved from /home/airflow/.local/lib/python3.8/site-packages/airflow/example_dags/example_sensors.py
[2024-10-03T06:42:49.501+0000] {logging_mixin.py:151} INFO - [2024-10-03T06:42:49.500+0000] {dag.py:2907} INFO - Sync 1 DAGs
[2024-10-03T06:42:49.558+0000] {logging_mixin.py:151} INFO - [2024-10-03T06:42:49.558+0000] {dag.py:3677} INFO - Setting next_dagrun for example_sensors to None, run_after=None
[2024-10-03T06:42:49.623+0000] {processor.py:179} INFO - Processing /home/airflow/.local/lib/python3.8/site-packages/airflow/example_dags/example_sensors.py took 0.310 seconds
[2024-10-03T06:52:38.055+0000] {processor.py:186} INFO - Started process (PID=91) to work on /home/airflow/.local/lib/python3.12/site-packages/airflow/example_dags/example_sensors.py
[2024-10-03T06:52:38.064+0000] {processor.py:914} INFO - Processing file /home/airflow/.local/lib/python3.12/site-packages/airflow/example_dags/example_sensors.py for tasks to queue
[2024-10-03T06:52:38.078+0000] {logging_mixin.py:190} INFO - [2024-10-03T06:52:38.078+0000] {dagbag.py:588} INFO - Filling up the DagBag from /home/airflow/.local/lib/python3.12/site-packages/airflow/example_dags/example_sensors.py
[2024-10-03T06:52:38.157+0000] {processor.py:925} INFO - DAG(s) 'example_sensors' retrieved from /home/airflow/.local/lib/python3.12/site-packages/airflow/example_dags/example_sensors.py
[2024-10-03T06:52:38.810+0000] {logging_mixin.py:190} INFO - [2024-10-03T06:52:38.810+0000] {dag.py:3239} INFO - Sync 1 DAGs
[2024-10-03T06:52:38.879+0000] {logging_mixin.py:190} INFO - [2024-10-03T06:52:38.878+0000] {dag.py:4180} INFO - Setting next_dagrun for example_sensors to None, run_after=None
[2024-10-03T06:52:38.945+0000] {processor.py:208} INFO - Processing /home/airflow/.local/lib/python3.12/site-packages/airflow/example_dags/example_sensors.py took 0.932 seconds
[2024-10-03T06:53:11.536+0000] {processor.py:186} INFO - Started process (PID=154) to work on /home/airflow/.local/lib/python3.12/site-packages/airflow/example_dags/example_sensors.py
[2024-10-03T06:53:11.539+0000] {processor.py:914} INFO - Processing file /home/airflow/.local/lib/python3.12/site-packages/airflow/example_dags/example_sensors.py for tasks to queue
[2024-10-03T06:53:11.544+0000] {logging_mixin.py:190} INFO - [2024-10-03T06:53:11.543+0000] {dagbag.py:588} INFO - Filling up the DagBag from /home/airflow/.local/lib/python3.12/site-packages/airflow/example_dags/example_sensors.py
[2024-10-03T06:53:11.575+0000] {processor.py:925} INFO - DAG(s) 'example_sensors' retrieved from /home/airflow/.local/lib/python3.12/site-packages/airflow/example_dags/example_sensors.py
[2024-10-03T06:53:11.647+0000] {logging_mixin.py:190} INFO - [2024-10-03T06:53:11.646+0000] {dag.py:3239} INFO - Sync 1 DAGs
[2024-10-03T06:53:11.700+0000] {logging_mixin.py:190} INFO - [2024-10-03T06:53:11.699+0000] {dag.py:4180} INFO - Setting next_dagrun for example_sensors to None, run_after=None
[2024-10-03T06:53:11.776+0000] {processor.py:208} INFO - Processing /home/airflow/.local/lib/python3.12/site-packages/airflow/example_dags/example_sensors.py took 0.255 seconds
[2024-10-03T06:53:42.044+0000] {processor.py:186} INFO - Started process (PID=218) to work on /home/airflow/.local/lib/python3.12/site-packages/airflow/example_dags/example_sensors.py
[2024-10-03T06:53:42.046+0000] {processor.py:914} INFO - Processing file /home/airflow/.local/lib/python3.12/site-packages/airflow/example_dags/example_sensors.py for tasks to queue
[2024-10-03T06:53:42.051+0000] {logging_mixin.py:190} INFO - [2024-10-03T06:53:42.050+0000] {dagbag.py:588} INFO - Filling up the DagBag from /home/airflow/.local/lib/python3.12/site-packages/airflow/example_dags/example_sensors.py
[2024-10-03T06:53:42.069+0000] {processor.py:925} INFO - DAG(s) 'example_sensors' retrieved from /home/airflow/.local/lib/python3.12/site-packages/airflow/example_dags/example_sensors.py
[2024-10-03T06:53:42.114+0000] {logging_mixin.py:190} INFO - [2024-10-03T06:53:42.113+0000] {dag.py:3239} INFO - Sync 1 DAGs
[2024-10-03T06:53:42.141+0000] {logging_mixin.py:190} INFO - [2024-10-03T06:53:42.140+0000] {dag.py:4180} INFO - Setting next_dagrun for example_sensors to None, run_after=None
[2024-10-03T06:53:42.195+0000] {processor.py:208} INFO - Processing /home/airflow/.local/lib/python3.12/site-packages/airflow/example_dags/example_sensors.py took 0.159 seconds
[2024-10-03T06:54:12.947+0000] {processor.py:186} INFO - Started process (PID=282) to work on /home/airflow/.local/lib/python3.12/site-packages/airflow/example_dags/example_sensors.py
[2024-10-03T06:54:12.948+0000] {processor.py:914} INFO - Processing file /home/airflow/.local/lib/python3.12/site-packages/airflow/example_dags/example_sensors.py for tasks to queue
[2024-10-03T06:54:12.952+0000] {logging_mixin.py:190} INFO - [2024-10-03T06:54:12.951+0000] {dagbag.py:588} INFO - Filling up the DagBag from /home/airflow/.local/lib/python3.12/site-packages/airflow/example_dags/example_sensors.py
[2024-10-03T06:54:12.969+0000] {processor.py:925} INFO - DAG(s) 'example_sensors' retrieved from /home/airflow/.local/lib/python3.12/site-packages/airflow/example_dags/example_sensors.py
[2024-10-03T06:54:13.014+0000] {logging_mixin.py:190} INFO - [2024-10-03T06:54:13.014+0000] {dag.py:3239} INFO - Sync 1 DAGs
[2024-10-03T06:54:13.039+0000] {logging_mixin.py:190} INFO - [2024-10-03T06:54:13.038+0000] {dag.py:4180} INFO - Setting next_dagrun for example_sensors to None, run_after=None
[2024-10-03T06:54:13.081+0000] {processor.py:208} INFO - Processing /home/airflow/.local/lib/python3.12/site-packages/airflow/example_dags/example_sensors.py took 0.142 seconds
[2024-10-03T06:54:43.351+0000] {processor.py:186} INFO - Started process (PID=346) to work on /home/airflow/.local/lib/python3.12/site-packages/airflow/example_dags/example_sensors.py
[2024-10-03T06:54:43.358+0000] {processor.py:914} INFO - Processing file /home/airflow/.local/lib/python3.12/site-packages/airflow/example_dags/example_sensors.py for tasks to queue
[2024-10-03T06:54:43.363+0000] {logging_mixin.py:190} INFO - [2024-10-03T06:54:43.363+0000] {dagbag.py:588} INFO - Filling up the DagBag from /home/airflow/.local/lib/python3.12/site-packages/airflow/example_dags/example_sensors.py
[2024-10-03T06:54:43.387+0000] {processor.py:925} INFO - DAG(s) 'example_sensors' retrieved from /home/airflow/.local/lib/python3.12/site-packages/airflow/example_dags/example_sensors.py
[2024-10-03T06:54:43.460+0000] {logging_mixin.py:190} INFO - [2024-10-03T06:54:43.459+0000] {dag.py:3239} INFO - Sync 1 DAGs
[2024-10-03T06:54:43.547+0000] {logging_mixin.py:190} INFO - [2024-10-03T06:54:43.546+0000] {dag.py:4180} INFO - Setting next_dagrun for example_sensors to None, run_after=None
[2024-10-03T06:54:43.600+0000] {processor.py:208} INFO - Processing /home/airflow/.local/lib/python3.12/site-packages/airflow/example_dags/example_sensors.py took 0.256 seconds
[2024-10-03T06:55:14.821+0000] {processor.py:186} INFO - Started process (PID=410) to work on /home/airflow/.local/lib/python3.12/site-packages/airflow/example_dags/example_sensors.py
[2024-10-03T06:55:14.826+0000] {processor.py:914} INFO - Processing file /home/airflow/.local/lib/python3.12/site-packages/airflow/example_dags/example_sensors.py for tasks to queue
[2024-10-03T06:55:14.830+0000] {logging_mixin.py:190} INFO - [2024-10-03T06:55:14.829+0000] {dagbag.py:588} INFO - Filling up the DagBag from /home/airflow/.local/lib/python3.12/site-packages/airflow/example_dags/example_sensors.py
[2024-10-03T06:55:14.853+0000] {processor.py:925} INFO - DAG(s) 'example_sensors' retrieved from /home/airflow/.local/lib/python3.12/site-packages/airflow/example_dags/example_sensors.py
[2024-10-03T06:55:14.905+0000] {logging_mixin.py:190} INFO - [2024-10-03T06:55:14.904+0000] {dag.py:3239} INFO - Sync 1 DAGs
[2024-10-03T06:55:14.931+0000] {logging_mixin.py:190} INFO - [2024-10-03T06:55:14.930+0000] {dag.py:4180} INFO - Setting next_dagrun for example_sensors to None, run_after=None
[2024-10-03T06:55:14.979+0000] {processor.py:208} INFO - Processing /home/airflow/.local/lib/python3.12/site-packages/airflow/example_dags/example_sensors.py took 0.167 seconds
[2024-10-03T06:55:45.293+0000] {processor.py:186} INFO - Started process (PID=474) to work on /home/airflow/.local/lib/python3.12/site-packages/airflow/example_dags/example_sensors.py
[2024-10-03T06:55:45.295+0000] {processor.py:914} INFO - Processing file /home/airflow/.local/lib/python3.12/site-packages/airflow/example_dags/example_sensors.py for tasks to queue
[2024-10-03T06:55:45.300+0000] {logging_mixin.py:190} INFO - [2024-10-03T06:55:45.299+0000] {dagbag.py:588} INFO - Filling up the DagBag from /home/airflow/.local/lib/python3.12/site-packages/airflow/example_dags/example_sensors.py
[2024-10-03T06:55:45.324+0000] {processor.py:925} INFO - DAG(s) 'example_sensors' retrieved from /home/airflow/.local/lib/python3.12/site-packages/airflow/example_dags/example_sensors.py
[2024-10-03T06:55:45.384+0000] {logging_mixin.py:190} INFO - [2024-10-03T06:55:45.383+0000] {dag.py:3239} INFO - Sync 1 DAGs
[2024-10-03T06:55:45.442+0000] {logging_mixin.py:190} INFO - [2024-10-03T06:55:45.441+0000] {dag.py:4180} INFO - Setting next_dagrun for example_sensors to None, run_after=None
[2024-10-03T06:55:45.482+0000] {processor.py:208} INFO - Processing /home/airflow/.local/lib/python3.12/site-packages/airflow/example_dags/example_sensors.py took 0.198 seconds
[2024-10-03T06:56:16.092+0000] {processor.py:186} INFO - Started process (PID=537) to work on /home/airflow/.local/lib/python3.12/site-packages/airflow/example_dags/example_sensors.py
[2024-10-03T06:56:16.104+0000] {processor.py:914} INFO - Processing file /home/airflow/.local/lib/python3.12/site-packages/airflow/example_dags/example_sensors.py for tasks to queue
[2024-10-03T06:56:16.129+0000] {logging_mixin.py:190} INFO - [2024-10-03T06:56:16.126+0000] {dagbag.py:588} INFO - Filling up the DagBag from /home/airflow/.local/lib/python3.12/site-packages/airflow/example_dags/example_sensors.py
[2024-10-03T06:56:16.193+0000] {processor.py:925} INFO - DAG(s) 'example_sensors' retrieved from /home/airflow/.local/lib/python3.12/site-packages/airflow/example_dags/example_sensors.py
[2024-10-03T06:56:16.393+0000] {logging_mixin.py:190} INFO - [2024-10-03T06:56:16.392+0000] {dag.py:3239} INFO - Sync 1 DAGs
[2024-10-03T06:56:16.508+0000] {logging_mixin.py:190} INFO - [2024-10-03T06:56:16.508+0000] {dag.py:4180} INFO - Setting next_dagrun for example_sensors to None, run_after=None
[2024-10-03T06:56:16.704+0000] {processor.py:208} INFO - Processing /home/airflow/.local/lib/python3.12/site-packages/airflow/example_dags/example_sensors.py took 0.664 seconds
[2024-10-03T06:56:46.921+0000] {processor.py:186} INFO - Started process (PID=601) to work on /home/airflow/.local/lib/python3.12/site-packages/airflow/example_dags/example_sensors.py
[2024-10-03T06:56:46.923+0000] {processor.py:914} INFO - Processing file /home/airflow/.local/lib/python3.12/site-packages/airflow/example_dags/example_sensors.py for tasks to queue
[2024-10-03T06:56:46.926+0000] {logging_mixin.py:190} INFO - [2024-10-03T06:56:46.926+0000] {dagbag.py:588} INFO - Filling up the DagBag from /home/airflow/.local/lib/python3.12/site-packages/airflow/example_dags/example_sensors.py
[2024-10-03T06:56:46.939+0000] {processor.py:925} INFO - DAG(s) 'example_sensors' retrieved from /home/airflow/.local/lib/python3.12/site-packages/airflow/example_dags/example_sensors.py
[2024-10-03T06:56:46.969+0000] {logging_mixin.py:190} INFO - [2024-10-03T06:56:46.968+0000] {dag.py:3239} INFO - Sync 1 DAGs
[2024-10-03T06:56:46.985+0000] {logging_mixin.py:190} INFO - [2024-10-03T06:56:46.985+0000] {dag.py:4180} INFO - Setting next_dagrun for example_sensors to None, run_after=None
[2024-10-03T06:56:47.048+0000] {processor.py:208} INFO - Processing /home/airflow/.local/lib/python3.12/site-packages/airflow/example_dags/example_sensors.py took 0.133 seconds
[2024-10-03T06:57:18.020+0000] {processor.py:186} INFO - Started process (PID=665) to work on /home/airflow/.local/lib/python3.12/site-packages/airflow/example_dags/example_sensors.py
[2024-10-03T06:57:18.023+0000] {processor.py:914} INFO - Processing file /home/airflow/.local/lib/python3.12/site-packages/airflow/example_dags/example_sensors.py for tasks to queue
[2024-10-03T06:57:18.027+0000] {logging_mixin.py:190} INFO - [2024-10-03T06:57:18.026+0000] {dagbag.py:588} INFO - Filling up the DagBag from /home/airflow/.local/lib/python3.12/site-packages/airflow/example_dags/example_sensors.py
[2024-10-03T06:57:18.056+0000] {processor.py:925} INFO - DAG(s) 'example_sensors' retrieved from /home/airflow/.local/lib/python3.12/site-packages/airflow/example_dags/example_sensors.py
[2024-10-03T06:57:18.106+0000] {logging_mixin.py:190} INFO - [2024-10-03T06:57:18.106+0000] {dag.py:3239} INFO - Sync 1 DAGs
[2024-10-03T06:57:18.134+0000] {logging_mixin.py:190} INFO - [2024-10-03T06:57:18.133+0000] {dag.py:4180} INFO - Setting next_dagrun for example_sensors to None, run_after=None
[2024-10-03T06:57:18.169+0000] {processor.py:208} INFO - Processing /home/airflow/.local/lib/python3.12/site-packages/airflow/example_dags/example_sensors.py took 0.161 seconds
[2024-10-03T06:57:48.892+0000] {processor.py:186} INFO - Started process (PID=729) to work on /home/airflow/.local/lib/python3.12/site-packages/airflow/example_dags/example_sensors.py
[2024-10-03T06:57:48.894+0000] {processor.py:914} INFO - Processing file /home/airflow/.local/lib/python3.12/site-packages/airflow/example_dags/example_sensors.py for tasks to queue
[2024-10-03T06:57:48.897+0000] {logging_mixin.py:190} INFO - [2024-10-03T06:57:48.897+0000] {dagbag.py:588} INFO - Filling up the DagBag from /home/airflow/.local/lib/python3.12/site-packages/airflow/example_dags/example_sensors.py
[2024-10-03T06:57:48.909+0000] {processor.py:925} INFO - DAG(s) 'example_sensors' retrieved from /home/airflow/.local/lib/python3.12/site-packages/airflow/example_dags/example_sensors.py
[2024-10-03T06:57:48.943+0000] {logging_mixin.py:190} INFO - [2024-10-03T06:57:48.943+0000] {dag.py:3239} INFO - Sync 1 DAGs
[2024-10-03T06:57:48.964+0000] {logging_mixin.py:190} INFO - [2024-10-03T06:57:48.964+0000] {dag.py:4180} INFO - Setting next_dagrun for example_sensors to None, run_after=None
[2024-10-03T06:57:48.997+0000] {processor.py:208} INFO - Processing /home/airflow/.local/lib/python3.12/site-packages/airflow/example_dags/example_sensors.py took 0.113 seconds
[2024-10-03T06:58:19.216+0000] {processor.py:186} INFO - Started process (PID=793) to work on /home/airflow/.local/lib/python3.12/site-packages/airflow/example_dags/example_sensors.py
[2024-10-03T06:58:19.218+0000] {processor.py:914} INFO - Processing file /home/airflow/.local/lib/python3.12/site-packages/airflow/example_dags/example_sensors.py for tasks to queue
[2024-10-03T06:58:19.222+0000] {logging_mixin.py:190} INFO - [2024-10-03T06:58:19.221+0000] {dagbag.py:588} INFO - Filling up the DagBag from /home/airflow/.local/lib/python3.12/site-packages/airflow/example_dags/example_sensors.py
[2024-10-03T06:58:19.236+0000] {processor.py:925} INFO - DAG(s) 'example_sensors' retrieved from /home/airflow/.local/lib/python3.12/site-packages/airflow/example_dags/example_sensors.py
[2024-10-03T06:58:19.271+0000] {logging_mixin.py:190} INFO - [2024-10-03T06:58:19.270+0000] {dag.py:3239} INFO - Sync 1 DAGs
[2024-10-03T06:58:19.290+0000] {logging_mixin.py:190} INFO - [2024-10-03T06:58:19.289+0000] {dag.py:4180} INFO - Setting next_dagrun for example_sensors to None, run_after=None
[2024-10-03T06:58:19.318+0000] {processor.py:208} INFO - Processing /home/airflow/.local/lib/python3.12/site-packages/airflow/example_dags/example_sensors.py took 0.110 seconds
[2024-10-03T06:58:50.109+0000] {processor.py:186} INFO - Started process (PID=857) to work on /home/airflow/.local/lib/python3.12/site-packages/airflow/example_dags/example_sensors.py
[2024-10-03T06:58:50.111+0000] {processor.py:914} INFO - Processing file /home/airflow/.local/lib/python3.12/site-packages/airflow/example_dags/example_sensors.py for tasks to queue
[2024-10-03T06:58:50.116+0000] {logging_mixin.py:190} INFO - [2024-10-03T06:58:50.115+0000] {dagbag.py:588} INFO - Filling up the DagBag from /home/airflow/.local/lib/python3.12/site-packages/airflow/example_dags/example_sensors.py
[2024-10-03T06:58:50.133+0000] {processor.py:925} INFO - DAG(s) 'example_sensors' retrieved from /home/airflow/.local/lib/python3.12/site-packages/airflow/example_dags/example_sensors.py
[2024-10-03T06:58:50.180+0000] {logging_mixin.py:190} INFO - [2024-10-03T06:58:50.179+0000] {dag.py:3239} INFO - Sync 1 DAGs
[2024-10-03T06:58:50.208+0000] {logging_mixin.py:190} INFO - [2024-10-03T06:58:50.207+0000] {dag.py:4180} INFO - Setting next_dagrun for example_sensors to None, run_after=None
[2024-10-03T06:58:50.253+0000] {processor.py:208} INFO - Processing /home/airflow/.local/lib/python3.12/site-packages/airflow/example_dags/example_sensors.py took 0.154 seconds
[2024-10-03T06:59:20.520+0000] {processor.py:186} INFO - Started process (PID=921) to work on /home/airflow/.local/lib/python3.12/site-packages/airflow/example_dags/example_sensors.py
[2024-10-03T06:59:20.523+0000] {processor.py:914} INFO - Processing file /home/airflow/.local/lib/python3.12/site-packages/airflow/example_dags/example_sensors.py for tasks to queue
[2024-10-03T06:59:20.528+0000] {logging_mixin.py:190} INFO - [2024-10-03T06:59:20.527+0000] {dagbag.py:588} INFO - Filling up the DagBag from /home/airflow/.local/lib/python3.12/site-packages/airflow/example_dags/example_sensors.py
[2024-10-03T06:59:20.554+0000] {processor.py:925} INFO - DAG(s) 'example_sensors' retrieved from /home/airflow/.local/lib/python3.12/site-packages/airflow/example_dags/example_sensors.py
[2024-10-03T06:59:20.616+0000] {logging_mixin.py:190} INFO - [2024-10-03T06:59:20.615+0000] {dag.py:3239} INFO - Sync 1 DAGs
[2024-10-03T06:59:20.635+0000] {logging_mixin.py:190} INFO - [2024-10-03T06:59:20.634+0000] {dag.py:4180} INFO - Setting next_dagrun for example_sensors to None, run_after=None
[2024-10-03T06:59:20.668+0000] {processor.py:208} INFO - Processing /home/airflow/.local/lib/python3.12/site-packages/airflow/example_dags/example_sensors.py took 0.157 seconds
[2024-10-03T07:00:06.956+0000] {processor.py:186} INFO - Started process (PID=972) to work on /home/airflow/.local/lib/python3.12/site-packages/airflow/example_dags/example_sensors.py
[2024-10-03T07:00:06.959+0000] {processor.py:914} INFO - Processing file /home/airflow/.local/lib/python3.12/site-packages/airflow/example_dags/example_sensors.py for tasks to queue
[2024-10-03T07:00:06.964+0000] {logging_mixin.py:190} INFO - [2024-10-03T07:00:06.963+0000] {dagbag.py:588} INFO - Filling up the DagBag from /home/airflow/.local/lib/python3.12/site-packages/airflow/example_dags/example_sensors.py
[2024-10-03T07:00:06.988+0000] {processor.py:925} INFO - DAG(s) 'example_sensors' retrieved from /home/airflow/.local/lib/python3.12/site-packages/airflow/example_dags/example_sensors.py
[2024-10-03T07:00:07.053+0000] {logging_mixin.py:190} INFO - [2024-10-03T07:00:07.053+0000] {dag.py:3239} INFO - Sync 1 DAGs
[2024-10-03T07:00:07.073+0000] {logging_mixin.py:190} INFO - [2024-10-03T07:00:07.073+0000] {dag.py:4180} INFO - Setting next_dagrun for example_sensors to None, run_after=None
[2024-10-03T07:00:07.139+0000] {processor.py:208} INFO - Processing /home/airflow/.local/lib/python3.12/site-packages/airflow/example_dags/example_sensors.py took 0.193 seconds
[2024-10-03T07:00:37.265+0000] {processor.py:186} INFO - Started process (PID=1035) to work on /home/airflow/.local/lib/python3.12/site-packages/airflow/example_dags/example_sensors.py
[2024-10-03T07:00:37.267+0000] {processor.py:914} INFO - Processing file /home/airflow/.local/lib/python3.12/site-packages/airflow/example_dags/example_sensors.py for tasks to queue
[2024-10-03T07:00:37.271+0000] {logging_mixin.py:190} INFO - [2024-10-03T07:00:37.270+0000] {dagbag.py:588} INFO - Filling up the DagBag from /home/airflow/.local/lib/python3.12/site-packages/airflow/example_dags/example_sensors.py
[2024-10-03T07:00:37.285+0000] {processor.py:925} INFO - DAG(s) 'example_sensors' retrieved from /home/airflow/.local/lib/python3.12/site-packages/airflow/example_dags/example_sensors.py
[2024-10-03T07:00:37.324+0000] {logging_mixin.py:190} INFO - [2024-10-03T07:00:37.323+0000] {dag.py:3239} INFO - Sync 1 DAGs
[2024-10-03T07:00:37.346+0000] {logging_mixin.py:190} INFO - [2024-10-03T07:00:37.345+0000] {dag.py:4180} INFO - Setting next_dagrun for example_sensors to None, run_after=None
[2024-10-03T07:00:37.402+0000] {processor.py:208} INFO - Processing /home/airflow/.local/lib/python3.12/site-packages/airflow/example_dags/example_sensors.py took 0.143 seconds
[2024-10-03T07:01:16.996+0000] {processor.py:186} INFO - Started process (PID=1099) to work on /home/airflow/.local/lib/python3.12/site-packages/airflow/example_dags/example_sensors.py
[2024-10-03T07:01:16.998+0000] {processor.py:914} INFO - Processing file /home/airflow/.local/lib/python3.12/site-packages/airflow/example_dags/example_sensors.py for tasks to queue
[2024-10-03T07:01:17.002+0000] {logging_mixin.py:190} INFO - [2024-10-03T07:01:17.001+0000] {dagbag.py:588} INFO - Filling up the DagBag from /home/airflow/.local/lib/python3.12/site-packages/airflow/example_dags/example_sensors.py
[2024-10-03T07:01:17.032+0000] {processor.py:925} INFO - DAG(s) 'example_sensors' retrieved from /home/airflow/.local/lib/python3.12/site-packages/airflow/example_dags/example_sensors.py
[2024-10-03T07:01:17.107+0000] {logging_mixin.py:190} INFO - [2024-10-03T07:01:17.106+0000] {dag.py:3239} INFO - Sync 1 DAGs
[2024-10-03T07:01:17.150+0000] {logging_mixin.py:190} INFO - [2024-10-03T07:01:17.149+0000] {dag.py:4180} INFO - Setting next_dagrun for example_sensors to None, run_after=None
[2024-10-03T07:01:17.215+0000] {processor.py:208} INFO - Processing /home/airflow/.local/lib/python3.12/site-packages/airflow/example_dags/example_sensors.py took 0.230 seconds
[2024-10-03T07:02:36.234+0000] {processor.py:186} INFO - Started process (PID=1156) to work on /home/airflow/.local/lib/python3.12/site-packages/airflow/example_dags/example_sensors.py
[2024-10-03T07:02:36.236+0000] {processor.py:914} INFO - Processing file /home/airflow/.local/lib/python3.12/site-packages/airflow/example_dags/example_sensors.py for tasks to queue
[2024-10-03T07:02:36.238+0000] {logging_mixin.py:190} INFO - [2024-10-03T07:02:36.237+0000] {dagbag.py:588} INFO - Filling up the DagBag from /home/airflow/.local/lib/python3.12/site-packages/airflow/example_dags/example_sensors.py
[2024-10-03T07:02:36.255+0000] {processor.py:925} INFO - DAG(s) 'example_sensors' retrieved from /home/airflow/.local/lib/python3.12/site-packages/airflow/example_dags/example_sensors.py
[2024-10-03T07:02:36.305+0000] {logging_mixin.py:190} INFO - [2024-10-03T07:02:36.304+0000] {dag.py:3239} INFO - Sync 1 DAGs
[2024-10-03T07:02:36.331+0000] {logging_mixin.py:190} INFO - [2024-10-03T07:02:36.331+0000] {dag.py:4180} INFO - Setting next_dagrun for example_sensors to None, run_after=None
[2024-10-03T07:02:36.367+0000] {processor.py:208} INFO - Processing /home/airflow/.local/lib/python3.12/site-packages/airflow/example_dags/example_sensors.py took 0.141 seconds
[2024-10-03T07:03:06.994+0000] {processor.py:186} INFO - Started process (PID=1218) to work on /home/airflow/.local/lib/python3.12/site-packages/airflow/example_dags/example_sensors.py
[2024-10-03T07:03:06.996+0000] {processor.py:914} INFO - Processing file /home/airflow/.local/lib/python3.12/site-packages/airflow/example_dags/example_sensors.py for tasks to queue
[2024-10-03T07:03:06.998+0000] {logging_mixin.py:190} INFO - [2024-10-03T07:03:06.997+0000] {dagbag.py:588} INFO - Filling up the DagBag from /home/airflow/.local/lib/python3.12/site-packages/airflow/example_dags/example_sensors.py
[2024-10-03T07:03:07.013+0000] {processor.py:925} INFO - DAG(s) 'example_sensors' retrieved from /home/airflow/.local/lib/python3.12/site-packages/airflow/example_dags/example_sensors.py
[2024-10-03T07:03:07.051+0000] {logging_mixin.py:190} INFO - [2024-10-03T07:03:07.050+0000] {dag.py:3239} INFO - Sync 1 DAGs
[2024-10-03T07:03:07.071+0000] {logging_mixin.py:190} INFO - [2024-10-03T07:03:07.071+0000] {dag.py:4180} INFO - Setting next_dagrun for example_sensors to None, run_after=None
[2024-10-03T07:03:07.106+0000] {processor.py:208} INFO - Processing /home/airflow/.local/lib/python3.12/site-packages/airflow/example_dags/example_sensors.py took 0.119 seconds
[2024-10-03T07:03:37.426+0000] {processor.py:186} INFO - Started process (PID=1281) to work on /home/airflow/.local/lib/python3.12/site-packages/airflow/example_dags/example_sensors.py
[2024-10-03T07:03:37.428+0000] {processor.py:914} INFO - Processing file /home/airflow/.local/lib/python3.12/site-packages/airflow/example_dags/example_sensors.py for tasks to queue
[2024-10-03T07:03:37.430+0000] {logging_mixin.py:190} INFO - [2024-10-03T07:03:37.430+0000] {dagbag.py:588} INFO - Filling up the DagBag from /home/airflow/.local/lib/python3.12/site-packages/airflow/example_dags/example_sensors.py
[2024-10-03T07:03:37.444+0000] {processor.py:925} INFO - DAG(s) 'example_sensors' retrieved from /home/airflow/.local/lib/python3.12/site-packages/airflow/example_dags/example_sensors.py
[2024-10-03T07:03:37.477+0000] {logging_mixin.py:190} INFO - [2024-10-03T07:03:37.477+0000] {dag.py:3239} INFO - Sync 1 DAGs
[2024-10-03T07:03:37.493+0000] {logging_mixin.py:190} INFO - [2024-10-03T07:03:37.493+0000] {dag.py:4180} INFO - Setting next_dagrun for example_sensors to None, run_after=None
[2024-10-03T07:03:37.521+0000] {processor.py:208} INFO - Processing /home/airflow/.local/lib/python3.12/site-packages/airflow/example_dags/example_sensors.py took 0.102 seconds
[2024-10-03T07:04:08.385+0000] {processor.py:186} INFO - Started process (PID=1345) to work on /home/airflow/.local/lib/python3.12/site-packages/airflow/example_dags/example_sensors.py
[2024-10-03T07:04:08.387+0000] {processor.py:914} INFO - Processing file /home/airflow/.local/lib/python3.12/site-packages/airflow/example_dags/example_sensors.py for tasks to queue
[2024-10-03T07:04:08.388+0000] {logging_mixin.py:190} INFO - [2024-10-03T07:04:08.388+0000] {dagbag.py:588} INFO - Filling up the DagBag from /home/airflow/.local/lib/python3.12/site-packages/airflow/example_dags/example_sensors.py
[2024-10-03T07:04:08.404+0000] {processor.py:925} INFO - DAG(s) 'example_sensors' retrieved from /home/airflow/.local/lib/python3.12/site-packages/airflow/example_dags/example_sensors.py
[2024-10-03T07:04:08.443+0000] {logging_mixin.py:190} INFO - [2024-10-03T07:04:08.443+0000] {dag.py:3239} INFO - Sync 1 DAGs
[2024-10-03T07:04:08.462+0000] {logging_mixin.py:190} INFO - [2024-10-03T07:04:08.462+0000] {dag.py:4180} INFO - Setting next_dagrun for example_sensors to None, run_after=None
[2024-10-03T07:04:08.498+0000] {processor.py:208} INFO - Processing /home/airflow/.local/lib/python3.12/site-packages/airflow/example_dags/example_sensors.py took 0.120 seconds
[2024-10-03T07:04:39.409+0000] {processor.py:186} INFO - Started process (PID=1408) to work on /home/airflow/.local/lib/python3.12/site-packages/airflow/example_dags/example_sensors.py
[2024-10-03T07:04:39.410+0000] {processor.py:914} INFO - Processing file /home/airflow/.local/lib/python3.12/site-packages/airflow/example_dags/example_sensors.py for tasks to queue
[2024-10-03T07:04:39.412+0000] {logging_mixin.py:190} INFO - [2024-10-03T07:04:39.411+0000] {dagbag.py:588} INFO - Filling up the DagBag from /home/airflow/.local/lib/python3.12/site-packages/airflow/example_dags/example_sensors.py
[2024-10-03T07:04:39.425+0000] {processor.py:925} INFO - DAG(s) 'example_sensors' retrieved from /home/airflow/.local/lib/python3.12/site-packages/airflow/example_dags/example_sensors.py
[2024-10-03T07:04:39.461+0000] {logging_mixin.py:190} INFO - [2024-10-03T07:04:39.461+0000] {dag.py:3239} INFO - Sync 1 DAGs
[2024-10-03T07:04:39.479+0000] {logging_mixin.py:190} INFO - [2024-10-03T07:04:39.478+0000] {dag.py:4180} INFO - Setting next_dagrun for example_sensors to None, run_after=None
[2024-10-03T07:04:39.509+0000] {processor.py:208} INFO - Processing /home/airflow/.local/lib/python3.12/site-packages/airflow/example_dags/example_sensors.py took 0.107 seconds
[2024-10-03T07:05:09.929+0000] {processor.py:186} INFO - Started process (PID=1464) to work on /home/airflow/.local/lib/python3.12/site-packages/airflow/example_dags/example_sensors.py
[2024-10-03T07:05:09.932+0000] {processor.py:914} INFO - Processing file /home/airflow/.local/lib/python3.12/site-packages/airflow/example_dags/example_sensors.py for tasks to queue
[2024-10-03T07:05:09.935+0000] {logging_mixin.py:190} INFO - [2024-10-03T07:05:09.934+0000] {dagbag.py:588} INFO - Filling up the DagBag from /home/airflow/.local/lib/python3.12/site-packages/airflow/example_dags/example_sensors.py
[2024-10-03T07:05:09.972+0000] {processor.py:925} INFO - DAG(s) 'example_sensors' retrieved from /home/airflow/.local/lib/python3.12/site-packages/airflow/example_dags/example_sensors.py
[2024-10-03T07:05:10.075+0000] {logging_mixin.py:190} INFO - [2024-10-03T07:05:10.073+0000] {dag.py:3239} INFO - Sync 1 DAGs
[2024-10-03T07:05:10.124+0000] {logging_mixin.py:190} INFO - [2024-10-03T07:05:10.123+0000] {dag.py:4180} INFO - Setting next_dagrun for example_sensors to None, run_after=None
[2024-10-03T07:05:10.219+0000] {processor.py:208} INFO - Processing /home/airflow/.local/lib/python3.12/site-packages/airflow/example_dags/example_sensors.py took 0.309 seconds
[2024-10-03T07:05:41.001+0000] {processor.py:186} INFO - Started process (PID=1525) to work on /home/airflow/.local/lib/python3.12/site-packages/airflow/example_dags/example_sensors.py
[2024-10-03T07:05:41.003+0000] {processor.py:914} INFO - Processing file /home/airflow/.local/lib/python3.12/site-packages/airflow/example_dags/example_sensors.py for tasks to queue
[2024-10-03T07:05:41.006+0000] {logging_mixin.py:190} INFO - [2024-10-03T07:05:41.005+0000] {dagbag.py:588} INFO - Filling up the DagBag from /home/airflow/.local/lib/python3.12/site-packages/airflow/example_dags/example_sensors.py
[2024-10-03T07:05:41.025+0000] {processor.py:925} INFO - DAG(s) 'example_sensors' retrieved from /home/airflow/.local/lib/python3.12/site-packages/airflow/example_dags/example_sensors.py
[2024-10-03T07:05:41.390+0000] {logging_mixin.py:190} INFO - [2024-10-03T07:05:41.386+0000] {dag.py:3239} INFO - Sync 1 DAGs
[2024-10-03T07:05:41.446+0000] {logging_mixin.py:190} INFO - [2024-10-03T07:05:41.444+0000] {dag.py:4180} INFO - Setting next_dagrun for example_sensors to None, run_after=None
[2024-10-03T07:05:41.523+0000] {processor.py:208} INFO - Processing /home/airflow/.local/lib/python3.12/site-packages/airflow/example_dags/example_sensors.py took 0.530 seconds
[2024-10-03T07:07:06.778+0000] {processor.py:186} INFO - Started process (PID=1541) to work on /home/airflow/.local/lib/python3.12/site-packages/airflow/example_dags/example_sensors.py
[2024-10-03T07:07:06.780+0000] {processor.py:914} INFO - Processing file /home/airflow/.local/lib/python3.12/site-packages/airflow/example_dags/example_sensors.py for tasks to queue
[2024-10-03T07:07:06.784+0000] {logging_mixin.py:190} INFO - [2024-10-03T07:07:06.783+0000] {dagbag.py:588} INFO - Filling up the DagBag from /home/airflow/.local/lib/python3.12/site-packages/airflow/example_dags/example_sensors.py
[2024-10-03T07:07:06.811+0000] {processor.py:925} INFO - DAG(s) 'example_sensors' retrieved from /home/airflow/.local/lib/python3.12/site-packages/airflow/example_dags/example_sensors.py
[2024-10-03T07:07:06.882+0000] {logging_mixin.py:190} INFO - [2024-10-03T07:07:06.881+0000] {dag.py:3239} INFO - Sync 1 DAGs
[2024-10-03T07:07:06.932+0000] {logging_mixin.py:190} INFO - [2024-10-03T07:07:06.931+0000] {dag.py:4180} INFO - Setting next_dagrun for example_sensors to None, run_after=None
[2024-10-03T07:07:06.995+0000] {processor.py:208} INFO - Processing /home/airflow/.local/lib/python3.12/site-packages/airflow/example_dags/example_sensors.py took 0.230 seconds
[2024-10-03T07:07:37.200+0000] {processor.py:186} INFO - Started process (PID=1604) to work on /home/airflow/.local/lib/python3.12/site-packages/airflow/example_dags/example_sensors.py
[2024-10-03T07:07:37.202+0000] {processor.py:914} INFO - Processing file /home/airflow/.local/lib/python3.12/site-packages/airflow/example_dags/example_sensors.py for tasks to queue
[2024-10-03T07:07:37.204+0000] {logging_mixin.py:190} INFO - [2024-10-03T07:07:37.203+0000] {dagbag.py:588} INFO - Filling up the DagBag from /home/airflow/.local/lib/python3.12/site-packages/airflow/example_dags/example_sensors.py
[2024-10-03T07:07:37.224+0000] {processor.py:925} INFO - DAG(s) 'example_sensors' retrieved from /home/airflow/.local/lib/python3.12/site-packages/airflow/example_dags/example_sensors.py
[2024-10-03T07:07:37.288+0000] {logging_mixin.py:190} INFO - [2024-10-03T07:07:37.287+0000] {dag.py:3239} INFO - Sync 1 DAGs
[2024-10-03T07:07:37.312+0000] {logging_mixin.py:190} INFO - [2024-10-03T07:07:37.311+0000] {dag.py:4180} INFO - Setting next_dagrun for example_sensors to None, run_after=None
[2024-10-03T07:07:37.347+0000] {processor.py:208} INFO - Processing /home/airflow/.local/lib/python3.12/site-packages/airflow/example_dags/example_sensors.py took 0.155 seconds
[2024-10-03T07:08:07.777+0000] {processor.py:186} INFO - Started process (PID=1666) to work on /home/airflow/.local/lib/python3.12/site-packages/airflow/example_dags/example_sensors.py
[2024-10-03T07:08:07.778+0000] {processor.py:914} INFO - Processing file /home/airflow/.local/lib/python3.12/site-packages/airflow/example_dags/example_sensors.py for tasks to queue
[2024-10-03T07:08:07.780+0000] {logging_mixin.py:190} INFO - [2024-10-03T07:08:07.780+0000] {dagbag.py:588} INFO - Filling up the DagBag from /home/airflow/.local/lib/python3.12/site-packages/airflow/example_dags/example_sensors.py
[2024-10-03T07:08:07.792+0000] {processor.py:925} INFO - DAG(s) 'example_sensors' retrieved from /home/airflow/.local/lib/python3.12/site-packages/airflow/example_dags/example_sensors.py
[2024-10-03T07:08:07.820+0000] {logging_mixin.py:190} INFO - [2024-10-03T07:08:07.820+0000] {dag.py:3239} INFO - Sync 1 DAGs
[2024-10-03T07:08:07.836+0000] {logging_mixin.py:190} INFO - [2024-10-03T07:08:07.835+0000] {dag.py:4180} INFO - Setting next_dagrun for example_sensors to None, run_after=None
[2024-10-03T07:08:07.860+0000] {processor.py:208} INFO - Processing /home/airflow/.local/lib/python3.12/site-packages/airflow/example_dags/example_sensors.py took 0.089 seconds
[2024-10-03T07:08:49.342+0000] {processor.py:186} INFO - Started process (PID=1719) to work on /home/airflow/.local/lib/python3.12/site-packages/airflow/example_dags/example_sensors.py
[2024-10-03T07:08:49.344+0000] {processor.py:914} INFO - Processing file /home/airflow/.local/lib/python3.12/site-packages/airflow/example_dags/example_sensors.py for tasks to queue
[2024-10-03T07:08:49.346+0000] {logging_mixin.py:190} INFO - [2024-10-03T07:08:49.346+0000] {dagbag.py:588} INFO - Filling up the DagBag from /home/airflow/.local/lib/python3.12/site-packages/airflow/example_dags/example_sensors.py
[2024-10-03T07:08:49.369+0000] {processor.py:925} INFO - DAG(s) 'example_sensors' retrieved from /home/airflow/.local/lib/python3.12/site-packages/airflow/example_dags/example_sensors.py
[2024-10-03T07:08:49.441+0000] {logging_mixin.py:190} INFO - [2024-10-03T07:08:49.440+0000] {dag.py:3239} INFO - Sync 1 DAGs
[2024-10-03T07:08:49.476+0000] {logging_mixin.py:190} INFO - [2024-10-03T07:08:49.476+0000] {dag.py:4180} INFO - Setting next_dagrun for example_sensors to None, run_after=None
[2024-10-03T07:08:49.536+0000] {processor.py:208} INFO - Processing /home/airflow/.local/lib/python3.12/site-packages/airflow/example_dags/example_sensors.py took 0.202 seconds
[2024-10-03T07:09:20.219+0000] {processor.py:186} INFO - Started process (PID=1781) to work on /home/airflow/.local/lib/python3.12/site-packages/airflow/example_dags/example_sensors.py
[2024-10-03T07:09:20.221+0000] {processor.py:914} INFO - Processing file /home/airflow/.local/lib/python3.12/site-packages/airflow/example_dags/example_sensors.py for tasks to queue
[2024-10-03T07:09:20.224+0000] {logging_mixin.py:190} INFO - [2024-10-03T07:09:20.223+0000] {dagbag.py:588} INFO - Filling up the DagBag from /home/airflow/.local/lib/python3.12/site-packages/airflow/example_dags/example_sensors.py
[2024-10-03T07:09:20.242+0000] {processor.py:925} INFO - DAG(s) 'example_sensors' retrieved from /home/airflow/.local/lib/python3.12/site-packages/airflow/example_dags/example_sensors.py
[2024-10-03T07:09:20.283+0000] {logging_mixin.py:190} INFO - [2024-10-03T07:09:20.283+0000] {dag.py:3239} INFO - Sync 1 DAGs
[2024-10-03T07:09:20.306+0000] {logging_mixin.py:190} INFO - [2024-10-03T07:09:20.306+0000] {dag.py:4180} INFO - Setting next_dagrun for example_sensors to None, run_after=None
[2024-10-03T07:09:20.340+0000] {processor.py:208} INFO - Processing /home/airflow/.local/lib/python3.12/site-packages/airflow/example_dags/example_sensors.py took 0.131 seconds
[2024-10-03T07:09:51.257+0000] {processor.py:186} INFO - Started process (PID=1845) to work on /home/airflow/.local/lib/python3.12/site-packages/airflow/example_dags/example_sensors.py
[2024-10-03T07:09:51.259+0000] {processor.py:914} INFO - Processing file /home/airflow/.local/lib/python3.12/site-packages/airflow/example_dags/example_sensors.py for tasks to queue
[2024-10-03T07:09:51.261+0000] {logging_mixin.py:190} INFO - [2024-10-03T07:09:51.260+0000] {dagbag.py:588} INFO - Filling up the DagBag from /home/airflow/.local/lib/python3.12/site-packages/airflow/example_dags/example_sensors.py
[2024-10-03T07:09:51.275+0000] {processor.py:925} INFO - DAG(s) 'example_sensors' retrieved from /home/airflow/.local/lib/python3.12/site-packages/airflow/example_dags/example_sensors.py
[2024-10-03T07:09:51.313+0000] {logging_mixin.py:190} INFO - [2024-10-03T07:09:51.313+0000] {dag.py:3239} INFO - Sync 1 DAGs
[2024-10-03T07:09:51.330+0000] {logging_mixin.py:190} INFO - [2024-10-03T07:09:51.330+0000] {dag.py:4180} INFO - Setting next_dagrun for example_sensors to None, run_after=None
[2024-10-03T07:09:51.362+0000] {processor.py:208} INFO - Processing /home/airflow/.local/lib/python3.12/site-packages/airflow/example_dags/example_sensors.py took 0.111 seconds
[2024-10-03T07:10:21.951+0000] {processor.py:186} INFO - Started process (PID=1907) to work on /home/airflow/.local/lib/python3.12/site-packages/airflow/example_dags/example_sensors.py
[2024-10-03T07:10:21.954+0000] {processor.py:914} INFO - Processing file /home/airflow/.local/lib/python3.12/site-packages/airflow/example_dags/example_sensors.py for tasks to queue
[2024-10-03T07:10:21.957+0000] {logging_mixin.py:190} INFO - [2024-10-03T07:10:21.956+0000] {dagbag.py:588} INFO - Filling up the DagBag from /home/airflow/.local/lib/python3.12/site-packages/airflow/example_dags/example_sensors.py
[2024-10-03T07:10:21.972+0000] {processor.py:925} INFO - DAG(s) 'example_sensors' retrieved from /home/airflow/.local/lib/python3.12/site-packages/airflow/example_dags/example_sensors.py
[2024-10-03T07:10:22.007+0000] {logging_mixin.py:190} INFO - [2024-10-03T07:10:22.007+0000] {dag.py:3239} INFO - Sync 1 DAGs
[2024-10-03T07:10:22.025+0000] {logging_mixin.py:190} INFO - [2024-10-03T07:10:22.025+0000] {dag.py:4180} INFO - Setting next_dagrun for example_sensors to None, run_after=None
[2024-10-03T07:10:22.052+0000] {processor.py:208} INFO - Processing /home/airflow/.local/lib/python3.12/site-packages/airflow/example_dags/example_sensors.py took 0.109 seconds
[2024-10-03T07:10:52.578+0000] {processor.py:186} INFO - Started process (PID=1970) to work on /home/airflow/.local/lib/python3.12/site-packages/airflow/example_dags/example_sensors.py
[2024-10-03T07:10:52.580+0000] {processor.py:914} INFO - Processing file /home/airflow/.local/lib/python3.12/site-packages/airflow/example_dags/example_sensors.py for tasks to queue
[2024-10-03T07:10:52.581+0000] {logging_mixin.py:190} INFO - [2024-10-03T07:10:52.581+0000] {dagbag.py:588} INFO - Filling up the DagBag from /home/airflow/.local/lib/python3.12/site-packages/airflow/example_dags/example_sensors.py
[2024-10-03T07:10:52.592+0000] {processor.py:925} INFO - DAG(s) 'example_sensors' retrieved from /home/airflow/.local/lib/python3.12/site-packages/airflow/example_dags/example_sensors.py
[2024-10-03T07:10:52.620+0000] {logging_mixin.py:190} INFO - [2024-10-03T07:10:52.620+0000] {dag.py:3239} INFO - Sync 1 DAGs
[2024-10-03T07:10:52.635+0000] {logging_mixin.py:190} INFO - [2024-10-03T07:10:52.635+0000] {dag.py:4180} INFO - Setting next_dagrun for example_sensors to None, run_after=None
[2024-10-03T07:10:52.663+0000] {processor.py:208} INFO - Processing /home/airflow/.local/lib/python3.12/site-packages/airflow/example_dags/example_sensors.py took 0.091 seconds
[2024-10-03T07:11:23.029+0000] {processor.py:186} INFO - Started process (PID=2033) to work on /home/airflow/.local/lib/python3.12/site-packages/airflow/example_dags/example_sensors.py
[2024-10-03T07:11:23.031+0000] {processor.py:914} INFO - Processing file /home/airflow/.local/lib/python3.12/site-packages/airflow/example_dags/example_sensors.py for tasks to queue
[2024-10-03T07:11:23.035+0000] {logging_mixin.py:190} INFO - [2024-10-03T07:11:23.035+0000] {dagbag.py:588} INFO - Filling up the DagBag from /home/airflow/.local/lib/python3.12/site-packages/airflow/example_dags/example_sensors.py
[2024-10-03T07:11:23.051+0000] {processor.py:925} INFO - DAG(s) 'example_sensors' retrieved from /home/airflow/.local/lib/python3.12/site-packages/airflow/example_dags/example_sensors.py
[2024-10-03T07:11:23.091+0000] {logging_mixin.py:190} INFO - [2024-10-03T07:11:23.090+0000] {dag.py:3239} INFO - Sync 1 DAGs
[2024-10-03T07:11:23.108+0000] {logging_mixin.py:190} INFO - [2024-10-03T07:11:23.108+0000] {dag.py:4180} INFO - Setting next_dagrun for example_sensors to None, run_after=None
[2024-10-03T07:11:23.136+0000] {processor.py:208} INFO - Processing /home/airflow/.local/lib/python3.12/site-packages/airflow/example_dags/example_sensors.py took 0.115 seconds
[2024-10-03T07:11:53.690+0000] {processor.py:186} INFO - Started process (PID=2091) to work on /home/airflow/.local/lib/python3.12/site-packages/airflow/example_dags/example_sensors.py
[2024-10-03T07:11:53.692+0000] {processor.py:914} INFO - Processing file /home/airflow/.local/lib/python3.12/site-packages/airflow/example_dags/example_sensors.py for tasks to queue
[2024-10-03T07:11:53.694+0000] {logging_mixin.py:190} INFO - [2024-10-03T07:11:53.693+0000] {dagbag.py:588} INFO - Filling up the DagBag from /home/airflow/.local/lib/python3.12/site-packages/airflow/example_dags/example_sensors.py
[2024-10-03T07:11:53.706+0000] {processor.py:925} INFO - DAG(s) 'example_sensors' retrieved from /home/airflow/.local/lib/python3.12/site-packages/airflow/example_dags/example_sensors.py
[2024-10-03T07:11:53.738+0000] {logging_mixin.py:190} INFO - [2024-10-03T07:11:53.738+0000] {dag.py:3239} INFO - Sync 1 DAGs
[2024-10-03T07:11:53.757+0000] {logging_mixin.py:190} INFO - [2024-10-03T07:11:53.757+0000] {dag.py:4180} INFO - Setting next_dagrun for example_sensors to None, run_after=None
[2024-10-03T07:11:53.785+0000] {processor.py:208} INFO - Processing /home/airflow/.local/lib/python3.12/site-packages/airflow/example_dags/example_sensors.py took 0.102 seconds
[2024-10-03T07:12:24.159+0000] {processor.py:186} INFO - Started process (PID=2151) to work on /home/airflow/.local/lib/python3.12/site-packages/airflow/example_dags/example_sensors.py
[2024-10-03T07:12:24.161+0000] {processor.py:914} INFO - Processing file /home/airflow/.local/lib/python3.12/site-packages/airflow/example_dags/example_sensors.py for tasks to queue
[2024-10-03T07:12:24.163+0000] {logging_mixin.py:190} INFO - [2024-10-03T07:12:24.162+0000] {dagbag.py:588} INFO - Filling up the DagBag from /home/airflow/.local/lib/python3.12/site-packages/airflow/example_dags/example_sensors.py
[2024-10-03T07:12:24.183+0000] {processor.py:925} INFO - DAG(s) 'example_sensors' retrieved from /home/airflow/.local/lib/python3.12/site-packages/airflow/example_dags/example_sensors.py
[2024-10-03T07:12:24.218+0000] {logging_mixin.py:190} INFO - [2024-10-03T07:12:24.218+0000] {dag.py:3239} INFO - Sync 1 DAGs
[2024-10-03T07:12:24.237+0000] {logging_mixin.py:190} INFO - [2024-10-03T07:12:24.237+0000] {dag.py:4180} INFO - Setting next_dagrun for example_sensors to None, run_after=None
[2024-10-03T07:12:24.272+0000] {processor.py:208} INFO - Processing /home/airflow/.local/lib/python3.12/site-packages/airflow/example_dags/example_sensors.py took 0.120 seconds
[2024-10-03T07:12:54.405+0000] {processor.py:186} INFO - Started process (PID=2214) to work on /home/airflow/.local/lib/python3.12/site-packages/airflow/example_dags/example_sensors.py
[2024-10-03T07:12:54.406+0000] {processor.py:914} INFO - Processing file /home/airflow/.local/lib/python3.12/site-packages/airflow/example_dags/example_sensors.py for tasks to queue
[2024-10-03T07:12:54.408+0000] {logging_mixin.py:190} INFO - [2024-10-03T07:12:54.407+0000] {dagbag.py:588} INFO - Filling up the DagBag from /home/airflow/.local/lib/python3.12/site-packages/airflow/example_dags/example_sensors.py
[2024-10-03T07:12:54.421+0000] {processor.py:925} INFO - DAG(s) 'example_sensors' retrieved from /home/airflow/.local/lib/python3.12/site-packages/airflow/example_dags/example_sensors.py
[2024-10-03T07:12:54.456+0000] {logging_mixin.py:190} INFO - [2024-10-03T07:12:54.456+0000] {dag.py:3239} INFO - Sync 1 DAGs
[2024-10-03T07:12:54.473+0000] {logging_mixin.py:190} INFO - [2024-10-03T07:12:54.473+0000] {dag.py:4180} INFO - Setting next_dagrun for example_sensors to None, run_after=None
[2024-10-03T07:12:54.499+0000] {processor.py:208} INFO - Processing /home/airflow/.local/lib/python3.12/site-packages/airflow/example_dags/example_sensors.py took 0.101 seconds
[2024-10-03T07:13:24.594+0000] {processor.py:186} INFO - Started process (PID=2276) to work on /home/airflow/.local/lib/python3.12/site-packages/airflow/example_dags/example_sensors.py
[2024-10-03T07:13:24.599+0000] {processor.py:914} INFO - Processing file /home/airflow/.local/lib/python3.12/site-packages/airflow/example_dags/example_sensors.py for tasks to queue
[2024-10-03T07:13:24.603+0000] {logging_mixin.py:190} INFO - [2024-10-03T07:13:24.602+0000] {dagbag.py:588} INFO - Filling up the DagBag from /home/airflow/.local/lib/python3.12/site-packages/airflow/example_dags/example_sensors.py
[2024-10-03T07:13:24.623+0000] {processor.py:925} INFO - DAG(s) 'example_sensors' retrieved from /home/airflow/.local/lib/python3.12/site-packages/airflow/example_dags/example_sensors.py
[2024-10-03T07:13:24.665+0000] {logging_mixin.py:190} INFO - [2024-10-03T07:13:24.664+0000] {dag.py:3239} INFO - Sync 1 DAGs
[2024-10-03T07:13:24.689+0000] {logging_mixin.py:190} INFO - [2024-10-03T07:13:24.689+0000] {dag.py:4180} INFO - Setting next_dagrun for example_sensors to None, run_after=None
[2024-10-03T07:13:24.724+0000] {processor.py:208} INFO - Processing /home/airflow/.local/lib/python3.12/site-packages/airflow/example_dags/example_sensors.py took 0.144 seconds
[2024-10-03T07:13:55.127+0000] {processor.py:186} INFO - Started process (PID=2339) to work on /home/airflow/.local/lib/python3.12/site-packages/airflow/example_dags/example_sensors.py
[2024-10-03T07:13:55.128+0000] {processor.py:914} INFO - Processing file /home/airflow/.local/lib/python3.12/site-packages/airflow/example_dags/example_sensors.py for tasks to queue
[2024-10-03T07:13:55.131+0000] {logging_mixin.py:190} INFO - [2024-10-03T07:13:55.130+0000] {dagbag.py:588} INFO - Filling up the DagBag from /home/airflow/.local/lib/python3.12/site-packages/airflow/example_dags/example_sensors.py
[2024-10-03T07:13:55.152+0000] {processor.py:925} INFO - DAG(s) 'example_sensors' retrieved from /home/airflow/.local/lib/python3.12/site-packages/airflow/example_dags/example_sensors.py
[2024-10-03T07:13:55.203+0000] {logging_mixin.py:190} INFO - [2024-10-03T07:13:55.203+0000] {dag.py:3239} INFO - Sync 1 DAGs
[2024-10-03T07:13:55.222+0000] {logging_mixin.py:190} INFO - [2024-10-03T07:13:55.222+0000] {dag.py:4180} INFO - Setting next_dagrun for example_sensors to None, run_after=None
[2024-10-03T07:13:55.250+0000] {processor.py:208} INFO - Processing /home/airflow/.local/lib/python3.12/site-packages/airflow/example_dags/example_sensors.py took 0.130 seconds
[2024-10-03T07:14:25.464+0000] {processor.py:186} INFO - Started process (PID=2402) to work on /home/airflow/.local/lib/python3.12/site-packages/airflow/example_dags/example_sensors.py
[2024-10-03T07:14:25.465+0000] {processor.py:914} INFO - Processing file /home/airflow/.local/lib/python3.12/site-packages/airflow/example_dags/example_sensors.py for tasks to queue
[2024-10-03T07:14:25.467+0000] {logging_mixin.py:190} INFO - [2024-10-03T07:14:25.467+0000] {dagbag.py:588} INFO - Filling up the DagBag from /home/airflow/.local/lib/python3.12/site-packages/airflow/example_dags/example_sensors.py
[2024-10-03T07:14:25.479+0000] {processor.py:925} INFO - DAG(s) 'example_sensors' retrieved from /home/airflow/.local/lib/python3.12/site-packages/airflow/example_dags/example_sensors.py
[2024-10-03T07:14:25.508+0000] {logging_mixin.py:190} INFO - [2024-10-03T07:14:25.507+0000] {dag.py:3239} INFO - Sync 1 DAGs
[2024-10-03T07:14:25.524+0000] {logging_mixin.py:190} INFO - [2024-10-03T07:14:25.524+0000] {dag.py:4180} INFO - Setting next_dagrun for example_sensors to None, run_after=None
[2024-10-03T07:14:25.550+0000] {processor.py:208} INFO - Processing /home/airflow/.local/lib/python3.12/site-packages/airflow/example_dags/example_sensors.py took 0.092 seconds
[2024-10-03T07:14:56.119+0000] {processor.py:186} INFO - Started process (PID=2464) to work on /home/airflow/.local/lib/python3.12/site-packages/airflow/example_dags/example_sensors.py
[2024-10-03T07:14:56.121+0000] {processor.py:914} INFO - Processing file /home/airflow/.local/lib/python3.12/site-packages/airflow/example_dags/example_sensors.py for tasks to queue
[2024-10-03T07:14:56.123+0000] {logging_mixin.py:190} INFO - [2024-10-03T07:14:56.122+0000] {dagbag.py:588} INFO - Filling up the DagBag from /home/airflow/.local/lib/python3.12/site-packages/airflow/example_dags/example_sensors.py
[2024-10-03T07:14:56.136+0000] {processor.py:925} INFO - DAG(s) 'example_sensors' retrieved from /home/airflow/.local/lib/python3.12/site-packages/airflow/example_dags/example_sensors.py
[2024-10-03T07:14:56.170+0000] {logging_mixin.py:190} INFO - [2024-10-03T07:14:56.170+0000] {dag.py:3239} INFO - Sync 1 DAGs
[2024-10-03T07:14:56.189+0000] {logging_mixin.py:190} INFO - [2024-10-03T07:14:56.188+0000] {dag.py:4180} INFO - Setting next_dagrun for example_sensors to None, run_after=None
[2024-10-03T07:14:56.224+0000] {processor.py:208} INFO - Processing /home/airflow/.local/lib/python3.12/site-packages/airflow/example_dags/example_sensors.py took 0.111 seconds
[2024-10-03T07:15:26.514+0000] {processor.py:186} INFO - Started process (PID=2527) to work on /home/airflow/.local/lib/python3.12/site-packages/airflow/example_dags/example_sensors.py
[2024-10-03T07:15:26.515+0000] {processor.py:914} INFO - Processing file /home/airflow/.local/lib/python3.12/site-packages/airflow/example_dags/example_sensors.py for tasks to queue
[2024-10-03T07:15:26.517+0000] {logging_mixin.py:190} INFO - [2024-10-03T07:15:26.517+0000] {dagbag.py:588} INFO - Filling up the DagBag from /home/airflow/.local/lib/python3.12/site-packages/airflow/example_dags/example_sensors.py
[2024-10-03T07:15:26.530+0000] {processor.py:925} INFO - DAG(s) 'example_sensors' retrieved from /home/airflow/.local/lib/python3.12/site-packages/airflow/example_dags/example_sensors.py
[2024-10-03T07:15:26.559+0000] {logging_mixin.py:190} INFO - [2024-10-03T07:15:26.559+0000] {dag.py:3239} INFO - Sync 1 DAGs
[2024-10-03T07:15:26.574+0000] {logging_mixin.py:190} INFO - [2024-10-03T07:15:26.574+0000] {dag.py:4180} INFO - Setting next_dagrun for example_sensors to None, run_after=None
[2024-10-03T07:15:26.602+0000] {processor.py:208} INFO - Processing /home/airflow/.local/lib/python3.12/site-packages/airflow/example_dags/example_sensors.py took 0.095 seconds
[2024-10-03T07:15:56.986+0000] {processor.py:186} INFO - Started process (PID=2590) to work on /home/airflow/.local/lib/python3.12/site-packages/airflow/example_dags/example_sensors.py
[2024-10-03T07:15:56.988+0000] {processor.py:914} INFO - Processing file /home/airflow/.local/lib/python3.12/site-packages/airflow/example_dags/example_sensors.py for tasks to queue
[2024-10-03T07:15:56.989+0000] {logging_mixin.py:190} INFO - [2024-10-03T07:15:56.989+0000] {dagbag.py:588} INFO - Filling up the DagBag from /home/airflow/.local/lib/python3.12/site-packages/airflow/example_dags/example_sensors.py
[2024-10-03T07:15:57.001+0000] {processor.py:925} INFO - DAG(s) 'example_sensors' retrieved from /home/airflow/.local/lib/python3.12/site-packages/airflow/example_dags/example_sensors.py
[2024-10-03T07:15:57.029+0000] {logging_mixin.py:190} INFO - [2024-10-03T07:15:57.029+0000] {dag.py:3239} INFO - Sync 1 DAGs
[2024-10-03T07:15:57.048+0000] {logging_mixin.py:190} INFO - [2024-10-03T07:15:57.047+0000] {dag.py:4180} INFO - Setting next_dagrun for example_sensors to None, run_after=None
[2024-10-03T07:15:57.073+0000] {processor.py:208} INFO - Processing /home/airflow/.local/lib/python3.12/site-packages/airflow/example_dags/example_sensors.py took 0.094 seconds
[2024-10-03T07:16:27.425+0000] {processor.py:186} INFO - Started process (PID=2653) to work on /home/airflow/.local/lib/python3.12/site-packages/airflow/example_dags/example_sensors.py
[2024-10-03T07:16:27.427+0000] {processor.py:914} INFO - Processing file /home/airflow/.local/lib/python3.12/site-packages/airflow/example_dags/example_sensors.py for tasks to queue
[2024-10-03T07:16:27.428+0000] {logging_mixin.py:190} INFO - [2024-10-03T07:16:27.428+0000] {dagbag.py:588} INFO - Filling up the DagBag from /home/airflow/.local/lib/python3.12/site-packages/airflow/example_dags/example_sensors.py
[2024-10-03T07:16:27.441+0000] {processor.py:925} INFO - DAG(s) 'example_sensors' retrieved from /home/airflow/.local/lib/python3.12/site-packages/airflow/example_dags/example_sensors.py
[2024-10-03T07:16:27.470+0000] {logging_mixin.py:190} INFO - [2024-10-03T07:16:27.470+0000] {dag.py:3239} INFO - Sync 1 DAGs
[2024-10-03T07:16:27.486+0000] {logging_mixin.py:190} INFO - [2024-10-03T07:16:27.485+0000] {dag.py:4180} INFO - Setting next_dagrun for example_sensors to None, run_after=None
[2024-10-03T07:16:27.509+0000] {processor.py:208} INFO - Processing /home/airflow/.local/lib/python3.12/site-packages/airflow/example_dags/example_sensors.py took 0.090 seconds
[2024-10-03T07:16:58.055+0000] {processor.py:186} INFO - Started process (PID=2716) to work on /home/airflow/.local/lib/python3.12/site-packages/airflow/example_dags/example_sensors.py
[2024-10-03T07:16:58.057+0000] {processor.py:914} INFO - Processing file /home/airflow/.local/lib/python3.12/site-packages/airflow/example_dags/example_sensors.py for tasks to queue
[2024-10-03T07:16:58.059+0000] {logging_mixin.py:190} INFO - [2024-10-03T07:16:58.059+0000] {dagbag.py:588} INFO - Filling up the DagBag from /home/airflow/.local/lib/python3.12/site-packages/airflow/example_dags/example_sensors.py
[2024-10-03T07:16:58.072+0000] {processor.py:925} INFO - DAG(s) 'example_sensors' retrieved from /home/airflow/.local/lib/python3.12/site-packages/airflow/example_dags/example_sensors.py
[2024-10-03T07:16:58.108+0000] {logging_mixin.py:190} INFO - [2024-10-03T07:16:58.107+0000] {dag.py:3239} INFO - Sync 1 DAGs
[2024-10-03T07:16:58.124+0000] {logging_mixin.py:190} INFO - [2024-10-03T07:16:58.124+0000] {dag.py:4180} INFO - Setting next_dagrun for example_sensors to None, run_after=None
[2024-10-03T07:16:58.150+0000] {processor.py:208} INFO - Processing /home/airflow/.local/lib/python3.12/site-packages/airflow/example_dags/example_sensors.py took 0.101 seconds
[2024-10-03T07:17:28.400+0000] {processor.py:186} INFO - Started process (PID=2779) to work on /home/airflow/.local/lib/python3.12/site-packages/airflow/example_dags/example_sensors.py
[2024-10-03T07:17:28.401+0000] {processor.py:914} INFO - Processing file /home/airflow/.local/lib/python3.12/site-packages/airflow/example_dags/example_sensors.py for tasks to queue
[2024-10-03T07:17:28.403+0000] {logging_mixin.py:190} INFO - [2024-10-03T07:17:28.403+0000] {dagbag.py:588} INFO - Filling up the DagBag from /home/airflow/.local/lib/python3.12/site-packages/airflow/example_dags/example_sensors.py
[2024-10-03T07:17:28.415+0000] {processor.py:925} INFO - DAG(s) 'example_sensors' retrieved from /home/airflow/.local/lib/python3.12/site-packages/airflow/example_dags/example_sensors.py
[2024-10-03T07:17:28.446+0000] {logging_mixin.py:190} INFO - [2024-10-03T07:17:28.445+0000] {dag.py:3239} INFO - Sync 1 DAGs
[2024-10-03T07:17:28.461+0000] {logging_mixin.py:190} INFO - [2024-10-03T07:17:28.461+0000] {dag.py:4180} INFO - Setting next_dagrun for example_sensors to None, run_after=None
[2024-10-03T07:17:28.486+0000] {processor.py:208} INFO - Processing /home/airflow/.local/lib/python3.12/site-packages/airflow/example_dags/example_sensors.py took 0.094 seconds
[2024-10-03T07:17:59.101+0000] {processor.py:186} INFO - Started process (PID=2842) to work on /home/airflow/.local/lib/python3.12/site-packages/airflow/example_dags/example_sensors.py
[2024-10-03T07:17:59.103+0000] {processor.py:914} INFO - Processing file /home/airflow/.local/lib/python3.12/site-packages/airflow/example_dags/example_sensors.py for tasks to queue
[2024-10-03T07:17:59.105+0000] {logging_mixin.py:190} INFO - [2024-10-03T07:17:59.104+0000] {dagbag.py:588} INFO - Filling up the DagBag from /home/airflow/.local/lib/python3.12/site-packages/airflow/example_dags/example_sensors.py
[2024-10-03T07:17:59.118+0000] {processor.py:925} INFO - DAG(s) 'example_sensors' retrieved from /home/airflow/.local/lib/python3.12/site-packages/airflow/example_dags/example_sensors.py
[2024-10-03T07:17:59.148+0000] {logging_mixin.py:190} INFO - [2024-10-03T07:17:59.148+0000] {dag.py:3239} INFO - Sync 1 DAGs
[2024-10-03T07:17:59.164+0000] {logging_mixin.py:190} INFO - [2024-10-03T07:17:59.164+0000] {dag.py:4180} INFO - Setting next_dagrun for example_sensors to None, run_after=None
[2024-10-03T07:17:59.192+0000] {processor.py:208} INFO - Processing /home/airflow/.local/lib/python3.12/site-packages/airflow/example_dags/example_sensors.py took 0.096 seconds
[2024-10-03T07:18:29.446+0000] {processor.py:186} INFO - Started process (PID=2905) to work on /home/airflow/.local/lib/python3.12/site-packages/airflow/example_dags/example_sensors.py
[2024-10-03T07:18:29.448+0000] {processor.py:914} INFO - Processing file /home/airflow/.local/lib/python3.12/site-packages/airflow/example_dags/example_sensors.py for tasks to queue
[2024-10-03T07:18:29.450+0000] {logging_mixin.py:190} INFO - [2024-10-03T07:18:29.449+0000] {dagbag.py:588} INFO - Filling up the DagBag from /home/airflow/.local/lib/python3.12/site-packages/airflow/example_dags/example_sensors.py
[2024-10-03T07:18:29.461+0000] {processor.py:925} INFO - DAG(s) 'example_sensors' retrieved from /home/airflow/.local/lib/python3.12/site-packages/airflow/example_dags/example_sensors.py
[2024-10-03T07:18:29.492+0000] {logging_mixin.py:190} INFO - [2024-10-03T07:18:29.492+0000] {dag.py:3239} INFO - Sync 1 DAGs
[2024-10-03T07:18:29.508+0000] {logging_mixin.py:190} INFO - [2024-10-03T07:18:29.508+0000] {dag.py:4180} INFO - Setting next_dagrun for example_sensors to None, run_after=None
[2024-10-03T07:18:29.534+0000] {processor.py:208} INFO - Processing /home/airflow/.local/lib/python3.12/site-packages/airflow/example_dags/example_sensors.py took 0.093 seconds
[2024-10-03T07:19:00.103+0000] {processor.py:186} INFO - Started process (PID=2968) to work on /home/airflow/.local/lib/python3.12/site-packages/airflow/example_dags/example_sensors.py
[2024-10-03T07:19:00.104+0000] {processor.py:914} INFO - Processing file /home/airflow/.local/lib/python3.12/site-packages/airflow/example_dags/example_sensors.py for tasks to queue
[2024-10-03T07:19:00.107+0000] {logging_mixin.py:190} INFO - [2024-10-03T07:19:00.106+0000] {dagbag.py:588} INFO - Filling up the DagBag from /home/airflow/.local/lib/python3.12/site-packages/airflow/example_dags/example_sensors.py
[2024-10-03T07:19:00.126+0000] {processor.py:925} INFO - DAG(s) 'example_sensors' retrieved from /home/airflow/.local/lib/python3.12/site-packages/airflow/example_dags/example_sensors.py
[2024-10-03T07:19:00.163+0000] {logging_mixin.py:190} INFO - [2024-10-03T07:19:00.163+0000] {dag.py:3239} INFO - Sync 1 DAGs
[2024-10-03T07:19:00.183+0000] {logging_mixin.py:190} INFO - [2024-10-03T07:19:00.182+0000] {dag.py:4180} INFO - Setting next_dagrun for example_sensors to None, run_after=None
[2024-10-03T07:19:00.217+0000] {processor.py:208} INFO - Processing /home/airflow/.local/lib/python3.12/site-packages/airflow/example_dags/example_sensors.py took 0.121 seconds
