[2024-10-03T06:34:04.882+0000] {processor.py:157} INFO - Started process (PID=136) to work on /home/airflow/.local/lib/python3.8/site-packages/airflow/example_dags/example_dag_decorator.py
[2024-10-03T06:34:04.885+0000] {processor.py:829} INFO - Processing file /home/airflow/.local/lib/python3.8/site-packages/airflow/example_dags/example_dag_decorator.py for tasks to queue
[2024-10-03T06:34:04.889+0000] {logging_mixin.py:151} INFO - [2024-10-03T06:34:04.889+0000] {dagbag.py:539} INFO - Filling up the DagBag from /home/airflow/.local/lib/python3.8/site-packages/airflow/example_dags/example_dag_decorator.py
[2024-10-03T06:34:05.179+0000] {processor.py:839} INFO - DAG(s) dict_keys(['example_dag_decorator']) retrieved from /home/airflow/.local/lib/python3.8/site-packages/airflow/example_dags/example_dag_decorator.py
[2024-10-03T06:34:05.372+0000] {logging_mixin.py:151} INFO - [2024-10-03T06:34:05.372+0000] {manager.py:501} INFO - Created Permission View: can delete on DAG:example_dag_decorator
[2024-10-03T06:34:05.390+0000] {logging_mixin.py:151} INFO - [2024-10-03T06:34:05.390+0000] {manager.py:501} INFO - Created Permission View: can read on DAG:example_dag_decorator
[2024-10-03T06:34:05.404+0000] {logging_mixin.py:151} INFO - [2024-10-03T06:34:05.404+0000] {manager.py:501} INFO - Created Permission View: can edit on DAG:example_dag_decorator
[2024-10-03T06:34:05.423+0000] {logging_mixin.py:151} INFO - [2024-10-03T06:34:05.423+0000] {dag.py:2907} INFO - Sync 1 DAGs
[2024-10-03T06:34:05.440+0000] {logging_mixin.py:151} INFO - [2024-10-03T06:34:05.440+0000] {dag.py:2929} INFO - Creating ORM DAG for example_dag_decorator
[2024-10-03T06:34:05.442+0000] {logging_mixin.py:151} INFO - [2024-10-03T06:34:05.442+0000] {dag.py:3677} INFO - Setting next_dagrun for example_dag_decorator to None, run_after=None
[2024-10-03T06:34:05.483+0000] {processor.py:179} INFO - Processing /home/airflow/.local/lib/python3.8/site-packages/airflow/example_dags/example_dag_decorator.py took 0.607 seconds
[2024-10-03T06:34:35.904+0000] {processor.py:157} INFO - Started process (PID=194) to work on /home/airflow/.local/lib/python3.8/site-packages/airflow/example_dags/example_dag_decorator.py
[2024-10-03T06:34:35.906+0000] {processor.py:829} INFO - Processing file /home/airflow/.local/lib/python3.8/site-packages/airflow/example_dags/example_dag_decorator.py for tasks to queue
[2024-10-03T06:34:35.910+0000] {logging_mixin.py:151} INFO - [2024-10-03T06:34:35.909+0000] {dagbag.py:539} INFO - Filling up the DagBag from /home/airflow/.local/lib/python3.8/site-packages/airflow/example_dags/example_dag_decorator.py
[2024-10-03T06:34:36.044+0000] {processor.py:839} INFO - DAG(s) dict_keys(['example_dag_decorator']) retrieved from /home/airflow/.local/lib/python3.8/site-packages/airflow/example_dags/example_dag_decorator.py
[2024-10-03T06:34:36.229+0000] {logging_mixin.py:151} INFO - [2024-10-03T06:34:36.229+0000] {dag.py:2907} INFO - Sync 1 DAGs
[2024-10-03T06:34:36.259+0000] {logging_mixin.py:151} INFO - [2024-10-03T06:34:36.258+0000] {dag.py:3677} INFO - Setting next_dagrun for example_dag_decorator to None, run_after=None
[2024-10-03T06:34:36.300+0000] {processor.py:179} INFO - Processing /home/airflow/.local/lib/python3.8/site-packages/airflow/example_dags/example_dag_decorator.py took 0.403 seconds
[2024-10-03T06:35:06.402+0000] {processor.py:157} INFO - Started process (PID=252) to work on /home/airflow/.local/lib/python3.8/site-packages/airflow/example_dags/example_dag_decorator.py
[2024-10-03T06:35:06.404+0000] {processor.py:829} INFO - Processing file /home/airflow/.local/lib/python3.8/site-packages/airflow/example_dags/example_dag_decorator.py for tasks to queue
[2024-10-03T06:35:06.408+0000] {logging_mixin.py:151} INFO - [2024-10-03T06:35:06.407+0000] {dagbag.py:539} INFO - Filling up the DagBag from /home/airflow/.local/lib/python3.8/site-packages/airflow/example_dags/example_dag_decorator.py
[2024-10-03T06:35:06.545+0000] {processor.py:839} INFO - DAG(s) dict_keys(['example_dag_decorator']) retrieved from /home/airflow/.local/lib/python3.8/site-packages/airflow/example_dags/example_dag_decorator.py
[2024-10-03T06:35:06.743+0000] {logging_mixin.py:151} INFO - [2024-10-03T06:35:06.743+0000] {dag.py:2907} INFO - Sync 1 DAGs
[2024-10-03T06:35:06.759+0000] {logging_mixin.py:151} INFO - [2024-10-03T06:35:06.759+0000] {dag.py:3677} INFO - Setting next_dagrun for example_dag_decorator to None, run_after=None
[2024-10-03T06:35:06.819+0000] {processor.py:179} INFO - Processing /home/airflow/.local/lib/python3.8/site-packages/airflow/example_dags/example_dag_decorator.py took 0.422 seconds
[2024-10-03T06:35:37.150+0000] {processor.py:157} INFO - Started process (PID=312) to work on /home/airflow/.local/lib/python3.8/site-packages/airflow/example_dags/example_dag_decorator.py
[2024-10-03T06:35:37.152+0000] {processor.py:829} INFO - Processing file /home/airflow/.local/lib/python3.8/site-packages/airflow/example_dags/example_dag_decorator.py for tasks to queue
[2024-10-03T06:35:37.157+0000] {logging_mixin.py:151} INFO - [2024-10-03T06:35:37.156+0000] {dagbag.py:539} INFO - Filling up the DagBag from /home/airflow/.local/lib/python3.8/site-packages/airflow/example_dags/example_dag_decorator.py
[2024-10-03T06:35:37.280+0000] {processor.py:839} INFO - DAG(s) dict_keys(['example_dag_decorator']) retrieved from /home/airflow/.local/lib/python3.8/site-packages/airflow/example_dags/example_dag_decorator.py
[2024-10-03T06:35:37.495+0000] {logging_mixin.py:151} INFO - [2024-10-03T06:35:37.494+0000] {dag.py:2907} INFO - Sync 1 DAGs
[2024-10-03T06:35:37.512+0000] {logging_mixin.py:151} INFO - [2024-10-03T06:35:37.511+0000] {dag.py:3677} INFO - Setting next_dagrun for example_dag_decorator to None, run_after=None
[2024-10-03T06:35:37.551+0000] {processor.py:179} INFO - Processing /home/airflow/.local/lib/python3.8/site-packages/airflow/example_dags/example_dag_decorator.py took 0.405 seconds
[2024-10-03T06:36:07.845+0000] {processor.py:157} INFO - Started process (PID=370) to work on /home/airflow/.local/lib/python3.8/site-packages/airflow/example_dags/example_dag_decorator.py
[2024-10-03T06:36:07.847+0000] {processor.py:829} INFO - Processing file /home/airflow/.local/lib/python3.8/site-packages/airflow/example_dags/example_dag_decorator.py for tasks to queue
[2024-10-03T06:36:07.852+0000] {logging_mixin.py:151} INFO - [2024-10-03T06:36:07.851+0000] {dagbag.py:539} INFO - Filling up the DagBag from /home/airflow/.local/lib/python3.8/site-packages/airflow/example_dags/example_dag_decorator.py
[2024-10-03T06:36:07.976+0000] {processor.py:839} INFO - DAG(s) dict_keys(['example_dag_decorator']) retrieved from /home/airflow/.local/lib/python3.8/site-packages/airflow/example_dags/example_dag_decorator.py
[2024-10-03T06:36:08.177+0000] {logging_mixin.py:151} INFO - [2024-10-03T06:36:08.177+0000] {dag.py:2907} INFO - Sync 1 DAGs
[2024-10-03T06:36:08.197+0000] {logging_mixin.py:151} INFO - [2024-10-03T06:36:08.197+0000] {dag.py:3677} INFO - Setting next_dagrun for example_dag_decorator to None, run_after=None
[2024-10-03T06:36:08.237+0000] {processor.py:179} INFO - Processing /home/airflow/.local/lib/python3.8/site-packages/airflow/example_dags/example_dag_decorator.py took 0.398 seconds
[2024-10-03T06:36:38.617+0000] {processor.py:157} INFO - Started process (PID=429) to work on /home/airflow/.local/lib/python3.8/site-packages/airflow/example_dags/example_dag_decorator.py
[2024-10-03T06:36:38.620+0000] {processor.py:829} INFO - Processing file /home/airflow/.local/lib/python3.8/site-packages/airflow/example_dags/example_dag_decorator.py for tasks to queue
[2024-10-03T06:36:38.625+0000] {logging_mixin.py:151} INFO - [2024-10-03T06:36:38.624+0000] {dagbag.py:539} INFO - Filling up the DagBag from /home/airflow/.local/lib/python3.8/site-packages/airflow/example_dags/example_dag_decorator.py
[2024-10-03T06:36:38.750+0000] {processor.py:839} INFO - DAG(s) dict_keys(['example_dag_decorator']) retrieved from /home/airflow/.local/lib/python3.8/site-packages/airflow/example_dags/example_dag_decorator.py
[2024-10-03T06:36:38.931+0000] {logging_mixin.py:151} INFO - [2024-10-03T06:36:38.931+0000] {dag.py:2907} INFO - Sync 1 DAGs
[2024-10-03T06:36:38.992+0000] {logging_mixin.py:151} INFO - [2024-10-03T06:36:38.992+0000] {dag.py:3677} INFO - Setting next_dagrun for example_dag_decorator to None, run_after=None
[2024-10-03T06:36:39.061+0000] {processor.py:179} INFO - Processing /home/airflow/.local/lib/python3.8/site-packages/airflow/example_dags/example_dag_decorator.py took 0.450 seconds
[2024-10-03T06:41:26.520+0000] {processor.py:157} INFO - Started process (PID=122) to work on /home/airflow/.local/lib/python3.8/site-packages/airflow/example_dags/example_dag_decorator.py
[2024-10-03T06:41:26.532+0000] {processor.py:829} INFO - Processing file /home/airflow/.local/lib/python3.8/site-packages/airflow/example_dags/example_dag_decorator.py for tasks to queue
[2024-10-03T06:41:26.551+0000] {logging_mixin.py:151} INFO - [2024-10-03T06:41:26.550+0000] {dagbag.py:539} INFO - Filling up the DagBag from /home/airflow/.local/lib/python3.8/site-packages/airflow/example_dags/example_dag_decorator.py
[2024-10-03T06:41:27.070+0000] {processor.py:839} INFO - DAG(s) dict_keys(['example_dag_decorator']) retrieved from /home/airflow/.local/lib/python3.8/site-packages/airflow/example_dags/example_dag_decorator.py
[2024-10-03T06:41:27.807+0000] {logging_mixin.py:151} INFO - [2024-10-03T06:41:27.805+0000] {dag.py:2907} INFO - Sync 1 DAGs
[2024-10-03T06:41:27.863+0000] {logging_mixin.py:151} INFO - [2024-10-03T06:41:27.861+0000] {dag.py:3677} INFO - Setting next_dagrun for example_dag_decorator to None, run_after=None
[2024-10-03T06:41:27.963+0000] {processor.py:179} INFO - Processing /home/airflow/.local/lib/python3.8/site-packages/airflow/example_dags/example_dag_decorator.py took 1.453 seconds
[2024-10-03T06:41:58.213+0000] {processor.py:157} INFO - Started process (PID=181) to work on /home/airflow/.local/lib/python3.8/site-packages/airflow/example_dags/example_dag_decorator.py
[2024-10-03T06:41:58.215+0000] {processor.py:829} INFO - Processing file /home/airflow/.local/lib/python3.8/site-packages/airflow/example_dags/example_dag_decorator.py for tasks to queue
[2024-10-03T06:41:58.221+0000] {logging_mixin.py:151} INFO - [2024-10-03T06:41:58.220+0000] {dagbag.py:539} INFO - Filling up the DagBag from /home/airflow/.local/lib/python3.8/site-packages/airflow/example_dags/example_dag_decorator.py
[2024-10-03T06:41:58.492+0000] {processor.py:839} INFO - DAG(s) dict_keys(['example_dag_decorator']) retrieved from /home/airflow/.local/lib/python3.8/site-packages/airflow/example_dags/example_dag_decorator.py
[2024-10-03T06:41:58.965+0000] {logging_mixin.py:151} INFO - [2024-10-03T06:41:58.964+0000] {dag.py:2907} INFO - Sync 1 DAGs
[2024-10-03T06:41:59.030+0000] {logging_mixin.py:151} INFO - [2024-10-03T06:41:59.029+0000] {dag.py:3677} INFO - Setting next_dagrun for example_dag_decorator to None, run_after=None
[2024-10-03T06:41:59.154+0000] {processor.py:179} INFO - Processing /home/airflow/.local/lib/python3.8/site-packages/airflow/example_dags/example_dag_decorator.py took 0.953 seconds
[2024-10-03T06:42:30.074+0000] {processor.py:157} INFO - Started process (PID=239) to work on /home/airflow/.local/lib/python3.8/site-packages/airflow/example_dags/example_dag_decorator.py
[2024-10-03T06:42:30.079+0000] {processor.py:829} INFO - Processing file /home/airflow/.local/lib/python3.8/site-packages/airflow/example_dags/example_dag_decorator.py for tasks to queue
[2024-10-03T06:42:30.085+0000] {logging_mixin.py:151} INFO - [2024-10-03T06:42:30.084+0000] {dagbag.py:539} INFO - Filling up the DagBag from /home/airflow/.local/lib/python3.8/site-packages/airflow/example_dags/example_dag_decorator.py
[2024-10-03T06:42:30.532+0000] {processor.py:839} INFO - DAG(s) dict_keys(['example_dag_decorator']) retrieved from /home/airflow/.local/lib/python3.8/site-packages/airflow/example_dags/example_dag_decorator.py
[2024-10-03T06:42:31.513+0000] {logging_mixin.py:151} INFO - [2024-10-03T06:42:31.512+0000] {dag.py:2907} INFO - Sync 1 DAGs
[2024-10-03T06:42:31.545+0000] {logging_mixin.py:151} INFO - [2024-10-03T06:42:31.544+0000] {dag.py:3677} INFO - Setting next_dagrun for example_dag_decorator to None, run_after=None
[2024-10-03T06:42:31.632+0000] {processor.py:179} INFO - Processing /home/airflow/.local/lib/python3.8/site-packages/airflow/example_dags/example_dag_decorator.py took 1.567 seconds
[2024-10-03T06:52:57.353+0000] {processor.py:186} INFO - Started process (PID=122) to work on /home/airflow/.local/lib/python3.12/site-packages/airflow/example_dags/example_dag_decorator.py
[2024-10-03T06:52:57.357+0000] {processor.py:914} INFO - Processing file /home/airflow/.local/lib/python3.12/site-packages/airflow/example_dags/example_dag_decorator.py for tasks to queue
[2024-10-03T06:52:57.364+0000] {logging_mixin.py:190} INFO - [2024-10-03T06:52:57.363+0000] {dagbag.py:588} INFO - Filling up the DagBag from /home/airflow/.local/lib/python3.12/site-packages/airflow/example_dags/example_dag_decorator.py
[2024-10-03T06:52:57.394+0000] {processor.py:925} INFO - DAG(s) 'example_dag_decorator' retrieved from /home/airflow/.local/lib/python3.12/site-packages/airflow/example_dags/example_dag_decorator.py
[2024-10-03T06:52:57.804+0000] {logging_mixin.py:190} INFO - [2024-10-03T06:52:57.803+0000] {dag.py:3239} INFO - Sync 1 DAGs
[2024-10-03T06:52:57.852+0000] {logging_mixin.py:190} INFO - [2024-10-03T06:52:57.852+0000] {dag.py:4180} INFO - Setting next_dagrun for example_dag_decorator to None, run_after=None
[2024-10-03T06:52:57.920+0000] {processor.py:208} INFO - Processing /home/airflow/.local/lib/python3.12/site-packages/airflow/example_dags/example_dag_decorator.py took 0.582 seconds
[2024-10-03T06:53:28.488+0000] {processor.py:186} INFO - Started process (PID=186) to work on /home/airflow/.local/lib/python3.12/site-packages/airflow/example_dags/example_dag_decorator.py
[2024-10-03T06:53:28.490+0000] {processor.py:914} INFO - Processing file /home/airflow/.local/lib/python3.12/site-packages/airflow/example_dags/example_dag_decorator.py for tasks to queue
[2024-10-03T06:53:28.494+0000] {logging_mixin.py:190} INFO - [2024-10-03T06:53:28.493+0000] {dagbag.py:588} INFO - Filling up the DagBag from /home/airflow/.local/lib/python3.12/site-packages/airflow/example_dags/example_dag_decorator.py
[2024-10-03T06:53:28.506+0000] {processor.py:925} INFO - DAG(s) 'example_dag_decorator' retrieved from /home/airflow/.local/lib/python3.12/site-packages/airflow/example_dags/example_dag_decorator.py
[2024-10-03T06:53:28.641+0000] {logging_mixin.py:190} INFO - [2024-10-03T06:53:28.640+0000] {dag.py:3239} INFO - Sync 1 DAGs
[2024-10-03T06:53:28.654+0000] {logging_mixin.py:190} INFO - [2024-10-03T06:53:28.654+0000] {dag.py:4180} INFO - Setting next_dagrun for example_dag_decorator to None, run_after=None
[2024-10-03T06:53:28.703+0000] {processor.py:208} INFO - Processing /home/airflow/.local/lib/python3.12/site-packages/airflow/example_dags/example_dag_decorator.py took 0.220 seconds
[2024-10-03T06:53:59.563+0000] {processor.py:186} INFO - Started process (PID=250) to work on /home/airflow/.local/lib/python3.12/site-packages/airflow/example_dags/example_dag_decorator.py
[2024-10-03T06:53:59.568+0000] {processor.py:914} INFO - Processing file /home/airflow/.local/lib/python3.12/site-packages/airflow/example_dags/example_dag_decorator.py for tasks to queue
[2024-10-03T06:53:59.577+0000] {logging_mixin.py:190} INFO - [2024-10-03T06:53:59.574+0000] {dagbag.py:588} INFO - Filling up the DagBag from /home/airflow/.local/lib/python3.12/site-packages/airflow/example_dags/example_dag_decorator.py
[2024-10-03T06:53:59.605+0000] {processor.py:925} INFO - DAG(s) 'example_dag_decorator' retrieved from /home/airflow/.local/lib/python3.12/site-packages/airflow/example_dags/example_dag_decorator.py
[2024-10-03T06:53:59.981+0000] {logging_mixin.py:190} INFO - [2024-10-03T06:53:59.981+0000] {dag.py:3239} INFO - Sync 1 DAGs
[2024-10-03T06:54:00.009+0000] {logging_mixin.py:190} INFO - [2024-10-03T06:54:00.009+0000] {dag.py:4180} INFO - Setting next_dagrun for example_dag_decorator to None, run_after=None
[2024-10-03T06:54:00.075+0000] {processor.py:208} INFO - Processing /home/airflow/.local/lib/python3.12/site-packages/airflow/example_dags/example_dag_decorator.py took 0.523 seconds
[2024-10-03T06:54:30.819+0000] {processor.py:186} INFO - Started process (PID=314) to work on /home/airflow/.local/lib/python3.12/site-packages/airflow/example_dags/example_dag_decorator.py
[2024-10-03T06:54:30.825+0000] {processor.py:914} INFO - Processing file /home/airflow/.local/lib/python3.12/site-packages/airflow/example_dags/example_dag_decorator.py for tasks to queue
[2024-10-03T06:54:30.833+0000] {logging_mixin.py:190} INFO - [2024-10-03T06:54:30.831+0000] {dagbag.py:588} INFO - Filling up the DagBag from /home/airflow/.local/lib/python3.12/site-packages/airflow/example_dags/example_dag_decorator.py
[2024-10-03T06:54:30.867+0000] {processor.py:925} INFO - DAG(s) 'example_dag_decorator' retrieved from /home/airflow/.local/lib/python3.12/site-packages/airflow/example_dags/example_dag_decorator.py
[2024-10-03T06:54:31.225+0000] {logging_mixin.py:190} INFO - [2024-10-03T06:54:31.224+0000] {dag.py:3239} INFO - Sync 1 DAGs
[2024-10-03T06:54:31.247+0000] {logging_mixin.py:190} INFO - [2024-10-03T06:54:31.246+0000] {dag.py:4180} INFO - Setting next_dagrun for example_dag_decorator to None, run_after=None
[2024-10-03T06:54:31.309+0000] {processor.py:208} INFO - Processing /home/airflow/.local/lib/python3.12/site-packages/airflow/example_dags/example_dag_decorator.py took 0.506 seconds
[2024-10-03T06:55:01.489+0000] {processor.py:186} INFO - Started process (PID=379) to work on /home/airflow/.local/lib/python3.12/site-packages/airflow/example_dags/example_dag_decorator.py
[2024-10-03T06:55:01.492+0000] {processor.py:914} INFO - Processing file /home/airflow/.local/lib/python3.12/site-packages/airflow/example_dags/example_dag_decorator.py for tasks to queue
[2024-10-03T06:55:01.498+0000] {logging_mixin.py:190} INFO - [2024-10-03T06:55:01.497+0000] {dagbag.py:588} INFO - Filling up the DagBag from /home/airflow/.local/lib/python3.12/site-packages/airflow/example_dags/example_dag_decorator.py
[2024-10-03T06:55:01.528+0000] {processor.py:925} INFO - DAG(s) 'example_dag_decorator' retrieved from /home/airflow/.local/lib/python3.12/site-packages/airflow/example_dags/example_dag_decorator.py
[2024-10-03T06:55:01.873+0000] {logging_mixin.py:190} INFO - [2024-10-03T06:55:01.872+0000] {dag.py:3239} INFO - Sync 1 DAGs
[2024-10-03T06:55:01.916+0000] {logging_mixin.py:190} INFO - [2024-10-03T06:55:01.916+0000] {dag.py:4180} INFO - Setting next_dagrun for example_dag_decorator to None, run_after=None
[2024-10-03T06:55:01.961+0000] {processor.py:208} INFO - Processing /home/airflow/.local/lib/python3.12/site-packages/airflow/example_dags/example_dag_decorator.py took 0.480 seconds
[2024-10-03T06:55:32.178+0000] {processor.py:186} INFO - Started process (PID=442) to work on /home/airflow/.local/lib/python3.12/site-packages/airflow/example_dags/example_dag_decorator.py
[2024-10-03T06:55:32.180+0000] {processor.py:914} INFO - Processing file /home/airflow/.local/lib/python3.12/site-packages/airflow/example_dags/example_dag_decorator.py for tasks to queue
[2024-10-03T06:55:32.185+0000] {logging_mixin.py:190} INFO - [2024-10-03T06:55:32.184+0000] {dagbag.py:588} INFO - Filling up the DagBag from /home/airflow/.local/lib/python3.12/site-packages/airflow/example_dags/example_dag_decorator.py
[2024-10-03T06:55:32.205+0000] {processor.py:925} INFO - DAG(s) 'example_dag_decorator' retrieved from /home/airflow/.local/lib/python3.12/site-packages/airflow/example_dags/example_dag_decorator.py
[2024-10-03T06:55:32.527+0000] {logging_mixin.py:190} INFO - [2024-10-03T06:55:32.526+0000] {dag.py:3239} INFO - Sync 1 DAGs
[2024-10-03T06:55:32.546+0000] {logging_mixin.py:190} INFO - [2024-10-03T06:55:32.546+0000] {dag.py:4180} INFO - Setting next_dagrun for example_dag_decorator to None, run_after=None
[2024-10-03T06:55:32.576+0000] {processor.py:208} INFO - Processing /home/airflow/.local/lib/python3.12/site-packages/airflow/example_dags/example_dag_decorator.py took 0.408 seconds
[2024-10-03T06:56:02.807+0000] {processor.py:186} INFO - Started process (PID=506) to work on /home/airflow/.local/lib/python3.12/site-packages/airflow/example_dags/example_dag_decorator.py
[2024-10-03T06:56:02.813+0000] {processor.py:914} INFO - Processing file /home/airflow/.local/lib/python3.12/site-packages/airflow/example_dags/example_dag_decorator.py for tasks to queue
[2024-10-03T06:56:02.817+0000] {logging_mixin.py:190} INFO - [2024-10-03T06:56:02.817+0000] {dagbag.py:588} INFO - Filling up the DagBag from /home/airflow/.local/lib/python3.12/site-packages/airflow/example_dags/example_dag_decorator.py
[2024-10-03T06:56:02.838+0000] {processor.py:925} INFO - DAG(s) 'example_dag_decorator' retrieved from /home/airflow/.local/lib/python3.12/site-packages/airflow/example_dags/example_dag_decorator.py
[2024-10-03T06:56:02.996+0000] {logging_mixin.py:190} INFO - [2024-10-03T06:56:02.995+0000] {dag.py:3239} INFO - Sync 1 DAGs
[2024-10-03T06:56:03.014+0000] {logging_mixin.py:190} INFO - [2024-10-03T06:56:03.014+0000] {dag.py:4180} INFO - Setting next_dagrun for example_dag_decorator to None, run_after=None
[2024-10-03T06:56:03.053+0000] {processor.py:208} INFO - Processing /home/airflow/.local/lib/python3.12/site-packages/airflow/example_dags/example_dag_decorator.py took 0.254 seconds
[2024-10-03T06:56:34.156+0000] {processor.py:186} INFO - Started process (PID=570) to work on /home/airflow/.local/lib/python3.12/site-packages/airflow/example_dags/example_dag_decorator.py
[2024-10-03T06:56:34.166+0000] {processor.py:914} INFO - Processing file /home/airflow/.local/lib/python3.12/site-packages/airflow/example_dags/example_dag_decorator.py for tasks to queue
[2024-10-03T06:56:34.173+0000] {logging_mixin.py:190} INFO - [2024-10-03T06:56:34.172+0000] {dagbag.py:588} INFO - Filling up the DagBag from /home/airflow/.local/lib/python3.12/site-packages/airflow/example_dags/example_dag_decorator.py
[2024-10-03T06:56:34.196+0000] {processor.py:925} INFO - DAG(s) 'example_dag_decorator' retrieved from /home/airflow/.local/lib/python3.12/site-packages/airflow/example_dags/example_dag_decorator.py
[2024-10-03T06:56:34.631+0000] {logging_mixin.py:190} INFO - [2024-10-03T06:56:34.631+0000] {dag.py:3239} INFO - Sync 1 DAGs
[2024-10-03T06:56:34.654+0000] {logging_mixin.py:190} INFO - [2024-10-03T06:56:34.653+0000] {dag.py:4180} INFO - Setting next_dagrun for example_dag_decorator to None, run_after=None
[2024-10-03T06:56:34.689+0000] {processor.py:208} INFO - Processing /home/airflow/.local/lib/python3.12/site-packages/airflow/example_dags/example_dag_decorator.py took 0.543 seconds
[2024-10-03T06:57:05.414+0000] {processor.py:186} INFO - Started process (PID=634) to work on /home/airflow/.local/lib/python3.12/site-packages/airflow/example_dags/example_dag_decorator.py
[2024-10-03T06:57:05.416+0000] {processor.py:914} INFO - Processing file /home/airflow/.local/lib/python3.12/site-packages/airflow/example_dags/example_dag_decorator.py for tasks to queue
[2024-10-03T06:57:05.419+0000] {logging_mixin.py:190} INFO - [2024-10-03T06:57:05.419+0000] {dagbag.py:588} INFO - Filling up the DagBag from /home/airflow/.local/lib/python3.12/site-packages/airflow/example_dags/example_dag_decorator.py
[2024-10-03T06:57:05.441+0000] {processor.py:925} INFO - DAG(s) 'example_dag_decorator' retrieved from /home/airflow/.local/lib/python3.12/site-packages/airflow/example_dags/example_dag_decorator.py
[2024-10-03T06:57:05.705+0000] {logging_mixin.py:190} INFO - [2024-10-03T06:57:05.705+0000] {dag.py:3239} INFO - Sync 1 DAGs
[2024-10-03T06:57:05.724+0000] {logging_mixin.py:190} INFO - [2024-10-03T06:57:05.724+0000] {dag.py:4180} INFO - Setting next_dagrun for example_dag_decorator to None, run_after=None
[2024-10-03T06:57:05.817+0000] {processor.py:208} INFO - Processing /home/airflow/.local/lib/python3.12/site-packages/airflow/example_dags/example_dag_decorator.py took 0.412 seconds
[2024-10-03T06:57:36.301+0000] {processor.py:186} INFO - Started process (PID=703) to work on /home/airflow/.local/lib/python3.12/site-packages/airflow/example_dags/example_dag_decorator.py
[2024-10-03T06:57:36.307+0000] {processor.py:914} INFO - Processing file /home/airflow/.local/lib/python3.12/site-packages/airflow/example_dags/example_dag_decorator.py for tasks to queue
[2024-10-03T06:57:36.317+0000] {logging_mixin.py:190} INFO - [2024-10-03T06:57:36.316+0000] {dagbag.py:588} INFO - Filling up the DagBag from /home/airflow/.local/lib/python3.12/site-packages/airflow/example_dags/example_dag_decorator.py
[2024-10-03T06:57:36.372+0000] {processor.py:925} INFO - DAG(s) 'example_dag_decorator' retrieved from /home/airflow/.local/lib/python3.12/site-packages/airflow/example_dags/example_dag_decorator.py
[2024-10-03T06:57:37.189+0000] {logging_mixin.py:190} INFO - [2024-10-03T06:57:37.188+0000] {dag.py:3239} INFO - Sync 1 DAGs
[2024-10-03T06:57:37.221+0000] {logging_mixin.py:190} INFO - [2024-10-03T06:57:37.221+0000] {dag.py:4180} INFO - Setting next_dagrun for example_dag_decorator to None, run_after=None
[2024-10-03T06:57:37.264+0000] {processor.py:208} INFO - Processing /home/airflow/.local/lib/python3.12/site-packages/airflow/example_dags/example_dag_decorator.py took 0.983 seconds
[2024-10-03T06:58:07.827+0000] {processor.py:186} INFO - Started process (PID=768) to work on /home/airflow/.local/lib/python3.12/site-packages/airflow/example_dags/example_dag_decorator.py
[2024-10-03T06:58:07.829+0000] {processor.py:914} INFO - Processing file /home/airflow/.local/lib/python3.12/site-packages/airflow/example_dags/example_dag_decorator.py for tasks to queue
[2024-10-03T06:58:07.833+0000] {logging_mixin.py:190} INFO - [2024-10-03T06:58:07.833+0000] {dagbag.py:588} INFO - Filling up the DagBag from /home/airflow/.local/lib/python3.12/site-packages/airflow/example_dags/example_dag_decorator.py
[2024-10-03T06:58:07.846+0000] {processor.py:925} INFO - DAG(s) 'example_dag_decorator' retrieved from /home/airflow/.local/lib/python3.12/site-packages/airflow/example_dags/example_dag_decorator.py
[2024-10-03T06:58:08.038+0000] {logging_mixin.py:190} INFO - [2024-10-03T06:58:08.038+0000] {dag.py:3239} INFO - Sync 1 DAGs
[2024-10-03T06:58:08.052+0000] {logging_mixin.py:190} INFO - [2024-10-03T06:58:08.052+0000] {dag.py:4180} INFO - Setting next_dagrun for example_dag_decorator to None, run_after=None
[2024-10-03T06:58:08.081+0000] {processor.py:208} INFO - Processing /home/airflow/.local/lib/python3.12/site-packages/airflow/example_dags/example_dag_decorator.py took 0.260 seconds
[2024-10-03T06:58:38.266+0000] {processor.py:186} INFO - Started process (PID=832) to work on /home/airflow/.local/lib/python3.12/site-packages/airflow/example_dags/example_dag_decorator.py
[2024-10-03T06:58:38.268+0000] {processor.py:914} INFO - Processing file /home/airflow/.local/lib/python3.12/site-packages/airflow/example_dags/example_dag_decorator.py for tasks to queue
[2024-10-03T06:58:38.271+0000] {logging_mixin.py:190} INFO - [2024-10-03T06:58:38.271+0000] {dagbag.py:588} INFO - Filling up the DagBag from /home/airflow/.local/lib/python3.12/site-packages/airflow/example_dags/example_dag_decorator.py
[2024-10-03T06:58:38.284+0000] {processor.py:925} INFO - DAG(s) 'example_dag_decorator' retrieved from /home/airflow/.local/lib/python3.12/site-packages/airflow/example_dags/example_dag_decorator.py
[2024-10-03T06:58:38.435+0000] {logging_mixin.py:190} INFO - [2024-10-03T06:58:38.435+0000] {dag.py:3239} INFO - Sync 1 DAGs
[2024-10-03T06:58:38.450+0000] {logging_mixin.py:190} INFO - [2024-10-03T06:58:38.450+0000] {dag.py:4180} INFO - Setting next_dagrun for example_dag_decorator to None, run_after=None
[2024-10-03T06:58:38.477+0000] {processor.py:208} INFO - Processing /home/airflow/.local/lib/python3.12/site-packages/airflow/example_dags/example_dag_decorator.py took 0.217 seconds
[2024-10-03T06:59:09.129+0000] {processor.py:186} INFO - Started process (PID=897) to work on /home/airflow/.local/lib/python3.12/site-packages/airflow/example_dags/example_dag_decorator.py
[2024-10-03T06:59:09.131+0000] {processor.py:914} INFO - Processing file /home/airflow/.local/lib/python3.12/site-packages/airflow/example_dags/example_dag_decorator.py for tasks to queue
[2024-10-03T06:59:09.136+0000] {logging_mixin.py:190} INFO - [2024-10-03T06:59:09.136+0000] {dagbag.py:588} INFO - Filling up the DagBag from /home/airflow/.local/lib/python3.12/site-packages/airflow/example_dags/example_dag_decorator.py
[2024-10-03T06:59:09.149+0000] {processor.py:925} INFO - DAG(s) 'example_dag_decorator' retrieved from /home/airflow/.local/lib/python3.12/site-packages/airflow/example_dags/example_dag_decorator.py
[2024-10-03T06:59:09.324+0000] {logging_mixin.py:190} INFO - [2024-10-03T06:59:09.323+0000] {dag.py:3239} INFO - Sync 1 DAGs
[2024-10-03T06:59:09.338+0000] {logging_mixin.py:190} INFO - [2024-10-03T06:59:09.338+0000] {dag.py:4180} INFO - Setting next_dagrun for example_dag_decorator to None, run_after=None
[2024-10-03T06:59:09.370+0000] {processor.py:208} INFO - Processing /home/airflow/.local/lib/python3.12/site-packages/airflow/example_dags/example_dag_decorator.py took 0.248 seconds
[2024-10-03T06:59:40.137+0000] {processor.py:186} INFO - Started process (PID=961) to work on /home/airflow/.local/lib/python3.12/site-packages/airflow/example_dags/example_dag_decorator.py
[2024-10-03T06:59:40.160+0000] {processor.py:914} INFO - Processing file /home/airflow/.local/lib/python3.12/site-packages/airflow/example_dags/example_dag_decorator.py for tasks to queue
[2024-10-03T06:59:40.193+0000] {logging_mixin.py:190} INFO - [2024-10-03T06:59:40.175+0000] {dagbag.py:588} INFO - Filling up the DagBag from /home/airflow/.local/lib/python3.12/site-packages/airflow/example_dags/example_dag_decorator.py
[2024-10-03T06:59:45.887+0000] {processor.py:925} INFO - DAG(s) 'example_dag_decorator' retrieved from /home/airflow/.local/lib/python3.12/site-packages/airflow/example_dags/example_dag_decorator.py
[2024-10-03T06:59:55.559+0000] {logging_mixin.py:190} INFO - [2024-10-03T06:59:55.544+0000] {dag.py:3239} INFO - Sync 1 DAGs
[2024-10-03T06:59:55.610+0000] {logging_mixin.py:190} INFO - [2024-10-03T06:59:55.609+0000] {dag.py:4180} INFO - Setting next_dagrun for example_dag_decorator to None, run_after=None
[2024-10-03T06:59:55.693+0000] {processor.py:208} INFO - Processing /home/airflow/.local/lib/python3.12/site-packages/airflow/example_dags/example_dag_decorator.py took 15.616 seconds
[2024-10-03T07:00:25.998+0000] {processor.py:186} INFO - Started process (PID=1019) to work on /home/airflow/.local/lib/python3.12/site-packages/airflow/example_dags/example_dag_decorator.py
[2024-10-03T07:00:26.001+0000] {processor.py:914} INFO - Processing file /home/airflow/.local/lib/python3.12/site-packages/airflow/example_dags/example_dag_decorator.py for tasks to queue
[2024-10-03T07:00:26.005+0000] {logging_mixin.py:190} INFO - [2024-10-03T07:00:26.003+0000] {dagbag.py:588} INFO - Filling up the DagBag from /home/airflow/.local/lib/python3.12/site-packages/airflow/example_dags/example_dag_decorator.py
[2024-10-03T07:00:26.034+0000] {processor.py:925} INFO - DAG(s) 'example_dag_decorator' retrieved from /home/airflow/.local/lib/python3.12/site-packages/airflow/example_dags/example_dag_decorator.py
[2024-10-03T07:00:26.298+0000] {logging_mixin.py:190} INFO - [2024-10-03T07:00:26.298+0000] {dag.py:3239} INFO - Sync 1 DAGs
[2024-10-03T07:00:26.319+0000] {logging_mixin.py:190} INFO - [2024-10-03T07:00:26.319+0000] {dag.py:4180} INFO - Setting next_dagrun for example_dag_decorator to None, run_after=None
[2024-10-03T07:00:26.364+0000] {processor.py:208} INFO - Processing /home/airflow/.local/lib/python3.12/site-packages/airflow/example_dags/example_dag_decorator.py took 0.377 seconds
[2024-10-03T07:00:56.859+0000] {processor.py:186} INFO - Started process (PID=1083) to work on /home/airflow/.local/lib/python3.12/site-packages/airflow/example_dags/example_dag_decorator.py
[2024-10-03T07:00:56.862+0000] {processor.py:914} INFO - Processing file /home/airflow/.local/lib/python3.12/site-packages/airflow/example_dags/example_dag_decorator.py for tasks to queue
[2024-10-03T07:00:56.867+0000] {logging_mixin.py:190} INFO - [2024-10-03T07:00:56.867+0000] {dagbag.py:588} INFO - Filling up the DagBag from /home/airflow/.local/lib/python3.12/site-packages/airflow/example_dags/example_dag_decorator.py
[2024-10-03T07:00:56.906+0000] {processor.py:925} INFO - DAG(s) 'example_dag_decorator' retrieved from /home/airflow/.local/lib/python3.12/site-packages/airflow/example_dags/example_dag_decorator.py
[2024-10-03T07:00:57.467+0000] {logging_mixin.py:190} INFO - [2024-10-03T07:00:57.453+0000] {dag.py:3239} INFO - Sync 1 DAGs
[2024-10-03T07:00:57.585+0000] {logging_mixin.py:190} INFO - [2024-10-03T07:00:57.574+0000] {dag.py:4180} INFO - Setting next_dagrun for example_dag_decorator to None, run_after=None
[2024-10-03T07:00:57.718+0000] {processor.py:208} INFO - Processing /home/airflow/.local/lib/python3.12/site-packages/airflow/example_dags/example_dag_decorator.py took 0.873 seconds
[2024-10-03T07:01:27.919+0000] {processor.py:186} INFO - Started process (PID=1145) to work on /home/airflow/.local/lib/python3.12/site-packages/airflow/example_dags/example_dag_decorator.py
[2024-10-03T07:01:27.922+0000] {processor.py:914} INFO - Processing file /home/airflow/.local/lib/python3.12/site-packages/airflow/example_dags/example_dag_decorator.py for tasks to queue
[2024-10-03T07:01:27.924+0000] {logging_mixin.py:190} INFO - [2024-10-03T07:01:27.923+0000] {dagbag.py:588} INFO - Filling up the DagBag from /home/airflow/.local/lib/python3.12/site-packages/airflow/example_dags/example_dag_decorator.py
[2024-10-03T07:01:27.955+0000] {processor.py:925} INFO - DAG(s) 'example_dag_decorator' retrieved from /home/airflow/.local/lib/python3.12/site-packages/airflow/example_dags/example_dag_decorator.py
[2024-10-03T07:01:28.490+0000] {logging_mixin.py:190} INFO - [2024-10-03T07:01:28.489+0000] {dag.py:3239} INFO - Sync 1 DAGs
[2024-10-03T07:01:28.520+0000] {logging_mixin.py:190} INFO - [2024-10-03T07:01:28.519+0000] {dag.py:4180} INFO - Setting next_dagrun for example_dag_decorator to None, run_after=None
[2024-10-03T07:01:28.579+0000] {processor.py:208} INFO - Processing /home/airflow/.local/lib/python3.12/site-packages/airflow/example_dags/example_dag_decorator.py took 0.674 seconds
[2024-10-03T07:02:42.404+0000] {processor.py:186} INFO - Started process (PID=1187) to work on /home/airflow/.local/lib/python3.12/site-packages/airflow/example_dags/example_dag_decorator.py
[2024-10-03T07:02:42.405+0000] {processor.py:914} INFO - Processing file /home/airflow/.local/lib/python3.12/site-packages/airflow/example_dags/example_dag_decorator.py for tasks to queue
[2024-10-03T07:02:42.408+0000] {logging_mixin.py:190} INFO - [2024-10-03T07:02:42.407+0000] {dagbag.py:588} INFO - Filling up the DagBag from /home/airflow/.local/lib/python3.12/site-packages/airflow/example_dags/example_dag_decorator.py
[2024-10-03T07:02:42.427+0000] {processor.py:925} INFO - DAG(s) 'example_dag_decorator' retrieved from /home/airflow/.local/lib/python3.12/site-packages/airflow/example_dags/example_dag_decorator.py
[2024-10-03T07:02:42.456+0000] {logging_mixin.py:190} INFO - [2024-10-03T07:02:42.455+0000] {dag.py:3239} INFO - Sync 1 DAGs
[2024-10-03T07:02:42.477+0000] {logging_mixin.py:190} INFO - [2024-10-03T07:02:42.476+0000] {dag.py:4180} INFO - Setting next_dagrun for example_dag_decorator to None, run_after=None
[2024-10-03T07:02:42.507+0000] {processor.py:208} INFO - Processing /home/airflow/.local/lib/python3.12/site-packages/airflow/example_dags/example_dag_decorator.py took 0.109 seconds
[2024-10-03T07:03:12.764+0000] {processor.py:186} INFO - Started process (PID=1250) to work on /home/airflow/.local/lib/python3.12/site-packages/airflow/example_dags/example_dag_decorator.py
[2024-10-03T07:03:12.765+0000] {processor.py:914} INFO - Processing file /home/airflow/.local/lib/python3.12/site-packages/airflow/example_dags/example_dag_decorator.py for tasks to queue
[2024-10-03T07:03:12.767+0000] {logging_mixin.py:190} INFO - [2024-10-03T07:03:12.767+0000] {dagbag.py:588} INFO - Filling up the DagBag from /home/airflow/.local/lib/python3.12/site-packages/airflow/example_dags/example_dag_decorator.py
[2024-10-03T07:03:12.787+0000] {processor.py:925} INFO - DAG(s) 'example_dag_decorator' retrieved from /home/airflow/.local/lib/python3.12/site-packages/airflow/example_dags/example_dag_decorator.py
[2024-10-03T07:03:12.820+0000] {logging_mixin.py:190} INFO - [2024-10-03T07:03:12.820+0000] {dag.py:3239} INFO - Sync 1 DAGs
[2024-10-03T07:03:12.836+0000] {logging_mixin.py:190} INFO - [2024-10-03T07:03:12.836+0000] {dag.py:4180} INFO - Setting next_dagrun for example_dag_decorator to None, run_after=None
[2024-10-03T07:03:12.863+0000] {processor.py:208} INFO - Processing /home/airflow/.local/lib/python3.12/site-packages/airflow/example_dags/example_dag_decorator.py took 0.106 seconds
[2024-10-03T07:03:43.682+0000] {processor.py:186} INFO - Started process (PID=1313) to work on /home/airflow/.local/lib/python3.12/site-packages/airflow/example_dags/example_dag_decorator.py
[2024-10-03T07:03:43.683+0000] {processor.py:914} INFO - Processing file /home/airflow/.local/lib/python3.12/site-packages/airflow/example_dags/example_dag_decorator.py for tasks to queue
[2024-10-03T07:03:43.685+0000] {logging_mixin.py:190} INFO - [2024-10-03T07:03:43.684+0000] {dagbag.py:588} INFO - Filling up the DagBag from /home/airflow/.local/lib/python3.12/site-packages/airflow/example_dags/example_dag_decorator.py
[2024-10-03T07:03:43.699+0000] {processor.py:925} INFO - DAG(s) 'example_dag_decorator' retrieved from /home/airflow/.local/lib/python3.12/site-packages/airflow/example_dags/example_dag_decorator.py
[2024-10-03T07:03:44.004+0000] {logging_mixin.py:190} INFO - [2024-10-03T07:03:44.003+0000] {dag.py:3239} INFO - Sync 1 DAGs
[2024-10-03T07:03:44.020+0000] {logging_mixin.py:190} INFO - [2024-10-03T07:03:44.020+0000] {dag.py:4180} INFO - Setting next_dagrun for example_dag_decorator to None, run_after=None
[2024-10-03T07:03:44.060+0000] {processor.py:208} INFO - Processing /home/airflow/.local/lib/python3.12/site-packages/airflow/example_dags/example_dag_decorator.py took 0.385 seconds
[2024-10-03T07:04:15.079+0000] {processor.py:186} INFO - Started process (PID=1376) to work on /home/airflow/.local/lib/python3.12/site-packages/airflow/example_dags/example_dag_decorator.py
[2024-10-03T07:04:15.081+0000] {processor.py:914} INFO - Processing file /home/airflow/.local/lib/python3.12/site-packages/airflow/example_dags/example_dag_decorator.py for tasks to queue
[2024-10-03T07:04:15.083+0000] {logging_mixin.py:190} INFO - [2024-10-03T07:04:15.083+0000] {dagbag.py:588} INFO - Filling up the DagBag from /home/airflow/.local/lib/python3.12/site-packages/airflow/example_dags/example_dag_decorator.py
[2024-10-03T07:04:15.105+0000] {processor.py:925} INFO - DAG(s) 'example_dag_decorator' retrieved from /home/airflow/.local/lib/python3.12/site-packages/airflow/example_dags/example_dag_decorator.py
[2024-10-03T07:04:15.522+0000] {logging_mixin.py:190} INFO - [2024-10-03T07:04:15.521+0000] {dag.py:3239} INFO - Sync 1 DAGs
[2024-10-03T07:04:15.562+0000] {logging_mixin.py:190} INFO - [2024-10-03T07:04:15.562+0000] {dag.py:4180} INFO - Setting next_dagrun for example_dag_decorator to None, run_after=None
[2024-10-03T07:04:15.624+0000] {processor.py:208} INFO - Processing /home/airflow/.local/lib/python3.12/site-packages/airflow/example_dags/example_dag_decorator.py took 0.555 seconds
[2024-10-03T07:04:46.132+0000] {processor.py:186} INFO - Started process (PID=1439) to work on /home/airflow/.local/lib/python3.12/site-packages/airflow/example_dags/example_dag_decorator.py
[2024-10-03T07:04:46.135+0000] {processor.py:914} INFO - Processing file /home/airflow/.local/lib/python3.12/site-packages/airflow/example_dags/example_dag_decorator.py for tasks to queue
[2024-10-03T07:04:46.136+0000] {logging_mixin.py:190} INFO - [2024-10-03T07:04:46.136+0000] {dagbag.py:588} INFO - Filling up the DagBag from /home/airflow/.local/lib/python3.12/site-packages/airflow/example_dags/example_dag_decorator.py
[2024-10-03T07:04:46.154+0000] {processor.py:925} INFO - DAG(s) 'example_dag_decorator' retrieved from /home/airflow/.local/lib/python3.12/site-packages/airflow/example_dags/example_dag_decorator.py
[2024-10-03T07:04:46.211+0000] {logging_mixin.py:190} INFO - [2024-10-03T07:04:46.210+0000] {dag.py:3239} INFO - Sync 1 DAGs
[2024-10-03T07:04:46.239+0000] {logging_mixin.py:190} INFO - [2024-10-03T07:04:46.239+0000] {dag.py:4180} INFO - Setting next_dagrun for example_dag_decorator to None, run_after=None
[2024-10-03T07:04:46.275+0000] {processor.py:208} INFO - Processing /home/airflow/.local/lib/python3.12/site-packages/airflow/example_dags/example_dag_decorator.py took 0.151 seconds
[2024-10-03T07:05:16.993+0000] {processor.py:186} INFO - Started process (PID=1501) to work on /home/airflow/.local/lib/python3.12/site-packages/airflow/example_dags/example_dag_decorator.py
[2024-10-03T07:05:16.994+0000] {processor.py:914} INFO - Processing file /home/airflow/.local/lib/python3.12/site-packages/airflow/example_dags/example_dag_decorator.py for tasks to queue
[2024-10-03T07:05:16.997+0000] {logging_mixin.py:190} INFO - [2024-10-03T07:05:16.996+0000] {dagbag.py:588} INFO - Filling up the DagBag from /home/airflow/.local/lib/python3.12/site-packages/airflow/example_dags/example_dag_decorator.py
[2024-10-03T07:05:17.019+0000] {processor.py:925} INFO - DAG(s) 'example_dag_decorator' retrieved from /home/airflow/.local/lib/python3.12/site-packages/airflow/example_dags/example_dag_decorator.py
[2024-10-03T07:05:17.459+0000] {logging_mixin.py:190} INFO - [2024-10-03T07:05:17.459+0000] {dag.py:3239} INFO - Sync 1 DAGs
[2024-10-03T07:05:17.481+0000] {logging_mixin.py:190} INFO - [2024-10-03T07:05:17.481+0000] {dag.py:4180} INFO - Setting next_dagrun for example_dag_decorator to None, run_after=None
[2024-10-03T07:05:17.520+0000] {processor.py:208} INFO - Processing /home/airflow/.local/lib/python3.12/site-packages/airflow/example_dags/example_dag_decorator.py took 0.538 seconds
[2024-10-03T07:07:10.869+0000] {processor.py:186} INFO - Started process (PID=1564) to work on /home/airflow/.local/lib/python3.12/site-packages/airflow/example_dags/example_dag_decorator.py
[2024-10-03T07:07:10.871+0000] {processor.py:914} INFO - Processing file /home/airflow/.local/lib/python3.12/site-packages/airflow/example_dags/example_dag_decorator.py for tasks to queue
[2024-10-03T07:07:10.874+0000] {logging_mixin.py:190} INFO - [2024-10-03T07:07:10.873+0000] {dagbag.py:588} INFO - Filling up the DagBag from /home/airflow/.local/lib/python3.12/site-packages/airflow/example_dags/example_dag_decorator.py
[2024-10-03T07:07:10.901+0000] {processor.py:925} INFO - DAG(s) 'example_dag_decorator' retrieved from /home/airflow/.local/lib/python3.12/site-packages/airflow/example_dags/example_dag_decorator.py
[2024-10-03T07:07:11.565+0000] {logging_mixin.py:190} INFO - [2024-10-03T07:07:11.564+0000] {dag.py:3239} INFO - Sync 1 DAGs
[2024-10-03T07:07:11.636+0000] {logging_mixin.py:190} INFO - [2024-10-03T07:07:11.632+0000] {dag.py:4180} INFO - Setting next_dagrun for example_dag_decorator to None, run_after=None
[2024-10-03T07:07:11.714+0000] {processor.py:208} INFO - Processing /home/airflow/.local/lib/python3.12/site-packages/airflow/example_dags/example_dag_decorator.py took 0.857 seconds
[2024-10-03T07:07:41.842+0000] {processor.py:186} INFO - Started process (PID=1628) to work on /home/airflow/.local/lib/python3.12/site-packages/airflow/example_dags/example_dag_decorator.py
[2024-10-03T07:07:41.843+0000] {processor.py:914} INFO - Processing file /home/airflow/.local/lib/python3.12/site-packages/airflow/example_dags/example_dag_decorator.py for tasks to queue
[2024-10-03T07:07:41.845+0000] {logging_mixin.py:190} INFO - [2024-10-03T07:07:41.845+0000] {dagbag.py:588} INFO - Filling up the DagBag from /home/airflow/.local/lib/python3.12/site-packages/airflow/example_dags/example_dag_decorator.py
[2024-10-03T07:07:41.861+0000] {processor.py:925} INFO - DAG(s) 'example_dag_decorator' retrieved from /home/airflow/.local/lib/python3.12/site-packages/airflow/example_dags/example_dag_decorator.py
[2024-10-03T07:07:42.140+0000] {logging_mixin.py:190} INFO - [2024-10-03T07:07:42.140+0000] {dag.py:3239} INFO - Sync 1 DAGs
[2024-10-03T07:07:42.155+0000] {logging_mixin.py:190} INFO - [2024-10-03T07:07:42.155+0000] {dag.py:4180} INFO - Setting next_dagrun for example_dag_decorator to None, run_after=None
[2024-10-03T07:07:42.184+0000] {processor.py:208} INFO - Processing /home/airflow/.local/lib/python3.12/site-packages/airflow/example_dags/example_dag_decorator.py took 0.349 seconds
[2024-10-03T07:08:12.752+0000] {processor.py:186} INFO - Started process (PID=1691) to work on /home/airflow/.local/lib/python3.12/site-packages/airflow/example_dags/example_dag_decorator.py
[2024-10-03T07:08:12.754+0000] {processor.py:914} INFO - Processing file /home/airflow/.local/lib/python3.12/site-packages/airflow/example_dags/example_dag_decorator.py for tasks to queue
[2024-10-03T07:08:12.756+0000] {logging_mixin.py:190} INFO - [2024-10-03T07:08:12.755+0000] {dagbag.py:588} INFO - Filling up the DagBag from /home/airflow/.local/lib/python3.12/site-packages/airflow/example_dags/example_dag_decorator.py
[2024-10-03T07:08:12.773+0000] {processor.py:925} INFO - DAG(s) 'example_dag_decorator' retrieved from /home/airflow/.local/lib/python3.12/site-packages/airflow/example_dags/example_dag_decorator.py
[2024-10-03T07:08:13.052+0000] {logging_mixin.py:190} INFO - [2024-10-03T07:08:13.052+0000] {dag.py:3239} INFO - Sync 1 DAGs
[2024-10-03T07:08:13.070+0000] {logging_mixin.py:190} INFO - [2024-10-03T07:08:13.069+0000] {dag.py:4180} INFO - Setting next_dagrun for example_dag_decorator to None, run_after=None
[2024-10-03T07:08:13.105+0000] {processor.py:208} INFO - Processing /home/airflow/.local/lib/python3.12/site-packages/airflow/example_dags/example_dag_decorator.py took 0.361 seconds
[2024-10-03T07:08:52.982+0000] {processor.py:186} INFO - Started process (PID=1749) to work on /home/airflow/.local/lib/python3.12/site-packages/airflow/example_dags/example_dag_decorator.py
[2024-10-03T07:08:52.984+0000] {processor.py:914} INFO - Processing file /home/airflow/.local/lib/python3.12/site-packages/airflow/example_dags/example_dag_decorator.py for tasks to queue
[2024-10-03T07:08:52.986+0000] {logging_mixin.py:190} INFO - [2024-10-03T07:08:52.985+0000] {dagbag.py:588} INFO - Filling up the DagBag from /home/airflow/.local/lib/python3.12/site-packages/airflow/example_dags/example_dag_decorator.py
[2024-10-03T07:08:53.001+0000] {processor.py:925} INFO - DAG(s) 'example_dag_decorator' retrieved from /home/airflow/.local/lib/python3.12/site-packages/airflow/example_dags/example_dag_decorator.py
[2024-10-03T07:08:53.257+0000] {logging_mixin.py:190} INFO - [2024-10-03T07:08:53.257+0000] {dag.py:3239} INFO - Sync 1 DAGs
[2024-10-03T07:08:53.272+0000] {logging_mixin.py:190} INFO - [2024-10-03T07:08:53.272+0000] {dag.py:4180} INFO - Setting next_dagrun for example_dag_decorator to None, run_after=None
[2024-10-03T07:08:53.307+0000] {processor.py:208} INFO - Processing /home/airflow/.local/lib/python3.12/site-packages/airflow/example_dags/example_dag_decorator.py took 0.331 seconds
[2024-10-03T07:09:24.075+0000] {processor.py:186} INFO - Started process (PID=1813) to work on /home/airflow/.local/lib/python3.12/site-packages/airflow/example_dags/example_dag_decorator.py
[2024-10-03T07:09:24.078+0000] {processor.py:914} INFO - Processing file /home/airflow/.local/lib/python3.12/site-packages/airflow/example_dags/example_dag_decorator.py for tasks to queue
[2024-10-03T07:09:24.082+0000] {logging_mixin.py:190} INFO - [2024-10-03T07:09:24.081+0000] {dagbag.py:588} INFO - Filling up the DagBag from /home/airflow/.local/lib/python3.12/site-packages/airflow/example_dags/example_dag_decorator.py
[2024-10-03T07:09:24.115+0000] {processor.py:925} INFO - DAG(s) 'example_dag_decorator' retrieved from /home/airflow/.local/lib/python3.12/site-packages/airflow/example_dags/example_dag_decorator.py
[2024-10-03T07:09:24.333+0000] {logging_mixin.py:190} INFO - [2024-10-03T07:09:24.332+0000] {dag.py:3239} INFO - Sync 1 DAGs
[2024-10-03T07:09:24.360+0000] {logging_mixin.py:190} INFO - [2024-10-03T07:09:24.360+0000] {dag.py:4180} INFO - Setting next_dagrun for example_dag_decorator to None, run_after=None
[2024-10-03T07:09:24.403+0000] {processor.py:208} INFO - Processing /home/airflow/.local/lib/python3.12/site-packages/airflow/example_dags/example_dag_decorator.py took 0.338 seconds
[2024-10-03T07:09:55.052+0000] {processor.py:186} INFO - Started process (PID=1875) to work on /home/airflow/.local/lib/python3.12/site-packages/airflow/example_dags/example_dag_decorator.py
[2024-10-03T07:09:55.054+0000] {processor.py:914} INFO - Processing file /home/airflow/.local/lib/python3.12/site-packages/airflow/example_dags/example_dag_decorator.py for tasks to queue
[2024-10-03T07:09:55.056+0000] {logging_mixin.py:190} INFO - [2024-10-03T07:09:55.055+0000] {dagbag.py:588} INFO - Filling up the DagBag from /home/airflow/.local/lib/python3.12/site-packages/airflow/example_dags/example_dag_decorator.py
[2024-10-03T07:09:55.067+0000] {processor.py:925} INFO - DAG(s) 'example_dag_decorator' retrieved from /home/airflow/.local/lib/python3.12/site-packages/airflow/example_dags/example_dag_decorator.py
[2024-10-03T07:09:55.216+0000] {logging_mixin.py:190} INFO - [2024-10-03T07:09:55.215+0000] {dag.py:3239} INFO - Sync 1 DAGs
[2024-10-03T07:09:55.241+0000] {logging_mixin.py:190} INFO - [2024-10-03T07:09:55.241+0000] {dag.py:4180} INFO - Setting next_dagrun for example_dag_decorator to None, run_after=None
[2024-10-03T07:09:55.287+0000] {processor.py:208} INFO - Processing /home/airflow/.local/lib/python3.12/site-packages/airflow/example_dags/example_dag_decorator.py took 0.241 seconds
[2024-10-03T07:10:25.434+0000] {processor.py:186} INFO - Started process (PID=1938) to work on /home/airflow/.local/lib/python3.12/site-packages/airflow/example_dags/example_dag_decorator.py
[2024-10-03T07:10:25.436+0000] {processor.py:914} INFO - Processing file /home/airflow/.local/lib/python3.12/site-packages/airflow/example_dags/example_dag_decorator.py for tasks to queue
[2024-10-03T07:10:25.439+0000] {logging_mixin.py:190} INFO - [2024-10-03T07:10:25.438+0000] {dagbag.py:588} INFO - Filling up the DagBag from /home/airflow/.local/lib/python3.12/site-packages/airflow/example_dags/example_dag_decorator.py
[2024-10-03T07:10:25.459+0000] {processor.py:925} INFO - DAG(s) 'example_dag_decorator' retrieved from /home/airflow/.local/lib/python3.12/site-packages/airflow/example_dags/example_dag_decorator.py
[2024-10-03T07:10:25.599+0000] {logging_mixin.py:190} INFO - [2024-10-03T07:10:25.598+0000] {dag.py:3239} INFO - Sync 1 DAGs
[2024-10-03T07:10:25.615+0000] {logging_mixin.py:190} INFO - [2024-10-03T07:10:25.614+0000] {dag.py:4180} INFO - Setting next_dagrun for example_dag_decorator to None, run_after=None
[2024-10-03T07:10:25.646+0000] {processor.py:208} INFO - Processing /home/airflow/.local/lib/python3.12/site-packages/airflow/example_dags/example_dag_decorator.py took 0.219 seconds
[2024-10-03T07:10:55.764+0000] {processor.py:186} INFO - Started process (PID=2001) to work on /home/airflow/.local/lib/python3.12/site-packages/airflow/example_dags/example_dag_decorator.py
[2024-10-03T07:10:55.765+0000] {processor.py:914} INFO - Processing file /home/airflow/.local/lib/python3.12/site-packages/airflow/example_dags/example_dag_decorator.py for tasks to queue
[2024-10-03T07:10:55.767+0000] {logging_mixin.py:190} INFO - [2024-10-03T07:10:55.767+0000] {dagbag.py:588} INFO - Filling up the DagBag from /home/airflow/.local/lib/python3.12/site-packages/airflow/example_dags/example_dag_decorator.py
[2024-10-03T07:10:55.780+0000] {processor.py:925} INFO - DAG(s) 'example_dag_decorator' retrieved from /home/airflow/.local/lib/python3.12/site-packages/airflow/example_dags/example_dag_decorator.py
[2024-10-03T07:10:55.902+0000] {logging_mixin.py:190} INFO - [2024-10-03T07:10:55.902+0000] {dag.py:3239} INFO - Sync 1 DAGs
[2024-10-03T07:10:55.922+0000] {logging_mixin.py:190} INFO - [2024-10-03T07:10:55.921+0000] {dag.py:4180} INFO - Setting next_dagrun for example_dag_decorator to None, run_after=None
[2024-10-03T07:10:55.948+0000] {processor.py:208} INFO - Processing /home/airflow/.local/lib/python3.12/site-packages/airflow/example_dags/example_dag_decorator.py took 0.191 seconds
[2024-10-03T07:11:26.049+0000] {processor.py:186} INFO - Started process (PID=2064) to work on /home/airflow/.local/lib/python3.12/site-packages/airflow/example_dags/example_dag_decorator.py
[2024-10-03T07:11:26.050+0000] {processor.py:914} INFO - Processing file /home/airflow/.local/lib/python3.12/site-packages/airflow/example_dags/example_dag_decorator.py for tasks to queue
[2024-10-03T07:11:26.052+0000] {logging_mixin.py:190} INFO - [2024-10-03T07:11:26.052+0000] {dagbag.py:588} INFO - Filling up the DagBag from /home/airflow/.local/lib/python3.12/site-packages/airflow/example_dags/example_dag_decorator.py
[2024-10-03T07:11:26.065+0000] {processor.py:925} INFO - DAG(s) 'example_dag_decorator' retrieved from /home/airflow/.local/lib/python3.12/site-packages/airflow/example_dags/example_dag_decorator.py
[2024-10-03T07:11:26.196+0000] {logging_mixin.py:190} INFO - [2024-10-03T07:11:26.196+0000] {dag.py:3239} INFO - Sync 1 DAGs
[2024-10-03T07:11:26.210+0000] {logging_mixin.py:190} INFO - [2024-10-03T07:11:26.210+0000] {dag.py:4180} INFO - Setting next_dagrun for example_dag_decorator to None, run_after=None
[2024-10-03T07:11:26.239+0000] {processor.py:208} INFO - Processing /home/airflow/.local/lib/python3.12/site-packages/airflow/example_dags/example_dag_decorator.py took 0.197 seconds
[2024-10-03T07:11:57.204+0000] {processor.py:186} INFO - Started process (PID=2127) to work on /home/airflow/.local/lib/python3.12/site-packages/airflow/example_dags/example_dag_decorator.py
[2024-10-03T07:11:57.206+0000] {processor.py:914} INFO - Processing file /home/airflow/.local/lib/python3.12/site-packages/airflow/example_dags/example_dag_decorator.py for tasks to queue
[2024-10-03T07:11:57.209+0000] {logging_mixin.py:190} INFO - [2024-10-03T07:11:57.208+0000] {dagbag.py:588} INFO - Filling up the DagBag from /home/airflow/.local/lib/python3.12/site-packages/airflow/example_dags/example_dag_decorator.py
[2024-10-03T07:11:57.222+0000] {processor.py:925} INFO - DAG(s) 'example_dag_decorator' retrieved from /home/airflow/.local/lib/python3.12/site-packages/airflow/example_dags/example_dag_decorator.py
[2024-10-03T07:11:57.369+0000] {logging_mixin.py:190} INFO - [2024-10-03T07:11:57.369+0000] {dag.py:3239} INFO - Sync 1 DAGs
[2024-10-03T07:11:57.384+0000] {logging_mixin.py:190} INFO - [2024-10-03T07:11:57.384+0000] {dag.py:4180} INFO - Setting next_dagrun for example_dag_decorator to None, run_after=None
[2024-10-03T07:11:57.413+0000] {processor.py:208} INFO - Processing /home/airflow/.local/lib/python3.12/site-packages/airflow/example_dags/example_dag_decorator.py took 0.216 seconds
[2024-10-03T07:12:27.812+0000] {processor.py:186} INFO - Started process (PID=2190) to work on /home/airflow/.local/lib/python3.12/site-packages/airflow/example_dags/example_dag_decorator.py
[2024-10-03T07:12:27.814+0000] {processor.py:914} INFO - Processing file /home/airflow/.local/lib/python3.12/site-packages/airflow/example_dags/example_dag_decorator.py for tasks to queue
[2024-10-03T07:12:27.815+0000] {logging_mixin.py:190} INFO - [2024-10-03T07:12:27.815+0000] {dagbag.py:588} INFO - Filling up the DagBag from /home/airflow/.local/lib/python3.12/site-packages/airflow/example_dags/example_dag_decorator.py
[2024-10-03T07:12:27.828+0000] {processor.py:925} INFO - DAG(s) 'example_dag_decorator' retrieved from /home/airflow/.local/lib/python3.12/site-packages/airflow/example_dags/example_dag_decorator.py
[2024-10-03T07:12:27.950+0000] {logging_mixin.py:190} INFO - [2024-10-03T07:12:27.950+0000] {dag.py:3239} INFO - Sync 1 DAGs
[2024-10-03T07:12:27.964+0000] {logging_mixin.py:190} INFO - [2024-10-03T07:12:27.963+0000] {dag.py:4180} INFO - Setting next_dagrun for example_dag_decorator to None, run_after=None
[2024-10-03T07:12:27.992+0000] {processor.py:208} INFO - Processing /home/airflow/.local/lib/python3.12/site-packages/airflow/example_dags/example_dag_decorator.py took 0.186 seconds
[2024-10-03T07:12:59.621+0000] {processor.py:186} INFO - Started process (PID=2253) to work on /home/airflow/.local/lib/python3.12/site-packages/airflow/example_dags/example_dag_decorator.py
[2024-10-03T07:12:59.622+0000] {processor.py:914} INFO - Processing file /home/airflow/.local/lib/python3.12/site-packages/airflow/example_dags/example_dag_decorator.py for tasks to queue
[2024-10-03T07:12:59.624+0000] {logging_mixin.py:190} INFO - [2024-10-03T07:12:59.624+0000] {dagbag.py:588} INFO - Filling up the DagBag from /home/airflow/.local/lib/python3.12/site-packages/airflow/example_dags/example_dag_decorator.py
[2024-10-03T07:12:59.639+0000] {processor.py:925} INFO - DAG(s) 'example_dag_decorator' retrieved from /home/airflow/.local/lib/python3.12/site-packages/airflow/example_dags/example_dag_decorator.py
[2024-10-03T07:12:59.775+0000] {logging_mixin.py:190} INFO - [2024-10-03T07:12:59.775+0000] {dag.py:3239} INFO - Sync 1 DAGs
[2024-10-03T07:12:59.789+0000] {logging_mixin.py:190} INFO - [2024-10-03T07:12:59.789+0000] {dag.py:4180} INFO - Setting next_dagrun for example_dag_decorator to None, run_after=None
[2024-10-03T07:12:59.818+0000] {processor.py:208} INFO - Processing /home/airflow/.local/lib/python3.12/site-packages/airflow/example_dags/example_dag_decorator.py took 0.204 seconds
[2024-10-03T07:13:30.033+0000] {processor.py:186} INFO - Started process (PID=2316) to work on /home/airflow/.local/lib/python3.12/site-packages/airflow/example_dags/example_dag_decorator.py
[2024-10-03T07:13:30.035+0000] {processor.py:914} INFO - Processing file /home/airflow/.local/lib/python3.12/site-packages/airflow/example_dags/example_dag_decorator.py for tasks to queue
[2024-10-03T07:13:30.036+0000] {logging_mixin.py:190} INFO - [2024-10-03T07:13:30.036+0000] {dagbag.py:588} INFO - Filling up the DagBag from /home/airflow/.local/lib/python3.12/site-packages/airflow/example_dags/example_dag_decorator.py
[2024-10-03T07:13:30.052+0000] {processor.py:925} INFO - DAG(s) 'example_dag_decorator' retrieved from /home/airflow/.local/lib/python3.12/site-packages/airflow/example_dags/example_dag_decorator.py
[2024-10-03T07:13:30.281+0000] {logging_mixin.py:190} INFO - [2024-10-03T07:13:30.280+0000] {dag.py:3239} INFO - Sync 1 DAGs
[2024-10-03T07:13:30.296+0000] {logging_mixin.py:190} INFO - [2024-10-03T07:13:30.296+0000] {dag.py:4180} INFO - Setting next_dagrun for example_dag_decorator to None, run_after=None
[2024-10-03T07:13:30.328+0000] {processor.py:208} INFO - Processing /home/airflow/.local/lib/python3.12/site-packages/airflow/example_dags/example_dag_decorator.py took 0.300 seconds
[2024-10-03T07:14:02.821+0000] {processor.py:186} INFO - Started process (PID=2379) to work on /home/airflow/.local/lib/python3.12/site-packages/airflow/example_dags/example_dag_decorator.py
[2024-10-03T07:14:02.822+0000] {processor.py:914} INFO - Processing file /home/airflow/.local/lib/python3.12/site-packages/airflow/example_dags/example_dag_decorator.py for tasks to queue
[2024-10-03T07:14:02.825+0000] {logging_mixin.py:190} INFO - [2024-10-03T07:14:02.824+0000] {dagbag.py:588} INFO - Filling up the DagBag from /home/airflow/.local/lib/python3.12/site-packages/airflow/example_dags/example_dag_decorator.py
[2024-10-03T07:14:02.849+0000] {processor.py:925} INFO - DAG(s) 'example_dag_decorator' retrieved from /home/airflow/.local/lib/python3.12/site-packages/airflow/example_dags/example_dag_decorator.py
[2024-10-03T07:14:03.125+0000] {logging_mixin.py:190} INFO - [2024-10-03T07:14:03.124+0000] {dag.py:3239} INFO - Sync 1 DAGs
[2024-10-03T07:14:03.143+0000] {logging_mixin.py:190} INFO - [2024-10-03T07:14:03.143+0000] {dag.py:4180} INFO - Setting next_dagrun for example_dag_decorator to None, run_after=None
[2024-10-03T07:14:03.177+0000] {processor.py:208} INFO - Processing /home/airflow/.local/lib/python3.12/site-packages/airflow/example_dags/example_dag_decorator.py took 0.372 seconds
[2024-10-03T07:14:33.376+0000] {processor.py:186} INFO - Started process (PID=2442) to work on /home/airflow/.local/lib/python3.12/site-packages/airflow/example_dags/example_dag_decorator.py
[2024-10-03T07:14:33.377+0000] {processor.py:914} INFO - Processing file /home/airflow/.local/lib/python3.12/site-packages/airflow/example_dags/example_dag_decorator.py for tasks to queue
[2024-10-03T07:14:33.379+0000] {logging_mixin.py:190} INFO - [2024-10-03T07:14:33.379+0000] {dagbag.py:588} INFO - Filling up the DagBag from /home/airflow/.local/lib/python3.12/site-packages/airflow/example_dags/example_dag_decorator.py
[2024-10-03T07:14:33.393+0000] {processor.py:925} INFO - DAG(s) 'example_dag_decorator' retrieved from /home/airflow/.local/lib/python3.12/site-packages/airflow/example_dags/example_dag_decorator.py
[2024-10-03T07:14:33.552+0000] {logging_mixin.py:190} INFO - [2024-10-03T07:14:33.552+0000] {dag.py:3239} INFO - Sync 1 DAGs
[2024-10-03T07:14:33.584+0000] {logging_mixin.py:190} INFO - [2024-10-03T07:14:33.583+0000] {dag.py:4180} INFO - Setting next_dagrun for example_dag_decorator to None, run_after=None
[2024-10-03T07:14:33.630+0000] {processor.py:208} INFO - Processing /home/airflow/.local/lib/python3.12/site-packages/airflow/example_dags/example_dag_decorator.py took 0.260 seconds
[2024-10-03T07:15:03.890+0000] {processor.py:186} INFO - Started process (PID=2505) to work on /home/airflow/.local/lib/python3.12/site-packages/airflow/example_dags/example_dag_decorator.py
[2024-10-03T07:15:03.891+0000] {processor.py:914} INFO - Processing file /home/airflow/.local/lib/python3.12/site-packages/airflow/example_dags/example_dag_decorator.py for tasks to queue
[2024-10-03T07:15:03.893+0000] {logging_mixin.py:190} INFO - [2024-10-03T07:15:03.893+0000] {dagbag.py:588} INFO - Filling up the DagBag from /home/airflow/.local/lib/python3.12/site-packages/airflow/example_dags/example_dag_decorator.py
[2024-10-03T07:15:03.906+0000] {processor.py:925} INFO - DAG(s) 'example_dag_decorator' retrieved from /home/airflow/.local/lib/python3.12/site-packages/airflow/example_dags/example_dag_decorator.py
[2024-10-03T07:15:04.103+0000] {logging_mixin.py:190} INFO - [2024-10-03T07:15:04.103+0000] {dag.py:3239} INFO - Sync 1 DAGs
[2024-10-03T07:15:04.119+0000] {logging_mixin.py:190} INFO - [2024-10-03T07:15:04.119+0000] {dag.py:4180} INFO - Setting next_dagrun for example_dag_decorator to None, run_after=None
[2024-10-03T07:15:04.147+0000] {processor.py:208} INFO - Processing /home/airflow/.local/lib/python3.12/site-packages/airflow/example_dags/example_dag_decorator.py took 0.263 seconds
[2024-10-03T07:15:34.493+0000] {processor.py:186} INFO - Started process (PID=2568) to work on /home/airflow/.local/lib/python3.12/site-packages/airflow/example_dags/example_dag_decorator.py
[2024-10-03T07:15:34.494+0000] {processor.py:914} INFO - Processing file /home/airflow/.local/lib/python3.12/site-packages/airflow/example_dags/example_dag_decorator.py for tasks to queue
[2024-10-03T07:15:34.496+0000] {logging_mixin.py:190} INFO - [2024-10-03T07:15:34.495+0000] {dagbag.py:588} INFO - Filling up the DagBag from /home/airflow/.local/lib/python3.12/site-packages/airflow/example_dags/example_dag_decorator.py
[2024-10-03T07:15:34.509+0000] {processor.py:925} INFO - DAG(s) 'example_dag_decorator' retrieved from /home/airflow/.local/lib/python3.12/site-packages/airflow/example_dags/example_dag_decorator.py
[2024-10-03T07:15:34.638+0000] {logging_mixin.py:190} INFO - [2024-10-03T07:15:34.638+0000] {dag.py:3239} INFO - Sync 1 DAGs
[2024-10-03T07:15:34.653+0000] {logging_mixin.py:190} INFO - [2024-10-03T07:15:34.653+0000] {dag.py:4180} INFO - Setting next_dagrun for example_dag_decorator to None, run_after=None
[2024-10-03T07:15:34.687+0000] {processor.py:208} INFO - Processing /home/airflow/.local/lib/python3.12/site-packages/airflow/example_dags/example_dag_decorator.py took 0.200 seconds
[2024-10-03T07:16:05.262+0000] {processor.py:186} INFO - Started process (PID=2631) to work on /home/airflow/.local/lib/python3.12/site-packages/airflow/example_dags/example_dag_decorator.py
[2024-10-03T07:16:05.264+0000] {processor.py:914} INFO - Processing file /home/airflow/.local/lib/python3.12/site-packages/airflow/example_dags/example_dag_decorator.py for tasks to queue
[2024-10-03T07:16:05.265+0000] {logging_mixin.py:190} INFO - [2024-10-03T07:16:05.265+0000] {dagbag.py:588} INFO - Filling up the DagBag from /home/airflow/.local/lib/python3.12/site-packages/airflow/example_dags/example_dag_decorator.py
[2024-10-03T07:16:05.277+0000] {processor.py:925} INFO - DAG(s) 'example_dag_decorator' retrieved from /home/airflow/.local/lib/python3.12/site-packages/airflow/example_dags/example_dag_decorator.py
[2024-10-03T07:16:05.426+0000] {logging_mixin.py:190} INFO - [2024-10-03T07:16:05.425+0000] {dag.py:3239} INFO - Sync 1 DAGs
[2024-10-03T07:16:05.441+0000] {logging_mixin.py:190} INFO - [2024-10-03T07:16:05.440+0000] {dag.py:4180} INFO - Setting next_dagrun for example_dag_decorator to None, run_after=None
[2024-10-03T07:16:05.469+0000] {processor.py:208} INFO - Processing /home/airflow/.local/lib/python3.12/site-packages/airflow/example_dags/example_dag_decorator.py took 0.213 seconds
[2024-10-03T07:16:36.836+0000] {processor.py:186} INFO - Started process (PID=2694) to work on /home/airflow/.local/lib/python3.12/site-packages/airflow/example_dags/example_dag_decorator.py
[2024-10-03T07:16:36.838+0000] {processor.py:914} INFO - Processing file /home/airflow/.local/lib/python3.12/site-packages/airflow/example_dags/example_dag_decorator.py for tasks to queue
[2024-10-03T07:16:36.841+0000] {logging_mixin.py:190} INFO - [2024-10-03T07:16:36.840+0000] {dagbag.py:588} INFO - Filling up the DagBag from /home/airflow/.local/lib/python3.12/site-packages/airflow/example_dags/example_dag_decorator.py
[2024-10-03T07:16:36.858+0000] {processor.py:925} INFO - DAG(s) 'example_dag_decorator' retrieved from /home/airflow/.local/lib/python3.12/site-packages/airflow/example_dags/example_dag_decorator.py
[2024-10-03T07:16:37.043+0000] {logging_mixin.py:190} INFO - [2024-10-03T07:16:37.042+0000] {dag.py:3239} INFO - Sync 1 DAGs
[2024-10-03T07:16:37.297+0000] {logging_mixin.py:190} INFO - [2024-10-03T07:16:37.297+0000] {dag.py:4180} INFO - Setting next_dagrun for example_dag_decorator to None, run_after=None
[2024-10-03T07:16:37.331+0000] {processor.py:208} INFO - Processing /home/airflow/.local/lib/python3.12/site-packages/airflow/example_dags/example_dag_decorator.py took 0.503 seconds
[2024-10-03T07:17:07.815+0000] {processor.py:186} INFO - Started process (PID=2757) to work on /home/airflow/.local/lib/python3.12/site-packages/airflow/example_dags/example_dag_decorator.py
[2024-10-03T07:17:07.816+0000] {processor.py:914} INFO - Processing file /home/airflow/.local/lib/python3.12/site-packages/airflow/example_dags/example_dag_decorator.py for tasks to queue
[2024-10-03T07:17:07.818+0000] {logging_mixin.py:190} INFO - [2024-10-03T07:17:07.818+0000] {dagbag.py:588} INFO - Filling up the DagBag from /home/airflow/.local/lib/python3.12/site-packages/airflow/example_dags/example_dag_decorator.py
[2024-10-03T07:17:07.832+0000] {processor.py:925} INFO - DAG(s) 'example_dag_decorator' retrieved from /home/airflow/.local/lib/python3.12/site-packages/airflow/example_dags/example_dag_decorator.py
[2024-10-03T07:17:07.940+0000] {logging_mixin.py:190} INFO - [2024-10-03T07:17:07.940+0000] {dag.py:3239} INFO - Sync 1 DAGs
[2024-10-03T07:17:07.955+0000] {logging_mixin.py:190} INFO - [2024-10-03T07:17:07.954+0000] {dag.py:4180} INFO - Setting next_dagrun for example_dag_decorator to None, run_after=None
[2024-10-03T07:17:08.190+0000] {processor.py:208} INFO - Processing /home/airflow/.local/lib/python3.12/site-packages/airflow/example_dags/example_dag_decorator.py took 0.382 seconds
[2024-10-03T07:17:38.616+0000] {processor.py:186} INFO - Started process (PID=2820) to work on /home/airflow/.local/lib/python3.12/site-packages/airflow/example_dags/example_dag_decorator.py
[2024-10-03T07:17:38.618+0000] {processor.py:914} INFO - Processing file /home/airflow/.local/lib/python3.12/site-packages/airflow/example_dags/example_dag_decorator.py for tasks to queue
[2024-10-03T07:17:38.619+0000] {logging_mixin.py:190} INFO - [2024-10-03T07:17:38.619+0000] {dagbag.py:588} INFO - Filling up the DagBag from /home/airflow/.local/lib/python3.12/site-packages/airflow/example_dags/example_dag_decorator.py
[2024-10-03T07:17:38.631+0000] {processor.py:925} INFO - DAG(s) 'example_dag_decorator' retrieved from /home/airflow/.local/lib/python3.12/site-packages/airflow/example_dags/example_dag_decorator.py
[2024-10-03T07:17:38.755+0000] {logging_mixin.py:190} INFO - [2024-10-03T07:17:38.755+0000] {dag.py:3239} INFO - Sync 1 DAGs
[2024-10-03T07:17:38.771+0000] {logging_mixin.py:190} INFO - [2024-10-03T07:17:38.770+0000] {dag.py:4180} INFO - Setting next_dagrun for example_dag_decorator to None, run_after=None
[2024-10-03T07:17:38.802+0000] {processor.py:208} INFO - Processing /home/airflow/.local/lib/python3.12/site-packages/airflow/example_dags/example_dag_decorator.py took 0.191 seconds
[2024-10-03T07:18:09.324+0000] {processor.py:186} INFO - Started process (PID=2883) to work on /home/airflow/.local/lib/python3.12/site-packages/airflow/example_dags/example_dag_decorator.py
[2024-10-03T07:18:09.326+0000] {processor.py:914} INFO - Processing file /home/airflow/.local/lib/python3.12/site-packages/airflow/example_dags/example_dag_decorator.py for tasks to queue
[2024-10-03T07:18:09.328+0000] {logging_mixin.py:190} INFO - [2024-10-03T07:18:09.327+0000] {dagbag.py:588} INFO - Filling up the DagBag from /home/airflow/.local/lib/python3.12/site-packages/airflow/example_dags/example_dag_decorator.py
[2024-10-03T07:18:09.339+0000] {processor.py:925} INFO - DAG(s) 'example_dag_decorator' retrieved from /home/airflow/.local/lib/python3.12/site-packages/airflow/example_dags/example_dag_decorator.py
[2024-10-03T07:18:09.633+0000] {logging_mixin.py:190} INFO - [2024-10-03T07:18:09.632+0000] {dag.py:3239} INFO - Sync 1 DAGs
[2024-10-03T07:18:09.644+0000] {logging_mixin.py:190} INFO - [2024-10-03T07:18:09.644+0000] {dag.py:4180} INFO - Setting next_dagrun for example_dag_decorator to None, run_after=None
[2024-10-03T07:18:09.682+0000] {processor.py:208} INFO - Processing /home/airflow/.local/lib/python3.12/site-packages/airflow/example_dags/example_dag_decorator.py took 0.363 seconds
[2024-10-03T07:18:40.198+0000] {processor.py:186} INFO - Started process (PID=2946) to work on /home/airflow/.local/lib/python3.12/site-packages/airflow/example_dags/example_dag_decorator.py
[2024-10-03T07:18:40.200+0000] {processor.py:914} INFO - Processing file /home/airflow/.local/lib/python3.12/site-packages/airflow/example_dags/example_dag_decorator.py for tasks to queue
[2024-10-03T07:18:40.202+0000] {logging_mixin.py:190} INFO - [2024-10-03T07:18:40.201+0000] {dagbag.py:588} INFO - Filling up the DagBag from /home/airflow/.local/lib/python3.12/site-packages/airflow/example_dags/example_dag_decorator.py
[2024-10-03T07:18:40.215+0000] {processor.py:925} INFO - DAG(s) 'example_dag_decorator' retrieved from /home/airflow/.local/lib/python3.12/site-packages/airflow/example_dags/example_dag_decorator.py
[2024-10-03T07:18:40.396+0000] {logging_mixin.py:190} INFO - [2024-10-03T07:18:40.396+0000] {dag.py:3239} INFO - Sync 1 DAGs
[2024-10-03T07:18:40.629+0000] {logging_mixin.py:190} INFO - [2024-10-03T07:18:40.629+0000] {dag.py:4180} INFO - Setting next_dagrun for example_dag_decorator to None, run_after=None
[2024-10-03T07:18:40.667+0000] {processor.py:208} INFO - Processing /home/airflow/.local/lib/python3.12/site-packages/airflow/example_dags/example_dag_decorator.py took 0.475 seconds
