[2024-10-03T06:34:00.045+0000] {processor.py:157} INFO - Started process (PID=122) to work on /home/airflow/.local/lib/python3.8/site-packages/airflow/example_dags/example_branch_labels.py
[2024-10-03T06:34:00.049+0000] {processor.py:829} INFO - Processing file /home/airflow/.local/lib/python3.8/site-packages/airflow/example_dags/example_branch_labels.py for tasks to queue
[2024-10-03T06:34:00.054+0000] {logging_mixin.py:151} INFO - [2024-10-03T06:34:00.053+0000] {dagbag.py:539} INFO - Filling up the DagBag from /home/airflow/.local/lib/python3.8/site-packages/airflow/example_dags/example_branch_labels.py
[2024-10-03T06:34:00.073+0000] {processor.py:839} INFO - DAG(s) dict_keys(['example_branch_labels']) retrieved from /home/airflow/.local/lib/python3.8/site-packages/airflow/example_dags/example_branch_labels.py
[2024-10-03T06:34:00.290+0000] {logging_mixin.py:151} INFO - [2024-10-03T06:34:00.290+0000] {manager.py:501} INFO - Created Permission View: can delete on DAG:example_branch_labels
[2024-10-03T06:34:00.319+0000] {logging_mixin.py:151} INFO - [2024-10-03T06:34:00.318+0000] {manager.py:501} INFO - Created Permission View: can read on DAG:example_branch_labels
[2024-10-03T06:34:00.342+0000] {logging_mixin.py:151} INFO - [2024-10-03T06:34:00.342+0000] {manager.py:501} INFO - Created Permission View: can edit on DAG:example_branch_labels
[2024-10-03T06:34:00.379+0000] {logging_mixin.py:151} INFO - [2024-10-03T06:34:00.379+0000] {dag.py:2907} INFO - Sync 1 DAGs
[2024-10-03T06:34:00.412+0000] {logging_mixin.py:151} INFO - [2024-10-03T06:34:00.412+0000] {dag.py:2929} INFO - Creating ORM DAG for example_branch_labels
[2024-10-03T06:34:00.436+0000] {logging_mixin.py:151} INFO - [2024-10-03T06:34:00.435+0000] {dag.py:3677} INFO - Setting next_dagrun for example_branch_labels to 2024-10-02T00:00:00+00:00, run_after=2024-10-03T00:00:00+00:00
[2024-10-03T06:34:00.477+0000] {processor.py:179} INFO - Processing /home/airflow/.local/lib/python3.8/site-packages/airflow/example_dags/example_branch_labels.py took 0.441 seconds
[2024-10-03T06:34:30.629+0000] {processor.py:157} INFO - Started process (PID=179) to work on /home/airflow/.local/lib/python3.8/site-packages/airflow/example_dags/example_branch_labels.py
[2024-10-03T06:34:30.632+0000] {processor.py:829} INFO - Processing file /home/airflow/.local/lib/python3.8/site-packages/airflow/example_dags/example_branch_labels.py for tasks to queue
[2024-10-03T06:34:30.636+0000] {logging_mixin.py:151} INFO - [2024-10-03T06:34:30.635+0000] {dagbag.py:539} INFO - Filling up the DagBag from /home/airflow/.local/lib/python3.8/site-packages/airflow/example_dags/example_branch_labels.py
[2024-10-03T06:34:30.650+0000] {processor.py:839} INFO - DAG(s) dict_keys(['example_branch_labels']) retrieved from /home/airflow/.local/lib/python3.8/site-packages/airflow/example_dags/example_branch_labels.py
[2024-10-03T06:34:30.695+0000] {logging_mixin.py:151} INFO - [2024-10-03T06:34:30.695+0000] {dag.py:2907} INFO - Sync 1 DAGs
[2024-10-03T06:34:30.740+0000] {logging_mixin.py:151} INFO - [2024-10-03T06:34:30.739+0000] {dag.py:3677} INFO - Setting next_dagrun for example_branch_labels to 2024-10-02T00:00:00+00:00, run_after=2024-10-03T00:00:00+00:00
[2024-10-03T06:34:30.784+0000] {processor.py:179} INFO - Processing /home/airflow/.local/lib/python3.8/site-packages/airflow/example_dags/example_branch_labels.py took 0.162 seconds
[2024-10-03T06:35:01.237+0000] {processor.py:157} INFO - Started process (PID=237) to work on /home/airflow/.local/lib/python3.8/site-packages/airflow/example_dags/example_branch_labels.py
[2024-10-03T06:35:01.239+0000] {processor.py:829} INFO - Processing file /home/airflow/.local/lib/python3.8/site-packages/airflow/example_dags/example_branch_labels.py for tasks to queue
[2024-10-03T06:35:01.244+0000] {logging_mixin.py:151} INFO - [2024-10-03T06:35:01.243+0000] {dagbag.py:539} INFO - Filling up the DagBag from /home/airflow/.local/lib/python3.8/site-packages/airflow/example_dags/example_branch_labels.py
[2024-10-03T06:35:01.261+0000] {processor.py:839} INFO - DAG(s) dict_keys(['example_branch_labels']) retrieved from /home/airflow/.local/lib/python3.8/site-packages/airflow/example_dags/example_branch_labels.py
[2024-10-03T06:35:01.305+0000] {logging_mixin.py:151} INFO - [2024-10-03T06:35:01.304+0000] {dag.py:2907} INFO - Sync 1 DAGs
[2024-10-03T06:35:01.382+0000] {logging_mixin.py:151} INFO - [2024-10-03T06:35:01.381+0000] {dag.py:3677} INFO - Setting next_dagrun for example_branch_labels to 2024-10-02T00:00:00+00:00, run_after=2024-10-03T00:00:00+00:00
[2024-10-03T06:35:01.446+0000] {processor.py:179} INFO - Processing /home/airflow/.local/lib/python3.8/site-packages/airflow/example_dags/example_branch_labels.py took 0.215 seconds
[2024-10-03T06:35:31.846+0000] {processor.py:157} INFO - Started process (PID=295) to work on /home/airflow/.local/lib/python3.8/site-packages/airflow/example_dags/example_branch_labels.py
[2024-10-03T06:35:31.849+0000] {processor.py:829} INFO - Processing file /home/airflow/.local/lib/python3.8/site-packages/airflow/example_dags/example_branch_labels.py for tasks to queue
[2024-10-03T06:35:31.856+0000] {logging_mixin.py:151} INFO - [2024-10-03T06:35:31.855+0000] {dagbag.py:539} INFO - Filling up the DagBag from /home/airflow/.local/lib/python3.8/site-packages/airflow/example_dags/example_branch_labels.py
[2024-10-03T06:35:31.874+0000] {processor.py:839} INFO - DAG(s) dict_keys(['example_branch_labels']) retrieved from /home/airflow/.local/lib/python3.8/site-packages/airflow/example_dags/example_branch_labels.py
[2024-10-03T06:35:31.936+0000] {logging_mixin.py:151} INFO - [2024-10-03T06:35:31.935+0000] {dag.py:2907} INFO - Sync 1 DAGs
[2024-10-03T06:35:31.984+0000] {logging_mixin.py:151} INFO - [2024-10-03T06:35:31.984+0000] {dag.py:3677} INFO - Setting next_dagrun for example_branch_labels to 2024-10-02T00:00:00+00:00, run_after=2024-10-03T00:00:00+00:00
[2024-10-03T06:35:32.031+0000] {processor.py:179} INFO - Processing /home/airflow/.local/lib/python3.8/site-packages/airflow/example_dags/example_branch_labels.py took 0.194 seconds
[2024-10-03T06:36:02.440+0000] {processor.py:157} INFO - Started process (PID=354) to work on /home/airflow/.local/lib/python3.8/site-packages/airflow/example_dags/example_branch_labels.py
[2024-10-03T06:36:02.443+0000] {processor.py:829} INFO - Processing file /home/airflow/.local/lib/python3.8/site-packages/airflow/example_dags/example_branch_labels.py for tasks to queue
[2024-10-03T06:36:02.449+0000] {logging_mixin.py:151} INFO - [2024-10-03T06:36:02.448+0000] {dagbag.py:539} INFO - Filling up the DagBag from /home/airflow/.local/lib/python3.8/site-packages/airflow/example_dags/example_branch_labels.py
[2024-10-03T06:36:02.470+0000] {processor.py:839} INFO - DAG(s) dict_keys(['example_branch_labels']) retrieved from /home/airflow/.local/lib/python3.8/site-packages/airflow/example_dags/example_branch_labels.py
[2024-10-03T06:36:02.541+0000] {logging_mixin.py:151} INFO - [2024-10-03T06:36:02.540+0000] {dag.py:2907} INFO - Sync 1 DAGs
[2024-10-03T06:36:02.615+0000] {logging_mixin.py:151} INFO - [2024-10-03T06:36:02.614+0000] {dag.py:3677} INFO - Setting next_dagrun for example_branch_labels to 2024-10-02T00:00:00+00:00, run_after=2024-10-03T00:00:00+00:00
[2024-10-03T06:36:02.662+0000] {processor.py:179} INFO - Processing /home/airflow/.local/lib/python3.8/site-packages/airflow/example_dags/example_branch_labels.py took 0.230 seconds
[2024-10-03T06:36:33.075+0000] {processor.py:157} INFO - Started process (PID=412) to work on /home/airflow/.local/lib/python3.8/site-packages/airflow/example_dags/example_branch_labels.py
[2024-10-03T06:36:33.077+0000] {processor.py:829} INFO - Processing file /home/airflow/.local/lib/python3.8/site-packages/airflow/example_dags/example_branch_labels.py for tasks to queue
[2024-10-03T06:36:33.082+0000] {logging_mixin.py:151} INFO - [2024-10-03T06:36:33.082+0000] {dagbag.py:539} INFO - Filling up the DagBag from /home/airflow/.local/lib/python3.8/site-packages/airflow/example_dags/example_branch_labels.py
[2024-10-03T06:36:33.102+0000] {processor.py:839} INFO - DAG(s) dict_keys(['example_branch_labels']) retrieved from /home/airflow/.local/lib/python3.8/site-packages/airflow/example_dags/example_branch_labels.py
[2024-10-03T06:36:33.154+0000] {logging_mixin.py:151} INFO - [2024-10-03T06:36:33.153+0000] {dag.py:2907} INFO - Sync 1 DAGs
[2024-10-03T06:36:33.203+0000] {logging_mixin.py:151} INFO - [2024-10-03T06:36:33.202+0000] {dag.py:3677} INFO - Setting next_dagrun for example_branch_labels to 2024-10-02T00:00:00+00:00, run_after=2024-10-03T00:00:00+00:00
[2024-10-03T06:36:33.253+0000] {processor.py:179} INFO - Processing /home/airflow/.local/lib/python3.8/site-packages/airflow/example_dags/example_branch_labels.py took 0.184 seconds
[2024-10-03T06:41:19.899+0000] {processor.py:157} INFO - Started process (PID=108) to work on /home/airflow/.local/lib/python3.8/site-packages/airflow/example_dags/example_branch_labels.py
[2024-10-03T06:41:19.902+0000] {processor.py:829} INFO - Processing file /home/airflow/.local/lib/python3.8/site-packages/airflow/example_dags/example_branch_labels.py for tasks to queue
[2024-10-03T06:41:19.912+0000] {logging_mixin.py:151} INFO - [2024-10-03T06:41:19.911+0000] {dagbag.py:539} INFO - Filling up the DagBag from /home/airflow/.local/lib/python3.8/site-packages/airflow/example_dags/example_branch_labels.py
[2024-10-03T06:41:19.938+0000] {processor.py:839} INFO - DAG(s) dict_keys(['example_branch_labels']) retrieved from /home/airflow/.local/lib/python3.8/site-packages/airflow/example_dags/example_branch_labels.py
[2024-10-03T06:41:20.036+0000] {logging_mixin.py:151} INFO - [2024-10-03T06:41:20.036+0000] {dag.py:2907} INFO - Sync 1 DAGs
[2024-10-03T06:41:20.122+0000] {logging_mixin.py:151} INFO - [2024-10-03T06:41:20.122+0000] {dag.py:3677} INFO - Setting next_dagrun for example_branch_labels to 2024-10-02T00:00:00+00:00, run_after=2024-10-03T00:00:00+00:00
[2024-10-03T06:41:20.217+0000] {processor.py:179} INFO - Processing /home/airflow/.local/lib/python3.8/site-packages/airflow/example_dags/example_branch_labels.py took 0.330 seconds
[2024-10-03T06:41:50.929+0000] {processor.py:157} INFO - Started process (PID=165) to work on /home/airflow/.local/lib/python3.8/site-packages/airflow/example_dags/example_branch_labels.py
[2024-10-03T06:41:50.931+0000] {processor.py:829} INFO - Processing file /home/airflow/.local/lib/python3.8/site-packages/airflow/example_dags/example_branch_labels.py for tasks to queue
[2024-10-03T06:41:50.936+0000] {logging_mixin.py:151} INFO - [2024-10-03T06:41:50.935+0000] {dagbag.py:539} INFO - Filling up the DagBag from /home/airflow/.local/lib/python3.8/site-packages/airflow/example_dags/example_branch_labels.py
[2024-10-03T06:41:50.950+0000] {processor.py:839} INFO - DAG(s) dict_keys(['example_branch_labels']) retrieved from /home/airflow/.local/lib/python3.8/site-packages/airflow/example_dags/example_branch_labels.py
[2024-10-03T06:41:50.994+0000] {logging_mixin.py:151} INFO - [2024-10-03T06:41:50.993+0000] {dag.py:2907} INFO - Sync 1 DAGs
[2024-10-03T06:41:51.043+0000] {logging_mixin.py:151} INFO - [2024-10-03T06:41:51.042+0000] {dag.py:3677} INFO - Setting next_dagrun for example_branch_labels to 2024-10-02T00:00:00+00:00, run_after=2024-10-03T00:00:00+00:00
[2024-10-03T06:41:51.095+0000] {processor.py:179} INFO - Processing /home/airflow/.local/lib/python3.8/site-packages/airflow/example_dags/example_branch_labels.py took 0.172 seconds
[2024-10-03T06:42:21.289+0000] {processor.py:157} INFO - Started process (PID=223) to work on /home/airflow/.local/lib/python3.8/site-packages/airflow/example_dags/example_branch_labels.py
[2024-10-03T06:42:21.294+0000] {processor.py:829} INFO - Processing file /home/airflow/.local/lib/python3.8/site-packages/airflow/example_dags/example_branch_labels.py for tasks to queue
[2024-10-03T06:42:21.299+0000] {logging_mixin.py:151} INFO - [2024-10-03T06:42:21.299+0000] {dagbag.py:539} INFO - Filling up the DagBag from /home/airflow/.local/lib/python3.8/site-packages/airflow/example_dags/example_branch_labels.py
[2024-10-03T06:42:21.319+0000] {processor.py:839} INFO - DAG(s) dict_keys(['example_branch_labels']) retrieved from /home/airflow/.local/lib/python3.8/site-packages/airflow/example_dags/example_branch_labels.py
[2024-10-03T06:42:21.369+0000] {logging_mixin.py:151} INFO - [2024-10-03T06:42:21.368+0000] {dag.py:2907} INFO - Sync 1 DAGs
[2024-10-03T06:42:21.440+0000] {logging_mixin.py:151} INFO - [2024-10-03T06:42:21.440+0000] {dag.py:3677} INFO - Setting next_dagrun for example_branch_labels to 2024-10-02T00:00:00+00:00, run_after=2024-10-03T00:00:00+00:00
[2024-10-03T06:42:21.572+0000] {processor.py:179} INFO - Processing /home/airflow/.local/lib/python3.8/site-packages/airflow/example_dags/example_branch_labels.py took 0.287 seconds
[2024-10-03T06:52:49.726+0000] {processor.py:186} INFO - Started process (PID=107) to work on /home/airflow/.local/lib/python3.12/site-packages/airflow/example_dags/example_branch_labels.py
[2024-10-03T06:52:49.729+0000] {processor.py:914} INFO - Processing file /home/airflow/.local/lib/python3.12/site-packages/airflow/example_dags/example_branch_labels.py for tasks to queue
[2024-10-03T06:52:49.735+0000] {logging_mixin.py:190} INFO - [2024-10-03T06:52:49.734+0000] {dagbag.py:588} INFO - Filling up the DagBag from /home/airflow/.local/lib/python3.12/site-packages/airflow/example_dags/example_branch_labels.py
[2024-10-03T06:52:49.758+0000] {processor.py:925} INFO - DAG(s) 'example_branch_labels' retrieved from /home/airflow/.local/lib/python3.12/site-packages/airflow/example_dags/example_branch_labels.py
[2024-10-03T06:52:50.136+0000] {logging_mixin.py:190} INFO - [2024-10-03T06:52:50.136+0000] {dag.py:3239} INFO - Sync 1 DAGs
[2024-10-03T06:52:50.240+0000] {logging_mixin.py:190} INFO - [2024-10-03T06:52:50.240+0000] {dag.py:4180} INFO - Setting next_dagrun for example_branch_labels to 2024-10-02 00:00:00+00:00, run_after=2024-10-03 00:00:00+00:00
[2024-10-03T06:52:50.284+0000] {processor.py:208} INFO - Processing /home/airflow/.local/lib/python3.12/site-packages/airflow/example_dags/example_branch_labels.py took 0.569 seconds
[2024-10-03T06:53:20.505+0000] {processor.py:186} INFO - Started process (PID=171) to work on /home/airflow/.local/lib/python3.12/site-packages/airflow/example_dags/example_branch_labels.py
[2024-10-03T06:53:20.508+0000] {processor.py:914} INFO - Processing file /home/airflow/.local/lib/python3.12/site-packages/airflow/example_dags/example_branch_labels.py for tasks to queue
[2024-10-03T06:53:20.513+0000] {logging_mixin.py:190} INFO - [2024-10-03T06:53:20.512+0000] {dagbag.py:588} INFO - Filling up the DagBag from /home/airflow/.local/lib/python3.12/site-packages/airflow/example_dags/example_branch_labels.py
[2024-10-03T06:53:20.534+0000] {processor.py:925} INFO - DAG(s) 'example_branch_labels' retrieved from /home/airflow/.local/lib/python3.12/site-packages/airflow/example_dags/example_branch_labels.py
[2024-10-03T06:53:20.596+0000] {logging_mixin.py:190} INFO - [2024-10-03T06:53:20.596+0000] {dag.py:3239} INFO - Sync 1 DAGs
[2024-10-03T06:53:20.661+0000] {logging_mixin.py:190} INFO - [2024-10-03T06:53:20.661+0000] {dag.py:4180} INFO - Setting next_dagrun for example_branch_labels to 2024-10-02 00:00:00+00:00, run_after=2024-10-03 00:00:00+00:00
[2024-10-03T06:53:20.709+0000] {processor.py:208} INFO - Processing /home/airflow/.local/lib/python3.12/site-packages/airflow/example_dags/example_branch_labels.py took 0.214 seconds
[2024-10-03T06:53:50.879+0000] {processor.py:186} INFO - Started process (PID=235) to work on /home/airflow/.local/lib/python3.12/site-packages/airflow/example_dags/example_branch_labels.py
[2024-10-03T06:53:50.881+0000] {processor.py:914} INFO - Processing file /home/airflow/.local/lib/python3.12/site-packages/airflow/example_dags/example_branch_labels.py for tasks to queue
[2024-10-03T06:53:50.884+0000] {logging_mixin.py:190} INFO - [2024-10-03T06:53:50.883+0000] {dagbag.py:588} INFO - Filling up the DagBag from /home/airflow/.local/lib/python3.12/site-packages/airflow/example_dags/example_branch_labels.py
[2024-10-03T06:53:50.895+0000] {processor.py:925} INFO - DAG(s) 'example_branch_labels' retrieved from /home/airflow/.local/lib/python3.12/site-packages/airflow/example_dags/example_branch_labels.py
[2024-10-03T06:53:50.925+0000] {logging_mixin.py:190} INFO - [2024-10-03T06:53:50.925+0000] {dag.py:3239} INFO - Sync 1 DAGs
[2024-10-03T06:53:50.983+0000] {logging_mixin.py:190} INFO - [2024-10-03T06:53:50.983+0000] {dag.py:4180} INFO - Setting next_dagrun for example_branch_labels to 2024-10-02 00:00:00+00:00, run_after=2024-10-03 00:00:00+00:00
[2024-10-03T06:53:51.038+0000] {processor.py:208} INFO - Processing /home/airflow/.local/lib/python3.12/site-packages/airflow/example_dags/example_branch_labels.py took 0.165 seconds
[2024-10-03T06:54:21.589+0000] {processor.py:186} INFO - Started process (PID=299) to work on /home/airflow/.local/lib/python3.12/site-packages/airflow/example_dags/example_branch_labels.py
[2024-10-03T06:54:21.590+0000] {processor.py:914} INFO - Processing file /home/airflow/.local/lib/python3.12/site-packages/airflow/example_dags/example_branch_labels.py for tasks to queue
[2024-10-03T06:54:21.595+0000] {logging_mixin.py:190} INFO - [2024-10-03T06:54:21.594+0000] {dagbag.py:588} INFO - Filling up the DagBag from /home/airflow/.local/lib/python3.12/site-packages/airflow/example_dags/example_branch_labels.py
[2024-10-03T06:54:21.616+0000] {processor.py:925} INFO - DAG(s) 'example_branch_labels' retrieved from /home/airflow/.local/lib/python3.12/site-packages/airflow/example_dags/example_branch_labels.py
[2024-10-03T06:54:21.683+0000] {logging_mixin.py:190} INFO - [2024-10-03T06:54:21.682+0000] {dag.py:3239} INFO - Sync 1 DAGs
[2024-10-03T06:54:21.733+0000] {logging_mixin.py:190} INFO - [2024-10-03T06:54:21.732+0000] {dag.py:4180} INFO - Setting next_dagrun for example_branch_labels to 2024-10-02 00:00:00+00:00, run_after=2024-10-03 00:00:00+00:00
[2024-10-03T06:54:21.808+0000] {processor.py:208} INFO - Processing /home/airflow/.local/lib/python3.12/site-packages/airflow/example_dags/example_branch_labels.py took 0.227 seconds
[2024-10-03T06:54:52.034+0000] {processor.py:186} INFO - Started process (PID=363) to work on /home/airflow/.local/lib/python3.12/site-packages/airflow/example_dags/example_branch_labels.py
[2024-10-03T06:54:52.043+0000] {processor.py:914} INFO - Processing file /home/airflow/.local/lib/python3.12/site-packages/airflow/example_dags/example_branch_labels.py for tasks to queue
[2024-10-03T06:54:52.048+0000] {logging_mixin.py:190} INFO - [2024-10-03T06:54:52.047+0000] {dagbag.py:588} INFO - Filling up the DagBag from /home/airflow/.local/lib/python3.12/site-packages/airflow/example_dags/example_branch_labels.py
[2024-10-03T06:54:52.072+0000] {processor.py:925} INFO - DAG(s) 'example_branch_labels' retrieved from /home/airflow/.local/lib/python3.12/site-packages/airflow/example_dags/example_branch_labels.py
[2024-10-03T06:54:52.110+0000] {logging_mixin.py:190} INFO - [2024-10-03T06:54:52.109+0000] {dag.py:3239} INFO - Sync 1 DAGs
[2024-10-03T06:54:52.161+0000] {logging_mixin.py:190} INFO - [2024-10-03T06:54:52.161+0000] {dag.py:4180} INFO - Setting next_dagrun for example_branch_labels to 2024-10-02 00:00:00+00:00, run_after=2024-10-03 00:00:00+00:00
[2024-10-03T06:54:52.277+0000] {processor.py:208} INFO - Processing /home/airflow/.local/lib/python3.12/site-packages/airflow/example_dags/example_branch_labels.py took 0.251 seconds
[2024-10-03T06:55:22.744+0000] {processor.py:186} INFO - Started process (PID=427) to work on /home/airflow/.local/lib/python3.12/site-packages/airflow/example_dags/example_branch_labels.py
[2024-10-03T06:55:22.791+0000] {processor.py:914} INFO - Processing file /home/airflow/.local/lib/python3.12/site-packages/airflow/example_dags/example_branch_labels.py for tasks to queue
[2024-10-03T06:55:22.797+0000] {logging_mixin.py:190} INFO - [2024-10-03T06:55:22.796+0000] {dagbag.py:588} INFO - Filling up the DagBag from /home/airflow/.local/lib/python3.12/site-packages/airflow/example_dags/example_branch_labels.py
[2024-10-03T06:55:22.826+0000] {processor.py:925} INFO - DAG(s) 'example_branch_labels' retrieved from /home/airflow/.local/lib/python3.12/site-packages/airflow/example_dags/example_branch_labels.py
[2024-10-03T06:55:22.863+0000] {logging_mixin.py:190} INFO - [2024-10-03T06:55:22.862+0000] {dag.py:3239} INFO - Sync 1 DAGs
[2024-10-03T06:55:22.909+0000] {logging_mixin.py:190} INFO - [2024-10-03T06:55:22.908+0000] {dag.py:4180} INFO - Setting next_dagrun for example_branch_labels to 2024-10-02 00:00:00+00:00, run_after=2024-10-03 00:00:00+00:00
[2024-10-03T06:55:23.217+0000] {processor.py:208} INFO - Processing /home/airflow/.local/lib/python3.12/site-packages/airflow/example_dags/example_branch_labels.py took 0.481 seconds
[2024-10-03T06:55:53.924+0000] {processor.py:186} INFO - Started process (PID=490) to work on /home/airflow/.local/lib/python3.12/site-packages/airflow/example_dags/example_branch_labels.py
[2024-10-03T06:55:53.931+0000] {processor.py:914} INFO - Processing file /home/airflow/.local/lib/python3.12/site-packages/airflow/example_dags/example_branch_labels.py for tasks to queue
[2024-10-03T06:55:53.935+0000] {logging_mixin.py:190} INFO - [2024-10-03T06:55:53.934+0000] {dagbag.py:588} INFO - Filling up the DagBag from /home/airflow/.local/lib/python3.12/site-packages/airflow/example_dags/example_branch_labels.py
[2024-10-03T06:55:53.955+0000] {processor.py:925} INFO - DAG(s) 'example_branch_labels' retrieved from /home/airflow/.local/lib/python3.12/site-packages/airflow/example_dags/example_branch_labels.py
[2024-10-03T06:55:53.984+0000] {logging_mixin.py:190} INFO - [2024-10-03T06:55:53.983+0000] {dag.py:3239} INFO - Sync 1 DAGs
[2024-10-03T06:55:54.011+0000] {logging_mixin.py:190} INFO - [2024-10-03T06:55:54.011+0000] {dag.py:4180} INFO - Setting next_dagrun for example_branch_labels to 2024-10-02 00:00:00+00:00, run_after=2024-10-03 00:00:00+00:00
[2024-10-03T06:55:54.056+0000] {processor.py:208} INFO - Processing /home/airflow/.local/lib/python3.12/site-packages/airflow/example_dags/example_branch_labels.py took 0.138 seconds
[2024-10-03T06:56:24.636+0000] {processor.py:186} INFO - Started process (PID=554) to work on /home/airflow/.local/lib/python3.12/site-packages/airflow/example_dags/example_branch_labels.py
[2024-10-03T06:56:24.640+0000] {processor.py:914} INFO - Processing file /home/airflow/.local/lib/python3.12/site-packages/airflow/example_dags/example_branch_labels.py for tasks to queue
[2024-10-03T06:56:24.649+0000] {logging_mixin.py:190} INFO - [2024-10-03T06:56:24.647+0000] {dagbag.py:588} INFO - Filling up the DagBag from /home/airflow/.local/lib/python3.12/site-packages/airflow/example_dags/example_branch_labels.py
[2024-10-03T06:56:24.687+0000] {processor.py:925} INFO - DAG(s) 'example_branch_labels' retrieved from /home/airflow/.local/lib/python3.12/site-packages/airflow/example_dags/example_branch_labels.py
[2024-10-03T06:56:24.781+0000] {logging_mixin.py:190} INFO - [2024-10-03T06:56:24.780+0000] {dag.py:3239} INFO - Sync 1 DAGs
[2024-10-03T06:56:24.921+0000] {logging_mixin.py:190} INFO - [2024-10-03T06:56:24.920+0000] {dag.py:4180} INFO - Setting next_dagrun for example_branch_labels to 2024-10-02 00:00:00+00:00, run_after=2024-10-03 00:00:00+00:00
[2024-10-03T06:56:24.976+0000] {processor.py:208} INFO - Processing /home/airflow/.local/lib/python3.12/site-packages/airflow/example_dags/example_branch_labels.py took 0.358 seconds
[2024-10-03T06:56:55.167+0000] {processor.py:186} INFO - Started process (PID=618) to work on /home/airflow/.local/lib/python3.12/site-packages/airflow/example_dags/example_branch_labels.py
[2024-10-03T06:56:55.170+0000] {processor.py:914} INFO - Processing file /home/airflow/.local/lib/python3.12/site-packages/airflow/example_dags/example_branch_labels.py for tasks to queue
[2024-10-03T06:56:55.177+0000] {logging_mixin.py:190} INFO - [2024-10-03T06:56:55.176+0000] {dagbag.py:588} INFO - Filling up the DagBag from /home/airflow/.local/lib/python3.12/site-packages/airflow/example_dags/example_branch_labels.py
[2024-10-03T06:56:55.200+0000] {processor.py:925} INFO - DAG(s) 'example_branch_labels' retrieved from /home/airflow/.local/lib/python3.12/site-packages/airflow/example_dags/example_branch_labels.py
[2024-10-03T06:56:55.245+0000] {logging_mixin.py:190} INFO - [2024-10-03T06:56:55.244+0000] {dag.py:3239} INFO - Sync 1 DAGs
[2024-10-03T06:56:55.301+0000] {logging_mixin.py:190} INFO - [2024-10-03T06:56:55.300+0000] {dag.py:4180} INFO - Setting next_dagrun for example_branch_labels to 2024-10-02 00:00:00+00:00, run_after=2024-10-03 00:00:00+00:00
[2024-10-03T06:56:55.357+0000] {processor.py:208} INFO - Processing /home/airflow/.local/lib/python3.12/site-packages/airflow/example_dags/example_branch_labels.py took 0.204 seconds
[2024-10-03T06:57:27.241+0000] {processor.py:186} INFO - Started process (PID=682) to work on /home/airflow/.local/lib/python3.12/site-packages/airflow/example_dags/example_branch_labels.py
[2024-10-03T06:57:27.248+0000] {processor.py:914} INFO - Processing file /home/airflow/.local/lib/python3.12/site-packages/airflow/example_dags/example_branch_labels.py for tasks to queue
[2024-10-03T06:57:27.257+0000] {logging_mixin.py:190} INFO - [2024-10-03T06:57:27.256+0000] {dagbag.py:588} INFO - Filling up the DagBag from /home/airflow/.local/lib/python3.12/site-packages/airflow/example_dags/example_branch_labels.py
[2024-10-03T06:57:27.303+0000] {processor.py:925} INFO - DAG(s) 'example_branch_labels' retrieved from /home/airflow/.local/lib/python3.12/site-packages/airflow/example_dags/example_branch_labels.py
[2024-10-03T06:57:27.398+0000] {logging_mixin.py:190} INFO - [2024-10-03T06:57:27.396+0000] {dag.py:3239} INFO - Sync 1 DAGs
[2024-10-03T06:57:27.555+0000] {logging_mixin.py:190} INFO - [2024-10-03T06:57:27.554+0000] {dag.py:4180} INFO - Setting next_dagrun for example_branch_labels to 2024-10-02 00:00:00+00:00, run_after=2024-10-03 00:00:00+00:00
[2024-10-03T06:57:27.652+0000] {processor.py:208} INFO - Processing /home/airflow/.local/lib/python3.12/site-packages/airflow/example_dags/example_branch_labels.py took 0.438 seconds
[2024-10-03T06:57:58.532+0000] {processor.py:186} INFO - Started process (PID=746) to work on /home/airflow/.local/lib/python3.12/site-packages/airflow/example_dags/example_branch_labels.py
[2024-10-03T06:57:58.538+0000] {processor.py:914} INFO - Processing file /home/airflow/.local/lib/python3.12/site-packages/airflow/example_dags/example_branch_labels.py for tasks to queue
[2024-10-03T06:57:58.541+0000] {logging_mixin.py:190} INFO - [2024-10-03T06:57:58.541+0000] {dagbag.py:588} INFO - Filling up the DagBag from /home/airflow/.local/lib/python3.12/site-packages/airflow/example_dags/example_branch_labels.py
[2024-10-03T06:57:58.555+0000] {processor.py:925} INFO - DAG(s) 'example_branch_labels' retrieved from /home/airflow/.local/lib/python3.12/site-packages/airflow/example_dags/example_branch_labels.py
[2024-10-03T06:57:58.591+0000] {logging_mixin.py:190} INFO - [2024-10-03T06:57:58.590+0000] {dag.py:3239} INFO - Sync 1 DAGs
[2024-10-03T06:57:58.621+0000] {logging_mixin.py:190} INFO - [2024-10-03T06:57:58.620+0000] {dag.py:4180} INFO - Setting next_dagrun for example_branch_labels to 2024-10-02 00:00:00+00:00, run_after=2024-10-03 00:00:00+00:00
[2024-10-03T06:57:58.662+0000] {processor.py:208} INFO - Processing /home/airflow/.local/lib/python3.12/site-packages/airflow/example_dags/example_branch_labels.py took 0.136 seconds
[2024-10-03T06:58:28.805+0000] {processor.py:186} INFO - Started process (PID=810) to work on /home/airflow/.local/lib/python3.12/site-packages/airflow/example_dags/example_branch_labels.py
[2024-10-03T06:58:28.807+0000] {processor.py:914} INFO - Processing file /home/airflow/.local/lib/python3.12/site-packages/airflow/example_dags/example_branch_labels.py for tasks to queue
[2024-10-03T06:58:28.811+0000] {logging_mixin.py:190} INFO - [2024-10-03T06:58:28.810+0000] {dagbag.py:588} INFO - Filling up the DagBag from /home/airflow/.local/lib/python3.12/site-packages/airflow/example_dags/example_branch_labels.py
[2024-10-03T06:58:28.823+0000] {processor.py:925} INFO - DAG(s) 'example_branch_labels' retrieved from /home/airflow/.local/lib/python3.12/site-packages/airflow/example_dags/example_branch_labels.py
[2024-10-03T06:58:28.852+0000] {logging_mixin.py:190} INFO - [2024-10-03T06:58:28.852+0000] {dag.py:3239} INFO - Sync 1 DAGs
[2024-10-03T06:58:28.882+0000] {logging_mixin.py:190} INFO - [2024-10-03T06:58:28.881+0000] {dag.py:4180} INFO - Setting next_dagrun for example_branch_labels to 2024-10-02 00:00:00+00:00, run_after=2024-10-03 00:00:00+00:00
[2024-10-03T06:58:28.914+0000] {processor.py:208} INFO - Processing /home/airflow/.local/lib/python3.12/site-packages/airflow/example_dags/example_branch_labels.py took 0.116 seconds
[2024-10-03T06:58:59.488+0000] {processor.py:186} INFO - Started process (PID=874) to work on /home/airflow/.local/lib/python3.12/site-packages/airflow/example_dags/example_branch_labels.py
[2024-10-03T06:58:59.489+0000] {processor.py:914} INFO - Processing file /home/airflow/.local/lib/python3.12/site-packages/airflow/example_dags/example_branch_labels.py for tasks to queue
[2024-10-03T06:58:59.493+0000] {logging_mixin.py:190} INFO - [2024-10-03T06:58:59.493+0000] {dagbag.py:588} INFO - Filling up the DagBag from /home/airflow/.local/lib/python3.12/site-packages/airflow/example_dags/example_branch_labels.py
[2024-10-03T06:58:59.506+0000] {processor.py:925} INFO - DAG(s) 'example_branch_labels' retrieved from /home/airflow/.local/lib/python3.12/site-packages/airflow/example_dags/example_branch_labels.py
[2024-10-03T06:58:59.531+0000] {logging_mixin.py:190} INFO - [2024-10-03T06:58:59.531+0000] {dag.py:3239} INFO - Sync 1 DAGs
[2024-10-03T06:58:59.561+0000] {logging_mixin.py:190} INFO - [2024-10-03T06:58:59.561+0000] {dag.py:4180} INFO - Setting next_dagrun for example_branch_labels to 2024-10-02 00:00:00+00:00, run_after=2024-10-03 00:00:00+00:00
[2024-10-03T06:58:59.593+0000] {processor.py:208} INFO - Processing /home/airflow/.local/lib/python3.12/site-packages/airflow/example_dags/example_branch_labels.py took 0.112 seconds
[2024-10-03T06:59:29.736+0000] {processor.py:186} INFO - Started process (PID=938) to work on /home/airflow/.local/lib/python3.12/site-packages/airflow/example_dags/example_branch_labels.py
[2024-10-03T06:59:29.740+0000] {processor.py:914} INFO - Processing file /home/airflow/.local/lib/python3.12/site-packages/airflow/example_dags/example_branch_labels.py for tasks to queue
[2024-10-03T06:59:29.746+0000] {logging_mixin.py:190} INFO - [2024-10-03T06:59:29.745+0000] {dagbag.py:588} INFO - Filling up the DagBag from /home/airflow/.local/lib/python3.12/site-packages/airflow/example_dags/example_branch_labels.py
[2024-10-03T06:59:29.770+0000] {processor.py:925} INFO - DAG(s) 'example_branch_labels' retrieved from /home/airflow/.local/lib/python3.12/site-packages/airflow/example_dags/example_branch_labels.py
[2024-10-03T06:59:29.814+0000] {logging_mixin.py:190} INFO - [2024-10-03T06:59:29.813+0000] {dag.py:3239} INFO - Sync 1 DAGs
[2024-10-03T06:59:29.865+0000] {logging_mixin.py:190} INFO - [2024-10-03T06:59:29.865+0000] {dag.py:4180} INFO - Setting next_dagrun for example_branch_labels to 2024-10-02 00:00:00+00:00, run_after=2024-10-03 00:00:00+00:00
[2024-10-03T06:59:29.909+0000] {processor.py:208} INFO - Processing /home/airflow/.local/lib/python3.12/site-packages/airflow/example_dags/example_branch_labels.py took 0.189 seconds
[2024-10-03T07:00:09.759+0000] {processor.py:186} INFO - Started process (PID=988) to work on /home/airflow/.local/lib/python3.12/site-packages/airflow/example_dags/example_branch_labels.py
[2024-10-03T07:00:09.761+0000] {processor.py:914} INFO - Processing file /home/airflow/.local/lib/python3.12/site-packages/airflow/example_dags/example_branch_labels.py for tasks to queue
[2024-10-03T07:00:09.767+0000] {logging_mixin.py:190} INFO - [2024-10-03T07:00:09.767+0000] {dagbag.py:588} INFO - Filling up the DagBag from /home/airflow/.local/lib/python3.12/site-packages/airflow/example_dags/example_branch_labels.py
[2024-10-03T07:00:09.783+0000] {processor.py:925} INFO - DAG(s) 'example_branch_labels' retrieved from /home/airflow/.local/lib/python3.12/site-packages/airflow/example_dags/example_branch_labels.py
[2024-10-03T07:00:09.818+0000] {logging_mixin.py:190} INFO - [2024-10-03T07:00:09.818+0000] {dag.py:3239} INFO - Sync 1 DAGs
[2024-10-03T07:00:09.858+0000] {logging_mixin.py:190} INFO - [2024-10-03T07:00:09.858+0000] {dag.py:4180} INFO - Setting next_dagrun for example_branch_labels to 2024-10-02 00:00:00+00:00, run_after=2024-10-03 00:00:00+00:00
[2024-10-03T07:00:09.900+0000] {processor.py:208} INFO - Processing /home/airflow/.local/lib/python3.12/site-packages/airflow/example_dags/example_branch_labels.py took 0.151 seconds
[2024-10-03T07:00:40.766+0000] {processor.py:186} INFO - Started process (PID=1052) to work on /home/airflow/.local/lib/python3.12/site-packages/airflow/example_dags/example_branch_labels.py
[2024-10-03T07:00:40.769+0000] {processor.py:914} INFO - Processing file /home/airflow/.local/lib/python3.12/site-packages/airflow/example_dags/example_branch_labels.py for tasks to queue
[2024-10-03T07:00:40.776+0000] {logging_mixin.py:190} INFO - [2024-10-03T07:00:40.775+0000] {dagbag.py:588} INFO - Filling up the DagBag from /home/airflow/.local/lib/python3.12/site-packages/airflow/example_dags/example_branch_labels.py
[2024-10-03T07:00:40.798+0000] {processor.py:925} INFO - DAG(s) 'example_branch_labels' retrieved from /home/airflow/.local/lib/python3.12/site-packages/airflow/example_dags/example_branch_labels.py
[2024-10-03T07:00:40.841+0000] {logging_mixin.py:190} INFO - [2024-10-03T07:00:40.840+0000] {dag.py:3239} INFO - Sync 1 DAGs
[2024-10-03T07:00:40.888+0000] {logging_mixin.py:190} INFO - [2024-10-03T07:00:40.887+0000] {dag.py:4180} INFO - Setting next_dagrun for example_branch_labels to 2024-10-02 00:00:00+00:00, run_after=2024-10-03 00:00:00+00:00
[2024-10-03T07:00:40.928+0000] {processor.py:208} INFO - Processing /home/airflow/.local/lib/python3.12/site-packages/airflow/example_dags/example_branch_labels.py took 0.186 seconds
[2024-10-03T07:01:20.392+0000] {processor.py:186} INFO - Started process (PID=1115) to work on /home/airflow/.local/lib/python3.12/site-packages/airflow/example_dags/example_branch_labels.py
[2024-10-03T07:01:20.395+0000] {processor.py:914} INFO - Processing file /home/airflow/.local/lib/python3.12/site-packages/airflow/example_dags/example_branch_labels.py for tasks to queue
[2024-10-03T07:01:20.397+0000] {logging_mixin.py:190} INFO - [2024-10-03T07:01:20.397+0000] {dagbag.py:588} INFO - Filling up the DagBag from /home/airflow/.local/lib/python3.12/site-packages/airflow/example_dags/example_branch_labels.py
[2024-10-03T07:01:20.416+0000] {processor.py:925} INFO - DAG(s) 'example_branch_labels' retrieved from /home/airflow/.local/lib/python3.12/site-packages/airflow/example_dags/example_branch_labels.py
[2024-10-03T07:01:20.455+0000] {logging_mixin.py:190} INFO - [2024-10-03T07:01:20.454+0000] {dag.py:3239} INFO - Sync 1 DAGs
[2024-10-03T07:01:20.497+0000] {logging_mixin.py:190} INFO - [2024-10-03T07:01:20.497+0000] {dag.py:4180} INFO - Setting next_dagrun for example_branch_labels to 2024-10-02 00:00:00+00:00, run_after=2024-10-03 00:00:00+00:00
[2024-10-03T07:01:20.542+0000] {processor.py:208} INFO - Processing /home/airflow/.local/lib/python3.12/site-packages/airflow/example_dags/example_branch_labels.py took 0.160 seconds
[2024-10-03T07:02:38.635+0000] {processor.py:186} INFO - Started process (PID=1172) to work on /home/airflow/.local/lib/python3.12/site-packages/airflow/example_dags/example_branch_labels.py
[2024-10-03T07:02:38.637+0000] {processor.py:914} INFO - Processing file /home/airflow/.local/lib/python3.12/site-packages/airflow/example_dags/example_branch_labels.py for tasks to queue
[2024-10-03T07:02:38.639+0000] {logging_mixin.py:190} INFO - [2024-10-03T07:02:38.639+0000] {dagbag.py:588} INFO - Filling up the DagBag from /home/airflow/.local/lib/python3.12/site-packages/airflow/example_dags/example_branch_labels.py
[2024-10-03T07:02:38.661+0000] {processor.py:925} INFO - DAG(s) 'example_branch_labels' retrieved from /home/airflow/.local/lib/python3.12/site-packages/airflow/example_dags/example_branch_labels.py
[2024-10-03T07:02:38.719+0000] {logging_mixin.py:190} INFO - [2024-10-03T07:02:38.718+0000] {dag.py:3239} INFO - Sync 1 DAGs
[2024-10-03T07:02:38.778+0000] {logging_mixin.py:190} INFO - [2024-10-03T07:02:38.777+0000] {dag.py:4180} INFO - Setting next_dagrun for example_branch_labels to 2024-10-02 00:00:00+00:00, run_after=2024-10-03 00:00:00+00:00
[2024-10-03T07:02:38.822+0000] {processor.py:208} INFO - Processing /home/airflow/.local/lib/python3.12/site-packages/airflow/example_dags/example_branch_labels.py took 0.197 seconds
[2024-10-03T07:03:08.926+0000] {processor.py:186} INFO - Started process (PID=1235) to work on /home/airflow/.local/lib/python3.12/site-packages/airflow/example_dags/example_branch_labels.py
[2024-10-03T07:03:08.927+0000] {processor.py:914} INFO - Processing file /home/airflow/.local/lib/python3.12/site-packages/airflow/example_dags/example_branch_labels.py for tasks to queue
[2024-10-03T07:03:08.929+0000] {logging_mixin.py:190} INFO - [2024-10-03T07:03:08.929+0000] {dagbag.py:588} INFO - Filling up the DagBag from /home/airflow/.local/lib/python3.12/site-packages/airflow/example_dags/example_branch_labels.py
[2024-10-03T07:03:08.944+0000] {processor.py:925} INFO - DAG(s) 'example_branch_labels' retrieved from /home/airflow/.local/lib/python3.12/site-packages/airflow/example_dags/example_branch_labels.py
[2024-10-03T07:03:08.974+0000] {logging_mixin.py:190} INFO - [2024-10-03T07:03:08.974+0000] {dag.py:3239} INFO - Sync 1 DAGs
[2024-10-03T07:03:09.011+0000] {logging_mixin.py:190} INFO - [2024-10-03T07:03:09.010+0000] {dag.py:4180} INFO - Setting next_dagrun for example_branch_labels to 2024-10-02 00:00:00+00:00, run_after=2024-10-03 00:00:00+00:00
[2024-10-03T07:03:09.125+0000] {processor.py:208} INFO - Processing /home/airflow/.local/lib/python3.12/site-packages/airflow/example_dags/example_branch_labels.py took 0.206 seconds
[2024-10-03T07:03:39.322+0000] {processor.py:186} INFO - Started process (PID=1298) to work on /home/airflow/.local/lib/python3.12/site-packages/airflow/example_dags/example_branch_labels.py
[2024-10-03T07:03:39.324+0000] {processor.py:914} INFO - Processing file /home/airflow/.local/lib/python3.12/site-packages/airflow/example_dags/example_branch_labels.py for tasks to queue
[2024-10-03T07:03:39.325+0000] {logging_mixin.py:190} INFO - [2024-10-03T07:03:39.325+0000] {dagbag.py:588} INFO - Filling up the DagBag from /home/airflow/.local/lib/python3.12/site-packages/airflow/example_dags/example_branch_labels.py
[2024-10-03T07:03:39.336+0000] {processor.py:925} INFO - DAG(s) 'example_branch_labels' retrieved from /home/airflow/.local/lib/python3.12/site-packages/airflow/example_dags/example_branch_labels.py
[2024-10-03T07:03:39.360+0000] {logging_mixin.py:190} INFO - [2024-10-03T07:03:39.359+0000] {dag.py:3239} INFO - Sync 1 DAGs
[2024-10-03T07:03:39.389+0000] {logging_mixin.py:190} INFO - [2024-10-03T07:03:39.388+0000] {dag.py:4180} INFO - Setting next_dagrun for example_branch_labels to 2024-10-02 00:00:00+00:00, run_after=2024-10-03 00:00:00+00:00
[2024-10-03T07:03:39.414+0000] {processor.py:208} INFO - Processing /home/airflow/.local/lib/python3.12/site-packages/airflow/example_dags/example_branch_labels.py took 0.098 seconds
[2024-10-03T07:04:10.269+0000] {processor.py:186} INFO - Started process (PID=1361) to work on /home/airflow/.local/lib/python3.12/site-packages/airflow/example_dags/example_branch_labels.py
[2024-10-03T07:04:10.271+0000] {processor.py:914} INFO - Processing file /home/airflow/.local/lib/python3.12/site-packages/airflow/example_dags/example_branch_labels.py for tasks to queue
[2024-10-03T07:04:10.273+0000] {logging_mixin.py:190} INFO - [2024-10-03T07:04:10.272+0000] {dagbag.py:588} INFO - Filling up the DagBag from /home/airflow/.local/lib/python3.12/site-packages/airflow/example_dags/example_branch_labels.py
[2024-10-03T07:04:10.284+0000] {processor.py:925} INFO - DAG(s) 'example_branch_labels' retrieved from /home/airflow/.local/lib/python3.12/site-packages/airflow/example_dags/example_branch_labels.py
[2024-10-03T07:04:10.309+0000] {logging_mixin.py:190} INFO - [2024-10-03T07:04:10.309+0000] {dag.py:3239} INFO - Sync 1 DAGs
[2024-10-03T07:04:10.337+0000] {logging_mixin.py:190} INFO - [2024-10-03T07:04:10.337+0000] {dag.py:4180} INFO - Setting next_dagrun for example_branch_labels to 2024-10-02 00:00:00+00:00, run_after=2024-10-03 00:00:00+00:00
[2024-10-03T07:04:10.365+0000] {processor.py:208} INFO - Processing /home/airflow/.local/lib/python3.12/site-packages/airflow/example_dags/example_branch_labels.py took 0.103 seconds
[2024-10-03T07:04:41.464+0000] {processor.py:186} INFO - Started process (PID=1424) to work on /home/airflow/.local/lib/python3.12/site-packages/airflow/example_dags/example_branch_labels.py
[2024-10-03T07:04:41.466+0000] {processor.py:914} INFO - Processing file /home/airflow/.local/lib/python3.12/site-packages/airflow/example_dags/example_branch_labels.py for tasks to queue
[2024-10-03T07:04:41.470+0000] {logging_mixin.py:190} INFO - [2024-10-03T07:04:41.470+0000] {dagbag.py:588} INFO - Filling up the DagBag from /home/airflow/.local/lib/python3.12/site-packages/airflow/example_dags/example_branch_labels.py
[2024-10-03T07:04:41.484+0000] {processor.py:925} INFO - DAG(s) 'example_branch_labels' retrieved from /home/airflow/.local/lib/python3.12/site-packages/airflow/example_dags/example_branch_labels.py
[2024-10-03T07:04:41.516+0000] {logging_mixin.py:190} INFO - [2024-10-03T07:04:41.515+0000] {dag.py:3239} INFO - Sync 1 DAGs
[2024-10-03T07:04:41.559+0000] {logging_mixin.py:190} INFO - [2024-10-03T07:04:41.558+0000] {dag.py:4180} INFO - Setting next_dagrun for example_branch_labels to 2024-10-02 00:00:00+00:00, run_after=2024-10-03 00:00:00+00:00
[2024-10-03T07:04:41.603+0000] {processor.py:208} INFO - Processing /home/airflow/.local/lib/python3.12/site-packages/airflow/example_dags/example_branch_labels.py took 0.147 seconds
[2024-10-03T07:05:13.332+0000] {processor.py:186} INFO - Started process (PID=1486) to work on /home/airflow/.local/lib/python3.12/site-packages/airflow/example_dags/example_branch_labels.py
[2024-10-03T07:05:13.333+0000] {processor.py:914} INFO - Processing file /home/airflow/.local/lib/python3.12/site-packages/airflow/example_dags/example_branch_labels.py for tasks to queue
[2024-10-03T07:05:13.335+0000] {logging_mixin.py:190} INFO - [2024-10-03T07:05:13.335+0000] {dagbag.py:588} INFO - Filling up the DagBag from /home/airflow/.local/lib/python3.12/site-packages/airflow/example_dags/example_branch_labels.py
[2024-10-03T07:05:13.349+0000] {processor.py:925} INFO - DAG(s) 'example_branch_labels' retrieved from /home/airflow/.local/lib/python3.12/site-packages/airflow/example_dags/example_branch_labels.py
[2024-10-03T07:05:13.383+0000] {logging_mixin.py:190} INFO - [2024-10-03T07:05:13.382+0000] {dag.py:3239} INFO - Sync 1 DAGs
[2024-10-03T07:05:13.420+0000] {logging_mixin.py:190} INFO - [2024-10-03T07:05:13.419+0000] {dag.py:4180} INFO - Setting next_dagrun for example_branch_labels to 2024-10-02 00:00:00+00:00, run_after=2024-10-03 00:00:00+00:00
[2024-10-03T07:05:13.458+0000] {processor.py:208} INFO - Processing /home/airflow/.local/lib/python3.12/site-packages/airflow/example_dags/example_branch_labels.py took 0.133 seconds
[2024-10-03T07:07:08.393+0000] {processor.py:186} INFO - Started process (PID=1549) to work on /home/airflow/.local/lib/python3.12/site-packages/airflow/example_dags/example_branch_labels.py
[2024-10-03T07:07:08.395+0000] {processor.py:914} INFO - Processing file /home/airflow/.local/lib/python3.12/site-packages/airflow/example_dags/example_branch_labels.py for tasks to queue
[2024-10-03T07:07:08.398+0000] {logging_mixin.py:190} INFO - [2024-10-03T07:07:08.397+0000] {dagbag.py:588} INFO - Filling up the DagBag from /home/airflow/.local/lib/python3.12/site-packages/airflow/example_dags/example_branch_labels.py
[2024-10-03T07:07:08.420+0000] {processor.py:925} INFO - DAG(s) 'example_branch_labels' retrieved from /home/airflow/.local/lib/python3.12/site-packages/airflow/example_dags/example_branch_labels.py
[2024-10-03T07:07:08.464+0000] {logging_mixin.py:190} INFO - [2024-10-03T07:07:08.463+0000] {dag.py:3239} INFO - Sync 1 DAGs
[2024-10-03T07:07:08.495+0000] {logging_mixin.py:190} INFO - [2024-10-03T07:07:08.495+0000] {dag.py:4180} INFO - Setting next_dagrun for example_branch_labels to 2024-10-02 00:00:00+00:00, run_after=2024-10-03 00:00:00+00:00
[2024-10-03T07:07:08.527+0000] {processor.py:208} INFO - Processing /home/airflow/.local/lib/python3.12/site-packages/airflow/example_dags/example_branch_labels.py took 0.141 seconds
[2024-10-03T07:07:39.066+0000] {processor.py:186} INFO - Started process (PID=1612) to work on /home/airflow/.local/lib/python3.12/site-packages/airflow/example_dags/example_branch_labels.py
[2024-10-03T07:07:39.068+0000] {processor.py:914} INFO - Processing file /home/airflow/.local/lib/python3.12/site-packages/airflow/example_dags/example_branch_labels.py for tasks to queue
[2024-10-03T07:07:39.072+0000] {logging_mixin.py:190} INFO - [2024-10-03T07:07:39.071+0000] {dagbag.py:588} INFO - Filling up the DagBag from /home/airflow/.local/lib/python3.12/site-packages/airflow/example_dags/example_branch_labels.py
[2024-10-03T07:07:39.095+0000] {processor.py:925} INFO - DAG(s) 'example_branch_labels' retrieved from /home/airflow/.local/lib/python3.12/site-packages/airflow/example_dags/example_branch_labels.py
[2024-10-03T07:07:39.133+0000] {logging_mixin.py:190} INFO - [2024-10-03T07:07:39.132+0000] {dag.py:3239} INFO - Sync 1 DAGs
[2024-10-03T07:07:39.189+0000] {logging_mixin.py:190} INFO - [2024-10-03T07:07:39.188+0000] {dag.py:4180} INFO - Setting next_dagrun for example_branch_labels to 2024-10-02 00:00:00+00:00, run_after=2024-10-03 00:00:00+00:00
[2024-10-03T07:07:39.235+0000] {processor.py:208} INFO - Processing /home/airflow/.local/lib/python3.12/site-packages/airflow/example_dags/example_branch_labels.py took 0.179 seconds
[2024-10-03T07:08:09.567+0000] {processor.py:186} INFO - Started process (PID=1675) to work on /home/airflow/.local/lib/python3.12/site-packages/airflow/example_dags/example_branch_labels.py
[2024-10-03T07:08:09.568+0000] {processor.py:914} INFO - Processing file /home/airflow/.local/lib/python3.12/site-packages/airflow/example_dags/example_branch_labels.py for tasks to queue
[2024-10-03T07:08:09.571+0000] {logging_mixin.py:190} INFO - [2024-10-03T07:08:09.570+0000] {dagbag.py:588} INFO - Filling up the DagBag from /home/airflow/.local/lib/python3.12/site-packages/airflow/example_dags/example_branch_labels.py
[2024-10-03T07:08:09.583+0000] {processor.py:925} INFO - DAG(s) 'example_branch_labels' retrieved from /home/airflow/.local/lib/python3.12/site-packages/airflow/example_dags/example_branch_labels.py
[2024-10-03T07:08:09.609+0000] {logging_mixin.py:190} INFO - [2024-10-03T07:08:09.609+0000] {dag.py:3239} INFO - Sync 1 DAGs
[2024-10-03T07:08:09.642+0000] {logging_mixin.py:190} INFO - [2024-10-03T07:08:09.641+0000] {dag.py:4180} INFO - Setting next_dagrun for example_branch_labels to 2024-10-02 00:00:00+00:00, run_after=2024-10-03 00:00:00+00:00
[2024-10-03T07:08:09.670+0000] {processor.py:208} INFO - Processing /home/airflow/.local/lib/python3.12/site-packages/airflow/example_dags/example_branch_labels.py took 0.111 seconds
[2024-10-03T07:08:51.646+0000] {processor.py:186} INFO - Started process (PID=1735) to work on /home/airflow/.local/lib/python3.12/site-packages/airflow/example_dags/example_branch_labels.py
[2024-10-03T07:08:51.650+0000] {processor.py:914} INFO - Processing file /home/airflow/.local/lib/python3.12/site-packages/airflow/example_dags/example_branch_labels.py for tasks to queue
[2024-10-03T07:08:51.655+0000] {logging_mixin.py:190} INFO - [2024-10-03T07:08:51.654+0000] {dagbag.py:588} INFO - Filling up the DagBag from /home/airflow/.local/lib/python3.12/site-packages/airflow/example_dags/example_branch_labels.py
[2024-10-03T07:08:51.703+0000] {processor.py:925} INFO - DAG(s) 'example_branch_labels' retrieved from /home/airflow/.local/lib/python3.12/site-packages/airflow/example_dags/example_branch_labels.py
[2024-10-03T07:08:51.777+0000] {logging_mixin.py:190} INFO - [2024-10-03T07:08:51.776+0000] {dag.py:3239} INFO - Sync 1 DAGs
[2024-10-03T07:08:51.832+0000] {logging_mixin.py:190} INFO - [2024-10-03T07:08:51.832+0000] {dag.py:4180} INFO - Setting next_dagrun for example_branch_labels to 2024-10-02 00:00:00+00:00, run_after=2024-10-03 00:00:00+00:00
[2024-10-03T07:08:51.881+0000] {processor.py:208} INFO - Processing /home/airflow/.local/lib/python3.12/site-packages/airflow/example_dags/example_branch_labels.py took 0.255 seconds
[2024-10-03T07:09:22.374+0000] {processor.py:186} INFO - Started process (PID=1798) to work on /home/airflow/.local/lib/python3.12/site-packages/airflow/example_dags/example_branch_labels.py
[2024-10-03T07:09:22.376+0000] {processor.py:914} INFO - Processing file /home/airflow/.local/lib/python3.12/site-packages/airflow/example_dags/example_branch_labels.py for tasks to queue
[2024-10-03T07:09:22.378+0000] {logging_mixin.py:190} INFO - [2024-10-03T07:09:22.377+0000] {dagbag.py:588} INFO - Filling up the DagBag from /home/airflow/.local/lib/python3.12/site-packages/airflow/example_dags/example_branch_labels.py
[2024-10-03T07:09:22.391+0000] {processor.py:925} INFO - DAG(s) 'example_branch_labels' retrieved from /home/airflow/.local/lib/python3.12/site-packages/airflow/example_dags/example_branch_labels.py
[2024-10-03T07:09:22.427+0000] {logging_mixin.py:190} INFO - [2024-10-03T07:09:22.426+0000] {dag.py:3239} INFO - Sync 1 DAGs
[2024-10-03T07:09:22.463+0000] {logging_mixin.py:190} INFO - [2024-10-03T07:09:22.463+0000] {dag.py:4180} INFO - Setting next_dagrun for example_branch_labels to 2024-10-02 00:00:00+00:00, run_after=2024-10-03 00:00:00+00:00
[2024-10-03T07:09:22.498+0000] {processor.py:208} INFO - Processing /home/airflow/.local/lib/python3.12/site-packages/airflow/example_dags/example_branch_labels.py took 0.131 seconds
[2024-10-03T07:09:53.635+0000] {processor.py:186} INFO - Started process (PID=1861) to work on /home/airflow/.local/lib/python3.12/site-packages/airflow/example_dags/example_branch_labels.py
[2024-10-03T07:09:53.638+0000] {processor.py:914} INFO - Processing file /home/airflow/.local/lib/python3.12/site-packages/airflow/example_dags/example_branch_labels.py for tasks to queue
[2024-10-03T07:09:53.640+0000] {logging_mixin.py:190} INFO - [2024-10-03T07:09:53.639+0000] {dagbag.py:588} INFO - Filling up the DagBag from /home/airflow/.local/lib/python3.12/site-packages/airflow/example_dags/example_branch_labels.py
[2024-10-03T07:09:53.651+0000] {processor.py:925} INFO - DAG(s) 'example_branch_labels' retrieved from /home/airflow/.local/lib/python3.12/site-packages/airflow/example_dags/example_branch_labels.py
[2024-10-03T07:09:53.679+0000] {logging_mixin.py:190} INFO - [2024-10-03T07:09:53.679+0000] {dag.py:3239} INFO - Sync 1 DAGs
[2024-10-03T07:09:53.709+0000] {logging_mixin.py:190} INFO - [2024-10-03T07:09:53.709+0000] {dag.py:4180} INFO - Setting next_dagrun for example_branch_labels to 2024-10-02 00:00:00+00:00, run_after=2024-10-03 00:00:00+00:00
[2024-10-03T07:09:53.740+0000] {processor.py:208} INFO - Processing /home/airflow/.local/lib/python3.12/site-packages/airflow/example_dags/example_branch_labels.py took 0.113 seconds
[2024-10-03T07:10:23.854+0000] {processor.py:186} INFO - Started process (PID=1924) to work on /home/airflow/.local/lib/python3.12/site-packages/airflow/example_dags/example_branch_labels.py
[2024-10-03T07:10:23.856+0000] {processor.py:914} INFO - Processing file /home/airflow/.local/lib/python3.12/site-packages/airflow/example_dags/example_branch_labels.py for tasks to queue
[2024-10-03T07:10:23.858+0000] {logging_mixin.py:190} INFO - [2024-10-03T07:10:23.858+0000] {dagbag.py:588} INFO - Filling up the DagBag from /home/airflow/.local/lib/python3.12/site-packages/airflow/example_dags/example_branch_labels.py
[2024-10-03T07:10:23.870+0000] {processor.py:925} INFO - DAG(s) 'example_branch_labels' retrieved from /home/airflow/.local/lib/python3.12/site-packages/airflow/example_dags/example_branch_labels.py
[2024-10-03T07:10:23.895+0000] {logging_mixin.py:190} INFO - [2024-10-03T07:10:23.895+0000] {dag.py:3239} INFO - Sync 1 DAGs
[2024-10-03T07:10:23.924+0000] {logging_mixin.py:190} INFO - [2024-10-03T07:10:23.924+0000] {dag.py:4180} INFO - Setting next_dagrun for example_branch_labels to 2024-10-02 00:00:00+00:00, run_after=2024-10-03 00:00:00+00:00
[2024-10-03T07:10:23.951+0000] {processor.py:208} INFO - Processing /home/airflow/.local/lib/python3.12/site-packages/airflow/example_dags/example_branch_labels.py took 0.105 seconds
[2024-10-03T07:10:54.347+0000] {processor.py:186} INFO - Started process (PID=1987) to work on /home/airflow/.local/lib/python3.12/site-packages/airflow/example_dags/example_branch_labels.py
[2024-10-03T07:10:54.348+0000] {processor.py:914} INFO - Processing file /home/airflow/.local/lib/python3.12/site-packages/airflow/example_dags/example_branch_labels.py for tasks to queue
[2024-10-03T07:10:54.350+0000] {logging_mixin.py:190} INFO - [2024-10-03T07:10:54.349+0000] {dagbag.py:588} INFO - Filling up the DagBag from /home/airflow/.local/lib/python3.12/site-packages/airflow/example_dags/example_branch_labels.py
[2024-10-03T07:10:54.360+0000] {processor.py:925} INFO - DAG(s) 'example_branch_labels' retrieved from /home/airflow/.local/lib/python3.12/site-packages/airflow/example_dags/example_branch_labels.py
[2024-10-03T07:10:54.383+0000] {logging_mixin.py:190} INFO - [2024-10-03T07:10:54.383+0000] {dag.py:3239} INFO - Sync 1 DAGs
[2024-10-03T07:10:54.411+0000] {logging_mixin.py:190} INFO - [2024-10-03T07:10:54.411+0000] {dag.py:4180} INFO - Setting next_dagrun for example_branch_labels to 2024-10-02 00:00:00+00:00, run_after=2024-10-03 00:00:00+00:00
[2024-10-03T07:10:54.436+0000] {processor.py:208} INFO - Processing /home/airflow/.local/lib/python3.12/site-packages/airflow/example_dags/example_branch_labels.py took 0.094 seconds
[2024-10-03T07:11:24.872+0000] {processor.py:186} INFO - Started process (PID=2050) to work on /home/airflow/.local/lib/python3.12/site-packages/airflow/example_dags/example_branch_labels.py
[2024-10-03T07:11:24.874+0000] {processor.py:914} INFO - Processing file /home/airflow/.local/lib/python3.12/site-packages/airflow/example_dags/example_branch_labels.py for tasks to queue
[2024-10-03T07:11:24.876+0000] {logging_mixin.py:190} INFO - [2024-10-03T07:11:24.875+0000] {dagbag.py:588} INFO - Filling up the DagBag from /home/airflow/.local/lib/python3.12/site-packages/airflow/example_dags/example_branch_labels.py
[2024-10-03T07:11:24.887+0000] {processor.py:925} INFO - DAG(s) 'example_branch_labels' retrieved from /home/airflow/.local/lib/python3.12/site-packages/airflow/example_dags/example_branch_labels.py
[2024-10-03T07:11:24.919+0000] {logging_mixin.py:190} INFO - [2024-10-03T07:11:24.919+0000] {dag.py:3239} INFO - Sync 1 DAGs
[2024-10-03T07:11:24.948+0000] {logging_mixin.py:190} INFO - [2024-10-03T07:11:24.948+0000] {dag.py:4180} INFO - Setting next_dagrun for example_branch_labels to 2024-10-02 00:00:00+00:00, run_after=2024-10-03 00:00:00+00:00
[2024-10-03T07:11:24.977+0000] {processor.py:208} INFO - Processing /home/airflow/.local/lib/python3.12/site-packages/airflow/example_dags/example_branch_labels.py took 0.112 seconds
[2024-10-03T07:11:55.889+0000] {processor.py:186} INFO - Started process (PID=2113) to work on /home/airflow/.local/lib/python3.12/site-packages/airflow/example_dags/example_branch_labels.py
[2024-10-03T07:11:55.891+0000] {processor.py:914} INFO - Processing file /home/airflow/.local/lib/python3.12/site-packages/airflow/example_dags/example_branch_labels.py for tasks to queue
[2024-10-03T07:11:55.893+0000] {logging_mixin.py:190} INFO - [2024-10-03T07:11:55.893+0000] {dagbag.py:588} INFO - Filling up the DagBag from /home/airflow/.local/lib/python3.12/site-packages/airflow/example_dags/example_branch_labels.py
[2024-10-03T07:11:55.905+0000] {processor.py:925} INFO - DAG(s) 'example_branch_labels' retrieved from /home/airflow/.local/lib/python3.12/site-packages/airflow/example_dags/example_branch_labels.py
[2024-10-03T07:11:55.930+0000] {logging_mixin.py:190} INFO - [2024-10-03T07:11:55.930+0000] {dag.py:3239} INFO - Sync 1 DAGs
[2024-10-03T07:11:55.960+0000] {logging_mixin.py:190} INFO - [2024-10-03T07:11:55.960+0000] {dag.py:4180} INFO - Setting next_dagrun for example_branch_labels to 2024-10-02 00:00:00+00:00, run_after=2024-10-03 00:00:00+00:00
[2024-10-03T07:11:55.984+0000] {processor.py:208} INFO - Processing /home/airflow/.local/lib/python3.12/site-packages/airflow/example_dags/example_branch_labels.py took 0.106 seconds
[2024-10-03T07:12:26.600+0000] {processor.py:186} INFO - Started process (PID=2176) to work on /home/airflow/.local/lib/python3.12/site-packages/airflow/example_dags/example_branch_labels.py
[2024-10-03T07:12:26.601+0000] {processor.py:914} INFO - Processing file /home/airflow/.local/lib/python3.12/site-packages/airflow/example_dags/example_branch_labels.py for tasks to queue
[2024-10-03T07:12:26.603+0000] {logging_mixin.py:190} INFO - [2024-10-03T07:12:26.603+0000] {dagbag.py:588} INFO - Filling up the DagBag from /home/airflow/.local/lib/python3.12/site-packages/airflow/example_dags/example_branch_labels.py
[2024-10-03T07:12:26.613+0000] {processor.py:925} INFO - DAG(s) 'example_branch_labels' retrieved from /home/airflow/.local/lib/python3.12/site-packages/airflow/example_dags/example_branch_labels.py
[2024-10-03T07:12:26.637+0000] {logging_mixin.py:190} INFO - [2024-10-03T07:12:26.637+0000] {dag.py:3239} INFO - Sync 1 DAGs
[2024-10-03T07:12:26.667+0000] {logging_mixin.py:190} INFO - [2024-10-03T07:12:26.666+0000] {dag.py:4180} INFO - Setting next_dagrun for example_branch_labels to 2024-10-02 00:00:00+00:00, run_after=2024-10-03 00:00:00+00:00
[2024-10-03T07:12:26.693+0000] {processor.py:208} INFO - Processing /home/airflow/.local/lib/python3.12/site-packages/airflow/example_dags/example_branch_labels.py took 0.100 seconds
[2024-10-03T07:12:58.317+0000] {processor.py:186} INFO - Started process (PID=2239) to work on /home/airflow/.local/lib/python3.12/site-packages/airflow/example_dags/example_branch_labels.py
[2024-10-03T07:12:58.320+0000] {processor.py:914} INFO - Processing file /home/airflow/.local/lib/python3.12/site-packages/airflow/example_dags/example_branch_labels.py for tasks to queue
[2024-10-03T07:12:58.322+0000] {logging_mixin.py:190} INFO - [2024-10-03T07:12:58.322+0000] {dagbag.py:588} INFO - Filling up the DagBag from /home/airflow/.local/lib/python3.12/site-packages/airflow/example_dags/example_branch_labels.py
[2024-10-03T07:12:58.333+0000] {processor.py:925} INFO - DAG(s) 'example_branch_labels' retrieved from /home/airflow/.local/lib/python3.12/site-packages/airflow/example_dags/example_branch_labels.py
[2024-10-03T07:12:58.361+0000] {logging_mixin.py:190} INFO - [2024-10-03T07:12:58.360+0000] {dag.py:3239} INFO - Sync 1 DAGs
[2024-10-03T07:12:58.391+0000] {logging_mixin.py:190} INFO - [2024-10-03T07:12:58.391+0000] {dag.py:4180} INFO - Setting next_dagrun for example_branch_labels to 2024-10-02 00:00:00+00:00, run_after=2024-10-03 00:00:00+00:00
[2024-10-03T07:12:58.422+0000] {processor.py:208} INFO - Processing /home/airflow/.local/lib/python3.12/site-packages/airflow/example_dags/example_branch_labels.py took 0.111 seconds
[2024-10-03T07:13:28.784+0000] {processor.py:186} INFO - Started process (PID=2302) to work on /home/airflow/.local/lib/python3.12/site-packages/airflow/example_dags/example_branch_labels.py
[2024-10-03T07:13:28.786+0000] {processor.py:914} INFO - Processing file /home/airflow/.local/lib/python3.12/site-packages/airflow/example_dags/example_branch_labels.py for tasks to queue
[2024-10-03T07:13:28.788+0000] {logging_mixin.py:190} INFO - [2024-10-03T07:13:28.788+0000] {dagbag.py:588} INFO - Filling up the DagBag from /home/airflow/.local/lib/python3.12/site-packages/airflow/example_dags/example_branch_labels.py
[2024-10-03T07:13:28.802+0000] {processor.py:925} INFO - DAG(s) 'example_branch_labels' retrieved from /home/airflow/.local/lib/python3.12/site-packages/airflow/example_dags/example_branch_labels.py
[2024-10-03T07:13:28.830+0000] {logging_mixin.py:190} INFO - [2024-10-03T07:13:28.830+0000] {dag.py:3239} INFO - Sync 1 DAGs
[2024-10-03T07:13:28.862+0000] {logging_mixin.py:190} INFO - [2024-10-03T07:13:28.862+0000] {dag.py:4180} INFO - Setting next_dagrun for example_branch_labels to 2024-10-02 00:00:00+00:00, run_after=2024-10-03 00:00:00+00:00
[2024-10-03T07:13:28.892+0000] {processor.py:208} INFO - Processing /home/airflow/.local/lib/python3.12/site-packages/airflow/example_dags/example_branch_labels.py took 0.114 seconds
[2024-10-03T07:14:00.941+0000] {processor.py:186} INFO - Started process (PID=2365) to work on /home/airflow/.local/lib/python3.12/site-packages/airflow/example_dags/example_branch_labels.py
[2024-10-03T07:14:00.943+0000] {processor.py:914} INFO - Processing file /home/airflow/.local/lib/python3.12/site-packages/airflow/example_dags/example_branch_labels.py for tasks to queue
[2024-10-03T07:14:00.947+0000] {logging_mixin.py:190} INFO - [2024-10-03T07:14:00.946+0000] {dagbag.py:588} INFO - Filling up the DagBag from /home/airflow/.local/lib/python3.12/site-packages/airflow/example_dags/example_branch_labels.py
[2024-10-03T07:14:00.967+0000] {processor.py:925} INFO - DAG(s) 'example_branch_labels' retrieved from /home/airflow/.local/lib/python3.12/site-packages/airflow/example_dags/example_branch_labels.py
[2024-10-03T07:14:01.016+0000] {logging_mixin.py:190} INFO - [2024-10-03T07:14:01.015+0000] {dag.py:3239} INFO - Sync 1 DAGs
[2024-10-03T07:14:01.077+0000] {logging_mixin.py:190} INFO - [2024-10-03T07:14:01.076+0000] {dag.py:4180} INFO - Setting next_dagrun for example_branch_labels to 2024-10-02 00:00:00+00:00, run_after=2024-10-03 00:00:00+00:00
[2024-10-03T07:14:01.124+0000] {processor.py:208} INFO - Processing /home/airflow/.local/lib/python3.12/site-packages/airflow/example_dags/example_branch_labels.py took 0.192 seconds
[2024-10-03T07:14:31.689+0000] {processor.py:186} INFO - Started process (PID=2428) to work on /home/airflow/.local/lib/python3.12/site-packages/airflow/example_dags/example_branch_labels.py
[2024-10-03T07:14:31.693+0000] {processor.py:914} INFO - Processing file /home/airflow/.local/lib/python3.12/site-packages/airflow/example_dags/example_branch_labels.py for tasks to queue
[2024-10-03T07:14:31.696+0000] {logging_mixin.py:190} INFO - [2024-10-03T07:14:31.696+0000] {dagbag.py:588} INFO - Filling up the DagBag from /home/airflow/.local/lib/python3.12/site-packages/airflow/example_dags/example_branch_labels.py
[2024-10-03T07:14:31.711+0000] {processor.py:925} INFO - DAG(s) 'example_branch_labels' retrieved from /home/airflow/.local/lib/python3.12/site-packages/airflow/example_dags/example_branch_labels.py
[2024-10-03T07:14:31.749+0000] {logging_mixin.py:190} INFO - [2024-10-03T07:14:31.748+0000] {dag.py:3239} INFO - Sync 1 DAGs
[2024-10-03T07:14:31.785+0000] {logging_mixin.py:190} INFO - [2024-10-03T07:14:31.785+0000] {dag.py:4180} INFO - Setting next_dagrun for example_branch_labels to 2024-10-02 00:00:00+00:00, run_after=2024-10-03 00:00:00+00:00
[2024-10-03T07:14:31.845+0000] {processor.py:208} INFO - Processing /home/airflow/.local/lib/python3.12/site-packages/airflow/example_dags/example_branch_labels.py took 0.164 seconds
[2024-10-03T07:15:02.748+0000] {processor.py:186} INFO - Started process (PID=2491) to work on /home/airflow/.local/lib/python3.12/site-packages/airflow/example_dags/example_branch_labels.py
[2024-10-03T07:15:02.749+0000] {processor.py:914} INFO - Processing file /home/airflow/.local/lib/python3.12/site-packages/airflow/example_dags/example_branch_labels.py for tasks to queue
[2024-10-03T07:15:02.751+0000] {logging_mixin.py:190} INFO - [2024-10-03T07:15:02.751+0000] {dagbag.py:588} INFO - Filling up the DagBag from /home/airflow/.local/lib/python3.12/site-packages/airflow/example_dags/example_branch_labels.py
[2024-10-03T07:15:02.762+0000] {processor.py:925} INFO - DAG(s) 'example_branch_labels' retrieved from /home/airflow/.local/lib/python3.12/site-packages/airflow/example_dags/example_branch_labels.py
[2024-10-03T07:15:02.788+0000] {logging_mixin.py:190} INFO - [2024-10-03T07:15:02.788+0000] {dag.py:3239} INFO - Sync 1 DAGs
[2024-10-03T07:15:02.817+0000] {logging_mixin.py:190} INFO - [2024-10-03T07:15:02.817+0000] {dag.py:4180} INFO - Setting next_dagrun for example_branch_labels to 2024-10-02 00:00:00+00:00, run_after=2024-10-03 00:00:00+00:00
[2024-10-03T07:15:02.842+0000] {processor.py:208} INFO - Processing /home/airflow/.local/lib/python3.12/site-packages/airflow/example_dags/example_branch_labels.py took 0.100 seconds
[2024-10-03T07:15:33.393+0000] {processor.py:186} INFO - Started process (PID=2554) to work on /home/airflow/.local/lib/python3.12/site-packages/airflow/example_dags/example_branch_labels.py
[2024-10-03T07:15:33.395+0000] {processor.py:914} INFO - Processing file /home/airflow/.local/lib/python3.12/site-packages/airflow/example_dags/example_branch_labels.py for tasks to queue
[2024-10-03T07:15:33.397+0000] {logging_mixin.py:190} INFO - [2024-10-03T07:15:33.396+0000] {dagbag.py:588} INFO - Filling up the DagBag from /home/airflow/.local/lib/python3.12/site-packages/airflow/example_dags/example_branch_labels.py
[2024-10-03T07:15:33.407+0000] {processor.py:925} INFO - DAG(s) 'example_branch_labels' retrieved from /home/airflow/.local/lib/python3.12/site-packages/airflow/example_dags/example_branch_labels.py
[2024-10-03T07:15:33.431+0000] {logging_mixin.py:190} INFO - [2024-10-03T07:15:33.431+0000] {dag.py:3239} INFO - Sync 1 DAGs
[2024-10-03T07:15:33.461+0000] {logging_mixin.py:190} INFO - [2024-10-03T07:15:33.461+0000] {dag.py:4180} INFO - Setting next_dagrun for example_branch_labels to 2024-10-02 00:00:00+00:00, run_after=2024-10-03 00:00:00+00:00
[2024-10-03T07:15:33.486+0000] {processor.py:208} INFO - Processing /home/airflow/.local/lib/python3.12/site-packages/airflow/example_dags/example_branch_labels.py took 0.099 seconds
[2024-10-03T07:16:04.147+0000] {processor.py:186} INFO - Started process (PID=2615) to work on /home/airflow/.local/lib/python3.12/site-packages/airflow/example_dags/example_branch_labels.py
[2024-10-03T07:16:04.148+0000] {processor.py:914} INFO - Processing file /home/airflow/.local/lib/python3.12/site-packages/airflow/example_dags/example_branch_labels.py for tasks to queue
[2024-10-03T07:16:04.150+0000] {logging_mixin.py:190} INFO - [2024-10-03T07:16:04.149+0000] {dagbag.py:588} INFO - Filling up the DagBag from /home/airflow/.local/lib/python3.12/site-packages/airflow/example_dags/example_branch_labels.py
[2024-10-03T07:16:04.162+0000] {processor.py:925} INFO - DAG(s) 'example_branch_labels' retrieved from /home/airflow/.local/lib/python3.12/site-packages/airflow/example_dags/example_branch_labels.py
[2024-10-03T07:16:04.191+0000] {logging_mixin.py:190} INFO - [2024-10-03T07:16:04.191+0000] {dag.py:3239} INFO - Sync 1 DAGs
[2024-10-03T07:16:04.224+0000] {logging_mixin.py:190} INFO - [2024-10-03T07:16:04.224+0000] {dag.py:4180} INFO - Setting next_dagrun for example_branch_labels to 2024-10-02 00:00:00+00:00, run_after=2024-10-03 00:00:00+00:00
[2024-10-03T07:16:04.262+0000] {processor.py:208} INFO - Processing /home/airflow/.local/lib/python3.12/site-packages/airflow/example_dags/example_branch_labels.py took 0.122 seconds
[2024-10-03T07:16:35.117+0000] {processor.py:186} INFO - Started process (PID=2678) to work on /home/airflow/.local/lib/python3.12/site-packages/airflow/example_dags/example_branch_labels.py
[2024-10-03T07:16:35.118+0000] {processor.py:914} INFO - Processing file /home/airflow/.local/lib/python3.12/site-packages/airflow/example_dags/example_branch_labels.py for tasks to queue
[2024-10-03T07:16:35.120+0000] {logging_mixin.py:190} INFO - [2024-10-03T07:16:35.120+0000] {dagbag.py:588} INFO - Filling up the DagBag from /home/airflow/.local/lib/python3.12/site-packages/airflow/example_dags/example_branch_labels.py
[2024-10-03T07:16:35.134+0000] {processor.py:925} INFO - DAG(s) 'example_branch_labels' retrieved from /home/airflow/.local/lib/python3.12/site-packages/airflow/example_dags/example_branch_labels.py
[2024-10-03T07:16:35.166+0000] {logging_mixin.py:190} INFO - [2024-10-03T07:16:35.165+0000] {dag.py:3239} INFO - Sync 1 DAGs
[2024-10-03T07:16:35.206+0000] {logging_mixin.py:190} INFO - [2024-10-03T07:16:35.206+0000] {dag.py:4180} INFO - Setting next_dagrun for example_branch_labels to 2024-10-02 00:00:00+00:00, run_after=2024-10-03 00:00:00+00:00
[2024-10-03T07:16:35.238+0000] {processor.py:208} INFO - Processing /home/airflow/.local/lib/python3.12/site-packages/airflow/example_dags/example_branch_labels.py took 0.129 seconds
[2024-10-03T07:17:05.691+0000] {processor.py:186} INFO - Started process (PID=2741) to work on /home/airflow/.local/lib/python3.12/site-packages/airflow/example_dags/example_branch_labels.py
[2024-10-03T07:17:05.693+0000] {processor.py:914} INFO - Processing file /home/airflow/.local/lib/python3.12/site-packages/airflow/example_dags/example_branch_labels.py for tasks to queue
[2024-10-03T07:17:05.695+0000] {logging_mixin.py:190} INFO - [2024-10-03T07:17:05.694+0000] {dagbag.py:588} INFO - Filling up the DagBag from /home/airflow/.local/lib/python3.12/site-packages/airflow/example_dags/example_branch_labels.py
[2024-10-03T07:17:05.707+0000] {processor.py:925} INFO - DAG(s) 'example_branch_labels' retrieved from /home/airflow/.local/lib/python3.12/site-packages/airflow/example_dags/example_branch_labels.py
[2024-10-03T07:17:05.731+0000] {logging_mixin.py:190} INFO - [2024-10-03T07:17:05.731+0000] {dag.py:3239} INFO - Sync 1 DAGs
[2024-10-03T07:17:05.761+0000] {logging_mixin.py:190} INFO - [2024-10-03T07:17:05.761+0000] {dag.py:4180} INFO - Setting next_dagrun for example_branch_labels to 2024-10-02 00:00:00+00:00, run_after=2024-10-03 00:00:00+00:00
[2024-10-03T07:17:05.786+0000] {processor.py:208} INFO - Processing /home/airflow/.local/lib/python3.12/site-packages/airflow/example_dags/example_branch_labels.py took 0.101 seconds
[2024-10-03T07:17:36.374+0000] {processor.py:186} INFO - Started process (PID=2804) to work on /home/airflow/.local/lib/python3.12/site-packages/airflow/example_dags/example_branch_labels.py
[2024-10-03T07:17:36.376+0000] {processor.py:914} INFO - Processing file /home/airflow/.local/lib/python3.12/site-packages/airflow/example_dags/example_branch_labels.py for tasks to queue
[2024-10-03T07:17:36.378+0000] {logging_mixin.py:190} INFO - [2024-10-03T07:17:36.377+0000] {dagbag.py:588} INFO - Filling up the DagBag from /home/airflow/.local/lib/python3.12/site-packages/airflow/example_dags/example_branch_labels.py
[2024-10-03T07:17:36.388+0000] {processor.py:925} INFO - DAG(s) 'example_branch_labels' retrieved from /home/airflow/.local/lib/python3.12/site-packages/airflow/example_dags/example_branch_labels.py
[2024-10-03T07:17:36.412+0000] {logging_mixin.py:190} INFO - [2024-10-03T07:17:36.412+0000] {dag.py:3239} INFO - Sync 1 DAGs
[2024-10-03T07:17:36.440+0000] {logging_mixin.py:190} INFO - [2024-10-03T07:17:36.439+0000] {dag.py:4180} INFO - Setting next_dagrun for example_branch_labels to 2024-10-02 00:00:00+00:00, run_after=2024-10-03 00:00:00+00:00
[2024-10-03T07:17:36.465+0000] {processor.py:208} INFO - Processing /home/airflow/.local/lib/python3.12/site-packages/airflow/example_dags/example_branch_labels.py took 0.096 seconds
[2024-10-03T07:18:06.909+0000] {processor.py:186} INFO - Started process (PID=2866) to work on /home/airflow/.local/lib/python3.12/site-packages/airflow/example_dags/example_branch_labels.py
[2024-10-03T07:18:06.911+0000] {processor.py:914} INFO - Processing file /home/airflow/.local/lib/python3.12/site-packages/airflow/example_dags/example_branch_labels.py for tasks to queue
[2024-10-03T07:18:06.912+0000] {logging_mixin.py:190} INFO - [2024-10-03T07:18:06.912+0000] {dagbag.py:588} INFO - Filling up the DagBag from /home/airflow/.local/lib/python3.12/site-packages/airflow/example_dags/example_branch_labels.py
[2024-10-03T07:18:06.923+0000] {processor.py:925} INFO - DAG(s) 'example_branch_labels' retrieved from /home/airflow/.local/lib/python3.12/site-packages/airflow/example_dags/example_branch_labels.py
[2024-10-03T07:18:06.951+0000] {logging_mixin.py:190} INFO - [2024-10-03T07:18:06.951+0000] {dag.py:3239} INFO - Sync 1 DAGs
[2024-10-03T07:18:06.986+0000] {logging_mixin.py:190} INFO - [2024-10-03T07:18:06.986+0000] {dag.py:4180} INFO - Setting next_dagrun for example_branch_labels to 2024-10-02 00:00:00+00:00, run_after=2024-10-03 00:00:00+00:00
[2024-10-03T07:18:07.015+0000] {processor.py:208} INFO - Processing /home/airflow/.local/lib/python3.12/site-packages/airflow/example_dags/example_branch_labels.py took 0.112 seconds
[2024-10-03T07:18:37.652+0000] {processor.py:186} INFO - Started process (PID=2929) to work on /home/airflow/.local/lib/python3.12/site-packages/airflow/example_dags/example_branch_labels.py
[2024-10-03T07:18:37.653+0000] {processor.py:914} INFO - Processing file /home/airflow/.local/lib/python3.12/site-packages/airflow/example_dags/example_branch_labels.py for tasks to queue
[2024-10-03T07:18:37.656+0000] {logging_mixin.py:190} INFO - [2024-10-03T07:18:37.655+0000] {dagbag.py:588} INFO - Filling up the DagBag from /home/airflow/.local/lib/python3.12/site-packages/airflow/example_dags/example_branch_labels.py
[2024-10-03T07:18:37.668+0000] {processor.py:925} INFO - DAG(s) 'example_branch_labels' retrieved from /home/airflow/.local/lib/python3.12/site-packages/airflow/example_dags/example_branch_labels.py
[2024-10-03T07:18:37.696+0000] {logging_mixin.py:190} INFO - [2024-10-03T07:18:37.696+0000] {dag.py:3239} INFO - Sync 1 DAGs
[2024-10-03T07:18:37.737+0000] {logging_mixin.py:190} INFO - [2024-10-03T07:18:37.736+0000] {dag.py:4180} INFO - Setting next_dagrun for example_branch_labels to 2024-10-02 00:00:00+00:00, run_after=2024-10-03 00:00:00+00:00
[2024-10-03T07:18:37.765+0000] {processor.py:208} INFO - Processing /home/airflow/.local/lib/python3.12/site-packages/airflow/example_dags/example_branch_labels.py took 0.121 seconds
