[2024-10-03T06:33:56.869+0000] {processor.py:157} INFO - Started process (PID=105) to work on /home/airflow/.local/lib/python3.8/site-packages/airflow/example_dags/tutorial_taskflow_api_virtualenv.py
[2024-10-03T06:33:56.873+0000] {processor.py:829} INFO - Processing file /home/airflow/.local/lib/python3.8/site-packages/airflow/example_dags/tutorial_taskflow_api_virtualenv.py for tasks to queue
[2024-10-03T06:33:56.879+0000] {logging_mixin.py:151} INFO - [2024-10-03T06:33:56.879+0000] {dagbag.py:539} INFO - Filling up the DagBag from /home/airflow/.local/lib/python3.8/site-packages/airflow/example_dags/tutorial_taskflow_api_virtualenv.py
[2024-10-03T06:33:56.898+0000] {processor.py:839} INFO - DAG(s) dict_keys(['tutorial_taskflow_api_virtualenv']) retrieved from /home/airflow/.local/lib/python3.8/site-packages/airflow/example_dags/tutorial_taskflow_api_virtualenv.py
[2024-10-03T06:33:57.134+0000] {logging_mixin.py:151} INFO - [2024-10-03T06:33:57.133+0000] {manager.py:501} INFO - Created Permission View: can delete on DAG:tutorial_taskflow_api_virtualenv
[2024-10-03T06:33:57.163+0000] {logging_mixin.py:151} INFO - [2024-10-03T06:33:57.162+0000] {manager.py:501} INFO - Created Permission View: can read on DAG:tutorial_taskflow_api_virtualenv
[2024-10-03T06:33:57.183+0000] {logging_mixin.py:151} INFO - [2024-10-03T06:33:57.182+0000] {manager.py:501} INFO - Created Permission View: can edit on DAG:tutorial_taskflow_api_virtualenv
[2024-10-03T06:33:57.218+0000] {logging_mixin.py:151} INFO - [2024-10-03T06:33:57.217+0000] {dag.py:2907} INFO - Sync 1 DAGs
[2024-10-03T06:33:57.240+0000] {logging_mixin.py:151} INFO - [2024-10-03T06:33:57.240+0000] {dag.py:2929} INFO - Creating ORM DAG for tutorial_taskflow_api_virtualenv
[2024-10-03T06:33:57.242+0000] {logging_mixin.py:151} INFO - [2024-10-03T06:33:57.242+0000] {dag.py:3677} INFO - Setting next_dagrun for tutorial_taskflow_api_virtualenv to None, run_after=None
[2024-10-03T06:33:57.295+0000] {processor.py:179} INFO - Processing /home/airflow/.local/lib/python3.8/site-packages/airflow/example_dags/tutorial_taskflow_api_virtualenv.py took 0.431 seconds
[2024-10-03T06:34:27.526+0000] {processor.py:157} INFO - Started process (PID=163) to work on /home/airflow/.local/lib/python3.8/site-packages/airflow/example_dags/tutorial_taskflow_api_virtualenv.py
[2024-10-03T06:34:27.528+0000] {processor.py:829} INFO - Processing file /home/airflow/.local/lib/python3.8/site-packages/airflow/example_dags/tutorial_taskflow_api_virtualenv.py for tasks to queue
[2024-10-03T06:34:27.534+0000] {logging_mixin.py:151} INFO - [2024-10-03T06:34:27.533+0000] {dagbag.py:539} INFO - Filling up the DagBag from /home/airflow/.local/lib/python3.8/site-packages/airflow/example_dags/tutorial_taskflow_api_virtualenv.py
[2024-10-03T06:34:27.547+0000] {processor.py:839} INFO - DAG(s) dict_keys(['tutorial_taskflow_api_virtualenv']) retrieved from /home/airflow/.local/lib/python3.8/site-packages/airflow/example_dags/tutorial_taskflow_api_virtualenv.py
[2024-10-03T06:34:27.590+0000] {logging_mixin.py:151} INFO - [2024-10-03T06:34:27.590+0000] {dag.py:2907} INFO - Sync 1 DAGs
[2024-10-03T06:34:27.617+0000] {logging_mixin.py:151} INFO - [2024-10-03T06:34:27.617+0000] {dag.py:3677} INFO - Setting next_dagrun for tutorial_taskflow_api_virtualenv to None, run_after=None
[2024-10-03T06:34:27.666+0000] {processor.py:179} INFO - Processing /home/airflow/.local/lib/python3.8/site-packages/airflow/example_dags/tutorial_taskflow_api_virtualenv.py took 0.146 seconds
[2024-10-03T06:34:57.780+0000] {processor.py:157} INFO - Started process (PID=220) to work on /home/airflow/.local/lib/python3.8/site-packages/airflow/example_dags/tutorial_taskflow_api_virtualenv.py
[2024-10-03T06:34:57.783+0000] {processor.py:829} INFO - Processing file /home/airflow/.local/lib/python3.8/site-packages/airflow/example_dags/tutorial_taskflow_api_virtualenv.py for tasks to queue
[2024-10-03T06:34:57.788+0000] {logging_mixin.py:151} INFO - [2024-10-03T06:34:57.788+0000] {dagbag.py:539} INFO - Filling up the DagBag from /home/airflow/.local/lib/python3.8/site-packages/airflow/example_dags/tutorial_taskflow_api_virtualenv.py
[2024-10-03T06:34:57.801+0000] {processor.py:839} INFO - DAG(s) dict_keys(['tutorial_taskflow_api_virtualenv']) retrieved from /home/airflow/.local/lib/python3.8/site-packages/airflow/example_dags/tutorial_taskflow_api_virtualenv.py
[2024-10-03T06:34:57.844+0000] {logging_mixin.py:151} INFO - [2024-10-03T06:34:57.843+0000] {dag.py:2907} INFO - Sync 1 DAGs
[2024-10-03T06:34:57.873+0000] {logging_mixin.py:151} INFO - [2024-10-03T06:34:57.872+0000] {dag.py:3677} INFO - Setting next_dagrun for tutorial_taskflow_api_virtualenv to None, run_after=None
[2024-10-03T06:34:57.936+0000] {processor.py:179} INFO - Processing /home/airflow/.local/lib/python3.8/site-packages/airflow/example_dags/tutorial_taskflow_api_virtualenv.py took 0.161 seconds
[2024-10-03T06:35:28.660+0000] {processor.py:157} INFO - Started process (PID=285) to work on /home/airflow/.local/lib/python3.8/site-packages/airflow/example_dags/tutorial_taskflow_api_virtualenv.py
[2024-10-03T06:35:28.663+0000] {processor.py:829} INFO - Processing file /home/airflow/.local/lib/python3.8/site-packages/airflow/example_dags/tutorial_taskflow_api_virtualenv.py for tasks to queue
[2024-10-03T06:35:28.669+0000] {logging_mixin.py:151} INFO - [2024-10-03T06:35:28.668+0000] {dagbag.py:539} INFO - Filling up the DagBag from /home/airflow/.local/lib/python3.8/site-packages/airflow/example_dags/tutorial_taskflow_api_virtualenv.py
[2024-10-03T06:35:28.686+0000] {processor.py:839} INFO - DAG(s) dict_keys(['tutorial_taskflow_api_virtualenv']) retrieved from /home/airflow/.local/lib/python3.8/site-packages/airflow/example_dags/tutorial_taskflow_api_virtualenv.py
[2024-10-03T06:35:28.732+0000] {logging_mixin.py:151} INFO - [2024-10-03T06:35:28.731+0000] {dag.py:2907} INFO - Sync 1 DAGs
[2024-10-03T06:35:28.754+0000] {logging_mixin.py:151} INFO - [2024-10-03T06:35:28.753+0000] {dag.py:3677} INFO - Setting next_dagrun for tutorial_taskflow_api_virtualenv to None, run_after=None
[2024-10-03T06:35:28.799+0000] {processor.py:179} INFO - Processing /home/airflow/.local/lib/python3.8/site-packages/airflow/example_dags/tutorial_taskflow_api_virtualenv.py took 0.145 seconds
[2024-10-03T06:36:00.222+0000] {processor.py:157} INFO - Started process (PID=345) to work on /home/airflow/.local/lib/python3.8/site-packages/airflow/example_dags/tutorial_taskflow_api_virtualenv.py
[2024-10-03T06:36:00.225+0000] {processor.py:829} INFO - Processing file /home/airflow/.local/lib/python3.8/site-packages/airflow/example_dags/tutorial_taskflow_api_virtualenv.py for tasks to queue
[2024-10-03T06:36:00.234+0000] {logging_mixin.py:151} INFO - [2024-10-03T06:36:00.233+0000] {dagbag.py:539} INFO - Filling up the DagBag from /home/airflow/.local/lib/python3.8/site-packages/airflow/example_dags/tutorial_taskflow_api_virtualenv.py
[2024-10-03T06:36:00.252+0000] {processor.py:839} INFO - DAG(s) dict_keys(['tutorial_taskflow_api_virtualenv']) retrieved from /home/airflow/.local/lib/python3.8/site-packages/airflow/example_dags/tutorial_taskflow_api_virtualenv.py
[2024-10-03T06:36:00.297+0000] {logging_mixin.py:151} INFO - [2024-10-03T06:36:00.296+0000] {dag.py:2907} INFO - Sync 1 DAGs
[2024-10-03T06:36:00.322+0000] {logging_mixin.py:151} INFO - [2024-10-03T06:36:00.322+0000] {dag.py:3677} INFO - Setting next_dagrun for tutorial_taskflow_api_virtualenv to None, run_after=None
[2024-10-03T06:36:00.373+0000] {processor.py:179} INFO - Processing /home/airflow/.local/lib/python3.8/site-packages/airflow/example_dags/tutorial_taskflow_api_virtualenv.py took 0.156 seconds
[2024-10-03T06:36:30.844+0000] {processor.py:157} INFO - Started process (PID=403) to work on /home/airflow/.local/lib/python3.8/site-packages/airflow/example_dags/tutorial_taskflow_api_virtualenv.py
[2024-10-03T06:36:30.846+0000] {processor.py:829} INFO - Processing file /home/airflow/.local/lib/python3.8/site-packages/airflow/example_dags/tutorial_taskflow_api_virtualenv.py for tasks to queue
[2024-10-03T06:36:30.854+0000] {logging_mixin.py:151} INFO - [2024-10-03T06:36:30.853+0000] {dagbag.py:539} INFO - Filling up the DagBag from /home/airflow/.local/lib/python3.8/site-packages/airflow/example_dags/tutorial_taskflow_api_virtualenv.py
[2024-10-03T06:36:30.869+0000] {processor.py:839} INFO - DAG(s) dict_keys(['tutorial_taskflow_api_virtualenv']) retrieved from /home/airflow/.local/lib/python3.8/site-packages/airflow/example_dags/tutorial_taskflow_api_virtualenv.py
[2024-10-03T06:36:30.950+0000] {logging_mixin.py:151} INFO - [2024-10-03T06:36:30.950+0000] {dag.py:2907} INFO - Sync 1 DAGs
[2024-10-03T06:36:31.007+0000] {logging_mixin.py:151} INFO - [2024-10-03T06:36:31.007+0000] {dag.py:3677} INFO - Setting next_dagrun for tutorial_taskflow_api_virtualenv to None, run_after=None
[2024-10-03T06:36:31.064+0000] {processor.py:179} INFO - Processing /home/airflow/.local/lib/python3.8/site-packages/airflow/example_dags/tutorial_taskflow_api_virtualenv.py took 0.226 seconds
[2024-10-03T06:41:15.137+0000] {processor.py:157} INFO - Started process (PID=98) to work on /home/airflow/.local/lib/python3.8/site-packages/airflow/example_dags/tutorial_taskflow_api_virtualenv.py
[2024-10-03T06:41:15.141+0000] {processor.py:829} INFO - Processing file /home/airflow/.local/lib/python3.8/site-packages/airflow/example_dags/tutorial_taskflow_api_virtualenv.py for tasks to queue
[2024-10-03T06:41:15.484+0000] {logging_mixin.py:151} INFO - [2024-10-03T06:41:15.483+0000] {dagbag.py:539} INFO - Filling up the DagBag from /home/airflow/.local/lib/python3.8/site-packages/airflow/example_dags/tutorial_taskflow_api_virtualenv.py
[2024-10-03T06:41:15.499+0000] {processor.py:839} INFO - DAG(s) dict_keys(['tutorial_taskflow_api_virtualenv']) retrieved from /home/airflow/.local/lib/python3.8/site-packages/airflow/example_dags/tutorial_taskflow_api_virtualenv.py
[2024-10-03T06:41:15.574+0000] {logging_mixin.py:151} INFO - [2024-10-03T06:41:15.574+0000] {dag.py:2907} INFO - Sync 1 DAGs
[2024-10-03T06:41:15.606+0000] {logging_mixin.py:151} INFO - [2024-10-03T06:41:15.605+0000] {dag.py:3677} INFO - Setting next_dagrun for tutorial_taskflow_api_virtualenv to None, run_after=None
[2024-10-03T06:41:15.659+0000] {processor.py:179} INFO - Processing /home/airflow/.local/lib/python3.8/site-packages/airflow/example_dags/tutorial_taskflow_api_virtualenv.py took 0.531 seconds
[2024-10-03T06:41:47.042+0000] {processor.py:157} INFO - Started process (PID=156) to work on /home/airflow/.local/lib/python3.8/site-packages/airflow/example_dags/tutorial_taskflow_api_virtualenv.py
[2024-10-03T06:41:47.046+0000] {processor.py:829} INFO - Processing file /home/airflow/.local/lib/python3.8/site-packages/airflow/example_dags/tutorial_taskflow_api_virtualenv.py for tasks to queue
[2024-10-03T06:41:47.057+0000] {logging_mixin.py:151} INFO - [2024-10-03T06:41:47.055+0000] {dagbag.py:539} INFO - Filling up the DagBag from /home/airflow/.local/lib/python3.8/site-packages/airflow/example_dags/tutorial_taskflow_api_virtualenv.py
[2024-10-03T06:41:47.088+0000] {processor.py:839} INFO - DAG(s) dict_keys(['tutorial_taskflow_api_virtualenv']) retrieved from /home/airflow/.local/lib/python3.8/site-packages/airflow/example_dags/tutorial_taskflow_api_virtualenv.py
[2024-10-03T06:41:47.155+0000] {logging_mixin.py:151} INFO - [2024-10-03T06:41:47.154+0000] {dag.py:2907} INFO - Sync 1 DAGs
[2024-10-03T06:41:47.194+0000] {logging_mixin.py:151} INFO - [2024-10-03T06:41:47.193+0000] {dag.py:3677} INFO - Setting next_dagrun for tutorial_taskflow_api_virtualenv to None, run_after=None
[2024-10-03T06:41:47.254+0000] {processor.py:179} INFO - Processing /home/airflow/.local/lib/python3.8/site-packages/airflow/example_dags/tutorial_taskflow_api_virtualenv.py took 0.243 seconds
[2024-10-03T06:42:17.934+0000] {processor.py:157} INFO - Started process (PID=214) to work on /home/airflow/.local/lib/python3.8/site-packages/airflow/example_dags/tutorial_taskflow_api_virtualenv.py
[2024-10-03T06:42:17.937+0000] {processor.py:829} INFO - Processing file /home/airflow/.local/lib/python3.8/site-packages/airflow/example_dags/tutorial_taskflow_api_virtualenv.py for tasks to queue
[2024-10-03T06:42:17.940+0000] {logging_mixin.py:151} INFO - [2024-10-03T06:42:17.940+0000] {dagbag.py:539} INFO - Filling up the DagBag from /home/airflow/.local/lib/python3.8/site-packages/airflow/example_dags/tutorial_taskflow_api_virtualenv.py
[2024-10-03T06:42:17.956+0000] {processor.py:839} INFO - DAG(s) dict_keys(['tutorial_taskflow_api_virtualenv']) retrieved from /home/airflow/.local/lib/python3.8/site-packages/airflow/example_dags/tutorial_taskflow_api_virtualenv.py
[2024-10-03T06:42:17.999+0000] {logging_mixin.py:151} INFO - [2024-10-03T06:42:17.999+0000] {dag.py:2907} INFO - Sync 1 DAGs
[2024-10-03T06:42:18.025+0000] {logging_mixin.py:151} INFO - [2024-10-03T06:42:18.025+0000] {dag.py:3677} INFO - Setting next_dagrun for tutorial_taskflow_api_virtualenv to None, run_after=None
[2024-10-03T06:42:18.074+0000] {processor.py:179} INFO - Processing /home/airflow/.local/lib/python3.8/site-packages/airflow/example_dags/tutorial_taskflow_api_virtualenv.py took 0.146 seconds
[2024-10-03T06:42:51.976+0000] {processor.py:157} INFO - Started process (PID=271) to work on /home/airflow/.local/lib/python3.8/site-packages/airflow/example_dags/tutorial_taskflow_api_virtualenv.py
[2024-10-03T06:42:51.979+0000] {processor.py:829} INFO - Processing file /home/airflow/.local/lib/python3.8/site-packages/airflow/example_dags/tutorial_taskflow_api_virtualenv.py for tasks to queue
[2024-10-03T06:42:51.985+0000] {logging_mixin.py:151} INFO - [2024-10-03T06:42:51.984+0000] {dagbag.py:539} INFO - Filling up the DagBag from /home/airflow/.local/lib/python3.8/site-packages/airflow/example_dags/tutorial_taskflow_api_virtualenv.py
[2024-10-03T06:42:52.004+0000] {processor.py:839} INFO - DAG(s) dict_keys(['tutorial_taskflow_api_virtualenv']) retrieved from /home/airflow/.local/lib/python3.8/site-packages/airflow/example_dags/tutorial_taskflow_api_virtualenv.py
[2024-10-03T06:42:52.067+0000] {logging_mixin.py:151} INFO - [2024-10-03T06:42:52.066+0000] {dag.py:2907} INFO - Sync 1 DAGs
[2024-10-03T06:42:52.107+0000] {logging_mixin.py:151} INFO - [2024-10-03T06:42:52.107+0000] {dag.py:3677} INFO - Setting next_dagrun for tutorial_taskflow_api_virtualenv to None, run_after=None
[2024-10-03T06:42:52.192+0000] {processor.py:179} INFO - Processing /home/airflow/.local/lib/python3.8/site-packages/airflow/example_dags/tutorial_taskflow_api_virtualenv.py took 0.225 seconds
[2024-10-03T06:52:43.680+0000] {processor.py:186} INFO - Started process (PID=95) to work on /home/airflow/.local/lib/python3.12/site-packages/airflow/example_dags/tutorial_taskflow_api_virtualenv.py
[2024-10-03T06:52:43.690+0000] {processor.py:914} INFO - Processing file /home/airflow/.local/lib/python3.12/site-packages/airflow/example_dags/tutorial_taskflow_api_virtualenv.py for tasks to queue
[2024-10-03T06:52:43.709+0000] {logging_mixin.py:190} INFO - [2024-10-03T06:52:43.708+0000] {dagbag.py:588} INFO - Filling up the DagBag from /home/airflow/.local/lib/python3.12/site-packages/airflow/example_dags/tutorial_taskflow_api_virtualenv.py
[2024-10-03T06:52:43.941+0000] {processor.py:925} INFO - DAG(s) 'tutorial_taskflow_api_virtualenv' retrieved from /home/airflow/.local/lib/python3.12/site-packages/airflow/example_dags/tutorial_taskflow_api_virtualenv.py
[2024-10-03T06:52:44.609+0000] {logging_mixin.py:190} INFO - [2024-10-03T06:52:44.608+0000] {dag.py:3239} INFO - Sync 1 DAGs
[2024-10-03T06:52:44.648+0000] {logging_mixin.py:190} INFO - [2024-10-03T06:52:44.648+0000] {dag.py:4180} INFO - Setting next_dagrun for tutorial_taskflow_api_virtualenv to None, run_after=None
[2024-10-03T06:52:44.737+0000] {processor.py:208} INFO - Processing /home/airflow/.local/lib/python3.12/site-packages/airflow/example_dags/tutorial_taskflow_api_virtualenv.py took 1.129 seconds
[2024-10-03T06:53:15.349+0000] {processor.py:186} INFO - Started process (PID=159) to work on /home/airflow/.local/lib/python3.12/site-packages/airflow/example_dags/tutorial_taskflow_api_virtualenv.py
[2024-10-03T06:53:15.352+0000] {processor.py:914} INFO - Processing file /home/airflow/.local/lib/python3.12/site-packages/airflow/example_dags/tutorial_taskflow_api_virtualenv.py for tasks to queue
[2024-10-03T06:53:15.360+0000] {logging_mixin.py:190} INFO - [2024-10-03T06:53:15.359+0000] {dagbag.py:588} INFO - Filling up the DagBag from /home/airflow/.local/lib/python3.12/site-packages/airflow/example_dags/tutorial_taskflow_api_virtualenv.py
[2024-10-03T06:53:15.383+0000] {processor.py:925} INFO - DAG(s) 'tutorial_taskflow_api_virtualenv' retrieved from /home/airflow/.local/lib/python3.12/site-packages/airflow/example_dags/tutorial_taskflow_api_virtualenv.py
[2024-10-03T06:53:15.429+0000] {logging_mixin.py:190} INFO - [2024-10-03T06:53:15.428+0000] {dag.py:3239} INFO - Sync 1 DAGs
[2024-10-03T06:53:15.459+0000] {logging_mixin.py:190} INFO - [2024-10-03T06:53:15.459+0000] {dag.py:4180} INFO - Setting next_dagrun for tutorial_taskflow_api_virtualenv to None, run_after=None
[2024-10-03T06:53:15.508+0000] {processor.py:208} INFO - Processing /home/airflow/.local/lib/python3.12/site-packages/airflow/example_dags/tutorial_taskflow_api_virtualenv.py took 0.170 seconds
[2024-10-03T06:53:45.762+0000] {processor.py:186} INFO - Started process (PID=223) to work on /home/airflow/.local/lib/python3.12/site-packages/airflow/example_dags/tutorial_taskflow_api_virtualenv.py
[2024-10-03T06:53:45.767+0000] {processor.py:914} INFO - Processing file /home/airflow/.local/lib/python3.12/site-packages/airflow/example_dags/tutorial_taskflow_api_virtualenv.py for tasks to queue
[2024-10-03T06:53:45.783+0000] {logging_mixin.py:190} INFO - [2024-10-03T06:53:45.781+0000] {dagbag.py:588} INFO - Filling up the DagBag from /home/airflow/.local/lib/python3.12/site-packages/airflow/example_dags/tutorial_taskflow_api_virtualenv.py
[2024-10-03T06:53:45.828+0000] {processor.py:925} INFO - DAG(s) 'tutorial_taskflow_api_virtualenv' retrieved from /home/airflow/.local/lib/python3.12/site-packages/airflow/example_dags/tutorial_taskflow_api_virtualenv.py
[2024-10-03T06:53:45.899+0000] {logging_mixin.py:190} INFO - [2024-10-03T06:53:45.898+0000] {dag.py:3239} INFO - Sync 1 DAGs
[2024-10-03T06:53:45.949+0000] {logging_mixin.py:190} INFO - [2024-10-03T06:53:45.949+0000] {dag.py:4180} INFO - Setting next_dagrun for tutorial_taskflow_api_virtualenv to None, run_after=None
[2024-10-03T06:53:46.023+0000] {processor.py:208} INFO - Processing /home/airflow/.local/lib/python3.12/site-packages/airflow/example_dags/tutorial_taskflow_api_virtualenv.py took 0.281 seconds
[2024-10-03T06:54:16.127+0000] {processor.py:186} INFO - Started process (PID=287) to work on /home/airflow/.local/lib/python3.12/site-packages/airflow/example_dags/tutorial_taskflow_api_virtualenv.py
[2024-10-03T06:54:16.129+0000] {processor.py:914} INFO - Processing file /home/airflow/.local/lib/python3.12/site-packages/airflow/example_dags/tutorial_taskflow_api_virtualenv.py for tasks to queue
[2024-10-03T06:54:16.133+0000] {logging_mixin.py:190} INFO - [2024-10-03T06:54:16.132+0000] {dagbag.py:588} INFO - Filling up the DagBag from /home/airflow/.local/lib/python3.12/site-packages/airflow/example_dags/tutorial_taskflow_api_virtualenv.py
[2024-10-03T06:54:16.157+0000] {processor.py:925} INFO - DAG(s) 'tutorial_taskflow_api_virtualenv' retrieved from /home/airflow/.local/lib/python3.12/site-packages/airflow/example_dags/tutorial_taskflow_api_virtualenv.py
[2024-10-03T06:54:16.185+0000] {logging_mixin.py:190} INFO - [2024-10-03T06:54:16.184+0000] {dag.py:3239} INFO - Sync 1 DAGs
[2024-10-03T06:54:16.201+0000] {logging_mixin.py:190} INFO - [2024-10-03T06:54:16.201+0000] {dag.py:4180} INFO - Setting next_dagrun for tutorial_taskflow_api_virtualenv to None, run_after=None
[2024-10-03T06:54:16.298+0000] {processor.py:208} INFO - Processing /home/airflow/.local/lib/python3.12/site-packages/airflow/example_dags/tutorial_taskflow_api_virtualenv.py took 0.178 seconds
[2024-10-03T06:54:47.403+0000] {processor.py:186} INFO - Started process (PID=351) to work on /home/airflow/.local/lib/python3.12/site-packages/airflow/example_dags/tutorial_taskflow_api_virtualenv.py
[2024-10-03T06:54:47.413+0000] {processor.py:914} INFO - Processing file /home/airflow/.local/lib/python3.12/site-packages/airflow/example_dags/tutorial_taskflow_api_virtualenv.py for tasks to queue
[2024-10-03T06:54:47.417+0000] {logging_mixin.py:190} INFO - [2024-10-03T06:54:47.416+0000] {dagbag.py:588} INFO - Filling up the DagBag from /home/airflow/.local/lib/python3.12/site-packages/airflow/example_dags/tutorial_taskflow_api_virtualenv.py
[2024-10-03T06:54:47.495+0000] {processor.py:925} INFO - DAG(s) 'tutorial_taskflow_api_virtualenv' retrieved from /home/airflow/.local/lib/python3.12/site-packages/airflow/example_dags/tutorial_taskflow_api_virtualenv.py
[2024-10-03T06:54:47.532+0000] {logging_mixin.py:190} INFO - [2024-10-03T06:54:47.532+0000] {dag.py:3239} INFO - Sync 1 DAGs
[2024-10-03T06:54:47.566+0000] {logging_mixin.py:190} INFO - [2024-10-03T06:54:47.565+0000] {dag.py:4180} INFO - Setting next_dagrun for tutorial_taskflow_api_virtualenv to None, run_after=None
[2024-10-03T06:54:47.641+0000] {processor.py:208} INFO - Processing /home/airflow/.local/lib/python3.12/site-packages/airflow/example_dags/tutorial_taskflow_api_virtualenv.py took 0.244 seconds
[2024-10-03T06:55:18.537+0000] {processor.py:186} INFO - Started process (PID=415) to work on /home/airflow/.local/lib/python3.12/site-packages/airflow/example_dags/tutorial_taskflow_api_virtualenv.py
[2024-10-03T06:55:18.538+0000] {processor.py:914} INFO - Processing file /home/airflow/.local/lib/python3.12/site-packages/airflow/example_dags/tutorial_taskflow_api_virtualenv.py for tasks to queue
[2024-10-03T06:55:18.542+0000] {logging_mixin.py:190} INFO - [2024-10-03T06:55:18.542+0000] {dagbag.py:588} INFO - Filling up the DagBag from /home/airflow/.local/lib/python3.12/site-packages/airflow/example_dags/tutorial_taskflow_api_virtualenv.py
[2024-10-03T06:55:18.557+0000] {processor.py:925} INFO - DAG(s) 'tutorial_taskflow_api_virtualenv' retrieved from /home/airflow/.local/lib/python3.12/site-packages/airflow/example_dags/tutorial_taskflow_api_virtualenv.py
[2024-10-03T06:55:18.586+0000] {logging_mixin.py:190} INFO - [2024-10-03T06:55:18.585+0000] {dag.py:3239} INFO - Sync 1 DAGs
[2024-10-03T06:55:18.603+0000] {logging_mixin.py:190} INFO - [2024-10-03T06:55:18.603+0000] {dag.py:4180} INFO - Setting next_dagrun for tutorial_taskflow_api_virtualenv to None, run_after=None
[2024-10-03T06:55:18.633+0000] {processor.py:208} INFO - Processing /home/airflow/.local/lib/python3.12/site-packages/airflow/example_dags/tutorial_taskflow_api_virtualenv.py took 0.104 seconds
[2024-10-03T06:55:48.885+0000] {processor.py:186} INFO - Started process (PID=479) to work on /home/airflow/.local/lib/python3.12/site-packages/airflow/example_dags/tutorial_taskflow_api_virtualenv.py
[2024-10-03T06:55:48.889+0000] {processor.py:914} INFO - Processing file /home/airflow/.local/lib/python3.12/site-packages/airflow/example_dags/tutorial_taskflow_api_virtualenv.py for tasks to queue
[2024-10-03T06:55:48.896+0000] {logging_mixin.py:190} INFO - [2024-10-03T06:55:48.896+0000] {dagbag.py:588} INFO - Filling up the DagBag from /home/airflow/.local/lib/python3.12/site-packages/airflow/example_dags/tutorial_taskflow_api_virtualenv.py
[2024-10-03T06:55:48.919+0000] {processor.py:925} INFO - DAG(s) 'tutorial_taskflow_api_virtualenv' retrieved from /home/airflow/.local/lib/python3.12/site-packages/airflow/example_dags/tutorial_taskflow_api_virtualenv.py
[2024-10-03T06:55:48.954+0000] {logging_mixin.py:190} INFO - [2024-10-03T06:55:48.953+0000] {dag.py:3239} INFO - Sync 1 DAGs
[2024-10-03T06:55:48.976+0000] {logging_mixin.py:190} INFO - [2024-10-03T06:55:48.976+0000] {dag.py:4180} INFO - Setting next_dagrun for tutorial_taskflow_api_virtualenv to None, run_after=None
[2024-10-03T06:55:49.011+0000] {processor.py:208} INFO - Processing /home/airflow/.local/lib/python3.12/site-packages/airflow/example_dags/tutorial_taskflow_api_virtualenv.py took 0.137 seconds
[2024-10-03T06:56:19.302+0000] {processor.py:186} INFO - Started process (PID=543) to work on /home/airflow/.local/lib/python3.12/site-packages/airflow/example_dags/tutorial_taskflow_api_virtualenv.py
[2024-10-03T06:56:19.305+0000] {processor.py:914} INFO - Processing file /home/airflow/.local/lib/python3.12/site-packages/airflow/example_dags/tutorial_taskflow_api_virtualenv.py for tasks to queue
[2024-10-03T06:56:19.313+0000] {logging_mixin.py:190} INFO - [2024-10-03T06:56:19.312+0000] {dagbag.py:588} INFO - Filling up the DagBag from /home/airflow/.local/lib/python3.12/site-packages/airflow/example_dags/tutorial_taskflow_api_virtualenv.py
[2024-10-03T06:56:19.349+0000] {processor.py:925} INFO - DAG(s) 'tutorial_taskflow_api_virtualenv' retrieved from /home/airflow/.local/lib/python3.12/site-packages/airflow/example_dags/tutorial_taskflow_api_virtualenv.py
[2024-10-03T06:56:19.403+0000] {logging_mixin.py:190} INFO - [2024-10-03T06:56:19.402+0000] {dag.py:3239} INFO - Sync 1 DAGs
[2024-10-03T06:56:19.446+0000] {logging_mixin.py:190} INFO - [2024-10-03T06:56:19.445+0000] {dag.py:4180} INFO - Setting next_dagrun for tutorial_taskflow_api_virtualenv to None, run_after=None
[2024-10-03T06:56:19.501+0000] {processor.py:208} INFO - Processing /home/airflow/.local/lib/python3.12/site-packages/airflow/example_dags/tutorial_taskflow_api_virtualenv.py took 0.214 seconds
[2024-10-03T06:56:49.800+0000] {processor.py:186} INFO - Started process (PID=606) to work on /home/airflow/.local/lib/python3.12/site-packages/airflow/example_dags/tutorial_taskflow_api_virtualenv.py
[2024-10-03T06:56:49.802+0000] {processor.py:914} INFO - Processing file /home/airflow/.local/lib/python3.12/site-packages/airflow/example_dags/tutorial_taskflow_api_virtualenv.py for tasks to queue
[2024-10-03T06:56:49.807+0000] {logging_mixin.py:190} INFO - [2024-10-03T06:56:49.806+0000] {dagbag.py:588} INFO - Filling up the DagBag from /home/airflow/.local/lib/python3.12/site-packages/airflow/example_dags/tutorial_taskflow_api_virtualenv.py
[2024-10-03T06:56:49.823+0000] {processor.py:925} INFO - DAG(s) 'tutorial_taskflow_api_virtualenv' retrieved from /home/airflow/.local/lib/python3.12/site-packages/airflow/example_dags/tutorial_taskflow_api_virtualenv.py
[2024-10-03T06:56:49.854+0000] {logging_mixin.py:190} INFO - [2024-10-03T06:56:49.854+0000] {dag.py:3239} INFO - Sync 1 DAGs
[2024-10-03T06:56:49.876+0000] {logging_mixin.py:190} INFO - [2024-10-03T06:56:49.876+0000] {dag.py:4180} INFO - Setting next_dagrun for tutorial_taskflow_api_virtualenv to None, run_after=None
[2024-10-03T06:56:49.920+0000] {processor.py:208} INFO - Processing /home/airflow/.local/lib/python3.12/site-packages/airflow/example_dags/tutorial_taskflow_api_virtualenv.py took 0.137 seconds
[2024-10-03T06:57:20.800+0000] {processor.py:186} INFO - Started process (PID=671) to work on /home/airflow/.local/lib/python3.12/site-packages/airflow/example_dags/tutorial_taskflow_api_virtualenv.py
[2024-10-03T06:57:20.803+0000] {processor.py:914} INFO - Processing file /home/airflow/.local/lib/python3.12/site-packages/airflow/example_dags/tutorial_taskflow_api_virtualenv.py for tasks to queue
[2024-10-03T06:57:20.808+0000] {logging_mixin.py:190} INFO - [2024-10-03T06:57:20.808+0000] {dagbag.py:588} INFO - Filling up the DagBag from /home/airflow/.local/lib/python3.12/site-packages/airflow/example_dags/tutorial_taskflow_api_virtualenv.py
[2024-10-03T06:57:20.827+0000] {processor.py:925} INFO - DAG(s) 'tutorial_taskflow_api_virtualenv' retrieved from /home/airflow/.local/lib/python3.12/site-packages/airflow/example_dags/tutorial_taskflow_api_virtualenv.py
[2024-10-03T06:57:20.858+0000] {logging_mixin.py:190} INFO - [2024-10-03T06:57:20.857+0000] {dag.py:3239} INFO - Sync 1 DAGs
[2024-10-03T06:57:20.883+0000] {logging_mixin.py:190} INFO - [2024-10-03T06:57:20.882+0000] {dag.py:4180} INFO - Setting next_dagrun for tutorial_taskflow_api_virtualenv to None, run_after=None
[2024-10-03T06:57:20.917+0000] {processor.py:208} INFO - Processing /home/airflow/.local/lib/python3.12/site-packages/airflow/example_dags/tutorial_taskflow_api_virtualenv.py took 0.126 seconds
[2024-10-03T06:57:51.553+0000] {processor.py:186} INFO - Started process (PID=735) to work on /home/airflow/.local/lib/python3.12/site-packages/airflow/example_dags/tutorial_taskflow_api_virtualenv.py
[2024-10-03T06:57:51.555+0000] {processor.py:914} INFO - Processing file /home/airflow/.local/lib/python3.12/site-packages/airflow/example_dags/tutorial_taskflow_api_virtualenv.py for tasks to queue
[2024-10-03T06:57:51.559+0000] {logging_mixin.py:190} INFO - [2024-10-03T06:57:51.559+0000] {dagbag.py:588} INFO - Filling up the DagBag from /home/airflow/.local/lib/python3.12/site-packages/airflow/example_dags/tutorial_taskflow_api_virtualenv.py
[2024-10-03T06:57:51.574+0000] {processor.py:925} INFO - DAG(s) 'tutorial_taskflow_api_virtualenv' retrieved from /home/airflow/.local/lib/python3.12/site-packages/airflow/example_dags/tutorial_taskflow_api_virtualenv.py
[2024-10-03T06:57:51.599+0000] {logging_mixin.py:190} INFO - [2024-10-03T06:57:51.598+0000] {dag.py:3239} INFO - Sync 1 DAGs
[2024-10-03T06:57:51.617+0000] {logging_mixin.py:190} INFO - [2024-10-03T06:57:51.616+0000] {dag.py:4180} INFO - Setting next_dagrun for tutorial_taskflow_api_virtualenv to None, run_after=None
[2024-10-03T06:57:51.650+0000] {processor.py:208} INFO - Processing /home/airflow/.local/lib/python3.12/site-packages/airflow/example_dags/tutorial_taskflow_api_virtualenv.py took 0.104 seconds
[2024-10-03T06:58:21.836+0000] {processor.py:186} INFO - Started process (PID=799) to work on /home/airflow/.local/lib/python3.12/site-packages/airflow/example_dags/tutorial_taskflow_api_virtualenv.py
[2024-10-03T06:58:21.838+0000] {processor.py:914} INFO - Processing file /home/airflow/.local/lib/python3.12/site-packages/airflow/example_dags/tutorial_taskflow_api_virtualenv.py for tasks to queue
[2024-10-03T06:58:21.842+0000] {logging_mixin.py:190} INFO - [2024-10-03T06:58:21.842+0000] {dagbag.py:588} INFO - Filling up the DagBag from /home/airflow/.local/lib/python3.12/site-packages/airflow/example_dags/tutorial_taskflow_api_virtualenv.py
[2024-10-03T06:58:21.860+0000] {processor.py:925} INFO - DAG(s) 'tutorial_taskflow_api_virtualenv' retrieved from /home/airflow/.local/lib/python3.12/site-packages/airflow/example_dags/tutorial_taskflow_api_virtualenv.py
[2024-10-03T06:58:21.887+0000] {logging_mixin.py:190} INFO - [2024-10-03T06:58:21.887+0000] {dag.py:3239} INFO - Sync 1 DAGs
[2024-10-03T06:58:21.905+0000] {logging_mixin.py:190} INFO - [2024-10-03T06:58:21.904+0000] {dag.py:4180} INFO - Setting next_dagrun for tutorial_taskflow_api_virtualenv to None, run_after=None
[2024-10-03T06:58:21.939+0000] {processor.py:208} INFO - Processing /home/airflow/.local/lib/python3.12/site-packages/airflow/example_dags/tutorial_taskflow_api_virtualenv.py took 0.110 seconds
[2024-10-03T06:58:53.097+0000] {processor.py:186} INFO - Started process (PID=863) to work on /home/airflow/.local/lib/python3.12/site-packages/airflow/example_dags/tutorial_taskflow_api_virtualenv.py
[2024-10-03T06:58:53.100+0000] {processor.py:914} INFO - Processing file /home/airflow/.local/lib/python3.12/site-packages/airflow/example_dags/tutorial_taskflow_api_virtualenv.py for tasks to queue
[2024-10-03T06:58:53.108+0000] {logging_mixin.py:190} INFO - [2024-10-03T06:58:53.107+0000] {dagbag.py:588} INFO - Filling up the DagBag from /home/airflow/.local/lib/python3.12/site-packages/airflow/example_dags/tutorial_taskflow_api_virtualenv.py
[2024-10-03T06:58:53.134+0000] {processor.py:925} INFO - DAG(s) 'tutorial_taskflow_api_virtualenv' retrieved from /home/airflow/.local/lib/python3.12/site-packages/airflow/example_dags/tutorial_taskflow_api_virtualenv.py
[2024-10-03T06:58:53.170+0000] {logging_mixin.py:190} INFO - [2024-10-03T06:58:53.170+0000] {dag.py:3239} INFO - Sync 1 DAGs
[2024-10-03T06:58:53.209+0000] {logging_mixin.py:190} INFO - [2024-10-03T06:58:53.208+0000] {dag.py:4180} INFO - Setting next_dagrun for tutorial_taskflow_api_virtualenv to None, run_after=None
[2024-10-03T06:58:53.262+0000] {processor.py:208} INFO - Processing /home/airflow/.local/lib/python3.12/site-packages/airflow/example_dags/tutorial_taskflow_api_virtualenv.py took 0.178 seconds
[2024-10-03T06:59:23.585+0000] {processor.py:186} INFO - Started process (PID=927) to work on /home/airflow/.local/lib/python3.12/site-packages/airflow/example_dags/tutorial_taskflow_api_virtualenv.py
[2024-10-03T06:59:23.587+0000] {processor.py:914} INFO - Processing file /home/airflow/.local/lib/python3.12/site-packages/airflow/example_dags/tutorial_taskflow_api_virtualenv.py for tasks to queue
[2024-10-03T06:59:23.595+0000] {logging_mixin.py:190} INFO - [2024-10-03T06:59:23.594+0000] {dagbag.py:588} INFO - Filling up the DagBag from /home/airflow/.local/lib/python3.12/site-packages/airflow/example_dags/tutorial_taskflow_api_virtualenv.py
[2024-10-03T06:59:23.618+0000] {processor.py:925} INFO - DAG(s) 'tutorial_taskflow_api_virtualenv' retrieved from /home/airflow/.local/lib/python3.12/site-packages/airflow/example_dags/tutorial_taskflow_api_virtualenv.py
[2024-10-03T06:59:23.676+0000] {logging_mixin.py:190} INFO - [2024-10-03T06:59:23.675+0000] {dag.py:3239} INFO - Sync 1 DAGs
[2024-10-03T06:59:23.729+0000] {logging_mixin.py:190} INFO - [2024-10-03T06:59:23.729+0000] {dag.py:4180} INFO - Setting next_dagrun for tutorial_taskflow_api_virtualenv to None, run_after=None
[2024-10-03T06:59:23.824+0000] {processor.py:208} INFO - Processing /home/airflow/.local/lib/python3.12/site-packages/airflow/example_dags/tutorial_taskflow_api_virtualenv.py took 0.264 seconds
[2024-10-03T07:00:07.929+0000] {processor.py:186} INFO - Started process (PID=976) to work on /home/airflow/.local/lib/python3.12/site-packages/airflow/example_dags/tutorial_taskflow_api_virtualenv.py
[2024-10-03T07:00:07.932+0000] {processor.py:914} INFO - Processing file /home/airflow/.local/lib/python3.12/site-packages/airflow/example_dags/tutorial_taskflow_api_virtualenv.py for tasks to queue
[2024-10-03T07:00:07.936+0000] {logging_mixin.py:190} INFO - [2024-10-03T07:00:07.935+0000] {dagbag.py:588} INFO - Filling up the DagBag from /home/airflow/.local/lib/python3.12/site-packages/airflow/example_dags/tutorial_taskflow_api_virtualenv.py
[2024-10-03T07:00:07.977+0000] {processor.py:925} INFO - DAG(s) 'tutorial_taskflow_api_virtualenv' retrieved from /home/airflow/.local/lib/python3.12/site-packages/airflow/example_dags/tutorial_taskflow_api_virtualenv.py
[2024-10-03T07:00:08.026+0000] {logging_mixin.py:190} INFO - [2024-10-03T07:00:08.026+0000] {dag.py:3239} INFO - Sync 1 DAGs
[2024-10-03T07:00:08.051+0000] {logging_mixin.py:190} INFO - [2024-10-03T07:00:08.050+0000] {dag.py:4180} INFO - Setting next_dagrun for tutorial_taskflow_api_virtualenv to None, run_after=None
[2024-10-03T07:00:08.104+0000] {processor.py:208} INFO - Processing /home/airflow/.local/lib/python3.12/site-packages/airflow/example_dags/tutorial_taskflow_api_virtualenv.py took 0.183 seconds
[2024-10-03T07:00:38.794+0000] {processor.py:186} INFO - Started process (PID=1040) to work on /home/airflow/.local/lib/python3.12/site-packages/airflow/example_dags/tutorial_taskflow_api_virtualenv.py
[2024-10-03T07:00:38.796+0000] {processor.py:914} INFO - Processing file /home/airflow/.local/lib/python3.12/site-packages/airflow/example_dags/tutorial_taskflow_api_virtualenv.py for tasks to queue
[2024-10-03T07:00:38.799+0000] {logging_mixin.py:190} INFO - [2024-10-03T07:00:38.798+0000] {dagbag.py:588} INFO - Filling up the DagBag from /home/airflow/.local/lib/python3.12/site-packages/airflow/example_dags/tutorial_taskflow_api_virtualenv.py
[2024-10-03T07:00:38.822+0000] {processor.py:925} INFO - DAG(s) 'tutorial_taskflow_api_virtualenv' retrieved from /home/airflow/.local/lib/python3.12/site-packages/airflow/example_dags/tutorial_taskflow_api_virtualenv.py
[2024-10-03T07:00:38.852+0000] {logging_mixin.py:190} INFO - [2024-10-03T07:00:38.852+0000] {dag.py:3239} INFO - Sync 1 DAGs
[2024-10-03T07:00:38.875+0000] {logging_mixin.py:190} INFO - [2024-10-03T07:00:38.875+0000] {dag.py:4180} INFO - Setting next_dagrun for tutorial_taskflow_api_virtualenv to None, run_after=None
[2024-10-03T07:00:38.908+0000] {processor.py:208} INFO - Processing /home/airflow/.local/lib/python3.12/site-packages/airflow/example_dags/tutorial_taskflow_api_virtualenv.py took 0.122 seconds
[2024-10-03T07:01:18.266+0000] {processor.py:186} INFO - Started process (PID=1103) to work on /home/airflow/.local/lib/python3.12/site-packages/airflow/example_dags/tutorial_taskflow_api_virtualenv.py
[2024-10-03T07:01:18.293+0000] {processor.py:914} INFO - Processing file /home/airflow/.local/lib/python3.12/site-packages/airflow/example_dags/tutorial_taskflow_api_virtualenv.py for tasks to queue
[2024-10-03T07:01:18.298+0000] {logging_mixin.py:190} INFO - [2024-10-03T07:01:18.298+0000] {dagbag.py:588} INFO - Filling up the DagBag from /home/airflow/.local/lib/python3.12/site-packages/airflow/example_dags/tutorial_taskflow_api_virtualenv.py
[2024-10-03T07:01:18.423+0000] {processor.py:925} INFO - DAG(s) 'tutorial_taskflow_api_virtualenv' retrieved from /home/airflow/.local/lib/python3.12/site-packages/airflow/example_dags/tutorial_taskflow_api_virtualenv.py
[2024-10-03T07:01:18.511+0000] {logging_mixin.py:190} INFO - [2024-10-03T07:01:18.510+0000] {dag.py:3239} INFO - Sync 1 DAGs
[2024-10-03T07:01:18.559+0000] {logging_mixin.py:190} INFO - [2024-10-03T07:01:18.558+0000] {dag.py:4180} INFO - Setting next_dagrun for tutorial_taskflow_api_virtualenv to None, run_after=None
[2024-10-03T07:01:18.610+0000] {processor.py:208} INFO - Processing /home/airflow/.local/lib/python3.12/site-packages/airflow/example_dags/tutorial_taskflow_api_virtualenv.py took 0.360 seconds
[2024-10-03T07:02:37.011+0000] {processor.py:186} INFO - Started process (PID=1160) to work on /home/airflow/.local/lib/python3.12/site-packages/airflow/example_dags/tutorial_taskflow_api_virtualenv.py
[2024-10-03T07:02:37.013+0000] {processor.py:914} INFO - Processing file /home/airflow/.local/lib/python3.12/site-packages/airflow/example_dags/tutorial_taskflow_api_virtualenv.py for tasks to queue
[2024-10-03T07:02:37.016+0000] {logging_mixin.py:190} INFO - [2024-10-03T07:02:37.015+0000] {dagbag.py:588} INFO - Filling up the DagBag from /home/airflow/.local/lib/python3.12/site-packages/airflow/example_dags/tutorial_taskflow_api_virtualenv.py
[2024-10-03T07:02:37.046+0000] {processor.py:925} INFO - DAG(s) 'tutorial_taskflow_api_virtualenv' retrieved from /home/airflow/.local/lib/python3.12/site-packages/airflow/example_dags/tutorial_taskflow_api_virtualenv.py
[2024-10-03T07:02:37.114+0000] {logging_mixin.py:190} INFO - [2024-10-03T07:02:37.114+0000] {dag.py:3239} INFO - Sync 1 DAGs
[2024-10-03T07:02:37.150+0000] {logging_mixin.py:190} INFO - [2024-10-03T07:02:37.150+0000] {dag.py:4180} INFO - Setting next_dagrun for tutorial_taskflow_api_virtualenv to None, run_after=None
[2024-10-03T07:02:37.195+0000] {processor.py:208} INFO - Processing /home/airflow/.local/lib/python3.12/site-packages/airflow/example_dags/tutorial_taskflow_api_virtualenv.py took 0.193 seconds
[2024-10-03T07:03:07.608+0000] {processor.py:186} INFO - Started process (PID=1223) to work on /home/airflow/.local/lib/python3.12/site-packages/airflow/example_dags/tutorial_taskflow_api_virtualenv.py
[2024-10-03T07:03:07.610+0000] {processor.py:914} INFO - Processing file /home/airflow/.local/lib/python3.12/site-packages/airflow/example_dags/tutorial_taskflow_api_virtualenv.py for tasks to queue
[2024-10-03T07:03:07.612+0000] {logging_mixin.py:190} INFO - [2024-10-03T07:03:07.611+0000] {dagbag.py:588} INFO - Filling up the DagBag from /home/airflow/.local/lib/python3.12/site-packages/airflow/example_dags/tutorial_taskflow_api_virtualenv.py
[2024-10-03T07:03:07.628+0000] {processor.py:925} INFO - DAG(s) 'tutorial_taskflow_api_virtualenv' retrieved from /home/airflow/.local/lib/python3.12/site-packages/airflow/example_dags/tutorial_taskflow_api_virtualenv.py
[2024-10-03T07:03:07.657+0000] {logging_mixin.py:190} INFO - [2024-10-03T07:03:07.656+0000] {dag.py:3239} INFO - Sync 1 DAGs
[2024-10-03T07:03:07.677+0000] {logging_mixin.py:190} INFO - [2024-10-03T07:03:07.676+0000] {dag.py:4180} INFO - Setting next_dagrun for tutorial_taskflow_api_virtualenv to None, run_after=None
[2024-10-03T07:03:07.715+0000] {processor.py:208} INFO - Processing /home/airflow/.local/lib/python3.12/site-packages/airflow/example_dags/tutorial_taskflow_api_virtualenv.py took 0.114 seconds
[2024-10-03T07:03:37.806+0000] {processor.py:186} INFO - Started process (PID=1286) to work on /home/airflow/.local/lib/python3.12/site-packages/airflow/example_dags/tutorial_taskflow_api_virtualenv.py
[2024-10-03T07:03:37.808+0000] {processor.py:914} INFO - Processing file /home/airflow/.local/lib/python3.12/site-packages/airflow/example_dags/tutorial_taskflow_api_virtualenv.py for tasks to queue
[2024-10-03T07:03:37.810+0000] {logging_mixin.py:190} INFO - [2024-10-03T07:03:37.809+0000] {dagbag.py:588} INFO - Filling up the DagBag from /home/airflow/.local/lib/python3.12/site-packages/airflow/example_dags/tutorial_taskflow_api_virtualenv.py
[2024-10-03T07:03:37.824+0000] {processor.py:925} INFO - DAG(s) 'tutorial_taskflow_api_virtualenv' retrieved from /home/airflow/.local/lib/python3.12/site-packages/airflow/example_dags/tutorial_taskflow_api_virtualenv.py
[2024-10-03T07:03:37.855+0000] {logging_mixin.py:190} INFO - [2024-10-03T07:03:37.854+0000] {dag.py:3239} INFO - Sync 1 DAGs
[2024-10-03T07:03:37.883+0000] {logging_mixin.py:190} INFO - [2024-10-03T07:03:37.882+0000] {dag.py:4180} INFO - Setting next_dagrun for tutorial_taskflow_api_virtualenv to None, run_after=None
[2024-10-03T07:03:37.920+0000] {processor.py:208} INFO - Processing /home/airflow/.local/lib/python3.12/site-packages/airflow/example_dags/tutorial_taskflow_api_virtualenv.py took 0.120 seconds
[2024-10-03T07:04:08.948+0000] {processor.py:186} INFO - Started process (PID=1349) to work on /home/airflow/.local/lib/python3.12/site-packages/airflow/example_dags/tutorial_taskflow_api_virtualenv.py
[2024-10-03T07:04:08.949+0000] {processor.py:914} INFO - Processing file /home/airflow/.local/lib/python3.12/site-packages/airflow/example_dags/tutorial_taskflow_api_virtualenv.py for tasks to queue
[2024-10-03T07:04:08.951+0000] {logging_mixin.py:190} INFO - [2024-10-03T07:04:08.950+0000] {dagbag.py:588} INFO - Filling up the DagBag from /home/airflow/.local/lib/python3.12/site-packages/airflow/example_dags/tutorial_taskflow_api_virtualenv.py
[2024-10-03T07:04:08.970+0000] {processor.py:925} INFO - DAG(s) 'tutorial_taskflow_api_virtualenv' retrieved from /home/airflow/.local/lib/python3.12/site-packages/airflow/example_dags/tutorial_taskflow_api_virtualenv.py
[2024-10-03T07:04:08.998+0000] {logging_mixin.py:190} INFO - [2024-10-03T07:04:08.997+0000] {dag.py:3239} INFO - Sync 1 DAGs
[2024-10-03T07:04:09.017+0000] {logging_mixin.py:190} INFO - [2024-10-03T07:04:09.016+0000] {dag.py:4180} INFO - Setting next_dagrun for tutorial_taskflow_api_virtualenv to None, run_after=None
[2024-10-03T07:04:09.046+0000] {processor.py:208} INFO - Processing /home/airflow/.local/lib/python3.12/site-packages/airflow/example_dags/tutorial_taskflow_api_virtualenv.py took 0.106 seconds
[2024-10-03T07:04:40.085+0000] {processor.py:186} INFO - Started process (PID=1412) to work on /home/airflow/.local/lib/python3.12/site-packages/airflow/example_dags/tutorial_taskflow_api_virtualenv.py
[2024-10-03T07:04:40.088+0000] {processor.py:914} INFO - Processing file /home/airflow/.local/lib/python3.12/site-packages/airflow/example_dags/tutorial_taskflow_api_virtualenv.py for tasks to queue
[2024-10-03T07:04:40.091+0000] {logging_mixin.py:190} INFO - [2024-10-03T07:04:40.090+0000] {dagbag.py:588} INFO - Filling up the DagBag from /home/airflow/.local/lib/python3.12/site-packages/airflow/example_dags/tutorial_taskflow_api_virtualenv.py
[2024-10-03T07:04:40.113+0000] {processor.py:925} INFO - DAG(s) 'tutorial_taskflow_api_virtualenv' retrieved from /home/airflow/.local/lib/python3.12/site-packages/airflow/example_dags/tutorial_taskflow_api_virtualenv.py
[2024-10-03T07:04:40.145+0000] {logging_mixin.py:190} INFO - [2024-10-03T07:04:40.145+0000] {dag.py:3239} INFO - Sync 1 DAGs
[2024-10-03T07:04:40.165+0000] {logging_mixin.py:190} INFO - [2024-10-03T07:04:40.165+0000] {dag.py:4180} INFO - Setting next_dagrun for tutorial_taskflow_api_virtualenv to None, run_after=None
[2024-10-03T07:04:40.200+0000] {processor.py:208} INFO - Processing /home/airflow/.local/lib/python3.12/site-packages/airflow/example_dags/tutorial_taskflow_api_virtualenv.py took 0.121 seconds
[2024-10-03T07:05:12.059+0000] {processor.py:186} INFO - Started process (PID=1474) to work on /home/airflow/.local/lib/python3.12/site-packages/airflow/example_dags/tutorial_taskflow_api_virtualenv.py
[2024-10-03T07:05:12.061+0000] {processor.py:914} INFO - Processing file /home/airflow/.local/lib/python3.12/site-packages/airflow/example_dags/tutorial_taskflow_api_virtualenv.py for tasks to queue
[2024-10-03T07:05:12.063+0000] {logging_mixin.py:190} INFO - [2024-10-03T07:05:12.062+0000] {dagbag.py:588} INFO - Filling up the DagBag from /home/airflow/.local/lib/python3.12/site-packages/airflow/example_dags/tutorial_taskflow_api_virtualenv.py
[2024-10-03T07:05:12.087+0000] {processor.py:925} INFO - DAG(s) 'tutorial_taskflow_api_virtualenv' retrieved from /home/airflow/.local/lib/python3.12/site-packages/airflow/example_dags/tutorial_taskflow_api_virtualenv.py
[2024-10-03T07:05:12.119+0000] {logging_mixin.py:190} INFO - [2024-10-03T07:05:12.118+0000] {dag.py:3239} INFO - Sync 1 DAGs
[2024-10-03T07:05:12.139+0000] {logging_mixin.py:190} INFO - [2024-10-03T07:05:12.138+0000] {dag.py:4180} INFO - Setting next_dagrun for tutorial_taskflow_api_virtualenv to None, run_after=None
[2024-10-03T07:05:12.171+0000] {processor.py:208} INFO - Processing /home/airflow/.local/lib/python3.12/site-packages/airflow/example_dags/tutorial_taskflow_api_virtualenv.py took 0.120 seconds
[2024-10-03T07:07:04.820+0000] {processor.py:186} INFO - Started process (PID=1531) to work on /home/airflow/.local/lib/python3.12/site-packages/airflow/example_dags/tutorial_taskflow_api_virtualenv.py
[2024-10-03T07:07:04.825+0000] {processor.py:914} INFO - Processing file /home/airflow/.local/lib/python3.12/site-packages/airflow/example_dags/tutorial_taskflow_api_virtualenv.py for tasks to queue
[2024-10-03T07:07:04.829+0000] {logging_mixin.py:190} INFO - [2024-10-03T07:07:04.828+0000] {dagbag.py:588} INFO - Filling up the DagBag from /home/airflow/.local/lib/python3.12/site-packages/airflow/example_dags/tutorial_taskflow_api_virtualenv.py
[2024-10-03T07:07:04.879+0000] {processor.py:925} INFO - DAG(s) 'tutorial_taskflow_api_virtualenv' retrieved from /home/airflow/.local/lib/python3.12/site-packages/airflow/example_dags/tutorial_taskflow_api_virtualenv.py
[2024-10-03T07:07:04.917+0000] {logging_mixin.py:190} INFO - [2024-10-03T07:07:04.916+0000] {dag.py:3239} INFO - Sync 1 DAGs
[2024-10-03T07:07:04.943+0000] {logging_mixin.py:190} INFO - [2024-10-03T07:07:04.942+0000] {dag.py:4180} INFO - Setting next_dagrun for tutorial_taskflow_api_virtualenv to None, run_after=None
[2024-10-03T07:07:04.995+0000] {processor.py:208} INFO - Processing /home/airflow/.local/lib/python3.12/site-packages/airflow/example_dags/tutorial_taskflow_api_virtualenv.py took 0.189 seconds
[2024-10-03T07:07:35.745+0000] {processor.py:186} INFO - Started process (PID=1594) to work on /home/airflow/.local/lib/python3.12/site-packages/airflow/example_dags/tutorial_taskflow_api_virtualenv.py
[2024-10-03T07:07:35.747+0000] {processor.py:914} INFO - Processing file /home/airflow/.local/lib/python3.12/site-packages/airflow/example_dags/tutorial_taskflow_api_virtualenv.py for tasks to queue
[2024-10-03T07:07:35.749+0000] {logging_mixin.py:190} INFO - [2024-10-03T07:07:35.748+0000] {dagbag.py:588} INFO - Filling up the DagBag from /home/airflow/.local/lib/python3.12/site-packages/airflow/example_dags/tutorial_taskflow_api_virtualenv.py
[2024-10-03T07:07:35.769+0000] {processor.py:925} INFO - DAG(s) 'tutorial_taskflow_api_virtualenv' retrieved from /home/airflow/.local/lib/python3.12/site-packages/airflow/example_dags/tutorial_taskflow_api_virtualenv.py
[2024-10-03T07:07:35.801+0000] {logging_mixin.py:190} INFO - [2024-10-03T07:07:35.800+0000] {dag.py:3239} INFO - Sync 1 DAGs
[2024-10-03T07:07:35.822+0000] {logging_mixin.py:190} INFO - [2024-10-03T07:07:35.822+0000] {dag.py:4180} INFO - Setting next_dagrun for tutorial_taskflow_api_virtualenv to None, run_after=None
[2024-10-03T07:07:35.856+0000] {processor.py:208} INFO - Processing /home/airflow/.local/lib/python3.12/site-packages/airflow/example_dags/tutorial_taskflow_api_virtualenv.py took 0.121 seconds
[2024-10-03T07:08:06.026+0000] {processor.py:186} INFO - Started process (PID=1657) to work on /home/airflow/.local/lib/python3.12/site-packages/airflow/example_dags/tutorial_taskflow_api_virtualenv.py
[2024-10-03T07:08:06.027+0000] {processor.py:914} INFO - Processing file /home/airflow/.local/lib/python3.12/site-packages/airflow/example_dags/tutorial_taskflow_api_virtualenv.py for tasks to queue
[2024-10-03T07:08:06.029+0000] {logging_mixin.py:190} INFO - [2024-10-03T07:08:06.029+0000] {dagbag.py:588} INFO - Filling up the DagBag from /home/airflow/.local/lib/python3.12/site-packages/airflow/example_dags/tutorial_taskflow_api_virtualenv.py
[2024-10-03T07:08:06.048+0000] {processor.py:925} INFO - DAG(s) 'tutorial_taskflow_api_virtualenv' retrieved from /home/airflow/.local/lib/python3.12/site-packages/airflow/example_dags/tutorial_taskflow_api_virtualenv.py
[2024-10-03T07:08:06.083+0000] {logging_mixin.py:190} INFO - [2024-10-03T07:08:06.082+0000] {dag.py:3239} INFO - Sync 1 DAGs
[2024-10-03T07:08:06.111+0000] {logging_mixin.py:190} INFO - [2024-10-03T07:08:06.111+0000] {dag.py:4180} INFO - Setting next_dagrun for tutorial_taskflow_api_virtualenv to None, run_after=None
[2024-10-03T07:08:06.153+0000] {processor.py:208} INFO - Processing /home/airflow/.local/lib/python3.12/site-packages/airflow/example_dags/tutorial_taskflow_api_virtualenv.py took 0.135 seconds
[2024-10-03T07:08:50.200+0000] {processor.py:186} INFO - Started process (PID=1723) to work on /home/airflow/.local/lib/python3.12/site-packages/airflow/example_dags/tutorial_taskflow_api_virtualenv.py
[2024-10-03T07:08:50.202+0000] {processor.py:914} INFO - Processing file /home/airflow/.local/lib/python3.12/site-packages/airflow/example_dags/tutorial_taskflow_api_virtualenv.py for tasks to queue
[2024-10-03T07:08:50.203+0000] {logging_mixin.py:190} INFO - [2024-10-03T07:08:50.203+0000] {dagbag.py:588} INFO - Filling up the DagBag from /home/airflow/.local/lib/python3.12/site-packages/airflow/example_dags/tutorial_taskflow_api_virtualenv.py
[2024-10-03T07:08:50.218+0000] {processor.py:925} INFO - DAG(s) 'tutorial_taskflow_api_virtualenv' retrieved from /home/airflow/.local/lib/python3.12/site-packages/airflow/example_dags/tutorial_taskflow_api_virtualenv.py
[2024-10-03T07:08:50.247+0000] {logging_mixin.py:190} INFO - [2024-10-03T07:08:50.247+0000] {dag.py:3239} INFO - Sync 1 DAGs
[2024-10-03T07:08:50.267+0000] {logging_mixin.py:190} INFO - [2024-10-03T07:08:50.267+0000] {dag.py:4180} INFO - Setting next_dagrun for tutorial_taskflow_api_virtualenv to None, run_after=None
[2024-10-03T07:08:50.297+0000] {processor.py:208} INFO - Processing /home/airflow/.local/lib/python3.12/site-packages/airflow/example_dags/tutorial_taskflow_api_virtualenv.py took 0.105 seconds
[2024-10-03T07:09:20.894+0000] {processor.py:186} INFO - Started process (PID=1786) to work on /home/airflow/.local/lib/python3.12/site-packages/airflow/example_dags/tutorial_taskflow_api_virtualenv.py
[2024-10-03T07:09:20.896+0000] {processor.py:914} INFO - Processing file /home/airflow/.local/lib/python3.12/site-packages/airflow/example_dags/tutorial_taskflow_api_virtualenv.py for tasks to queue
[2024-10-03T07:09:20.899+0000] {logging_mixin.py:190} INFO - [2024-10-03T07:09:20.899+0000] {dagbag.py:588} INFO - Filling up the DagBag from /home/airflow/.local/lib/python3.12/site-packages/airflow/example_dags/tutorial_taskflow_api_virtualenv.py
[2024-10-03T07:09:20.921+0000] {processor.py:925} INFO - DAG(s) 'tutorial_taskflow_api_virtualenv' retrieved from /home/airflow/.local/lib/python3.12/site-packages/airflow/example_dags/tutorial_taskflow_api_virtualenv.py
[2024-10-03T07:09:20.961+0000] {logging_mixin.py:190} INFO - [2024-10-03T07:09:20.960+0000] {dag.py:3239} INFO - Sync 1 DAGs
[2024-10-03T07:09:20.982+0000] {logging_mixin.py:190} INFO - [2024-10-03T07:09:20.981+0000] {dag.py:4180} INFO - Setting next_dagrun for tutorial_taskflow_api_virtualenv to None, run_after=None
[2024-10-03T07:09:21.025+0000] {processor.py:208} INFO - Processing /home/airflow/.local/lib/python3.12/site-packages/airflow/example_dags/tutorial_taskflow_api_virtualenv.py took 0.140 seconds
[2024-10-03T07:09:52.246+0000] {processor.py:186} INFO - Started process (PID=1849) to work on /home/airflow/.local/lib/python3.12/site-packages/airflow/example_dags/tutorial_taskflow_api_virtualenv.py
[2024-10-03T07:09:52.248+0000] {processor.py:914} INFO - Processing file /home/airflow/.local/lib/python3.12/site-packages/airflow/example_dags/tutorial_taskflow_api_virtualenv.py for tasks to queue
[2024-10-03T07:09:52.250+0000] {logging_mixin.py:190} INFO - [2024-10-03T07:09:52.249+0000] {dagbag.py:588} INFO - Filling up the DagBag from /home/airflow/.local/lib/python3.12/site-packages/airflow/example_dags/tutorial_taskflow_api_virtualenv.py
[2024-10-03T07:09:52.264+0000] {processor.py:925} INFO - DAG(s) 'tutorial_taskflow_api_virtualenv' retrieved from /home/airflow/.local/lib/python3.12/site-packages/airflow/example_dags/tutorial_taskflow_api_virtualenv.py
[2024-10-03T07:09:52.291+0000] {logging_mixin.py:190} INFO - [2024-10-03T07:09:52.290+0000] {dag.py:3239} INFO - Sync 1 DAGs
[2024-10-03T07:09:52.310+0000] {logging_mixin.py:190} INFO - [2024-10-03T07:09:52.310+0000] {dag.py:4180} INFO - Setting next_dagrun for tutorial_taskflow_api_virtualenv to None, run_after=None
[2024-10-03T07:09:52.342+0000] {processor.py:208} INFO - Processing /home/airflow/.local/lib/python3.12/site-packages/airflow/example_dags/tutorial_taskflow_api_virtualenv.py took 0.106 seconds
[2024-10-03T07:10:22.443+0000] {processor.py:186} INFO - Started process (PID=1911) to work on /home/airflow/.local/lib/python3.12/site-packages/airflow/example_dags/tutorial_taskflow_api_virtualenv.py
[2024-10-03T07:10:22.444+0000] {processor.py:914} INFO - Processing file /home/airflow/.local/lib/python3.12/site-packages/airflow/example_dags/tutorial_taskflow_api_virtualenv.py for tasks to queue
[2024-10-03T07:10:22.447+0000] {logging_mixin.py:190} INFO - [2024-10-03T07:10:22.446+0000] {dagbag.py:588} INFO - Filling up the DagBag from /home/airflow/.local/lib/python3.12/site-packages/airflow/example_dags/tutorial_taskflow_api_virtualenv.py
[2024-10-03T07:10:22.461+0000] {processor.py:925} INFO - DAG(s) 'tutorial_taskflow_api_virtualenv' retrieved from /home/airflow/.local/lib/python3.12/site-packages/airflow/example_dags/tutorial_taskflow_api_virtualenv.py
[2024-10-03T07:10:22.486+0000] {logging_mixin.py:190} INFO - [2024-10-03T07:10:22.486+0000] {dag.py:3239} INFO - Sync 1 DAGs
[2024-10-03T07:10:22.504+0000] {logging_mixin.py:190} INFO - [2024-10-03T07:10:22.504+0000] {dag.py:4180} INFO - Setting next_dagrun for tutorial_taskflow_api_virtualenv to None, run_after=None
[2024-10-03T07:10:22.533+0000] {processor.py:208} INFO - Processing /home/airflow/.local/lib/python3.12/site-packages/airflow/example_dags/tutorial_taskflow_api_virtualenv.py took 0.097 seconds
[2024-10-03T07:10:52.867+0000] {processor.py:186} INFO - Started process (PID=1974) to work on /home/airflow/.local/lib/python3.12/site-packages/airflow/example_dags/tutorial_taskflow_api_virtualenv.py
[2024-10-03T07:10:52.869+0000] {processor.py:914} INFO - Processing file /home/airflow/.local/lib/python3.12/site-packages/airflow/example_dags/tutorial_taskflow_api_virtualenv.py for tasks to queue
[2024-10-03T07:10:52.871+0000] {logging_mixin.py:190} INFO - [2024-10-03T07:10:52.870+0000] {dagbag.py:588} INFO - Filling up the DagBag from /home/airflow/.local/lib/python3.12/site-packages/airflow/example_dags/tutorial_taskflow_api_virtualenv.py
[2024-10-03T07:10:52.885+0000] {processor.py:925} INFO - DAG(s) 'tutorial_taskflow_api_virtualenv' retrieved from /home/airflow/.local/lib/python3.12/site-packages/airflow/example_dags/tutorial_taskflow_api_virtualenv.py
[2024-10-03T07:10:52.909+0000] {logging_mixin.py:190} INFO - [2024-10-03T07:10:52.909+0000] {dag.py:3239} INFO - Sync 1 DAGs
[2024-10-03T07:10:52.926+0000] {logging_mixin.py:190} INFO - [2024-10-03T07:10:52.926+0000] {dag.py:4180} INFO - Setting next_dagrun for tutorial_taskflow_api_virtualenv to None, run_after=None
[2024-10-03T07:10:52.955+0000] {processor.py:208} INFO - Processing /home/airflow/.local/lib/python3.12/site-packages/airflow/example_dags/tutorial_taskflow_api_virtualenv.py took 0.094 seconds
[2024-10-03T07:11:23.408+0000] {processor.py:186} INFO - Started process (PID=2037) to work on /home/airflow/.local/lib/python3.12/site-packages/airflow/example_dags/tutorial_taskflow_api_virtualenv.py
[2024-10-03T07:11:23.411+0000] {processor.py:914} INFO - Processing file /home/airflow/.local/lib/python3.12/site-packages/airflow/example_dags/tutorial_taskflow_api_virtualenv.py for tasks to queue
[2024-10-03T07:11:23.413+0000] {logging_mixin.py:190} INFO - [2024-10-03T07:11:23.412+0000] {dagbag.py:588} INFO - Filling up the DagBag from /home/airflow/.local/lib/python3.12/site-packages/airflow/example_dags/tutorial_taskflow_api_virtualenv.py
[2024-10-03T07:11:23.427+0000] {processor.py:925} INFO - DAG(s) 'tutorial_taskflow_api_virtualenv' retrieved from /home/airflow/.local/lib/python3.12/site-packages/airflow/example_dags/tutorial_taskflow_api_virtualenv.py
[2024-10-03T07:11:23.466+0000] {logging_mixin.py:190} INFO - [2024-10-03T07:11:23.465+0000] {dag.py:3239} INFO - Sync 1 DAGs
[2024-10-03T07:11:23.507+0000] {logging_mixin.py:190} INFO - [2024-10-03T07:11:23.506+0000] {dag.py:4180} INFO - Setting next_dagrun for tutorial_taskflow_api_virtualenv to None, run_after=None
[2024-10-03T07:11:23.537+0000] {processor.py:208} INFO - Processing /home/airflow/.local/lib/python3.12/site-packages/airflow/example_dags/tutorial_taskflow_api_virtualenv.py took 0.136 seconds
[2024-10-03T07:11:54.635+0000] {processor.py:186} INFO - Started process (PID=2101) to work on /home/airflow/.local/lib/python3.12/site-packages/airflow/example_dags/tutorial_taskflow_api_virtualenv.py
[2024-10-03T07:11:54.636+0000] {processor.py:914} INFO - Processing file /home/airflow/.local/lib/python3.12/site-packages/airflow/example_dags/tutorial_taskflow_api_virtualenv.py for tasks to queue
[2024-10-03T07:11:54.639+0000] {logging_mixin.py:190} INFO - [2024-10-03T07:11:54.638+0000] {dagbag.py:588} INFO - Filling up the DagBag from /home/airflow/.local/lib/python3.12/site-packages/airflow/example_dags/tutorial_taskflow_api_virtualenv.py
[2024-10-03T07:11:54.653+0000] {processor.py:925} INFO - DAG(s) 'tutorial_taskflow_api_virtualenv' retrieved from /home/airflow/.local/lib/python3.12/site-packages/airflow/example_dags/tutorial_taskflow_api_virtualenv.py
[2024-10-03T07:11:54.680+0000] {logging_mixin.py:190} INFO - [2024-10-03T07:11:54.680+0000] {dag.py:3239} INFO - Sync 1 DAGs
[2024-10-03T07:11:54.699+0000] {logging_mixin.py:190} INFO - [2024-10-03T07:11:54.698+0000] {dag.py:4180} INFO - Setting next_dagrun for tutorial_taskflow_api_virtualenv to None, run_after=None
[2024-10-03T07:11:54.727+0000] {processor.py:208} INFO - Processing /home/airflow/.local/lib/python3.12/site-packages/airflow/example_dags/tutorial_taskflow_api_virtualenv.py took 0.099 seconds
[2024-10-03T07:12:25.005+0000] {processor.py:186} INFO - Started process (PID=2158) to work on /home/airflow/.local/lib/python3.12/site-packages/airflow/example_dags/tutorial_taskflow_api_virtualenv.py
[2024-10-03T07:12:25.006+0000] {processor.py:914} INFO - Processing file /home/airflow/.local/lib/python3.12/site-packages/airflow/example_dags/tutorial_taskflow_api_virtualenv.py for tasks to queue
[2024-10-03T07:12:25.008+0000] {logging_mixin.py:190} INFO - [2024-10-03T07:12:25.008+0000] {dagbag.py:588} INFO - Filling up the DagBag from /home/airflow/.local/lib/python3.12/site-packages/airflow/example_dags/tutorial_taskflow_api_virtualenv.py
[2024-10-03T07:12:25.021+0000] {processor.py:925} INFO - DAG(s) 'tutorial_taskflow_api_virtualenv' retrieved from /home/airflow/.local/lib/python3.12/site-packages/airflow/example_dags/tutorial_taskflow_api_virtualenv.py
[2024-10-03T07:12:25.048+0000] {logging_mixin.py:190} INFO - [2024-10-03T07:12:25.048+0000] {dag.py:3239} INFO - Sync 1 DAGs
[2024-10-03T07:12:25.066+0000] {logging_mixin.py:190} INFO - [2024-10-03T07:12:25.066+0000] {dag.py:4180} INFO - Setting next_dagrun for tutorial_taskflow_api_virtualenv to None, run_after=None
[2024-10-03T07:12:25.098+0000] {processor.py:208} INFO - Processing /home/airflow/.local/lib/python3.12/site-packages/airflow/example_dags/tutorial_taskflow_api_virtualenv.py took 0.099 seconds
[2024-10-03T07:12:55.749+0000] {processor.py:186} INFO - Started process (PID=2218) to work on /home/airflow/.local/lib/python3.12/site-packages/airflow/example_dags/tutorial_taskflow_api_virtualenv.py
[2024-10-03T07:12:55.751+0000] {processor.py:914} INFO - Processing file /home/airflow/.local/lib/python3.12/site-packages/airflow/example_dags/tutorial_taskflow_api_virtualenv.py for tasks to queue
[2024-10-03T07:12:55.753+0000] {logging_mixin.py:190} INFO - [2024-10-03T07:12:55.753+0000] {dagbag.py:588} INFO - Filling up the DagBag from /home/airflow/.local/lib/python3.12/site-packages/airflow/example_dags/tutorial_taskflow_api_virtualenv.py
[2024-10-03T07:12:55.767+0000] {processor.py:925} INFO - DAG(s) 'tutorial_taskflow_api_virtualenv' retrieved from /home/airflow/.local/lib/python3.12/site-packages/airflow/example_dags/tutorial_taskflow_api_virtualenv.py
[2024-10-03T07:12:55.796+0000] {logging_mixin.py:190} INFO - [2024-10-03T07:12:55.796+0000] {dag.py:3239} INFO - Sync 1 DAGs
[2024-10-03T07:12:55.815+0000] {logging_mixin.py:190} INFO - [2024-10-03T07:12:55.815+0000] {dag.py:4180} INFO - Setting next_dagrun for tutorial_taskflow_api_virtualenv to None, run_after=None
[2024-10-03T07:12:55.843+0000] {processor.py:208} INFO - Processing /home/airflow/.local/lib/python3.12/site-packages/airflow/example_dags/tutorial_taskflow_api_virtualenv.py took 0.100 seconds
[2024-10-03T07:13:26.122+0000] {processor.py:186} INFO - Started process (PID=2281) to work on /home/airflow/.local/lib/python3.12/site-packages/airflow/example_dags/tutorial_taskflow_api_virtualenv.py
[2024-10-03T07:13:26.124+0000] {processor.py:914} INFO - Processing file /home/airflow/.local/lib/python3.12/site-packages/airflow/example_dags/tutorial_taskflow_api_virtualenv.py for tasks to queue
[2024-10-03T07:13:26.125+0000] {logging_mixin.py:190} INFO - [2024-10-03T07:13:26.125+0000] {dagbag.py:588} INFO - Filling up the DagBag from /home/airflow/.local/lib/python3.12/site-packages/airflow/example_dags/tutorial_taskflow_api_virtualenv.py
[2024-10-03T07:13:26.139+0000] {processor.py:925} INFO - DAG(s) 'tutorial_taskflow_api_virtualenv' retrieved from /home/airflow/.local/lib/python3.12/site-packages/airflow/example_dags/tutorial_taskflow_api_virtualenv.py
[2024-10-03T07:13:26.164+0000] {logging_mixin.py:190} INFO - [2024-10-03T07:13:26.163+0000] {dag.py:3239} INFO - Sync 1 DAGs
[2024-10-03T07:13:26.181+0000] {logging_mixin.py:190} INFO - [2024-10-03T07:13:26.180+0000] {dag.py:4180} INFO - Setting next_dagrun for tutorial_taskflow_api_virtualenv to None, run_after=None
[2024-10-03T07:13:26.211+0000] {processor.py:208} INFO - Processing /home/airflow/.local/lib/python3.12/site-packages/airflow/example_dags/tutorial_taskflow_api_virtualenv.py took 0.095 seconds
[2024-10-03T07:13:56.662+0000] {processor.py:186} INFO - Started process (PID=2344) to work on /home/airflow/.local/lib/python3.12/site-packages/airflow/example_dags/tutorial_taskflow_api_virtualenv.py
[2024-10-03T07:13:56.664+0000] {processor.py:914} INFO - Processing file /home/airflow/.local/lib/python3.12/site-packages/airflow/example_dags/tutorial_taskflow_api_virtualenv.py for tasks to queue
[2024-10-03T07:13:56.667+0000] {logging_mixin.py:190} INFO - [2024-10-03T07:13:56.666+0000] {dagbag.py:588} INFO - Filling up the DagBag from /home/airflow/.local/lib/python3.12/site-packages/airflow/example_dags/tutorial_taskflow_api_virtualenv.py
[2024-10-03T07:13:56.684+0000] {processor.py:925} INFO - DAG(s) 'tutorial_taskflow_api_virtualenv' retrieved from /home/airflow/.local/lib/python3.12/site-packages/airflow/example_dags/tutorial_taskflow_api_virtualenv.py
[2024-10-03T07:13:56.718+0000] {logging_mixin.py:190} INFO - [2024-10-03T07:13:56.717+0000] {dag.py:3239} INFO - Sync 1 DAGs
[2024-10-03T07:13:56.739+0000] {logging_mixin.py:190} INFO - [2024-10-03T07:13:56.739+0000] {dag.py:4180} INFO - Setting next_dagrun for tutorial_taskflow_api_virtualenv to None, run_after=None
[2024-10-03T07:13:56.783+0000] {processor.py:208} INFO - Processing /home/airflow/.local/lib/python3.12/site-packages/airflow/example_dags/tutorial_taskflow_api_virtualenv.py took 0.130 seconds
[2024-10-03T07:14:26.937+0000] {processor.py:186} INFO - Started process (PID=2407) to work on /home/airflow/.local/lib/python3.12/site-packages/airflow/example_dags/tutorial_taskflow_api_virtualenv.py
[2024-10-03T07:14:26.938+0000] {processor.py:914} INFO - Processing file /home/airflow/.local/lib/python3.12/site-packages/airflow/example_dags/tutorial_taskflow_api_virtualenv.py for tasks to queue
[2024-10-03T07:14:26.940+0000] {logging_mixin.py:190} INFO - [2024-10-03T07:14:26.940+0000] {dagbag.py:588} INFO - Filling up the DagBag from /home/airflow/.local/lib/python3.12/site-packages/airflow/example_dags/tutorial_taskflow_api_virtualenv.py
[2024-10-03T07:14:26.954+0000] {processor.py:925} INFO - DAG(s) 'tutorial_taskflow_api_virtualenv' retrieved from /home/airflow/.local/lib/python3.12/site-packages/airflow/example_dags/tutorial_taskflow_api_virtualenv.py
[2024-10-03T07:14:26.979+0000] {logging_mixin.py:190} INFO - [2024-10-03T07:14:26.979+0000] {dag.py:3239} INFO - Sync 1 DAGs
[2024-10-03T07:14:26.997+0000] {logging_mixin.py:190} INFO - [2024-10-03T07:14:26.996+0000] {dag.py:4180} INFO - Setting next_dagrun for tutorial_taskflow_api_virtualenv to None, run_after=None
[2024-10-03T07:14:27.023+0000] {processor.py:208} INFO - Processing /home/airflow/.local/lib/python3.12/site-packages/airflow/example_dags/tutorial_taskflow_api_virtualenv.py took 0.092 seconds
[2024-10-03T07:14:57.121+0000] {processor.py:186} INFO - Started process (PID=2470) to work on /home/airflow/.local/lib/python3.12/site-packages/airflow/example_dags/tutorial_taskflow_api_virtualenv.py
[2024-10-03T07:14:57.122+0000] {processor.py:914} INFO - Processing file /home/airflow/.local/lib/python3.12/site-packages/airflow/example_dags/tutorial_taskflow_api_virtualenv.py for tasks to queue
[2024-10-03T07:14:57.124+0000] {logging_mixin.py:190} INFO - [2024-10-03T07:14:57.124+0000] {dagbag.py:588} INFO - Filling up the DagBag from /home/airflow/.local/lib/python3.12/site-packages/airflow/example_dags/tutorial_taskflow_api_virtualenv.py
[2024-10-03T07:14:57.137+0000] {processor.py:925} INFO - DAG(s) 'tutorial_taskflow_api_virtualenv' retrieved from /home/airflow/.local/lib/python3.12/site-packages/airflow/example_dags/tutorial_taskflow_api_virtualenv.py
[2024-10-03T07:14:57.162+0000] {logging_mixin.py:190} INFO - [2024-10-03T07:14:57.161+0000] {dag.py:3239} INFO - Sync 1 DAGs
[2024-10-03T07:14:57.178+0000] {logging_mixin.py:190} INFO - [2024-10-03T07:14:57.178+0000] {dag.py:4180} INFO - Setting next_dagrun for tutorial_taskflow_api_virtualenv to None, run_after=None
[2024-10-03T07:14:57.203+0000] {processor.py:208} INFO - Processing /home/airflow/.local/lib/python3.12/site-packages/airflow/example_dags/tutorial_taskflow_api_virtualenv.py took 0.089 seconds
[2024-10-03T07:15:27.954+0000] {processor.py:186} INFO - Started process (PID=2532) to work on /home/airflow/.local/lib/python3.12/site-packages/airflow/example_dags/tutorial_taskflow_api_virtualenv.py
[2024-10-03T07:15:27.956+0000] {processor.py:914} INFO - Processing file /home/airflow/.local/lib/python3.12/site-packages/airflow/example_dags/tutorial_taskflow_api_virtualenv.py for tasks to queue
[2024-10-03T07:15:27.958+0000] {logging_mixin.py:190} INFO - [2024-10-03T07:15:27.957+0000] {dagbag.py:588} INFO - Filling up the DagBag from /home/airflow/.local/lib/python3.12/site-packages/airflow/example_dags/tutorial_taskflow_api_virtualenv.py
[2024-10-03T07:15:27.973+0000] {processor.py:925} INFO - DAG(s) 'tutorial_taskflow_api_virtualenv' retrieved from /home/airflow/.local/lib/python3.12/site-packages/airflow/example_dags/tutorial_taskflow_api_virtualenv.py
[2024-10-03T07:15:28.002+0000] {logging_mixin.py:190} INFO - [2024-10-03T07:15:28.002+0000] {dag.py:3239} INFO - Sync 1 DAGs
[2024-10-03T07:15:28.023+0000] {logging_mixin.py:190} INFO - [2024-10-03T07:15:28.022+0000] {dag.py:4180} INFO - Setting next_dagrun for tutorial_taskflow_api_virtualenv to None, run_after=None
[2024-10-03T07:15:28.050+0000] {processor.py:208} INFO - Processing /home/airflow/.local/lib/python3.12/site-packages/airflow/example_dags/tutorial_taskflow_api_virtualenv.py took 0.103 seconds
[2024-10-03T07:15:58.392+0000] {processor.py:186} INFO - Started process (PID=2595) to work on /home/airflow/.local/lib/python3.12/site-packages/airflow/example_dags/tutorial_taskflow_api_virtualenv.py
[2024-10-03T07:15:58.394+0000] {processor.py:914} INFO - Processing file /home/airflow/.local/lib/python3.12/site-packages/airflow/example_dags/tutorial_taskflow_api_virtualenv.py for tasks to queue
[2024-10-03T07:15:58.395+0000] {logging_mixin.py:190} INFO - [2024-10-03T07:15:58.395+0000] {dagbag.py:588} INFO - Filling up the DagBag from /home/airflow/.local/lib/python3.12/site-packages/airflow/example_dags/tutorial_taskflow_api_virtualenv.py
[2024-10-03T07:15:58.409+0000] {processor.py:925} INFO - DAG(s) 'tutorial_taskflow_api_virtualenv' retrieved from /home/airflow/.local/lib/python3.12/site-packages/airflow/example_dags/tutorial_taskflow_api_virtualenv.py
[2024-10-03T07:15:58.432+0000] {logging_mixin.py:190} INFO - [2024-10-03T07:15:58.431+0000] {dag.py:3239} INFO - Sync 1 DAGs
[2024-10-03T07:15:58.449+0000] {logging_mixin.py:190} INFO - [2024-10-03T07:15:58.449+0000] {dag.py:4180} INFO - Setting next_dagrun for tutorial_taskflow_api_virtualenv to None, run_after=None
[2024-10-03T07:15:58.479+0000] {processor.py:208} INFO - Processing /home/airflow/.local/lib/python3.12/site-packages/airflow/example_dags/tutorial_taskflow_api_virtualenv.py took 0.094 seconds
[2024-10-03T07:16:28.884+0000] {processor.py:186} INFO - Started process (PID=2658) to work on /home/airflow/.local/lib/python3.12/site-packages/airflow/example_dags/tutorial_taskflow_api_virtualenv.py
[2024-10-03T07:16:28.886+0000] {processor.py:914} INFO - Processing file /home/airflow/.local/lib/python3.12/site-packages/airflow/example_dags/tutorial_taskflow_api_virtualenv.py for tasks to queue
[2024-10-03T07:16:28.888+0000] {logging_mixin.py:190} INFO - [2024-10-03T07:16:28.887+0000] {dagbag.py:588} INFO - Filling up the DagBag from /home/airflow/.local/lib/python3.12/site-packages/airflow/example_dags/tutorial_taskflow_api_virtualenv.py
[2024-10-03T07:16:28.901+0000] {processor.py:925} INFO - DAG(s) 'tutorial_taskflow_api_virtualenv' retrieved from /home/airflow/.local/lib/python3.12/site-packages/airflow/example_dags/tutorial_taskflow_api_virtualenv.py
[2024-10-03T07:16:28.928+0000] {logging_mixin.py:190} INFO - [2024-10-03T07:16:28.928+0000] {dag.py:3239} INFO - Sync 1 DAGs
[2024-10-03T07:16:28.948+0000] {logging_mixin.py:190} INFO - [2024-10-03T07:16:28.948+0000] {dag.py:4180} INFO - Setting next_dagrun for tutorial_taskflow_api_virtualenv to None, run_after=None
[2024-10-03T07:16:28.979+0000] {processor.py:208} INFO - Processing /home/airflow/.local/lib/python3.12/site-packages/airflow/example_dags/tutorial_taskflow_api_virtualenv.py took 0.100 seconds
[2024-10-03T07:16:59.475+0000] {processor.py:186} INFO - Started process (PID=2721) to work on /home/airflow/.local/lib/python3.12/site-packages/airflow/example_dags/tutorial_taskflow_api_virtualenv.py
[2024-10-03T07:16:59.477+0000] {processor.py:914} INFO - Processing file /home/airflow/.local/lib/python3.12/site-packages/airflow/example_dags/tutorial_taskflow_api_virtualenv.py for tasks to queue
[2024-10-03T07:16:59.479+0000] {logging_mixin.py:190} INFO - [2024-10-03T07:16:59.478+0000] {dagbag.py:588} INFO - Filling up the DagBag from /home/airflow/.local/lib/python3.12/site-packages/airflow/example_dags/tutorial_taskflow_api_virtualenv.py
[2024-10-03T07:16:59.493+0000] {processor.py:925} INFO - DAG(s) 'tutorial_taskflow_api_virtualenv' retrieved from /home/airflow/.local/lib/python3.12/site-packages/airflow/example_dags/tutorial_taskflow_api_virtualenv.py
[2024-10-03T07:16:59.517+0000] {logging_mixin.py:190} INFO - [2024-10-03T07:16:59.517+0000] {dag.py:3239} INFO - Sync 1 DAGs
[2024-10-03T07:16:59.534+0000] {logging_mixin.py:190} INFO - [2024-10-03T07:16:59.534+0000] {dag.py:4180} INFO - Setting next_dagrun for tutorial_taskflow_api_virtualenv to None, run_after=None
[2024-10-03T07:16:59.562+0000] {processor.py:208} INFO - Processing /home/airflow/.local/lib/python3.12/site-packages/airflow/example_dags/tutorial_taskflow_api_virtualenv.py took 0.094 seconds
[2024-10-03T07:17:29.852+0000] {processor.py:186} INFO - Started process (PID=2784) to work on /home/airflow/.local/lib/python3.12/site-packages/airflow/example_dags/tutorial_taskflow_api_virtualenv.py
[2024-10-03T07:17:29.854+0000] {processor.py:914} INFO - Processing file /home/airflow/.local/lib/python3.12/site-packages/airflow/example_dags/tutorial_taskflow_api_virtualenv.py for tasks to queue
[2024-10-03T07:17:29.856+0000] {logging_mixin.py:190} INFO - [2024-10-03T07:17:29.855+0000] {dagbag.py:588} INFO - Filling up the DagBag from /home/airflow/.local/lib/python3.12/site-packages/airflow/example_dags/tutorial_taskflow_api_virtualenv.py
[2024-10-03T07:17:29.870+0000] {processor.py:925} INFO - DAG(s) 'tutorial_taskflow_api_virtualenv' retrieved from /home/airflow/.local/lib/python3.12/site-packages/airflow/example_dags/tutorial_taskflow_api_virtualenv.py
[2024-10-03T07:17:29.900+0000] {logging_mixin.py:190} INFO - [2024-10-03T07:17:29.899+0000] {dag.py:3239} INFO - Sync 1 DAGs
[2024-10-03T07:17:29.917+0000] {logging_mixin.py:190} INFO - [2024-10-03T07:17:29.917+0000] {dag.py:4180} INFO - Setting next_dagrun for tutorial_taskflow_api_virtualenv to None, run_after=None
[2024-10-03T07:17:29.944+0000] {processor.py:208} INFO - Processing /home/airflow/.local/lib/python3.12/site-packages/airflow/example_dags/tutorial_taskflow_api_virtualenv.py took 0.099 seconds
[2024-10-03T07:18:01.150+0000] {processor.py:186} INFO - Started process (PID=2847) to work on /home/airflow/.local/lib/python3.12/site-packages/airflow/example_dags/tutorial_taskflow_api_virtualenv.py
[2024-10-03T07:18:01.151+0000] {processor.py:914} INFO - Processing file /home/airflow/.local/lib/python3.12/site-packages/airflow/example_dags/tutorial_taskflow_api_virtualenv.py for tasks to queue
[2024-10-03T07:18:01.153+0000] {logging_mixin.py:190} INFO - [2024-10-03T07:18:01.153+0000] {dagbag.py:588} INFO - Filling up the DagBag from /home/airflow/.local/lib/python3.12/site-packages/airflow/example_dags/tutorial_taskflow_api_virtualenv.py
[2024-10-03T07:18:01.167+0000] {processor.py:925} INFO - DAG(s) 'tutorial_taskflow_api_virtualenv' retrieved from /home/airflow/.local/lib/python3.12/site-packages/airflow/example_dags/tutorial_taskflow_api_virtualenv.py
[2024-10-03T07:18:01.232+0000] {logging_mixin.py:190} INFO - [2024-10-03T07:18:01.231+0000] {dag.py:3239} INFO - Sync 1 DAGs
[2024-10-03T07:18:01.255+0000] {logging_mixin.py:190} INFO - [2024-10-03T07:18:01.255+0000] {dag.py:4180} INFO - Setting next_dagrun for tutorial_taskflow_api_virtualenv to None, run_after=None
[2024-10-03T07:18:01.291+0000] {processor.py:208} INFO - Processing /home/airflow/.local/lib/python3.12/site-packages/airflow/example_dags/tutorial_taskflow_api_virtualenv.py took 0.148 seconds
[2024-10-03T07:18:31.869+0000] {processor.py:186} INFO - Started process (PID=2910) to work on /home/airflow/.local/lib/python3.12/site-packages/airflow/example_dags/tutorial_taskflow_api_virtualenv.py
[2024-10-03T07:18:31.871+0000] {processor.py:914} INFO - Processing file /home/airflow/.local/lib/python3.12/site-packages/airflow/example_dags/tutorial_taskflow_api_virtualenv.py for tasks to queue
[2024-10-03T07:18:31.873+0000] {logging_mixin.py:190} INFO - [2024-10-03T07:18:31.872+0000] {dagbag.py:588} INFO - Filling up the DagBag from /home/airflow/.local/lib/python3.12/site-packages/airflow/example_dags/tutorial_taskflow_api_virtualenv.py
[2024-10-03T07:18:31.888+0000] {processor.py:925} INFO - DAG(s) 'tutorial_taskflow_api_virtualenv' retrieved from /home/airflow/.local/lib/python3.12/site-packages/airflow/example_dags/tutorial_taskflow_api_virtualenv.py
[2024-10-03T07:18:31.916+0000] {logging_mixin.py:190} INFO - [2024-10-03T07:18:31.915+0000] {dag.py:3239} INFO - Sync 1 DAGs
[2024-10-03T07:18:31.934+0000] {logging_mixin.py:190} INFO - [2024-10-03T07:18:31.934+0000] {dag.py:4180} INFO - Setting next_dagrun for tutorial_taskflow_api_virtualenv to None, run_after=None
[2024-10-03T07:18:31.965+0000] {processor.py:208} INFO - Processing /home/airflow/.local/lib/python3.12/site-packages/airflow/example_dags/tutorial_taskflow_api_virtualenv.py took 0.104 seconds
[2024-10-03T07:19:02.610+0000] {processor.py:186} INFO - Started process (PID=2973) to work on /home/airflow/.local/lib/python3.12/site-packages/airflow/example_dags/tutorial_taskflow_api_virtualenv.py
[2024-10-03T07:19:02.612+0000] {processor.py:914} INFO - Processing file /home/airflow/.local/lib/python3.12/site-packages/airflow/example_dags/tutorial_taskflow_api_virtualenv.py for tasks to queue
[2024-10-03T07:19:02.613+0000] {logging_mixin.py:190} INFO - [2024-10-03T07:19:02.613+0000] {dagbag.py:588} INFO - Filling up the DagBag from /home/airflow/.local/lib/python3.12/site-packages/airflow/example_dags/tutorial_taskflow_api_virtualenv.py
[2024-10-03T07:19:02.628+0000] {processor.py:925} INFO - DAG(s) 'tutorial_taskflow_api_virtualenv' retrieved from /home/airflow/.local/lib/python3.12/site-packages/airflow/example_dags/tutorial_taskflow_api_virtualenv.py
[2024-10-03T07:19:02.657+0000] {logging_mixin.py:190} INFO - [2024-10-03T07:19:02.656+0000] {dag.py:3239} INFO - Sync 1 DAGs
[2024-10-03T07:19:02.677+0000] {logging_mixin.py:190} INFO - [2024-10-03T07:19:02.677+0000] {dag.py:4180} INFO - Setting next_dagrun for tutorial_taskflow_api_virtualenv to None, run_after=None
[2024-10-03T07:19:02.708+0000] {processor.py:208} INFO - Processing /home/airflow/.local/lib/python3.12/site-packages/airflow/example_dags/tutorial_taskflow_api_virtualenv.py took 0.106 seconds
