[2024-10-03T06:34:03.009+0000] {processor.py:157} INFO - Started process (PID=129) to work on /home/airflow/.local/lib/python3.8/site-packages/airflow/example_dags/tutorial_dag.py
[2024-10-03T06:34:03.012+0000] {processor.py:829} INFO - Processing file /home/airflow/.local/lib/python3.8/site-packages/airflow/example_dags/tutorial_dag.py for tasks to queue
[2024-10-03T06:34:03.018+0000] {logging_mixin.py:151} INFO - [2024-10-03T06:34:03.017+0000] {dagbag.py:539} INFO - Filling up the DagBag from /home/airflow/.local/lib/python3.8/site-packages/airflow/example_dags/tutorial_dag.py
[2024-10-03T06:34:03.036+0000] {processor.py:839} INFO - DAG(s) dict_keys(['tutorial_dag']) retrieved from /home/airflow/.local/lib/python3.8/site-packages/airflow/example_dags/tutorial_dag.py
[2024-10-03T06:34:03.276+0000] {logging_mixin.py:151} INFO - [2024-10-03T06:34:03.276+0000] {manager.py:501} INFO - Created Permission View: can delete on DAG:tutorial_dag
[2024-10-03T06:34:03.302+0000] {logging_mixin.py:151} INFO - [2024-10-03T06:34:03.302+0000] {manager.py:501} INFO - Created Permission View: can read on DAG:tutorial_dag
[2024-10-03T06:34:03.323+0000] {logging_mixin.py:151} INFO - [2024-10-03T06:34:03.322+0000] {manager.py:501} INFO - Created Permission View: can edit on DAG:tutorial_dag
[2024-10-03T06:34:03.367+0000] {logging_mixin.py:151} INFO - [2024-10-03T06:34:03.366+0000] {dag.py:2907} INFO - Sync 1 DAGs
[2024-10-03T06:34:03.401+0000] {logging_mixin.py:151} INFO - [2024-10-03T06:34:03.400+0000] {dag.py:2929} INFO - Creating ORM DAG for tutorial_dag
[2024-10-03T06:34:03.403+0000] {logging_mixin.py:151} INFO - [2024-10-03T06:34:03.403+0000] {dag.py:3677} INFO - Setting next_dagrun for tutorial_dag to None, run_after=None
[2024-10-03T06:34:03.453+0000] {processor.py:179} INFO - Processing /home/airflow/.local/lib/python3.8/site-packages/airflow/example_dags/tutorial_dag.py took 0.453 seconds
[2024-10-03T06:34:33.994+0000] {processor.py:157} INFO - Started process (PID=187) to work on /home/airflow/.local/lib/python3.8/site-packages/airflow/example_dags/tutorial_dag.py
[2024-10-03T06:34:34.004+0000] {processor.py:829} INFO - Processing file /home/airflow/.local/lib/python3.8/site-packages/airflow/example_dags/tutorial_dag.py for tasks to queue
[2024-10-03T06:34:34.014+0000] {logging_mixin.py:151} INFO - [2024-10-03T06:34:34.013+0000] {dagbag.py:539} INFO - Filling up the DagBag from /home/airflow/.local/lib/python3.8/site-packages/airflow/example_dags/tutorial_dag.py
[2024-10-03T06:34:34.052+0000] {processor.py:839} INFO - DAG(s) dict_keys(['tutorial_dag']) retrieved from /home/airflow/.local/lib/python3.8/site-packages/airflow/example_dags/tutorial_dag.py
[2024-10-03T06:34:34.140+0000] {logging_mixin.py:151} INFO - [2024-10-03T06:34:34.140+0000] {dag.py:2907} INFO - Sync 1 DAGs
[2024-10-03T06:34:34.187+0000] {logging_mixin.py:151} INFO - [2024-10-03T06:34:34.186+0000] {dag.py:3677} INFO - Setting next_dagrun for tutorial_dag to None, run_after=None
[2024-10-03T06:34:34.277+0000] {processor.py:179} INFO - Processing /home/airflow/.local/lib/python3.8/site-packages/airflow/example_dags/tutorial_dag.py took 0.294 seconds
[2024-10-03T06:35:04.486+0000] {processor.py:157} INFO - Started process (PID=245) to work on /home/airflow/.local/lib/python3.8/site-packages/airflow/example_dags/tutorial_dag.py
[2024-10-03T06:35:04.490+0000] {processor.py:829} INFO - Processing file /home/airflow/.local/lib/python3.8/site-packages/airflow/example_dags/tutorial_dag.py for tasks to queue
[2024-10-03T06:35:04.496+0000] {logging_mixin.py:151} INFO - [2024-10-03T06:35:04.495+0000] {dagbag.py:539} INFO - Filling up the DagBag from /home/airflow/.local/lib/python3.8/site-packages/airflow/example_dags/tutorial_dag.py
[2024-10-03T06:35:04.511+0000] {processor.py:839} INFO - DAG(s) dict_keys(['tutorial_dag']) retrieved from /home/airflow/.local/lib/python3.8/site-packages/airflow/example_dags/tutorial_dag.py
[2024-10-03T06:35:04.564+0000] {logging_mixin.py:151} INFO - [2024-10-03T06:35:04.564+0000] {dag.py:2907} INFO - Sync 1 DAGs
[2024-10-03T06:35:04.589+0000] {logging_mixin.py:151} INFO - [2024-10-03T06:35:04.588+0000] {dag.py:3677} INFO - Setting next_dagrun for tutorial_dag to None, run_after=None
[2024-10-03T06:35:04.632+0000] {processor.py:179} INFO - Processing /home/airflow/.local/lib/python3.8/site-packages/airflow/example_dags/tutorial_dag.py took 0.153 seconds
[2024-10-03T06:35:34.882+0000] {processor.py:157} INFO - Started process (PID=303) to work on /home/airflow/.local/lib/python3.8/site-packages/airflow/example_dags/tutorial_dag.py
[2024-10-03T06:35:34.884+0000] {processor.py:829} INFO - Processing file /home/airflow/.local/lib/python3.8/site-packages/airflow/example_dags/tutorial_dag.py for tasks to queue
[2024-10-03T06:35:34.890+0000] {logging_mixin.py:151} INFO - [2024-10-03T06:35:34.889+0000] {dagbag.py:539} INFO - Filling up the DagBag from /home/airflow/.local/lib/python3.8/site-packages/airflow/example_dags/tutorial_dag.py
[2024-10-03T06:35:34.899+0000] {processor.py:839} INFO - DAG(s) dict_keys(['tutorial_dag']) retrieved from /home/airflow/.local/lib/python3.8/site-packages/airflow/example_dags/tutorial_dag.py
[2024-10-03T06:35:34.937+0000] {logging_mixin.py:151} INFO - [2024-10-03T06:35:34.937+0000] {dag.py:2907} INFO - Sync 1 DAGs
[2024-10-03T06:35:34.960+0000] {logging_mixin.py:151} INFO - [2024-10-03T06:35:34.960+0000] {dag.py:3677} INFO - Setting next_dagrun for tutorial_dag to None, run_after=None
[2024-10-03T06:35:35.000+0000] {processor.py:179} INFO - Processing /home/airflow/.local/lib/python3.8/site-packages/airflow/example_dags/tutorial_dag.py took 0.123 seconds
[2024-10-03T06:36:05.653+0000] {processor.py:157} INFO - Started process (PID=362) to work on /home/airflow/.local/lib/python3.8/site-packages/airflow/example_dags/tutorial_dag.py
[2024-10-03T06:36:05.655+0000] {processor.py:829} INFO - Processing file /home/airflow/.local/lib/python3.8/site-packages/airflow/example_dags/tutorial_dag.py for tasks to queue
[2024-10-03T06:36:05.661+0000] {logging_mixin.py:151} INFO - [2024-10-03T06:36:05.660+0000] {dagbag.py:539} INFO - Filling up the DagBag from /home/airflow/.local/lib/python3.8/site-packages/airflow/example_dags/tutorial_dag.py
[2024-10-03T06:36:05.670+0000] {processor.py:839} INFO - DAG(s) dict_keys(['tutorial_dag']) retrieved from /home/airflow/.local/lib/python3.8/site-packages/airflow/example_dags/tutorial_dag.py
[2024-10-03T06:36:05.709+0000] {logging_mixin.py:151} INFO - [2024-10-03T06:36:05.709+0000] {dag.py:2907} INFO - Sync 1 DAGs
[2024-10-03T06:36:05.734+0000] {logging_mixin.py:151} INFO - [2024-10-03T06:36:05.734+0000] {dag.py:3677} INFO - Setting next_dagrun for tutorial_dag to None, run_after=None
[2024-10-03T06:36:05.774+0000] {processor.py:179} INFO - Processing /home/airflow/.local/lib/python3.8/site-packages/airflow/example_dags/tutorial_dag.py took 0.125 seconds
[2024-10-03T06:36:36.256+0000] {processor.py:157} INFO - Started process (PID=420) to work on /home/airflow/.local/lib/python3.8/site-packages/airflow/example_dags/tutorial_dag.py
[2024-10-03T06:36:36.258+0000] {processor.py:829} INFO - Processing file /home/airflow/.local/lib/python3.8/site-packages/airflow/example_dags/tutorial_dag.py for tasks to queue
[2024-10-03T06:36:36.262+0000] {logging_mixin.py:151} INFO - [2024-10-03T06:36:36.262+0000] {dagbag.py:539} INFO - Filling up the DagBag from /home/airflow/.local/lib/python3.8/site-packages/airflow/example_dags/tutorial_dag.py
[2024-10-03T06:36:36.274+0000] {processor.py:839} INFO - DAG(s) dict_keys(['tutorial_dag']) retrieved from /home/airflow/.local/lib/python3.8/site-packages/airflow/example_dags/tutorial_dag.py
[2024-10-03T06:36:36.316+0000] {logging_mixin.py:151} INFO - [2024-10-03T06:36:36.315+0000] {dag.py:2907} INFO - Sync 1 DAGs
[2024-10-03T06:36:36.349+0000] {logging_mixin.py:151} INFO - [2024-10-03T06:36:36.349+0000] {dag.py:3677} INFO - Setting next_dagrun for tutorial_dag to None, run_after=None
[2024-10-03T06:36:36.388+0000] {processor.py:179} INFO - Processing /home/airflow/.local/lib/python3.8/site-packages/airflow/example_dags/tutorial_dag.py took 0.137 seconds
[2024-10-03T06:41:24.168+0000] {processor.py:157} INFO - Started process (PID=115) to work on /home/airflow/.local/lib/python3.8/site-packages/airflow/example_dags/tutorial_dag.py
[2024-10-03T06:41:24.174+0000] {processor.py:829} INFO - Processing file /home/airflow/.local/lib/python3.8/site-packages/airflow/example_dags/tutorial_dag.py for tasks to queue
[2024-10-03T06:41:24.192+0000] {logging_mixin.py:151} INFO - [2024-10-03T06:41:24.191+0000] {dagbag.py:539} INFO - Filling up the DagBag from /home/airflow/.local/lib/python3.8/site-packages/airflow/example_dags/tutorial_dag.py
[2024-10-03T06:41:24.215+0000] {processor.py:839} INFO - DAG(s) dict_keys(['tutorial_dag']) retrieved from /home/airflow/.local/lib/python3.8/site-packages/airflow/example_dags/tutorial_dag.py
[2024-10-03T06:41:24.361+0000] {logging_mixin.py:151} INFO - [2024-10-03T06:41:24.360+0000] {dag.py:2907} INFO - Sync 1 DAGs
[2024-10-03T06:41:24.440+0000] {logging_mixin.py:151} INFO - [2024-10-03T06:41:24.439+0000] {dag.py:3677} INFO - Setting next_dagrun for tutorial_dag to None, run_after=None
[2024-10-03T06:41:24.660+0000] {processor.py:179} INFO - Processing /home/airflow/.local/lib/python3.8/site-packages/airflow/example_dags/tutorial_dag.py took 0.506 seconds
[2024-10-03T06:41:55.155+0000] {processor.py:157} INFO - Started process (PID=173) to work on /home/airflow/.local/lib/python3.8/site-packages/airflow/example_dags/tutorial_dag.py
[2024-10-03T06:41:55.160+0000] {processor.py:829} INFO - Processing file /home/airflow/.local/lib/python3.8/site-packages/airflow/example_dags/tutorial_dag.py for tasks to queue
[2024-10-03T06:41:55.167+0000] {logging_mixin.py:151} INFO - [2024-10-03T06:41:55.166+0000] {dagbag.py:539} INFO - Filling up the DagBag from /home/airflow/.local/lib/python3.8/site-packages/airflow/example_dags/tutorial_dag.py
[2024-10-03T06:41:55.190+0000] {processor.py:839} INFO - DAG(s) dict_keys(['tutorial_dag']) retrieved from /home/airflow/.local/lib/python3.8/site-packages/airflow/example_dags/tutorial_dag.py
[2024-10-03T06:41:55.304+0000] {logging_mixin.py:151} INFO - [2024-10-03T06:41:55.303+0000] {dag.py:2907} INFO - Sync 1 DAGs
[2024-10-03T06:41:55.344+0000] {logging_mixin.py:151} INFO - [2024-10-03T06:41:55.343+0000] {dag.py:3677} INFO - Setting next_dagrun for tutorial_dag to None, run_after=None
[2024-10-03T06:41:55.430+0000] {processor.py:179} INFO - Processing /home/airflow/.local/lib/python3.8/site-packages/airflow/example_dags/tutorial_dag.py took 0.284 seconds
[2024-10-03T06:42:25.850+0000] {processor.py:157} INFO - Started process (PID=231) to work on /home/airflow/.local/lib/python3.8/site-packages/airflow/example_dags/tutorial_dag.py
[2024-10-03T06:42:26.214+0000] {processor.py:829} INFO - Processing file /home/airflow/.local/lib/python3.8/site-packages/airflow/example_dags/tutorial_dag.py for tasks to queue
[2024-10-03T06:42:26.225+0000] {logging_mixin.py:151} INFO - [2024-10-03T06:42:26.223+0000] {dagbag.py:539} INFO - Filling up the DagBag from /home/airflow/.local/lib/python3.8/site-packages/airflow/example_dags/tutorial_dag.py
[2024-10-03T06:42:26.257+0000] {processor.py:839} INFO - DAG(s) dict_keys(['tutorial_dag']) retrieved from /home/airflow/.local/lib/python3.8/site-packages/airflow/example_dags/tutorial_dag.py
[2024-10-03T06:42:26.344+0000] {logging_mixin.py:151} INFO - [2024-10-03T06:42:26.343+0000] {dag.py:2907} INFO - Sync 1 DAGs
[2024-10-03T06:42:26.625+0000] {logging_mixin.py:151} INFO - [2024-10-03T06:42:26.624+0000] {dag.py:3677} INFO - Setting next_dagrun for tutorial_dag to None, run_after=None
[2024-10-03T06:42:27.006+0000] {processor.py:179} INFO - Processing /home/airflow/.local/lib/python3.8/site-packages/airflow/example_dags/tutorial_dag.py took 1.162 seconds
[2024-10-03T06:52:52.883+0000] {processor.py:186} INFO - Started process (PID=114) to work on /home/airflow/.local/lib/python3.12/site-packages/airflow/example_dags/tutorial_dag.py
[2024-10-03T06:52:52.886+0000] {processor.py:914} INFO - Processing file /home/airflow/.local/lib/python3.12/site-packages/airflow/example_dags/tutorial_dag.py for tasks to queue
[2024-10-03T06:52:52.893+0000] {logging_mixin.py:190} INFO - [2024-10-03T06:52:52.892+0000] {dagbag.py:588} INFO - Filling up the DagBag from /home/airflow/.local/lib/python3.12/site-packages/airflow/example_dags/tutorial_dag.py
[2024-10-03T06:52:52.927+0000] {processor.py:925} INFO - DAG(s) 'tutorial_dag' retrieved from /home/airflow/.local/lib/python3.12/site-packages/airflow/example_dags/tutorial_dag.py
[2024-10-03T06:52:53.510+0000] {logging_mixin.py:190} INFO - [2024-10-03T06:52:53.509+0000] {dag.py:3239} INFO - Sync 1 DAGs
[2024-10-03T06:52:53.567+0000] {logging_mixin.py:190} INFO - [2024-10-03T06:52:53.567+0000] {dag.py:4180} INFO - Setting next_dagrun for tutorial_dag to None, run_after=None
[2024-10-03T06:52:53.687+0000] {processor.py:208} INFO - Processing /home/airflow/.local/lib/python3.12/site-packages/airflow/example_dags/tutorial_dag.py took 0.819 seconds
[2024-10-03T06:53:23.831+0000] {processor.py:186} INFO - Started process (PID=178) to work on /home/airflow/.local/lib/python3.12/site-packages/airflow/example_dags/tutorial_dag.py
[2024-10-03T06:53:23.835+0000] {processor.py:914} INFO - Processing file /home/airflow/.local/lib/python3.12/site-packages/airflow/example_dags/tutorial_dag.py for tasks to queue
[2024-10-03T06:53:23.842+0000] {logging_mixin.py:190} INFO - [2024-10-03T06:53:23.842+0000] {dagbag.py:588} INFO - Filling up the DagBag from /home/airflow/.local/lib/python3.12/site-packages/airflow/example_dags/tutorial_dag.py
[2024-10-03T06:53:23.862+0000] {processor.py:925} INFO - DAG(s) 'tutorial_dag' retrieved from /home/airflow/.local/lib/python3.12/site-packages/airflow/example_dags/tutorial_dag.py
[2024-10-03T06:53:23.912+0000] {logging_mixin.py:190} INFO - [2024-10-03T06:53:23.911+0000] {dag.py:3239} INFO - Sync 1 DAGs
[2024-10-03T06:53:23.942+0000] {logging_mixin.py:190} INFO - [2024-10-03T06:53:23.941+0000] {dag.py:4180} INFO - Setting next_dagrun for tutorial_dag to None, run_after=None
[2024-10-03T06:53:23.989+0000] {processor.py:208} INFO - Processing /home/airflow/.local/lib/python3.12/site-packages/airflow/example_dags/tutorial_dag.py took 0.176 seconds
[2024-10-03T06:53:54.510+0000] {processor.py:186} INFO - Started process (PID=242) to work on /home/airflow/.local/lib/python3.12/site-packages/airflow/example_dags/tutorial_dag.py
[2024-10-03T06:53:54.512+0000] {processor.py:914} INFO - Processing file /home/airflow/.local/lib/python3.12/site-packages/airflow/example_dags/tutorial_dag.py for tasks to queue
[2024-10-03T06:53:54.515+0000] {logging_mixin.py:190} INFO - [2024-10-03T06:53:54.514+0000] {dagbag.py:588} INFO - Filling up the DagBag from /home/airflow/.local/lib/python3.12/site-packages/airflow/example_dags/tutorial_dag.py
[2024-10-03T06:53:54.525+0000] {processor.py:925} INFO - DAG(s) 'tutorial_dag' retrieved from /home/airflow/.local/lib/python3.12/site-packages/airflow/example_dags/tutorial_dag.py
[2024-10-03T06:53:54.550+0000] {logging_mixin.py:190} INFO - [2024-10-03T06:53:54.549+0000] {dag.py:3239} INFO - Sync 1 DAGs
[2024-10-03T06:53:54.568+0000] {logging_mixin.py:190} INFO - [2024-10-03T06:53:54.567+0000] {dag.py:4180} INFO - Setting next_dagrun for tutorial_dag to None, run_after=None
[2024-10-03T06:53:54.598+0000] {processor.py:208} INFO - Processing /home/airflow/.local/lib/python3.12/site-packages/airflow/example_dags/tutorial_dag.py took 0.097 seconds
[2024-10-03T06:54:25.973+0000] {processor.py:186} INFO - Started process (PID=306) to work on /home/airflow/.local/lib/python3.12/site-packages/airflow/example_dags/tutorial_dag.py
[2024-10-03T06:54:25.976+0000] {processor.py:914} INFO - Processing file /home/airflow/.local/lib/python3.12/site-packages/airflow/example_dags/tutorial_dag.py for tasks to queue
[2024-10-03T06:54:25.982+0000] {logging_mixin.py:190} INFO - [2024-10-03T06:54:25.981+0000] {dagbag.py:588} INFO - Filling up the DagBag from /home/airflow/.local/lib/python3.12/site-packages/airflow/example_dags/tutorial_dag.py
[2024-10-03T06:54:25.999+0000] {processor.py:925} INFO - DAG(s) 'tutorial_dag' retrieved from /home/airflow/.local/lib/python3.12/site-packages/airflow/example_dags/tutorial_dag.py
[2024-10-03T06:54:26.070+0000] {logging_mixin.py:190} INFO - [2024-10-03T06:54:26.069+0000] {dag.py:3239} INFO - Sync 1 DAGs
[2024-10-03T06:54:26.139+0000] {logging_mixin.py:190} INFO - [2024-10-03T06:54:26.138+0000] {dag.py:4180} INFO - Setting next_dagrun for tutorial_dag to None, run_after=None
[2024-10-03T06:54:26.269+0000] {processor.py:208} INFO - Processing /home/airflow/.local/lib/python3.12/site-packages/airflow/example_dags/tutorial_dag.py took 0.308 seconds
[2024-10-03T06:54:56.600+0000] {processor.py:186} INFO - Started process (PID=370) to work on /home/airflow/.local/lib/python3.12/site-packages/airflow/example_dags/tutorial_dag.py
[2024-10-03T06:54:56.602+0000] {processor.py:914} INFO - Processing file /home/airflow/.local/lib/python3.12/site-packages/airflow/example_dags/tutorial_dag.py for tasks to queue
[2024-10-03T06:54:56.607+0000] {logging_mixin.py:190} INFO - [2024-10-03T06:54:56.606+0000] {dagbag.py:588} INFO - Filling up the DagBag from /home/airflow/.local/lib/python3.12/site-packages/airflow/example_dags/tutorial_dag.py
[2024-10-03T06:54:56.624+0000] {processor.py:925} INFO - DAG(s) 'tutorial_dag' retrieved from /home/airflow/.local/lib/python3.12/site-packages/airflow/example_dags/tutorial_dag.py
[2024-10-03T06:54:56.693+0000] {logging_mixin.py:190} INFO - [2024-10-03T06:54:56.693+0000] {dag.py:3239} INFO - Sync 1 DAGs
[2024-10-03T06:54:56.725+0000] {logging_mixin.py:190} INFO - [2024-10-03T06:54:56.724+0000] {dag.py:4180} INFO - Setting next_dagrun for tutorial_dag to None, run_after=None
[2024-10-03T06:54:56.780+0000] {processor.py:208} INFO - Processing /home/airflow/.local/lib/python3.12/site-packages/airflow/example_dags/tutorial_dag.py took 0.190 seconds
[2024-10-03T06:55:26.894+0000] {processor.py:186} INFO - Started process (PID=434) to work on /home/airflow/.local/lib/python3.12/site-packages/airflow/example_dags/tutorial_dag.py
[2024-10-03T06:55:26.929+0000] {processor.py:914} INFO - Processing file /home/airflow/.local/lib/python3.12/site-packages/airflow/example_dags/tutorial_dag.py for tasks to queue
[2024-10-03T06:55:26.933+0000] {logging_mixin.py:190} INFO - [2024-10-03T06:55:26.932+0000] {dagbag.py:588} INFO - Filling up the DagBag from /home/airflow/.local/lib/python3.12/site-packages/airflow/example_dags/tutorial_dag.py
[2024-10-03T06:55:26.946+0000] {processor.py:925} INFO - DAG(s) 'tutorial_dag' retrieved from /home/airflow/.local/lib/python3.12/site-packages/airflow/example_dags/tutorial_dag.py
[2024-10-03T06:55:27.119+0000] {logging_mixin.py:190} INFO - [2024-10-03T06:55:27.118+0000] {dag.py:3239} INFO - Sync 1 DAGs
[2024-10-03T06:55:27.207+0000] {logging_mixin.py:190} INFO - [2024-10-03T06:55:27.206+0000] {dag.py:4180} INFO - Setting next_dagrun for tutorial_dag to None, run_after=None
[2024-10-03T06:55:27.245+0000] {processor.py:208} INFO - Processing /home/airflow/.local/lib/python3.12/site-packages/airflow/example_dags/tutorial_dag.py took 0.358 seconds
[2024-10-03T06:55:57.824+0000] {processor.py:186} INFO - Started process (PID=498) to work on /home/airflow/.local/lib/python3.12/site-packages/airflow/example_dags/tutorial_dag.py
[2024-10-03T06:55:57.827+0000] {processor.py:914} INFO - Processing file /home/airflow/.local/lib/python3.12/site-packages/airflow/example_dags/tutorial_dag.py for tasks to queue
[2024-10-03T06:55:57.832+0000] {logging_mixin.py:190} INFO - [2024-10-03T06:55:57.831+0000] {dagbag.py:588} INFO - Filling up the DagBag from /home/airflow/.local/lib/python3.12/site-packages/airflow/example_dags/tutorial_dag.py
[2024-10-03T06:55:57.844+0000] {processor.py:925} INFO - DAG(s) 'tutorial_dag' retrieved from /home/airflow/.local/lib/python3.12/site-packages/airflow/example_dags/tutorial_dag.py
[2024-10-03T06:55:57.876+0000] {logging_mixin.py:190} INFO - [2024-10-03T06:55:57.876+0000] {dag.py:3239} INFO - Sync 1 DAGs
[2024-10-03T06:55:57.904+0000] {logging_mixin.py:190} INFO - [2024-10-03T06:55:57.904+0000] {dag.py:4180} INFO - Setting next_dagrun for tutorial_dag to None, run_after=None
[2024-10-03T06:55:57.939+0000] {processor.py:208} INFO - Processing /home/airflow/.local/lib/python3.12/site-packages/airflow/example_dags/tutorial_dag.py took 0.125 seconds
[2024-10-03T06:56:28.017+0000] {processor.py:186} INFO - Started process (PID=562) to work on /home/airflow/.local/lib/python3.12/site-packages/airflow/example_dags/tutorial_dag.py
[2024-10-03T06:56:28.020+0000] {processor.py:914} INFO - Processing file /home/airflow/.local/lib/python3.12/site-packages/airflow/example_dags/tutorial_dag.py for tasks to queue
[2024-10-03T06:56:28.023+0000] {logging_mixin.py:190} INFO - [2024-10-03T06:56:28.023+0000] {dagbag.py:588} INFO - Filling up the DagBag from /home/airflow/.local/lib/python3.12/site-packages/airflow/example_dags/tutorial_dag.py
[2024-10-03T06:56:28.039+0000] {processor.py:925} INFO - DAG(s) 'tutorial_dag' retrieved from /home/airflow/.local/lib/python3.12/site-packages/airflow/example_dags/tutorial_dag.py
[2024-10-03T06:56:28.067+0000] {logging_mixin.py:190} INFO - [2024-10-03T06:56:28.067+0000] {dag.py:3239} INFO - Sync 1 DAGs
[2024-10-03T06:56:28.086+0000] {logging_mixin.py:190} INFO - [2024-10-03T06:56:28.086+0000] {dag.py:4180} INFO - Setting next_dagrun for tutorial_dag to None, run_after=None
[2024-10-03T06:56:28.126+0000] {processor.py:208} INFO - Processing /home/airflow/.local/lib/python3.12/site-packages/airflow/example_dags/tutorial_dag.py took 0.116 seconds
[2024-10-03T06:56:58.448+0000] {processor.py:186} INFO - Started process (PID=626) to work on /home/airflow/.local/lib/python3.12/site-packages/airflow/example_dags/tutorial_dag.py
[2024-10-03T06:56:58.451+0000] {processor.py:914} INFO - Processing file /home/airflow/.local/lib/python3.12/site-packages/airflow/example_dags/tutorial_dag.py for tasks to queue
[2024-10-03T06:56:58.457+0000] {logging_mixin.py:190} INFO - [2024-10-03T06:56:58.456+0000] {dagbag.py:588} INFO - Filling up the DagBag from /home/airflow/.local/lib/python3.12/site-packages/airflow/example_dags/tutorial_dag.py
[2024-10-03T06:56:58.470+0000] {processor.py:925} INFO - DAG(s) 'tutorial_dag' retrieved from /home/airflow/.local/lib/python3.12/site-packages/airflow/example_dags/tutorial_dag.py
[2024-10-03T06:56:58.497+0000] {logging_mixin.py:190} INFO - [2024-10-03T06:56:58.497+0000] {dag.py:3239} INFO - Sync 1 DAGs
[2024-10-03T06:56:58.514+0000] {logging_mixin.py:190} INFO - [2024-10-03T06:56:58.514+0000] {dag.py:4180} INFO - Setting next_dagrun for tutorial_dag to None, run_after=None
[2024-10-03T06:56:58.661+0000] {processor.py:208} INFO - Processing /home/airflow/.local/lib/python3.12/site-packages/airflow/example_dags/tutorial_dag.py took 0.221 seconds
[2024-10-03T06:57:31.286+0000] {processor.py:186} INFO - Started process (PID=690) to work on /home/airflow/.local/lib/python3.12/site-packages/airflow/example_dags/tutorial_dag.py
[2024-10-03T06:57:31.292+0000] {processor.py:914} INFO - Processing file /home/airflow/.local/lib/python3.12/site-packages/airflow/example_dags/tutorial_dag.py for tasks to queue
[2024-10-03T06:57:31.304+0000] {logging_mixin.py:190} INFO - [2024-10-03T06:57:31.303+0000] {dagbag.py:588} INFO - Filling up the DagBag from /home/airflow/.local/lib/python3.12/site-packages/airflow/example_dags/tutorial_dag.py
[2024-10-03T06:57:31.334+0000] {processor.py:925} INFO - DAG(s) 'tutorial_dag' retrieved from /home/airflow/.local/lib/python3.12/site-packages/airflow/example_dags/tutorial_dag.py
[2024-10-03T06:57:31.415+0000] {logging_mixin.py:190} INFO - [2024-10-03T06:57:31.414+0000] {dag.py:3239} INFO - Sync 1 DAGs
[2024-10-03T06:57:31.481+0000] {logging_mixin.py:190} INFO - [2024-10-03T06:57:31.479+0000] {dag.py:4180} INFO - Setting next_dagrun for tutorial_dag to None, run_after=None
[2024-10-03T06:57:31.570+0000] {processor.py:208} INFO - Processing /home/airflow/.local/lib/python3.12/site-packages/airflow/example_dags/tutorial_dag.py took 0.305 seconds
[2024-10-03T06:58:02.227+0000] {processor.py:186} INFO - Started process (PID=754) to work on /home/airflow/.local/lib/python3.12/site-packages/airflow/example_dags/tutorial_dag.py
[2024-10-03T06:58:02.229+0000] {processor.py:914} INFO - Processing file /home/airflow/.local/lib/python3.12/site-packages/airflow/example_dags/tutorial_dag.py for tasks to queue
[2024-10-03T06:58:02.233+0000] {logging_mixin.py:190} INFO - [2024-10-03T06:58:02.233+0000] {dagbag.py:588} INFO - Filling up the DagBag from /home/airflow/.local/lib/python3.12/site-packages/airflow/example_dags/tutorial_dag.py
[2024-10-03T06:58:02.242+0000] {processor.py:925} INFO - DAG(s) 'tutorial_dag' retrieved from /home/airflow/.local/lib/python3.12/site-packages/airflow/example_dags/tutorial_dag.py
[2024-10-03T06:58:02.269+0000] {logging_mixin.py:190} INFO - [2024-10-03T06:58:02.269+0000] {dag.py:3239} INFO - Sync 1 DAGs
[2024-10-03T06:58:02.287+0000] {logging_mixin.py:190} INFO - [2024-10-03T06:58:02.286+0000] {dag.py:4180} INFO - Setting next_dagrun for tutorial_dag to None, run_after=None
[2024-10-03T06:58:02.315+0000] {processor.py:208} INFO - Processing /home/airflow/.local/lib/python3.12/site-packages/airflow/example_dags/tutorial_dag.py took 0.094 seconds
[2024-10-03T06:58:32.599+0000] {processor.py:186} INFO - Started process (PID=818) to work on /home/airflow/.local/lib/python3.12/site-packages/airflow/example_dags/tutorial_dag.py
[2024-10-03T06:58:32.600+0000] {processor.py:914} INFO - Processing file /home/airflow/.local/lib/python3.12/site-packages/airflow/example_dags/tutorial_dag.py for tasks to queue
[2024-10-03T06:58:32.603+0000] {logging_mixin.py:190} INFO - [2024-10-03T06:58:32.603+0000] {dagbag.py:588} INFO - Filling up the DagBag from /home/airflow/.local/lib/python3.12/site-packages/airflow/example_dags/tutorial_dag.py
[2024-10-03T06:58:32.612+0000] {processor.py:925} INFO - DAG(s) 'tutorial_dag' retrieved from /home/airflow/.local/lib/python3.12/site-packages/airflow/example_dags/tutorial_dag.py
[2024-10-03T06:58:32.640+0000] {logging_mixin.py:190} INFO - [2024-10-03T06:58:32.640+0000] {dag.py:3239} INFO - Sync 1 DAGs
[2024-10-03T06:58:32.659+0000] {logging_mixin.py:190} INFO - [2024-10-03T06:58:32.659+0000] {dag.py:4180} INFO - Setting next_dagrun for tutorial_dag to None, run_after=None
[2024-10-03T06:58:32.687+0000] {processor.py:208} INFO - Processing /home/airflow/.local/lib/python3.12/site-packages/airflow/example_dags/tutorial_dag.py took 0.096 seconds
[2024-10-03T06:59:03.375+0000] {processor.py:186} INFO - Started process (PID=882) to work on /home/airflow/.local/lib/python3.12/site-packages/airflow/example_dags/tutorial_dag.py
[2024-10-03T06:59:03.377+0000] {processor.py:914} INFO - Processing file /home/airflow/.local/lib/python3.12/site-packages/airflow/example_dags/tutorial_dag.py for tasks to queue
[2024-10-03T06:59:03.381+0000] {logging_mixin.py:190} INFO - [2024-10-03T06:59:03.380+0000] {dagbag.py:588} INFO - Filling up the DagBag from /home/airflow/.local/lib/python3.12/site-packages/airflow/example_dags/tutorial_dag.py
[2024-10-03T06:59:03.393+0000] {processor.py:925} INFO - DAG(s) 'tutorial_dag' retrieved from /home/airflow/.local/lib/python3.12/site-packages/airflow/example_dags/tutorial_dag.py
[2024-10-03T06:59:03.432+0000] {logging_mixin.py:190} INFO - [2024-10-03T06:59:03.431+0000] {dag.py:3239} INFO - Sync 1 DAGs
[2024-10-03T06:59:03.457+0000] {logging_mixin.py:190} INFO - [2024-10-03T06:59:03.457+0000] {dag.py:4180} INFO - Setting next_dagrun for tutorial_dag to None, run_after=None
[2024-10-03T06:59:03.507+0000] {processor.py:208} INFO - Processing /home/airflow/.local/lib/python3.12/site-packages/airflow/example_dags/tutorial_dag.py took 0.139 seconds
[2024-10-03T06:59:35.518+0000] {processor.py:186} INFO - Started process (PID=946) to work on /home/airflow/.local/lib/python3.12/site-packages/airflow/example_dags/tutorial_dag.py
[2024-10-03T06:59:35.521+0000] {processor.py:914} INFO - Processing file /home/airflow/.local/lib/python3.12/site-packages/airflow/example_dags/tutorial_dag.py for tasks to queue
[2024-10-03T06:59:35.527+0000] {logging_mixin.py:190} INFO - [2024-10-03T06:59:35.526+0000] {dagbag.py:588} INFO - Filling up the DagBag from /home/airflow/.local/lib/python3.12/site-packages/airflow/example_dags/tutorial_dag.py
[2024-10-03T06:59:35.555+0000] {processor.py:925} INFO - DAG(s) 'tutorial_dag' retrieved from /home/airflow/.local/lib/python3.12/site-packages/airflow/example_dags/tutorial_dag.py
[2024-10-03T06:59:35.646+0000] {logging_mixin.py:190} INFO - [2024-10-03T06:59:35.646+0000] {dag.py:3239} INFO - Sync 1 DAGs
[2024-10-03T06:59:35.693+0000] {logging_mixin.py:190} INFO - [2024-10-03T06:59:35.692+0000] {dag.py:4180} INFO - Setting next_dagrun for tutorial_dag to None, run_after=None
[2024-10-03T06:59:35.753+0000] {processor.py:208} INFO - Processing /home/airflow/.local/lib/python3.12/site-packages/airflow/example_dags/tutorial_dag.py took 0.266 seconds
[2024-10-03T07:00:12.939+0000] {processor.py:186} INFO - Started process (PID=1011) to work on /home/airflow/.local/lib/python3.12/site-packages/airflow/example_dags/tutorial_dag.py
[2024-10-03T07:00:12.944+0000] {processor.py:914} INFO - Processing file /home/airflow/.local/lib/python3.12/site-packages/airflow/example_dags/tutorial_dag.py for tasks to queue
[2024-10-03T07:00:12.951+0000] {logging_mixin.py:190} INFO - [2024-10-03T07:00:12.950+0000] {dagbag.py:588} INFO - Filling up the DagBag from /home/airflow/.local/lib/python3.12/site-packages/airflow/example_dags/tutorial_dag.py
[2024-10-03T07:00:12.967+0000] {processor.py:925} INFO - DAG(s) 'tutorial_dag' retrieved from /home/airflow/.local/lib/python3.12/site-packages/airflow/example_dags/tutorial_dag.py
[2024-10-03T07:00:13.014+0000] {logging_mixin.py:190} INFO - [2024-10-03T07:00:13.013+0000] {dag.py:3239} INFO - Sync 1 DAGs
[2024-10-03T07:00:13.053+0000] {logging_mixin.py:190} INFO - [2024-10-03T07:00:13.052+0000] {dag.py:4180} INFO - Setting next_dagrun for tutorial_dag to None, run_after=None
[2024-10-03T07:00:13.131+0000] {processor.py:208} INFO - Processing /home/airflow/.local/lib/python3.12/site-packages/airflow/example_dags/tutorial_dag.py took 0.214 seconds
[2024-10-03T07:00:43.862+0000] {processor.py:186} INFO - Started process (PID=1071) to work on /home/airflow/.local/lib/python3.12/site-packages/airflow/example_dags/tutorial_dag.py
[2024-10-03T07:00:43.864+0000] {processor.py:914} INFO - Processing file /home/airflow/.local/lib/python3.12/site-packages/airflow/example_dags/tutorial_dag.py for tasks to queue
[2024-10-03T07:00:43.867+0000] {logging_mixin.py:190} INFO - [2024-10-03T07:00:43.867+0000] {dagbag.py:588} INFO - Filling up the DagBag from /home/airflow/.local/lib/python3.12/site-packages/airflow/example_dags/tutorial_dag.py
[2024-10-03T07:00:43.875+0000] {processor.py:925} INFO - DAG(s) 'tutorial_dag' retrieved from /home/airflow/.local/lib/python3.12/site-packages/airflow/example_dags/tutorial_dag.py
[2024-10-03T07:00:43.900+0000] {logging_mixin.py:190} INFO - [2024-10-03T07:00:43.900+0000] {dag.py:3239} INFO - Sync 1 DAGs
[2024-10-03T07:00:43.919+0000] {logging_mixin.py:190} INFO - [2024-10-03T07:00:43.919+0000] {dag.py:4180} INFO - Setting next_dagrun for tutorial_dag to None, run_after=None
[2024-10-03T07:00:43.954+0000] {processor.py:208} INFO - Processing /home/airflow/.local/lib/python3.12/site-packages/airflow/example_dags/tutorial_dag.py took 0.098 seconds
[2024-10-03T07:01:21.315+0000] {processor.py:186} INFO - Started process (PID=1122) to work on /home/airflow/.local/lib/python3.12/site-packages/airflow/example_dags/tutorial_dag.py
[2024-10-03T07:01:21.317+0000] {processor.py:914} INFO - Processing file /home/airflow/.local/lib/python3.12/site-packages/airflow/example_dags/tutorial_dag.py for tasks to queue
[2024-10-03T07:01:21.320+0000] {logging_mixin.py:190} INFO - [2024-10-03T07:01:21.319+0000] {dagbag.py:588} INFO - Filling up the DagBag from /home/airflow/.local/lib/python3.12/site-packages/airflow/example_dags/tutorial_dag.py
[2024-10-03T07:01:21.330+0000] {processor.py:925} INFO - DAG(s) 'tutorial_dag' retrieved from /home/airflow/.local/lib/python3.12/site-packages/airflow/example_dags/tutorial_dag.py
[2024-10-03T07:01:21.368+0000] {logging_mixin.py:190} INFO - [2024-10-03T07:01:21.367+0000] {dag.py:3239} INFO - Sync 1 DAGs
[2024-10-03T07:01:21.394+0000] {logging_mixin.py:190} INFO - [2024-10-03T07:01:21.394+0000] {dag.py:4180} INFO - Setting next_dagrun for tutorial_dag to None, run_after=None
[2024-10-03T07:01:21.447+0000] {processor.py:208} INFO - Processing /home/airflow/.local/lib/python3.12/site-packages/airflow/example_dags/tutorial_dag.py took 0.141 seconds
[2024-10-03T07:02:40.371+0000] {processor.py:186} INFO - Started process (PID=1179) to work on /home/airflow/.local/lib/python3.12/site-packages/airflow/example_dags/tutorial_dag.py
[2024-10-03T07:02:40.373+0000] {processor.py:914} INFO - Processing file /home/airflow/.local/lib/python3.12/site-packages/airflow/example_dags/tutorial_dag.py for tasks to queue
[2024-10-03T07:02:40.377+0000] {logging_mixin.py:190} INFO - [2024-10-03T07:02:40.375+0000] {dagbag.py:588} INFO - Filling up the DagBag from /home/airflow/.local/lib/python3.12/site-packages/airflow/example_dags/tutorial_dag.py
[2024-10-03T07:02:40.402+0000] {processor.py:925} INFO - DAG(s) 'tutorial_dag' retrieved from /home/airflow/.local/lib/python3.12/site-packages/airflow/example_dags/tutorial_dag.py
[2024-10-03T07:02:40.497+0000] {logging_mixin.py:190} INFO - [2024-10-03T07:02:40.497+0000] {dag.py:3239} INFO - Sync 1 DAGs
[2024-10-03T07:02:40.523+0000] {logging_mixin.py:190} INFO - [2024-10-03T07:02:40.522+0000] {dag.py:4180} INFO - Setting next_dagrun for tutorial_dag to None, run_after=None
[2024-10-03T07:02:40.566+0000] {processor.py:208} INFO - Processing /home/airflow/.local/lib/python3.12/site-packages/airflow/example_dags/tutorial_dag.py took 0.204 seconds
[2024-10-03T07:03:11.630+0000] {processor.py:186} INFO - Started process (PID=1242) to work on /home/airflow/.local/lib/python3.12/site-packages/airflow/example_dags/tutorial_dag.py
[2024-10-03T07:03:11.632+0000] {processor.py:914} INFO - Processing file /home/airflow/.local/lib/python3.12/site-packages/airflow/example_dags/tutorial_dag.py for tasks to queue
[2024-10-03T07:03:11.635+0000] {logging_mixin.py:190} INFO - [2024-10-03T07:03:11.634+0000] {dagbag.py:588} INFO - Filling up the DagBag from /home/airflow/.local/lib/python3.12/site-packages/airflow/example_dags/tutorial_dag.py
[2024-10-03T07:03:11.665+0000] {processor.py:925} INFO - DAG(s) 'tutorial_dag' retrieved from /home/airflow/.local/lib/python3.12/site-packages/airflow/example_dags/tutorial_dag.py
[2024-10-03T07:03:11.899+0000] {logging_mixin.py:190} INFO - [2024-10-03T07:03:11.898+0000] {dag.py:3239} INFO - Sync 1 DAGs
[2024-10-03T07:03:11.920+0000] {logging_mixin.py:190} INFO - [2024-10-03T07:03:11.919+0000] {dag.py:4180} INFO - Setting next_dagrun for tutorial_dag to None, run_after=None
[2024-10-03T07:03:11.952+0000] {processor.py:208} INFO - Processing /home/airflow/.local/lib/python3.12/site-packages/airflow/example_dags/tutorial_dag.py took 0.330 seconds
[2024-10-03T07:03:42.861+0000] {processor.py:186} INFO - Started process (PID=1305) to work on /home/airflow/.local/lib/python3.12/site-packages/airflow/example_dags/tutorial_dag.py
[2024-10-03T07:03:42.863+0000] {processor.py:914} INFO - Processing file /home/airflow/.local/lib/python3.12/site-packages/airflow/example_dags/tutorial_dag.py for tasks to queue
[2024-10-03T07:03:42.865+0000] {logging_mixin.py:190} INFO - [2024-10-03T07:03:42.864+0000] {dagbag.py:588} INFO - Filling up the DagBag from /home/airflow/.local/lib/python3.12/site-packages/airflow/example_dags/tutorial_dag.py
[2024-10-03T07:03:42.876+0000] {processor.py:925} INFO - DAG(s) 'tutorial_dag' retrieved from /home/airflow/.local/lib/python3.12/site-packages/airflow/example_dags/tutorial_dag.py
[2024-10-03T07:03:42.907+0000] {logging_mixin.py:190} INFO - [2024-10-03T07:03:42.907+0000] {dag.py:3239} INFO - Sync 1 DAGs
[2024-10-03T07:03:42.928+0000] {logging_mixin.py:190} INFO - [2024-10-03T07:03:42.928+0000] {dag.py:4180} INFO - Setting next_dagrun for tutorial_dag to None, run_after=None
[2024-10-03T07:03:42.959+0000] {processor.py:208} INFO - Processing /home/airflow/.local/lib/python3.12/site-packages/airflow/example_dags/tutorial_dag.py took 0.106 seconds
[2024-10-03T07:04:13.910+0000] {processor.py:186} INFO - Started process (PID=1368) to work on /home/airflow/.local/lib/python3.12/site-packages/airflow/example_dags/tutorial_dag.py
[2024-10-03T07:04:13.912+0000] {processor.py:914} INFO - Processing file /home/airflow/.local/lib/python3.12/site-packages/airflow/example_dags/tutorial_dag.py for tasks to queue
[2024-10-03T07:04:13.915+0000] {logging_mixin.py:190} INFO - [2024-10-03T07:04:13.914+0000] {dagbag.py:588} INFO - Filling up the DagBag from /home/airflow/.local/lib/python3.12/site-packages/airflow/example_dags/tutorial_dag.py
[2024-10-03T07:04:13.927+0000] {processor.py:925} INFO - DAG(s) 'tutorial_dag' retrieved from /home/airflow/.local/lib/python3.12/site-packages/airflow/example_dags/tutorial_dag.py
[2024-10-03T07:04:13.960+0000] {logging_mixin.py:190} INFO - [2024-10-03T07:04:13.959+0000] {dag.py:3239} INFO - Sync 1 DAGs
[2024-10-03T07:04:13.987+0000] {logging_mixin.py:190} INFO - [2024-10-03T07:04:13.987+0000] {dag.py:4180} INFO - Setting next_dagrun for tutorial_dag to None, run_after=None
[2024-10-03T07:04:14.021+0000] {processor.py:208} INFO - Processing /home/airflow/.local/lib/python3.12/site-packages/airflow/example_dags/tutorial_dag.py took 0.120 seconds
[2024-10-03T07:04:44.159+0000] {processor.py:186} INFO - Started process (PID=1431) to work on /home/airflow/.local/lib/python3.12/site-packages/airflow/example_dags/tutorial_dag.py
[2024-10-03T07:04:44.160+0000] {processor.py:914} INFO - Processing file /home/airflow/.local/lib/python3.12/site-packages/airflow/example_dags/tutorial_dag.py for tasks to queue
[2024-10-03T07:04:44.162+0000] {logging_mixin.py:190} INFO - [2024-10-03T07:04:44.161+0000] {dagbag.py:588} INFO - Filling up the DagBag from /home/airflow/.local/lib/python3.12/site-packages/airflow/example_dags/tutorial_dag.py
[2024-10-03T07:04:44.173+0000] {processor.py:925} INFO - DAG(s) 'tutorial_dag' retrieved from /home/airflow/.local/lib/python3.12/site-packages/airflow/example_dags/tutorial_dag.py
[2024-10-03T07:04:44.204+0000] {logging_mixin.py:190} INFO - [2024-10-03T07:04:44.203+0000] {dag.py:3239} INFO - Sync 1 DAGs
[2024-10-03T07:04:44.224+0000] {logging_mixin.py:190} INFO - [2024-10-03T07:04:44.224+0000] {dag.py:4180} INFO - Setting next_dagrun for tutorial_dag to None, run_after=None
[2024-10-03T07:04:44.255+0000] {processor.py:208} INFO - Processing /home/airflow/.local/lib/python3.12/site-packages/airflow/example_dags/tutorial_dag.py took 0.104 seconds
[2024-10-03T07:05:14.946+0000] {processor.py:186} INFO - Started process (PID=1493) to work on /home/airflow/.local/lib/python3.12/site-packages/airflow/example_dags/tutorial_dag.py
[2024-10-03T07:05:14.947+0000] {processor.py:914} INFO - Processing file /home/airflow/.local/lib/python3.12/site-packages/airflow/example_dags/tutorial_dag.py for tasks to queue
[2024-10-03T07:05:14.949+0000] {logging_mixin.py:190} INFO - [2024-10-03T07:05:14.949+0000] {dagbag.py:588} INFO - Filling up the DagBag from /home/airflow/.local/lib/python3.12/site-packages/airflow/example_dags/tutorial_dag.py
[2024-10-03T07:05:14.960+0000] {processor.py:925} INFO - DAG(s) 'tutorial_dag' retrieved from /home/airflow/.local/lib/python3.12/site-packages/airflow/example_dags/tutorial_dag.py
[2024-10-03T07:05:14.992+0000] {logging_mixin.py:190} INFO - [2024-10-03T07:05:14.992+0000] {dag.py:3239} INFO - Sync 1 DAGs
[2024-10-03T07:05:15.011+0000] {logging_mixin.py:190} INFO - [2024-10-03T07:05:15.010+0000] {dag.py:4180} INFO - Setting next_dagrun for tutorial_dag to None, run_after=None
[2024-10-03T07:05:15.044+0000] {processor.py:208} INFO - Processing /home/airflow/.local/lib/python3.12/site-packages/airflow/example_dags/tutorial_dag.py took 0.105 seconds
[2024-10-03T07:07:09.234+0000] {processor.py:186} INFO - Started process (PID=1556) to work on /home/airflow/.local/lib/python3.12/site-packages/airflow/example_dags/tutorial_dag.py
[2024-10-03T07:07:09.236+0000] {processor.py:914} INFO - Processing file /home/airflow/.local/lib/python3.12/site-packages/airflow/example_dags/tutorial_dag.py for tasks to queue
[2024-10-03T07:07:09.238+0000] {logging_mixin.py:190} INFO - [2024-10-03T07:07:09.237+0000] {dagbag.py:588} INFO - Filling up the DagBag from /home/airflow/.local/lib/python3.12/site-packages/airflow/example_dags/tutorial_dag.py
[2024-10-03T07:07:09.249+0000] {processor.py:925} INFO - DAG(s) 'tutorial_dag' retrieved from /home/airflow/.local/lib/python3.12/site-packages/airflow/example_dags/tutorial_dag.py
[2024-10-03T07:07:09.278+0000] {logging_mixin.py:190} INFO - [2024-10-03T07:07:09.278+0000] {dag.py:3239} INFO - Sync 1 DAGs
[2024-10-03T07:07:09.303+0000] {logging_mixin.py:190} INFO - [2024-10-03T07:07:09.303+0000] {dag.py:4180} INFO - Setting next_dagrun for tutorial_dag to None, run_after=None
[2024-10-03T07:07:09.343+0000] {processor.py:208} INFO - Processing /home/airflow/.local/lib/python3.12/site-packages/airflow/example_dags/tutorial_dag.py took 0.118 seconds
[2024-10-03T07:07:39.772+0000] {processor.py:186} INFO - Started process (PID=1619) to work on /home/airflow/.local/lib/python3.12/site-packages/airflow/example_dags/tutorial_dag.py
[2024-10-03T07:07:39.773+0000] {processor.py:914} INFO - Processing file /home/airflow/.local/lib/python3.12/site-packages/airflow/example_dags/tutorial_dag.py for tasks to queue
[2024-10-03T07:07:39.774+0000] {logging_mixin.py:190} INFO - [2024-10-03T07:07:39.774+0000] {dagbag.py:588} INFO - Filling up the DagBag from /home/airflow/.local/lib/python3.12/site-packages/airflow/example_dags/tutorial_dag.py
[2024-10-03T07:07:39.789+0000] {processor.py:925} INFO - DAG(s) 'tutorial_dag' retrieved from /home/airflow/.local/lib/python3.12/site-packages/airflow/example_dags/tutorial_dag.py
[2024-10-03T07:07:39.835+0000] {logging_mixin.py:190} INFO - [2024-10-03T07:07:39.834+0000] {dag.py:3239} INFO - Sync 1 DAGs
[2024-10-03T07:07:39.861+0000] {logging_mixin.py:190} INFO - [2024-10-03T07:07:39.860+0000] {dag.py:4180} INFO - Setting next_dagrun for tutorial_dag to None, run_after=None
[2024-10-03T07:07:39.901+0000] {processor.py:208} INFO - Processing /home/airflow/.local/lib/python3.12/site-packages/airflow/example_dags/tutorial_dag.py took 0.139 seconds
[2024-10-03T07:08:10.189+0000] {processor.py:186} INFO - Started process (PID=1682) to work on /home/airflow/.local/lib/python3.12/site-packages/airflow/example_dags/tutorial_dag.py
[2024-10-03T07:08:10.190+0000] {processor.py:914} INFO - Processing file /home/airflow/.local/lib/python3.12/site-packages/airflow/example_dags/tutorial_dag.py for tasks to queue
[2024-10-03T07:08:10.192+0000] {logging_mixin.py:190} INFO - [2024-10-03T07:08:10.192+0000] {dagbag.py:588} INFO - Filling up the DagBag from /home/airflow/.local/lib/python3.12/site-packages/airflow/example_dags/tutorial_dag.py
[2024-10-03T07:08:10.201+0000] {processor.py:925} INFO - DAG(s) 'tutorial_dag' retrieved from /home/airflow/.local/lib/python3.12/site-packages/airflow/example_dags/tutorial_dag.py
[2024-10-03T07:08:10.229+0000] {logging_mixin.py:190} INFO - [2024-10-03T07:08:10.229+0000] {dag.py:3239} INFO - Sync 1 DAGs
[2024-10-03T07:08:10.251+0000] {logging_mixin.py:190} INFO - [2024-10-03T07:08:10.251+0000] {dag.py:4180} INFO - Setting next_dagrun for tutorial_dag to None, run_after=None
[2024-10-03T07:08:10.279+0000] {processor.py:208} INFO - Processing /home/airflow/.local/lib/python3.12/site-packages/airflow/example_dags/tutorial_dag.py took 0.096 seconds
[2024-10-03T07:08:52.398+0000] {processor.py:186} INFO - Started process (PID=1742) to work on /home/airflow/.local/lib/python3.12/site-packages/airflow/example_dags/tutorial_dag.py
[2024-10-03T07:08:52.400+0000] {processor.py:914} INFO - Processing file /home/airflow/.local/lib/python3.12/site-packages/airflow/example_dags/tutorial_dag.py for tasks to queue
[2024-10-03T07:08:52.402+0000] {logging_mixin.py:190} INFO - [2024-10-03T07:08:52.402+0000] {dagbag.py:588} INFO - Filling up the DagBag from /home/airflow/.local/lib/python3.12/site-packages/airflow/example_dags/tutorial_dag.py
[2024-10-03T07:08:52.411+0000] {processor.py:925} INFO - DAG(s) 'tutorial_dag' retrieved from /home/airflow/.local/lib/python3.12/site-packages/airflow/example_dags/tutorial_dag.py
[2024-10-03T07:08:52.435+0000] {logging_mixin.py:190} INFO - [2024-10-03T07:08:52.435+0000] {dag.py:3239} INFO - Sync 1 DAGs
[2024-10-03T07:08:52.452+0000] {logging_mixin.py:190} INFO - [2024-10-03T07:08:52.451+0000] {dag.py:4180} INFO - Setting next_dagrun for tutorial_dag to None, run_after=None
[2024-10-03T07:08:52.481+0000] {processor.py:208} INFO - Processing /home/airflow/.local/lib/python3.12/site-packages/airflow/example_dags/tutorial_dag.py took 0.089 seconds
[2024-10-03T07:09:23.166+0000] {processor.py:186} INFO - Started process (PID=1805) to work on /home/airflow/.local/lib/python3.12/site-packages/airflow/example_dags/tutorial_dag.py
[2024-10-03T07:09:23.168+0000] {processor.py:914} INFO - Processing file /home/airflow/.local/lib/python3.12/site-packages/airflow/example_dags/tutorial_dag.py for tasks to queue
[2024-10-03T07:09:23.170+0000] {logging_mixin.py:190} INFO - [2024-10-03T07:09:23.170+0000] {dagbag.py:588} INFO - Filling up the DagBag from /home/airflow/.local/lib/python3.12/site-packages/airflow/example_dags/tutorial_dag.py
[2024-10-03T07:09:23.181+0000] {processor.py:925} INFO - DAG(s) 'tutorial_dag' retrieved from /home/airflow/.local/lib/python3.12/site-packages/airflow/example_dags/tutorial_dag.py
[2024-10-03T07:09:23.208+0000] {logging_mixin.py:190} INFO - [2024-10-03T07:09:23.208+0000] {dag.py:3239} INFO - Sync 1 DAGs
[2024-10-03T07:09:23.231+0000] {logging_mixin.py:190} INFO - [2024-10-03T07:09:23.231+0000] {dag.py:4180} INFO - Setting next_dagrun for tutorial_dag to None, run_after=None
[2024-10-03T07:09:23.268+0000] {processor.py:208} INFO - Processing /home/airflow/.local/lib/python3.12/site-packages/airflow/example_dags/tutorial_dag.py took 0.110 seconds
[2024-10-03T07:09:54.376+0000] {processor.py:186} INFO - Started process (PID=1868) to work on /home/airflow/.local/lib/python3.12/site-packages/airflow/example_dags/tutorial_dag.py
[2024-10-03T07:09:54.378+0000] {processor.py:914} INFO - Processing file /home/airflow/.local/lib/python3.12/site-packages/airflow/example_dags/tutorial_dag.py for tasks to queue
[2024-10-03T07:09:54.380+0000] {logging_mixin.py:190} INFO - [2024-10-03T07:09:54.380+0000] {dagbag.py:588} INFO - Filling up the DagBag from /home/airflow/.local/lib/python3.12/site-packages/airflow/example_dags/tutorial_dag.py
[2024-10-03T07:09:54.392+0000] {processor.py:925} INFO - DAG(s) 'tutorial_dag' retrieved from /home/airflow/.local/lib/python3.12/site-packages/airflow/example_dags/tutorial_dag.py
[2024-10-03T07:09:54.430+0000] {logging_mixin.py:190} INFO - [2024-10-03T07:09:54.429+0000] {dag.py:3239} INFO - Sync 1 DAGs
[2024-10-03T07:09:54.454+0000] {logging_mixin.py:190} INFO - [2024-10-03T07:09:54.453+0000] {dag.py:4180} INFO - Setting next_dagrun for tutorial_dag to None, run_after=None
[2024-10-03T07:09:54.487+0000] {processor.py:208} INFO - Processing /home/airflow/.local/lib/python3.12/site-packages/airflow/example_dags/tutorial_dag.py took 0.119 seconds
[2024-10-03T07:10:24.603+0000] {processor.py:186} INFO - Started process (PID=1931) to work on /home/airflow/.local/lib/python3.12/site-packages/airflow/example_dags/tutorial_dag.py
[2024-10-03T07:10:24.605+0000] {processor.py:914} INFO - Processing file /home/airflow/.local/lib/python3.12/site-packages/airflow/example_dags/tutorial_dag.py for tasks to queue
[2024-10-03T07:10:24.607+0000] {logging_mixin.py:190} INFO - [2024-10-03T07:10:24.606+0000] {dagbag.py:588} INFO - Filling up the DagBag from /home/airflow/.local/lib/python3.12/site-packages/airflow/example_dags/tutorial_dag.py
[2024-10-03T07:10:24.614+0000] {processor.py:925} INFO - DAG(s) 'tutorial_dag' retrieved from /home/airflow/.local/lib/python3.12/site-packages/airflow/example_dags/tutorial_dag.py
[2024-10-03T07:10:24.639+0000] {logging_mixin.py:190} INFO - [2024-10-03T07:10:24.639+0000] {dag.py:3239} INFO - Sync 1 DAGs
[2024-10-03T07:10:24.657+0000] {logging_mixin.py:190} INFO - [2024-10-03T07:10:24.657+0000] {dag.py:4180} INFO - Setting next_dagrun for tutorial_dag to None, run_after=None
[2024-10-03T07:10:24.693+0000] {processor.py:208} INFO - Processing /home/airflow/.local/lib/python3.12/site-packages/airflow/example_dags/tutorial_dag.py took 0.097 seconds
[2024-10-03T07:10:54.948+0000] {processor.py:186} INFO - Started process (PID=1994) to work on /home/airflow/.local/lib/python3.12/site-packages/airflow/example_dags/tutorial_dag.py
[2024-10-03T07:10:54.949+0000] {processor.py:914} INFO - Processing file /home/airflow/.local/lib/python3.12/site-packages/airflow/example_dags/tutorial_dag.py for tasks to queue
[2024-10-03T07:10:54.951+0000] {logging_mixin.py:190} INFO - [2024-10-03T07:10:54.950+0000] {dagbag.py:588} INFO - Filling up the DagBag from /home/airflow/.local/lib/python3.12/site-packages/airflow/example_dags/tutorial_dag.py
[2024-10-03T07:10:54.958+0000] {processor.py:925} INFO - DAG(s) 'tutorial_dag' retrieved from /home/airflow/.local/lib/python3.12/site-packages/airflow/example_dags/tutorial_dag.py
[2024-10-03T07:10:54.980+0000] {logging_mixin.py:190} INFO - [2024-10-03T07:10:54.980+0000] {dag.py:3239} INFO - Sync 1 DAGs
[2024-10-03T07:10:54.997+0000] {logging_mixin.py:190} INFO - [2024-10-03T07:10:54.996+0000] {dag.py:4180} INFO - Setting next_dagrun for tutorial_dag to None, run_after=None
[2024-10-03T07:10:55.029+0000] {processor.py:208} INFO - Processing /home/airflow/.local/lib/python3.12/site-packages/airflow/example_dags/tutorial_dag.py took 0.087 seconds
[2024-10-03T07:11:25.437+0000] {processor.py:186} INFO - Started process (PID=2057) to work on /home/airflow/.local/lib/python3.12/site-packages/airflow/example_dags/tutorial_dag.py
[2024-10-03T07:11:25.439+0000] {processor.py:914} INFO - Processing file /home/airflow/.local/lib/python3.12/site-packages/airflow/example_dags/tutorial_dag.py for tasks to queue
[2024-10-03T07:11:25.441+0000] {logging_mixin.py:190} INFO - [2024-10-03T07:11:25.440+0000] {dagbag.py:588} INFO - Filling up the DagBag from /home/airflow/.local/lib/python3.12/site-packages/airflow/example_dags/tutorial_dag.py
[2024-10-03T07:11:25.449+0000] {processor.py:925} INFO - DAG(s) 'tutorial_dag' retrieved from /home/airflow/.local/lib/python3.12/site-packages/airflow/example_dags/tutorial_dag.py
[2024-10-03T07:11:25.470+0000] {logging_mixin.py:190} INFO - [2024-10-03T07:11:25.470+0000] {dag.py:3239} INFO - Sync 1 DAGs
[2024-10-03T07:11:25.488+0000] {logging_mixin.py:190} INFO - [2024-10-03T07:11:25.488+0000] {dag.py:4180} INFO - Setting next_dagrun for tutorial_dag to None, run_after=None
[2024-10-03T07:11:25.514+0000] {processor.py:208} INFO - Processing /home/airflow/.local/lib/python3.12/site-packages/airflow/example_dags/tutorial_dag.py took 0.084 seconds
[2024-10-03T07:11:56.486+0000] {processor.py:186} INFO - Started process (PID=2120) to work on /home/airflow/.local/lib/python3.12/site-packages/airflow/example_dags/tutorial_dag.py
[2024-10-03T07:11:56.487+0000] {processor.py:914} INFO - Processing file /home/airflow/.local/lib/python3.12/site-packages/airflow/example_dags/tutorial_dag.py for tasks to queue
[2024-10-03T07:11:56.489+0000] {logging_mixin.py:190} INFO - [2024-10-03T07:11:56.489+0000] {dagbag.py:588} INFO - Filling up the DagBag from /home/airflow/.local/lib/python3.12/site-packages/airflow/example_dags/tutorial_dag.py
[2024-10-03T07:11:56.498+0000] {processor.py:925} INFO - DAG(s) 'tutorial_dag' retrieved from /home/airflow/.local/lib/python3.12/site-packages/airflow/example_dags/tutorial_dag.py
[2024-10-03T07:11:56.560+0000] {logging_mixin.py:190} INFO - [2024-10-03T07:11:56.559+0000] {dag.py:3239} INFO - Sync 1 DAGs
[2024-10-03T07:11:56.602+0000] {logging_mixin.py:190} INFO - [2024-10-03T07:11:56.601+0000] {dag.py:4180} INFO - Setting next_dagrun for tutorial_dag to None, run_after=None
[2024-10-03T07:11:56.650+0000] {processor.py:208} INFO - Processing /home/airflow/.local/lib/python3.12/site-packages/airflow/example_dags/tutorial_dag.py took 0.170 seconds
[2024-10-03T07:12:27.203+0000] {processor.py:186} INFO - Started process (PID=2183) to work on /home/airflow/.local/lib/python3.12/site-packages/airflow/example_dags/tutorial_dag.py
[2024-10-03T07:12:27.205+0000] {processor.py:914} INFO - Processing file /home/airflow/.local/lib/python3.12/site-packages/airflow/example_dags/tutorial_dag.py for tasks to queue
[2024-10-03T07:12:27.207+0000] {logging_mixin.py:190} INFO - [2024-10-03T07:12:27.207+0000] {dagbag.py:588} INFO - Filling up the DagBag from /home/airflow/.local/lib/python3.12/site-packages/airflow/example_dags/tutorial_dag.py
[2024-10-03T07:12:27.216+0000] {processor.py:925} INFO - DAG(s) 'tutorial_dag' retrieved from /home/airflow/.local/lib/python3.12/site-packages/airflow/example_dags/tutorial_dag.py
[2024-10-03T07:12:27.242+0000] {logging_mixin.py:190} INFO - [2024-10-03T07:12:27.242+0000] {dag.py:3239} INFO - Sync 1 DAGs
[2024-10-03T07:12:27.259+0000] {logging_mixin.py:190} INFO - [2024-10-03T07:12:27.259+0000] {dag.py:4180} INFO - Setting next_dagrun for tutorial_dag to None, run_after=None
[2024-10-03T07:12:27.288+0000] {processor.py:208} INFO - Processing /home/airflow/.local/lib/python3.12/site-packages/airflow/example_dags/tutorial_dag.py took 0.092 seconds
[2024-10-03T07:12:58.899+0000] {processor.py:186} INFO - Started process (PID=2246) to work on /home/airflow/.local/lib/python3.12/site-packages/airflow/example_dags/tutorial_dag.py
[2024-10-03T07:12:58.900+0000] {processor.py:914} INFO - Processing file /home/airflow/.local/lib/python3.12/site-packages/airflow/example_dags/tutorial_dag.py for tasks to queue
[2024-10-03T07:12:58.902+0000] {logging_mixin.py:190} INFO - [2024-10-03T07:12:58.902+0000] {dagbag.py:588} INFO - Filling up the DagBag from /home/airflow/.local/lib/python3.12/site-packages/airflow/example_dags/tutorial_dag.py
[2024-10-03T07:12:58.910+0000] {processor.py:925} INFO - DAG(s) 'tutorial_dag' retrieved from /home/airflow/.local/lib/python3.12/site-packages/airflow/example_dags/tutorial_dag.py
[2024-10-03T07:12:58.935+0000] {logging_mixin.py:190} INFO - [2024-10-03T07:12:58.935+0000] {dag.py:3239} INFO - Sync 1 DAGs
[2024-10-03T07:12:58.957+0000] {logging_mixin.py:190} INFO - [2024-10-03T07:12:58.957+0000] {dag.py:4180} INFO - Setting next_dagrun for tutorial_dag to None, run_after=None
[2024-10-03T07:12:58.987+0000] {processor.py:208} INFO - Processing /home/airflow/.local/lib/python3.12/site-packages/airflow/example_dags/tutorial_dag.py took 0.094 seconds
[2024-10-03T07:13:29.392+0000] {processor.py:186} INFO - Started process (PID=2309) to work on /home/airflow/.local/lib/python3.12/site-packages/airflow/example_dags/tutorial_dag.py
[2024-10-03T07:13:29.394+0000] {processor.py:914} INFO - Processing file /home/airflow/.local/lib/python3.12/site-packages/airflow/example_dags/tutorial_dag.py for tasks to queue
[2024-10-03T07:13:29.395+0000] {logging_mixin.py:190} INFO - [2024-10-03T07:13:29.395+0000] {dagbag.py:588} INFO - Filling up the DagBag from /home/airflow/.local/lib/python3.12/site-packages/airflow/example_dags/tutorial_dag.py
[2024-10-03T07:13:29.407+0000] {processor.py:925} INFO - DAG(s) 'tutorial_dag' retrieved from /home/airflow/.local/lib/python3.12/site-packages/airflow/example_dags/tutorial_dag.py
[2024-10-03T07:13:29.439+0000] {logging_mixin.py:190} INFO - [2024-10-03T07:13:29.439+0000] {dag.py:3239} INFO - Sync 1 DAGs
[2024-10-03T07:13:29.461+0000] {logging_mixin.py:190} INFO - [2024-10-03T07:13:29.460+0000] {dag.py:4180} INFO - Setting next_dagrun for tutorial_dag to None, run_after=None
[2024-10-03T07:13:29.495+0000] {processor.py:208} INFO - Processing /home/airflow/.local/lib/python3.12/site-packages/airflow/example_dags/tutorial_dag.py took 0.110 seconds
[2024-10-03T07:14:01.963+0000] {processor.py:186} INFO - Started process (PID=2372) to work on /home/airflow/.local/lib/python3.12/site-packages/airflow/example_dags/tutorial_dag.py
[2024-10-03T07:14:01.965+0000] {processor.py:914} INFO - Processing file /home/airflow/.local/lib/python3.12/site-packages/airflow/example_dags/tutorial_dag.py for tasks to queue
[2024-10-03T07:14:01.968+0000] {logging_mixin.py:190} INFO - [2024-10-03T07:14:01.967+0000] {dagbag.py:588} INFO - Filling up the DagBag from /home/airflow/.local/lib/python3.12/site-packages/airflow/example_dags/tutorial_dag.py
[2024-10-03T07:14:01.983+0000] {processor.py:925} INFO - DAG(s) 'tutorial_dag' retrieved from /home/airflow/.local/lib/python3.12/site-packages/airflow/example_dags/tutorial_dag.py
[2024-10-03T07:14:02.029+0000] {logging_mixin.py:190} INFO - [2024-10-03T07:14:02.029+0000] {dag.py:3239} INFO - Sync 1 DAGs
[2024-10-03T07:14:02.058+0000] {logging_mixin.py:190} INFO - [2024-10-03T07:14:02.058+0000] {dag.py:4180} INFO - Setting next_dagrun for tutorial_dag to None, run_after=None
[2024-10-03T07:14:02.108+0000] {processor.py:208} INFO - Processing /home/airflow/.local/lib/python3.12/site-packages/airflow/example_dags/tutorial_dag.py took 0.156 seconds
[2024-10-03T07:14:32.642+0000] {processor.py:186} INFO - Started process (PID=2435) to work on /home/airflow/.local/lib/python3.12/site-packages/airflow/example_dags/tutorial_dag.py
[2024-10-03T07:14:32.643+0000] {processor.py:914} INFO - Processing file /home/airflow/.local/lib/python3.12/site-packages/airflow/example_dags/tutorial_dag.py for tasks to queue
[2024-10-03T07:14:32.646+0000] {logging_mixin.py:190} INFO - [2024-10-03T07:14:32.645+0000] {dagbag.py:588} INFO - Filling up the DagBag from /home/airflow/.local/lib/python3.12/site-packages/airflow/example_dags/tutorial_dag.py
[2024-10-03T07:14:32.660+0000] {processor.py:925} INFO - DAG(s) 'tutorial_dag' retrieved from /home/airflow/.local/lib/python3.12/site-packages/airflow/example_dags/tutorial_dag.py
[2024-10-03T07:14:32.690+0000] {logging_mixin.py:190} INFO - [2024-10-03T07:14:32.690+0000] {dag.py:3239} INFO - Sync 1 DAGs
[2024-10-03T07:14:32.709+0000] {logging_mixin.py:190} INFO - [2024-10-03T07:14:32.709+0000] {dag.py:4180} INFO - Setting next_dagrun for tutorial_dag to None, run_after=None
[2024-10-03T07:14:32.742+0000] {processor.py:208} INFO - Processing /home/airflow/.local/lib/python3.12/site-packages/airflow/example_dags/tutorial_dag.py took 0.112 seconds
[2024-10-03T07:15:03.259+0000] {processor.py:186} INFO - Started process (PID=2498) to work on /home/airflow/.local/lib/python3.12/site-packages/airflow/example_dags/tutorial_dag.py
[2024-10-03T07:15:03.260+0000] {processor.py:914} INFO - Processing file /home/airflow/.local/lib/python3.12/site-packages/airflow/example_dags/tutorial_dag.py for tasks to queue
[2024-10-03T07:15:03.262+0000] {logging_mixin.py:190} INFO - [2024-10-03T07:15:03.262+0000] {dagbag.py:588} INFO - Filling up the DagBag from /home/airflow/.local/lib/python3.12/site-packages/airflow/example_dags/tutorial_dag.py
[2024-10-03T07:15:03.270+0000] {processor.py:925} INFO - DAG(s) 'tutorial_dag' retrieved from /home/airflow/.local/lib/python3.12/site-packages/airflow/example_dags/tutorial_dag.py
[2024-10-03T07:15:03.296+0000] {logging_mixin.py:190} INFO - [2024-10-03T07:15:03.296+0000] {dag.py:3239} INFO - Sync 1 DAGs
[2024-10-03T07:15:03.317+0000] {logging_mixin.py:190} INFO - [2024-10-03T07:15:03.317+0000] {dag.py:4180} INFO - Setting next_dagrun for tutorial_dag to None, run_after=None
[2024-10-03T07:15:03.348+0000] {processor.py:208} INFO - Processing /home/airflow/.local/lib/python3.12/site-packages/airflow/example_dags/tutorial_dag.py took 0.095 seconds
[2024-10-03T07:15:33.959+0000] {processor.py:186} INFO - Started process (PID=2561) to work on /home/airflow/.local/lib/python3.12/site-packages/airflow/example_dags/tutorial_dag.py
[2024-10-03T07:15:33.960+0000] {processor.py:914} INFO - Processing file /home/airflow/.local/lib/python3.12/site-packages/airflow/example_dags/tutorial_dag.py for tasks to queue
[2024-10-03T07:15:33.962+0000] {logging_mixin.py:190} INFO - [2024-10-03T07:15:33.962+0000] {dagbag.py:588} INFO - Filling up the DagBag from /home/airflow/.local/lib/python3.12/site-packages/airflow/example_dags/tutorial_dag.py
[2024-10-03T07:15:33.970+0000] {processor.py:925} INFO - DAG(s) 'tutorial_dag' retrieved from /home/airflow/.local/lib/python3.12/site-packages/airflow/example_dags/tutorial_dag.py
[2024-10-03T07:15:33.995+0000] {logging_mixin.py:190} INFO - [2024-10-03T07:15:33.995+0000] {dag.py:3239} INFO - Sync 1 DAGs
[2024-10-03T07:15:34.014+0000] {logging_mixin.py:190} INFO - [2024-10-03T07:15:34.014+0000] {dag.py:4180} INFO - Setting next_dagrun for tutorial_dag to None, run_after=None
[2024-10-03T07:15:34.045+0000] {processor.py:208} INFO - Processing /home/airflow/.local/lib/python3.12/site-packages/airflow/example_dags/tutorial_dag.py took 0.094 seconds
[2024-10-03T07:16:04.802+0000] {processor.py:186} INFO - Started process (PID=2624) to work on /home/airflow/.local/lib/python3.12/site-packages/airflow/example_dags/tutorial_dag.py
[2024-10-03T07:16:04.803+0000] {processor.py:914} INFO - Processing file /home/airflow/.local/lib/python3.12/site-packages/airflow/example_dags/tutorial_dag.py for tasks to queue
[2024-10-03T07:16:04.805+0000] {logging_mixin.py:190} INFO - [2024-10-03T07:16:04.805+0000] {dagbag.py:588} INFO - Filling up the DagBag from /home/airflow/.local/lib/python3.12/site-packages/airflow/example_dags/tutorial_dag.py
[2024-10-03T07:16:04.815+0000] {processor.py:925} INFO - DAG(s) 'tutorial_dag' retrieved from /home/airflow/.local/lib/python3.12/site-packages/airflow/example_dags/tutorial_dag.py
[2024-10-03T07:16:04.840+0000] {logging_mixin.py:190} INFO - [2024-10-03T07:16:04.840+0000] {dag.py:3239} INFO - Sync 1 DAGs
[2024-10-03T07:16:04.857+0000] {logging_mixin.py:190} INFO - [2024-10-03T07:16:04.856+0000] {dag.py:4180} INFO - Setting next_dagrun for tutorial_dag to None, run_after=None
[2024-10-03T07:16:04.881+0000] {processor.py:208} INFO - Processing /home/airflow/.local/lib/python3.12/site-packages/airflow/example_dags/tutorial_dag.py took 0.084 seconds
[2024-10-03T07:16:35.987+0000] {processor.py:186} INFO - Started process (PID=2687) to work on /home/airflow/.local/lib/python3.12/site-packages/airflow/example_dags/tutorial_dag.py
[2024-10-03T07:16:35.989+0000] {processor.py:914} INFO - Processing file /home/airflow/.local/lib/python3.12/site-packages/airflow/example_dags/tutorial_dag.py for tasks to queue
[2024-10-03T07:16:35.992+0000] {logging_mixin.py:190} INFO - [2024-10-03T07:16:35.991+0000] {dagbag.py:588} INFO - Filling up the DagBag from /home/airflow/.local/lib/python3.12/site-packages/airflow/example_dags/tutorial_dag.py
[2024-10-03T07:16:36.005+0000] {processor.py:925} INFO - DAG(s) 'tutorial_dag' retrieved from /home/airflow/.local/lib/python3.12/site-packages/airflow/example_dags/tutorial_dag.py
[2024-10-03T07:16:36.043+0000] {logging_mixin.py:190} INFO - [2024-10-03T07:16:36.042+0000] {dag.py:3239} INFO - Sync 1 DAGs
[2024-10-03T07:16:36.076+0000] {logging_mixin.py:190} INFO - [2024-10-03T07:16:36.075+0000] {dag.py:4180} INFO - Setting next_dagrun for tutorial_dag to None, run_after=None
[2024-10-03T07:16:36.117+0000] {processor.py:208} INFO - Processing /home/airflow/.local/lib/python3.12/site-packages/airflow/example_dags/tutorial_dag.py took 0.138 seconds
[2024-10-03T07:17:06.344+0000] {processor.py:186} INFO - Started process (PID=2750) to work on /home/airflow/.local/lib/python3.12/site-packages/airflow/example_dags/tutorial_dag.py
[2024-10-03T07:17:06.346+0000] {processor.py:914} INFO - Processing file /home/airflow/.local/lib/python3.12/site-packages/airflow/example_dags/tutorial_dag.py for tasks to queue
[2024-10-03T07:17:06.348+0000] {logging_mixin.py:190} INFO - [2024-10-03T07:17:06.347+0000] {dagbag.py:588} INFO - Filling up the DagBag from /home/airflow/.local/lib/python3.12/site-packages/airflow/example_dags/tutorial_dag.py
[2024-10-03T07:17:06.355+0000] {processor.py:925} INFO - DAG(s) 'tutorial_dag' retrieved from /home/airflow/.local/lib/python3.12/site-packages/airflow/example_dags/tutorial_dag.py
[2024-10-03T07:17:06.379+0000] {logging_mixin.py:190} INFO - [2024-10-03T07:17:06.379+0000] {dag.py:3239} INFO - Sync 1 DAGs
[2024-10-03T07:17:06.395+0000] {logging_mixin.py:190} INFO - [2024-10-03T07:17:06.395+0000] {dag.py:4180} INFO - Setting next_dagrun for tutorial_dag to None, run_after=None
[2024-10-03T07:17:06.423+0000] {processor.py:208} INFO - Processing /home/airflow/.local/lib/python3.12/site-packages/airflow/example_dags/tutorial_dag.py took 0.085 seconds
[2024-10-03T07:17:36.936+0000] {processor.py:186} INFO - Started process (PID=2811) to work on /home/airflow/.local/lib/python3.12/site-packages/airflow/example_dags/tutorial_dag.py
[2024-10-03T07:17:36.938+0000] {processor.py:914} INFO - Processing file /home/airflow/.local/lib/python3.12/site-packages/airflow/example_dags/tutorial_dag.py for tasks to queue
[2024-10-03T07:17:36.940+0000] {logging_mixin.py:190} INFO - [2024-10-03T07:17:36.939+0000] {dagbag.py:588} INFO - Filling up the DagBag from /home/airflow/.local/lib/python3.12/site-packages/airflow/example_dags/tutorial_dag.py
[2024-10-03T07:17:36.947+0000] {processor.py:925} INFO - DAG(s) 'tutorial_dag' retrieved from /home/airflow/.local/lib/python3.12/site-packages/airflow/example_dags/tutorial_dag.py
[2024-10-03T07:17:36.971+0000] {logging_mixin.py:190} INFO - [2024-10-03T07:17:36.971+0000] {dag.py:3239} INFO - Sync 1 DAGs
[2024-10-03T07:17:36.986+0000] {logging_mixin.py:190} INFO - [2024-10-03T07:17:36.986+0000] {dag.py:4180} INFO - Setting next_dagrun for tutorial_dag to None, run_after=None
[2024-10-03T07:17:37.009+0000] {processor.py:208} INFO - Processing /home/airflow/.local/lib/python3.12/site-packages/airflow/example_dags/tutorial_dag.py took 0.079 seconds
[2024-10-03T07:18:07.700+0000] {processor.py:186} INFO - Started process (PID=2874) to work on /home/airflow/.local/lib/python3.12/site-packages/airflow/example_dags/tutorial_dag.py
[2024-10-03T07:18:07.702+0000] {processor.py:914} INFO - Processing file /home/airflow/.local/lib/python3.12/site-packages/airflow/example_dags/tutorial_dag.py for tasks to queue
[2024-10-03T07:18:07.704+0000] {logging_mixin.py:190} INFO - [2024-10-03T07:18:07.703+0000] {dagbag.py:588} INFO - Filling up the DagBag from /home/airflow/.local/lib/python3.12/site-packages/airflow/example_dags/tutorial_dag.py
[2024-10-03T07:18:07.714+0000] {processor.py:925} INFO - DAG(s) 'tutorial_dag' retrieved from /home/airflow/.local/lib/python3.12/site-packages/airflow/example_dags/tutorial_dag.py
[2024-10-03T07:18:07.740+0000] {logging_mixin.py:190} INFO - [2024-10-03T07:18:07.740+0000] {dag.py:3239} INFO - Sync 1 DAGs
[2024-10-03T07:18:07.758+0000] {logging_mixin.py:190} INFO - [2024-10-03T07:18:07.758+0000] {dag.py:4180} INFO - Setting next_dagrun for tutorial_dag to None, run_after=None
[2024-10-03T07:18:07.791+0000] {processor.py:208} INFO - Processing /home/airflow/.local/lib/python3.12/site-packages/airflow/example_dags/tutorial_dag.py took 0.096 seconds
[2024-10-03T07:18:38.286+0000] {processor.py:186} INFO - Started process (PID=2936) to work on /home/airflow/.local/lib/python3.12/site-packages/airflow/example_dags/tutorial_dag.py
[2024-10-03T07:18:38.287+0000] {processor.py:914} INFO - Processing file /home/airflow/.local/lib/python3.12/site-packages/airflow/example_dags/tutorial_dag.py for tasks to queue
[2024-10-03T07:18:38.289+0000] {logging_mixin.py:190} INFO - [2024-10-03T07:18:38.289+0000] {dagbag.py:588} INFO - Filling up the DagBag from /home/airflow/.local/lib/python3.12/site-packages/airflow/example_dags/tutorial_dag.py
[2024-10-03T07:18:38.298+0000] {processor.py:925} INFO - DAG(s) 'tutorial_dag' retrieved from /home/airflow/.local/lib/python3.12/site-packages/airflow/example_dags/tutorial_dag.py
[2024-10-03T07:18:38.327+0000] {logging_mixin.py:190} INFO - [2024-10-03T07:18:38.326+0000] {dag.py:3239} INFO - Sync 1 DAGs
[2024-10-03T07:18:38.344+0000] {logging_mixin.py:190} INFO - [2024-10-03T07:18:38.344+0000] {dag.py:4180} INFO - Setting next_dagrun for tutorial_dag to None, run_after=None
[2024-10-03T07:18:38.373+0000] {processor.py:208} INFO - Processing /home/airflow/.local/lib/python3.12/site-packages/airflow/example_dags/tutorial_dag.py took 0.095 seconds
